[2025-03-13T12:00:03.552+0000] {local_task_job_runner.py:123} INFO - ::group::Pre task execution logs
[2025-03-13T12:00:03.568+0000] {taskinstance.py:2614} INFO - Dependencies all met for dep_context=non-requeueable deps ti=<TaskInstance: pipeline_edi.process_txt_to_postgres manual__2025-03-13T12:00:01.215230+00:00 [queued]>
[2025-03-13T12:00:03.574+0000] {taskinstance.py:2614} INFO - Dependencies all met for dep_context=requeueable deps ti=<TaskInstance: pipeline_edi.process_txt_to_postgres manual__2025-03-13T12:00:01.215230+00:00 [queued]>
[2025-03-13T12:00:03.575+0000] {taskinstance.py:2867} INFO - Starting attempt 1 of 1
[2025-03-13T12:00:03.589+0000] {taskinstance.py:2890} INFO - Executing <Task(PythonOperator): process_txt_to_postgres> on 2025-03-13 12:00:01.215230+00:00
[2025-03-13T12:00:03.596+0000] {warnings.py:112} WARNING - /home/***/.local/lib/python3.12/site-packages/***/task/task_runner/standard_task_runner.py:70: DeprecationWarning: This process (pid=71) is multi-threaded, use of fork() may lead to deadlocks in the child.
  pid = os.fork()

[2025-03-13T12:00:03.597+0000] {standard_task_runner.py:72} INFO - Started process 73 to run task
[2025-03-13T12:00:03.597+0000] {standard_task_runner.py:104} INFO - Running: ['***', 'tasks', 'run', 'pipeline_edi', 'process_txt_to_postgres', 'manual__2025-03-13T12:00:01.215230+00:00', '--job-id', '16', '--raw', '--subdir', 'DAGS_FOLDER/pipeline_edi.py', '--cfg-path', '/tmp/tmp9p2rkfcz']
[2025-03-13T12:00:03.598+0000] {standard_task_runner.py:105} INFO - Job 16: Subtask process_txt_to_postgres
[2025-03-13T12:00:03.808+0000] {task_command.py:467} INFO - Running <TaskInstance: pipeline_edi.process_txt_to_postgres manual__2025-03-13T12:00:01.215230+00:00 [running]> on host ef4eed7c0d22
[2025-03-13T12:00:03.880+0000] {taskinstance.py:3134} INFO - Exporting env vars: AIRFLOW_CTX_DAG_OWNER='user' AIRFLOW_CTX_DAG_ID='pipeline_edi' AIRFLOW_CTX_TASK_ID='process_txt_to_postgres' AIRFLOW_CTX_EXECUTION_DATE='2025-03-13T12:00:01.215230+00:00' AIRFLOW_CTX_TRY_NUMBER='1' AIRFLOW_CTX_DAG_RUN_ID='manual__2025-03-13T12:00:01.215230+00:00'
[2025-03-13T12:00:03.881+0000] {logging_mixin.py:190} INFO - Task instance is in running state
[2025-03-13T12:00:03.882+0000] {logging_mixin.py:190} INFO -  Previous state of the Task instance: queued
[2025-03-13T12:00:03.882+0000] {logging_mixin.py:190} INFO - Current task name:process_txt_to_postgres state:running start_date:2025-03-13 12:00:03.568572+00:00
[2025-03-13T12:00:03.882+0000] {logging_mixin.py:190} INFO - Dag name:pipeline_edi and current dag run status:running
[2025-03-13T12:00:03.882+0000] {taskinstance.py:732} INFO - ::endgroup::
[2025-03-13T12:00:03.900+0000] {python.py:240} INFO - Done. Returned value was: None
[2025-03-13T12:00:03.910+0000] {taskinstance.py:341} INFO - ::group::Post task execution logs
[2025-03-13T12:00:03.910+0000] {taskinstance.py:353} INFO - Marking task as SUCCESS. dag_id=pipeline_edi, task_id=process_txt_to_postgres, run_id=manual__2025-03-13T12:00:01.215230+00:00, execution_date=20250313T120001, start_date=20250313T120003, end_date=20250313T120003
[2025-03-13T12:00:03.934+0000] {logging_mixin.py:190} INFO - Task instance in success state
[2025-03-13T12:00:03.934+0000] {logging_mixin.py:190} INFO -  Previous state of the Task instance: running
[2025-03-13T12:00:03.934+0000] {logging_mixin.py:190} INFO - Dag name:pipeline_edi queued_at:2025-03-13 12:00:01.239303+00:00
[2025-03-13T12:00:03.935+0000] {logging_mixin.py:190} INFO - Task hostname:ef4eed7c0d22 operator:PythonOperator
[2025-03-13T12:00:03.971+0000] {local_task_job_runner.py:266} INFO - Task exited with return code 0
[2025-03-13T12:00:04.115+0000] {taskinstance.py:3901} INFO - 0 downstream tasks scheduled from follow-on schedule check
[2025-03-13T12:00:04.119+0000] {local_task_job_runner.py:245} INFO - ::endgroup::
