[2025-03-12T20:46:24.991+0000] {processor.py:186} INFO - Started process (PID=72) to work on /home/airflow/.local/lib/python3.12/site-packages/airflow/example_dags/example_external_task_marker_dag.py
[2025-03-12T20:46:24.992+0000] {processor.py:914} INFO - Processing file /home/airflow/.local/lib/python3.12/site-packages/airflow/example_dags/example_external_task_marker_dag.py for tasks to queue
[2025-03-12T20:46:24.993+0000] {logging_mixin.py:190} INFO - [2025-03-12T20:46:24.993+0000] {dagbag.py:588} INFO - Filling up the DagBag from /home/airflow/.local/lib/python3.12/site-packages/airflow/example_dags/example_external_task_marker_dag.py
[2025-03-12T20:46:25.000+0000] {processor.py:925} INFO - DAG(s) 'example_external_task_marker_child', 'example_external_task_marker_parent' retrieved from /home/airflow/.local/lib/python3.12/site-packages/airflow/example_dags/example_external_task_marker_dag.py
[2025-03-12T20:46:25.072+0000] {logging_mixin.py:190} INFO - [2025-03-12T20:46:25.072+0000] {override.py:1912} INFO - Created Permission View: can edit on DAG:example_external_task_marker_child
[2025-03-12T20:46:25.080+0000] {logging_mixin.py:190} INFO - [2025-03-12T20:46:25.079+0000] {override.py:1912} INFO - Created Permission View: can read on DAG:example_external_task_marker_child
[2025-03-12T20:46:25.085+0000] {logging_mixin.py:190} INFO - [2025-03-12T20:46:25.085+0000] {override.py:1912} INFO - Created Permission View: can delete on DAG:example_external_task_marker_child
[2025-03-12T20:46:25.090+0000] {logging_mixin.py:190} INFO - [2025-03-12T20:46:25.090+0000] {override.py:1912} INFO - Created Permission View: menu access on DAG Run:example_external_task_marker_child
[2025-03-12T20:46:25.097+0000] {logging_mixin.py:190} INFO - [2025-03-12T20:46:25.096+0000] {override.py:1912} INFO - Created Permission View: can create on DAG Run:example_external_task_marker_child
[2025-03-12T20:46:25.101+0000] {logging_mixin.py:190} INFO - [2025-03-12T20:46:25.101+0000] {override.py:1912} INFO - Created Permission View: can read on DAG Run:example_external_task_marker_child
[2025-03-12T20:46:25.107+0000] {logging_mixin.py:190} INFO - [2025-03-12T20:46:25.106+0000] {override.py:1912} INFO - Created Permission View: can delete on DAG Run:example_external_task_marker_child
[2025-03-12T20:46:25.116+0000] {logging_mixin.py:190} INFO - [2025-03-12T20:46:25.115+0000] {override.py:1912} INFO - Created Permission View: can edit on DAG:example_external_task_marker_parent
[2025-03-12T20:46:25.120+0000] {logging_mixin.py:190} INFO - [2025-03-12T20:46:25.120+0000] {override.py:1912} INFO - Created Permission View: can read on DAG:example_external_task_marker_parent
[2025-03-12T20:46:25.125+0000] {logging_mixin.py:190} INFO - [2025-03-12T20:46:25.125+0000] {override.py:1912} INFO - Created Permission View: can delete on DAG:example_external_task_marker_parent
[2025-03-12T20:46:25.130+0000] {logging_mixin.py:190} INFO - [2025-03-12T20:46:25.130+0000] {override.py:1912} INFO - Created Permission View: menu access on DAG Run:example_external_task_marker_parent
[2025-03-12T20:46:25.135+0000] {logging_mixin.py:190} INFO - [2025-03-12T20:46:25.135+0000] {override.py:1912} INFO - Created Permission View: can create on DAG Run:example_external_task_marker_parent
[2025-03-12T20:46:25.140+0000] {logging_mixin.py:190} INFO - [2025-03-12T20:46:25.139+0000] {override.py:1912} INFO - Created Permission View: can read on DAG Run:example_external_task_marker_parent
[2025-03-12T20:46:25.145+0000] {logging_mixin.py:190} INFO - [2025-03-12T20:46:25.145+0000] {override.py:1912} INFO - Created Permission View: can delete on DAG Run:example_external_task_marker_parent
[2025-03-12T20:46:25.145+0000] {logging_mixin.py:190} INFO - [2025-03-12T20:46:25.145+0000] {dag.py:3239} INFO - Sync 2 DAGs
[2025-03-12T20:46:25.157+0000] {logging_mixin.py:190} INFO - [2025-03-12T20:46:25.157+0000] {dag.py:3262} INFO - Creating ORM DAG for example_external_task_marker_child
[2025-03-12T20:46:25.158+0000] {logging_mixin.py:190} INFO - [2025-03-12T20:46:25.157+0000] {dag.py:3262} INFO - Creating ORM DAG for example_external_task_marker_parent
[2025-03-12T20:46:25.158+0000] {logging_mixin.py:190} INFO - [2025-03-12T20:46:25.158+0000] {dag.py:4180} INFO - Setting next_dagrun for example_external_task_marker_child to None, run_after=None
[2025-03-12T20:46:25.159+0000] {logging_mixin.py:190} INFO - [2025-03-12T20:46:25.158+0000] {dag.py:4180} INFO - Setting next_dagrun for example_external_task_marker_parent to None, run_after=None
[2025-03-12T20:46:25.173+0000] {processor.py:208} INFO - Processing /home/airflow/.local/lib/python3.12/site-packages/airflow/example_dags/example_external_task_marker_dag.py took 0.187 seconds
[2025-03-12T20:46:55.366+0000] {processor.py:186} INFO - Started process (PID=135) to work on /home/airflow/.local/lib/python3.12/site-packages/airflow/example_dags/example_external_task_marker_dag.py
[2025-03-12T20:46:55.367+0000] {processor.py:914} INFO - Processing file /home/airflow/.local/lib/python3.12/site-packages/airflow/example_dags/example_external_task_marker_dag.py for tasks to queue
[2025-03-12T20:46:55.369+0000] {logging_mixin.py:190} INFO - [2025-03-12T20:46:55.369+0000] {dagbag.py:588} INFO - Filling up the DagBag from /home/airflow/.local/lib/python3.12/site-packages/airflow/example_dags/example_external_task_marker_dag.py
[2025-03-12T20:46:55.377+0000] {processor.py:925} INFO - DAG(s) 'example_external_task_marker_parent', 'example_external_task_marker_child' retrieved from /home/airflow/.local/lib/python3.12/site-packages/airflow/example_dags/example_external_task_marker_dag.py
[2025-03-12T20:46:55.400+0000] {logging_mixin.py:190} INFO - [2025-03-12T20:46:55.399+0000] {dag.py:3239} INFO - Sync 2 DAGs
[2025-03-12T20:46:55.410+0000] {logging_mixin.py:190} INFO - [2025-03-12T20:46:55.410+0000] {dag.py:4180} INFO - Setting next_dagrun for example_external_task_marker_child to None, run_after=None
[2025-03-12T20:46:55.414+0000] {logging_mixin.py:190} INFO - [2025-03-12T20:46:55.414+0000] {dag.py:4180} INFO - Setting next_dagrun for example_external_task_marker_parent to None, run_after=None
[2025-03-12T20:46:55.430+0000] {processor.py:208} INFO - Processing /home/airflow/.local/lib/python3.12/site-packages/airflow/example_dags/example_external_task_marker_dag.py took 0.069 seconds
[2025-03-12T20:47:26.143+0000] {processor.py:186} INFO - Started process (PID=198) to work on /home/airflow/.local/lib/python3.12/site-packages/airflow/example_dags/example_external_task_marker_dag.py
[2025-03-12T20:47:26.144+0000] {processor.py:914} INFO - Processing file /home/airflow/.local/lib/python3.12/site-packages/airflow/example_dags/example_external_task_marker_dag.py for tasks to queue
[2025-03-12T20:47:26.146+0000] {logging_mixin.py:190} INFO - [2025-03-12T20:47:26.146+0000] {dagbag.py:588} INFO - Filling up the DagBag from /home/airflow/.local/lib/python3.12/site-packages/airflow/example_dags/example_external_task_marker_dag.py
[2025-03-12T20:47:26.151+0000] {processor.py:925} INFO - DAG(s) 'example_external_task_marker_parent', 'example_external_task_marker_child' retrieved from /home/airflow/.local/lib/python3.12/site-packages/airflow/example_dags/example_external_task_marker_dag.py
[2025-03-12T20:47:26.176+0000] {logging_mixin.py:190} INFO - [2025-03-12T20:47:26.176+0000] {dag.py:3239} INFO - Sync 2 DAGs
[2025-03-12T20:47:26.193+0000] {logging_mixin.py:190} INFO - [2025-03-12T20:47:26.193+0000] {dag.py:4180} INFO - Setting next_dagrun for example_external_task_marker_child to None, run_after=None
[2025-03-12T20:47:26.198+0000] {logging_mixin.py:190} INFO - [2025-03-12T20:47:26.197+0000] {dag.py:4180} INFO - Setting next_dagrun for example_external_task_marker_parent to None, run_after=None
[2025-03-12T20:47:26.216+0000] {processor.py:208} INFO - Processing /home/airflow/.local/lib/python3.12/site-packages/airflow/example_dags/example_external_task_marker_dag.py took 0.079 seconds
[2025-03-12T20:47:56.717+0000] {processor.py:186} INFO - Started process (PID=260) to work on /home/airflow/.local/lib/python3.12/site-packages/airflow/example_dags/example_external_task_marker_dag.py
[2025-03-12T20:47:56.718+0000] {processor.py:914} INFO - Processing file /home/airflow/.local/lib/python3.12/site-packages/airflow/example_dags/example_external_task_marker_dag.py for tasks to queue
[2025-03-12T20:47:56.719+0000] {logging_mixin.py:190} INFO - [2025-03-12T20:47:56.719+0000] {dagbag.py:588} INFO - Filling up the DagBag from /home/airflow/.local/lib/python3.12/site-packages/airflow/example_dags/example_external_task_marker_dag.py
[2025-03-12T20:47:56.723+0000] {processor.py:925} INFO - DAG(s) 'example_external_task_marker_parent', 'example_external_task_marker_child' retrieved from /home/airflow/.local/lib/python3.12/site-packages/airflow/example_dags/example_external_task_marker_dag.py
[2025-03-12T20:47:56.742+0000] {logging_mixin.py:190} INFO - [2025-03-12T20:47:56.741+0000] {dag.py:3239} INFO - Sync 2 DAGs
[2025-03-12T20:47:56.753+0000] {logging_mixin.py:190} INFO - [2025-03-12T20:47:56.753+0000] {dag.py:4180} INFO - Setting next_dagrun for example_external_task_marker_child to None, run_after=None
[2025-03-12T20:47:56.756+0000] {logging_mixin.py:190} INFO - [2025-03-12T20:47:56.755+0000] {dag.py:4180} INFO - Setting next_dagrun for example_external_task_marker_parent to None, run_after=None
[2025-03-12T20:47:56.768+0000] {processor.py:208} INFO - Processing /home/airflow/.local/lib/python3.12/site-packages/airflow/example_dags/example_external_task_marker_dag.py took 0.055 seconds
[2025-03-12T20:48:27.591+0000] {processor.py:186} INFO - Started process (PID=324) to work on /home/airflow/.local/lib/python3.12/site-packages/airflow/example_dags/example_external_task_marker_dag.py
[2025-03-12T20:48:27.592+0000] {processor.py:914} INFO - Processing file /home/airflow/.local/lib/python3.12/site-packages/airflow/example_dags/example_external_task_marker_dag.py for tasks to queue
[2025-03-12T20:48:27.593+0000] {logging_mixin.py:190} INFO - [2025-03-12T20:48:27.593+0000] {dagbag.py:588} INFO - Filling up the DagBag from /home/airflow/.local/lib/python3.12/site-packages/airflow/example_dags/example_external_task_marker_dag.py
[2025-03-12T20:48:27.598+0000] {processor.py:925} INFO - DAG(s) 'example_external_task_marker_child', 'example_external_task_marker_parent' retrieved from /home/airflow/.local/lib/python3.12/site-packages/airflow/example_dags/example_external_task_marker_dag.py
[2025-03-12T20:48:27.619+0000] {logging_mixin.py:190} INFO - [2025-03-12T20:48:27.618+0000] {dag.py:3239} INFO - Sync 2 DAGs
[2025-03-12T20:48:27.631+0000] {logging_mixin.py:190} INFO - [2025-03-12T20:48:27.631+0000] {dag.py:4180} INFO - Setting next_dagrun for example_external_task_marker_child to None, run_after=None
[2025-03-12T20:48:27.634+0000] {logging_mixin.py:190} INFO - [2025-03-12T20:48:27.633+0000] {dag.py:4180} INFO - Setting next_dagrun for example_external_task_marker_parent to None, run_after=None
[2025-03-12T20:48:27.647+0000] {processor.py:208} INFO - Processing /home/airflow/.local/lib/python3.12/site-packages/airflow/example_dags/example_external_task_marker_dag.py took 0.059 seconds
[2025-03-12T20:48:58.842+0000] {processor.py:186} INFO - Started process (PID=386) to work on /home/airflow/.local/lib/python3.12/site-packages/airflow/example_dags/example_external_task_marker_dag.py
[2025-03-12T20:48:58.843+0000] {processor.py:914} INFO - Processing file /home/airflow/.local/lib/python3.12/site-packages/airflow/example_dags/example_external_task_marker_dag.py for tasks to queue
[2025-03-12T20:48:58.844+0000] {logging_mixin.py:190} INFO - [2025-03-12T20:48:58.844+0000] {dagbag.py:588} INFO - Filling up the DagBag from /home/airflow/.local/lib/python3.12/site-packages/airflow/example_dags/example_external_task_marker_dag.py
[2025-03-12T20:48:58.849+0000] {processor.py:925} INFO - DAG(s) 'example_external_task_marker_child', 'example_external_task_marker_parent' retrieved from /home/airflow/.local/lib/python3.12/site-packages/airflow/example_dags/example_external_task_marker_dag.py
[2025-03-12T20:48:58.871+0000] {logging_mixin.py:190} INFO - [2025-03-12T20:48:58.871+0000] {dag.py:3239} INFO - Sync 2 DAGs
[2025-03-12T20:48:58.885+0000] {logging_mixin.py:190} INFO - [2025-03-12T20:48:58.885+0000] {dag.py:4180} INFO - Setting next_dagrun for example_external_task_marker_child to None, run_after=None
[2025-03-12T20:48:58.889+0000] {logging_mixin.py:190} INFO - [2025-03-12T20:48:58.889+0000] {dag.py:4180} INFO - Setting next_dagrun for example_external_task_marker_parent to None, run_after=None
[2025-03-12T20:48:58.909+0000] {processor.py:208} INFO - Processing /home/airflow/.local/lib/python3.12/site-packages/airflow/example_dags/example_external_task_marker_dag.py took 0.071 seconds
[2025-03-12T20:49:29.719+0000] {processor.py:186} INFO - Started process (PID=449) to work on /home/airflow/.local/lib/python3.12/site-packages/airflow/example_dags/example_external_task_marker_dag.py
[2025-03-12T20:49:29.720+0000] {processor.py:914} INFO - Processing file /home/airflow/.local/lib/python3.12/site-packages/airflow/example_dags/example_external_task_marker_dag.py for tasks to queue
[2025-03-12T20:49:29.722+0000] {logging_mixin.py:190} INFO - [2025-03-12T20:49:29.721+0000] {dagbag.py:588} INFO - Filling up the DagBag from /home/airflow/.local/lib/python3.12/site-packages/airflow/example_dags/example_external_task_marker_dag.py
[2025-03-12T20:49:29.729+0000] {processor.py:925} INFO - DAG(s) 'example_external_task_marker_parent', 'example_external_task_marker_child' retrieved from /home/airflow/.local/lib/python3.12/site-packages/airflow/example_dags/example_external_task_marker_dag.py
[2025-03-12T20:49:29.749+0000] {logging_mixin.py:190} INFO - [2025-03-12T20:49:29.749+0000] {dag.py:3239} INFO - Sync 2 DAGs
[2025-03-12T20:49:29.763+0000] {logging_mixin.py:190} INFO - [2025-03-12T20:49:29.763+0000] {dag.py:4180} INFO - Setting next_dagrun for example_external_task_marker_child to None, run_after=None
[2025-03-12T20:49:29.768+0000] {logging_mixin.py:190} INFO - [2025-03-12T20:49:29.767+0000] {dag.py:4180} INFO - Setting next_dagrun for example_external_task_marker_parent to None, run_after=None
[2025-03-12T20:49:29.785+0000] {processor.py:208} INFO - Processing /home/airflow/.local/lib/python3.12/site-packages/airflow/example_dags/example_external_task_marker_dag.py took 0.071 seconds
[2025-03-12T20:50:00.352+0000] {processor.py:186} INFO - Started process (PID=512) to work on /home/airflow/.local/lib/python3.12/site-packages/airflow/example_dags/example_external_task_marker_dag.py
[2025-03-12T20:50:00.353+0000] {processor.py:914} INFO - Processing file /home/airflow/.local/lib/python3.12/site-packages/airflow/example_dags/example_external_task_marker_dag.py for tasks to queue
[2025-03-12T20:50:00.354+0000] {logging_mixin.py:190} INFO - [2025-03-12T20:50:00.354+0000] {dagbag.py:588} INFO - Filling up the DagBag from /home/airflow/.local/lib/python3.12/site-packages/airflow/example_dags/example_external_task_marker_dag.py
[2025-03-12T20:50:00.359+0000] {processor.py:925} INFO - DAG(s) 'example_external_task_marker_child', 'example_external_task_marker_parent' retrieved from /home/airflow/.local/lib/python3.12/site-packages/airflow/example_dags/example_external_task_marker_dag.py
[2025-03-12T20:50:00.375+0000] {logging_mixin.py:190} INFO - [2025-03-12T20:50:00.375+0000] {dag.py:3239} INFO - Sync 2 DAGs
[2025-03-12T20:50:00.386+0000] {logging_mixin.py:190} INFO - [2025-03-12T20:50:00.386+0000] {dag.py:4180} INFO - Setting next_dagrun for example_external_task_marker_child to None, run_after=None
[2025-03-12T20:50:00.388+0000] {logging_mixin.py:190} INFO - [2025-03-12T20:50:00.388+0000] {dag.py:4180} INFO - Setting next_dagrun for example_external_task_marker_parent to None, run_after=None
[2025-03-12T20:50:00.398+0000] {processor.py:208} INFO - Processing /home/airflow/.local/lib/python3.12/site-packages/airflow/example_dags/example_external_task_marker_dag.py took 0.051 seconds
[2025-03-12T20:50:31.017+0000] {processor.py:186} INFO - Started process (PID=575) to work on /home/airflow/.local/lib/python3.12/site-packages/airflow/example_dags/example_external_task_marker_dag.py
[2025-03-12T20:50:31.017+0000] {processor.py:914} INFO - Processing file /home/airflow/.local/lib/python3.12/site-packages/airflow/example_dags/example_external_task_marker_dag.py for tasks to queue
[2025-03-12T20:50:31.019+0000] {logging_mixin.py:190} INFO - [2025-03-12T20:50:31.018+0000] {dagbag.py:588} INFO - Filling up the DagBag from /home/airflow/.local/lib/python3.12/site-packages/airflow/example_dags/example_external_task_marker_dag.py
[2025-03-12T20:50:31.023+0000] {processor.py:925} INFO - DAG(s) 'example_external_task_marker_child', 'example_external_task_marker_parent' retrieved from /home/airflow/.local/lib/python3.12/site-packages/airflow/example_dags/example_external_task_marker_dag.py
[2025-03-12T20:50:31.040+0000] {logging_mixin.py:190} INFO - [2025-03-12T20:50:31.039+0000] {dag.py:3239} INFO - Sync 2 DAGs
[2025-03-12T20:50:31.048+0000] {logging_mixin.py:190} INFO - [2025-03-12T20:50:31.048+0000] {dag.py:4180} INFO - Setting next_dagrun for example_external_task_marker_child to None, run_after=None
[2025-03-12T20:50:31.052+0000] {logging_mixin.py:190} INFO - [2025-03-12T20:50:31.052+0000] {dag.py:4180} INFO - Setting next_dagrun for example_external_task_marker_parent to None, run_after=None
[2025-03-12T20:50:31.066+0000] {processor.py:208} INFO - Processing /home/airflow/.local/lib/python3.12/site-packages/airflow/example_dags/example_external_task_marker_dag.py took 0.052 seconds
[2025-03-12T20:51:01.417+0000] {processor.py:186} INFO - Started process (PID=638) to work on /home/airflow/.local/lib/python3.12/site-packages/airflow/example_dags/example_external_task_marker_dag.py
[2025-03-12T20:51:01.418+0000] {processor.py:914} INFO - Processing file /home/airflow/.local/lib/python3.12/site-packages/airflow/example_dags/example_external_task_marker_dag.py for tasks to queue
[2025-03-12T20:51:01.419+0000] {logging_mixin.py:190} INFO - [2025-03-12T20:51:01.419+0000] {dagbag.py:588} INFO - Filling up the DagBag from /home/airflow/.local/lib/python3.12/site-packages/airflow/example_dags/example_external_task_marker_dag.py
[2025-03-12T20:51:01.425+0000] {processor.py:925} INFO - DAG(s) 'example_external_task_marker_parent', 'example_external_task_marker_child' retrieved from /home/airflow/.local/lib/python3.12/site-packages/airflow/example_dags/example_external_task_marker_dag.py
[2025-03-12T20:51:01.445+0000] {logging_mixin.py:190} INFO - [2025-03-12T20:51:01.445+0000] {dag.py:3239} INFO - Sync 2 DAGs
[2025-03-12T20:51:01.455+0000] {logging_mixin.py:190} INFO - [2025-03-12T20:51:01.455+0000] {dag.py:4180} INFO - Setting next_dagrun for example_external_task_marker_child to None, run_after=None
[2025-03-12T20:51:01.458+0000] {logging_mixin.py:190} INFO - [2025-03-12T20:51:01.458+0000] {dag.py:4180} INFO - Setting next_dagrun for example_external_task_marker_parent to None, run_after=None
[2025-03-12T20:51:01.473+0000] {processor.py:208} INFO - Processing /home/airflow/.local/lib/python3.12/site-packages/airflow/example_dags/example_external_task_marker_dag.py took 0.059 seconds
[2025-03-12T20:51:32.026+0000] {processor.py:186} INFO - Started process (PID=701) to work on /home/airflow/.local/lib/python3.12/site-packages/airflow/example_dags/example_external_task_marker_dag.py
[2025-03-12T20:51:32.027+0000] {processor.py:914} INFO - Processing file /home/airflow/.local/lib/python3.12/site-packages/airflow/example_dags/example_external_task_marker_dag.py for tasks to queue
[2025-03-12T20:51:32.028+0000] {logging_mixin.py:190} INFO - [2025-03-12T20:51:32.028+0000] {dagbag.py:588} INFO - Filling up the DagBag from /home/airflow/.local/lib/python3.12/site-packages/airflow/example_dags/example_external_task_marker_dag.py
[2025-03-12T20:51:32.035+0000] {processor.py:925} INFO - DAG(s) 'example_external_task_marker_child', 'example_external_task_marker_parent' retrieved from /home/airflow/.local/lib/python3.12/site-packages/airflow/example_dags/example_external_task_marker_dag.py
[2025-03-12T20:51:32.053+0000] {logging_mixin.py:190} INFO - [2025-03-12T20:51:32.053+0000] {dag.py:3239} INFO - Sync 2 DAGs
[2025-03-12T20:51:32.064+0000] {logging_mixin.py:190} INFO - [2025-03-12T20:51:32.064+0000] {dag.py:4180} INFO - Setting next_dagrun for example_external_task_marker_child to None, run_after=None
[2025-03-12T20:51:32.066+0000] {logging_mixin.py:190} INFO - [2025-03-12T20:51:32.066+0000] {dag.py:4180} INFO - Setting next_dagrun for example_external_task_marker_parent to None, run_after=None
[2025-03-12T20:51:32.077+0000] {processor.py:208} INFO - Processing /home/airflow/.local/lib/python3.12/site-packages/airflow/example_dags/example_external_task_marker_dag.py took 0.056 seconds
[2025-03-12T20:52:03.122+0000] {processor.py:186} INFO - Started process (PID=764) to work on /home/airflow/.local/lib/python3.12/site-packages/airflow/example_dags/example_external_task_marker_dag.py
[2025-03-12T20:52:03.123+0000] {processor.py:914} INFO - Processing file /home/airflow/.local/lib/python3.12/site-packages/airflow/example_dags/example_external_task_marker_dag.py for tasks to queue
[2025-03-12T20:52:03.124+0000] {logging_mixin.py:190} INFO - [2025-03-12T20:52:03.124+0000] {dagbag.py:588} INFO - Filling up the DagBag from /home/airflow/.local/lib/python3.12/site-packages/airflow/example_dags/example_external_task_marker_dag.py
[2025-03-12T20:52:03.129+0000] {processor.py:925} INFO - DAG(s) 'example_external_task_marker_child', 'example_external_task_marker_parent' retrieved from /home/airflow/.local/lib/python3.12/site-packages/airflow/example_dags/example_external_task_marker_dag.py
[2025-03-12T20:52:03.145+0000] {logging_mixin.py:190} INFO - [2025-03-12T20:52:03.144+0000] {dag.py:3239} INFO - Sync 2 DAGs
[2025-03-12T20:52:03.152+0000] {logging_mixin.py:190} INFO - [2025-03-12T20:52:03.152+0000] {dag.py:4180} INFO - Setting next_dagrun for example_external_task_marker_child to None, run_after=None
[2025-03-12T20:52:03.154+0000] {logging_mixin.py:190} INFO - [2025-03-12T20:52:03.154+0000] {dag.py:4180} INFO - Setting next_dagrun for example_external_task_marker_parent to None, run_after=None
[2025-03-12T20:52:03.163+0000] {processor.py:208} INFO - Processing /home/airflow/.local/lib/python3.12/site-packages/airflow/example_dags/example_external_task_marker_dag.py took 0.046 seconds
[2025-03-12T20:52:33.611+0000] {processor.py:186} INFO - Started process (PID=827) to work on /home/airflow/.local/lib/python3.12/site-packages/airflow/example_dags/example_external_task_marker_dag.py
[2025-03-12T20:52:33.612+0000] {processor.py:914} INFO - Processing file /home/airflow/.local/lib/python3.12/site-packages/airflow/example_dags/example_external_task_marker_dag.py for tasks to queue
[2025-03-12T20:52:33.614+0000] {logging_mixin.py:190} INFO - [2025-03-12T20:52:33.614+0000] {dagbag.py:588} INFO - Filling up the DagBag from /home/airflow/.local/lib/python3.12/site-packages/airflow/example_dags/example_external_task_marker_dag.py
[2025-03-12T20:52:33.621+0000] {processor.py:925} INFO - DAG(s) 'example_external_task_marker_parent', 'example_external_task_marker_child' retrieved from /home/airflow/.local/lib/python3.12/site-packages/airflow/example_dags/example_external_task_marker_dag.py
[2025-03-12T20:52:33.642+0000] {logging_mixin.py:190} INFO - [2025-03-12T20:52:33.642+0000] {dag.py:3239} INFO - Sync 2 DAGs
[2025-03-12T20:52:33.655+0000] {logging_mixin.py:190} INFO - [2025-03-12T20:52:33.655+0000] {dag.py:4180} INFO - Setting next_dagrun for example_external_task_marker_child to None, run_after=None
[2025-03-12T20:52:33.660+0000] {logging_mixin.py:190} INFO - [2025-03-12T20:52:33.660+0000] {dag.py:4180} INFO - Setting next_dagrun for example_external_task_marker_parent to None, run_after=None
[2025-03-12T20:52:33.674+0000] {processor.py:208} INFO - Processing /home/airflow/.local/lib/python3.12/site-packages/airflow/example_dags/example_external_task_marker_dag.py took 0.067 seconds
[2025-03-12T20:53:04.478+0000] {processor.py:186} INFO - Started process (PID=890) to work on /home/airflow/.local/lib/python3.12/site-packages/airflow/example_dags/example_external_task_marker_dag.py
[2025-03-12T20:53:04.479+0000] {processor.py:914} INFO - Processing file /home/airflow/.local/lib/python3.12/site-packages/airflow/example_dags/example_external_task_marker_dag.py for tasks to queue
[2025-03-12T20:53:04.480+0000] {logging_mixin.py:190} INFO - [2025-03-12T20:53:04.480+0000] {dagbag.py:588} INFO - Filling up the DagBag from /home/airflow/.local/lib/python3.12/site-packages/airflow/example_dags/example_external_task_marker_dag.py
[2025-03-12T20:53:04.486+0000] {processor.py:925} INFO - DAG(s) 'example_external_task_marker_parent', 'example_external_task_marker_child' retrieved from /home/airflow/.local/lib/python3.12/site-packages/airflow/example_dags/example_external_task_marker_dag.py
[2025-03-12T20:53:04.506+0000] {logging_mixin.py:190} INFO - [2025-03-12T20:53:04.506+0000] {dag.py:3239} INFO - Sync 2 DAGs
[2025-03-12T20:53:04.520+0000] {logging_mixin.py:190} INFO - [2025-03-12T20:53:04.520+0000] {dag.py:4180} INFO - Setting next_dagrun for example_external_task_marker_child to None, run_after=None
[2025-03-12T20:53:04.523+0000] {logging_mixin.py:190} INFO - [2025-03-12T20:53:04.523+0000] {dag.py:4180} INFO - Setting next_dagrun for example_external_task_marker_parent to None, run_after=None
[2025-03-12T20:53:04.540+0000] {processor.py:208} INFO - Processing /home/airflow/.local/lib/python3.12/site-packages/airflow/example_dags/example_external_task_marker_dag.py took 0.066 seconds
[2025-03-12T20:53:35.215+0000] {processor.py:186} INFO - Started process (PID=953) to work on /home/airflow/.local/lib/python3.12/site-packages/airflow/example_dags/example_external_task_marker_dag.py
[2025-03-12T20:53:35.216+0000] {processor.py:914} INFO - Processing file /home/airflow/.local/lib/python3.12/site-packages/airflow/example_dags/example_external_task_marker_dag.py for tasks to queue
[2025-03-12T20:53:35.218+0000] {logging_mixin.py:190} INFO - [2025-03-12T20:53:35.218+0000] {dagbag.py:588} INFO - Filling up the DagBag from /home/airflow/.local/lib/python3.12/site-packages/airflow/example_dags/example_external_task_marker_dag.py
[2025-03-12T20:53:35.226+0000] {processor.py:925} INFO - DAG(s) 'example_external_task_marker_child', 'example_external_task_marker_parent' retrieved from /home/airflow/.local/lib/python3.12/site-packages/airflow/example_dags/example_external_task_marker_dag.py
[2025-03-12T20:53:35.245+0000] {logging_mixin.py:190} INFO - [2025-03-12T20:53:35.245+0000] {dag.py:3239} INFO - Sync 2 DAGs
[2025-03-12T20:53:35.258+0000] {logging_mixin.py:190} INFO - [2025-03-12T20:53:35.258+0000] {dag.py:4180} INFO - Setting next_dagrun for example_external_task_marker_child to None, run_after=None
[2025-03-12T20:53:35.261+0000] {logging_mixin.py:190} INFO - [2025-03-12T20:53:35.261+0000] {dag.py:4180} INFO - Setting next_dagrun for example_external_task_marker_parent to None, run_after=None
[2025-03-12T20:53:35.273+0000] {processor.py:208} INFO - Processing /home/airflow/.local/lib/python3.12/site-packages/airflow/example_dags/example_external_task_marker_dag.py took 0.065 seconds
[2025-03-12T20:54:05.658+0000] {processor.py:186} INFO - Started process (PID=1016) to work on /home/airflow/.local/lib/python3.12/site-packages/airflow/example_dags/example_external_task_marker_dag.py
[2025-03-12T20:54:05.659+0000] {processor.py:914} INFO - Processing file /home/airflow/.local/lib/python3.12/site-packages/airflow/example_dags/example_external_task_marker_dag.py for tasks to queue
[2025-03-12T20:54:05.660+0000] {logging_mixin.py:190} INFO - [2025-03-12T20:54:05.660+0000] {dagbag.py:588} INFO - Filling up the DagBag from /home/airflow/.local/lib/python3.12/site-packages/airflow/example_dags/example_external_task_marker_dag.py
[2025-03-12T20:54:05.664+0000] {processor.py:925} INFO - DAG(s) 'example_external_task_marker_parent', 'example_external_task_marker_child' retrieved from /home/airflow/.local/lib/python3.12/site-packages/airflow/example_dags/example_external_task_marker_dag.py
[2025-03-12T20:54:05.683+0000] {logging_mixin.py:190} INFO - [2025-03-12T20:54:05.682+0000] {dag.py:3239} INFO - Sync 2 DAGs
[2025-03-12T20:54:05.693+0000] {logging_mixin.py:190} INFO - [2025-03-12T20:54:05.692+0000] {dag.py:4180} INFO - Setting next_dagrun for example_external_task_marker_child to None, run_after=None
[2025-03-12T20:54:05.696+0000] {logging_mixin.py:190} INFO - [2025-03-12T20:54:05.696+0000] {dag.py:4180} INFO - Setting next_dagrun for example_external_task_marker_parent to None, run_after=None
[2025-03-12T20:54:05.708+0000] {processor.py:208} INFO - Processing /home/airflow/.local/lib/python3.12/site-packages/airflow/example_dags/example_external_task_marker_dag.py took 0.055 seconds
[2025-03-12T20:54:36.440+0000] {processor.py:186} INFO - Started process (PID=1079) to work on /home/airflow/.local/lib/python3.12/site-packages/airflow/example_dags/example_external_task_marker_dag.py
[2025-03-12T20:54:36.441+0000] {processor.py:914} INFO - Processing file /home/airflow/.local/lib/python3.12/site-packages/airflow/example_dags/example_external_task_marker_dag.py for tasks to queue
[2025-03-12T20:54:36.443+0000] {logging_mixin.py:190} INFO - [2025-03-12T20:54:36.442+0000] {dagbag.py:588} INFO - Filling up the DagBag from /home/airflow/.local/lib/python3.12/site-packages/airflow/example_dags/example_external_task_marker_dag.py
[2025-03-12T20:54:36.449+0000] {processor.py:925} INFO - DAG(s) 'example_external_task_marker_child', 'example_external_task_marker_parent' retrieved from /home/airflow/.local/lib/python3.12/site-packages/airflow/example_dags/example_external_task_marker_dag.py
[2025-03-12T20:54:36.467+0000] {logging_mixin.py:190} INFO - [2025-03-12T20:54:36.467+0000] {dag.py:3239} INFO - Sync 2 DAGs
[2025-03-12T20:54:36.480+0000] {logging_mixin.py:190} INFO - [2025-03-12T20:54:36.480+0000] {dag.py:4180} INFO - Setting next_dagrun for example_external_task_marker_child to None, run_after=None
[2025-03-12T20:54:36.483+0000] {logging_mixin.py:190} INFO - [2025-03-12T20:54:36.483+0000] {dag.py:4180} INFO - Setting next_dagrun for example_external_task_marker_parent to None, run_after=None
[2025-03-12T20:54:36.498+0000] {processor.py:208} INFO - Processing /home/airflow/.local/lib/python3.12/site-packages/airflow/example_dags/example_external_task_marker_dag.py took 0.064 seconds
[2025-03-12T20:55:07.212+0000] {processor.py:186} INFO - Started process (PID=1142) to work on /home/airflow/.local/lib/python3.12/site-packages/airflow/example_dags/example_external_task_marker_dag.py
[2025-03-12T20:55:07.213+0000] {processor.py:914} INFO - Processing file /home/airflow/.local/lib/python3.12/site-packages/airflow/example_dags/example_external_task_marker_dag.py for tasks to queue
[2025-03-12T20:55:07.214+0000] {logging_mixin.py:190} INFO - [2025-03-12T20:55:07.214+0000] {dagbag.py:588} INFO - Filling up the DagBag from /home/airflow/.local/lib/python3.12/site-packages/airflow/example_dags/example_external_task_marker_dag.py
[2025-03-12T20:55:07.219+0000] {processor.py:925} INFO - DAG(s) 'example_external_task_marker_child', 'example_external_task_marker_parent' retrieved from /home/airflow/.local/lib/python3.12/site-packages/airflow/example_dags/example_external_task_marker_dag.py
[2025-03-12T20:55:07.235+0000] {logging_mixin.py:190} INFO - [2025-03-12T20:55:07.234+0000] {dag.py:3239} INFO - Sync 2 DAGs
[2025-03-12T20:55:07.246+0000] {logging_mixin.py:190} INFO - [2025-03-12T20:55:07.246+0000] {dag.py:4180} INFO - Setting next_dagrun for example_external_task_marker_child to None, run_after=None
[2025-03-12T20:55:07.249+0000] {logging_mixin.py:190} INFO - [2025-03-12T20:55:07.249+0000] {dag.py:4180} INFO - Setting next_dagrun for example_external_task_marker_parent to None, run_after=None
[2025-03-12T20:55:07.261+0000] {processor.py:208} INFO - Processing /home/airflow/.local/lib/python3.12/site-packages/airflow/example_dags/example_external_task_marker_dag.py took 0.052 seconds
[2025-03-12T20:55:38.219+0000] {processor.py:186} INFO - Started process (PID=1205) to work on /home/airflow/.local/lib/python3.12/site-packages/airflow/example_dags/example_external_task_marker_dag.py
[2025-03-12T20:55:38.220+0000] {processor.py:914} INFO - Processing file /home/airflow/.local/lib/python3.12/site-packages/airflow/example_dags/example_external_task_marker_dag.py for tasks to queue
[2025-03-12T20:55:38.222+0000] {logging_mixin.py:190} INFO - [2025-03-12T20:55:38.221+0000] {dagbag.py:588} INFO - Filling up the DagBag from /home/airflow/.local/lib/python3.12/site-packages/airflow/example_dags/example_external_task_marker_dag.py
[2025-03-12T20:55:38.226+0000] {processor.py:925} INFO - DAG(s) 'example_external_task_marker_child', 'example_external_task_marker_parent' retrieved from /home/airflow/.local/lib/python3.12/site-packages/airflow/example_dags/example_external_task_marker_dag.py
[2025-03-12T20:55:38.244+0000] {logging_mixin.py:190} INFO - [2025-03-12T20:55:38.244+0000] {dag.py:3239} INFO - Sync 2 DAGs
[2025-03-12T20:55:38.255+0000] {logging_mixin.py:190} INFO - [2025-03-12T20:55:38.255+0000] {dag.py:4180} INFO - Setting next_dagrun for example_external_task_marker_child to None, run_after=None
[2025-03-12T20:55:38.258+0000] {logging_mixin.py:190} INFO - [2025-03-12T20:55:38.258+0000] {dag.py:4180} INFO - Setting next_dagrun for example_external_task_marker_parent to None, run_after=None
[2025-03-12T20:55:38.272+0000] {processor.py:208} INFO - Processing /home/airflow/.local/lib/python3.12/site-packages/airflow/example_dags/example_external_task_marker_dag.py took 0.058 seconds
[2025-03-12T20:56:09.223+0000] {processor.py:186} INFO - Started process (PID=1268) to work on /home/airflow/.local/lib/python3.12/site-packages/airflow/example_dags/example_external_task_marker_dag.py
[2025-03-12T20:56:09.223+0000] {processor.py:914} INFO - Processing file /home/airflow/.local/lib/python3.12/site-packages/airflow/example_dags/example_external_task_marker_dag.py for tasks to queue
[2025-03-12T20:56:09.225+0000] {logging_mixin.py:190} INFO - [2025-03-12T20:56:09.225+0000] {dagbag.py:588} INFO - Filling up the DagBag from /home/airflow/.local/lib/python3.12/site-packages/airflow/example_dags/example_external_task_marker_dag.py
[2025-03-12T20:56:09.230+0000] {processor.py:925} INFO - DAG(s) 'example_external_task_marker_child', 'example_external_task_marker_parent' retrieved from /home/airflow/.local/lib/python3.12/site-packages/airflow/example_dags/example_external_task_marker_dag.py
[2025-03-12T20:56:09.247+0000] {logging_mixin.py:190} INFO - [2025-03-12T20:56:09.247+0000] {dag.py:3239} INFO - Sync 2 DAGs
[2025-03-12T20:56:09.258+0000] {logging_mixin.py:190} INFO - [2025-03-12T20:56:09.258+0000] {dag.py:4180} INFO - Setting next_dagrun for example_external_task_marker_child to None, run_after=None
[2025-03-12T20:56:09.261+0000] {logging_mixin.py:190} INFO - [2025-03-12T20:56:09.261+0000] {dag.py:4180} INFO - Setting next_dagrun for example_external_task_marker_parent to None, run_after=None
[2025-03-12T20:56:09.274+0000] {processor.py:208} INFO - Processing /home/airflow/.local/lib/python3.12/site-packages/airflow/example_dags/example_external_task_marker_dag.py took 0.056 seconds
[2025-03-12T20:56:39.898+0000] {processor.py:186} INFO - Started process (PID=1331) to work on /home/airflow/.local/lib/python3.12/site-packages/airflow/example_dags/example_external_task_marker_dag.py
[2025-03-12T20:56:39.900+0000] {processor.py:914} INFO - Processing file /home/airflow/.local/lib/python3.12/site-packages/airflow/example_dags/example_external_task_marker_dag.py for tasks to queue
[2025-03-12T20:56:39.901+0000] {logging_mixin.py:190} INFO - [2025-03-12T20:56:39.901+0000] {dagbag.py:588} INFO - Filling up the DagBag from /home/airflow/.local/lib/python3.12/site-packages/airflow/example_dags/example_external_task_marker_dag.py
[2025-03-12T20:56:39.906+0000] {processor.py:925} INFO - DAG(s) 'example_external_task_marker_parent', 'example_external_task_marker_child' retrieved from /home/airflow/.local/lib/python3.12/site-packages/airflow/example_dags/example_external_task_marker_dag.py
[2025-03-12T20:56:39.924+0000] {logging_mixin.py:190} INFO - [2025-03-12T20:56:39.924+0000] {dag.py:3239} INFO - Sync 2 DAGs
[2025-03-12T20:56:39.937+0000] {logging_mixin.py:190} INFO - [2025-03-12T20:56:39.936+0000] {dag.py:4180} INFO - Setting next_dagrun for example_external_task_marker_child to None, run_after=None
[2025-03-12T20:56:39.940+0000] {logging_mixin.py:190} INFO - [2025-03-12T20:56:39.940+0000] {dag.py:4180} INFO - Setting next_dagrun for example_external_task_marker_parent to None, run_after=None
[2025-03-12T20:56:39.952+0000] {processor.py:208} INFO - Processing /home/airflow/.local/lib/python3.12/site-packages/airflow/example_dags/example_external_task_marker_dag.py took 0.058 seconds
[2025-03-12T20:57:10.479+0000] {processor.py:186} INFO - Started process (PID=1394) to work on /home/airflow/.local/lib/python3.12/site-packages/airflow/example_dags/example_external_task_marker_dag.py
[2025-03-12T20:57:10.479+0000] {processor.py:914} INFO - Processing file /home/airflow/.local/lib/python3.12/site-packages/airflow/example_dags/example_external_task_marker_dag.py for tasks to queue
[2025-03-12T20:57:10.481+0000] {logging_mixin.py:190} INFO - [2025-03-12T20:57:10.481+0000] {dagbag.py:588} INFO - Filling up the DagBag from /home/airflow/.local/lib/python3.12/site-packages/airflow/example_dags/example_external_task_marker_dag.py
[2025-03-12T20:57:10.487+0000] {processor.py:925} INFO - DAG(s) 'example_external_task_marker_child', 'example_external_task_marker_parent' retrieved from /home/airflow/.local/lib/python3.12/site-packages/airflow/example_dags/example_external_task_marker_dag.py
[2025-03-12T20:57:10.505+0000] {logging_mixin.py:190} INFO - [2025-03-12T20:57:10.505+0000] {dag.py:3239} INFO - Sync 2 DAGs
[2025-03-12T20:57:10.517+0000] {logging_mixin.py:190} INFO - [2025-03-12T20:57:10.517+0000] {dag.py:4180} INFO - Setting next_dagrun for example_external_task_marker_child to None, run_after=None
[2025-03-12T20:57:10.519+0000] {logging_mixin.py:190} INFO - [2025-03-12T20:57:10.519+0000] {dag.py:4180} INFO - Setting next_dagrun for example_external_task_marker_parent to None, run_after=None
[2025-03-12T20:57:10.532+0000] {processor.py:208} INFO - Processing /home/airflow/.local/lib/python3.12/site-packages/airflow/example_dags/example_external_task_marker_dag.py took 0.058 seconds
[2025-03-12T20:57:41.350+0000] {processor.py:186} INFO - Started process (PID=1458) to work on /home/airflow/.local/lib/python3.12/site-packages/airflow/example_dags/example_external_task_marker_dag.py
[2025-03-12T20:57:41.351+0000] {processor.py:914} INFO - Processing file /home/airflow/.local/lib/python3.12/site-packages/airflow/example_dags/example_external_task_marker_dag.py for tasks to queue
[2025-03-12T20:57:41.352+0000] {logging_mixin.py:190} INFO - [2025-03-12T20:57:41.352+0000] {dagbag.py:588} INFO - Filling up the DagBag from /home/airflow/.local/lib/python3.12/site-packages/airflow/example_dags/example_external_task_marker_dag.py
[2025-03-12T20:57:41.357+0000] {processor.py:925} INFO - DAG(s) 'example_external_task_marker_parent', 'example_external_task_marker_child' retrieved from /home/airflow/.local/lib/python3.12/site-packages/airflow/example_dags/example_external_task_marker_dag.py
[2025-03-12T20:57:41.377+0000] {logging_mixin.py:190} INFO - [2025-03-12T20:57:41.377+0000] {dag.py:3239} INFO - Sync 2 DAGs
[2025-03-12T20:57:41.391+0000] {logging_mixin.py:190} INFO - [2025-03-12T20:57:41.391+0000] {dag.py:4180} INFO - Setting next_dagrun for example_external_task_marker_child to None, run_after=None
[2025-03-12T20:57:41.394+0000] {logging_mixin.py:190} INFO - [2025-03-12T20:57:41.394+0000] {dag.py:4180} INFO - Setting next_dagrun for example_external_task_marker_parent to None, run_after=None
[2025-03-12T20:57:41.410+0000] {processor.py:208} INFO - Processing /home/airflow/.local/lib/python3.12/site-packages/airflow/example_dags/example_external_task_marker_dag.py took 0.064 seconds
[2025-03-12T20:58:12.319+0000] {processor.py:186} INFO - Started process (PID=1521) to work on /home/airflow/.local/lib/python3.12/site-packages/airflow/example_dags/example_external_task_marker_dag.py
[2025-03-12T20:58:12.320+0000] {processor.py:914} INFO - Processing file /home/airflow/.local/lib/python3.12/site-packages/airflow/example_dags/example_external_task_marker_dag.py for tasks to queue
[2025-03-12T20:58:12.323+0000] {logging_mixin.py:190} INFO - [2025-03-12T20:58:12.322+0000] {dagbag.py:588} INFO - Filling up the DagBag from /home/airflow/.local/lib/python3.12/site-packages/airflow/example_dags/example_external_task_marker_dag.py
[2025-03-12T20:58:12.333+0000] {processor.py:925} INFO - DAG(s) 'example_external_task_marker_parent', 'example_external_task_marker_child' retrieved from /home/airflow/.local/lib/python3.12/site-packages/airflow/example_dags/example_external_task_marker_dag.py
[2025-03-12T20:58:12.356+0000] {logging_mixin.py:190} INFO - [2025-03-12T20:58:12.356+0000] {dag.py:3239} INFO - Sync 2 DAGs
[2025-03-12T20:58:12.374+0000] {logging_mixin.py:190} INFO - [2025-03-12T20:58:12.373+0000] {dag.py:4180} INFO - Setting next_dagrun for example_external_task_marker_child to None, run_after=None
[2025-03-12T20:58:12.379+0000] {logging_mixin.py:190} INFO - [2025-03-12T20:58:12.379+0000] {dag.py:4180} INFO - Setting next_dagrun for example_external_task_marker_parent to None, run_after=None
[2025-03-12T20:58:12.404+0000] {processor.py:208} INFO - Processing /home/airflow/.local/lib/python3.12/site-packages/airflow/example_dags/example_external_task_marker_dag.py took 0.092 seconds
[2025-03-12T20:58:43.329+0000] {processor.py:186} INFO - Started process (PID=1583) to work on /home/airflow/.local/lib/python3.12/site-packages/airflow/example_dags/example_external_task_marker_dag.py
[2025-03-12T20:58:43.330+0000] {processor.py:914} INFO - Processing file /home/airflow/.local/lib/python3.12/site-packages/airflow/example_dags/example_external_task_marker_dag.py for tasks to queue
[2025-03-12T20:58:43.331+0000] {logging_mixin.py:190} INFO - [2025-03-12T20:58:43.331+0000] {dagbag.py:588} INFO - Filling up the DagBag from /home/airflow/.local/lib/python3.12/site-packages/airflow/example_dags/example_external_task_marker_dag.py
[2025-03-12T20:58:43.337+0000] {processor.py:925} INFO - DAG(s) 'example_external_task_marker_child', 'example_external_task_marker_parent' retrieved from /home/airflow/.local/lib/python3.12/site-packages/airflow/example_dags/example_external_task_marker_dag.py
[2025-03-12T20:58:43.360+0000] {logging_mixin.py:190} INFO - [2025-03-12T20:58:43.360+0000] {dag.py:3239} INFO - Sync 2 DAGs
[2025-03-12T20:58:43.375+0000] {logging_mixin.py:190} INFO - [2025-03-12T20:58:43.375+0000] {dag.py:4180} INFO - Setting next_dagrun for example_external_task_marker_child to None, run_after=None
[2025-03-12T20:58:43.381+0000] {logging_mixin.py:190} INFO - [2025-03-12T20:58:43.380+0000] {dag.py:4180} INFO - Setting next_dagrun for example_external_task_marker_parent to None, run_after=None
[2025-03-12T20:58:43.402+0000] {processor.py:208} INFO - Processing /home/airflow/.local/lib/python3.12/site-packages/airflow/example_dags/example_external_task_marker_dag.py took 0.077 seconds
[2025-03-12T20:59:14.014+0000] {processor.py:186} INFO - Started process (PID=1646) to work on /home/airflow/.local/lib/python3.12/site-packages/airflow/example_dags/example_external_task_marker_dag.py
[2025-03-12T20:59:14.015+0000] {processor.py:914} INFO - Processing file /home/airflow/.local/lib/python3.12/site-packages/airflow/example_dags/example_external_task_marker_dag.py for tasks to queue
[2025-03-12T20:59:14.016+0000] {logging_mixin.py:190} INFO - [2025-03-12T20:59:14.016+0000] {dagbag.py:588} INFO - Filling up the DagBag from /home/airflow/.local/lib/python3.12/site-packages/airflow/example_dags/example_external_task_marker_dag.py
[2025-03-12T20:59:14.021+0000] {processor.py:925} INFO - DAG(s) 'example_external_task_marker_child', 'example_external_task_marker_parent' retrieved from /home/airflow/.local/lib/python3.12/site-packages/airflow/example_dags/example_external_task_marker_dag.py
[2025-03-12T20:59:14.039+0000] {logging_mixin.py:190} INFO - [2025-03-12T20:59:14.039+0000] {dag.py:3239} INFO - Sync 2 DAGs
[2025-03-12T20:59:14.050+0000] {logging_mixin.py:190} INFO - [2025-03-12T20:59:14.050+0000] {dag.py:4180} INFO - Setting next_dagrun for example_external_task_marker_child to None, run_after=None
[2025-03-12T20:59:14.054+0000] {logging_mixin.py:190} INFO - [2025-03-12T20:59:14.053+0000] {dag.py:4180} INFO - Setting next_dagrun for example_external_task_marker_parent to None, run_after=None
[2025-03-12T20:59:14.067+0000] {processor.py:208} INFO - Processing /home/airflow/.local/lib/python3.12/site-packages/airflow/example_dags/example_external_task_marker_dag.py took 0.057 seconds
[2025-03-12T20:59:44.741+0000] {processor.py:186} INFO - Started process (PID=1709) to work on /home/airflow/.local/lib/python3.12/site-packages/airflow/example_dags/example_external_task_marker_dag.py
[2025-03-12T20:59:44.742+0000] {processor.py:914} INFO - Processing file /home/airflow/.local/lib/python3.12/site-packages/airflow/example_dags/example_external_task_marker_dag.py for tasks to queue
[2025-03-12T20:59:44.743+0000] {logging_mixin.py:190} INFO - [2025-03-12T20:59:44.743+0000] {dagbag.py:588} INFO - Filling up the DagBag from /home/airflow/.local/lib/python3.12/site-packages/airflow/example_dags/example_external_task_marker_dag.py
[2025-03-12T20:59:44.749+0000] {processor.py:925} INFO - DAG(s) 'example_external_task_marker_parent', 'example_external_task_marker_child' retrieved from /home/airflow/.local/lib/python3.12/site-packages/airflow/example_dags/example_external_task_marker_dag.py
[2025-03-12T20:59:44.776+0000] {logging_mixin.py:190} INFO - [2025-03-12T20:59:44.776+0000] {dag.py:3239} INFO - Sync 2 DAGs
[2025-03-12T20:59:44.787+0000] {logging_mixin.py:190} INFO - [2025-03-12T20:59:44.786+0000] {dag.py:4180} INFO - Setting next_dagrun for example_external_task_marker_child to None, run_after=None
[2025-03-12T20:59:44.789+0000] {logging_mixin.py:190} INFO - [2025-03-12T20:59:44.789+0000] {dag.py:4180} INFO - Setting next_dagrun for example_external_task_marker_parent to None, run_after=None
[2025-03-12T20:59:44.807+0000] {processor.py:208} INFO - Processing /home/airflow/.local/lib/python3.12/site-packages/airflow/example_dags/example_external_task_marker_dag.py took 0.070 seconds
[2025-03-12T21:00:15.318+0000] {processor.py:186} INFO - Started process (PID=1772) to work on /home/airflow/.local/lib/python3.12/site-packages/airflow/example_dags/example_external_task_marker_dag.py
[2025-03-12T21:00:15.319+0000] {processor.py:914} INFO - Processing file /home/airflow/.local/lib/python3.12/site-packages/airflow/example_dags/example_external_task_marker_dag.py for tasks to queue
[2025-03-12T21:00:15.321+0000] {logging_mixin.py:190} INFO - [2025-03-12T21:00:15.320+0000] {dagbag.py:588} INFO - Filling up the DagBag from /home/airflow/.local/lib/python3.12/site-packages/airflow/example_dags/example_external_task_marker_dag.py
[2025-03-12T21:00:15.326+0000] {processor.py:925} INFO - DAG(s) 'example_external_task_marker_child', 'example_external_task_marker_parent' retrieved from /home/airflow/.local/lib/python3.12/site-packages/airflow/example_dags/example_external_task_marker_dag.py
[2025-03-12T21:00:15.346+0000] {logging_mixin.py:190} INFO - [2025-03-12T21:00:15.346+0000] {dag.py:3239} INFO - Sync 2 DAGs
[2025-03-12T21:00:15.358+0000] {logging_mixin.py:190} INFO - [2025-03-12T21:00:15.358+0000] {dag.py:4180} INFO - Setting next_dagrun for example_external_task_marker_child to None, run_after=None
[2025-03-12T21:00:15.363+0000] {logging_mixin.py:190} INFO - [2025-03-12T21:00:15.362+0000] {dag.py:4180} INFO - Setting next_dagrun for example_external_task_marker_parent to None, run_after=None
[2025-03-12T21:00:15.379+0000] {processor.py:208} INFO - Processing /home/airflow/.local/lib/python3.12/site-packages/airflow/example_dags/example_external_task_marker_dag.py took 0.065 seconds
[2025-03-12T21:00:46.186+0000] {processor.py:186} INFO - Started process (PID=1835) to work on /home/airflow/.local/lib/python3.12/site-packages/airflow/example_dags/example_external_task_marker_dag.py
[2025-03-12T21:00:46.186+0000] {processor.py:914} INFO - Processing file /home/airflow/.local/lib/python3.12/site-packages/airflow/example_dags/example_external_task_marker_dag.py for tasks to queue
[2025-03-12T21:00:46.188+0000] {logging_mixin.py:190} INFO - [2025-03-12T21:00:46.187+0000] {dagbag.py:588} INFO - Filling up the DagBag from /home/airflow/.local/lib/python3.12/site-packages/airflow/example_dags/example_external_task_marker_dag.py
[2025-03-12T21:00:46.192+0000] {processor.py:925} INFO - DAG(s) 'example_external_task_marker_child', 'example_external_task_marker_parent' retrieved from /home/airflow/.local/lib/python3.12/site-packages/airflow/example_dags/example_external_task_marker_dag.py
[2025-03-12T21:00:46.212+0000] {logging_mixin.py:190} INFO - [2025-03-12T21:00:46.211+0000] {dag.py:3239} INFO - Sync 2 DAGs
[2025-03-12T21:00:46.221+0000] {logging_mixin.py:190} INFO - [2025-03-12T21:00:46.221+0000] {dag.py:4180} INFO - Setting next_dagrun for example_external_task_marker_child to None, run_after=None
[2025-03-12T21:00:46.223+0000] {logging_mixin.py:190} INFO - [2025-03-12T21:00:46.223+0000] {dag.py:4180} INFO - Setting next_dagrun for example_external_task_marker_parent to None, run_after=None
[2025-03-12T21:00:46.233+0000] {processor.py:208} INFO - Processing /home/airflow/.local/lib/python3.12/site-packages/airflow/example_dags/example_external_task_marker_dag.py took 0.051 seconds
[2025-03-12T21:01:16.885+0000] {processor.py:186} INFO - Started process (PID=1898) to work on /home/airflow/.local/lib/python3.12/site-packages/airflow/example_dags/example_external_task_marker_dag.py
[2025-03-12T21:01:16.886+0000] {processor.py:914} INFO - Processing file /home/airflow/.local/lib/python3.12/site-packages/airflow/example_dags/example_external_task_marker_dag.py for tasks to queue
[2025-03-12T21:01:16.888+0000] {logging_mixin.py:190} INFO - [2025-03-12T21:01:16.887+0000] {dagbag.py:588} INFO - Filling up the DagBag from /home/airflow/.local/lib/python3.12/site-packages/airflow/example_dags/example_external_task_marker_dag.py
[2025-03-12T21:01:16.896+0000] {processor.py:925} INFO - DAG(s) 'example_external_task_marker_child', 'example_external_task_marker_parent' retrieved from /home/airflow/.local/lib/python3.12/site-packages/airflow/example_dags/example_external_task_marker_dag.py
[2025-03-12T21:01:16.922+0000] {logging_mixin.py:190} INFO - [2025-03-12T21:01:16.922+0000] {dag.py:3239} INFO - Sync 2 DAGs
[2025-03-12T21:01:16.938+0000] {logging_mixin.py:190} INFO - [2025-03-12T21:01:16.938+0000] {dag.py:4180} INFO - Setting next_dagrun for example_external_task_marker_child to None, run_after=None
[2025-03-12T21:01:16.943+0000] {logging_mixin.py:190} INFO - [2025-03-12T21:01:16.943+0000] {dag.py:4180} INFO - Setting next_dagrun for example_external_task_marker_parent to None, run_after=None
[2025-03-12T21:01:16.962+0000] {processor.py:208} INFO - Processing /home/airflow/.local/lib/python3.12/site-packages/airflow/example_dags/example_external_task_marker_dag.py took 0.083 seconds
[2025-03-12T21:01:48.035+0000] {processor.py:186} INFO - Started process (PID=1961) to work on /home/airflow/.local/lib/python3.12/site-packages/airflow/example_dags/example_external_task_marker_dag.py
[2025-03-12T21:01:48.036+0000] {processor.py:914} INFO - Processing file /home/airflow/.local/lib/python3.12/site-packages/airflow/example_dags/example_external_task_marker_dag.py for tasks to queue
[2025-03-12T21:01:48.039+0000] {logging_mixin.py:190} INFO - [2025-03-12T21:01:48.038+0000] {dagbag.py:588} INFO - Filling up the DagBag from /home/airflow/.local/lib/python3.12/site-packages/airflow/example_dags/example_external_task_marker_dag.py
[2025-03-12T21:01:48.047+0000] {processor.py:925} INFO - DAG(s) 'example_external_task_marker_child', 'example_external_task_marker_parent' retrieved from /home/airflow/.local/lib/python3.12/site-packages/airflow/example_dags/example_external_task_marker_dag.py
[2025-03-12T21:01:48.071+0000] {logging_mixin.py:190} INFO - [2025-03-12T21:01:48.071+0000] {dag.py:3239} INFO - Sync 2 DAGs
[2025-03-12T21:01:48.085+0000] {logging_mixin.py:190} INFO - [2025-03-12T21:01:48.085+0000] {dag.py:4180} INFO - Setting next_dagrun for example_external_task_marker_child to None, run_after=None
[2025-03-12T21:01:48.089+0000] {logging_mixin.py:190} INFO - [2025-03-12T21:01:48.089+0000] {dag.py:4180} INFO - Setting next_dagrun for example_external_task_marker_parent to None, run_after=None
[2025-03-12T21:01:48.106+0000] {processor.py:208} INFO - Processing /home/airflow/.local/lib/python3.12/site-packages/airflow/example_dags/example_external_task_marker_dag.py took 0.076 seconds
[2025-03-12T21:02:18.768+0000] {processor.py:186} INFO - Started process (PID=2024) to work on /home/airflow/.local/lib/python3.12/site-packages/airflow/example_dags/example_external_task_marker_dag.py
[2025-03-12T21:02:18.769+0000] {processor.py:914} INFO - Processing file /home/airflow/.local/lib/python3.12/site-packages/airflow/example_dags/example_external_task_marker_dag.py for tasks to queue
[2025-03-12T21:02:18.771+0000] {logging_mixin.py:190} INFO - [2025-03-12T21:02:18.771+0000] {dagbag.py:588} INFO - Filling up the DagBag from /home/airflow/.local/lib/python3.12/site-packages/airflow/example_dags/example_external_task_marker_dag.py
[2025-03-12T21:02:18.780+0000] {processor.py:925} INFO - DAG(s) 'example_external_task_marker_parent', 'example_external_task_marker_child' retrieved from /home/airflow/.local/lib/python3.12/site-packages/airflow/example_dags/example_external_task_marker_dag.py
[2025-03-12T21:02:18.805+0000] {logging_mixin.py:190} INFO - [2025-03-12T21:02:18.805+0000] {dag.py:3239} INFO - Sync 2 DAGs
[2025-03-12T21:02:18.819+0000] {logging_mixin.py:190} INFO - [2025-03-12T21:02:18.819+0000] {dag.py:4180} INFO - Setting next_dagrun for example_external_task_marker_child to None, run_after=None
[2025-03-12T21:02:18.823+0000] {logging_mixin.py:190} INFO - [2025-03-12T21:02:18.823+0000] {dag.py:4180} INFO - Setting next_dagrun for example_external_task_marker_parent to None, run_after=None
[2025-03-12T21:02:18.839+0000] {processor.py:208} INFO - Processing /home/airflow/.local/lib/python3.12/site-packages/airflow/example_dags/example_external_task_marker_dag.py took 0.077 seconds
[2025-03-12T21:02:49.085+0000] {processor.py:186} INFO - Started process (PID=2087) to work on /home/airflow/.local/lib/python3.12/site-packages/airflow/example_dags/example_external_task_marker_dag.py
[2025-03-12T21:02:49.086+0000] {processor.py:914} INFO - Processing file /home/airflow/.local/lib/python3.12/site-packages/airflow/example_dags/example_external_task_marker_dag.py for tasks to queue
[2025-03-12T21:02:49.088+0000] {logging_mixin.py:190} INFO - [2025-03-12T21:02:49.088+0000] {dagbag.py:588} INFO - Filling up the DagBag from /home/airflow/.local/lib/python3.12/site-packages/airflow/example_dags/example_external_task_marker_dag.py
[2025-03-12T21:02:49.093+0000] {processor.py:925} INFO - DAG(s) 'example_external_task_marker_parent', 'example_external_task_marker_child' retrieved from /home/airflow/.local/lib/python3.12/site-packages/airflow/example_dags/example_external_task_marker_dag.py
[2025-03-12T21:02:49.114+0000] {logging_mixin.py:190} INFO - [2025-03-12T21:02:49.114+0000] {dag.py:3239} INFO - Sync 2 DAGs
[2025-03-12T21:02:49.128+0000] {logging_mixin.py:190} INFO - [2025-03-12T21:02:49.128+0000] {dag.py:4180} INFO - Setting next_dagrun for example_external_task_marker_child to None, run_after=None
[2025-03-12T21:02:49.131+0000] {logging_mixin.py:190} INFO - [2025-03-12T21:02:49.131+0000] {dag.py:4180} INFO - Setting next_dagrun for example_external_task_marker_parent to None, run_after=None
[2025-03-12T21:02:49.150+0000] {processor.py:208} INFO - Processing /home/airflow/.local/lib/python3.12/site-packages/airflow/example_dags/example_external_task_marker_dag.py took 0.069 seconds
[2025-03-12T21:03:19.434+0000] {processor.py:186} INFO - Started process (PID=2150) to work on /home/airflow/.local/lib/python3.12/site-packages/airflow/example_dags/example_external_task_marker_dag.py
[2025-03-12T21:03:19.435+0000] {processor.py:914} INFO - Processing file /home/airflow/.local/lib/python3.12/site-packages/airflow/example_dags/example_external_task_marker_dag.py for tasks to queue
[2025-03-12T21:03:19.436+0000] {logging_mixin.py:190} INFO - [2025-03-12T21:03:19.436+0000] {dagbag.py:588} INFO - Filling up the DagBag from /home/airflow/.local/lib/python3.12/site-packages/airflow/example_dags/example_external_task_marker_dag.py
[2025-03-12T21:03:19.441+0000] {processor.py:925} INFO - DAG(s) 'example_external_task_marker_child', 'example_external_task_marker_parent' retrieved from /home/airflow/.local/lib/python3.12/site-packages/airflow/example_dags/example_external_task_marker_dag.py
[2025-03-12T21:03:19.460+0000] {logging_mixin.py:190} INFO - [2025-03-12T21:03:19.460+0000] {dag.py:3239} INFO - Sync 2 DAGs
[2025-03-12T21:03:19.472+0000] {logging_mixin.py:190} INFO - [2025-03-12T21:03:19.472+0000] {dag.py:4180} INFO - Setting next_dagrun for example_external_task_marker_child to None, run_after=None
[2025-03-12T21:03:19.476+0000] {logging_mixin.py:190} INFO - [2025-03-12T21:03:19.476+0000] {dag.py:4180} INFO - Setting next_dagrun for example_external_task_marker_parent to None, run_after=None
[2025-03-12T21:03:19.489+0000] {processor.py:208} INFO - Processing /home/airflow/.local/lib/python3.12/site-packages/airflow/example_dags/example_external_task_marker_dag.py took 0.058 seconds
[2025-03-12T21:03:49.748+0000] {processor.py:186} INFO - Started process (PID=2212) to work on /home/airflow/.local/lib/python3.12/site-packages/airflow/example_dags/example_external_task_marker_dag.py
[2025-03-12T21:03:49.749+0000] {processor.py:914} INFO - Processing file /home/airflow/.local/lib/python3.12/site-packages/airflow/example_dags/example_external_task_marker_dag.py for tasks to queue
[2025-03-12T21:03:49.750+0000] {logging_mixin.py:190} INFO - [2025-03-12T21:03:49.750+0000] {dagbag.py:588} INFO - Filling up the DagBag from /home/airflow/.local/lib/python3.12/site-packages/airflow/example_dags/example_external_task_marker_dag.py
[2025-03-12T21:03:49.755+0000] {processor.py:925} INFO - DAG(s) 'example_external_task_marker_parent', 'example_external_task_marker_child' retrieved from /home/airflow/.local/lib/python3.12/site-packages/airflow/example_dags/example_external_task_marker_dag.py
[2025-03-12T21:03:49.772+0000] {logging_mixin.py:190} INFO - [2025-03-12T21:03:49.772+0000] {dag.py:3239} INFO - Sync 2 DAGs
[2025-03-12T21:03:49.785+0000] {logging_mixin.py:190} INFO - [2025-03-12T21:03:49.784+0000] {dag.py:4180} INFO - Setting next_dagrun for example_external_task_marker_child to None, run_after=None
[2025-03-12T21:03:49.788+0000] {logging_mixin.py:190} INFO - [2025-03-12T21:03:49.788+0000] {dag.py:4180} INFO - Setting next_dagrun for example_external_task_marker_parent to None, run_after=None
[2025-03-12T21:03:49.801+0000] {processor.py:208} INFO - Processing /home/airflow/.local/lib/python3.12/site-packages/airflow/example_dags/example_external_task_marker_dag.py took 0.057 seconds
[2025-03-12T21:04:20.013+0000] {processor.py:186} INFO - Started process (PID=2275) to work on /home/airflow/.local/lib/python3.12/site-packages/airflow/example_dags/example_external_task_marker_dag.py
[2025-03-12T21:04:20.014+0000] {processor.py:914} INFO - Processing file /home/airflow/.local/lib/python3.12/site-packages/airflow/example_dags/example_external_task_marker_dag.py for tasks to queue
[2025-03-12T21:04:20.016+0000] {logging_mixin.py:190} INFO - [2025-03-12T21:04:20.016+0000] {dagbag.py:588} INFO - Filling up the DagBag from /home/airflow/.local/lib/python3.12/site-packages/airflow/example_dags/example_external_task_marker_dag.py
[2025-03-12T21:04:20.024+0000] {processor.py:925} INFO - DAG(s) 'example_external_task_marker_child', 'example_external_task_marker_parent' retrieved from /home/airflow/.local/lib/python3.12/site-packages/airflow/example_dags/example_external_task_marker_dag.py
[2025-03-12T21:04:20.047+0000] {logging_mixin.py:190} INFO - [2025-03-12T21:04:20.047+0000] {dag.py:3239} INFO - Sync 2 DAGs
[2025-03-12T21:04:20.061+0000] {logging_mixin.py:190} INFO - [2025-03-12T21:04:20.061+0000] {dag.py:4180} INFO - Setting next_dagrun for example_external_task_marker_child to None, run_after=None
[2025-03-12T21:04:20.066+0000] {logging_mixin.py:190} INFO - [2025-03-12T21:04:20.066+0000] {dag.py:4180} INFO - Setting next_dagrun for example_external_task_marker_parent to None, run_after=None
[2025-03-12T21:04:20.089+0000] {processor.py:208} INFO - Processing /home/airflow/.local/lib/python3.12/site-packages/airflow/example_dags/example_external_task_marker_dag.py took 0.081 seconds
[2025-03-12T21:04:50.993+0000] {processor.py:186} INFO - Started process (PID=2338) to work on /home/airflow/.local/lib/python3.12/site-packages/airflow/example_dags/example_external_task_marker_dag.py
[2025-03-12T21:04:50.994+0000] {processor.py:914} INFO - Processing file /home/airflow/.local/lib/python3.12/site-packages/airflow/example_dags/example_external_task_marker_dag.py for tasks to queue
[2025-03-12T21:04:50.996+0000] {logging_mixin.py:190} INFO - [2025-03-12T21:04:50.996+0000] {dagbag.py:588} INFO - Filling up the DagBag from /home/airflow/.local/lib/python3.12/site-packages/airflow/example_dags/example_external_task_marker_dag.py
[2025-03-12T21:04:51.002+0000] {processor.py:925} INFO - DAG(s) 'example_external_task_marker_child', 'example_external_task_marker_parent' retrieved from /home/airflow/.local/lib/python3.12/site-packages/airflow/example_dags/example_external_task_marker_dag.py
[2025-03-12T21:04:51.021+0000] {logging_mixin.py:190} INFO - [2025-03-12T21:04:51.021+0000] {dag.py:3239} INFO - Sync 2 DAGs
[2025-03-12T21:04:51.031+0000] {logging_mixin.py:190} INFO - [2025-03-12T21:04:51.031+0000] {dag.py:4180} INFO - Setting next_dagrun for example_external_task_marker_child to None, run_after=None
[2025-03-12T21:04:51.034+0000] {logging_mixin.py:190} INFO - [2025-03-12T21:04:51.034+0000] {dag.py:4180} INFO - Setting next_dagrun for example_external_task_marker_parent to None, run_after=None
[2025-03-12T21:04:51.047+0000] {processor.py:208} INFO - Processing /home/airflow/.local/lib/python3.12/site-packages/airflow/example_dags/example_external_task_marker_dag.py took 0.058 seconds
[2025-03-12T21:05:21.624+0000] {processor.py:186} INFO - Started process (PID=2401) to work on /home/airflow/.local/lib/python3.12/site-packages/airflow/example_dags/example_external_task_marker_dag.py
[2025-03-12T21:05:21.624+0000] {processor.py:914} INFO - Processing file /home/airflow/.local/lib/python3.12/site-packages/airflow/example_dags/example_external_task_marker_dag.py for tasks to queue
[2025-03-12T21:05:21.626+0000] {logging_mixin.py:190} INFO - [2025-03-12T21:05:21.626+0000] {dagbag.py:588} INFO - Filling up the DagBag from /home/airflow/.local/lib/python3.12/site-packages/airflow/example_dags/example_external_task_marker_dag.py
[2025-03-12T21:05:21.633+0000] {processor.py:925} INFO - DAG(s) 'example_external_task_marker_parent', 'example_external_task_marker_child' retrieved from /home/airflow/.local/lib/python3.12/site-packages/airflow/example_dags/example_external_task_marker_dag.py
[2025-03-12T21:05:21.653+0000] {logging_mixin.py:190} INFO - [2025-03-12T21:05:21.652+0000] {dag.py:3239} INFO - Sync 2 DAGs
[2025-03-12T21:05:21.663+0000] {logging_mixin.py:190} INFO - [2025-03-12T21:05:21.662+0000] {dag.py:4180} INFO - Setting next_dagrun for example_external_task_marker_child to None, run_after=None
[2025-03-12T21:05:21.665+0000] {logging_mixin.py:190} INFO - [2025-03-12T21:05:21.665+0000] {dag.py:4180} INFO - Setting next_dagrun for example_external_task_marker_parent to None, run_after=None
[2025-03-12T21:05:21.677+0000] {processor.py:208} INFO - Processing /home/airflow/.local/lib/python3.12/site-packages/airflow/example_dags/example_external_task_marker_dag.py took 0.059 seconds
[2025-03-12T21:05:51.759+0000] {processor.py:186} INFO - Started process (PID=2463) to work on /home/airflow/.local/lib/python3.12/site-packages/airflow/example_dags/example_external_task_marker_dag.py
[2025-03-12T21:05:51.759+0000] {processor.py:914} INFO - Processing file /home/airflow/.local/lib/python3.12/site-packages/airflow/example_dags/example_external_task_marker_dag.py for tasks to queue
[2025-03-12T21:05:51.761+0000] {logging_mixin.py:190} INFO - [2025-03-12T21:05:51.760+0000] {dagbag.py:588} INFO - Filling up the DagBag from /home/airflow/.local/lib/python3.12/site-packages/airflow/example_dags/example_external_task_marker_dag.py
[2025-03-12T21:05:51.766+0000] {processor.py:925} INFO - DAG(s) 'example_external_task_marker_parent', 'example_external_task_marker_child' retrieved from /home/airflow/.local/lib/python3.12/site-packages/airflow/example_dags/example_external_task_marker_dag.py
[2025-03-12T21:05:51.788+0000] {logging_mixin.py:190} INFO - [2025-03-12T21:05:51.787+0000] {dag.py:3239} INFO - Sync 2 DAGs
[2025-03-12T21:05:51.800+0000] {logging_mixin.py:190} INFO - [2025-03-12T21:05:51.799+0000] {dag.py:4180} INFO - Setting next_dagrun for example_external_task_marker_child to None, run_after=None
[2025-03-12T21:05:51.803+0000] {logging_mixin.py:190} INFO - [2025-03-12T21:05:51.803+0000] {dag.py:4180} INFO - Setting next_dagrun for example_external_task_marker_parent to None, run_after=None
[2025-03-12T21:05:51.818+0000] {processor.py:208} INFO - Processing /home/airflow/.local/lib/python3.12/site-packages/airflow/example_dags/example_external_task_marker_dag.py took 0.062 seconds
[2025-03-12T21:06:22.776+0000] {processor.py:186} INFO - Started process (PID=2527) to work on /home/airflow/.local/lib/python3.12/site-packages/airflow/example_dags/example_external_task_marker_dag.py
[2025-03-12T21:06:22.777+0000] {processor.py:914} INFO - Processing file /home/airflow/.local/lib/python3.12/site-packages/airflow/example_dags/example_external_task_marker_dag.py for tasks to queue
[2025-03-12T21:06:22.778+0000] {logging_mixin.py:190} INFO - [2025-03-12T21:06:22.778+0000] {dagbag.py:588} INFO - Filling up the DagBag from /home/airflow/.local/lib/python3.12/site-packages/airflow/example_dags/example_external_task_marker_dag.py
[2025-03-12T21:06:22.785+0000] {processor.py:925} INFO - DAG(s) 'example_external_task_marker_parent', 'example_external_task_marker_child' retrieved from /home/airflow/.local/lib/python3.12/site-packages/airflow/example_dags/example_external_task_marker_dag.py
[2025-03-12T21:06:22.805+0000] {logging_mixin.py:190} INFO - [2025-03-12T21:06:22.805+0000] {dag.py:3239} INFO - Sync 2 DAGs
[2025-03-12T21:06:22.814+0000] {logging_mixin.py:190} INFO - [2025-03-12T21:06:22.814+0000] {dag.py:4180} INFO - Setting next_dagrun for example_external_task_marker_child to None, run_after=None
[2025-03-12T21:06:22.817+0000] {logging_mixin.py:190} INFO - [2025-03-12T21:06:22.817+0000] {dag.py:4180} INFO - Setting next_dagrun for example_external_task_marker_parent to None, run_after=None
[2025-03-12T21:06:22.830+0000] {processor.py:208} INFO - Processing /home/airflow/.local/lib/python3.12/site-packages/airflow/example_dags/example_external_task_marker_dag.py took 0.059 seconds
[2025-03-12T21:06:53.490+0000] {processor.py:186} INFO - Started process (PID=2590) to work on /home/airflow/.local/lib/python3.12/site-packages/airflow/example_dags/example_external_task_marker_dag.py
[2025-03-12T21:06:53.491+0000] {processor.py:914} INFO - Processing file /home/airflow/.local/lib/python3.12/site-packages/airflow/example_dags/example_external_task_marker_dag.py for tasks to queue
[2025-03-12T21:06:53.493+0000] {logging_mixin.py:190} INFO - [2025-03-12T21:06:53.493+0000] {dagbag.py:588} INFO - Filling up the DagBag from /home/airflow/.local/lib/python3.12/site-packages/airflow/example_dags/example_external_task_marker_dag.py
[2025-03-12T21:06:53.499+0000] {processor.py:925} INFO - DAG(s) 'example_external_task_marker_parent', 'example_external_task_marker_child' retrieved from /home/airflow/.local/lib/python3.12/site-packages/airflow/example_dags/example_external_task_marker_dag.py
[2025-03-12T21:06:53.520+0000] {logging_mixin.py:190} INFO - [2025-03-12T21:06:53.520+0000] {dag.py:3239} INFO - Sync 2 DAGs
[2025-03-12T21:06:53.532+0000] {logging_mixin.py:190} INFO - [2025-03-12T21:06:53.531+0000] {dag.py:4180} INFO - Setting next_dagrun for example_external_task_marker_child to None, run_after=None
[2025-03-12T21:06:53.535+0000] {logging_mixin.py:190} INFO - [2025-03-12T21:06:53.535+0000] {dag.py:4180} INFO - Setting next_dagrun for example_external_task_marker_parent to None, run_after=None
[2025-03-12T21:06:53.549+0000] {processor.py:208} INFO - Processing /home/airflow/.local/lib/python3.12/site-packages/airflow/example_dags/example_external_task_marker_dag.py took 0.064 seconds
[2025-03-12T21:07:24.488+0000] {processor.py:186} INFO - Started process (PID=2653) to work on /home/airflow/.local/lib/python3.12/site-packages/airflow/example_dags/example_external_task_marker_dag.py
[2025-03-12T21:07:24.489+0000] {processor.py:914} INFO - Processing file /home/airflow/.local/lib/python3.12/site-packages/airflow/example_dags/example_external_task_marker_dag.py for tasks to queue
[2025-03-12T21:07:24.491+0000] {logging_mixin.py:190} INFO - [2025-03-12T21:07:24.491+0000] {dagbag.py:588} INFO - Filling up the DagBag from /home/airflow/.local/lib/python3.12/site-packages/airflow/example_dags/example_external_task_marker_dag.py
[2025-03-12T21:07:24.497+0000] {processor.py:925} INFO - DAG(s) 'example_external_task_marker_parent', 'example_external_task_marker_child' retrieved from /home/airflow/.local/lib/python3.12/site-packages/airflow/example_dags/example_external_task_marker_dag.py
[2025-03-12T21:07:24.519+0000] {logging_mixin.py:190} INFO - [2025-03-12T21:07:24.519+0000] {dag.py:3239} INFO - Sync 2 DAGs
[2025-03-12T21:07:24.530+0000] {logging_mixin.py:190} INFO - [2025-03-12T21:07:24.530+0000] {dag.py:4180} INFO - Setting next_dagrun for example_external_task_marker_child to None, run_after=None
[2025-03-12T21:07:24.534+0000] {logging_mixin.py:190} INFO - [2025-03-12T21:07:24.533+0000] {dag.py:4180} INFO - Setting next_dagrun for example_external_task_marker_parent to None, run_after=None
[2025-03-12T21:07:24.547+0000] {processor.py:208} INFO - Processing /home/airflow/.local/lib/python3.12/site-packages/airflow/example_dags/example_external_task_marker_dag.py took 0.065 seconds
[2025-03-12T21:07:54.797+0000] {processor.py:186} INFO - Started process (PID=2715) to work on /home/airflow/.local/lib/python3.12/site-packages/airflow/example_dags/example_external_task_marker_dag.py
[2025-03-12T21:07:54.798+0000] {processor.py:914} INFO - Processing file /home/airflow/.local/lib/python3.12/site-packages/airflow/example_dags/example_external_task_marker_dag.py for tasks to queue
[2025-03-12T21:07:54.800+0000] {logging_mixin.py:190} INFO - [2025-03-12T21:07:54.800+0000] {dagbag.py:588} INFO - Filling up the DagBag from /home/airflow/.local/lib/python3.12/site-packages/airflow/example_dags/example_external_task_marker_dag.py
[2025-03-12T21:07:54.804+0000] {processor.py:925} INFO - DAG(s) 'example_external_task_marker_child', 'example_external_task_marker_parent' retrieved from /home/airflow/.local/lib/python3.12/site-packages/airflow/example_dags/example_external_task_marker_dag.py
[2025-03-12T21:07:54.823+0000] {logging_mixin.py:190} INFO - [2025-03-12T21:07:54.822+0000] {dag.py:3239} INFO - Sync 2 DAGs
[2025-03-12T21:07:54.833+0000] {logging_mixin.py:190} INFO - [2025-03-12T21:07:54.833+0000] {dag.py:4180} INFO - Setting next_dagrun for example_external_task_marker_child to None, run_after=None
[2025-03-12T21:07:54.835+0000] {logging_mixin.py:190} INFO - [2025-03-12T21:07:54.835+0000] {dag.py:4180} INFO - Setting next_dagrun for example_external_task_marker_parent to None, run_after=None
[2025-03-12T21:07:54.846+0000] {processor.py:208} INFO - Processing /home/airflow/.local/lib/python3.12/site-packages/airflow/example_dags/example_external_task_marker_dag.py took 0.054 seconds
[2025-03-12T21:08:25.163+0000] {processor.py:186} INFO - Started process (PID=2778) to work on /home/airflow/.local/lib/python3.12/site-packages/airflow/example_dags/example_external_task_marker_dag.py
[2025-03-12T21:08:25.164+0000] {processor.py:914} INFO - Processing file /home/airflow/.local/lib/python3.12/site-packages/airflow/example_dags/example_external_task_marker_dag.py for tasks to queue
[2025-03-12T21:08:25.165+0000] {logging_mixin.py:190} INFO - [2025-03-12T21:08:25.165+0000] {dagbag.py:588} INFO - Filling up the DagBag from /home/airflow/.local/lib/python3.12/site-packages/airflow/example_dags/example_external_task_marker_dag.py
[2025-03-12T21:08:25.170+0000] {processor.py:925} INFO - DAG(s) 'example_external_task_marker_child', 'example_external_task_marker_parent' retrieved from /home/airflow/.local/lib/python3.12/site-packages/airflow/example_dags/example_external_task_marker_dag.py
[2025-03-12T21:08:25.186+0000] {logging_mixin.py:190} INFO - [2025-03-12T21:08:25.186+0000] {dag.py:3239} INFO - Sync 2 DAGs
[2025-03-12T21:08:25.195+0000] {logging_mixin.py:190} INFO - [2025-03-12T21:08:25.195+0000] {dag.py:4180} INFO - Setting next_dagrun for example_external_task_marker_child to None, run_after=None
[2025-03-12T21:08:25.198+0000] {logging_mixin.py:190} INFO - [2025-03-12T21:08:25.198+0000] {dag.py:4180} INFO - Setting next_dagrun for example_external_task_marker_parent to None, run_after=None
[2025-03-12T21:08:25.209+0000] {processor.py:208} INFO - Processing /home/airflow/.local/lib/python3.12/site-packages/airflow/example_dags/example_external_task_marker_dag.py took 0.050 seconds
