[2025-03-12T20:46:26.722+0000] {processor.py:186} INFO - Started process (PID=88) to work on /home/airflow/.local/lib/python3.12/site-packages/airflow/example_dags/example_task_group_decorator.py
[2025-03-12T20:46:26.723+0000] {processor.py:914} INFO - Processing file /home/airflow/.local/lib/python3.12/site-packages/airflow/example_dags/example_task_group_decorator.py for tasks to queue
[2025-03-12T20:46:26.725+0000] {logging_mixin.py:190} INFO - [2025-03-12T20:46:26.724+0000] {dagbag.py:588} INFO - Filling up the DagBag from /home/airflow/.local/lib/python3.12/site-packages/airflow/example_dags/example_task_group_decorator.py
[2025-03-12T20:46:26.735+0000] {processor.py:925} INFO - DAG(s) 'example_task_group_decorator' retrieved from /home/airflow/.local/lib/python3.12/site-packages/airflow/example_dags/example_task_group_decorator.py
[2025-03-12T20:46:26.814+0000] {logging_mixin.py:190} INFO - [2025-03-12T20:46:26.813+0000] {override.py:1912} INFO - Created Permission View: can edit on DAG:example_task_group_decorator
[2025-03-12T20:46:26.823+0000] {logging_mixin.py:190} INFO - [2025-03-12T20:46:26.823+0000] {override.py:1912} INFO - Created Permission View: can read on DAG:example_task_group_decorator
[2025-03-12T20:46:26.830+0000] {logging_mixin.py:190} INFO - [2025-03-12T20:46:26.829+0000] {override.py:1912} INFO - Created Permission View: can delete on DAG:example_task_group_decorator
[2025-03-12T20:46:26.836+0000] {logging_mixin.py:190} INFO - [2025-03-12T20:46:26.836+0000] {override.py:1912} INFO - Created Permission View: menu access on DAG Run:example_task_group_decorator
[2025-03-12T20:46:26.843+0000] {logging_mixin.py:190} INFO - [2025-03-12T20:46:26.842+0000] {override.py:1912} INFO - Created Permission View: can create on DAG Run:example_task_group_decorator
[2025-03-12T20:46:26.850+0000] {logging_mixin.py:190} INFO - [2025-03-12T20:46:26.849+0000] {override.py:1912} INFO - Created Permission View: can read on DAG Run:example_task_group_decorator
[2025-03-12T20:46:26.857+0000] {logging_mixin.py:190} INFO - [2025-03-12T20:46:26.857+0000] {override.py:1912} INFO - Created Permission View: can delete on DAG Run:example_task_group_decorator
[2025-03-12T20:46:26.858+0000] {logging_mixin.py:190} INFO - [2025-03-12T20:46:26.858+0000] {dag.py:3239} INFO - Sync 1 DAGs
[2025-03-12T20:46:26.870+0000] {logging_mixin.py:190} INFO - [2025-03-12T20:46:26.870+0000] {dag.py:3262} INFO - Creating ORM DAG for example_task_group_decorator
[2025-03-12T20:46:26.871+0000] {logging_mixin.py:190} INFO - [2025-03-12T20:46:26.871+0000] {dag.py:4180} INFO - Setting next_dagrun for example_task_group_decorator to None, run_after=None
[2025-03-12T20:46:26.884+0000] {processor.py:208} INFO - Processing /home/airflow/.local/lib/python3.12/site-packages/airflow/example_dags/example_task_group_decorator.py took 0.167 seconds
[2025-03-12T20:46:57.145+0000] {processor.py:186} INFO - Started process (PID=151) to work on /home/airflow/.local/lib/python3.12/site-packages/airflow/example_dags/example_task_group_decorator.py
[2025-03-12T20:46:57.146+0000] {processor.py:914} INFO - Processing file /home/airflow/.local/lib/python3.12/site-packages/airflow/example_dags/example_task_group_decorator.py for tasks to queue
[2025-03-12T20:46:57.147+0000] {logging_mixin.py:190} INFO - [2025-03-12T20:46:57.147+0000] {dagbag.py:588} INFO - Filling up the DagBag from /home/airflow/.local/lib/python3.12/site-packages/airflow/example_dags/example_task_group_decorator.py
[2025-03-12T20:46:57.157+0000] {processor.py:925} INFO - DAG(s) 'example_task_group_decorator' retrieved from /home/airflow/.local/lib/python3.12/site-packages/airflow/example_dags/example_task_group_decorator.py
[2025-03-12T20:46:57.176+0000] {logging_mixin.py:190} INFO - [2025-03-12T20:46:57.176+0000] {dag.py:3239} INFO - Sync 1 DAGs
[2025-03-12T20:46:57.188+0000] {logging_mixin.py:190} INFO - [2025-03-12T20:46:57.188+0000] {dag.py:4180} INFO - Setting next_dagrun for example_task_group_decorator to None, run_after=None
[2025-03-12T20:46:57.203+0000] {processor.py:208} INFO - Processing /home/airflow/.local/lib/python3.12/site-packages/airflow/example_dags/example_task_group_decorator.py took 0.062 seconds
[2025-03-12T20:47:27.520+0000] {processor.py:186} INFO - Started process (PID=214) to work on /home/airflow/.local/lib/python3.12/site-packages/airflow/example_dags/example_task_group_decorator.py
[2025-03-12T20:47:27.521+0000] {processor.py:914} INFO - Processing file /home/airflow/.local/lib/python3.12/site-packages/airflow/example_dags/example_task_group_decorator.py for tasks to queue
[2025-03-12T20:47:27.523+0000] {logging_mixin.py:190} INFO - [2025-03-12T20:47:27.523+0000] {dagbag.py:588} INFO - Filling up the DagBag from /home/airflow/.local/lib/python3.12/site-packages/airflow/example_dags/example_task_group_decorator.py
[2025-03-12T20:47:27.534+0000] {processor.py:925} INFO - DAG(s) 'example_task_group_decorator' retrieved from /home/airflow/.local/lib/python3.12/site-packages/airflow/example_dags/example_task_group_decorator.py
[2025-03-12T20:47:27.557+0000] {logging_mixin.py:190} INFO - [2025-03-12T20:47:27.557+0000] {dag.py:3239} INFO - Sync 1 DAGs
[2025-03-12T20:47:27.572+0000] {logging_mixin.py:190} INFO - [2025-03-12T20:47:27.571+0000] {dag.py:4180} INFO - Setting next_dagrun for example_task_group_decorator to None, run_after=None
[2025-03-12T20:47:27.597+0000] {processor.py:208} INFO - Processing /home/airflow/.local/lib/python3.12/site-packages/airflow/example_dags/example_task_group_decorator.py took 0.082 seconds
[2025-03-12T20:47:57.756+0000] {processor.py:186} INFO - Started process (PID=277) to work on /home/airflow/.local/lib/python3.12/site-packages/airflow/example_dags/example_task_group_decorator.py
[2025-03-12T20:47:57.757+0000] {processor.py:914} INFO - Processing file /home/airflow/.local/lib/python3.12/site-packages/airflow/example_dags/example_task_group_decorator.py for tasks to queue
[2025-03-12T20:47:57.759+0000] {logging_mixin.py:190} INFO - [2025-03-12T20:47:57.759+0000] {dagbag.py:588} INFO - Filling up the DagBag from /home/airflow/.local/lib/python3.12/site-packages/airflow/example_dags/example_task_group_decorator.py
[2025-03-12T20:47:57.768+0000] {processor.py:925} INFO - DAG(s) 'example_task_group_decorator' retrieved from /home/airflow/.local/lib/python3.12/site-packages/airflow/example_dags/example_task_group_decorator.py
[2025-03-12T20:47:57.790+0000] {logging_mixin.py:190} INFO - [2025-03-12T20:47:57.789+0000] {dag.py:3239} INFO - Sync 1 DAGs
[2025-03-12T20:47:57.803+0000] {logging_mixin.py:190} INFO - [2025-03-12T20:47:57.803+0000] {dag.py:4180} INFO - Setting next_dagrun for example_task_group_decorator to None, run_after=None
[2025-03-12T20:47:57.820+0000] {processor.py:208} INFO - Processing /home/airflow/.local/lib/python3.12/site-packages/airflow/example_dags/example_task_group_decorator.py took 0.067 seconds
[2025-03-12T20:48:28.494+0000] {processor.py:186} INFO - Started process (PID=340) to work on /home/airflow/.local/lib/python3.12/site-packages/airflow/example_dags/example_task_group_decorator.py
[2025-03-12T20:48:28.495+0000] {processor.py:914} INFO - Processing file /home/airflow/.local/lib/python3.12/site-packages/airflow/example_dags/example_task_group_decorator.py for tasks to queue
[2025-03-12T20:48:28.496+0000] {logging_mixin.py:190} INFO - [2025-03-12T20:48:28.496+0000] {dagbag.py:588} INFO - Filling up the DagBag from /home/airflow/.local/lib/python3.12/site-packages/airflow/example_dags/example_task_group_decorator.py
[2025-03-12T20:48:28.506+0000] {processor.py:925} INFO - DAG(s) 'example_task_group_decorator' retrieved from /home/airflow/.local/lib/python3.12/site-packages/airflow/example_dags/example_task_group_decorator.py
[2025-03-12T20:48:28.536+0000] {logging_mixin.py:190} INFO - [2025-03-12T20:48:28.535+0000] {dag.py:3239} INFO - Sync 1 DAGs
[2025-03-12T20:48:28.552+0000] {logging_mixin.py:190} INFO - [2025-03-12T20:48:28.552+0000] {dag.py:4180} INFO - Setting next_dagrun for example_task_group_decorator to None, run_after=None
[2025-03-12T20:48:28.572+0000] {processor.py:208} INFO - Processing /home/airflow/.local/lib/python3.12/site-packages/airflow/example_dags/example_task_group_decorator.py took 0.082 seconds
[2025-03-12T20:49:00.058+0000] {processor.py:186} INFO - Started process (PID=403) to work on /home/airflow/.local/lib/python3.12/site-packages/airflow/example_dags/example_task_group_decorator.py
[2025-03-12T20:49:00.058+0000] {processor.py:914} INFO - Processing file /home/airflow/.local/lib/python3.12/site-packages/airflow/example_dags/example_task_group_decorator.py for tasks to queue
[2025-03-12T20:49:00.060+0000] {logging_mixin.py:190} INFO - [2025-03-12T20:49:00.060+0000] {dagbag.py:588} INFO - Filling up the DagBag from /home/airflow/.local/lib/python3.12/site-packages/airflow/example_dags/example_task_group_decorator.py
[2025-03-12T20:49:00.069+0000] {processor.py:925} INFO - DAG(s) 'example_task_group_decorator' retrieved from /home/airflow/.local/lib/python3.12/site-packages/airflow/example_dags/example_task_group_decorator.py
[2025-03-12T20:49:00.088+0000] {logging_mixin.py:190} INFO - [2025-03-12T20:49:00.088+0000] {dag.py:3239} INFO - Sync 1 DAGs
[2025-03-12T20:49:00.101+0000] {logging_mixin.py:190} INFO - [2025-03-12T20:49:00.100+0000] {dag.py:4180} INFO - Setting next_dagrun for example_task_group_decorator to None, run_after=None
[2025-03-12T20:49:00.117+0000] {processor.py:208} INFO - Processing /home/airflow/.local/lib/python3.12/site-packages/airflow/example_dags/example_task_group_decorator.py took 0.063 seconds
[2025-03-12T20:49:30.853+0000] {processor.py:186} INFO - Started process (PID=466) to work on /home/airflow/.local/lib/python3.12/site-packages/airflow/example_dags/example_task_group_decorator.py
[2025-03-12T20:49:30.854+0000] {processor.py:914} INFO - Processing file /home/airflow/.local/lib/python3.12/site-packages/airflow/example_dags/example_task_group_decorator.py for tasks to queue
[2025-03-12T20:49:30.855+0000] {logging_mixin.py:190} INFO - [2025-03-12T20:49:30.855+0000] {dagbag.py:588} INFO - Filling up the DagBag from /home/airflow/.local/lib/python3.12/site-packages/airflow/example_dags/example_task_group_decorator.py
[2025-03-12T20:49:30.866+0000] {processor.py:925} INFO - DAG(s) 'example_task_group_decorator' retrieved from /home/airflow/.local/lib/python3.12/site-packages/airflow/example_dags/example_task_group_decorator.py
[2025-03-12T20:49:30.890+0000] {logging_mixin.py:190} INFO - [2025-03-12T20:49:30.889+0000] {dag.py:3239} INFO - Sync 1 DAGs
[2025-03-12T20:49:30.903+0000] {logging_mixin.py:190} INFO - [2025-03-12T20:49:30.903+0000] {dag.py:4180} INFO - Setting next_dagrun for example_task_group_decorator to None, run_after=None
[2025-03-12T20:49:30.923+0000] {processor.py:208} INFO - Processing /home/airflow/.local/lib/python3.12/site-packages/airflow/example_dags/example_task_group_decorator.py took 0.074 seconds
[2025-03-12T20:50:01.289+0000] {processor.py:186} INFO - Started process (PID=529) to work on /home/airflow/.local/lib/python3.12/site-packages/airflow/example_dags/example_task_group_decorator.py
[2025-03-12T20:50:01.290+0000] {processor.py:914} INFO - Processing file /home/airflow/.local/lib/python3.12/site-packages/airflow/example_dags/example_task_group_decorator.py for tasks to queue
[2025-03-12T20:50:01.291+0000] {logging_mixin.py:190} INFO - [2025-03-12T20:50:01.291+0000] {dagbag.py:588} INFO - Filling up the DagBag from /home/airflow/.local/lib/python3.12/site-packages/airflow/example_dags/example_task_group_decorator.py
[2025-03-12T20:50:01.304+0000] {processor.py:925} INFO - DAG(s) 'example_task_group_decorator' retrieved from /home/airflow/.local/lib/python3.12/site-packages/airflow/example_dags/example_task_group_decorator.py
[2025-03-12T20:50:01.323+0000] {logging_mixin.py:190} INFO - [2025-03-12T20:50:01.323+0000] {dag.py:3239} INFO - Sync 1 DAGs
[2025-03-12T20:50:01.332+0000] {logging_mixin.py:190} INFO - [2025-03-12T20:50:01.331+0000] {dag.py:4180} INFO - Setting next_dagrun for example_task_group_decorator to None, run_after=None
[2025-03-12T20:50:01.346+0000] {processor.py:208} INFO - Processing /home/airflow/.local/lib/python3.12/site-packages/airflow/example_dags/example_task_group_decorator.py took 0.061 seconds
[2025-03-12T20:50:31.986+0000] {processor.py:186} INFO - Started process (PID=592) to work on /home/airflow/.local/lib/python3.12/site-packages/airflow/example_dags/example_task_group_decorator.py
[2025-03-12T20:50:31.987+0000] {processor.py:914} INFO - Processing file /home/airflow/.local/lib/python3.12/site-packages/airflow/example_dags/example_task_group_decorator.py for tasks to queue
[2025-03-12T20:50:31.989+0000] {logging_mixin.py:190} INFO - [2025-03-12T20:50:31.988+0000] {dagbag.py:588} INFO - Filling up the DagBag from /home/airflow/.local/lib/python3.12/site-packages/airflow/example_dags/example_task_group_decorator.py
[2025-03-12T20:50:31.997+0000] {processor.py:925} INFO - DAG(s) 'example_task_group_decorator' retrieved from /home/airflow/.local/lib/python3.12/site-packages/airflow/example_dags/example_task_group_decorator.py
[2025-03-12T20:50:32.016+0000] {logging_mixin.py:190} INFO - [2025-03-12T20:50:32.015+0000] {dag.py:3239} INFO - Sync 1 DAGs
[2025-03-12T20:50:32.028+0000] {logging_mixin.py:190} INFO - [2025-03-12T20:50:32.028+0000] {dag.py:4180} INFO - Setting next_dagrun for example_task_group_decorator to None, run_after=None
[2025-03-12T20:50:32.043+0000] {processor.py:208} INFO - Processing /home/airflow/.local/lib/python3.12/site-packages/airflow/example_dags/example_task_group_decorator.py took 0.060 seconds
[2025-03-12T20:51:02.336+0000] {processor.py:186} INFO - Started process (PID=655) to work on /home/airflow/.local/lib/python3.12/site-packages/airflow/example_dags/example_task_group_decorator.py
[2025-03-12T20:51:02.337+0000] {processor.py:914} INFO - Processing file /home/airflow/.local/lib/python3.12/site-packages/airflow/example_dags/example_task_group_decorator.py for tasks to queue
[2025-03-12T20:51:02.339+0000] {logging_mixin.py:190} INFO - [2025-03-12T20:51:02.339+0000] {dagbag.py:588} INFO - Filling up the DagBag from /home/airflow/.local/lib/python3.12/site-packages/airflow/example_dags/example_task_group_decorator.py
[2025-03-12T20:51:02.351+0000] {processor.py:925} INFO - DAG(s) 'example_task_group_decorator' retrieved from /home/airflow/.local/lib/python3.12/site-packages/airflow/example_dags/example_task_group_decorator.py
[2025-03-12T20:51:02.368+0000] {logging_mixin.py:190} INFO - [2025-03-12T20:51:02.368+0000] {dag.py:3239} INFO - Sync 1 DAGs
[2025-03-12T20:51:02.379+0000] {logging_mixin.py:190} INFO - [2025-03-12T20:51:02.378+0000] {dag.py:4180} INFO - Setting next_dagrun for example_task_group_decorator to None, run_after=None
[2025-03-12T20:51:02.393+0000] {processor.py:208} INFO - Processing /home/airflow/.local/lib/python3.12/site-packages/airflow/example_dags/example_task_group_decorator.py took 0.061 seconds
[2025-03-12T20:51:32.690+0000] {processor.py:186} INFO - Started process (PID=718) to work on /home/airflow/.local/lib/python3.12/site-packages/airflow/example_dags/example_task_group_decorator.py
[2025-03-12T20:51:32.691+0000] {processor.py:914} INFO - Processing file /home/airflow/.local/lib/python3.12/site-packages/airflow/example_dags/example_task_group_decorator.py for tasks to queue
[2025-03-12T20:51:32.692+0000] {logging_mixin.py:190} INFO - [2025-03-12T20:51:32.692+0000] {dagbag.py:588} INFO - Filling up the DagBag from /home/airflow/.local/lib/python3.12/site-packages/airflow/example_dags/example_task_group_decorator.py
[2025-03-12T20:51:32.700+0000] {processor.py:925} INFO - DAG(s) 'example_task_group_decorator' retrieved from /home/airflow/.local/lib/python3.12/site-packages/airflow/example_dags/example_task_group_decorator.py
[2025-03-12T20:51:32.719+0000] {logging_mixin.py:190} INFO - [2025-03-12T20:51:32.719+0000] {dag.py:3239} INFO - Sync 1 DAGs
[2025-03-12T20:51:32.731+0000] {logging_mixin.py:190} INFO - [2025-03-12T20:51:32.731+0000] {dag.py:4180} INFO - Setting next_dagrun for example_task_group_decorator to None, run_after=None
[2025-03-12T20:51:32.748+0000] {processor.py:208} INFO - Processing /home/airflow/.local/lib/python3.12/site-packages/airflow/example_dags/example_task_group_decorator.py took 0.061 seconds
[2025-03-12T20:52:04.011+0000] {processor.py:186} INFO - Started process (PID=781) to work on /home/airflow/.local/lib/python3.12/site-packages/airflow/example_dags/example_task_group_decorator.py
[2025-03-12T20:52:04.012+0000] {processor.py:914} INFO - Processing file /home/airflow/.local/lib/python3.12/site-packages/airflow/example_dags/example_task_group_decorator.py for tasks to queue
[2025-03-12T20:52:04.014+0000] {logging_mixin.py:190} INFO - [2025-03-12T20:52:04.014+0000] {dagbag.py:588} INFO - Filling up the DagBag from /home/airflow/.local/lib/python3.12/site-packages/airflow/example_dags/example_task_group_decorator.py
[2025-03-12T20:52:04.027+0000] {processor.py:925} INFO - DAG(s) 'example_task_group_decorator' retrieved from /home/airflow/.local/lib/python3.12/site-packages/airflow/example_dags/example_task_group_decorator.py
[2025-03-12T20:52:04.049+0000] {logging_mixin.py:190} INFO - [2025-03-12T20:52:04.049+0000] {dag.py:3239} INFO - Sync 1 DAGs
[2025-03-12T20:52:04.063+0000] {logging_mixin.py:190} INFO - [2025-03-12T20:52:04.063+0000] {dag.py:4180} INFO - Setting next_dagrun for example_task_group_decorator to None, run_after=None
[2025-03-12T20:52:04.083+0000] {processor.py:208} INFO - Processing /home/airflow/.local/lib/python3.12/site-packages/airflow/example_dags/example_task_group_decorator.py took 0.076 seconds
[2025-03-12T20:52:34.551+0000] {processor.py:186} INFO - Started process (PID=844) to work on /home/airflow/.local/lib/python3.12/site-packages/airflow/example_dags/example_task_group_decorator.py
[2025-03-12T20:52:34.552+0000] {processor.py:914} INFO - Processing file /home/airflow/.local/lib/python3.12/site-packages/airflow/example_dags/example_task_group_decorator.py for tasks to queue
[2025-03-12T20:52:34.554+0000] {logging_mixin.py:190} INFO - [2025-03-12T20:52:34.553+0000] {dagbag.py:588} INFO - Filling up the DagBag from /home/airflow/.local/lib/python3.12/site-packages/airflow/example_dags/example_task_group_decorator.py
[2025-03-12T20:52:34.564+0000] {processor.py:925} INFO - DAG(s) 'example_task_group_decorator' retrieved from /home/airflow/.local/lib/python3.12/site-packages/airflow/example_dags/example_task_group_decorator.py
[2025-03-12T20:52:34.584+0000] {logging_mixin.py:190} INFO - [2025-03-12T20:52:34.583+0000] {dag.py:3239} INFO - Sync 1 DAGs
[2025-03-12T20:52:34.597+0000] {logging_mixin.py:190} INFO - [2025-03-12T20:52:34.597+0000] {dag.py:4180} INFO - Setting next_dagrun for example_task_group_decorator to None, run_after=None
[2025-03-12T20:52:34.614+0000] {processor.py:208} INFO - Processing /home/airflow/.local/lib/python3.12/site-packages/airflow/example_dags/example_task_group_decorator.py took 0.067 seconds
[2025-03-12T20:53:05.489+0000] {processor.py:186} INFO - Started process (PID=907) to work on /home/airflow/.local/lib/python3.12/site-packages/airflow/example_dags/example_task_group_decorator.py
[2025-03-12T20:53:05.490+0000] {processor.py:914} INFO - Processing file /home/airflow/.local/lib/python3.12/site-packages/airflow/example_dags/example_task_group_decorator.py for tasks to queue
[2025-03-12T20:53:05.492+0000] {logging_mixin.py:190} INFO - [2025-03-12T20:53:05.491+0000] {dagbag.py:588} INFO - Filling up the DagBag from /home/airflow/.local/lib/python3.12/site-packages/airflow/example_dags/example_task_group_decorator.py
[2025-03-12T20:53:05.501+0000] {processor.py:925} INFO - DAG(s) 'example_task_group_decorator' retrieved from /home/airflow/.local/lib/python3.12/site-packages/airflow/example_dags/example_task_group_decorator.py
[2025-03-12T20:53:05.522+0000] {logging_mixin.py:190} INFO - [2025-03-12T20:53:05.522+0000] {dag.py:3239} INFO - Sync 1 DAGs
[2025-03-12T20:53:05.535+0000] {logging_mixin.py:190} INFO - [2025-03-12T20:53:05.535+0000] {dag.py:4180} INFO - Setting next_dagrun for example_task_group_decorator to None, run_after=None
[2025-03-12T20:53:05.554+0000] {processor.py:208} INFO - Processing /home/airflow/.local/lib/python3.12/site-packages/airflow/example_dags/example_task_group_decorator.py took 0.069 seconds
[2025-03-12T20:53:36.201+0000] {processor.py:186} INFO - Started process (PID=970) to work on /home/airflow/.local/lib/python3.12/site-packages/airflow/example_dags/example_task_group_decorator.py
[2025-03-12T20:53:36.202+0000] {processor.py:914} INFO - Processing file /home/airflow/.local/lib/python3.12/site-packages/airflow/example_dags/example_task_group_decorator.py for tasks to queue
[2025-03-12T20:53:36.204+0000] {logging_mixin.py:190} INFO - [2025-03-12T20:53:36.204+0000] {dagbag.py:588} INFO - Filling up the DagBag from /home/airflow/.local/lib/python3.12/site-packages/airflow/example_dags/example_task_group_decorator.py
[2025-03-12T20:53:36.221+0000] {processor.py:925} INFO - DAG(s) 'example_task_group_decorator' retrieved from /home/airflow/.local/lib/python3.12/site-packages/airflow/example_dags/example_task_group_decorator.py
[2025-03-12T20:53:36.247+0000] {logging_mixin.py:190} INFO - [2025-03-12T20:53:36.247+0000] {dag.py:3239} INFO - Sync 1 DAGs
[2025-03-12T20:53:36.258+0000] {logging_mixin.py:190} INFO - [2025-03-12T20:53:36.258+0000] {dag.py:4180} INFO - Setting next_dagrun for example_task_group_decorator to None, run_after=None
[2025-03-12T20:53:36.277+0000] {processor.py:208} INFO - Processing /home/airflow/.local/lib/python3.12/site-packages/airflow/example_dags/example_task_group_decorator.py took 0.081 seconds
[2025-03-12T20:54:06.532+0000] {processor.py:186} INFO - Started process (PID=1033) to work on /home/airflow/.local/lib/python3.12/site-packages/airflow/example_dags/example_task_group_decorator.py
[2025-03-12T20:54:06.533+0000] {processor.py:914} INFO - Processing file /home/airflow/.local/lib/python3.12/site-packages/airflow/example_dags/example_task_group_decorator.py for tasks to queue
[2025-03-12T20:54:06.534+0000] {logging_mixin.py:190} INFO - [2025-03-12T20:54:06.534+0000] {dagbag.py:588} INFO - Filling up the DagBag from /home/airflow/.local/lib/python3.12/site-packages/airflow/example_dags/example_task_group_decorator.py
[2025-03-12T20:54:06.543+0000] {processor.py:925} INFO - DAG(s) 'example_task_group_decorator' retrieved from /home/airflow/.local/lib/python3.12/site-packages/airflow/example_dags/example_task_group_decorator.py
[2025-03-12T20:54:06.563+0000] {logging_mixin.py:190} INFO - [2025-03-12T20:54:06.563+0000] {dag.py:3239} INFO - Sync 1 DAGs
[2025-03-12T20:54:06.576+0000] {logging_mixin.py:190} INFO - [2025-03-12T20:54:06.576+0000] {dag.py:4180} INFO - Setting next_dagrun for example_task_group_decorator to None, run_after=None
[2025-03-12T20:54:06.592+0000] {processor.py:208} INFO - Processing /home/airflow/.local/lib/python3.12/site-packages/airflow/example_dags/example_task_group_decorator.py took 0.063 seconds
[2025-03-12T20:54:37.314+0000] {processor.py:186} INFO - Started process (PID=1096) to work on /home/airflow/.local/lib/python3.12/site-packages/airflow/example_dags/example_task_group_decorator.py
[2025-03-12T20:54:37.315+0000] {processor.py:914} INFO - Processing file /home/airflow/.local/lib/python3.12/site-packages/airflow/example_dags/example_task_group_decorator.py for tasks to queue
[2025-03-12T20:54:37.317+0000] {logging_mixin.py:190} INFO - [2025-03-12T20:54:37.317+0000] {dagbag.py:588} INFO - Filling up the DagBag from /home/airflow/.local/lib/python3.12/site-packages/airflow/example_dags/example_task_group_decorator.py
[2025-03-12T20:54:37.331+0000] {processor.py:925} INFO - DAG(s) 'example_task_group_decorator' retrieved from /home/airflow/.local/lib/python3.12/site-packages/airflow/example_dags/example_task_group_decorator.py
[2025-03-12T20:54:37.353+0000] {logging_mixin.py:190} INFO - [2025-03-12T20:54:37.352+0000] {dag.py:3239} INFO - Sync 1 DAGs
[2025-03-12T20:54:37.363+0000] {logging_mixin.py:190} INFO - [2025-03-12T20:54:37.363+0000] {dag.py:4180} INFO - Setting next_dagrun for example_task_group_decorator to None, run_after=None
[2025-03-12T20:54:37.379+0000] {processor.py:208} INFO - Processing /home/airflow/.local/lib/python3.12/site-packages/airflow/example_dags/example_task_group_decorator.py took 0.073 seconds
[2025-03-12T20:55:08.248+0000] {processor.py:186} INFO - Started process (PID=1159) to work on /home/airflow/.local/lib/python3.12/site-packages/airflow/example_dags/example_task_group_decorator.py
[2025-03-12T20:55:08.249+0000] {processor.py:914} INFO - Processing file /home/airflow/.local/lib/python3.12/site-packages/airflow/example_dags/example_task_group_decorator.py for tasks to queue
[2025-03-12T20:55:08.250+0000] {logging_mixin.py:190} INFO - [2025-03-12T20:55:08.250+0000] {dagbag.py:588} INFO - Filling up the DagBag from /home/airflow/.local/lib/python3.12/site-packages/airflow/example_dags/example_task_group_decorator.py
[2025-03-12T20:55:08.258+0000] {processor.py:925} INFO - DAG(s) 'example_task_group_decorator' retrieved from /home/airflow/.local/lib/python3.12/site-packages/airflow/example_dags/example_task_group_decorator.py
[2025-03-12T20:55:08.276+0000] {logging_mixin.py:190} INFO - [2025-03-12T20:55:08.276+0000] {dag.py:3239} INFO - Sync 1 DAGs
[2025-03-12T20:55:08.284+0000] {logging_mixin.py:190} INFO - [2025-03-12T20:55:08.284+0000] {dag.py:4180} INFO - Setting next_dagrun for example_task_group_decorator to None, run_after=None
[2025-03-12T20:55:08.297+0000] {processor.py:208} INFO - Processing /home/airflow/.local/lib/python3.12/site-packages/airflow/example_dags/example_task_group_decorator.py took 0.054 seconds
[2025-03-12T20:55:39.478+0000] {processor.py:186} INFO - Started process (PID=1222) to work on /home/airflow/.local/lib/python3.12/site-packages/airflow/example_dags/example_task_group_decorator.py
[2025-03-12T20:55:39.479+0000] {processor.py:914} INFO - Processing file /home/airflow/.local/lib/python3.12/site-packages/airflow/example_dags/example_task_group_decorator.py for tasks to queue
[2025-03-12T20:55:39.481+0000] {logging_mixin.py:190} INFO - [2025-03-12T20:55:39.481+0000] {dagbag.py:588} INFO - Filling up the DagBag from /home/airflow/.local/lib/python3.12/site-packages/airflow/example_dags/example_task_group_decorator.py
[2025-03-12T20:55:39.497+0000] {processor.py:925} INFO - DAG(s) 'example_task_group_decorator' retrieved from /home/airflow/.local/lib/python3.12/site-packages/airflow/example_dags/example_task_group_decorator.py
[2025-03-12T20:55:39.524+0000] {logging_mixin.py:190} INFO - [2025-03-12T20:55:39.524+0000] {dag.py:3239} INFO - Sync 1 DAGs
[2025-03-12T20:55:39.539+0000] {logging_mixin.py:190} INFO - [2025-03-12T20:55:39.538+0000] {dag.py:4180} INFO - Setting next_dagrun for example_task_group_decorator to None, run_after=None
[2025-03-12T20:55:39.557+0000] {processor.py:208} INFO - Processing /home/airflow/.local/lib/python3.12/site-packages/airflow/example_dags/example_task_group_decorator.py took 0.086 seconds
[2025-03-12T20:56:10.130+0000] {processor.py:186} INFO - Started process (PID=1285) to work on /home/airflow/.local/lib/python3.12/site-packages/airflow/example_dags/example_task_group_decorator.py
[2025-03-12T20:56:10.131+0000] {processor.py:914} INFO - Processing file /home/airflow/.local/lib/python3.12/site-packages/airflow/example_dags/example_task_group_decorator.py for tasks to queue
[2025-03-12T20:56:10.133+0000] {logging_mixin.py:190} INFO - [2025-03-12T20:56:10.133+0000] {dagbag.py:588} INFO - Filling up the DagBag from /home/airflow/.local/lib/python3.12/site-packages/airflow/example_dags/example_task_group_decorator.py
[2025-03-12T20:56:10.142+0000] {processor.py:925} INFO - DAG(s) 'example_task_group_decorator' retrieved from /home/airflow/.local/lib/python3.12/site-packages/airflow/example_dags/example_task_group_decorator.py
[2025-03-12T20:56:10.161+0000] {logging_mixin.py:190} INFO - [2025-03-12T20:56:10.161+0000] {dag.py:3239} INFO - Sync 1 DAGs
[2025-03-12T20:56:10.172+0000] {logging_mixin.py:190} INFO - [2025-03-12T20:56:10.172+0000] {dag.py:4180} INFO - Setting next_dagrun for example_task_group_decorator to None, run_after=None
[2025-03-12T20:56:10.187+0000] {processor.py:208} INFO - Processing /home/airflow/.local/lib/python3.12/site-packages/airflow/example_dags/example_task_group_decorator.py took 0.062 seconds
[2025-03-12T20:56:40.871+0000] {processor.py:186} INFO - Started process (PID=1348) to work on /home/airflow/.local/lib/python3.12/site-packages/airflow/example_dags/example_task_group_decorator.py
[2025-03-12T20:56:40.872+0000] {processor.py:914} INFO - Processing file /home/airflow/.local/lib/python3.12/site-packages/airflow/example_dags/example_task_group_decorator.py for tasks to queue
[2025-03-12T20:56:40.873+0000] {logging_mixin.py:190} INFO - [2025-03-12T20:56:40.873+0000] {dagbag.py:588} INFO - Filling up the DagBag from /home/airflow/.local/lib/python3.12/site-packages/airflow/example_dags/example_task_group_decorator.py
[2025-03-12T20:56:40.882+0000] {processor.py:925} INFO - DAG(s) 'example_task_group_decorator' retrieved from /home/airflow/.local/lib/python3.12/site-packages/airflow/example_dags/example_task_group_decorator.py
[2025-03-12T20:56:40.897+0000] {logging_mixin.py:190} INFO - [2025-03-12T20:56:40.896+0000] {dag.py:3239} INFO - Sync 1 DAGs
[2025-03-12T20:56:40.907+0000] {logging_mixin.py:190} INFO - [2025-03-12T20:56:40.907+0000] {dag.py:4180} INFO - Setting next_dagrun for example_task_group_decorator to None, run_after=None
[2025-03-12T20:56:40.919+0000] {processor.py:208} INFO - Processing /home/airflow/.local/lib/python3.12/site-packages/airflow/example_dags/example_task_group_decorator.py took 0.051 seconds
[2025-03-12T20:57:11.447+0000] {processor.py:186} INFO - Started process (PID=1411) to work on /home/airflow/.local/lib/python3.12/site-packages/airflow/example_dags/example_task_group_decorator.py
[2025-03-12T20:57:11.447+0000] {processor.py:914} INFO - Processing file /home/airflow/.local/lib/python3.12/site-packages/airflow/example_dags/example_task_group_decorator.py for tasks to queue
[2025-03-12T20:57:11.449+0000] {logging_mixin.py:190} INFO - [2025-03-12T20:57:11.449+0000] {dagbag.py:588} INFO - Filling up the DagBag from /home/airflow/.local/lib/python3.12/site-packages/airflow/example_dags/example_task_group_decorator.py
[2025-03-12T20:57:11.458+0000] {processor.py:925} INFO - DAG(s) 'example_task_group_decorator' retrieved from /home/airflow/.local/lib/python3.12/site-packages/airflow/example_dags/example_task_group_decorator.py
[2025-03-12T20:57:11.475+0000] {logging_mixin.py:190} INFO - [2025-03-12T20:57:11.475+0000] {dag.py:3239} INFO - Sync 1 DAGs
[2025-03-12T20:57:11.487+0000] {logging_mixin.py:190} INFO - [2025-03-12T20:57:11.487+0000] {dag.py:4180} INFO - Setting next_dagrun for example_task_group_decorator to None, run_after=None
[2025-03-12T20:57:11.501+0000] {processor.py:208} INFO - Processing /home/airflow/.local/lib/python3.12/site-packages/airflow/example_dags/example_task_group_decorator.py took 0.059 seconds
[2025-03-12T20:57:42.287+0000] {processor.py:186} INFO - Started process (PID=1474) to work on /home/airflow/.local/lib/python3.12/site-packages/airflow/example_dags/example_task_group_decorator.py
[2025-03-12T20:57:42.287+0000] {processor.py:914} INFO - Processing file /home/airflow/.local/lib/python3.12/site-packages/airflow/example_dags/example_task_group_decorator.py for tasks to queue
[2025-03-12T20:57:42.289+0000] {logging_mixin.py:190} INFO - [2025-03-12T20:57:42.289+0000] {dagbag.py:588} INFO - Filling up the DagBag from /home/airflow/.local/lib/python3.12/site-packages/airflow/example_dags/example_task_group_decorator.py
[2025-03-12T20:57:42.304+0000] {processor.py:925} INFO - DAG(s) 'example_task_group_decorator' retrieved from /home/airflow/.local/lib/python3.12/site-packages/airflow/example_dags/example_task_group_decorator.py
[2025-03-12T20:57:42.322+0000] {logging_mixin.py:190} INFO - [2025-03-12T20:57:42.322+0000] {dag.py:3239} INFO - Sync 1 DAGs
[2025-03-12T20:57:42.334+0000] {logging_mixin.py:190} INFO - [2025-03-12T20:57:42.334+0000] {dag.py:4180} INFO - Setting next_dagrun for example_task_group_decorator to None, run_after=None
[2025-03-12T20:57:42.347+0000] {processor.py:208} INFO - Processing /home/airflow/.local/lib/python3.12/site-packages/airflow/example_dags/example_task_group_decorator.py took 0.065 seconds
[2025-03-12T20:58:13.470+0000] {processor.py:186} INFO - Started process (PID=1537) to work on /home/airflow/.local/lib/python3.12/site-packages/airflow/example_dags/example_task_group_decorator.py
[2025-03-12T20:58:13.472+0000] {processor.py:914} INFO - Processing file /home/airflow/.local/lib/python3.12/site-packages/airflow/example_dags/example_task_group_decorator.py for tasks to queue
[2025-03-12T20:58:13.474+0000] {logging_mixin.py:190} INFO - [2025-03-12T20:58:13.473+0000] {dagbag.py:588} INFO - Filling up the DagBag from /home/airflow/.local/lib/python3.12/site-packages/airflow/example_dags/example_task_group_decorator.py
[2025-03-12T20:58:13.493+0000] {processor.py:925} INFO - DAG(s) 'example_task_group_decorator' retrieved from /home/airflow/.local/lib/python3.12/site-packages/airflow/example_dags/example_task_group_decorator.py
[2025-03-12T20:58:13.516+0000] {logging_mixin.py:190} INFO - [2025-03-12T20:58:13.516+0000] {dag.py:3239} INFO - Sync 1 DAGs
[2025-03-12T20:58:13.532+0000] {logging_mixin.py:190} INFO - [2025-03-12T20:58:13.531+0000] {dag.py:4180} INFO - Setting next_dagrun for example_task_group_decorator to None, run_after=None
[2025-03-12T20:58:13.554+0000] {processor.py:208} INFO - Processing /home/airflow/.local/lib/python3.12/site-packages/airflow/example_dags/example_task_group_decorator.py took 0.090 seconds
[2025-03-12T20:58:44.456+0000] {processor.py:186} INFO - Started process (PID=1600) to work on /home/airflow/.local/lib/python3.12/site-packages/airflow/example_dags/example_task_group_decorator.py
[2025-03-12T20:58:44.457+0000] {processor.py:914} INFO - Processing file /home/airflow/.local/lib/python3.12/site-packages/airflow/example_dags/example_task_group_decorator.py for tasks to queue
[2025-03-12T20:58:44.459+0000] {logging_mixin.py:190} INFO - [2025-03-12T20:58:44.458+0000] {dagbag.py:588} INFO - Filling up the DagBag from /home/airflow/.local/lib/python3.12/site-packages/airflow/example_dags/example_task_group_decorator.py
[2025-03-12T20:58:44.471+0000] {processor.py:925} INFO - DAG(s) 'example_task_group_decorator' retrieved from /home/airflow/.local/lib/python3.12/site-packages/airflow/example_dags/example_task_group_decorator.py
[2025-03-12T20:58:44.487+0000] {logging_mixin.py:190} INFO - [2025-03-12T20:58:44.487+0000] {dag.py:3239} INFO - Sync 1 DAGs
[2025-03-12T20:58:44.498+0000] {logging_mixin.py:190} INFO - [2025-03-12T20:58:44.497+0000] {dag.py:4180} INFO - Setting next_dagrun for example_task_group_decorator to None, run_after=None
[2025-03-12T20:58:44.515+0000] {processor.py:208} INFO - Processing /home/airflow/.local/lib/python3.12/site-packages/airflow/example_dags/example_task_group_decorator.py took 0.063 seconds
[2025-03-12T20:59:15.133+0000] {processor.py:186} INFO - Started process (PID=1663) to work on /home/airflow/.local/lib/python3.12/site-packages/airflow/example_dags/example_task_group_decorator.py
[2025-03-12T20:59:15.134+0000] {processor.py:914} INFO - Processing file /home/airflow/.local/lib/python3.12/site-packages/airflow/example_dags/example_task_group_decorator.py for tasks to queue
[2025-03-12T20:59:15.135+0000] {logging_mixin.py:190} INFO - [2025-03-12T20:59:15.135+0000] {dagbag.py:588} INFO - Filling up the DagBag from /home/airflow/.local/lib/python3.12/site-packages/airflow/example_dags/example_task_group_decorator.py
[2025-03-12T20:59:15.143+0000] {processor.py:925} INFO - DAG(s) 'example_task_group_decorator' retrieved from /home/airflow/.local/lib/python3.12/site-packages/airflow/example_dags/example_task_group_decorator.py
[2025-03-12T20:59:15.166+0000] {logging_mixin.py:190} INFO - [2025-03-12T20:59:15.166+0000] {dag.py:3239} INFO - Sync 1 DAGs
[2025-03-12T20:59:15.177+0000] {logging_mixin.py:190} INFO - [2025-03-12T20:59:15.177+0000] {dag.py:4180} INFO - Setting next_dagrun for example_task_group_decorator to None, run_after=None
[2025-03-12T20:59:15.193+0000] {processor.py:208} INFO - Processing /home/airflow/.local/lib/python3.12/site-packages/airflow/example_dags/example_task_group_decorator.py took 0.064 seconds
[2025-03-12T20:59:45.796+0000] {processor.py:186} INFO - Started process (PID=1726) to work on /home/airflow/.local/lib/python3.12/site-packages/airflow/example_dags/example_task_group_decorator.py
[2025-03-12T20:59:45.797+0000] {processor.py:914} INFO - Processing file /home/airflow/.local/lib/python3.12/site-packages/airflow/example_dags/example_task_group_decorator.py for tasks to queue
[2025-03-12T20:59:45.798+0000] {logging_mixin.py:190} INFO - [2025-03-12T20:59:45.798+0000] {dagbag.py:588} INFO - Filling up the DagBag from /home/airflow/.local/lib/python3.12/site-packages/airflow/example_dags/example_task_group_decorator.py
[2025-03-12T20:59:45.806+0000] {processor.py:925} INFO - DAG(s) 'example_task_group_decorator' retrieved from /home/airflow/.local/lib/python3.12/site-packages/airflow/example_dags/example_task_group_decorator.py
[2025-03-12T20:59:45.827+0000] {logging_mixin.py:190} INFO - [2025-03-12T20:59:45.827+0000] {dag.py:3239} INFO - Sync 1 DAGs
[2025-03-12T20:59:45.837+0000] {logging_mixin.py:190} INFO - [2025-03-12T20:59:45.837+0000] {dag.py:4180} INFO - Setting next_dagrun for example_task_group_decorator to None, run_after=None
[2025-03-12T20:59:45.855+0000] {processor.py:208} INFO - Processing /home/airflow/.local/lib/python3.12/site-packages/airflow/example_dags/example_task_group_decorator.py took 0.062 seconds
[2025-03-12T21:00:16.361+0000] {processor.py:186} INFO - Started process (PID=1789) to work on /home/airflow/.local/lib/python3.12/site-packages/airflow/example_dags/example_task_group_decorator.py
[2025-03-12T21:00:16.361+0000] {processor.py:914} INFO - Processing file /home/airflow/.local/lib/python3.12/site-packages/airflow/example_dags/example_task_group_decorator.py for tasks to queue
[2025-03-12T21:00:16.362+0000] {logging_mixin.py:190} INFO - [2025-03-12T21:00:16.362+0000] {dagbag.py:588} INFO - Filling up the DagBag from /home/airflow/.local/lib/python3.12/site-packages/airflow/example_dags/example_task_group_decorator.py
[2025-03-12T21:00:16.370+0000] {processor.py:925} INFO - DAG(s) 'example_task_group_decorator' retrieved from /home/airflow/.local/lib/python3.12/site-packages/airflow/example_dags/example_task_group_decorator.py
[2025-03-12T21:00:16.386+0000] {logging_mixin.py:190} INFO - [2025-03-12T21:00:16.386+0000] {dag.py:3239} INFO - Sync 1 DAGs
[2025-03-12T21:00:16.395+0000] {logging_mixin.py:190} INFO - [2025-03-12T21:00:16.394+0000] {dag.py:4180} INFO - Setting next_dagrun for example_task_group_decorator to None, run_after=None
[2025-03-12T21:00:16.407+0000] {processor.py:208} INFO - Processing /home/airflow/.local/lib/python3.12/site-packages/airflow/example_dags/example_task_group_decorator.py took 0.050 seconds
[2025-03-12T21:00:47.059+0000] {processor.py:186} INFO - Started process (PID=1852) to work on /home/airflow/.local/lib/python3.12/site-packages/airflow/example_dags/example_task_group_decorator.py
[2025-03-12T21:00:47.060+0000] {processor.py:914} INFO - Processing file /home/airflow/.local/lib/python3.12/site-packages/airflow/example_dags/example_task_group_decorator.py for tasks to queue
[2025-03-12T21:00:47.061+0000] {logging_mixin.py:190} INFO - [2025-03-12T21:00:47.061+0000] {dagbag.py:588} INFO - Filling up the DagBag from /home/airflow/.local/lib/python3.12/site-packages/airflow/example_dags/example_task_group_decorator.py
[2025-03-12T21:00:47.070+0000] {processor.py:925} INFO - DAG(s) 'example_task_group_decorator' retrieved from /home/airflow/.local/lib/python3.12/site-packages/airflow/example_dags/example_task_group_decorator.py
[2025-03-12T21:00:47.094+0000] {logging_mixin.py:190} INFO - [2025-03-12T21:00:47.094+0000] {dag.py:3239} INFO - Sync 1 DAGs
[2025-03-12T21:00:47.105+0000] {logging_mixin.py:190} INFO - [2025-03-12T21:00:47.105+0000] {dag.py:4180} INFO - Setting next_dagrun for example_task_group_decorator to None, run_after=None
[2025-03-12T21:00:47.120+0000] {processor.py:208} INFO - Processing /home/airflow/.local/lib/python3.12/site-packages/airflow/example_dags/example_task_group_decorator.py took 0.064 seconds
[2025-03-12T21:01:17.792+0000] {processor.py:186} INFO - Started process (PID=1914) to work on /home/airflow/.local/lib/python3.12/site-packages/airflow/example_dags/example_task_group_decorator.py
[2025-03-12T21:01:17.794+0000] {processor.py:914} INFO - Processing file /home/airflow/.local/lib/python3.12/site-packages/airflow/example_dags/example_task_group_decorator.py for tasks to queue
[2025-03-12T21:01:17.796+0000] {logging_mixin.py:190} INFO - [2025-03-12T21:01:17.796+0000] {dagbag.py:588} INFO - Filling up the DagBag from /home/airflow/.local/lib/python3.12/site-packages/airflow/example_dags/example_task_group_decorator.py
[2025-03-12T21:01:17.813+0000] {processor.py:925} INFO - DAG(s) 'example_task_group_decorator' retrieved from /home/airflow/.local/lib/python3.12/site-packages/airflow/example_dags/example_task_group_decorator.py
[2025-03-12T21:01:17.839+0000] {logging_mixin.py:190} INFO - [2025-03-12T21:01:17.839+0000] {dag.py:3239} INFO - Sync 1 DAGs
[2025-03-12T21:01:17.854+0000] {logging_mixin.py:190} INFO - [2025-03-12T21:01:17.854+0000] {dag.py:4180} INFO - Setting next_dagrun for example_task_group_decorator to None, run_after=None
[2025-03-12T21:01:17.869+0000] {processor.py:208} INFO - Processing /home/airflow/.local/lib/python3.12/site-packages/airflow/example_dags/example_task_group_decorator.py took 0.083 seconds
[2025-03-12T21:01:48.903+0000] {processor.py:186} INFO - Started process (PID=1977) to work on /home/airflow/.local/lib/python3.12/site-packages/airflow/example_dags/example_task_group_decorator.py
[2025-03-12T21:01:48.904+0000] {processor.py:914} INFO - Processing file /home/airflow/.local/lib/python3.12/site-packages/airflow/example_dags/example_task_group_decorator.py for tasks to queue
[2025-03-12T21:01:48.906+0000] {logging_mixin.py:190} INFO - [2025-03-12T21:01:48.905+0000] {dagbag.py:588} INFO - Filling up the DagBag from /home/airflow/.local/lib/python3.12/site-packages/airflow/example_dags/example_task_group_decorator.py
[2025-03-12T21:01:48.917+0000] {processor.py:925} INFO - DAG(s) 'example_task_group_decorator' retrieved from /home/airflow/.local/lib/python3.12/site-packages/airflow/example_dags/example_task_group_decorator.py
[2025-03-12T21:01:48.942+0000] {logging_mixin.py:190} INFO - [2025-03-12T21:01:48.941+0000] {dag.py:3239} INFO - Sync 1 DAGs
[2025-03-12T21:01:48.956+0000] {logging_mixin.py:190} INFO - [2025-03-12T21:01:48.955+0000] {dag.py:4180} INFO - Setting next_dagrun for example_task_group_decorator to None, run_after=None
[2025-03-12T21:01:48.975+0000] {processor.py:208} INFO - Processing /home/airflow/.local/lib/python3.12/site-packages/airflow/example_dags/example_task_group_decorator.py took 0.077 seconds
[2025-03-12T21:02:19.633+0000] {processor.py:186} INFO - Started process (PID=2040) to work on /home/airflow/.local/lib/python3.12/site-packages/airflow/example_dags/example_task_group_decorator.py
[2025-03-12T21:02:19.634+0000] {processor.py:914} INFO - Processing file /home/airflow/.local/lib/python3.12/site-packages/airflow/example_dags/example_task_group_decorator.py for tasks to queue
[2025-03-12T21:02:19.636+0000] {logging_mixin.py:190} INFO - [2025-03-12T21:02:19.636+0000] {dagbag.py:588} INFO - Filling up the DagBag from /home/airflow/.local/lib/python3.12/site-packages/airflow/example_dags/example_task_group_decorator.py
[2025-03-12T21:02:19.649+0000] {processor.py:925} INFO - DAG(s) 'example_task_group_decorator' retrieved from /home/airflow/.local/lib/python3.12/site-packages/airflow/example_dags/example_task_group_decorator.py
[2025-03-12T21:02:19.677+0000] {logging_mixin.py:190} INFO - [2025-03-12T21:02:19.677+0000] {dag.py:3239} INFO - Sync 1 DAGs
[2025-03-12T21:02:19.697+0000] {logging_mixin.py:190} INFO - [2025-03-12T21:02:19.696+0000] {dag.py:4180} INFO - Setting next_dagrun for example_task_group_decorator to None, run_after=None
[2025-03-12T21:02:19.718+0000] {processor.py:208} INFO - Processing /home/airflow/.local/lib/python3.12/site-packages/airflow/example_dags/example_task_group_decorator.py took 0.090 seconds
[2025-03-12T21:02:49.982+0000] {processor.py:186} INFO - Started process (PID=2103) to work on /home/airflow/.local/lib/python3.12/site-packages/airflow/example_dags/example_task_group_decorator.py
[2025-03-12T21:02:49.983+0000] {processor.py:914} INFO - Processing file /home/airflow/.local/lib/python3.12/site-packages/airflow/example_dags/example_task_group_decorator.py for tasks to queue
[2025-03-12T21:02:49.984+0000] {logging_mixin.py:190} INFO - [2025-03-12T21:02:49.984+0000] {dagbag.py:588} INFO - Filling up the DagBag from /home/airflow/.local/lib/python3.12/site-packages/airflow/example_dags/example_task_group_decorator.py
[2025-03-12T21:02:49.991+0000] {processor.py:925} INFO - DAG(s) 'example_task_group_decorator' retrieved from /home/airflow/.local/lib/python3.12/site-packages/airflow/example_dags/example_task_group_decorator.py
[2025-03-12T21:02:50.008+0000] {logging_mixin.py:190} INFO - [2025-03-12T21:02:50.008+0000] {dag.py:3239} INFO - Sync 1 DAGs
[2025-03-12T21:02:50.019+0000] {logging_mixin.py:190} INFO - [2025-03-12T21:02:50.019+0000] {dag.py:4180} INFO - Setting next_dagrun for example_task_group_decorator to None, run_after=None
[2025-03-12T21:02:50.034+0000] {processor.py:208} INFO - Processing /home/airflow/.local/lib/python3.12/site-packages/airflow/example_dags/example_task_group_decorator.py took 0.056 seconds
[2025-03-12T21:03:20.400+0000] {processor.py:186} INFO - Started process (PID=2166) to work on /home/airflow/.local/lib/python3.12/site-packages/airflow/example_dags/example_task_group_decorator.py
[2025-03-12T21:03:20.401+0000] {processor.py:914} INFO - Processing file /home/airflow/.local/lib/python3.12/site-packages/airflow/example_dags/example_task_group_decorator.py for tasks to queue
[2025-03-12T21:03:20.402+0000] {logging_mixin.py:190} INFO - [2025-03-12T21:03:20.402+0000] {dagbag.py:588} INFO - Filling up the DagBag from /home/airflow/.local/lib/python3.12/site-packages/airflow/example_dags/example_task_group_decorator.py
[2025-03-12T21:03:20.411+0000] {processor.py:925} INFO - DAG(s) 'example_task_group_decorator' retrieved from /home/airflow/.local/lib/python3.12/site-packages/airflow/example_dags/example_task_group_decorator.py
[2025-03-12T21:03:20.427+0000] {logging_mixin.py:190} INFO - [2025-03-12T21:03:20.427+0000] {dag.py:3239} INFO - Sync 1 DAGs
[2025-03-12T21:03:20.436+0000] {logging_mixin.py:190} INFO - [2025-03-12T21:03:20.436+0000] {dag.py:4180} INFO - Setting next_dagrun for example_task_group_decorator to None, run_after=None
[2025-03-12T21:03:20.447+0000] {processor.py:208} INFO - Processing /home/airflow/.local/lib/python3.12/site-packages/airflow/example_dags/example_task_group_decorator.py took 0.052 seconds
[2025-03-12T21:03:50.680+0000] {processor.py:186} INFO - Started process (PID=2229) to work on /home/airflow/.local/lib/python3.12/site-packages/airflow/example_dags/example_task_group_decorator.py
[2025-03-12T21:03:50.681+0000] {processor.py:914} INFO - Processing file /home/airflow/.local/lib/python3.12/site-packages/airflow/example_dags/example_task_group_decorator.py for tasks to queue
[2025-03-12T21:03:50.682+0000] {logging_mixin.py:190} INFO - [2025-03-12T21:03:50.682+0000] {dagbag.py:588} INFO - Filling up the DagBag from /home/airflow/.local/lib/python3.12/site-packages/airflow/example_dags/example_task_group_decorator.py
[2025-03-12T21:03:50.695+0000] {processor.py:925} INFO - DAG(s) 'example_task_group_decorator' retrieved from /home/airflow/.local/lib/python3.12/site-packages/airflow/example_dags/example_task_group_decorator.py
[2025-03-12T21:03:50.719+0000] {logging_mixin.py:190} INFO - [2025-03-12T21:03:50.719+0000] {dag.py:3239} INFO - Sync 1 DAGs
[2025-03-12T21:03:50.733+0000] {logging_mixin.py:190} INFO - [2025-03-12T21:03:50.733+0000] {dag.py:4180} INFO - Setting next_dagrun for example_task_group_decorator to None, run_after=None
[2025-03-12T21:03:50.749+0000] {processor.py:208} INFO - Processing /home/airflow/.local/lib/python3.12/site-packages/airflow/example_dags/example_task_group_decorator.py took 0.074 seconds
[2025-03-12T21:04:21.403+0000] {processor.py:186} INFO - Started process (PID=2292) to work on /home/airflow/.local/lib/python3.12/site-packages/airflow/example_dags/example_task_group_decorator.py
[2025-03-12T21:04:21.404+0000] {processor.py:914} INFO - Processing file /home/airflow/.local/lib/python3.12/site-packages/airflow/example_dags/example_task_group_decorator.py for tasks to queue
[2025-03-12T21:04:21.406+0000] {logging_mixin.py:190} INFO - [2025-03-12T21:04:21.406+0000] {dagbag.py:588} INFO - Filling up the DagBag from /home/airflow/.local/lib/python3.12/site-packages/airflow/example_dags/example_task_group_decorator.py
[2025-03-12T21:04:21.418+0000] {processor.py:925} INFO - DAG(s) 'example_task_group_decorator' retrieved from /home/airflow/.local/lib/python3.12/site-packages/airflow/example_dags/example_task_group_decorator.py
[2025-03-12T21:04:21.444+0000] {logging_mixin.py:190} INFO - [2025-03-12T21:04:21.444+0000] {dag.py:3239} INFO - Sync 1 DAGs
[2025-03-12T21:04:21.459+0000] {logging_mixin.py:190} INFO - [2025-03-12T21:04:21.459+0000] {dag.py:4180} INFO - Setting next_dagrun for example_task_group_decorator to None, run_after=None
[2025-03-12T21:04:21.481+0000] {processor.py:208} INFO - Processing /home/airflow/.local/lib/python3.12/site-packages/airflow/example_dags/example_task_group_decorator.py took 0.082 seconds
[2025-03-12T21:04:51.996+0000] {processor.py:186} INFO - Started process (PID=2355) to work on /home/airflow/.local/lib/python3.12/site-packages/airflow/example_dags/example_task_group_decorator.py
[2025-03-12T21:04:51.997+0000] {processor.py:914} INFO - Processing file /home/airflow/.local/lib/python3.12/site-packages/airflow/example_dags/example_task_group_decorator.py for tasks to queue
[2025-03-12T21:04:51.998+0000] {logging_mixin.py:190} INFO - [2025-03-12T21:04:51.998+0000] {dagbag.py:588} INFO - Filling up the DagBag from /home/airflow/.local/lib/python3.12/site-packages/airflow/example_dags/example_task_group_decorator.py
[2025-03-12T21:04:52.007+0000] {processor.py:925} INFO - DAG(s) 'example_task_group_decorator' retrieved from /home/airflow/.local/lib/python3.12/site-packages/airflow/example_dags/example_task_group_decorator.py
[2025-03-12T21:04:52.024+0000] {logging_mixin.py:190} INFO - [2025-03-12T21:04:52.024+0000] {dag.py:3239} INFO - Sync 1 DAGs
[2025-03-12T21:04:52.036+0000] {logging_mixin.py:190} INFO - [2025-03-12T21:04:52.036+0000] {dag.py:4180} INFO - Setting next_dagrun for example_task_group_decorator to None, run_after=None
[2025-03-12T21:04:52.051+0000] {processor.py:208} INFO - Processing /home/airflow/.local/lib/python3.12/site-packages/airflow/example_dags/example_task_group_decorator.py took 0.059 seconds
[2025-03-12T21:05:22.721+0000] {processor.py:186} INFO - Started process (PID=2418) to work on /home/airflow/.local/lib/python3.12/site-packages/airflow/example_dags/example_task_group_decorator.py
[2025-03-12T21:05:22.722+0000] {processor.py:914} INFO - Processing file /home/airflow/.local/lib/python3.12/site-packages/airflow/example_dags/example_task_group_decorator.py for tasks to queue
[2025-03-12T21:05:22.723+0000] {logging_mixin.py:190} INFO - [2025-03-12T21:05:22.723+0000] {dagbag.py:588} INFO - Filling up the DagBag from /home/airflow/.local/lib/python3.12/site-packages/airflow/example_dags/example_task_group_decorator.py
[2025-03-12T21:05:22.737+0000] {processor.py:925} INFO - DAG(s) 'example_task_group_decorator' retrieved from /home/airflow/.local/lib/python3.12/site-packages/airflow/example_dags/example_task_group_decorator.py
[2025-03-12T21:05:22.757+0000] {logging_mixin.py:190} INFO - [2025-03-12T21:05:22.756+0000] {dag.py:3239} INFO - Sync 1 DAGs
[2025-03-12T21:05:22.769+0000] {logging_mixin.py:190} INFO - [2025-03-12T21:05:22.769+0000] {dag.py:4180} INFO - Setting next_dagrun for example_task_group_decorator to None, run_after=None
[2025-03-12T21:05:22.787+0000] {processor.py:208} INFO - Processing /home/airflow/.local/lib/python3.12/site-packages/airflow/example_dags/example_task_group_decorator.py took 0.070 seconds
[2025-03-12T21:05:53.091+0000] {processor.py:186} INFO - Started process (PID=2481) to work on /home/airflow/.local/lib/python3.12/site-packages/airflow/example_dags/example_task_group_decorator.py
[2025-03-12T21:05:53.091+0000] {processor.py:914} INFO - Processing file /home/airflow/.local/lib/python3.12/site-packages/airflow/example_dags/example_task_group_decorator.py for tasks to queue
[2025-03-12T21:05:53.093+0000] {logging_mixin.py:190} INFO - [2025-03-12T21:05:53.093+0000] {dagbag.py:588} INFO - Filling up the DagBag from /home/airflow/.local/lib/python3.12/site-packages/airflow/example_dags/example_task_group_decorator.py
[2025-03-12T21:05:53.104+0000] {processor.py:925} INFO - DAG(s) 'example_task_group_decorator' retrieved from /home/airflow/.local/lib/python3.12/site-packages/airflow/example_dags/example_task_group_decorator.py
[2025-03-12T21:05:53.129+0000] {logging_mixin.py:190} INFO - [2025-03-12T21:05:53.128+0000] {dag.py:3239} INFO - Sync 1 DAGs
[2025-03-12T21:05:53.144+0000] {logging_mixin.py:190} INFO - [2025-03-12T21:05:53.143+0000] {dag.py:4180} INFO - Setting next_dagrun for example_task_group_decorator to None, run_after=None
[2025-03-12T21:05:53.164+0000] {processor.py:208} INFO - Processing /home/airflow/.local/lib/python3.12/site-packages/airflow/example_dags/example_task_group_decorator.py took 0.079 seconds
[2025-03-12T21:06:23.965+0000] {processor.py:186} INFO - Started process (PID=2544) to work on /home/airflow/.local/lib/python3.12/site-packages/airflow/example_dags/example_task_group_decorator.py
[2025-03-12T21:06:23.966+0000] {processor.py:914} INFO - Processing file /home/airflow/.local/lib/python3.12/site-packages/airflow/example_dags/example_task_group_decorator.py for tasks to queue
[2025-03-12T21:06:23.967+0000] {logging_mixin.py:190} INFO - [2025-03-12T21:06:23.967+0000] {dagbag.py:588} INFO - Filling up the DagBag from /home/airflow/.local/lib/python3.12/site-packages/airflow/example_dags/example_task_group_decorator.py
[2025-03-12T21:06:23.976+0000] {processor.py:925} INFO - DAG(s) 'example_task_group_decorator' retrieved from /home/airflow/.local/lib/python3.12/site-packages/airflow/example_dags/example_task_group_decorator.py
[2025-03-12T21:06:23.998+0000] {logging_mixin.py:190} INFO - [2025-03-12T21:06:23.998+0000] {dag.py:3239} INFO - Sync 1 DAGs
[2025-03-12T21:06:24.010+0000] {logging_mixin.py:190} INFO - [2025-03-12T21:06:24.010+0000] {dag.py:4180} INFO - Setting next_dagrun for example_task_group_decorator to None, run_after=None
[2025-03-12T21:06:24.026+0000] {processor.py:208} INFO - Processing /home/airflow/.local/lib/python3.12/site-packages/airflow/example_dags/example_task_group_decorator.py took 0.065 seconds
[2025-03-12T21:06:54.556+0000] {processor.py:186} INFO - Started process (PID=2607) to work on /home/airflow/.local/lib/python3.12/site-packages/airflow/example_dags/example_task_group_decorator.py
[2025-03-12T21:06:54.556+0000] {processor.py:914} INFO - Processing file /home/airflow/.local/lib/python3.12/site-packages/airflow/example_dags/example_task_group_decorator.py for tasks to queue
[2025-03-12T21:06:54.558+0000] {logging_mixin.py:190} INFO - [2025-03-12T21:06:54.558+0000] {dagbag.py:588} INFO - Filling up the DagBag from /home/airflow/.local/lib/python3.12/site-packages/airflow/example_dags/example_task_group_decorator.py
[2025-03-12T21:06:54.569+0000] {processor.py:925} INFO - DAG(s) 'example_task_group_decorator' retrieved from /home/airflow/.local/lib/python3.12/site-packages/airflow/example_dags/example_task_group_decorator.py
[2025-03-12T21:06:54.586+0000] {logging_mixin.py:190} INFO - [2025-03-12T21:06:54.586+0000] {dag.py:3239} INFO - Sync 1 DAGs
[2025-03-12T21:06:54.596+0000] {logging_mixin.py:190} INFO - [2025-03-12T21:06:54.596+0000] {dag.py:4180} INFO - Setting next_dagrun for example_task_group_decorator to None, run_after=None
[2025-03-12T21:06:54.613+0000] {processor.py:208} INFO - Processing /home/airflow/.local/lib/python3.12/site-packages/airflow/example_dags/example_task_group_decorator.py took 0.061 seconds
[2025-03-12T21:07:25.495+0000] {processor.py:186} INFO - Started process (PID=2670) to work on /home/airflow/.local/lib/python3.12/site-packages/airflow/example_dags/example_task_group_decorator.py
[2025-03-12T21:07:25.496+0000] {processor.py:914} INFO - Processing file /home/airflow/.local/lib/python3.12/site-packages/airflow/example_dags/example_task_group_decorator.py for tasks to queue
[2025-03-12T21:07:25.497+0000] {logging_mixin.py:190} INFO - [2025-03-12T21:07:25.497+0000] {dagbag.py:588} INFO - Filling up the DagBag from /home/airflow/.local/lib/python3.12/site-packages/airflow/example_dags/example_task_group_decorator.py
[2025-03-12T21:07:25.506+0000] {processor.py:925} INFO - DAG(s) 'example_task_group_decorator' retrieved from /home/airflow/.local/lib/python3.12/site-packages/airflow/example_dags/example_task_group_decorator.py
[2025-03-12T21:07:25.525+0000] {logging_mixin.py:190} INFO - [2025-03-12T21:07:25.525+0000] {dag.py:3239} INFO - Sync 1 DAGs
[2025-03-12T21:07:25.533+0000] {logging_mixin.py:190} INFO - [2025-03-12T21:07:25.533+0000] {dag.py:4180} INFO - Setting next_dagrun for example_task_group_decorator to None, run_after=None
[2025-03-12T21:07:25.545+0000] {processor.py:208} INFO - Processing /home/airflow/.local/lib/python3.12/site-packages/airflow/example_dags/example_task_group_decorator.py took 0.053 seconds
[2025-03-12T21:07:55.849+0000] {processor.py:186} INFO - Started process (PID=2739) to work on /home/airflow/.local/lib/python3.12/site-packages/airflow/example_dags/example_task_group_decorator.py
[2025-03-12T21:07:55.850+0000] {processor.py:914} INFO - Processing file /home/airflow/.local/lib/python3.12/site-packages/airflow/example_dags/example_task_group_decorator.py for tasks to queue
[2025-03-12T21:07:55.852+0000] {logging_mixin.py:190} INFO - [2025-03-12T21:07:55.852+0000] {dagbag.py:588} INFO - Filling up the DagBag from /home/airflow/.local/lib/python3.12/site-packages/airflow/example_dags/example_task_group_decorator.py
[2025-03-12T21:07:55.865+0000] {processor.py:925} INFO - DAG(s) 'example_task_group_decorator' retrieved from /home/airflow/.local/lib/python3.12/site-packages/airflow/example_dags/example_task_group_decorator.py
[2025-03-12T21:07:55.884+0000] {logging_mixin.py:190} INFO - [2025-03-12T21:07:55.884+0000] {dag.py:3239} INFO - Sync 1 DAGs
[2025-03-12T21:07:55.895+0000] {logging_mixin.py:190} INFO - [2025-03-12T21:07:55.895+0000] {dag.py:4180} INFO - Setting next_dagrun for example_task_group_decorator to None, run_after=None
[2025-03-12T21:07:55.911+0000] {processor.py:208} INFO - Processing /home/airflow/.local/lib/python3.12/site-packages/airflow/example_dags/example_task_group_decorator.py took 0.066 seconds
[2025-03-12T21:08:26.138+0000] {processor.py:186} INFO - Started process (PID=2801) to work on /home/airflow/.local/lib/python3.12/site-packages/airflow/example_dags/example_task_group_decorator.py
[2025-03-12T21:08:26.139+0000] {processor.py:914} INFO - Processing file /home/airflow/.local/lib/python3.12/site-packages/airflow/example_dags/example_task_group_decorator.py for tasks to queue
[2025-03-12T21:08:26.140+0000] {logging_mixin.py:190} INFO - [2025-03-12T21:08:26.140+0000] {dagbag.py:588} INFO - Filling up the DagBag from /home/airflow/.local/lib/python3.12/site-packages/airflow/example_dags/example_task_group_decorator.py
[2025-03-12T21:08:26.148+0000] {processor.py:925} INFO - DAG(s) 'example_task_group_decorator' retrieved from /home/airflow/.local/lib/python3.12/site-packages/airflow/example_dags/example_task_group_decorator.py
[2025-03-12T21:08:26.170+0000] {logging_mixin.py:190} INFO - [2025-03-12T21:08:26.170+0000] {dag.py:3239} INFO - Sync 1 DAGs
[2025-03-12T21:08:26.184+0000] {logging_mixin.py:190} INFO - [2025-03-12T21:08:26.184+0000] {dag.py:4180} INFO - Setting next_dagrun for example_task_group_decorator to None, run_after=None
[2025-03-12T21:08:26.201+0000] {processor.py:208} INFO - Processing /home/airflow/.local/lib/python3.12/site-packages/airflow/example_dags/example_task_group_decorator.py took 0.067 seconds
