[2025-03-12T20:46:25.578+0000] {processor.py:186} INFO - Started process (PID=78) to work on /home/airflow/.local/lib/python3.12/site-packages/airflow/example_dags/example_nested_branch_dag.py
[2025-03-12T20:46:25.579+0000] {processor.py:914} INFO - Processing file /home/airflow/.local/lib/python3.12/site-packages/airflow/example_dags/example_nested_branch_dag.py for tasks to queue
[2025-03-12T20:46:25.580+0000] {logging_mixin.py:190} INFO - [2025-03-12T20:46:25.580+0000] {dagbag.py:588} INFO - Filling up the DagBag from /home/airflow/.local/lib/python3.12/site-packages/airflow/example_dags/example_nested_branch_dag.py
[2025-03-12T20:46:25.590+0000] {processor.py:925} INFO - DAG(s) 'example_nested_branch_dag' retrieved from /home/airflow/.local/lib/python3.12/site-packages/airflow/example_dags/example_nested_branch_dag.py
[2025-03-12T20:46:25.662+0000] {logging_mixin.py:190} INFO - [2025-03-12T20:46:25.662+0000] {override.py:1912} INFO - Created Permission View: can edit on DAG:example_nested_branch_dag
[2025-03-12T20:46:25.671+0000] {logging_mixin.py:190} INFO - [2025-03-12T20:46:25.671+0000] {override.py:1912} INFO - Created Permission View: can read on DAG:example_nested_branch_dag
[2025-03-12T20:46:25.677+0000] {logging_mixin.py:190} INFO - [2025-03-12T20:46:25.677+0000] {override.py:1912} INFO - Created Permission View: can delete on DAG:example_nested_branch_dag
[2025-03-12T20:46:25.683+0000] {logging_mixin.py:190} INFO - [2025-03-12T20:46:25.683+0000] {override.py:1912} INFO - Created Permission View: menu access on DAG Run:example_nested_branch_dag
[2025-03-12T20:46:25.689+0000] {logging_mixin.py:190} INFO - [2025-03-12T20:46:25.689+0000] {override.py:1912} INFO - Created Permission View: can create on DAG Run:example_nested_branch_dag
[2025-03-12T20:46:25.694+0000] {logging_mixin.py:190} INFO - [2025-03-12T20:46:25.694+0000] {override.py:1912} INFO - Created Permission View: can read on DAG Run:example_nested_branch_dag
[2025-03-12T20:46:25.699+0000] {logging_mixin.py:190} INFO - [2025-03-12T20:46:25.699+0000] {override.py:1912} INFO - Created Permission View: can delete on DAG Run:example_nested_branch_dag
[2025-03-12T20:46:25.699+0000] {logging_mixin.py:190} INFO - [2025-03-12T20:46:25.699+0000] {dag.py:3239} INFO - Sync 1 DAGs
[2025-03-12T20:46:25.712+0000] {logging_mixin.py:190} INFO - [2025-03-12T20:46:25.712+0000] {dag.py:3262} INFO - Creating ORM DAG for example_nested_branch_dag
[2025-03-12T20:46:25.723+0000] {logging_mixin.py:190} INFO - [2025-03-12T20:46:25.723+0000] {dag.py:4180} INFO - Setting next_dagrun for example_nested_branch_dag to 2025-03-11 00:00:00+00:00, run_after=2025-03-12 00:00:00+00:00
[2025-03-12T20:46:25.740+0000] {processor.py:208} INFO - Processing /home/airflow/.local/lib/python3.12/site-packages/airflow/example_dags/example_nested_branch_dag.py took 0.166 seconds
[2025-03-12T20:46:56.653+0000] {processor.py:186} INFO - Started process (PID=141) to work on /home/airflow/.local/lib/python3.12/site-packages/airflow/example_dags/example_nested_branch_dag.py
[2025-03-12T20:46:56.653+0000] {processor.py:914} INFO - Processing file /home/airflow/.local/lib/python3.12/site-packages/airflow/example_dags/example_nested_branch_dag.py for tasks to queue
[2025-03-12T20:46:56.655+0000] {logging_mixin.py:190} INFO - [2025-03-12T20:46:56.655+0000] {dagbag.py:588} INFO - Filling up the DagBag from /home/airflow/.local/lib/python3.12/site-packages/airflow/example_dags/example_nested_branch_dag.py
[2025-03-12T20:46:56.666+0000] {processor.py:925} INFO - DAG(s) 'example_nested_branch_dag' retrieved from /home/airflow/.local/lib/python3.12/site-packages/airflow/example_dags/example_nested_branch_dag.py
[2025-03-12T20:46:56.685+0000] {logging_mixin.py:190} INFO - [2025-03-12T20:46:56.685+0000] {dag.py:3239} INFO - Sync 1 DAGs
[2025-03-12T20:46:56.708+0000] {logging_mixin.py:190} INFO - [2025-03-12T20:46:56.708+0000] {dag.py:4180} INFO - Setting next_dagrun for example_nested_branch_dag to 2025-03-11 00:00:00+00:00, run_after=2025-03-12 00:00:00+00:00
[2025-03-12T20:46:56.727+0000] {processor.py:208} INFO - Processing /home/airflow/.local/lib/python3.12/site-packages/airflow/example_dags/example_nested_branch_dag.py took 0.079 seconds
[2025-03-12T20:47:26.827+0000] {processor.py:186} INFO - Started process (PID=204) to work on /home/airflow/.local/lib/python3.12/site-packages/airflow/example_dags/example_nested_branch_dag.py
[2025-03-12T20:47:26.828+0000] {processor.py:914} INFO - Processing file /home/airflow/.local/lib/python3.12/site-packages/airflow/example_dags/example_nested_branch_dag.py for tasks to queue
[2025-03-12T20:47:26.829+0000] {logging_mixin.py:190} INFO - [2025-03-12T20:47:26.829+0000] {dagbag.py:588} INFO - Filling up the DagBag from /home/airflow/.local/lib/python3.12/site-packages/airflow/example_dags/example_nested_branch_dag.py
[2025-03-12T20:47:26.838+0000] {processor.py:925} INFO - DAG(s) 'example_nested_branch_dag' retrieved from /home/airflow/.local/lib/python3.12/site-packages/airflow/example_dags/example_nested_branch_dag.py
[2025-03-12T20:47:26.861+0000] {logging_mixin.py:190} INFO - [2025-03-12T20:47:26.861+0000] {dag.py:3239} INFO - Sync 1 DAGs
[2025-03-12T20:47:26.891+0000] {logging_mixin.py:190} INFO - [2025-03-12T20:47:26.891+0000] {dag.py:4180} INFO - Setting next_dagrun for example_nested_branch_dag to 2025-03-11 00:00:00+00:00, run_after=2025-03-12 00:00:00+00:00
[2025-03-12T20:47:26.916+0000] {processor.py:208} INFO - Processing /home/airflow/.local/lib/python3.12/site-packages/airflow/example_dags/example_nested_branch_dag.py took 0.093 seconds
[2025-03-12T20:47:57.074+0000] {processor.py:186} INFO - Started process (PID=267) to work on /home/airflow/.local/lib/python3.12/site-packages/airflow/example_dags/example_nested_branch_dag.py
[2025-03-12T20:47:57.076+0000] {processor.py:914} INFO - Processing file /home/airflow/.local/lib/python3.12/site-packages/airflow/example_dags/example_nested_branch_dag.py for tasks to queue
[2025-03-12T20:47:57.077+0000] {logging_mixin.py:190} INFO - [2025-03-12T20:47:57.077+0000] {dagbag.py:588} INFO - Filling up the DagBag from /home/airflow/.local/lib/python3.12/site-packages/airflow/example_dags/example_nested_branch_dag.py
[2025-03-12T20:47:57.084+0000] {processor.py:925} INFO - DAG(s) 'example_nested_branch_dag' retrieved from /home/airflow/.local/lib/python3.12/site-packages/airflow/example_dags/example_nested_branch_dag.py
[2025-03-12T20:47:57.100+0000] {logging_mixin.py:190} INFO - [2025-03-12T20:47:57.100+0000] {dag.py:3239} INFO - Sync 1 DAGs
[2025-03-12T20:47:57.118+0000] {logging_mixin.py:190} INFO - [2025-03-12T20:47:57.118+0000] {dag.py:4180} INFO - Setting next_dagrun for example_nested_branch_dag to 2025-03-11 00:00:00+00:00, run_after=2025-03-12 00:00:00+00:00
[2025-03-12T20:47:57.135+0000] {processor.py:208} INFO - Processing /home/airflow/.local/lib/python3.12/site-packages/airflow/example_dags/example_nested_branch_dag.py took 0.066 seconds
[2025-03-12T20:48:28.023+0000] {processor.py:186} INFO - Started process (PID=330) to work on /home/airflow/.local/lib/python3.12/site-packages/airflow/example_dags/example_nested_branch_dag.py
[2025-03-12T20:48:28.025+0000] {processor.py:914} INFO - Processing file /home/airflow/.local/lib/python3.12/site-packages/airflow/example_dags/example_nested_branch_dag.py for tasks to queue
[2025-03-12T20:48:28.026+0000] {logging_mixin.py:190} INFO - [2025-03-12T20:48:28.026+0000] {dagbag.py:588} INFO - Filling up the DagBag from /home/airflow/.local/lib/python3.12/site-packages/airflow/example_dags/example_nested_branch_dag.py
[2025-03-12T20:48:28.037+0000] {processor.py:925} INFO - DAG(s) 'example_nested_branch_dag' retrieved from /home/airflow/.local/lib/python3.12/site-packages/airflow/example_dags/example_nested_branch_dag.py
[2025-03-12T20:48:28.057+0000] {logging_mixin.py:190} INFO - [2025-03-12T20:48:28.057+0000] {dag.py:3239} INFO - Sync 1 DAGs
[2025-03-12T20:48:28.081+0000] {logging_mixin.py:190} INFO - [2025-03-12T20:48:28.081+0000] {dag.py:4180} INFO - Setting next_dagrun for example_nested_branch_dag to 2025-03-11 00:00:00+00:00, run_after=2025-03-12 00:00:00+00:00
[2025-03-12T20:48:28.101+0000] {processor.py:208} INFO - Processing /home/airflow/.local/lib/python3.12/site-packages/airflow/example_dags/example_nested_branch_dag.py took 0.083 seconds
[2025-03-12T20:48:59.389+0000] {processor.py:186} INFO - Started process (PID=393) to work on /home/airflow/.local/lib/python3.12/site-packages/airflow/example_dags/example_nested_branch_dag.py
[2025-03-12T20:48:59.390+0000] {processor.py:914} INFO - Processing file /home/airflow/.local/lib/python3.12/site-packages/airflow/example_dags/example_nested_branch_dag.py for tasks to queue
[2025-03-12T20:48:59.392+0000] {logging_mixin.py:190} INFO - [2025-03-12T20:48:59.392+0000] {dagbag.py:588} INFO - Filling up the DagBag from /home/airflow/.local/lib/python3.12/site-packages/airflow/example_dags/example_nested_branch_dag.py
[2025-03-12T20:48:59.401+0000] {processor.py:925} INFO - DAG(s) 'example_nested_branch_dag' retrieved from /home/airflow/.local/lib/python3.12/site-packages/airflow/example_dags/example_nested_branch_dag.py
[2025-03-12T20:48:59.419+0000] {logging_mixin.py:190} INFO - [2025-03-12T20:48:59.418+0000] {dag.py:3239} INFO - Sync 1 DAGs
[2025-03-12T20:48:59.439+0000] {logging_mixin.py:190} INFO - [2025-03-12T20:48:59.438+0000] {dag.py:4180} INFO - Setting next_dagrun for example_nested_branch_dag to 2025-03-11 00:00:00+00:00, run_after=2025-03-12 00:00:00+00:00
[2025-03-12T20:48:59.459+0000] {processor.py:208} INFO - Processing /home/airflow/.local/lib/python3.12/site-packages/airflow/example_dags/example_nested_branch_dag.py took 0.075 seconds
[2025-03-12T20:49:30.315+0000] {processor.py:186} INFO - Started process (PID=456) to work on /home/airflow/.local/lib/python3.12/site-packages/airflow/example_dags/example_nested_branch_dag.py
[2025-03-12T20:49:30.316+0000] {processor.py:914} INFO - Processing file /home/airflow/.local/lib/python3.12/site-packages/airflow/example_dags/example_nested_branch_dag.py for tasks to queue
[2025-03-12T20:49:30.318+0000] {logging_mixin.py:190} INFO - [2025-03-12T20:49:30.318+0000] {dagbag.py:588} INFO - Filling up the DagBag from /home/airflow/.local/lib/python3.12/site-packages/airflow/example_dags/example_nested_branch_dag.py
[2025-03-12T20:49:30.330+0000] {processor.py:925} INFO - DAG(s) 'example_nested_branch_dag' retrieved from /home/airflow/.local/lib/python3.12/site-packages/airflow/example_dags/example_nested_branch_dag.py
[2025-03-12T20:49:30.350+0000] {logging_mixin.py:190} INFO - [2025-03-12T20:49:30.350+0000] {dag.py:3239} INFO - Sync 1 DAGs
[2025-03-12T20:49:30.373+0000] {logging_mixin.py:190} INFO - [2025-03-12T20:49:30.372+0000] {dag.py:4180} INFO - Setting next_dagrun for example_nested_branch_dag to 2025-03-11 00:00:00+00:00, run_after=2025-03-12 00:00:00+00:00
[2025-03-12T20:49:30.389+0000] {processor.py:208} INFO - Processing /home/airflow/.local/lib/python3.12/site-packages/airflow/example_dags/example_nested_branch_dag.py took 0.081 seconds
[2025-03-12T20:50:00.644+0000] {processor.py:186} INFO - Started process (PID=519) to work on /home/airflow/.local/lib/python3.12/site-packages/airflow/example_dags/example_nested_branch_dag.py
[2025-03-12T20:50:00.645+0000] {processor.py:914} INFO - Processing file /home/airflow/.local/lib/python3.12/site-packages/airflow/example_dags/example_nested_branch_dag.py for tasks to queue
[2025-03-12T20:50:00.646+0000] {logging_mixin.py:190} INFO - [2025-03-12T20:50:00.646+0000] {dagbag.py:588} INFO - Filling up the DagBag from /home/airflow/.local/lib/python3.12/site-packages/airflow/example_dags/example_nested_branch_dag.py
[2025-03-12T20:50:00.653+0000] {processor.py:925} INFO - DAG(s) 'example_nested_branch_dag' retrieved from /home/airflow/.local/lib/python3.12/site-packages/airflow/example_dags/example_nested_branch_dag.py
[2025-03-12T20:50:00.673+0000] {logging_mixin.py:190} INFO - [2025-03-12T20:50:00.672+0000] {dag.py:3239} INFO - Sync 1 DAGs
[2025-03-12T20:50:00.692+0000] {logging_mixin.py:190} INFO - [2025-03-12T20:50:00.692+0000] {dag.py:4180} INFO - Setting next_dagrun for example_nested_branch_dag to 2025-03-11 00:00:00+00:00, run_after=2025-03-12 00:00:00+00:00
[2025-03-12T20:50:00.707+0000] {processor.py:208} INFO - Processing /home/airflow/.local/lib/python3.12/site-packages/airflow/example_dags/example_nested_branch_dag.py took 0.067 seconds
[2025-03-12T20:50:31.293+0000] {processor.py:186} INFO - Started process (PID=581) to work on /home/airflow/.local/lib/python3.12/site-packages/airflow/example_dags/example_nested_branch_dag.py
[2025-03-12T20:50:31.294+0000] {processor.py:914} INFO - Processing file /home/airflow/.local/lib/python3.12/site-packages/airflow/example_dags/example_nested_branch_dag.py for tasks to queue
[2025-03-12T20:50:31.295+0000] {logging_mixin.py:190} INFO - [2025-03-12T20:50:31.295+0000] {dagbag.py:588} INFO - Filling up the DagBag from /home/airflow/.local/lib/python3.12/site-packages/airflow/example_dags/example_nested_branch_dag.py
[2025-03-12T20:50:31.301+0000] {processor.py:925} INFO - DAG(s) 'example_nested_branch_dag' retrieved from /home/airflow/.local/lib/python3.12/site-packages/airflow/example_dags/example_nested_branch_dag.py
[2025-03-12T20:50:31.313+0000] {logging_mixin.py:190} INFO - [2025-03-12T20:50:31.312+0000] {dag.py:3239} INFO - Sync 1 DAGs
[2025-03-12T20:50:31.325+0000] {logging_mixin.py:190} INFO - [2025-03-12T20:50:31.324+0000] {dag.py:4180} INFO - Setting next_dagrun for example_nested_branch_dag to 2025-03-11 00:00:00+00:00, run_after=2025-03-12 00:00:00+00:00
[2025-03-12T20:50:31.335+0000] {processor.py:208} INFO - Processing /home/airflow/.local/lib/python3.12/site-packages/airflow/example_dags/example_nested_branch_dag.py took 0.045 seconds
[2025-03-12T20:51:01.716+0000] {processor.py:186} INFO - Started process (PID=644) to work on /home/airflow/.local/lib/python3.12/site-packages/airflow/example_dags/example_nested_branch_dag.py
[2025-03-12T20:51:01.717+0000] {processor.py:914} INFO - Processing file /home/airflow/.local/lib/python3.12/site-packages/airflow/example_dags/example_nested_branch_dag.py for tasks to queue
[2025-03-12T20:51:01.719+0000] {logging_mixin.py:190} INFO - [2025-03-12T20:51:01.718+0000] {dagbag.py:588} INFO - Filling up the DagBag from /home/airflow/.local/lib/python3.12/site-packages/airflow/example_dags/example_nested_branch_dag.py
[2025-03-12T20:51:01.726+0000] {processor.py:925} INFO - DAG(s) 'example_nested_branch_dag' retrieved from /home/airflow/.local/lib/python3.12/site-packages/airflow/example_dags/example_nested_branch_dag.py
[2025-03-12T20:51:01.744+0000] {logging_mixin.py:190} INFO - [2025-03-12T20:51:01.744+0000] {dag.py:3239} INFO - Sync 1 DAGs
[2025-03-12T20:51:01.762+0000] {logging_mixin.py:190} INFO - [2025-03-12T20:51:01.762+0000] {dag.py:4180} INFO - Setting next_dagrun for example_nested_branch_dag to 2025-03-11 00:00:00+00:00, run_after=2025-03-12 00:00:00+00:00
[2025-03-12T20:51:01.778+0000] {processor.py:208} INFO - Processing /home/airflow/.local/lib/python3.12/site-packages/airflow/example_dags/example_nested_branch_dag.py took 0.067 seconds
[2025-03-12T20:51:32.260+0000] {processor.py:186} INFO - Started process (PID=707) to work on /home/airflow/.local/lib/python3.12/site-packages/airflow/example_dags/example_nested_branch_dag.py
[2025-03-12T20:51:32.262+0000] {processor.py:914} INFO - Processing file /home/airflow/.local/lib/python3.12/site-packages/airflow/example_dags/example_nested_branch_dag.py for tasks to queue
[2025-03-12T20:51:32.264+0000] {logging_mixin.py:190} INFO - [2025-03-12T20:51:32.263+0000] {dagbag.py:588} INFO - Filling up the DagBag from /home/airflow/.local/lib/python3.12/site-packages/airflow/example_dags/example_nested_branch_dag.py
[2025-03-12T20:51:32.272+0000] {processor.py:925} INFO - DAG(s) 'example_nested_branch_dag' retrieved from /home/airflow/.local/lib/python3.12/site-packages/airflow/example_dags/example_nested_branch_dag.py
[2025-03-12T20:51:32.288+0000] {logging_mixin.py:190} INFO - [2025-03-12T20:51:32.288+0000] {dag.py:3239} INFO - Sync 1 DAGs
[2025-03-12T20:51:32.304+0000] {logging_mixin.py:190} INFO - [2025-03-12T20:51:32.304+0000] {dag.py:4180} INFO - Setting next_dagrun for example_nested_branch_dag to 2025-03-11 00:00:00+00:00, run_after=2025-03-12 00:00:00+00:00
[2025-03-12T20:51:32.318+0000] {processor.py:208} INFO - Processing /home/airflow/.local/lib/python3.12/site-packages/airflow/example_dags/example_nested_branch_dag.py took 0.063 seconds
[2025-03-12T20:52:03.362+0000] {processor.py:186} INFO - Started process (PID=770) to work on /home/airflow/.local/lib/python3.12/site-packages/airflow/example_dags/example_nested_branch_dag.py
[2025-03-12T20:52:03.364+0000] {processor.py:914} INFO - Processing file /home/airflow/.local/lib/python3.12/site-packages/airflow/example_dags/example_nested_branch_dag.py for tasks to queue
[2025-03-12T20:52:03.365+0000] {logging_mixin.py:190} INFO - [2025-03-12T20:52:03.365+0000] {dagbag.py:588} INFO - Filling up the DagBag from /home/airflow/.local/lib/python3.12/site-packages/airflow/example_dags/example_nested_branch_dag.py
[2025-03-12T20:52:03.375+0000] {processor.py:925} INFO - DAG(s) 'example_nested_branch_dag' retrieved from /home/airflow/.local/lib/python3.12/site-packages/airflow/example_dags/example_nested_branch_dag.py
[2025-03-12T20:52:03.395+0000] {logging_mixin.py:190} INFO - [2025-03-12T20:52:03.394+0000] {dag.py:3239} INFO - Sync 1 DAGs
[2025-03-12T20:52:03.414+0000] {logging_mixin.py:190} INFO - [2025-03-12T20:52:03.414+0000] {dag.py:4180} INFO - Setting next_dagrun for example_nested_branch_dag to 2025-03-11 00:00:00+00:00, run_after=2025-03-12 00:00:00+00:00
[2025-03-12T20:52:03.430+0000] {processor.py:208} INFO - Processing /home/airflow/.local/lib/python3.12/site-packages/airflow/example_dags/example_nested_branch_dag.py took 0.072 seconds
[2025-03-12T20:52:33.842+0000] {processor.py:186} INFO - Started process (PID=833) to work on /home/airflow/.local/lib/python3.12/site-packages/airflow/example_dags/example_nested_branch_dag.py
[2025-03-12T20:52:33.843+0000] {processor.py:914} INFO - Processing file /home/airflow/.local/lib/python3.12/site-packages/airflow/example_dags/example_nested_branch_dag.py for tasks to queue
[2025-03-12T20:52:33.844+0000] {logging_mixin.py:190} INFO - [2025-03-12T20:52:33.844+0000] {dagbag.py:588} INFO - Filling up the DagBag from /home/airflow/.local/lib/python3.12/site-packages/airflow/example_dags/example_nested_branch_dag.py
[2025-03-12T20:52:33.850+0000] {processor.py:925} INFO - DAG(s) 'example_nested_branch_dag' retrieved from /home/airflow/.local/lib/python3.12/site-packages/airflow/example_dags/example_nested_branch_dag.py
[2025-03-12T20:52:33.863+0000] {logging_mixin.py:190} INFO - [2025-03-12T20:52:33.863+0000] {dag.py:3239} INFO - Sync 1 DAGs
[2025-03-12T20:52:33.878+0000] {logging_mixin.py:190} INFO - [2025-03-12T20:52:33.878+0000] {dag.py:4180} INFO - Setting next_dagrun for example_nested_branch_dag to 2025-03-11 00:00:00+00:00, run_after=2025-03-12 00:00:00+00:00
[2025-03-12T20:52:33.890+0000] {processor.py:208} INFO - Processing /home/airflow/.local/lib/python3.12/site-packages/airflow/example_dags/example_nested_branch_dag.py took 0.052 seconds
[2025-03-12T20:53:04.985+0000] {processor.py:186} INFO - Started process (PID=897) to work on /home/airflow/.local/lib/python3.12/site-packages/airflow/example_dags/example_nested_branch_dag.py
[2025-03-12T20:53:04.985+0000] {processor.py:914} INFO - Processing file /home/airflow/.local/lib/python3.12/site-packages/airflow/example_dags/example_nested_branch_dag.py for tasks to queue
[2025-03-12T20:53:04.987+0000] {logging_mixin.py:190} INFO - [2025-03-12T20:53:04.986+0000] {dagbag.py:588} INFO - Filling up the DagBag from /home/airflow/.local/lib/python3.12/site-packages/airflow/example_dags/example_nested_branch_dag.py
[2025-03-12T20:53:04.994+0000] {processor.py:925} INFO - DAG(s) 'example_nested_branch_dag' retrieved from /home/airflow/.local/lib/python3.12/site-packages/airflow/example_dags/example_nested_branch_dag.py
[2025-03-12T20:53:05.012+0000] {logging_mixin.py:190} INFO - [2025-03-12T20:53:05.012+0000] {dag.py:3239} INFO - Sync 1 DAGs
[2025-03-12T20:53:05.030+0000] {logging_mixin.py:190} INFO - [2025-03-12T20:53:05.030+0000] {dag.py:4180} INFO - Setting next_dagrun for example_nested_branch_dag to 2025-03-11 00:00:00+00:00, run_after=2025-03-12 00:00:00+00:00
[2025-03-12T20:53:05.046+0000] {processor.py:208} INFO - Processing /home/airflow/.local/lib/python3.12/site-packages/airflow/example_dags/example_nested_branch_dag.py took 0.065 seconds
[2025-03-12T20:53:35.453+0000] {processor.py:186} INFO - Started process (PID=959) to work on /home/airflow/.local/lib/python3.12/site-packages/airflow/example_dags/example_nested_branch_dag.py
[2025-03-12T20:53:35.453+0000] {processor.py:914} INFO - Processing file /home/airflow/.local/lib/python3.12/site-packages/airflow/example_dags/example_nested_branch_dag.py for tasks to queue
[2025-03-12T20:53:35.455+0000] {logging_mixin.py:190} INFO - [2025-03-12T20:53:35.454+0000] {dagbag.py:588} INFO - Filling up the DagBag from /home/airflow/.local/lib/python3.12/site-packages/airflow/example_dags/example_nested_branch_dag.py
[2025-03-12T20:53:35.462+0000] {processor.py:925} INFO - DAG(s) 'example_nested_branch_dag' retrieved from /home/airflow/.local/lib/python3.12/site-packages/airflow/example_dags/example_nested_branch_dag.py
[2025-03-12T20:53:35.479+0000] {logging_mixin.py:190} INFO - [2025-03-12T20:53:35.479+0000] {dag.py:3239} INFO - Sync 1 DAGs
[2025-03-12T20:53:35.501+0000] {logging_mixin.py:190} INFO - [2025-03-12T20:53:35.501+0000] {dag.py:4180} INFO - Setting next_dagrun for example_nested_branch_dag to 2025-03-11 00:00:00+00:00, run_after=2025-03-12 00:00:00+00:00
[2025-03-12T20:53:35.519+0000] {processor.py:208} INFO - Processing /home/airflow/.local/lib/python3.12/site-packages/airflow/example_dags/example_nested_branch_dag.py took 0.071 seconds
[2025-03-12T20:54:05.874+0000] {processor.py:186} INFO - Started process (PID=1022) to work on /home/airflow/.local/lib/python3.12/site-packages/airflow/example_dags/example_nested_branch_dag.py
[2025-03-12T20:54:05.875+0000] {processor.py:914} INFO - Processing file /home/airflow/.local/lib/python3.12/site-packages/airflow/example_dags/example_nested_branch_dag.py for tasks to queue
[2025-03-12T20:54:05.876+0000] {logging_mixin.py:190} INFO - [2025-03-12T20:54:05.876+0000] {dagbag.py:588} INFO - Filling up the DagBag from /home/airflow/.local/lib/python3.12/site-packages/airflow/example_dags/example_nested_branch_dag.py
[2025-03-12T20:54:05.883+0000] {processor.py:925} INFO - DAG(s) 'example_nested_branch_dag' retrieved from /home/airflow/.local/lib/python3.12/site-packages/airflow/example_dags/example_nested_branch_dag.py
[2025-03-12T20:54:05.900+0000] {logging_mixin.py:190} INFO - [2025-03-12T20:54:05.900+0000] {dag.py:3239} INFO - Sync 1 DAGs
[2025-03-12T20:54:05.922+0000] {logging_mixin.py:190} INFO - [2025-03-12T20:54:05.922+0000] {dag.py:4180} INFO - Setting next_dagrun for example_nested_branch_dag to 2025-03-11 00:00:00+00:00, run_after=2025-03-12 00:00:00+00:00
[2025-03-12T20:54:05.938+0000] {processor.py:208} INFO - Processing /home/airflow/.local/lib/python3.12/site-packages/airflow/example_dags/example_nested_branch_dag.py took 0.068 seconds
[2025-03-12T20:54:36.688+0000] {processor.py:186} INFO - Started process (PID=1085) to work on /home/airflow/.local/lib/python3.12/site-packages/airflow/example_dags/example_nested_branch_dag.py
[2025-03-12T20:54:36.689+0000] {processor.py:914} INFO - Processing file /home/airflow/.local/lib/python3.12/site-packages/airflow/example_dags/example_nested_branch_dag.py for tasks to queue
[2025-03-12T20:54:36.690+0000] {logging_mixin.py:190} INFO - [2025-03-12T20:54:36.690+0000] {dagbag.py:588} INFO - Filling up the DagBag from /home/airflow/.local/lib/python3.12/site-packages/airflow/example_dags/example_nested_branch_dag.py
[2025-03-12T20:54:36.698+0000] {processor.py:925} INFO - DAG(s) 'example_nested_branch_dag' retrieved from /home/airflow/.local/lib/python3.12/site-packages/airflow/example_dags/example_nested_branch_dag.py
[2025-03-12T20:54:36.716+0000] {logging_mixin.py:190} INFO - [2025-03-12T20:54:36.716+0000] {dag.py:3239} INFO - Sync 1 DAGs
[2025-03-12T20:54:36.734+0000] {logging_mixin.py:190} INFO - [2025-03-12T20:54:36.733+0000] {dag.py:4180} INFO - Setting next_dagrun for example_nested_branch_dag to 2025-03-11 00:00:00+00:00, run_after=2025-03-12 00:00:00+00:00
[2025-03-12T20:54:36.748+0000] {processor.py:208} INFO - Processing /home/airflow/.local/lib/python3.12/site-packages/airflow/example_dags/example_nested_branch_dag.py took 0.064 seconds
[2025-03-12T20:55:07.423+0000] {processor.py:186} INFO - Started process (PID=1148) to work on /home/airflow/.local/lib/python3.12/site-packages/airflow/example_dags/example_nested_branch_dag.py
[2025-03-12T20:55:07.424+0000] {processor.py:914} INFO - Processing file /home/airflow/.local/lib/python3.12/site-packages/airflow/example_dags/example_nested_branch_dag.py for tasks to queue
[2025-03-12T20:55:07.425+0000] {logging_mixin.py:190} INFO - [2025-03-12T20:55:07.425+0000] {dagbag.py:588} INFO - Filling up the DagBag from /home/airflow/.local/lib/python3.12/site-packages/airflow/example_dags/example_nested_branch_dag.py
[2025-03-12T20:55:07.431+0000] {processor.py:925} INFO - DAG(s) 'example_nested_branch_dag' retrieved from /home/airflow/.local/lib/python3.12/site-packages/airflow/example_dags/example_nested_branch_dag.py
[2025-03-12T20:55:07.446+0000] {logging_mixin.py:190} INFO - [2025-03-12T20:55:07.446+0000] {dag.py:3239} INFO - Sync 1 DAGs
[2025-03-12T20:55:07.466+0000] {logging_mixin.py:190} INFO - [2025-03-12T20:55:07.466+0000] {dag.py:4180} INFO - Setting next_dagrun for example_nested_branch_dag to 2025-03-11 00:00:00+00:00, run_after=2025-03-12 00:00:00+00:00
[2025-03-12T20:55:07.479+0000] {processor.py:208} INFO - Processing /home/airflow/.local/lib/python3.12/site-packages/airflow/example_dags/example_nested_branch_dag.py took 0.060 seconds
[2025-03-12T20:55:38.605+0000] {processor.py:186} INFO - Started process (PID=1212) to work on /home/airflow/.local/lib/python3.12/site-packages/airflow/example_dags/example_nested_branch_dag.py
[2025-03-12T20:55:38.606+0000] {processor.py:914} INFO - Processing file /home/airflow/.local/lib/python3.12/site-packages/airflow/example_dags/example_nested_branch_dag.py for tasks to queue
[2025-03-12T20:55:38.608+0000] {logging_mixin.py:190} INFO - [2025-03-12T20:55:38.608+0000] {dagbag.py:588} INFO - Filling up the DagBag from /home/airflow/.local/lib/python3.12/site-packages/airflow/example_dags/example_nested_branch_dag.py
[2025-03-12T20:55:38.622+0000] {processor.py:925} INFO - DAG(s) 'example_nested_branch_dag' retrieved from /home/airflow/.local/lib/python3.12/site-packages/airflow/example_dags/example_nested_branch_dag.py
[2025-03-12T20:55:38.648+0000] {logging_mixin.py:190} INFO - [2025-03-12T20:55:38.648+0000] {dag.py:3239} INFO - Sync 1 DAGs
[2025-03-12T20:55:38.677+0000] {logging_mixin.py:190} INFO - [2025-03-12T20:55:38.677+0000] {dag.py:4180} INFO - Setting next_dagrun for example_nested_branch_dag to 2025-03-11 00:00:00+00:00, run_after=2025-03-12 00:00:00+00:00
[2025-03-12T20:55:38.698+0000] {processor.py:208} INFO - Processing /home/airflow/.local/lib/python3.12/site-packages/airflow/example_dags/example_nested_branch_dag.py took 0.099 seconds
[2025-03-12T20:56:09.617+0000] {processor.py:186} INFO - Started process (PID=1275) to work on /home/airflow/.local/lib/python3.12/site-packages/airflow/example_dags/example_nested_branch_dag.py
[2025-03-12T20:56:09.618+0000] {processor.py:914} INFO - Processing file /home/airflow/.local/lib/python3.12/site-packages/airflow/example_dags/example_nested_branch_dag.py for tasks to queue
[2025-03-12T20:56:09.620+0000] {logging_mixin.py:190} INFO - [2025-03-12T20:56:09.619+0000] {dagbag.py:588} INFO - Filling up the DagBag from /home/airflow/.local/lib/python3.12/site-packages/airflow/example_dags/example_nested_branch_dag.py
[2025-03-12T20:56:09.627+0000] {processor.py:925} INFO - DAG(s) 'example_nested_branch_dag' retrieved from /home/airflow/.local/lib/python3.12/site-packages/airflow/example_dags/example_nested_branch_dag.py
[2025-03-12T20:56:09.649+0000] {logging_mixin.py:190} INFO - [2025-03-12T20:56:09.649+0000] {dag.py:3239} INFO - Sync 1 DAGs
[2025-03-12T20:56:09.671+0000] {logging_mixin.py:190} INFO - [2025-03-12T20:56:09.670+0000] {dag.py:4180} INFO - Setting next_dagrun for example_nested_branch_dag to 2025-03-11 00:00:00+00:00, run_after=2025-03-12 00:00:00+00:00
[2025-03-12T20:56:09.687+0000] {processor.py:208} INFO - Processing /home/airflow/.local/lib/python3.12/site-packages/airflow/example_dags/example_nested_branch_dag.py took 0.073 seconds
[2025-03-12T20:56:40.175+0000] {processor.py:186} INFO - Started process (PID=1337) to work on /home/airflow/.local/lib/python3.12/site-packages/airflow/example_dags/example_nested_branch_dag.py
[2025-03-12T20:56:40.176+0000] {processor.py:914} INFO - Processing file /home/airflow/.local/lib/python3.12/site-packages/airflow/example_dags/example_nested_branch_dag.py for tasks to queue
[2025-03-12T20:56:40.178+0000] {logging_mixin.py:190} INFO - [2025-03-12T20:56:40.177+0000] {dagbag.py:588} INFO - Filling up the DagBag from /home/airflow/.local/lib/python3.12/site-packages/airflow/example_dags/example_nested_branch_dag.py
[2025-03-12T20:56:40.187+0000] {processor.py:925} INFO - DAG(s) 'example_nested_branch_dag' retrieved from /home/airflow/.local/lib/python3.12/site-packages/airflow/example_dags/example_nested_branch_dag.py
[2025-03-12T20:56:40.208+0000] {logging_mixin.py:190} INFO - [2025-03-12T20:56:40.207+0000] {dag.py:3239} INFO - Sync 1 DAGs
[2025-03-12T20:56:40.227+0000] {logging_mixin.py:190} INFO - [2025-03-12T20:56:40.226+0000] {dag.py:4180} INFO - Setting next_dagrun for example_nested_branch_dag to 2025-03-11 00:00:00+00:00, run_after=2025-03-12 00:00:00+00:00
[2025-03-12T20:56:40.240+0000] {processor.py:208} INFO - Processing /home/airflow/.local/lib/python3.12/site-packages/airflow/example_dags/example_nested_branch_dag.py took 0.070 seconds
[2025-03-12T20:57:10.726+0000] {processor.py:186} INFO - Started process (PID=1400) to work on /home/airflow/.local/lib/python3.12/site-packages/airflow/example_dags/example_nested_branch_dag.py
[2025-03-12T20:57:10.727+0000] {processor.py:914} INFO - Processing file /home/airflow/.local/lib/python3.12/site-packages/airflow/example_dags/example_nested_branch_dag.py for tasks to queue
[2025-03-12T20:57:10.728+0000] {logging_mixin.py:190} INFO - [2025-03-12T20:57:10.728+0000] {dagbag.py:588} INFO - Filling up the DagBag from /home/airflow/.local/lib/python3.12/site-packages/airflow/example_dags/example_nested_branch_dag.py
[2025-03-12T20:57:10.735+0000] {processor.py:925} INFO - DAG(s) 'example_nested_branch_dag' retrieved from /home/airflow/.local/lib/python3.12/site-packages/airflow/example_dags/example_nested_branch_dag.py
[2025-03-12T20:57:10.753+0000] {logging_mixin.py:190} INFO - [2025-03-12T20:57:10.753+0000] {dag.py:3239} INFO - Sync 1 DAGs
[2025-03-12T20:57:10.770+0000] {logging_mixin.py:190} INFO - [2025-03-12T20:57:10.770+0000] {dag.py:4180} INFO - Setting next_dagrun for example_nested_branch_dag to 2025-03-11 00:00:00+00:00, run_after=2025-03-12 00:00:00+00:00
[2025-03-12T20:57:10.784+0000] {processor.py:208} INFO - Processing /home/airflow/.local/lib/python3.12/site-packages/airflow/example_dags/example_nested_branch_dag.py took 0.063 seconds
[2025-03-12T20:57:41.840+0000] {processor.py:186} INFO - Started process (PID=1464) to work on /home/airflow/.local/lib/python3.12/site-packages/airflow/example_dags/example_nested_branch_dag.py
[2025-03-12T20:57:41.841+0000] {processor.py:914} INFO - Processing file /home/airflow/.local/lib/python3.12/site-packages/airflow/example_dags/example_nested_branch_dag.py for tasks to queue
[2025-03-12T20:57:41.843+0000] {logging_mixin.py:190} INFO - [2025-03-12T20:57:41.842+0000] {dagbag.py:588} INFO - Filling up the DagBag from /home/airflow/.local/lib/python3.12/site-packages/airflow/example_dags/example_nested_branch_dag.py
[2025-03-12T20:57:41.852+0000] {processor.py:925} INFO - DAG(s) 'example_nested_branch_dag' retrieved from /home/airflow/.local/lib/python3.12/site-packages/airflow/example_dags/example_nested_branch_dag.py
[2025-03-12T20:57:41.869+0000] {logging_mixin.py:190} INFO - [2025-03-12T20:57:41.869+0000] {dag.py:3239} INFO - Sync 1 DAGs
[2025-03-12T20:57:41.891+0000] {logging_mixin.py:190} INFO - [2025-03-12T20:57:41.891+0000] {dag.py:4180} INFO - Setting next_dagrun for example_nested_branch_dag to 2025-03-11 00:00:00+00:00, run_after=2025-03-12 00:00:00+00:00
[2025-03-12T20:57:41.906+0000] {processor.py:208} INFO - Processing /home/airflow/.local/lib/python3.12/site-packages/airflow/example_dags/example_nested_branch_dag.py took 0.071 seconds
[2025-03-12T20:58:12.834+0000] {processor.py:186} INFO - Started process (PID=1527) to work on /home/airflow/.local/lib/python3.12/site-packages/airflow/example_dags/example_nested_branch_dag.py
[2025-03-12T20:58:12.836+0000] {processor.py:914} INFO - Processing file /home/airflow/.local/lib/python3.12/site-packages/airflow/example_dags/example_nested_branch_dag.py for tasks to queue
[2025-03-12T20:58:12.837+0000] {logging_mixin.py:190} INFO - [2025-03-12T20:58:12.837+0000] {dagbag.py:588} INFO - Filling up the DagBag from /home/airflow/.local/lib/python3.12/site-packages/airflow/example_dags/example_nested_branch_dag.py
[2025-03-12T20:58:12.844+0000] {processor.py:925} INFO - DAG(s) 'example_nested_branch_dag' retrieved from /home/airflow/.local/lib/python3.12/site-packages/airflow/example_dags/example_nested_branch_dag.py
[2025-03-12T20:58:12.865+0000] {logging_mixin.py:190} INFO - [2025-03-12T20:58:12.864+0000] {dag.py:3239} INFO - Sync 1 DAGs
[2025-03-12T20:58:12.887+0000] {logging_mixin.py:190} INFO - [2025-03-12T20:58:12.887+0000] {dag.py:4180} INFO - Setting next_dagrun for example_nested_branch_dag to 2025-03-11 00:00:00+00:00, run_after=2025-03-12 00:00:00+00:00
[2025-03-12T20:58:12.904+0000] {processor.py:208} INFO - Processing /home/airflow/.local/lib/python3.12/site-packages/airflow/example_dags/example_nested_branch_dag.py took 0.074 seconds
[2025-03-12T20:58:43.910+0000] {processor.py:186} INFO - Started process (PID=1590) to work on /home/airflow/.local/lib/python3.12/site-packages/airflow/example_dags/example_nested_branch_dag.py
[2025-03-12T20:58:43.912+0000] {processor.py:914} INFO - Processing file /home/airflow/.local/lib/python3.12/site-packages/airflow/example_dags/example_nested_branch_dag.py for tasks to queue
[2025-03-12T20:58:43.913+0000] {logging_mixin.py:190} INFO - [2025-03-12T20:58:43.913+0000] {dagbag.py:588} INFO - Filling up the DagBag from /home/airflow/.local/lib/python3.12/site-packages/airflow/example_dags/example_nested_branch_dag.py
[2025-03-12T20:58:43.925+0000] {processor.py:925} INFO - DAG(s) 'example_nested_branch_dag' retrieved from /home/airflow/.local/lib/python3.12/site-packages/airflow/example_dags/example_nested_branch_dag.py
[2025-03-12T20:58:43.943+0000] {logging_mixin.py:190} INFO - [2025-03-12T20:58:43.943+0000] {dag.py:3239} INFO - Sync 1 DAGs
[2025-03-12T20:58:43.963+0000] {logging_mixin.py:190} INFO - [2025-03-12T20:58:43.963+0000] {dag.py:4180} INFO - Setting next_dagrun for example_nested_branch_dag to 2025-03-11 00:00:00+00:00, run_after=2025-03-12 00:00:00+00:00
[2025-03-12T20:58:43.978+0000] {processor.py:208} INFO - Processing /home/airflow/.local/lib/python3.12/site-packages/airflow/example_dags/example_nested_branch_dag.py took 0.073 seconds
[2025-03-12T20:59:14.434+0000] {processor.py:186} INFO - Started process (PID=1653) to work on /home/airflow/.local/lib/python3.12/site-packages/airflow/example_dags/example_nested_branch_dag.py
[2025-03-12T20:59:14.434+0000] {processor.py:914} INFO - Processing file /home/airflow/.local/lib/python3.12/site-packages/airflow/example_dags/example_nested_branch_dag.py for tasks to queue
[2025-03-12T20:59:14.436+0000] {logging_mixin.py:190} INFO - [2025-03-12T20:59:14.435+0000] {dagbag.py:588} INFO - Filling up the DagBag from /home/airflow/.local/lib/python3.12/site-packages/airflow/example_dags/example_nested_branch_dag.py
[2025-03-12T20:59:14.444+0000] {processor.py:925} INFO - DAG(s) 'example_nested_branch_dag' retrieved from /home/airflow/.local/lib/python3.12/site-packages/airflow/example_dags/example_nested_branch_dag.py
[2025-03-12T20:59:14.462+0000] {logging_mixin.py:190} INFO - [2025-03-12T20:59:14.461+0000] {dag.py:3239} INFO - Sync 1 DAGs
[2025-03-12T20:59:14.482+0000] {logging_mixin.py:190} INFO - [2025-03-12T20:59:14.482+0000] {dag.py:4180} INFO - Setting next_dagrun for example_nested_branch_dag to 2025-03-11 00:00:00+00:00, run_after=2025-03-12 00:00:00+00:00
[2025-03-12T20:59:14.501+0000] {processor.py:208} INFO - Processing /home/airflow/.local/lib/python3.12/site-packages/airflow/example_dags/example_nested_branch_dag.py took 0.071 seconds
[2025-03-12T20:59:45.063+0000] {processor.py:186} INFO - Started process (PID=1715) to work on /home/airflow/.local/lib/python3.12/site-packages/airflow/example_dags/example_nested_branch_dag.py
[2025-03-12T20:59:45.063+0000] {processor.py:914} INFO - Processing file /home/airflow/.local/lib/python3.12/site-packages/airflow/example_dags/example_nested_branch_dag.py for tasks to queue
[2025-03-12T20:59:45.065+0000] {logging_mixin.py:190} INFO - [2025-03-12T20:59:45.065+0000] {dagbag.py:588} INFO - Filling up the DagBag from /home/airflow/.local/lib/python3.12/site-packages/airflow/example_dags/example_nested_branch_dag.py
[2025-03-12T20:59:45.072+0000] {processor.py:925} INFO - DAG(s) 'example_nested_branch_dag' retrieved from /home/airflow/.local/lib/python3.12/site-packages/airflow/example_dags/example_nested_branch_dag.py
[2025-03-12T20:59:45.085+0000] {logging_mixin.py:190} INFO - [2025-03-12T20:59:45.085+0000] {dag.py:3239} INFO - Sync 1 DAGs
[2025-03-12T20:59:45.100+0000] {logging_mixin.py:190} INFO - [2025-03-12T20:59:45.100+0000] {dag.py:4180} INFO - Setting next_dagrun for example_nested_branch_dag to 2025-03-11 00:00:00+00:00, run_after=2025-03-12 00:00:00+00:00
[2025-03-12T20:59:45.116+0000] {processor.py:208} INFO - Processing /home/airflow/.local/lib/python3.12/site-packages/airflow/example_dags/example_nested_branch_dag.py took 0.057 seconds
[2025-03-12T21:00:15.651+0000] {processor.py:186} INFO - Started process (PID=1778) to work on /home/airflow/.local/lib/python3.12/site-packages/airflow/example_dags/example_nested_branch_dag.py
[2025-03-12T21:00:15.652+0000] {processor.py:914} INFO - Processing file /home/airflow/.local/lib/python3.12/site-packages/airflow/example_dags/example_nested_branch_dag.py for tasks to queue
[2025-03-12T21:00:15.654+0000] {logging_mixin.py:190} INFO - [2025-03-12T21:00:15.654+0000] {dagbag.py:588} INFO - Filling up the DagBag from /home/airflow/.local/lib/python3.12/site-packages/airflow/example_dags/example_nested_branch_dag.py
[2025-03-12T21:00:15.665+0000] {processor.py:925} INFO - DAG(s) 'example_nested_branch_dag' retrieved from /home/airflow/.local/lib/python3.12/site-packages/airflow/example_dags/example_nested_branch_dag.py
[2025-03-12T21:00:15.684+0000] {logging_mixin.py:190} INFO - [2025-03-12T21:00:15.683+0000] {dag.py:3239} INFO - Sync 1 DAGs
[2025-03-12T21:00:15.700+0000] {logging_mixin.py:190} INFO - [2025-03-12T21:00:15.700+0000] {dag.py:4180} INFO - Setting next_dagrun for example_nested_branch_dag to 2025-03-11 00:00:00+00:00, run_after=2025-03-12 00:00:00+00:00
[2025-03-12T21:00:15.714+0000] {processor.py:208} INFO - Processing /home/airflow/.local/lib/python3.12/site-packages/airflow/example_dags/example_nested_branch_dag.py took 0.069 seconds
[2025-03-12T21:00:46.485+0000] {processor.py:186} INFO - Started process (PID=1841) to work on /home/airflow/.local/lib/python3.12/site-packages/airflow/example_dags/example_nested_branch_dag.py
[2025-03-12T21:00:46.486+0000] {processor.py:914} INFO - Processing file /home/airflow/.local/lib/python3.12/site-packages/airflow/example_dags/example_nested_branch_dag.py for tasks to queue
[2025-03-12T21:00:46.487+0000] {logging_mixin.py:190} INFO - [2025-03-12T21:00:46.487+0000] {dagbag.py:588} INFO - Filling up the DagBag from /home/airflow/.local/lib/python3.12/site-packages/airflow/example_dags/example_nested_branch_dag.py
[2025-03-12T21:00:46.493+0000] {processor.py:925} INFO - DAG(s) 'example_nested_branch_dag' retrieved from /home/airflow/.local/lib/python3.12/site-packages/airflow/example_dags/example_nested_branch_dag.py
[2025-03-12T21:00:46.511+0000] {logging_mixin.py:190} INFO - [2025-03-12T21:00:46.510+0000] {dag.py:3239} INFO - Sync 1 DAGs
[2025-03-12T21:00:46.531+0000] {logging_mixin.py:190} INFO - [2025-03-12T21:00:46.531+0000] {dag.py:4180} INFO - Setting next_dagrun for example_nested_branch_dag to 2025-03-11 00:00:00+00:00, run_after=2025-03-12 00:00:00+00:00
[2025-03-12T21:00:46.547+0000] {processor.py:208} INFO - Processing /home/airflow/.local/lib/python3.12/site-packages/airflow/example_dags/example_nested_branch_dag.py took 0.066 seconds
[2025-03-12T21:01:17.194+0000] {processor.py:186} INFO - Started process (PID=1904) to work on /home/airflow/.local/lib/python3.12/site-packages/airflow/example_dags/example_nested_branch_dag.py
[2025-03-12T21:01:17.195+0000] {processor.py:914} INFO - Processing file /home/airflow/.local/lib/python3.12/site-packages/airflow/example_dags/example_nested_branch_dag.py for tasks to queue
[2025-03-12T21:01:17.197+0000] {logging_mixin.py:190} INFO - [2025-03-12T21:01:17.196+0000] {dagbag.py:588} INFO - Filling up the DagBag from /home/airflow/.local/lib/python3.12/site-packages/airflow/example_dags/example_nested_branch_dag.py
[2025-03-12T21:01:17.205+0000] {processor.py:925} INFO - DAG(s) 'example_nested_branch_dag' retrieved from /home/airflow/.local/lib/python3.12/site-packages/airflow/example_dags/example_nested_branch_dag.py
[2025-03-12T21:01:17.222+0000] {logging_mixin.py:190} INFO - [2025-03-12T21:01:17.222+0000] {dag.py:3239} INFO - Sync 1 DAGs
[2025-03-12T21:01:17.249+0000] {logging_mixin.py:190} INFO - [2025-03-12T21:01:17.248+0000] {dag.py:4180} INFO - Setting next_dagrun for example_nested_branch_dag to 2025-03-11 00:00:00+00:00, run_after=2025-03-12 00:00:00+00:00
[2025-03-12T21:01:17.272+0000] {processor.py:208} INFO - Processing /home/airflow/.local/lib/python3.12/site-packages/airflow/example_dags/example_nested_branch_dag.py took 0.084 seconds
[2025-03-12T21:01:48.376+0000] {processor.py:186} INFO - Started process (PID=1967) to work on /home/airflow/.local/lib/python3.12/site-packages/airflow/example_dags/example_nested_branch_dag.py
[2025-03-12T21:01:48.377+0000] {processor.py:914} INFO - Processing file /home/airflow/.local/lib/python3.12/site-packages/airflow/example_dags/example_nested_branch_dag.py for tasks to queue
[2025-03-12T21:01:48.380+0000] {logging_mixin.py:190} INFO - [2025-03-12T21:01:48.379+0000] {dagbag.py:588} INFO - Filling up the DagBag from /home/airflow/.local/lib/python3.12/site-packages/airflow/example_dags/example_nested_branch_dag.py
[2025-03-12T21:01:48.391+0000] {processor.py:925} INFO - DAG(s) 'example_nested_branch_dag' retrieved from /home/airflow/.local/lib/python3.12/site-packages/airflow/example_dags/example_nested_branch_dag.py
[2025-03-12T21:01:48.416+0000] {logging_mixin.py:190} INFO - [2025-03-12T21:01:48.415+0000] {dag.py:3239} INFO - Sync 1 DAGs
[2025-03-12T21:01:48.442+0000] {logging_mixin.py:190} INFO - [2025-03-12T21:01:48.442+0000] {dag.py:4180} INFO - Setting next_dagrun for example_nested_branch_dag to 2025-03-11 00:00:00+00:00, run_after=2025-03-12 00:00:00+00:00
[2025-03-12T21:01:48.464+0000] {processor.py:208} INFO - Processing /home/airflow/.local/lib/python3.12/site-packages/airflow/example_dags/example_nested_branch_dag.py took 0.095 seconds
[2025-03-12T21:02:19.066+0000] {processor.py:186} INFO - Started process (PID=2030) to work on /home/airflow/.local/lib/python3.12/site-packages/airflow/example_dags/example_nested_branch_dag.py
[2025-03-12T21:02:19.067+0000] {processor.py:914} INFO - Processing file /home/airflow/.local/lib/python3.12/site-packages/airflow/example_dags/example_nested_branch_dag.py for tasks to queue
[2025-03-12T21:02:19.069+0000] {logging_mixin.py:190} INFO - [2025-03-12T21:02:19.069+0000] {dagbag.py:588} INFO - Filling up the DagBag from /home/airflow/.local/lib/python3.12/site-packages/airflow/example_dags/example_nested_branch_dag.py
[2025-03-12T21:02:19.078+0000] {processor.py:925} INFO - DAG(s) 'example_nested_branch_dag' retrieved from /home/airflow/.local/lib/python3.12/site-packages/airflow/example_dags/example_nested_branch_dag.py
[2025-03-12T21:02:19.096+0000] {logging_mixin.py:190} INFO - [2025-03-12T21:02:19.096+0000] {dag.py:3239} INFO - Sync 1 DAGs
[2025-03-12T21:02:19.119+0000] {logging_mixin.py:190} INFO - [2025-03-12T21:02:19.119+0000] {dag.py:4180} INFO - Setting next_dagrun for example_nested_branch_dag to 2025-03-11 00:00:00+00:00, run_after=2025-03-12 00:00:00+00:00
[2025-03-12T21:02:19.137+0000] {processor.py:208} INFO - Processing /home/airflow/.local/lib/python3.12/site-packages/airflow/example_dags/example_nested_branch_dag.py took 0.077 seconds
[2025-03-12T21:02:49.450+0000] {processor.py:186} INFO - Started process (PID=2093) to work on /home/airflow/.local/lib/python3.12/site-packages/airflow/example_dags/example_nested_branch_dag.py
[2025-03-12T21:02:49.451+0000] {processor.py:914} INFO - Processing file /home/airflow/.local/lib/python3.12/site-packages/airflow/example_dags/example_nested_branch_dag.py for tasks to queue
[2025-03-12T21:02:49.452+0000] {logging_mixin.py:190} INFO - [2025-03-12T21:02:49.452+0000] {dagbag.py:588} INFO - Filling up the DagBag from /home/airflow/.local/lib/python3.12/site-packages/airflow/example_dags/example_nested_branch_dag.py
[2025-03-12T21:02:49.460+0000] {processor.py:925} INFO - DAG(s) 'example_nested_branch_dag' retrieved from /home/airflow/.local/lib/python3.12/site-packages/airflow/example_dags/example_nested_branch_dag.py
[2025-03-12T21:02:49.478+0000] {logging_mixin.py:190} INFO - [2025-03-12T21:02:49.478+0000] {dag.py:3239} INFO - Sync 1 DAGs
[2025-03-12T21:02:49.505+0000] {logging_mixin.py:190} INFO - [2025-03-12T21:02:49.504+0000] {dag.py:4180} INFO - Setting next_dagrun for example_nested_branch_dag to 2025-03-11 00:00:00+00:00, run_after=2025-03-12 00:00:00+00:00
[2025-03-12T21:02:49.527+0000] {processor.py:208} INFO - Processing /home/airflow/.local/lib/python3.12/site-packages/airflow/example_dags/example_nested_branch_dag.py took 0.081 seconds
[2025-03-12T21:03:19.884+0000] {processor.py:186} INFO - Started process (PID=2156) to work on /home/airflow/.local/lib/python3.12/site-packages/airflow/example_dags/example_nested_branch_dag.py
[2025-03-12T21:03:19.885+0000] {processor.py:914} INFO - Processing file /home/airflow/.local/lib/python3.12/site-packages/airflow/example_dags/example_nested_branch_dag.py for tasks to queue
[2025-03-12T21:03:19.887+0000] {logging_mixin.py:190} INFO - [2025-03-12T21:03:19.886+0000] {dagbag.py:588} INFO - Filling up the DagBag from /home/airflow/.local/lib/python3.12/site-packages/airflow/example_dags/example_nested_branch_dag.py
[2025-03-12T21:03:19.894+0000] {processor.py:925} INFO - DAG(s) 'example_nested_branch_dag' retrieved from /home/airflow/.local/lib/python3.12/site-packages/airflow/example_dags/example_nested_branch_dag.py
[2025-03-12T21:03:19.910+0000] {logging_mixin.py:190} INFO - [2025-03-12T21:03:19.910+0000] {dag.py:3239} INFO - Sync 1 DAGs
[2025-03-12T21:03:19.930+0000] {logging_mixin.py:190} INFO - [2025-03-12T21:03:19.930+0000] {dag.py:4180} INFO - Setting next_dagrun for example_nested_branch_dag to 2025-03-11 00:00:00+00:00, run_after=2025-03-12 00:00:00+00:00
[2025-03-12T21:03:19.947+0000] {processor.py:208} INFO - Processing /home/airflow/.local/lib/python3.12/site-packages/airflow/example_dags/example_nested_branch_dag.py took 0.068 seconds
[2025-03-12T21:03:50.100+0000] {processor.py:186} INFO - Started process (PID=2219) to work on /home/airflow/.local/lib/python3.12/site-packages/airflow/example_dags/example_nested_branch_dag.py
[2025-03-12T21:03:50.101+0000] {processor.py:914} INFO - Processing file /home/airflow/.local/lib/python3.12/site-packages/airflow/example_dags/example_nested_branch_dag.py for tasks to queue
[2025-03-12T21:03:50.102+0000] {logging_mixin.py:190} INFO - [2025-03-12T21:03:50.102+0000] {dagbag.py:588} INFO - Filling up the DagBag from /home/airflow/.local/lib/python3.12/site-packages/airflow/example_dags/example_nested_branch_dag.py
[2025-03-12T21:03:50.110+0000] {processor.py:925} INFO - DAG(s) 'example_nested_branch_dag' retrieved from /home/airflow/.local/lib/python3.12/site-packages/airflow/example_dags/example_nested_branch_dag.py
[2025-03-12T21:03:50.130+0000] {logging_mixin.py:190} INFO - [2025-03-12T21:03:50.129+0000] {dag.py:3239} INFO - Sync 1 DAGs
[2025-03-12T21:03:50.152+0000] {logging_mixin.py:190} INFO - [2025-03-12T21:03:50.152+0000] {dag.py:4180} INFO - Setting next_dagrun for example_nested_branch_dag to 2025-03-11 00:00:00+00:00, run_after=2025-03-12 00:00:00+00:00
[2025-03-12T21:03:50.171+0000] {processor.py:208} INFO - Processing /home/airflow/.local/lib/python3.12/site-packages/airflow/example_dags/example_nested_branch_dag.py took 0.075 seconds
[2025-03-12T21:04:20.638+0000] {processor.py:186} INFO - Started process (PID=2282) to work on /home/airflow/.local/lib/python3.12/site-packages/airflow/example_dags/example_nested_branch_dag.py
[2025-03-12T21:04:20.639+0000] {processor.py:914} INFO - Processing file /home/airflow/.local/lib/python3.12/site-packages/airflow/example_dags/example_nested_branch_dag.py for tasks to queue
[2025-03-12T21:04:20.640+0000] {logging_mixin.py:190} INFO - [2025-03-12T21:04:20.640+0000] {dagbag.py:588} INFO - Filling up the DagBag from /home/airflow/.local/lib/python3.12/site-packages/airflow/example_dags/example_nested_branch_dag.py
[2025-03-12T21:04:20.648+0000] {processor.py:925} INFO - DAG(s) 'example_nested_branch_dag' retrieved from /home/airflow/.local/lib/python3.12/site-packages/airflow/example_dags/example_nested_branch_dag.py
[2025-03-12T21:04:20.668+0000] {logging_mixin.py:190} INFO - [2025-03-12T21:04:20.667+0000] {dag.py:3239} INFO - Sync 1 DAGs
[2025-03-12T21:04:20.689+0000] {logging_mixin.py:190} INFO - [2025-03-12T21:04:20.688+0000] {dag.py:4180} INFO - Setting next_dagrun for example_nested_branch_dag to 2025-03-11 00:00:00+00:00, run_after=2025-03-12 00:00:00+00:00
[2025-03-12T21:04:20.705+0000] {processor.py:208} INFO - Processing /home/airflow/.local/lib/python3.12/site-packages/airflow/example_dags/example_nested_branch_dag.py took 0.072 seconds
[2025-03-12T21:04:51.328+0000] {processor.py:186} INFO - Started process (PID=2345) to work on /home/airflow/.local/lib/python3.12/site-packages/airflow/example_dags/example_nested_branch_dag.py
[2025-03-12T21:04:51.329+0000] {processor.py:914} INFO - Processing file /home/airflow/.local/lib/python3.12/site-packages/airflow/example_dags/example_nested_branch_dag.py for tasks to queue
[2025-03-12T21:04:51.330+0000] {logging_mixin.py:190} INFO - [2025-03-12T21:04:51.330+0000] {dagbag.py:588} INFO - Filling up the DagBag from /home/airflow/.local/lib/python3.12/site-packages/airflow/example_dags/example_nested_branch_dag.py
[2025-03-12T21:04:51.336+0000] {processor.py:925} INFO - DAG(s) 'example_nested_branch_dag' retrieved from /home/airflow/.local/lib/python3.12/site-packages/airflow/example_dags/example_nested_branch_dag.py
[2025-03-12T21:04:51.355+0000] {logging_mixin.py:190} INFO - [2025-03-12T21:04:51.354+0000] {dag.py:3239} INFO - Sync 1 DAGs
[2025-03-12T21:04:51.377+0000] {logging_mixin.py:190} INFO - [2025-03-12T21:04:51.376+0000] {dag.py:4180} INFO - Setting next_dagrun for example_nested_branch_dag to 2025-03-11 00:00:00+00:00, run_after=2025-03-12 00:00:00+00:00
[2025-03-12T21:04:51.393+0000] {processor.py:208} INFO - Processing /home/airflow/.local/lib/python3.12/site-packages/airflow/example_dags/example_nested_branch_dag.py took 0.070 seconds
[2025-03-12T21:05:22.152+0000] {processor.py:186} INFO - Started process (PID=2408) to work on /home/airflow/.local/lib/python3.12/site-packages/airflow/example_dags/example_nested_branch_dag.py
[2025-03-12T21:05:22.153+0000] {processor.py:914} INFO - Processing file /home/airflow/.local/lib/python3.12/site-packages/airflow/example_dags/example_nested_branch_dag.py for tasks to queue
[2025-03-12T21:05:22.155+0000] {logging_mixin.py:190} INFO - [2025-03-12T21:05:22.155+0000] {dagbag.py:588} INFO - Filling up the DagBag from /home/airflow/.local/lib/python3.12/site-packages/airflow/example_dags/example_nested_branch_dag.py
[2025-03-12T21:05:22.166+0000] {processor.py:925} INFO - DAG(s) 'example_nested_branch_dag' retrieved from /home/airflow/.local/lib/python3.12/site-packages/airflow/example_dags/example_nested_branch_dag.py
[2025-03-12T21:05:22.187+0000] {logging_mixin.py:190} INFO - [2025-03-12T21:05:22.187+0000] {dag.py:3239} INFO - Sync 1 DAGs
[2025-03-12T21:05:22.210+0000] {logging_mixin.py:190} INFO - [2025-03-12T21:05:22.210+0000] {dag.py:4180} INFO - Setting next_dagrun for example_nested_branch_dag to 2025-03-11 00:00:00+00:00, run_after=2025-03-12 00:00:00+00:00
[2025-03-12T21:05:22.229+0000] {processor.py:208} INFO - Processing /home/airflow/.local/lib/python3.12/site-packages/airflow/example_dags/example_nested_branch_dag.py took 0.082 seconds
[2025-03-12T21:05:52.303+0000] {processor.py:186} INFO - Started process (PID=2470) to work on /home/airflow/.local/lib/python3.12/site-packages/airflow/example_dags/example_nested_branch_dag.py
[2025-03-12T21:05:52.304+0000] {processor.py:914} INFO - Processing file /home/airflow/.local/lib/python3.12/site-packages/airflow/example_dags/example_nested_branch_dag.py for tasks to queue
[2025-03-12T21:05:52.305+0000] {logging_mixin.py:190} INFO - [2025-03-12T21:05:52.305+0000] {dagbag.py:588} INFO - Filling up the DagBag from /home/airflow/.local/lib/python3.12/site-packages/airflow/example_dags/example_nested_branch_dag.py
[2025-03-12T21:05:52.311+0000] {processor.py:925} INFO - DAG(s) 'example_nested_branch_dag' retrieved from /home/airflow/.local/lib/python3.12/site-packages/airflow/example_dags/example_nested_branch_dag.py
[2025-03-12T21:05:52.331+0000] {logging_mixin.py:190} INFO - [2025-03-12T21:05:52.331+0000] {dag.py:3239} INFO - Sync 1 DAGs
[2025-03-12T21:05:52.353+0000] {logging_mixin.py:190} INFO - [2025-03-12T21:05:52.353+0000] {dag.py:4180} INFO - Setting next_dagrun for example_nested_branch_dag to 2025-03-11 00:00:00+00:00, run_after=2025-03-12 00:00:00+00:00
[2025-03-12T21:05:52.368+0000] {processor.py:208} INFO - Processing /home/airflow/.local/lib/python3.12/site-packages/airflow/example_dags/example_nested_branch_dag.py took 0.068 seconds
[2025-03-12T21:06:23.204+0000] {processor.py:186} INFO - Started process (PID=2533) to work on /home/airflow/.local/lib/python3.12/site-packages/airflow/example_dags/example_nested_branch_dag.py
[2025-03-12T21:06:23.205+0000] {processor.py:914} INFO - Processing file /home/airflow/.local/lib/python3.12/site-packages/airflow/example_dags/example_nested_branch_dag.py for tasks to queue
[2025-03-12T21:06:23.206+0000] {logging_mixin.py:190} INFO - [2025-03-12T21:06:23.206+0000] {dagbag.py:588} INFO - Filling up the DagBag from /home/airflow/.local/lib/python3.12/site-packages/airflow/example_dags/example_nested_branch_dag.py
[2025-03-12T21:06:23.213+0000] {processor.py:925} INFO - DAG(s) 'example_nested_branch_dag' retrieved from /home/airflow/.local/lib/python3.12/site-packages/airflow/example_dags/example_nested_branch_dag.py
[2025-03-12T21:06:23.231+0000] {logging_mixin.py:190} INFO - [2025-03-12T21:06:23.231+0000] {dag.py:3239} INFO - Sync 1 DAGs
[2025-03-12T21:06:23.251+0000] {logging_mixin.py:190} INFO - [2025-03-12T21:06:23.251+0000] {dag.py:4180} INFO - Setting next_dagrun for example_nested_branch_dag to 2025-03-11 00:00:00+00:00, run_after=2025-03-12 00:00:00+00:00
[2025-03-12T21:06:23.267+0000] {processor.py:208} INFO - Processing /home/airflow/.local/lib/python3.12/site-packages/airflow/example_dags/example_nested_branch_dag.py took 0.067 seconds
[2025-03-12T21:06:53.842+0000] {processor.py:186} INFO - Started process (PID=2596) to work on /home/airflow/.local/lib/python3.12/site-packages/airflow/example_dags/example_nested_branch_dag.py
[2025-03-12T21:06:53.843+0000] {processor.py:914} INFO - Processing file /home/airflow/.local/lib/python3.12/site-packages/airflow/example_dags/example_nested_branch_dag.py for tasks to queue
[2025-03-12T21:06:53.844+0000] {logging_mixin.py:190} INFO - [2025-03-12T21:06:53.844+0000] {dagbag.py:588} INFO - Filling up the DagBag from /home/airflow/.local/lib/python3.12/site-packages/airflow/example_dags/example_nested_branch_dag.py
[2025-03-12T21:06:53.851+0000] {processor.py:925} INFO - DAG(s) 'example_nested_branch_dag' retrieved from /home/airflow/.local/lib/python3.12/site-packages/airflow/example_dags/example_nested_branch_dag.py
[2025-03-12T21:06:53.870+0000] {logging_mixin.py:190} INFO - [2025-03-12T21:06:53.869+0000] {dag.py:3239} INFO - Sync 1 DAGs
[2025-03-12T21:06:53.887+0000] {logging_mixin.py:190} INFO - [2025-03-12T21:06:53.887+0000] {dag.py:4180} INFO - Setting next_dagrun for example_nested_branch_dag to 2025-03-11 00:00:00+00:00, run_after=2025-03-12 00:00:00+00:00
[2025-03-12T21:06:53.903+0000] {processor.py:208} INFO - Processing /home/airflow/.local/lib/python3.12/site-packages/airflow/example_dags/example_nested_branch_dag.py took 0.066 seconds
[2025-03-12T21:07:24.902+0000] {processor.py:186} INFO - Started process (PID=2659) to work on /home/airflow/.local/lib/python3.12/site-packages/airflow/example_dags/example_nested_branch_dag.py
[2025-03-12T21:07:24.903+0000] {processor.py:914} INFO - Processing file /home/airflow/.local/lib/python3.12/site-packages/airflow/example_dags/example_nested_branch_dag.py for tasks to queue
[2025-03-12T21:07:24.905+0000] {logging_mixin.py:190} INFO - [2025-03-12T21:07:24.905+0000] {dagbag.py:588} INFO - Filling up the DagBag from /home/airflow/.local/lib/python3.12/site-packages/airflow/example_dags/example_nested_branch_dag.py
[2025-03-12T21:07:24.914+0000] {processor.py:925} INFO - DAG(s) 'example_nested_branch_dag' retrieved from /home/airflow/.local/lib/python3.12/site-packages/airflow/example_dags/example_nested_branch_dag.py
[2025-03-12T21:07:24.933+0000] {logging_mixin.py:190} INFO - [2025-03-12T21:07:24.933+0000] {dag.py:3239} INFO - Sync 1 DAGs
[2025-03-12T21:07:24.948+0000] {logging_mixin.py:190} INFO - [2025-03-12T21:07:24.948+0000] {dag.py:4180} INFO - Setting next_dagrun for example_nested_branch_dag to 2025-03-11 00:00:00+00:00, run_after=2025-03-12 00:00:00+00:00
[2025-03-12T21:07:24.962+0000] {processor.py:208} INFO - Processing /home/airflow/.local/lib/python3.12/site-packages/airflow/example_dags/example_nested_branch_dag.py took 0.064 seconds
[2025-03-12T21:07:55.222+0000] {processor.py:186} INFO - Started process (PID=2722) to work on /home/airflow/.local/lib/python3.12/site-packages/airflow/example_dags/example_nested_branch_dag.py
[2025-03-12T21:07:55.222+0000] {processor.py:914} INFO - Processing file /home/airflow/.local/lib/python3.12/site-packages/airflow/example_dags/example_nested_branch_dag.py for tasks to queue
[2025-03-12T21:07:55.223+0000] {logging_mixin.py:190} INFO - [2025-03-12T21:07:55.223+0000] {dagbag.py:588} INFO - Filling up the DagBag from /home/airflow/.local/lib/python3.12/site-packages/airflow/example_dags/example_nested_branch_dag.py
[2025-03-12T21:07:55.229+0000] {processor.py:925} INFO - DAG(s) 'example_nested_branch_dag' retrieved from /home/airflow/.local/lib/python3.12/site-packages/airflow/example_dags/example_nested_branch_dag.py
[2025-03-12T21:07:55.246+0000] {logging_mixin.py:190} INFO - [2025-03-12T21:07:55.246+0000] {dag.py:3239} INFO - Sync 1 DAGs
[2025-03-12T21:07:55.262+0000] {logging_mixin.py:190} INFO - [2025-03-12T21:07:55.262+0000] {dag.py:4180} INFO - Setting next_dagrun for example_nested_branch_dag to 2025-03-11 00:00:00+00:00, run_after=2025-03-12 00:00:00+00:00
[2025-03-12T21:07:55.275+0000] {processor.py:208} INFO - Processing /home/airflow/.local/lib/python3.12/site-packages/airflow/example_dags/example_nested_branch_dag.py took 0.057 seconds
[2025-03-12T21:08:25.555+0000] {processor.py:186} INFO - Started process (PID=2785) to work on /home/airflow/.local/lib/python3.12/site-packages/airflow/example_dags/example_nested_branch_dag.py
[2025-03-12T21:08:25.556+0000] {processor.py:914} INFO - Processing file /home/airflow/.local/lib/python3.12/site-packages/airflow/example_dags/example_nested_branch_dag.py for tasks to queue
[2025-03-12T21:08:25.558+0000] {logging_mixin.py:190} INFO - [2025-03-12T21:08:25.558+0000] {dagbag.py:588} INFO - Filling up the DagBag from /home/airflow/.local/lib/python3.12/site-packages/airflow/example_dags/example_nested_branch_dag.py
[2025-03-12T21:08:25.568+0000] {processor.py:925} INFO - DAG(s) 'example_nested_branch_dag' retrieved from /home/airflow/.local/lib/python3.12/site-packages/airflow/example_dags/example_nested_branch_dag.py
[2025-03-12T21:08:25.586+0000] {logging_mixin.py:190} INFO - [2025-03-12T21:08:25.586+0000] {dag.py:3239} INFO - Sync 1 DAGs
[2025-03-12T21:08:25.604+0000] {logging_mixin.py:190} INFO - [2025-03-12T21:08:25.604+0000] {dag.py:4180} INFO - Setting next_dagrun for example_nested_branch_dag to 2025-03-11 00:00:00+00:00, run_after=2025-03-12 00:00:00+00:00
[2025-03-12T21:08:25.618+0000] {processor.py:208} INFO - Processing /home/airflow/.local/lib/python3.12/site-packages/airflow/example_dags/example_nested_branch_dag.py took 0.068 seconds
