[2025-03-12T20:46:28.022+0000] {processor.py:186} INFO - Started process (PID=99) to work on /home/airflow/.local/lib/python3.12/site-packages/airflow/example_dags/example_display_name.py
[2025-03-12T20:46:28.022+0000] {processor.py:914} INFO - Processing file /home/airflow/.local/lib/python3.12/site-packages/airflow/example_dags/example_display_name.py for tasks to queue
[2025-03-12T20:46:28.024+0000] {logging_mixin.py:190} INFO - [2025-03-12T20:46:28.024+0000] {dagbag.py:588} INFO - Filling up the DagBag from /home/airflow/.local/lib/python3.12/site-packages/airflow/example_dags/example_display_name.py
[2025-03-12T20:46:28.029+0000] {processor.py:925} INFO - DAG(s) 'example_display_name' retrieved from /home/airflow/.local/lib/python3.12/site-packages/airflow/example_dags/example_display_name.py
[2025-03-12T20:46:28.103+0000] {logging_mixin.py:190} INFO - [2025-03-12T20:46:28.102+0000] {override.py:1912} INFO - Created Permission View: can edit on DAG:example_display_name
[2025-03-12T20:46:28.114+0000] {logging_mixin.py:190} INFO - [2025-03-12T20:46:28.114+0000] {override.py:1912} INFO - Created Permission View: can read on DAG:example_display_name
[2025-03-12T20:46:28.120+0000] {logging_mixin.py:190} INFO - [2025-03-12T20:46:28.119+0000] {override.py:1912} INFO - Created Permission View: can delete on DAG:example_display_name
[2025-03-12T20:46:28.126+0000] {logging_mixin.py:190} INFO - [2025-03-12T20:46:28.126+0000] {override.py:1912} INFO - Created Permission View: menu access on DAG Run:example_display_name
[2025-03-12T20:46:28.131+0000] {logging_mixin.py:190} INFO - [2025-03-12T20:46:28.131+0000] {override.py:1912} INFO - Created Permission View: can create on DAG Run:example_display_name
[2025-03-12T20:46:28.136+0000] {logging_mixin.py:190} INFO - [2025-03-12T20:46:28.136+0000] {override.py:1912} INFO - Created Permission View: can read on DAG Run:example_display_name
[2025-03-12T20:46:28.141+0000] {logging_mixin.py:190} INFO - [2025-03-12T20:46:28.140+0000] {override.py:1912} INFO - Created Permission View: can delete on DAG Run:example_display_name
[2025-03-12T20:46:28.141+0000] {logging_mixin.py:190} INFO - [2025-03-12T20:46:28.141+0000] {dag.py:3239} INFO - Sync 1 DAGs
[2025-03-12T20:46:28.150+0000] {logging_mixin.py:190} INFO - [2025-03-12T20:46:28.150+0000] {dag.py:3262} INFO - Creating ORM DAG for example_display_name
[2025-03-12T20:46:28.151+0000] {logging_mixin.py:190} INFO - [2025-03-12T20:46:28.151+0000] {dag.py:4180} INFO - Setting next_dagrun for example_display_name to None, run_after=None
[2025-03-12T20:46:28.163+0000] {processor.py:208} INFO - Processing /home/airflow/.local/lib/python3.12/site-packages/airflow/example_dags/example_display_name.py took 0.146 seconds
[2025-03-12T20:46:58.854+0000] {processor.py:186} INFO - Started process (PID=162) to work on /home/airflow/.local/lib/python3.12/site-packages/airflow/example_dags/example_display_name.py
[2025-03-12T20:46:58.855+0000] {processor.py:914} INFO - Processing file /home/airflow/.local/lib/python3.12/site-packages/airflow/example_dags/example_display_name.py for tasks to queue
[2025-03-12T20:46:58.857+0000] {logging_mixin.py:190} INFO - [2025-03-12T20:46:58.856+0000] {dagbag.py:588} INFO - Filling up the DagBag from /home/airflow/.local/lib/python3.12/site-packages/airflow/example_dags/example_display_name.py
[2025-03-12T20:46:58.861+0000] {processor.py:925} INFO - DAG(s) 'example_display_name' retrieved from /home/airflow/.local/lib/python3.12/site-packages/airflow/example_dags/example_display_name.py
[2025-03-12T20:46:58.876+0000] {logging_mixin.py:190} INFO - [2025-03-12T20:46:58.876+0000] {dag.py:3239} INFO - Sync 1 DAGs
[2025-03-12T20:46:58.889+0000] {logging_mixin.py:190} INFO - [2025-03-12T20:46:58.889+0000] {dag.py:4180} INFO - Setting next_dagrun for example_display_name to None, run_after=None
[2025-03-12T20:46:58.900+0000] {processor.py:208} INFO - Processing /home/airflow/.local/lib/python3.12/site-packages/airflow/example_dags/example_display_name.py took 0.051 seconds
[2025-03-12T20:47:29.342+0000] {processor.py:186} INFO - Started process (PID=225) to work on /home/airflow/.local/lib/python3.12/site-packages/airflow/example_dags/example_display_name.py
[2025-03-12T20:47:29.343+0000] {processor.py:914} INFO - Processing file /home/airflow/.local/lib/python3.12/site-packages/airflow/example_dags/example_display_name.py for tasks to queue
[2025-03-12T20:47:29.347+0000] {logging_mixin.py:190} INFO - [2025-03-12T20:47:29.346+0000] {dagbag.py:588} INFO - Filling up the DagBag from /home/airflow/.local/lib/python3.12/site-packages/airflow/example_dags/example_display_name.py
[2025-03-12T20:47:29.357+0000] {processor.py:925} INFO - DAG(s) 'example_display_name' retrieved from /home/airflow/.local/lib/python3.12/site-packages/airflow/example_dags/example_display_name.py
[2025-03-12T20:47:29.380+0000] {logging_mixin.py:190} INFO - [2025-03-12T20:47:29.380+0000] {dag.py:3239} INFO - Sync 1 DAGs
[2025-03-12T20:47:29.397+0000] {logging_mixin.py:190} INFO - [2025-03-12T20:47:29.397+0000] {dag.py:4180} INFO - Setting next_dagrun for example_display_name to None, run_after=None
[2025-03-12T20:47:29.421+0000] {processor.py:208} INFO - Processing /home/airflow/.local/lib/python3.12/site-packages/airflow/example_dags/example_display_name.py took 0.086 seconds
[2025-03-12T20:48:00.419+0000] {processor.py:186} INFO - Started process (PID=288) to work on /home/airflow/.local/lib/python3.12/site-packages/airflow/example_dags/example_display_name.py
[2025-03-12T20:48:00.420+0000] {processor.py:914} INFO - Processing file /home/airflow/.local/lib/python3.12/site-packages/airflow/example_dags/example_display_name.py for tasks to queue
[2025-03-12T20:48:00.422+0000] {logging_mixin.py:190} INFO - [2025-03-12T20:48:00.421+0000] {dagbag.py:588} INFO - Filling up the DagBag from /home/airflow/.local/lib/python3.12/site-packages/airflow/example_dags/example_display_name.py
[2025-03-12T20:48:00.428+0000] {processor.py:925} INFO - DAG(s) 'example_display_name' retrieved from /home/airflow/.local/lib/python3.12/site-packages/airflow/example_dags/example_display_name.py
[2025-03-12T20:48:00.446+0000] {logging_mixin.py:190} INFO - [2025-03-12T20:48:00.446+0000] {dag.py:3239} INFO - Sync 1 DAGs
[2025-03-12T20:48:00.455+0000] {logging_mixin.py:190} INFO - [2025-03-12T20:48:00.455+0000] {dag.py:4180} INFO - Setting next_dagrun for example_display_name to None, run_after=None
[2025-03-12T20:48:00.469+0000] {processor.py:208} INFO - Processing /home/airflow/.local/lib/python3.12/site-packages/airflow/example_dags/example_display_name.py took 0.056 seconds
[2025-03-12T20:48:31.256+0000] {processor.py:186} INFO - Started process (PID=351) to work on /home/airflow/.local/lib/python3.12/site-packages/airflow/example_dags/example_display_name.py
[2025-03-12T20:48:31.257+0000] {processor.py:914} INFO - Processing file /home/airflow/.local/lib/python3.12/site-packages/airflow/example_dags/example_display_name.py for tasks to queue
[2025-03-12T20:48:31.259+0000] {logging_mixin.py:190} INFO - [2025-03-12T20:48:31.259+0000] {dagbag.py:588} INFO - Filling up the DagBag from /home/airflow/.local/lib/python3.12/site-packages/airflow/example_dags/example_display_name.py
[2025-03-12T20:48:31.266+0000] {processor.py:925} INFO - DAG(s) 'example_display_name' retrieved from /home/airflow/.local/lib/python3.12/site-packages/airflow/example_dags/example_display_name.py
[2025-03-12T20:48:31.286+0000] {logging_mixin.py:190} INFO - [2025-03-12T20:48:31.286+0000] {dag.py:3239} INFO - Sync 1 DAGs
[2025-03-12T20:48:31.301+0000] {logging_mixin.py:190} INFO - [2025-03-12T20:48:31.301+0000] {dag.py:4180} INFO - Setting next_dagrun for example_display_name to None, run_after=None
[2025-03-12T20:48:31.323+0000] {processor.py:208} INFO - Processing /home/airflow/.local/lib/python3.12/site-packages/airflow/example_dags/example_display_name.py took 0.074 seconds
[2025-03-12T20:49:01.772+0000] {processor.py:186} INFO - Started process (PID=414) to work on /home/airflow/.local/lib/python3.12/site-packages/airflow/example_dags/example_display_name.py
[2025-03-12T20:49:01.772+0000] {processor.py:914} INFO - Processing file /home/airflow/.local/lib/python3.12/site-packages/airflow/example_dags/example_display_name.py for tasks to queue
[2025-03-12T20:49:01.774+0000] {logging_mixin.py:190} INFO - [2025-03-12T20:49:01.774+0000] {dagbag.py:588} INFO - Filling up the DagBag from /home/airflow/.local/lib/python3.12/site-packages/airflow/example_dags/example_display_name.py
[2025-03-12T20:49:01.779+0000] {processor.py:925} INFO - DAG(s) 'example_display_name' retrieved from /home/airflow/.local/lib/python3.12/site-packages/airflow/example_dags/example_display_name.py
[2025-03-12T20:49:01.796+0000] {logging_mixin.py:190} INFO - [2025-03-12T20:49:01.796+0000] {dag.py:3239} INFO - Sync 1 DAGs
[2025-03-12T20:49:01.806+0000] {logging_mixin.py:190} INFO - [2025-03-12T20:49:01.806+0000] {dag.py:4180} INFO - Setting next_dagrun for example_display_name to None, run_after=None
[2025-03-12T20:49:01.827+0000] {processor.py:208} INFO - Processing /home/airflow/.local/lib/python3.12/site-packages/airflow/example_dags/example_display_name.py took 0.060 seconds
[2025-03-12T20:49:32.496+0000] {processor.py:186} INFO - Started process (PID=477) to work on /home/airflow/.local/lib/python3.12/site-packages/airflow/example_dags/example_display_name.py
[2025-03-12T20:49:32.497+0000] {processor.py:914} INFO - Processing file /home/airflow/.local/lib/python3.12/site-packages/airflow/example_dags/example_display_name.py for tasks to queue
[2025-03-12T20:49:32.499+0000] {logging_mixin.py:190} INFO - [2025-03-12T20:49:32.499+0000] {dagbag.py:588} INFO - Filling up the DagBag from /home/airflow/.local/lib/python3.12/site-packages/airflow/example_dags/example_display_name.py
[2025-03-12T20:49:32.506+0000] {processor.py:925} INFO - DAG(s) 'example_display_name' retrieved from /home/airflow/.local/lib/python3.12/site-packages/airflow/example_dags/example_display_name.py
[2025-03-12T20:49:32.522+0000] {logging_mixin.py:190} INFO - [2025-03-12T20:49:32.522+0000] {dag.py:3239} INFO - Sync 1 DAGs
[2025-03-12T20:49:32.534+0000] {logging_mixin.py:190} INFO - [2025-03-12T20:49:32.534+0000] {dag.py:4180} INFO - Setting next_dagrun for example_display_name to None, run_after=None
[2025-03-12T20:49:32.547+0000] {processor.py:208} INFO - Processing /home/airflow/.local/lib/python3.12/site-packages/airflow/example_dags/example_display_name.py took 0.056 seconds
[2025-03-12T20:50:02.779+0000] {processor.py:186} INFO - Started process (PID=540) to work on /home/airflow/.local/lib/python3.12/site-packages/airflow/example_dags/example_display_name.py
[2025-03-12T20:50:02.780+0000] {processor.py:914} INFO - Processing file /home/airflow/.local/lib/python3.12/site-packages/airflow/example_dags/example_display_name.py for tasks to queue
[2025-03-12T20:50:02.782+0000] {logging_mixin.py:190} INFO - [2025-03-12T20:50:02.782+0000] {dagbag.py:588} INFO - Filling up the DagBag from /home/airflow/.local/lib/python3.12/site-packages/airflow/example_dags/example_display_name.py
[2025-03-12T20:50:02.788+0000] {processor.py:925} INFO - DAG(s) 'example_display_name' retrieved from /home/airflow/.local/lib/python3.12/site-packages/airflow/example_dags/example_display_name.py
[2025-03-12T20:50:02.805+0000] {logging_mixin.py:190} INFO - [2025-03-12T20:50:02.805+0000] {dag.py:3239} INFO - Sync 1 DAGs
[2025-03-12T20:50:02.817+0000] {logging_mixin.py:190} INFO - [2025-03-12T20:50:02.817+0000] {dag.py:4180} INFO - Setting next_dagrun for example_display_name to None, run_after=None
[2025-03-12T20:50:02.834+0000] {processor.py:208} INFO - Processing /home/airflow/.local/lib/python3.12/site-packages/airflow/example_dags/example_display_name.py took 0.060 seconds
[2025-03-12T20:50:33.574+0000] {processor.py:186} INFO - Started process (PID=603) to work on /home/airflow/.local/lib/python3.12/site-packages/airflow/example_dags/example_display_name.py
[2025-03-12T20:50:33.575+0000] {processor.py:914} INFO - Processing file /home/airflow/.local/lib/python3.12/site-packages/airflow/example_dags/example_display_name.py for tasks to queue
[2025-03-12T20:50:33.576+0000] {logging_mixin.py:190} INFO - [2025-03-12T20:50:33.576+0000] {dagbag.py:588} INFO - Filling up the DagBag from /home/airflow/.local/lib/python3.12/site-packages/airflow/example_dags/example_display_name.py
[2025-03-12T20:50:33.580+0000] {processor.py:925} INFO - DAG(s) 'example_display_name' retrieved from /home/airflow/.local/lib/python3.12/site-packages/airflow/example_dags/example_display_name.py
[2025-03-12T20:50:33.597+0000] {logging_mixin.py:190} INFO - [2025-03-12T20:50:33.597+0000] {dag.py:3239} INFO - Sync 1 DAGs
[2025-03-12T20:50:33.607+0000] {logging_mixin.py:190} INFO - [2025-03-12T20:50:33.607+0000] {dag.py:4180} INFO - Setting next_dagrun for example_display_name to None, run_after=None
[2025-03-12T20:50:33.621+0000] {processor.py:208} INFO - Processing /home/airflow/.local/lib/python3.12/site-packages/airflow/example_dags/example_display_name.py took 0.050 seconds
[2025-03-12T20:51:03.859+0000] {processor.py:186} INFO - Started process (PID=666) to work on /home/airflow/.local/lib/python3.12/site-packages/airflow/example_dags/example_display_name.py
[2025-03-12T20:51:03.859+0000] {processor.py:914} INFO - Processing file /home/airflow/.local/lib/python3.12/site-packages/airflow/example_dags/example_display_name.py for tasks to queue
[2025-03-12T20:51:03.861+0000] {logging_mixin.py:190} INFO - [2025-03-12T20:51:03.861+0000] {dagbag.py:588} INFO - Filling up the DagBag from /home/airflow/.local/lib/python3.12/site-packages/airflow/example_dags/example_display_name.py
[2025-03-12T20:51:03.867+0000] {processor.py:925} INFO - DAG(s) 'example_display_name' retrieved from /home/airflow/.local/lib/python3.12/site-packages/airflow/example_dags/example_display_name.py
[2025-03-12T20:51:03.882+0000] {logging_mixin.py:190} INFO - [2025-03-12T20:51:03.882+0000] {dag.py:3239} INFO - Sync 1 DAGs
[2025-03-12T20:51:03.894+0000] {logging_mixin.py:190} INFO - [2025-03-12T20:51:03.894+0000] {dag.py:4180} INFO - Setting next_dagrun for example_display_name to None, run_after=None
[2025-03-12T20:51:03.910+0000] {processor.py:208} INFO - Processing /home/airflow/.local/lib/python3.12/site-packages/airflow/example_dags/example_display_name.py took 0.056 seconds
[2025-03-12T20:51:34.291+0000] {processor.py:186} INFO - Started process (PID=728) to work on /home/airflow/.local/lib/python3.12/site-packages/airflow/example_dags/example_display_name.py
[2025-03-12T20:51:34.292+0000] {processor.py:914} INFO - Processing file /home/airflow/.local/lib/python3.12/site-packages/airflow/example_dags/example_display_name.py for tasks to queue
[2025-03-12T20:51:34.293+0000] {logging_mixin.py:190} INFO - [2025-03-12T20:51:34.293+0000] {dagbag.py:588} INFO - Filling up the DagBag from /home/airflow/.local/lib/python3.12/site-packages/airflow/example_dags/example_display_name.py
[2025-03-12T20:51:34.297+0000] {processor.py:925} INFO - DAG(s) 'example_display_name' retrieved from /home/airflow/.local/lib/python3.12/site-packages/airflow/example_dags/example_display_name.py
[2025-03-12T20:51:34.312+0000] {logging_mixin.py:190} INFO - [2025-03-12T20:51:34.312+0000] {dag.py:3239} INFO - Sync 1 DAGs
[2025-03-12T20:51:34.324+0000] {logging_mixin.py:190} INFO - [2025-03-12T20:51:34.324+0000] {dag.py:4180} INFO - Setting next_dagrun for example_display_name to None, run_after=None
[2025-03-12T20:51:34.340+0000] {processor.py:208} INFO - Processing /home/airflow/.local/lib/python3.12/site-packages/airflow/example_dags/example_display_name.py took 0.053 seconds
[2025-03-12T20:52:04.418+0000] {processor.py:186} INFO - Started process (PID=791) to work on /home/airflow/.local/lib/python3.12/site-packages/airflow/example_dags/example_display_name.py
[2025-03-12T20:52:04.419+0000] {processor.py:914} INFO - Processing file /home/airflow/.local/lib/python3.12/site-packages/airflow/example_dags/example_display_name.py for tasks to queue
[2025-03-12T20:52:04.420+0000] {logging_mixin.py:190} INFO - [2025-03-12T20:52:04.420+0000] {dagbag.py:588} INFO - Filling up the DagBag from /home/airflow/.local/lib/python3.12/site-packages/airflow/example_dags/example_display_name.py
[2025-03-12T20:52:04.425+0000] {processor.py:925} INFO - DAG(s) 'example_display_name' retrieved from /home/airflow/.local/lib/python3.12/site-packages/airflow/example_dags/example_display_name.py
[2025-03-12T20:52:04.437+0000] {logging_mixin.py:190} INFO - [2025-03-12T20:52:04.437+0000] {dag.py:3239} INFO - Sync 1 DAGs
[2025-03-12T20:52:04.447+0000] {logging_mixin.py:190} INFO - [2025-03-12T20:52:04.447+0000] {dag.py:4180} INFO - Setting next_dagrun for example_display_name to None, run_after=None
[2025-03-12T20:52:04.461+0000] {processor.py:208} INFO - Processing /home/airflow/.local/lib/python3.12/site-packages/airflow/example_dags/example_display_name.py took 0.046 seconds
[2025-03-12T20:52:35.099+0000] {processor.py:186} INFO - Started process (PID=854) to work on /home/airflow/.local/lib/python3.12/site-packages/airflow/example_dags/example_display_name.py
[2025-03-12T20:52:35.100+0000] {processor.py:914} INFO - Processing file /home/airflow/.local/lib/python3.12/site-packages/airflow/example_dags/example_display_name.py for tasks to queue
[2025-03-12T20:52:35.102+0000] {logging_mixin.py:190} INFO - [2025-03-12T20:52:35.101+0000] {dagbag.py:588} INFO - Filling up the DagBag from /home/airflow/.local/lib/python3.12/site-packages/airflow/example_dags/example_display_name.py
[2025-03-12T20:52:35.107+0000] {processor.py:925} INFO - DAG(s) 'example_display_name' retrieved from /home/airflow/.local/lib/python3.12/site-packages/airflow/example_dags/example_display_name.py
[2025-03-12T20:52:35.124+0000] {logging_mixin.py:190} INFO - [2025-03-12T20:52:35.123+0000] {dag.py:3239} INFO - Sync 1 DAGs
[2025-03-12T20:52:35.137+0000] {logging_mixin.py:190} INFO - [2025-03-12T20:52:35.136+0000] {dag.py:4180} INFO - Setting next_dagrun for example_display_name to None, run_after=None
[2025-03-12T20:52:35.151+0000] {processor.py:208} INFO - Processing /home/airflow/.local/lib/python3.12/site-packages/airflow/example_dags/example_display_name.py took 0.057 seconds
[2025-03-12T20:53:05.906+0000] {processor.py:186} INFO - Started process (PID=917) to work on /home/airflow/.local/lib/python3.12/site-packages/airflow/example_dags/example_display_name.py
[2025-03-12T20:53:05.907+0000] {processor.py:914} INFO - Processing file /home/airflow/.local/lib/python3.12/site-packages/airflow/example_dags/example_display_name.py for tasks to queue
[2025-03-12T20:53:05.908+0000] {logging_mixin.py:190} INFO - [2025-03-12T20:53:05.908+0000] {dagbag.py:588} INFO - Filling up the DagBag from /home/airflow/.local/lib/python3.12/site-packages/airflow/example_dags/example_display_name.py
[2025-03-12T20:53:05.912+0000] {processor.py:925} INFO - DAG(s) 'example_display_name' retrieved from /home/airflow/.local/lib/python3.12/site-packages/airflow/example_dags/example_display_name.py
[2025-03-12T20:53:05.925+0000] {logging_mixin.py:190} INFO - [2025-03-12T20:53:05.924+0000] {dag.py:3239} INFO - Sync 1 DAGs
[2025-03-12T20:53:05.934+0000] {logging_mixin.py:190} INFO - [2025-03-12T20:53:05.933+0000] {dag.py:4180} INFO - Setting next_dagrun for example_display_name to None, run_after=None
[2025-03-12T20:53:05.948+0000] {processor.py:208} INFO - Processing /home/airflow/.local/lib/python3.12/site-packages/airflow/example_dags/example_display_name.py took 0.045 seconds
[2025-03-12T20:53:36.670+0000] {processor.py:186} INFO - Started process (PID=980) to work on /home/airflow/.local/lib/python3.12/site-packages/airflow/example_dags/example_display_name.py
[2025-03-12T20:53:36.671+0000] {processor.py:914} INFO - Processing file /home/airflow/.local/lib/python3.12/site-packages/airflow/example_dags/example_display_name.py for tasks to queue
[2025-03-12T20:53:36.674+0000] {logging_mixin.py:190} INFO - [2025-03-12T20:53:36.673+0000] {dagbag.py:588} INFO - Filling up the DagBag from /home/airflow/.local/lib/python3.12/site-packages/airflow/example_dags/example_display_name.py
[2025-03-12T20:53:36.679+0000] {processor.py:925} INFO - DAG(s) 'example_display_name' retrieved from /home/airflow/.local/lib/python3.12/site-packages/airflow/example_dags/example_display_name.py
[2025-03-12T20:53:36.698+0000] {logging_mixin.py:190} INFO - [2025-03-12T20:53:36.697+0000] {dag.py:3239} INFO - Sync 1 DAGs
[2025-03-12T20:53:36.712+0000] {logging_mixin.py:190} INFO - [2025-03-12T20:53:36.712+0000] {dag.py:4180} INFO - Setting next_dagrun for example_display_name to None, run_after=None
[2025-03-12T20:53:36.731+0000] {processor.py:208} INFO - Processing /home/airflow/.local/lib/python3.12/site-packages/airflow/example_dags/example_display_name.py took 0.067 seconds
[2025-03-12T20:54:06.965+0000] {processor.py:186} INFO - Started process (PID=1043) to work on /home/airflow/.local/lib/python3.12/site-packages/airflow/example_dags/example_display_name.py
[2025-03-12T20:54:06.966+0000] {processor.py:914} INFO - Processing file /home/airflow/.local/lib/python3.12/site-packages/airflow/example_dags/example_display_name.py for tasks to queue
[2025-03-12T20:54:06.967+0000] {logging_mixin.py:190} INFO - [2025-03-12T20:54:06.967+0000] {dagbag.py:588} INFO - Filling up the DagBag from /home/airflow/.local/lib/python3.12/site-packages/airflow/example_dags/example_display_name.py
[2025-03-12T20:54:06.971+0000] {processor.py:925} INFO - DAG(s) 'example_display_name' retrieved from /home/airflow/.local/lib/python3.12/site-packages/airflow/example_dags/example_display_name.py
[2025-03-12T20:54:06.987+0000] {logging_mixin.py:190} INFO - [2025-03-12T20:54:06.987+0000] {dag.py:3239} INFO - Sync 1 DAGs
[2025-03-12T20:54:07.000+0000] {logging_mixin.py:190} INFO - [2025-03-12T20:54:07.000+0000] {dag.py:4180} INFO - Setting next_dagrun for example_display_name to None, run_after=None
[2025-03-12T20:54:07.017+0000] {processor.py:208} INFO - Processing /home/airflow/.local/lib/python3.12/site-packages/airflow/example_dags/example_display_name.py took 0.056 seconds
[2025-03-12T20:54:37.936+0000] {processor.py:186} INFO - Started process (PID=1106) to work on /home/airflow/.local/lib/python3.12/site-packages/airflow/example_dags/example_display_name.py
[2025-03-12T20:54:37.937+0000] {processor.py:914} INFO - Processing file /home/airflow/.local/lib/python3.12/site-packages/airflow/example_dags/example_display_name.py for tasks to queue
[2025-03-12T20:54:37.938+0000] {logging_mixin.py:190} INFO - [2025-03-12T20:54:37.938+0000] {dagbag.py:588} INFO - Filling up the DagBag from /home/airflow/.local/lib/python3.12/site-packages/airflow/example_dags/example_display_name.py
[2025-03-12T20:54:37.943+0000] {processor.py:925} INFO - DAG(s) 'example_display_name' retrieved from /home/airflow/.local/lib/python3.12/site-packages/airflow/example_dags/example_display_name.py
[2025-03-12T20:54:37.959+0000] {logging_mixin.py:190} INFO - [2025-03-12T20:54:37.958+0000] {dag.py:3239} INFO - Sync 1 DAGs
[2025-03-12T20:54:37.972+0000] {logging_mixin.py:190} INFO - [2025-03-12T20:54:37.971+0000] {dag.py:4180} INFO - Setting next_dagrun for example_display_name to None, run_after=None
[2025-03-12T20:54:37.989+0000] {processor.py:208} INFO - Processing /home/airflow/.local/lib/python3.12/site-packages/airflow/example_dags/example_display_name.py took 0.056 seconds
[2025-03-12T20:55:08.752+0000] {processor.py:186} INFO - Started process (PID=1169) to work on /home/airflow/.local/lib/python3.12/site-packages/airflow/example_dags/example_display_name.py
[2025-03-12T20:55:08.752+0000] {processor.py:914} INFO - Processing file /home/airflow/.local/lib/python3.12/site-packages/airflow/example_dags/example_display_name.py for tasks to queue
[2025-03-12T20:55:08.754+0000] {logging_mixin.py:190} INFO - [2025-03-12T20:55:08.754+0000] {dagbag.py:588} INFO - Filling up the DagBag from /home/airflow/.local/lib/python3.12/site-packages/airflow/example_dags/example_display_name.py
[2025-03-12T20:55:08.758+0000] {processor.py:925} INFO - DAG(s) 'example_display_name' retrieved from /home/airflow/.local/lib/python3.12/site-packages/airflow/example_dags/example_display_name.py
[2025-03-12T20:55:08.771+0000] {logging_mixin.py:190} INFO - [2025-03-12T20:55:08.771+0000] {dag.py:3239} INFO - Sync 1 DAGs
[2025-03-12T20:55:08.782+0000] {logging_mixin.py:190} INFO - [2025-03-12T20:55:08.782+0000] {dag.py:4180} INFO - Setting next_dagrun for example_display_name to None, run_after=None
[2025-03-12T20:55:08.796+0000] {processor.py:208} INFO - Processing /home/airflow/.local/lib/python3.12/site-packages/airflow/example_dags/example_display_name.py took 0.049 seconds
[2025-03-12T20:55:39.965+0000] {processor.py:186} INFO - Started process (PID=1232) to work on /home/airflow/.local/lib/python3.12/site-packages/airflow/example_dags/example_display_name.py
[2025-03-12T20:55:39.967+0000] {processor.py:914} INFO - Processing file /home/airflow/.local/lib/python3.12/site-packages/airflow/example_dags/example_display_name.py for tasks to queue
[2025-03-12T20:55:39.968+0000] {logging_mixin.py:190} INFO - [2025-03-12T20:55:39.968+0000] {dagbag.py:588} INFO - Filling up the DagBag from /home/airflow/.local/lib/python3.12/site-packages/airflow/example_dags/example_display_name.py
[2025-03-12T20:55:39.973+0000] {processor.py:925} INFO - DAG(s) 'example_display_name' retrieved from /home/airflow/.local/lib/python3.12/site-packages/airflow/example_dags/example_display_name.py
[2025-03-12T20:55:39.990+0000] {logging_mixin.py:190} INFO - [2025-03-12T20:55:39.990+0000] {dag.py:3239} INFO - Sync 1 DAGs
[2025-03-12T20:55:40.000+0000] {logging_mixin.py:190} INFO - [2025-03-12T20:55:40.000+0000] {dag.py:4180} INFO - Setting next_dagrun for example_display_name to None, run_after=None
[2025-03-12T20:55:40.015+0000] {processor.py:208} INFO - Processing /home/airflow/.local/lib/python3.12/site-packages/airflow/example_dags/example_display_name.py took 0.053 seconds
[2025-03-12T20:56:10.529+0000] {processor.py:186} INFO - Started process (PID=1295) to work on /home/airflow/.local/lib/python3.12/site-packages/airflow/example_dags/example_display_name.py
[2025-03-12T20:56:10.529+0000] {processor.py:914} INFO - Processing file /home/airflow/.local/lib/python3.12/site-packages/airflow/example_dags/example_display_name.py for tasks to queue
[2025-03-12T20:56:10.531+0000] {logging_mixin.py:190} INFO - [2025-03-12T20:56:10.531+0000] {dagbag.py:588} INFO - Filling up the DagBag from /home/airflow/.local/lib/python3.12/site-packages/airflow/example_dags/example_display_name.py
[2025-03-12T20:56:10.536+0000] {processor.py:925} INFO - DAG(s) 'example_display_name' retrieved from /home/airflow/.local/lib/python3.12/site-packages/airflow/example_dags/example_display_name.py
[2025-03-12T20:56:10.550+0000] {logging_mixin.py:190} INFO - [2025-03-12T20:56:10.550+0000] {dag.py:3239} INFO - Sync 1 DAGs
[2025-03-12T20:56:10.559+0000] {logging_mixin.py:190} INFO - [2025-03-12T20:56:10.559+0000] {dag.py:4180} INFO - Setting next_dagrun for example_display_name to None, run_after=None
[2025-03-12T20:56:10.572+0000] {processor.py:208} INFO - Processing /home/airflow/.local/lib/python3.12/site-packages/airflow/example_dags/example_display_name.py took 0.048 seconds
[2025-03-12T20:56:41.282+0000] {processor.py:186} INFO - Started process (PID=1358) to work on /home/airflow/.local/lib/python3.12/site-packages/airflow/example_dags/example_display_name.py
[2025-03-12T20:56:41.283+0000] {processor.py:914} INFO - Processing file /home/airflow/.local/lib/python3.12/site-packages/airflow/example_dags/example_display_name.py for tasks to queue
[2025-03-12T20:56:41.285+0000] {logging_mixin.py:190} INFO - [2025-03-12T20:56:41.285+0000] {dagbag.py:588} INFO - Filling up the DagBag from /home/airflow/.local/lib/python3.12/site-packages/airflow/example_dags/example_display_name.py
[2025-03-12T20:56:41.292+0000] {processor.py:925} INFO - DAG(s) 'example_display_name' retrieved from /home/airflow/.local/lib/python3.12/site-packages/airflow/example_dags/example_display_name.py
[2025-03-12T20:56:41.309+0000] {logging_mixin.py:190} INFO - [2025-03-12T20:56:41.309+0000] {dag.py:3239} INFO - Sync 1 DAGs
[2025-03-12T20:56:41.321+0000] {logging_mixin.py:190} INFO - [2025-03-12T20:56:41.321+0000] {dag.py:4180} INFO - Setting next_dagrun for example_display_name to None, run_after=None
[2025-03-12T20:56:41.335+0000] {processor.py:208} INFO - Processing /home/airflow/.local/lib/python3.12/site-packages/airflow/example_dags/example_display_name.py took 0.057 seconds
[2025-03-12T20:57:11.952+0000] {processor.py:186} INFO - Started process (PID=1421) to work on /home/airflow/.local/lib/python3.12/site-packages/airflow/example_dags/example_display_name.py
[2025-03-12T20:57:11.952+0000] {processor.py:914} INFO - Processing file /home/airflow/.local/lib/python3.12/site-packages/airflow/example_dags/example_display_name.py for tasks to queue
[2025-03-12T20:57:11.954+0000] {logging_mixin.py:190} INFO - [2025-03-12T20:57:11.954+0000] {dagbag.py:588} INFO - Filling up the DagBag from /home/airflow/.local/lib/python3.12/site-packages/airflow/example_dags/example_display_name.py
[2025-03-12T20:57:11.960+0000] {processor.py:925} INFO - DAG(s) 'example_display_name' retrieved from /home/airflow/.local/lib/python3.12/site-packages/airflow/example_dags/example_display_name.py
[2025-03-12T20:57:11.973+0000] {logging_mixin.py:190} INFO - [2025-03-12T20:57:11.973+0000] {dag.py:3239} INFO - Sync 1 DAGs
[2025-03-12T20:57:11.984+0000] {logging_mixin.py:190} INFO - [2025-03-12T20:57:11.984+0000] {dag.py:4180} INFO - Setting next_dagrun for example_display_name to None, run_after=None
[2025-03-12T20:57:11.998+0000] {processor.py:208} INFO - Processing /home/airflow/.local/lib/python3.12/site-packages/airflow/example_dags/example_display_name.py took 0.051 seconds
[2025-03-12T20:57:42.717+0000] {processor.py:186} INFO - Started process (PID=1484) to work on /home/airflow/.local/lib/python3.12/site-packages/airflow/example_dags/example_display_name.py
[2025-03-12T20:57:42.718+0000] {processor.py:914} INFO - Processing file /home/airflow/.local/lib/python3.12/site-packages/airflow/example_dags/example_display_name.py for tasks to queue
[2025-03-12T20:57:42.720+0000] {logging_mixin.py:190} INFO - [2025-03-12T20:57:42.720+0000] {dagbag.py:588} INFO - Filling up the DagBag from /home/airflow/.local/lib/python3.12/site-packages/airflow/example_dags/example_display_name.py
[2025-03-12T20:57:42.724+0000] {processor.py:925} INFO - DAG(s) 'example_display_name' retrieved from /home/airflow/.local/lib/python3.12/site-packages/airflow/example_dags/example_display_name.py
[2025-03-12T20:57:42.738+0000] {logging_mixin.py:190} INFO - [2025-03-12T20:57:42.738+0000] {dag.py:3239} INFO - Sync 1 DAGs
[2025-03-12T20:57:42.751+0000] {logging_mixin.py:190} INFO - [2025-03-12T20:57:42.751+0000] {dag.py:4180} INFO - Setting next_dagrun for example_display_name to None, run_after=None
[2025-03-12T20:57:42.768+0000] {processor.py:208} INFO - Processing /home/airflow/.local/lib/python3.12/site-packages/airflow/example_dags/example_display_name.py took 0.055 seconds
[2025-03-12T20:58:13.960+0000] {processor.py:186} INFO - Started process (PID=1547) to work on /home/airflow/.local/lib/python3.12/site-packages/airflow/example_dags/example_display_name.py
[2025-03-12T20:58:13.962+0000] {processor.py:914} INFO - Processing file /home/airflow/.local/lib/python3.12/site-packages/airflow/example_dags/example_display_name.py for tasks to queue
[2025-03-12T20:58:13.964+0000] {logging_mixin.py:190} INFO - [2025-03-12T20:58:13.964+0000] {dagbag.py:588} INFO - Filling up the DagBag from /home/airflow/.local/lib/python3.12/site-packages/airflow/example_dags/example_display_name.py
[2025-03-12T20:58:13.970+0000] {processor.py:925} INFO - DAG(s) 'example_display_name' retrieved from /home/airflow/.local/lib/python3.12/site-packages/airflow/example_dags/example_display_name.py
[2025-03-12T20:58:13.988+0000] {logging_mixin.py:190} INFO - [2025-03-12T20:58:13.988+0000] {dag.py:3239} INFO - Sync 1 DAGs
[2025-03-12T20:58:14.003+0000] {logging_mixin.py:190} INFO - [2025-03-12T20:58:14.003+0000] {dag.py:4180} INFO - Setting next_dagrun for example_display_name to None, run_after=None
[2025-03-12T20:58:14.021+0000] {processor.py:208} INFO - Processing /home/airflow/.local/lib/python3.12/site-packages/airflow/example_dags/example_display_name.py took 0.066 seconds
[2025-03-12T20:58:44.856+0000] {processor.py:186} INFO - Started process (PID=1610) to work on /home/airflow/.local/lib/python3.12/site-packages/airflow/example_dags/example_display_name.py
[2025-03-12T20:58:44.858+0000] {processor.py:914} INFO - Processing file /home/airflow/.local/lib/python3.12/site-packages/airflow/example_dags/example_display_name.py for tasks to queue
[2025-03-12T20:58:44.860+0000] {logging_mixin.py:190} INFO - [2025-03-12T20:58:44.859+0000] {dagbag.py:588} INFO - Filling up the DagBag from /home/airflow/.local/lib/python3.12/site-packages/airflow/example_dags/example_display_name.py
[2025-03-12T20:58:44.866+0000] {processor.py:925} INFO - DAG(s) 'example_display_name' retrieved from /home/airflow/.local/lib/python3.12/site-packages/airflow/example_dags/example_display_name.py
[2025-03-12T20:58:44.883+0000] {logging_mixin.py:190} INFO - [2025-03-12T20:58:44.883+0000] {dag.py:3239} INFO - Sync 1 DAGs
[2025-03-12T20:58:44.896+0000] {logging_mixin.py:190} INFO - [2025-03-12T20:58:44.896+0000] {dag.py:4180} INFO - Setting next_dagrun for example_display_name to None, run_after=None
[2025-03-12T20:58:44.912+0000] {processor.py:208} INFO - Processing /home/airflow/.local/lib/python3.12/site-packages/airflow/example_dags/example_display_name.py took 0.060 seconds
[2025-03-12T20:59:15.592+0000] {processor.py:186} INFO - Started process (PID=1673) to work on /home/airflow/.local/lib/python3.12/site-packages/airflow/example_dags/example_display_name.py
[2025-03-12T20:59:15.592+0000] {processor.py:914} INFO - Processing file /home/airflow/.local/lib/python3.12/site-packages/airflow/example_dags/example_display_name.py for tasks to queue
[2025-03-12T20:59:15.593+0000] {logging_mixin.py:190} INFO - [2025-03-12T20:59:15.593+0000] {dagbag.py:588} INFO - Filling up the DagBag from /home/airflow/.local/lib/python3.12/site-packages/airflow/example_dags/example_display_name.py
[2025-03-12T20:59:15.598+0000] {processor.py:925} INFO - DAG(s) 'example_display_name' retrieved from /home/airflow/.local/lib/python3.12/site-packages/airflow/example_dags/example_display_name.py
[2025-03-12T20:59:15.615+0000] {logging_mixin.py:190} INFO - [2025-03-12T20:59:15.615+0000] {dag.py:3239} INFO - Sync 1 DAGs
[2025-03-12T20:59:15.626+0000] {logging_mixin.py:190} INFO - [2025-03-12T20:59:15.626+0000] {dag.py:4180} INFO - Setting next_dagrun for example_display_name to None, run_after=None
[2025-03-12T20:59:15.642+0000] {processor.py:208} INFO - Processing /home/airflow/.local/lib/python3.12/site-packages/airflow/example_dags/example_display_name.py took 0.054 seconds
[2025-03-12T20:59:46.205+0000] {processor.py:186} INFO - Started process (PID=1736) to work on /home/airflow/.local/lib/python3.12/site-packages/airflow/example_dags/example_display_name.py
[2025-03-12T20:59:46.207+0000] {processor.py:914} INFO - Processing file /home/airflow/.local/lib/python3.12/site-packages/airflow/example_dags/example_display_name.py for tasks to queue
[2025-03-12T20:59:46.208+0000] {logging_mixin.py:190} INFO - [2025-03-12T20:59:46.208+0000] {dagbag.py:588} INFO - Filling up the DagBag from /home/airflow/.local/lib/python3.12/site-packages/airflow/example_dags/example_display_name.py
[2025-03-12T20:59:46.214+0000] {processor.py:925} INFO - DAG(s) 'example_display_name' retrieved from /home/airflow/.local/lib/python3.12/site-packages/airflow/example_dags/example_display_name.py
[2025-03-12T20:59:46.229+0000] {logging_mixin.py:190} INFO - [2025-03-12T20:59:46.229+0000] {dag.py:3239} INFO - Sync 1 DAGs
[2025-03-12T20:59:46.239+0000] {logging_mixin.py:190} INFO - [2025-03-12T20:59:46.238+0000] {dag.py:4180} INFO - Setting next_dagrun for example_display_name to None, run_after=None
[2025-03-12T20:59:46.255+0000] {processor.py:208} INFO - Processing /home/airflow/.local/lib/python3.12/site-packages/airflow/example_dags/example_display_name.py took 0.054 seconds
[2025-03-12T21:00:16.941+0000] {processor.py:186} INFO - Started process (PID=1799) to work on /home/airflow/.local/lib/python3.12/site-packages/airflow/example_dags/example_display_name.py
[2025-03-12T21:00:16.942+0000] {processor.py:914} INFO - Processing file /home/airflow/.local/lib/python3.12/site-packages/airflow/example_dags/example_display_name.py for tasks to queue
[2025-03-12T21:00:16.944+0000] {logging_mixin.py:190} INFO - [2025-03-12T21:00:16.944+0000] {dagbag.py:588} INFO - Filling up the DagBag from /home/airflow/.local/lib/python3.12/site-packages/airflow/example_dags/example_display_name.py
[2025-03-12T21:00:16.951+0000] {processor.py:925} INFO - DAG(s) 'example_display_name' retrieved from /home/airflow/.local/lib/python3.12/site-packages/airflow/example_dags/example_display_name.py
[2025-03-12T21:00:16.965+0000] {logging_mixin.py:190} INFO - [2025-03-12T21:00:16.965+0000] {dag.py:3239} INFO - Sync 1 DAGs
[2025-03-12T21:00:16.976+0000] {logging_mixin.py:190} INFO - [2025-03-12T21:00:16.976+0000] {dag.py:4180} INFO - Setting next_dagrun for example_display_name to None, run_after=None
[2025-03-12T21:00:16.992+0000] {processor.py:208} INFO - Processing /home/airflow/.local/lib/python3.12/site-packages/airflow/example_dags/example_display_name.py took 0.056 seconds
[2025-03-12T21:00:47.555+0000] {processor.py:186} INFO - Started process (PID=1862) to work on /home/airflow/.local/lib/python3.12/site-packages/airflow/example_dags/example_display_name.py
[2025-03-12T21:00:47.556+0000] {processor.py:914} INFO - Processing file /home/airflow/.local/lib/python3.12/site-packages/airflow/example_dags/example_display_name.py for tasks to queue
[2025-03-12T21:00:47.557+0000] {logging_mixin.py:190} INFO - [2025-03-12T21:00:47.557+0000] {dagbag.py:588} INFO - Filling up the DagBag from /home/airflow/.local/lib/python3.12/site-packages/airflow/example_dags/example_display_name.py
[2025-03-12T21:00:47.561+0000] {processor.py:925} INFO - DAG(s) 'example_display_name' retrieved from /home/airflow/.local/lib/python3.12/site-packages/airflow/example_dags/example_display_name.py
[2025-03-12T21:00:47.574+0000] {logging_mixin.py:190} INFO - [2025-03-12T21:00:47.573+0000] {dag.py:3239} INFO - Sync 1 DAGs
[2025-03-12T21:00:47.584+0000] {logging_mixin.py:190} INFO - [2025-03-12T21:00:47.584+0000] {dag.py:4180} INFO - Setting next_dagrun for example_display_name to None, run_after=None
[2025-03-12T21:00:47.598+0000] {processor.py:208} INFO - Processing /home/airflow/.local/lib/python3.12/site-packages/airflow/example_dags/example_display_name.py took 0.046 seconds
[2025-03-12T21:01:18.525+0000] {processor.py:186} INFO - Started process (PID=1925) to work on /home/airflow/.local/lib/python3.12/site-packages/airflow/example_dags/example_display_name.py
[2025-03-12T21:01:18.526+0000] {processor.py:914} INFO - Processing file /home/airflow/.local/lib/python3.12/site-packages/airflow/example_dags/example_display_name.py for tasks to queue
[2025-03-12T21:01:18.527+0000] {logging_mixin.py:190} INFO - [2025-03-12T21:01:18.527+0000] {dagbag.py:588} INFO - Filling up the DagBag from /home/airflow/.local/lib/python3.12/site-packages/airflow/example_dags/example_display_name.py
[2025-03-12T21:01:18.532+0000] {processor.py:925} INFO - DAG(s) 'example_display_name' retrieved from /home/airflow/.local/lib/python3.12/site-packages/airflow/example_dags/example_display_name.py
[2025-03-12T21:01:18.549+0000] {logging_mixin.py:190} INFO - [2025-03-12T21:01:18.549+0000] {dag.py:3239} INFO - Sync 1 DAGs
[2025-03-12T21:01:18.564+0000] {logging_mixin.py:190} INFO - [2025-03-12T21:01:18.564+0000] {dag.py:4180} INFO - Setting next_dagrun for example_display_name to None, run_after=None
[2025-03-12T21:01:18.585+0000] {processor.py:208} INFO - Processing /home/airflow/.local/lib/python3.12/site-packages/airflow/example_dags/example_display_name.py took 0.065 seconds
[2025-03-12T21:01:49.748+0000] {processor.py:186} INFO - Started process (PID=1988) to work on /home/airflow/.local/lib/python3.12/site-packages/airflow/example_dags/example_display_name.py
[2025-03-12T21:01:49.749+0000] {processor.py:914} INFO - Processing file /home/airflow/.local/lib/python3.12/site-packages/airflow/example_dags/example_display_name.py for tasks to queue
[2025-03-12T21:01:49.751+0000] {logging_mixin.py:190} INFO - [2025-03-12T21:01:49.751+0000] {dagbag.py:588} INFO - Filling up the DagBag from /home/airflow/.local/lib/python3.12/site-packages/airflow/example_dags/example_display_name.py
[2025-03-12T21:01:49.758+0000] {processor.py:925} INFO - DAG(s) 'example_display_name' retrieved from /home/airflow/.local/lib/python3.12/site-packages/airflow/example_dags/example_display_name.py
[2025-03-12T21:01:49.775+0000] {logging_mixin.py:190} INFO - [2025-03-12T21:01:49.774+0000] {dag.py:3239} INFO - Sync 1 DAGs
[2025-03-12T21:01:49.790+0000] {logging_mixin.py:190} INFO - [2025-03-12T21:01:49.790+0000] {dag.py:4180} INFO - Setting next_dagrun for example_display_name to None, run_after=None
[2025-03-12T21:01:49.809+0000] {processor.py:208} INFO - Processing /home/airflow/.local/lib/python3.12/site-packages/airflow/example_dags/example_display_name.py took 0.066 seconds
[2025-03-12T21:02:20.562+0000] {processor.py:186} INFO - Started process (PID=2051) to work on /home/airflow/.local/lib/python3.12/site-packages/airflow/example_dags/example_display_name.py
[2025-03-12T21:02:20.563+0000] {processor.py:914} INFO - Processing file /home/airflow/.local/lib/python3.12/site-packages/airflow/example_dags/example_display_name.py for tasks to queue
[2025-03-12T21:02:20.564+0000] {logging_mixin.py:190} INFO - [2025-03-12T21:02:20.564+0000] {dagbag.py:588} INFO - Filling up the DagBag from /home/airflow/.local/lib/python3.12/site-packages/airflow/example_dags/example_display_name.py
[2025-03-12T21:02:20.571+0000] {processor.py:925} INFO - DAG(s) 'example_display_name' retrieved from /home/airflow/.local/lib/python3.12/site-packages/airflow/example_dags/example_display_name.py
[2025-03-12T21:02:20.590+0000] {logging_mixin.py:190} INFO - [2025-03-12T21:02:20.590+0000] {dag.py:3239} INFO - Sync 1 DAGs
[2025-03-12T21:02:20.604+0000] {logging_mixin.py:190} INFO - [2025-03-12T21:02:20.604+0000] {dag.py:4180} INFO - Setting next_dagrun for example_display_name to None, run_after=None
[2025-03-12T21:02:20.627+0000] {processor.py:208} INFO - Processing /home/airflow/.local/lib/python3.12/site-packages/airflow/example_dags/example_display_name.py took 0.070 seconds
[2025-03-12T21:02:51.624+0000] {processor.py:186} INFO - Started process (PID=2114) to work on /home/airflow/.local/lib/python3.12/site-packages/airflow/example_dags/example_display_name.py
[2025-03-12T21:02:51.625+0000] {processor.py:914} INFO - Processing file /home/airflow/.local/lib/python3.12/site-packages/airflow/example_dags/example_display_name.py for tasks to queue
[2025-03-12T21:02:51.627+0000] {logging_mixin.py:190} INFO - [2025-03-12T21:02:51.627+0000] {dagbag.py:588} INFO - Filling up the DagBag from /home/airflow/.local/lib/python3.12/site-packages/airflow/example_dags/example_display_name.py
[2025-03-12T21:02:51.636+0000] {processor.py:925} INFO - DAG(s) 'example_display_name' retrieved from /home/airflow/.local/lib/python3.12/site-packages/airflow/example_dags/example_display_name.py
[2025-03-12T21:02:51.657+0000] {logging_mixin.py:190} INFO - [2025-03-12T21:02:51.657+0000] {dag.py:3239} INFO - Sync 1 DAGs
[2025-03-12T21:02:51.674+0000] {logging_mixin.py:190} INFO - [2025-03-12T21:02:51.674+0000] {dag.py:4180} INFO - Setting next_dagrun for example_display_name to None, run_after=None
[2025-03-12T21:02:51.694+0000] {processor.py:208} INFO - Processing /home/airflow/.local/lib/python3.12/site-packages/airflow/example_dags/example_display_name.py took 0.077 seconds
[2025-03-12T21:03:21.851+0000] {processor.py:186} INFO - Started process (PID=2176) to work on /home/airflow/.local/lib/python3.12/site-packages/airflow/example_dags/example_display_name.py
[2025-03-12T21:03:21.852+0000] {processor.py:914} INFO - Processing file /home/airflow/.local/lib/python3.12/site-packages/airflow/example_dags/example_display_name.py for tasks to queue
[2025-03-12T21:03:21.854+0000] {logging_mixin.py:190} INFO - [2025-03-12T21:03:21.853+0000] {dagbag.py:588} INFO - Filling up the DagBag from /home/airflow/.local/lib/python3.12/site-packages/airflow/example_dags/example_display_name.py
[2025-03-12T21:03:21.861+0000] {processor.py:925} INFO - DAG(s) 'example_display_name' retrieved from /home/airflow/.local/lib/python3.12/site-packages/airflow/example_dags/example_display_name.py
[2025-03-12T21:03:21.879+0000] {logging_mixin.py:190} INFO - [2025-03-12T21:03:21.878+0000] {dag.py:3239} INFO - Sync 1 DAGs
[2025-03-12T21:03:21.890+0000] {logging_mixin.py:190} INFO - [2025-03-12T21:03:21.890+0000] {dag.py:4180} INFO - Setting next_dagrun for example_display_name to None, run_after=None
[2025-03-12T21:03:21.902+0000] {processor.py:208} INFO - Processing /home/airflow/.local/lib/python3.12/site-packages/airflow/example_dags/example_display_name.py took 0.058 seconds
[2025-03-12T21:03:52.240+0000] {processor.py:186} INFO - Started process (PID=2239) to work on /home/airflow/.local/lib/python3.12/site-packages/airflow/example_dags/example_display_name.py
[2025-03-12T21:03:52.241+0000] {processor.py:914} INFO - Processing file /home/airflow/.local/lib/python3.12/site-packages/airflow/example_dags/example_display_name.py for tasks to queue
[2025-03-12T21:03:52.242+0000] {logging_mixin.py:190} INFO - [2025-03-12T21:03:52.242+0000] {dagbag.py:588} INFO - Filling up the DagBag from /home/airflow/.local/lib/python3.12/site-packages/airflow/example_dags/example_display_name.py
[2025-03-12T21:03:52.248+0000] {processor.py:925} INFO - DAG(s) 'example_display_name' retrieved from /home/airflow/.local/lib/python3.12/site-packages/airflow/example_dags/example_display_name.py
[2025-03-12T21:03:52.262+0000] {logging_mixin.py:190} INFO - [2025-03-12T21:03:52.262+0000] {dag.py:3239} INFO - Sync 1 DAGs
[2025-03-12T21:03:52.274+0000] {logging_mixin.py:190} INFO - [2025-03-12T21:03:52.274+0000] {dag.py:4180} INFO - Setting next_dagrun for example_display_name to None, run_after=None
[2025-03-12T21:03:52.288+0000] {processor.py:208} INFO - Processing /home/airflow/.local/lib/python3.12/site-packages/airflow/example_dags/example_display_name.py took 0.053 seconds
[2025-03-12T21:04:22.926+0000] {processor.py:186} INFO - Started process (PID=2302) to work on /home/airflow/.local/lib/python3.12/site-packages/airflow/example_dags/example_display_name.py
[2025-03-12T21:04:22.927+0000] {processor.py:914} INFO - Processing file /home/airflow/.local/lib/python3.12/site-packages/airflow/example_dags/example_display_name.py for tasks to queue
[2025-03-12T21:04:22.928+0000] {logging_mixin.py:190} INFO - [2025-03-12T21:04:22.928+0000] {dagbag.py:588} INFO - Filling up the DagBag from /home/airflow/.local/lib/python3.12/site-packages/airflow/example_dags/example_display_name.py
[2025-03-12T21:04:22.932+0000] {processor.py:925} INFO - DAG(s) 'example_display_name' retrieved from /home/airflow/.local/lib/python3.12/site-packages/airflow/example_dags/example_display_name.py
[2025-03-12T21:04:22.947+0000] {logging_mixin.py:190} INFO - [2025-03-12T21:04:22.947+0000] {dag.py:3239} INFO - Sync 1 DAGs
[2025-03-12T21:04:22.959+0000] {logging_mixin.py:190} INFO - [2025-03-12T21:04:22.959+0000] {dag.py:4180} INFO - Setting next_dagrun for example_display_name to None, run_after=None
[2025-03-12T21:04:22.973+0000] {processor.py:208} INFO - Processing /home/airflow/.local/lib/python3.12/site-packages/airflow/example_dags/example_display_name.py took 0.051 seconds
[2025-03-12T21:04:53.451+0000] {processor.py:186} INFO - Started process (PID=2365) to work on /home/airflow/.local/lib/python3.12/site-packages/airflow/example_dags/example_display_name.py
[2025-03-12T21:04:53.452+0000] {processor.py:914} INFO - Processing file /home/airflow/.local/lib/python3.12/site-packages/airflow/example_dags/example_display_name.py for tasks to queue
[2025-03-12T21:04:53.453+0000] {logging_mixin.py:190} INFO - [2025-03-12T21:04:53.453+0000] {dagbag.py:588} INFO - Filling up the DagBag from /home/airflow/.local/lib/python3.12/site-packages/airflow/example_dags/example_display_name.py
[2025-03-12T21:04:53.458+0000] {processor.py:925} INFO - DAG(s) 'example_display_name' retrieved from /home/airflow/.local/lib/python3.12/site-packages/airflow/example_dags/example_display_name.py
[2025-03-12T21:04:53.473+0000] {logging_mixin.py:190} INFO - [2025-03-12T21:04:53.473+0000] {dag.py:3239} INFO - Sync 1 DAGs
[2025-03-12T21:04:53.487+0000] {logging_mixin.py:190} INFO - [2025-03-12T21:04:53.486+0000] {dag.py:4180} INFO - Setting next_dagrun for example_display_name to None, run_after=None
[2025-03-12T21:04:53.501+0000] {processor.py:208} INFO - Processing /home/airflow/.local/lib/python3.12/site-packages/airflow/example_dags/example_display_name.py took 0.055 seconds
[2025-03-12T21:05:24.243+0000] {processor.py:186} INFO - Started process (PID=2428) to work on /home/airflow/.local/lib/python3.12/site-packages/airflow/example_dags/example_display_name.py
[2025-03-12T21:05:24.244+0000] {processor.py:914} INFO - Processing file /home/airflow/.local/lib/python3.12/site-packages/airflow/example_dags/example_display_name.py for tasks to queue
[2025-03-12T21:05:24.246+0000] {logging_mixin.py:190} INFO - [2025-03-12T21:05:24.245+0000] {dagbag.py:588} INFO - Filling up the DagBag from /home/airflow/.local/lib/python3.12/site-packages/airflow/example_dags/example_display_name.py
[2025-03-12T21:05:24.251+0000] {processor.py:925} INFO - DAG(s) 'example_display_name' retrieved from /home/airflow/.local/lib/python3.12/site-packages/airflow/example_dags/example_display_name.py
[2025-03-12T21:05:24.270+0000] {logging_mixin.py:190} INFO - [2025-03-12T21:05:24.269+0000] {dag.py:3239} INFO - Sync 1 DAGs
[2025-03-12T21:05:24.280+0000] {logging_mixin.py:190} INFO - [2025-03-12T21:05:24.280+0000] {dag.py:4180} INFO - Setting next_dagrun for example_display_name to None, run_after=None
[2025-03-12T21:05:24.300+0000] {processor.py:208} INFO - Processing /home/airflow/.local/lib/python3.12/site-packages/airflow/example_dags/example_display_name.py took 0.061 seconds
[2025-03-12T21:05:54.555+0000] {processor.py:186} INFO - Started process (PID=2491) to work on /home/airflow/.local/lib/python3.12/site-packages/airflow/example_dags/example_display_name.py
[2025-03-12T21:05:54.556+0000] {processor.py:914} INFO - Processing file /home/airflow/.local/lib/python3.12/site-packages/airflow/example_dags/example_display_name.py for tasks to queue
[2025-03-12T21:05:54.558+0000] {logging_mixin.py:190} INFO - [2025-03-12T21:05:54.557+0000] {dagbag.py:588} INFO - Filling up the DagBag from /home/airflow/.local/lib/python3.12/site-packages/airflow/example_dags/example_display_name.py
[2025-03-12T21:05:54.564+0000] {processor.py:925} INFO - DAG(s) 'example_display_name' retrieved from /home/airflow/.local/lib/python3.12/site-packages/airflow/example_dags/example_display_name.py
[2025-03-12T21:05:54.581+0000] {logging_mixin.py:190} INFO - [2025-03-12T21:05:54.581+0000] {dag.py:3239} INFO - Sync 1 DAGs
[2025-03-12T21:05:54.598+0000] {logging_mixin.py:190} INFO - [2025-03-12T21:05:54.598+0000] {dag.py:4180} INFO - Setting next_dagrun for example_display_name to None, run_after=None
[2025-03-12T21:05:54.627+0000] {processor.py:208} INFO - Processing /home/airflow/.local/lib/python3.12/site-packages/airflow/example_dags/example_display_name.py took 0.076 seconds
[2025-03-12T21:06:25.386+0000] {processor.py:186} INFO - Started process (PID=2554) to work on /home/airflow/.local/lib/python3.12/site-packages/airflow/example_dags/example_display_name.py
[2025-03-12T21:06:25.387+0000] {processor.py:914} INFO - Processing file /home/airflow/.local/lib/python3.12/site-packages/airflow/example_dags/example_display_name.py for tasks to queue
[2025-03-12T21:06:25.389+0000] {logging_mixin.py:190} INFO - [2025-03-12T21:06:25.388+0000] {dagbag.py:588} INFO - Filling up the DagBag from /home/airflow/.local/lib/python3.12/site-packages/airflow/example_dags/example_display_name.py
[2025-03-12T21:06:25.393+0000] {processor.py:925} INFO - DAG(s) 'example_display_name' retrieved from /home/airflow/.local/lib/python3.12/site-packages/airflow/example_dags/example_display_name.py
[2025-03-12T21:06:25.407+0000] {logging_mixin.py:190} INFO - [2025-03-12T21:06:25.407+0000] {dag.py:3239} INFO - Sync 1 DAGs
[2025-03-12T21:06:25.419+0000] {logging_mixin.py:190} INFO - [2025-03-12T21:06:25.419+0000] {dag.py:4180} INFO - Setting next_dagrun for example_display_name to None, run_after=None
[2025-03-12T21:06:25.434+0000] {processor.py:208} INFO - Processing /home/airflow/.local/lib/python3.12/site-packages/airflow/example_dags/example_display_name.py took 0.052 seconds
[2025-03-12T21:06:55.963+0000] {processor.py:186} INFO - Started process (PID=2623) to work on /home/airflow/.local/lib/python3.12/site-packages/airflow/example_dags/example_display_name.py
[2025-03-12T21:06:55.964+0000] {processor.py:914} INFO - Processing file /home/airflow/.local/lib/python3.12/site-packages/airflow/example_dags/example_display_name.py for tasks to queue
[2025-03-12T21:06:55.965+0000] {logging_mixin.py:190} INFO - [2025-03-12T21:06:55.965+0000] {dagbag.py:588} INFO - Filling up the DagBag from /home/airflow/.local/lib/python3.12/site-packages/airflow/example_dags/example_display_name.py
[2025-03-12T21:06:55.970+0000] {processor.py:925} INFO - DAG(s) 'example_display_name' retrieved from /home/airflow/.local/lib/python3.12/site-packages/airflow/example_dags/example_display_name.py
[2025-03-12T21:06:55.984+0000] {logging_mixin.py:190} INFO - [2025-03-12T21:06:55.983+0000] {dag.py:3239} INFO - Sync 1 DAGs
[2025-03-12T21:06:55.993+0000] {logging_mixin.py:190} INFO - [2025-03-12T21:06:55.993+0000] {dag.py:4180} INFO - Setting next_dagrun for example_display_name to None, run_after=None
[2025-03-12T21:06:56.010+0000] {processor.py:208} INFO - Processing /home/airflow/.local/lib/python3.12/site-packages/airflow/example_dags/example_display_name.py took 0.052 seconds
[2025-03-12T21:07:27.035+0000] {processor.py:186} INFO - Started process (PID=2686) to work on /home/airflow/.local/lib/python3.12/site-packages/airflow/example_dags/example_display_name.py
[2025-03-12T21:07:27.036+0000] {processor.py:914} INFO - Processing file /home/airflow/.local/lib/python3.12/site-packages/airflow/example_dags/example_display_name.py for tasks to queue
[2025-03-12T21:07:27.037+0000] {logging_mixin.py:190} INFO - [2025-03-12T21:07:27.037+0000] {dagbag.py:588} INFO - Filling up the DagBag from /home/airflow/.local/lib/python3.12/site-packages/airflow/example_dags/example_display_name.py
[2025-03-12T21:07:27.041+0000] {processor.py:925} INFO - DAG(s) 'example_display_name' retrieved from /home/airflow/.local/lib/python3.12/site-packages/airflow/example_dags/example_display_name.py
[2025-03-12T21:07:27.053+0000] {logging_mixin.py:190} INFO - [2025-03-12T21:07:27.053+0000] {dag.py:3239} INFO - Sync 1 DAGs
[2025-03-12T21:07:27.061+0000] {logging_mixin.py:190} INFO - [2025-03-12T21:07:27.061+0000] {dag.py:4180} INFO - Setting next_dagrun for example_display_name to None, run_after=None
[2025-03-12T21:07:27.072+0000] {processor.py:208} INFO - Processing /home/airflow/.local/lib/python3.12/site-packages/airflow/example_dags/example_display_name.py took 0.041 seconds
[2025-03-12T21:07:57.395+0000] {processor.py:186} INFO - Started process (PID=2749) to work on /home/airflow/.local/lib/python3.12/site-packages/airflow/example_dags/example_display_name.py
[2025-03-12T21:07:57.396+0000] {processor.py:914} INFO - Processing file /home/airflow/.local/lib/python3.12/site-packages/airflow/example_dags/example_display_name.py for tasks to queue
[2025-03-12T21:07:57.397+0000] {logging_mixin.py:190} INFO - [2025-03-12T21:07:57.397+0000] {dagbag.py:588} INFO - Filling up the DagBag from /home/airflow/.local/lib/python3.12/site-packages/airflow/example_dags/example_display_name.py
[2025-03-12T21:07:57.402+0000] {processor.py:925} INFO - DAG(s) 'example_display_name' retrieved from /home/airflow/.local/lib/python3.12/site-packages/airflow/example_dags/example_display_name.py
[2025-03-12T21:07:57.416+0000] {logging_mixin.py:190} INFO - [2025-03-12T21:07:57.415+0000] {dag.py:3239} INFO - Sync 1 DAGs
[2025-03-12T21:07:57.429+0000] {logging_mixin.py:190} INFO - [2025-03-12T21:07:57.428+0000] {dag.py:4180} INFO - Setting next_dagrun for example_display_name to None, run_after=None
[2025-03-12T21:07:57.443+0000] {processor.py:208} INFO - Processing /home/airflow/.local/lib/python3.12/site-packages/airflow/example_dags/example_display_name.py took 0.051 seconds
[2025-03-12T21:08:27.776+0000] {processor.py:186} INFO - Started process (PID=2812) to work on /home/airflow/.local/lib/python3.12/site-packages/airflow/example_dags/example_display_name.py
[2025-03-12T21:08:27.777+0000] {processor.py:914} INFO - Processing file /home/airflow/.local/lib/python3.12/site-packages/airflow/example_dags/example_display_name.py for tasks to queue
[2025-03-12T21:08:27.778+0000] {logging_mixin.py:190} INFO - [2025-03-12T21:08:27.778+0000] {dagbag.py:588} INFO - Filling up the DagBag from /home/airflow/.local/lib/python3.12/site-packages/airflow/example_dags/example_display_name.py
[2025-03-12T21:08:27.784+0000] {processor.py:925} INFO - DAG(s) 'example_display_name' retrieved from /home/airflow/.local/lib/python3.12/site-packages/airflow/example_dags/example_display_name.py
[2025-03-12T21:08:27.803+0000] {logging_mixin.py:190} INFO - [2025-03-12T21:08:27.803+0000] {dag.py:3239} INFO - Sync 1 DAGs
[2025-03-12T21:08:27.817+0000] {logging_mixin.py:190} INFO - [2025-03-12T21:08:27.817+0000] {dag.py:4180} INFO - Setting next_dagrun for example_display_name to None, run_after=None
[2025-03-12T21:08:27.836+0000] {processor.py:208} INFO - Processing /home/airflow/.local/lib/python3.12/site-packages/airflow/example_dags/example_display_name.py took 0.066 seconds
