[2025-03-12T20:46:29.393+0000] {processor.py:186} INFO - Started process (PID=111) to work on /home/airflow/.local/lib/python3.12/site-packages/airflow/example_dags/example_branch_operator.py
[2025-03-12T20:46:29.394+0000] {processor.py:914} INFO - Processing file /home/airflow/.local/lib/python3.12/site-packages/airflow/example_dags/example_branch_operator.py for tasks to queue
[2025-03-12T20:46:29.396+0000] {logging_mixin.py:190} INFO - [2025-03-12T20:46:29.395+0000] {dagbag.py:588} INFO - Filling up the DagBag from /home/airflow/.local/lib/python3.12/site-packages/airflow/example_dags/example_branch_operator.py
[2025-03-12T20:46:29.413+0000] {processor.py:925} INFO - DAG(s) 'example_branch_operator' retrieved from /home/airflow/.local/lib/python3.12/site-packages/airflow/example_dags/example_branch_operator.py
[2025-03-12T20:46:29.518+0000] {logging_mixin.py:190} INFO - [2025-03-12T20:46:29.517+0000] {override.py:1912} INFO - Created Permission View: can edit on DAG:example_branch_operator
[2025-03-12T20:46:29.526+0000] {logging_mixin.py:190} INFO - [2025-03-12T20:46:29.526+0000] {override.py:1912} INFO - Created Permission View: can read on DAG:example_branch_operator
[2025-03-12T20:46:29.531+0000] {logging_mixin.py:190} INFO - [2025-03-12T20:46:29.531+0000] {override.py:1912} INFO - Created Permission View: can delete on DAG:example_branch_operator
[2025-03-12T20:46:29.537+0000] {logging_mixin.py:190} INFO - [2025-03-12T20:46:29.536+0000] {override.py:1912} INFO - Created Permission View: menu access on DAG Run:example_branch_operator
[2025-03-12T20:46:29.541+0000] {logging_mixin.py:190} INFO - [2025-03-12T20:46:29.541+0000] {override.py:1912} INFO - Created Permission View: can create on DAG Run:example_branch_operator
[2025-03-12T20:46:29.547+0000] {logging_mixin.py:190} INFO - [2025-03-12T20:46:29.547+0000] {override.py:1912} INFO - Created Permission View: can read on DAG Run:example_branch_operator
[2025-03-12T20:46:29.552+0000] {logging_mixin.py:190} INFO - [2025-03-12T20:46:29.552+0000] {override.py:1912} INFO - Created Permission View: can delete on DAG Run:example_branch_operator
[2025-03-12T20:46:29.553+0000] {logging_mixin.py:190} INFO - [2025-03-12T20:46:29.552+0000] {dag.py:3239} INFO - Sync 1 DAGs
[2025-03-12T20:46:29.564+0000] {logging_mixin.py:190} INFO - [2025-03-12T20:46:29.563+0000] {dag.py:3262} INFO - Creating ORM DAG for example_branch_operator
[2025-03-12T20:46:29.574+0000] {logging_mixin.py:190} INFO - [2025-03-12T20:46:29.573+0000] {dag.py:4180} INFO - Setting next_dagrun for example_branch_operator to 2025-03-11 00:00:00+00:00, run_after=2025-03-12 00:00:00+00:00
[2025-03-12T20:46:29.591+0000] {processor.py:208} INFO - Processing /home/airflow/.local/lib/python3.12/site-packages/airflow/example_dags/example_branch_operator.py took 0.203 seconds
[2025-03-12T20:47:00.556+0000] {processor.py:186} INFO - Started process (PID=174) to work on /home/airflow/.local/lib/python3.12/site-packages/airflow/example_dags/example_branch_operator.py
[2025-03-12T20:47:00.557+0000] {processor.py:914} INFO - Processing file /home/airflow/.local/lib/python3.12/site-packages/airflow/example_dags/example_branch_operator.py for tasks to queue
[2025-03-12T20:47:00.559+0000] {logging_mixin.py:190} INFO - [2025-03-12T20:47:00.559+0000] {dagbag.py:588} INFO - Filling up the DagBag from /home/airflow/.local/lib/python3.12/site-packages/airflow/example_dags/example_branch_operator.py
[2025-03-12T20:47:00.573+0000] {processor.py:925} INFO - DAG(s) 'example_branch_operator' retrieved from /home/airflow/.local/lib/python3.12/site-packages/airflow/example_dags/example_branch_operator.py
[2025-03-12T20:47:00.606+0000] {logging_mixin.py:190} INFO - [2025-03-12T20:47:00.605+0000] {dag.py:3239} INFO - Sync 1 DAGs
[2025-03-12T20:47:00.632+0000] {logging_mixin.py:190} INFO - [2025-03-12T20:47:00.632+0000] {dag.py:4180} INFO - Setting next_dagrun for example_branch_operator to 2025-03-11 00:00:00+00:00, run_after=2025-03-12 00:00:00+00:00
[2025-03-12T20:47:00.654+0000] {processor.py:208} INFO - Processing /home/airflow/.local/lib/python3.12/site-packages/airflow/example_dags/example_branch_operator.py took 0.103 seconds
[2025-03-12T20:47:31.061+0000] {processor.py:186} INFO - Started process (PID=236) to work on /home/airflow/.local/lib/python3.12/site-packages/airflow/example_dags/example_branch_operator.py
[2025-03-12T20:47:31.061+0000] {processor.py:914} INFO - Processing file /home/airflow/.local/lib/python3.12/site-packages/airflow/example_dags/example_branch_operator.py for tasks to queue
[2025-03-12T20:47:31.063+0000] {logging_mixin.py:190} INFO - [2025-03-12T20:47:31.063+0000] {dagbag.py:588} INFO - Filling up the DagBag from /home/airflow/.local/lib/python3.12/site-packages/airflow/example_dags/example_branch_operator.py
[2025-03-12T20:47:31.075+0000] {processor.py:925} INFO - DAG(s) 'example_branch_operator' retrieved from /home/airflow/.local/lib/python3.12/site-packages/airflow/example_dags/example_branch_operator.py
[2025-03-12T20:47:31.099+0000] {logging_mixin.py:190} INFO - [2025-03-12T20:47:31.099+0000] {dag.py:3239} INFO - Sync 1 DAGs
[2025-03-12T20:47:31.126+0000] {logging_mixin.py:190} INFO - [2025-03-12T20:47:31.126+0000] {dag.py:4180} INFO - Setting next_dagrun for example_branch_operator to 2025-03-11 00:00:00+00:00, run_after=2025-03-12 00:00:00+00:00
[2025-03-12T20:47:31.150+0000] {processor.py:208} INFO - Processing /home/airflow/.local/lib/python3.12/site-packages/airflow/example_dags/example_branch_operator.py took 0.093 seconds
[2025-03-12T20:48:02.128+0000] {processor.py:186} INFO - Started process (PID=300) to work on /home/airflow/.local/lib/python3.12/site-packages/airflow/example_dags/example_branch_operator.py
[2025-03-12T20:48:02.129+0000] {processor.py:914} INFO - Processing file /home/airflow/.local/lib/python3.12/site-packages/airflow/example_dags/example_branch_operator.py for tasks to queue
[2025-03-12T20:48:02.130+0000] {logging_mixin.py:190} INFO - [2025-03-12T20:48:02.130+0000] {dagbag.py:588} INFO - Filling up the DagBag from /home/airflow/.local/lib/python3.12/site-packages/airflow/example_dags/example_branch_operator.py
[2025-03-12T20:48:02.141+0000] {processor.py:925} INFO - DAG(s) 'example_branch_operator' retrieved from /home/airflow/.local/lib/python3.12/site-packages/airflow/example_dags/example_branch_operator.py
[2025-03-12T20:48:02.164+0000] {logging_mixin.py:190} INFO - [2025-03-12T20:48:02.163+0000] {dag.py:3239} INFO - Sync 1 DAGs
[2025-03-12T20:48:02.185+0000] {logging_mixin.py:190} INFO - [2025-03-12T20:48:02.185+0000] {dag.py:4180} INFO - Setting next_dagrun for example_branch_operator to 2025-03-11 00:00:00+00:00, run_after=2025-03-12 00:00:00+00:00
[2025-03-12T20:48:02.200+0000] {processor.py:208} INFO - Processing /home/airflow/.local/lib/python3.12/site-packages/airflow/example_dags/example_branch_operator.py took 0.076 seconds
[2025-03-12T20:48:33.067+0000] {processor.py:186} INFO - Started process (PID=363) to work on /home/airflow/.local/lib/python3.12/site-packages/airflow/example_dags/example_branch_operator.py
[2025-03-12T20:48:33.068+0000] {processor.py:914} INFO - Processing file /home/airflow/.local/lib/python3.12/site-packages/airflow/example_dags/example_branch_operator.py for tasks to queue
[2025-03-12T20:48:33.071+0000] {logging_mixin.py:190} INFO - [2025-03-12T20:48:33.070+0000] {dagbag.py:588} INFO - Filling up the DagBag from /home/airflow/.local/lib/python3.12/site-packages/airflow/example_dags/example_branch_operator.py
[2025-03-12T20:48:33.091+0000] {processor.py:925} INFO - DAG(s) 'example_branch_operator' retrieved from /home/airflow/.local/lib/python3.12/site-packages/airflow/example_dags/example_branch_operator.py
[2025-03-12T20:48:33.121+0000] {logging_mixin.py:190} INFO - [2025-03-12T20:48:33.121+0000] {dag.py:3239} INFO - Sync 1 DAGs
[2025-03-12T20:48:33.153+0000] {logging_mixin.py:190} INFO - [2025-03-12T20:48:33.153+0000] {dag.py:4180} INFO - Setting next_dagrun for example_branch_operator to 2025-03-11 00:00:00+00:00, run_after=2025-03-12 00:00:00+00:00
[2025-03-12T20:48:33.179+0000] {processor.py:208} INFO - Processing /home/airflow/.local/lib/python3.12/site-packages/airflow/example_dags/example_branch_operator.py took 0.119 seconds
[2025-03-12T20:49:03.399+0000] {processor.py:186} INFO - Started process (PID=425) to work on /home/airflow/.local/lib/python3.12/site-packages/airflow/example_dags/example_branch_operator.py
[2025-03-12T20:49:03.401+0000] {processor.py:914} INFO - Processing file /home/airflow/.local/lib/python3.12/site-packages/airflow/example_dags/example_branch_operator.py for tasks to queue
[2025-03-12T20:49:03.403+0000] {logging_mixin.py:190} INFO - [2025-03-12T20:49:03.402+0000] {dagbag.py:588} INFO - Filling up the DagBag from /home/airflow/.local/lib/python3.12/site-packages/airflow/example_dags/example_branch_operator.py
[2025-03-12T20:49:03.413+0000] {processor.py:925} INFO - DAG(s) 'example_branch_operator' retrieved from /home/airflow/.local/lib/python3.12/site-packages/airflow/example_dags/example_branch_operator.py
[2025-03-12T20:49:03.431+0000] {logging_mixin.py:190} INFO - [2025-03-12T20:49:03.431+0000] {dag.py:3239} INFO - Sync 1 DAGs
[2025-03-12T20:49:03.452+0000] {logging_mixin.py:190} INFO - [2025-03-12T20:49:03.452+0000] {dag.py:4180} INFO - Setting next_dagrun for example_branch_operator to 2025-03-11 00:00:00+00:00, run_after=2025-03-12 00:00:00+00:00
[2025-03-12T20:49:03.470+0000] {processor.py:208} INFO - Processing /home/airflow/.local/lib/python3.12/site-packages/airflow/example_dags/example_branch_operator.py took 0.075 seconds
[2025-03-12T20:49:34.131+0000] {processor.py:186} INFO - Started process (PID=488) to work on /home/airflow/.local/lib/python3.12/site-packages/airflow/example_dags/example_branch_operator.py
[2025-03-12T20:49:34.134+0000] {processor.py:914} INFO - Processing file /home/airflow/.local/lib/python3.12/site-packages/airflow/example_dags/example_branch_operator.py for tasks to queue
[2025-03-12T20:49:34.135+0000] {logging_mixin.py:190} INFO - [2025-03-12T20:49:34.135+0000] {dagbag.py:588} INFO - Filling up the DagBag from /home/airflow/.local/lib/python3.12/site-packages/airflow/example_dags/example_branch_operator.py
[2025-03-12T20:49:34.147+0000] {processor.py:925} INFO - DAG(s) 'example_branch_operator' retrieved from /home/airflow/.local/lib/python3.12/site-packages/airflow/example_dags/example_branch_operator.py
[2025-03-12T20:49:34.173+0000] {logging_mixin.py:190} INFO - [2025-03-12T20:49:34.172+0000] {dag.py:3239} INFO - Sync 1 DAGs
[2025-03-12T20:49:34.194+0000] {logging_mixin.py:190} INFO - [2025-03-12T20:49:34.194+0000] {dag.py:4180} INFO - Setting next_dagrun for example_branch_operator to 2025-03-11 00:00:00+00:00, run_after=2025-03-12 00:00:00+00:00
[2025-03-12T20:49:34.208+0000] {processor.py:208} INFO - Processing /home/airflow/.local/lib/python3.12/site-packages/airflow/example_dags/example_branch_operator.py took 0.081 seconds
[2025-03-12T20:50:04.557+0000] {processor.py:186} INFO - Started process (PID=551) to work on /home/airflow/.local/lib/python3.12/site-packages/airflow/example_dags/example_branch_operator.py
[2025-03-12T20:50:04.558+0000] {processor.py:914} INFO - Processing file /home/airflow/.local/lib/python3.12/site-packages/airflow/example_dags/example_branch_operator.py for tasks to queue
[2025-03-12T20:50:04.559+0000] {logging_mixin.py:190} INFO - [2025-03-12T20:50:04.559+0000] {dagbag.py:588} INFO - Filling up the DagBag from /home/airflow/.local/lib/python3.12/site-packages/airflow/example_dags/example_branch_operator.py
[2025-03-12T20:50:04.572+0000] {processor.py:925} INFO - DAG(s) 'example_branch_operator' retrieved from /home/airflow/.local/lib/python3.12/site-packages/airflow/example_dags/example_branch_operator.py
[2025-03-12T20:50:04.593+0000] {logging_mixin.py:190} INFO - [2025-03-12T20:50:04.593+0000] {dag.py:3239} INFO - Sync 1 DAGs
[2025-03-12T20:50:04.613+0000] {logging_mixin.py:190} INFO - [2025-03-12T20:50:04.613+0000] {dag.py:4180} INFO - Setting next_dagrun for example_branch_operator to 2025-03-11 00:00:00+00:00, run_after=2025-03-12 00:00:00+00:00
[2025-03-12T20:50:04.628+0000] {processor.py:208} INFO - Processing /home/airflow/.local/lib/python3.12/site-packages/airflow/example_dags/example_branch_operator.py took 0.076 seconds
[2025-03-12T20:50:35.215+0000] {processor.py:186} INFO - Started process (PID=614) to work on /home/airflow/.local/lib/python3.12/site-packages/airflow/example_dags/example_branch_operator.py
[2025-03-12T20:50:35.218+0000] {processor.py:914} INFO - Processing file /home/airflow/.local/lib/python3.12/site-packages/airflow/example_dags/example_branch_operator.py for tasks to queue
[2025-03-12T20:50:35.220+0000] {logging_mixin.py:190} INFO - [2025-03-12T20:50:35.219+0000] {dagbag.py:588} INFO - Filling up the DagBag from /home/airflow/.local/lib/python3.12/site-packages/airflow/example_dags/example_branch_operator.py
[2025-03-12T20:50:35.235+0000] {processor.py:925} INFO - DAG(s) 'example_branch_operator' retrieved from /home/airflow/.local/lib/python3.12/site-packages/airflow/example_dags/example_branch_operator.py
[2025-03-12T20:50:35.260+0000] {logging_mixin.py:190} INFO - [2025-03-12T20:50:35.260+0000] {dag.py:3239} INFO - Sync 1 DAGs
[2025-03-12T20:50:35.283+0000] {logging_mixin.py:190} INFO - [2025-03-12T20:50:35.283+0000] {dag.py:4180} INFO - Setting next_dagrun for example_branch_operator to 2025-03-11 00:00:00+00:00, run_after=2025-03-12 00:00:00+00:00
[2025-03-12T20:50:35.302+0000] {processor.py:208} INFO - Processing /home/airflow/.local/lib/python3.12/site-packages/airflow/example_dags/example_branch_operator.py took 0.091 seconds
[2025-03-12T20:51:05.532+0000] {processor.py:186} INFO - Started process (PID=677) to work on /home/airflow/.local/lib/python3.12/site-packages/airflow/example_dags/example_branch_operator.py
[2025-03-12T20:51:05.535+0000] {processor.py:914} INFO - Processing file /home/airflow/.local/lib/python3.12/site-packages/airflow/example_dags/example_branch_operator.py for tasks to queue
[2025-03-12T20:51:05.537+0000] {logging_mixin.py:190} INFO - [2025-03-12T20:51:05.536+0000] {dagbag.py:588} INFO - Filling up the DagBag from /home/airflow/.local/lib/python3.12/site-packages/airflow/example_dags/example_branch_operator.py
[2025-03-12T20:51:05.551+0000] {processor.py:925} INFO - DAG(s) 'example_branch_operator' retrieved from /home/airflow/.local/lib/python3.12/site-packages/airflow/example_dags/example_branch_operator.py
[2025-03-12T20:51:05.570+0000] {logging_mixin.py:190} INFO - [2025-03-12T20:51:05.569+0000] {dag.py:3239} INFO - Sync 1 DAGs
[2025-03-12T20:51:05.593+0000] {logging_mixin.py:190} INFO - [2025-03-12T20:51:05.593+0000] {dag.py:4180} INFO - Setting next_dagrun for example_branch_operator to 2025-03-11 00:00:00+00:00, run_after=2025-03-12 00:00:00+00:00
[2025-03-12T20:51:05.611+0000] {processor.py:208} INFO - Processing /home/airflow/.local/lib/python3.12/site-packages/airflow/example_dags/example_branch_operator.py took 0.082 seconds
[2025-03-12T20:51:35.996+0000] {processor.py:186} INFO - Started process (PID=740) to work on /home/airflow/.local/lib/python3.12/site-packages/airflow/example_dags/example_branch_operator.py
[2025-03-12T20:51:35.998+0000] {processor.py:914} INFO - Processing file /home/airflow/.local/lib/python3.12/site-packages/airflow/example_dags/example_branch_operator.py for tasks to queue
[2025-03-12T20:51:36.000+0000] {logging_mixin.py:190} INFO - [2025-03-12T20:51:36.000+0000] {dagbag.py:588} INFO - Filling up the DagBag from /home/airflow/.local/lib/python3.12/site-packages/airflow/example_dags/example_branch_operator.py
[2025-03-12T20:51:36.014+0000] {processor.py:925} INFO - DAG(s) 'example_branch_operator' retrieved from /home/airflow/.local/lib/python3.12/site-packages/airflow/example_dags/example_branch_operator.py
[2025-03-12T20:51:36.038+0000] {logging_mixin.py:190} INFO - [2025-03-12T20:51:36.038+0000] {dag.py:3239} INFO - Sync 1 DAGs
[2025-03-12T20:51:36.061+0000] {logging_mixin.py:190} INFO - [2025-03-12T20:51:36.061+0000] {dag.py:4180} INFO - Setting next_dagrun for example_branch_operator to 2025-03-11 00:00:00+00:00, run_after=2025-03-12 00:00:00+00:00
[2025-03-12T20:51:36.078+0000] {processor.py:208} INFO - Processing /home/airflow/.local/lib/python3.12/site-packages/airflow/example_dags/example_branch_operator.py took 0.086 seconds
[2025-03-12T20:52:06.127+0000] {processor.py:186} INFO - Started process (PID=803) to work on /home/airflow/.local/lib/python3.12/site-packages/airflow/example_dags/example_branch_operator.py
[2025-03-12T20:52:06.128+0000] {processor.py:914} INFO - Processing file /home/airflow/.local/lib/python3.12/site-packages/airflow/example_dags/example_branch_operator.py for tasks to queue
[2025-03-12T20:52:06.129+0000] {logging_mixin.py:190} INFO - [2025-03-12T20:52:06.129+0000] {dagbag.py:588} INFO - Filling up the DagBag from /home/airflow/.local/lib/python3.12/site-packages/airflow/example_dags/example_branch_operator.py
[2025-03-12T20:52:06.139+0000] {processor.py:925} INFO - DAG(s) 'example_branch_operator' retrieved from /home/airflow/.local/lib/python3.12/site-packages/airflow/example_dags/example_branch_operator.py
[2025-03-12T20:52:06.157+0000] {logging_mixin.py:190} INFO - [2025-03-12T20:52:06.157+0000] {dag.py:3239} INFO - Sync 1 DAGs
[2025-03-12T20:52:06.173+0000] {logging_mixin.py:190} INFO - [2025-03-12T20:52:06.173+0000] {dag.py:4180} INFO - Setting next_dagrun for example_branch_operator to 2025-03-11 00:00:00+00:00, run_after=2025-03-12 00:00:00+00:00
[2025-03-12T20:52:06.186+0000] {processor.py:208} INFO - Processing /home/airflow/.local/lib/python3.12/site-packages/airflow/example_dags/example_branch_operator.py took 0.063 seconds
[2025-03-12T20:52:36.933+0000] {processor.py:186} INFO - Started process (PID=866) to work on /home/airflow/.local/lib/python3.12/site-packages/airflow/example_dags/example_branch_operator.py
[2025-03-12T20:52:36.935+0000] {processor.py:914} INFO - Processing file /home/airflow/.local/lib/python3.12/site-packages/airflow/example_dags/example_branch_operator.py for tasks to queue
[2025-03-12T20:52:36.936+0000] {logging_mixin.py:190} INFO - [2025-03-12T20:52:36.936+0000] {dagbag.py:588} INFO - Filling up the DagBag from /home/airflow/.local/lib/python3.12/site-packages/airflow/example_dags/example_branch_operator.py
[2025-03-12T20:52:36.949+0000] {processor.py:925} INFO - DAG(s) 'example_branch_operator' retrieved from /home/airflow/.local/lib/python3.12/site-packages/airflow/example_dags/example_branch_operator.py
[2025-03-12T20:52:36.972+0000] {logging_mixin.py:190} INFO - [2025-03-12T20:52:36.972+0000] {dag.py:3239} INFO - Sync 1 DAGs
[2025-03-12T20:52:36.995+0000] {logging_mixin.py:190} INFO - [2025-03-12T20:52:36.995+0000] {dag.py:4180} INFO - Setting next_dagrun for example_branch_operator to 2025-03-11 00:00:00+00:00, run_after=2025-03-12 00:00:00+00:00
[2025-03-12T20:52:37.011+0000] {processor.py:208} INFO - Processing /home/airflow/.local/lib/python3.12/site-packages/airflow/example_dags/example_branch_operator.py took 0.083 seconds
[2025-03-12T20:53:07.621+0000] {processor.py:186} INFO - Started process (PID=929) to work on /home/airflow/.local/lib/python3.12/site-packages/airflow/example_dags/example_branch_operator.py
[2025-03-12T20:53:07.622+0000] {processor.py:914} INFO - Processing file /home/airflow/.local/lib/python3.12/site-packages/airflow/example_dags/example_branch_operator.py for tasks to queue
[2025-03-12T20:53:07.624+0000] {logging_mixin.py:190} INFO - [2025-03-12T20:53:07.623+0000] {dagbag.py:588} INFO - Filling up the DagBag from /home/airflow/.local/lib/python3.12/site-packages/airflow/example_dags/example_branch_operator.py
[2025-03-12T20:53:07.639+0000] {processor.py:925} INFO - DAG(s) 'example_branch_operator' retrieved from /home/airflow/.local/lib/python3.12/site-packages/airflow/example_dags/example_branch_operator.py
[2025-03-12T20:53:07.657+0000] {logging_mixin.py:190} INFO - [2025-03-12T20:53:07.657+0000] {dag.py:3239} INFO - Sync 1 DAGs
[2025-03-12T20:53:07.675+0000] {logging_mixin.py:190} INFO - [2025-03-12T20:53:07.674+0000] {dag.py:4180} INFO - Setting next_dagrun for example_branch_operator to 2025-03-11 00:00:00+00:00, run_after=2025-03-12 00:00:00+00:00
[2025-03-12T20:53:07.692+0000] {processor.py:208} INFO - Processing /home/airflow/.local/lib/python3.12/site-packages/airflow/example_dags/example_branch_operator.py took 0.075 seconds
[2025-03-12T20:53:38.487+0000] {processor.py:186} INFO - Started process (PID=992) to work on /home/airflow/.local/lib/python3.12/site-packages/airflow/example_dags/example_branch_operator.py
[2025-03-12T20:53:38.488+0000] {processor.py:914} INFO - Processing file /home/airflow/.local/lib/python3.12/site-packages/airflow/example_dags/example_branch_operator.py for tasks to queue
[2025-03-12T20:53:38.490+0000] {logging_mixin.py:190} INFO - [2025-03-12T20:53:38.489+0000] {dagbag.py:588} INFO - Filling up the DagBag from /home/airflow/.local/lib/python3.12/site-packages/airflow/example_dags/example_branch_operator.py
[2025-03-12T20:53:38.502+0000] {processor.py:925} INFO - DAG(s) 'example_branch_operator' retrieved from /home/airflow/.local/lib/python3.12/site-packages/airflow/example_dags/example_branch_operator.py
[2025-03-12T20:53:38.530+0000] {logging_mixin.py:190} INFO - [2025-03-12T20:53:38.530+0000] {dag.py:3239} INFO - Sync 1 DAGs
[2025-03-12T20:53:38.553+0000] {logging_mixin.py:190} INFO - [2025-03-12T20:53:38.552+0000] {dag.py:4180} INFO - Setting next_dagrun for example_branch_operator to 2025-03-11 00:00:00+00:00, run_after=2025-03-12 00:00:00+00:00
[2025-03-12T20:53:38.573+0000] {processor.py:208} INFO - Processing /home/airflow/.local/lib/python3.12/site-packages/airflow/example_dags/example_branch_operator.py took 0.092 seconds
[2025-03-12T20:54:08.758+0000] {processor.py:186} INFO - Started process (PID=1055) to work on /home/airflow/.local/lib/python3.12/site-packages/airflow/example_dags/example_branch_operator.py
[2025-03-12T20:54:08.759+0000] {processor.py:914} INFO - Processing file /home/airflow/.local/lib/python3.12/site-packages/airflow/example_dags/example_branch_operator.py for tasks to queue
[2025-03-12T20:54:08.760+0000] {logging_mixin.py:190} INFO - [2025-03-12T20:54:08.760+0000] {dagbag.py:588} INFO - Filling up the DagBag from /home/airflow/.local/lib/python3.12/site-packages/airflow/example_dags/example_branch_operator.py
[2025-03-12T20:54:08.775+0000] {processor.py:925} INFO - DAG(s) 'example_branch_operator' retrieved from /home/airflow/.local/lib/python3.12/site-packages/airflow/example_dags/example_branch_operator.py
[2025-03-12T20:54:08.799+0000] {logging_mixin.py:190} INFO - [2025-03-12T20:54:08.799+0000] {dag.py:3239} INFO - Sync 1 DAGs
[2025-03-12T20:54:08.818+0000] {logging_mixin.py:190} INFO - [2025-03-12T20:54:08.817+0000] {dag.py:4180} INFO - Setting next_dagrun for example_branch_operator to 2025-03-11 00:00:00+00:00, run_after=2025-03-12 00:00:00+00:00
[2025-03-12T20:54:08.832+0000] {processor.py:208} INFO - Processing /home/airflow/.local/lib/python3.12/site-packages/airflow/example_dags/example_branch_operator.py took 0.079 seconds
[2025-03-12T20:54:39.759+0000] {processor.py:186} INFO - Started process (PID=1118) to work on /home/airflow/.local/lib/python3.12/site-packages/airflow/example_dags/example_branch_operator.py
[2025-03-12T20:54:39.760+0000] {processor.py:914} INFO - Processing file /home/airflow/.local/lib/python3.12/site-packages/airflow/example_dags/example_branch_operator.py for tasks to queue
[2025-03-12T20:54:39.761+0000] {logging_mixin.py:190} INFO - [2025-03-12T20:54:39.761+0000] {dagbag.py:588} INFO - Filling up the DagBag from /home/airflow/.local/lib/python3.12/site-packages/airflow/example_dags/example_branch_operator.py
[2025-03-12T20:54:39.772+0000] {processor.py:925} INFO - DAG(s) 'example_branch_operator' retrieved from /home/airflow/.local/lib/python3.12/site-packages/airflow/example_dags/example_branch_operator.py
[2025-03-12T20:54:39.793+0000] {logging_mixin.py:190} INFO - [2025-03-12T20:54:39.792+0000] {dag.py:3239} INFO - Sync 1 DAGs
[2025-03-12T20:54:39.810+0000] {logging_mixin.py:190} INFO - [2025-03-12T20:54:39.810+0000] {dag.py:4180} INFO - Setting next_dagrun for example_branch_operator to 2025-03-11 00:00:00+00:00, run_after=2025-03-12 00:00:00+00:00
[2025-03-12T20:54:39.825+0000] {processor.py:208} INFO - Processing /home/airflow/.local/lib/python3.12/site-packages/airflow/example_dags/example_branch_operator.py took 0.070 seconds
[2025-03-12T20:55:10.408+0000] {processor.py:186} INFO - Started process (PID=1181) to work on /home/airflow/.local/lib/python3.12/site-packages/airflow/example_dags/example_branch_operator.py
[2025-03-12T20:55:10.409+0000] {processor.py:914} INFO - Processing file /home/airflow/.local/lib/python3.12/site-packages/airflow/example_dags/example_branch_operator.py for tasks to queue
[2025-03-12T20:55:10.410+0000] {logging_mixin.py:190} INFO - [2025-03-12T20:55:10.410+0000] {dagbag.py:588} INFO - Filling up the DagBag from /home/airflow/.local/lib/python3.12/site-packages/airflow/example_dags/example_branch_operator.py
[2025-03-12T20:55:10.419+0000] {processor.py:925} INFO - DAG(s) 'example_branch_operator' retrieved from /home/airflow/.local/lib/python3.12/site-packages/airflow/example_dags/example_branch_operator.py
[2025-03-12T20:55:10.444+0000] {logging_mixin.py:190} INFO - [2025-03-12T20:55:10.443+0000] {dag.py:3239} INFO - Sync 1 DAGs
[2025-03-12T20:55:10.461+0000] {logging_mixin.py:190} INFO - [2025-03-12T20:55:10.461+0000] {dag.py:4180} INFO - Setting next_dagrun for example_branch_operator to 2025-03-11 00:00:00+00:00, run_after=2025-03-12 00:00:00+00:00
[2025-03-12T20:55:10.472+0000] {processor.py:208} INFO - Processing /home/airflow/.local/lib/python3.12/site-packages/airflow/example_dags/example_branch_operator.py took 0.068 seconds
[2025-03-12T20:55:41.021+0000] {processor.py:186} INFO - Started process (PID=1244) to work on /home/airflow/.local/lib/python3.12/site-packages/airflow/example_dags/example_branch_operator.py
[2025-03-12T20:55:41.022+0000] {processor.py:914} INFO - Processing file /home/airflow/.local/lib/python3.12/site-packages/airflow/example_dags/example_branch_operator.py for tasks to queue
[2025-03-12T20:55:41.024+0000] {logging_mixin.py:190} INFO - [2025-03-12T20:55:41.024+0000] {dagbag.py:588} INFO - Filling up the DagBag from /home/airflow/.local/lib/python3.12/site-packages/airflow/example_dags/example_branch_operator.py
[2025-03-12T20:55:41.037+0000] {processor.py:925} INFO - DAG(s) 'example_branch_operator' retrieved from /home/airflow/.local/lib/python3.12/site-packages/airflow/example_dags/example_branch_operator.py
[2025-03-12T20:55:41.065+0000] {logging_mixin.py:190} INFO - [2025-03-12T20:55:41.065+0000] {dag.py:3239} INFO - Sync 1 DAGs
[2025-03-12T20:55:41.087+0000] {logging_mixin.py:190} INFO - [2025-03-12T20:55:41.086+0000] {dag.py:4180} INFO - Setting next_dagrun for example_branch_operator to 2025-03-11 00:00:00+00:00, run_after=2025-03-12 00:00:00+00:00
[2025-03-12T20:55:41.108+0000] {processor.py:208} INFO - Processing /home/airflow/.local/lib/python3.12/site-packages/airflow/example_dags/example_branch_operator.py took 0.092 seconds
[2025-03-12T20:56:12.047+0000] {processor.py:186} INFO - Started process (PID=1307) to work on /home/airflow/.local/lib/python3.12/site-packages/airflow/example_dags/example_branch_operator.py
[2025-03-12T20:56:12.048+0000] {processor.py:914} INFO - Processing file /home/airflow/.local/lib/python3.12/site-packages/airflow/example_dags/example_branch_operator.py for tasks to queue
[2025-03-12T20:56:12.049+0000] {logging_mixin.py:190} INFO - [2025-03-12T20:56:12.049+0000] {dagbag.py:588} INFO - Filling up the DagBag from /home/airflow/.local/lib/python3.12/site-packages/airflow/example_dags/example_branch_operator.py
[2025-03-12T20:56:12.059+0000] {processor.py:925} INFO - DAG(s) 'example_branch_operator' retrieved from /home/airflow/.local/lib/python3.12/site-packages/airflow/example_dags/example_branch_operator.py
[2025-03-12T20:56:12.084+0000] {logging_mixin.py:190} INFO - [2025-03-12T20:56:12.084+0000] {dag.py:3239} INFO - Sync 1 DAGs
[2025-03-12T20:56:12.104+0000] {logging_mixin.py:190} INFO - [2025-03-12T20:56:12.104+0000] {dag.py:4180} INFO - Setting next_dagrun for example_branch_operator to 2025-03-11 00:00:00+00:00, run_after=2025-03-12 00:00:00+00:00
[2025-03-12T20:56:12.120+0000] {processor.py:208} INFO - Processing /home/airflow/.local/lib/python3.12/site-packages/airflow/example_dags/example_branch_operator.py took 0.078 seconds
[2025-03-12T20:56:42.929+0000] {processor.py:186} INFO - Started process (PID=1370) to work on /home/airflow/.local/lib/python3.12/site-packages/airflow/example_dags/example_branch_operator.py
[2025-03-12T20:56:42.930+0000] {processor.py:914} INFO - Processing file /home/airflow/.local/lib/python3.12/site-packages/airflow/example_dags/example_branch_operator.py for tasks to queue
[2025-03-12T20:56:42.932+0000] {logging_mixin.py:190} INFO - [2025-03-12T20:56:42.932+0000] {dagbag.py:588} INFO - Filling up the DagBag from /home/airflow/.local/lib/python3.12/site-packages/airflow/example_dags/example_branch_operator.py
[2025-03-12T20:56:42.951+0000] {processor.py:925} INFO - DAG(s) 'example_branch_operator' retrieved from /home/airflow/.local/lib/python3.12/site-packages/airflow/example_dags/example_branch_operator.py
[2025-03-12T20:56:42.981+0000] {logging_mixin.py:190} INFO - [2025-03-12T20:56:42.981+0000] {dag.py:3239} INFO - Sync 1 DAGs
[2025-03-12T20:56:43.000+0000] {logging_mixin.py:190} INFO - [2025-03-12T20:56:43.000+0000] {dag.py:4180} INFO - Setting next_dagrun for example_branch_operator to 2025-03-11 00:00:00+00:00, run_after=2025-03-12 00:00:00+00:00
[2025-03-12T20:56:43.021+0000] {processor.py:208} INFO - Processing /home/airflow/.local/lib/python3.12/site-packages/airflow/example_dags/example_branch_operator.py took 0.097 seconds
[2025-03-12T20:57:13.453+0000] {processor.py:186} INFO - Started process (PID=1432) to work on /home/airflow/.local/lib/python3.12/site-packages/airflow/example_dags/example_branch_operator.py
[2025-03-12T20:57:13.455+0000] {processor.py:914} INFO - Processing file /home/airflow/.local/lib/python3.12/site-packages/airflow/example_dags/example_branch_operator.py for tasks to queue
[2025-03-12T20:57:13.457+0000] {logging_mixin.py:190} INFO - [2025-03-12T20:57:13.456+0000] {dagbag.py:588} INFO - Filling up the DagBag from /home/airflow/.local/lib/python3.12/site-packages/airflow/example_dags/example_branch_operator.py
[2025-03-12T20:57:13.472+0000] {processor.py:925} INFO - DAG(s) 'example_branch_operator' retrieved from /home/airflow/.local/lib/python3.12/site-packages/airflow/example_dags/example_branch_operator.py
[2025-03-12T20:57:13.497+0000] {logging_mixin.py:190} INFO - [2025-03-12T20:57:13.497+0000] {dag.py:3239} INFO - Sync 1 DAGs
[2025-03-12T20:57:13.515+0000] {logging_mixin.py:190} INFO - [2025-03-12T20:57:13.515+0000] {dag.py:4180} INFO - Setting next_dagrun for example_branch_operator to 2025-03-11 00:00:00+00:00, run_after=2025-03-12 00:00:00+00:00
[2025-03-12T20:57:13.531+0000] {processor.py:208} INFO - Processing /home/airflow/.local/lib/python3.12/site-packages/airflow/example_dags/example_branch_operator.py took 0.083 seconds
[2025-03-12T20:57:44.297+0000] {processor.py:186} INFO - Started process (PID=1496) to work on /home/airflow/.local/lib/python3.12/site-packages/airflow/example_dags/example_branch_operator.py
[2025-03-12T20:57:44.297+0000] {processor.py:914} INFO - Processing file /home/airflow/.local/lib/python3.12/site-packages/airflow/example_dags/example_branch_operator.py for tasks to queue
[2025-03-12T20:57:44.299+0000] {logging_mixin.py:190} INFO - [2025-03-12T20:57:44.298+0000] {dagbag.py:588} INFO - Filling up the DagBag from /home/airflow/.local/lib/python3.12/site-packages/airflow/example_dags/example_branch_operator.py
[2025-03-12T20:57:44.308+0000] {processor.py:925} INFO - DAG(s) 'example_branch_operator' retrieved from /home/airflow/.local/lib/python3.12/site-packages/airflow/example_dags/example_branch_operator.py
[2025-03-12T20:57:44.329+0000] {logging_mixin.py:190} INFO - [2025-03-12T20:57:44.329+0000] {dag.py:3239} INFO - Sync 1 DAGs
[2025-03-12T20:57:44.349+0000] {logging_mixin.py:190} INFO - [2025-03-12T20:57:44.349+0000] {dag.py:4180} INFO - Setting next_dagrun for example_branch_operator to 2025-03-11 00:00:00+00:00, run_after=2025-03-12 00:00:00+00:00
[2025-03-12T20:57:44.365+0000] {processor.py:208} INFO - Processing /home/airflow/.local/lib/python3.12/site-packages/airflow/example_dags/example_branch_operator.py took 0.073 seconds
[2025-03-12T20:58:14.658+0000] {processor.py:186} INFO - Started process (PID=1558) to work on /home/airflow/.local/lib/python3.12/site-packages/airflow/example_dags/example_branch_operator.py
[2025-03-12T20:58:14.659+0000] {processor.py:914} INFO - Processing file /home/airflow/.local/lib/python3.12/site-packages/airflow/example_dags/example_branch_operator.py for tasks to queue
[2025-03-12T20:58:14.660+0000] {logging_mixin.py:190} INFO - [2025-03-12T20:58:14.660+0000] {dagbag.py:588} INFO - Filling up the DagBag from /home/airflow/.local/lib/python3.12/site-packages/airflow/example_dags/example_branch_operator.py
[2025-03-12T20:58:14.673+0000] {processor.py:925} INFO - DAG(s) 'example_branch_operator' retrieved from /home/airflow/.local/lib/python3.12/site-packages/airflow/example_dags/example_branch_operator.py
[2025-03-12T20:58:14.699+0000] {logging_mixin.py:190} INFO - [2025-03-12T20:58:14.699+0000] {dag.py:3239} INFO - Sync 1 DAGs
[2025-03-12T20:58:14.725+0000] {logging_mixin.py:190} INFO - [2025-03-12T20:58:14.724+0000] {dag.py:4180} INFO - Setting next_dagrun for example_branch_operator to 2025-03-11 00:00:00+00:00, run_after=2025-03-12 00:00:00+00:00
[2025-03-12T20:58:14.743+0000] {processor.py:208} INFO - Processing /home/airflow/.local/lib/python3.12/site-packages/airflow/example_dags/example_branch_operator.py took 0.089 seconds
[2025-03-12T20:58:45.393+0000] {processor.py:186} INFO - Started process (PID=1621) to work on /home/airflow/.local/lib/python3.12/site-packages/airflow/example_dags/example_branch_operator.py
[2025-03-12T20:58:45.394+0000] {processor.py:914} INFO - Processing file /home/airflow/.local/lib/python3.12/site-packages/airflow/example_dags/example_branch_operator.py for tasks to queue
[2025-03-12T20:58:45.396+0000] {logging_mixin.py:190} INFO - [2025-03-12T20:58:45.396+0000] {dagbag.py:588} INFO - Filling up the DagBag from /home/airflow/.local/lib/python3.12/site-packages/airflow/example_dags/example_branch_operator.py
[2025-03-12T20:58:45.410+0000] {processor.py:925} INFO - DAG(s) 'example_branch_operator' retrieved from /home/airflow/.local/lib/python3.12/site-packages/airflow/example_dags/example_branch_operator.py
[2025-03-12T20:58:45.428+0000] {logging_mixin.py:190} INFO - [2025-03-12T20:58:45.428+0000] {dag.py:3239} INFO - Sync 1 DAGs
[2025-03-12T20:58:45.448+0000] {logging_mixin.py:190} INFO - [2025-03-12T20:58:45.448+0000] {dag.py:4180} INFO - Setting next_dagrun for example_branch_operator to 2025-03-11 00:00:00+00:00, run_after=2025-03-12 00:00:00+00:00
[2025-03-12T20:58:45.463+0000] {processor.py:208} INFO - Processing /home/airflow/.local/lib/python3.12/site-packages/airflow/example_dags/example_branch_operator.py took 0.075 seconds
[2025-03-12T20:59:16.282+0000] {processor.py:186} INFO - Started process (PID=1684) to work on /home/airflow/.local/lib/python3.12/site-packages/airflow/example_dags/example_branch_operator.py
[2025-03-12T20:59:16.283+0000] {processor.py:914} INFO - Processing file /home/airflow/.local/lib/python3.12/site-packages/airflow/example_dags/example_branch_operator.py for tasks to queue
[2025-03-12T20:59:16.284+0000] {logging_mixin.py:190} INFO - [2025-03-12T20:59:16.284+0000] {dagbag.py:588} INFO - Filling up the DagBag from /home/airflow/.local/lib/python3.12/site-packages/airflow/example_dags/example_branch_operator.py
[2025-03-12T20:59:16.295+0000] {processor.py:925} INFO - DAG(s) 'example_branch_operator' retrieved from /home/airflow/.local/lib/python3.12/site-packages/airflow/example_dags/example_branch_operator.py
[2025-03-12T20:59:16.320+0000] {logging_mixin.py:190} INFO - [2025-03-12T20:59:16.320+0000] {dag.py:3239} INFO - Sync 1 DAGs
[2025-03-12T20:59:16.342+0000] {logging_mixin.py:190} INFO - [2025-03-12T20:59:16.342+0000] {dag.py:4180} INFO - Setting next_dagrun for example_branch_operator to 2025-03-11 00:00:00+00:00, run_after=2025-03-12 00:00:00+00:00
[2025-03-12T20:59:16.358+0000] {processor.py:208} INFO - Processing /home/airflow/.local/lib/python3.12/site-packages/airflow/example_dags/example_branch_operator.py took 0.080 seconds
[2025-03-12T20:59:46.722+0000] {processor.py:186} INFO - Started process (PID=1747) to work on /home/airflow/.local/lib/python3.12/site-packages/airflow/example_dags/example_branch_operator.py
[2025-03-12T20:59:46.724+0000] {processor.py:914} INFO - Processing file /home/airflow/.local/lib/python3.12/site-packages/airflow/example_dags/example_branch_operator.py for tasks to queue
[2025-03-12T20:59:46.725+0000] {logging_mixin.py:190} INFO - [2025-03-12T20:59:46.725+0000] {dagbag.py:588} INFO - Filling up the DagBag from /home/airflow/.local/lib/python3.12/site-packages/airflow/example_dags/example_branch_operator.py
[2025-03-12T20:59:46.737+0000] {processor.py:925} INFO - DAG(s) 'example_branch_operator' retrieved from /home/airflow/.local/lib/python3.12/site-packages/airflow/example_dags/example_branch_operator.py
[2025-03-12T20:59:46.759+0000] {logging_mixin.py:190} INFO - [2025-03-12T20:59:46.759+0000] {dag.py:3239} INFO - Sync 1 DAGs
[2025-03-12T20:59:46.779+0000] {logging_mixin.py:190} INFO - [2025-03-12T20:59:46.778+0000] {dag.py:4180} INFO - Setting next_dagrun for example_branch_operator to 2025-03-11 00:00:00+00:00, run_after=2025-03-12 00:00:00+00:00
[2025-03-12T20:59:46.795+0000] {processor.py:208} INFO - Processing /home/airflow/.local/lib/python3.12/site-packages/airflow/example_dags/example_branch_operator.py took 0.078 seconds
[2025-03-12T21:00:17.582+0000] {processor.py:186} INFO - Started process (PID=1810) to work on /home/airflow/.local/lib/python3.12/site-packages/airflow/example_dags/example_branch_operator.py
[2025-03-12T21:00:17.583+0000] {processor.py:914} INFO - Processing file /home/airflow/.local/lib/python3.12/site-packages/airflow/example_dags/example_branch_operator.py for tasks to queue
[2025-03-12T21:00:17.585+0000] {logging_mixin.py:190} INFO - [2025-03-12T21:00:17.584+0000] {dagbag.py:588} INFO - Filling up the DagBag from /home/airflow/.local/lib/python3.12/site-packages/airflow/example_dags/example_branch_operator.py
[2025-03-12T21:00:17.600+0000] {processor.py:925} INFO - DAG(s) 'example_branch_operator' retrieved from /home/airflow/.local/lib/python3.12/site-packages/airflow/example_dags/example_branch_operator.py
[2025-03-12T21:00:17.631+0000] {logging_mixin.py:190} INFO - [2025-03-12T21:00:17.631+0000] {dag.py:3239} INFO - Sync 1 DAGs
[2025-03-12T21:00:17.660+0000] {logging_mixin.py:190} INFO - [2025-03-12T21:00:17.659+0000] {dag.py:4180} INFO - Setting next_dagrun for example_branch_operator to 2025-03-11 00:00:00+00:00, run_after=2025-03-12 00:00:00+00:00
[2025-03-12T21:00:17.681+0000] {processor.py:208} INFO - Processing /home/airflow/.local/lib/python3.12/site-packages/airflow/example_dags/example_branch_operator.py took 0.103 seconds
[2025-03-12T21:00:48.121+0000] {processor.py:186} INFO - Started process (PID=1873) to work on /home/airflow/.local/lib/python3.12/site-packages/airflow/example_dags/example_branch_operator.py
[2025-03-12T21:00:48.121+0000] {processor.py:914} INFO - Processing file /home/airflow/.local/lib/python3.12/site-packages/airflow/example_dags/example_branch_operator.py for tasks to queue
[2025-03-12T21:00:48.122+0000] {logging_mixin.py:190} INFO - [2025-03-12T21:00:48.122+0000] {dagbag.py:588} INFO - Filling up the DagBag from /home/airflow/.local/lib/python3.12/site-packages/airflow/example_dags/example_branch_operator.py
[2025-03-12T21:00:48.133+0000] {processor.py:925} INFO - DAG(s) 'example_branch_operator' retrieved from /home/airflow/.local/lib/python3.12/site-packages/airflow/example_dags/example_branch_operator.py
[2025-03-12T21:00:48.151+0000] {logging_mixin.py:190} INFO - [2025-03-12T21:00:48.151+0000] {dag.py:3239} INFO - Sync 1 DAGs
[2025-03-12T21:00:48.169+0000] {logging_mixin.py:190} INFO - [2025-03-12T21:00:48.169+0000] {dag.py:4180} INFO - Setting next_dagrun for example_branch_operator to 2025-03-11 00:00:00+00:00, run_after=2025-03-12 00:00:00+00:00
[2025-03-12T21:00:48.184+0000] {processor.py:208} INFO - Processing /home/airflow/.local/lib/python3.12/site-packages/airflow/example_dags/example_branch_operator.py took 0.068 seconds
[2025-03-12T21:01:19.127+0000] {processor.py:186} INFO - Started process (PID=1936) to work on /home/airflow/.local/lib/python3.12/site-packages/airflow/example_dags/example_branch_operator.py
[2025-03-12T21:01:19.128+0000] {processor.py:914} INFO - Processing file /home/airflow/.local/lib/python3.12/site-packages/airflow/example_dags/example_branch_operator.py for tasks to queue
[2025-03-12T21:01:19.130+0000] {logging_mixin.py:190} INFO - [2025-03-12T21:01:19.130+0000] {dagbag.py:588} INFO - Filling up the DagBag from /home/airflow/.local/lib/python3.12/site-packages/airflow/example_dags/example_branch_operator.py
[2025-03-12T21:01:19.142+0000] {processor.py:925} INFO - DAG(s) 'example_branch_operator' retrieved from /home/airflow/.local/lib/python3.12/site-packages/airflow/example_dags/example_branch_operator.py
[2025-03-12T21:01:19.162+0000] {logging_mixin.py:190} INFO - [2025-03-12T21:01:19.162+0000] {dag.py:3239} INFO - Sync 1 DAGs
[2025-03-12T21:01:19.184+0000] {logging_mixin.py:190} INFO - [2025-03-12T21:01:19.184+0000] {dag.py:4180} INFO - Setting next_dagrun for example_branch_operator to 2025-03-11 00:00:00+00:00, run_after=2025-03-12 00:00:00+00:00
[2025-03-12T21:01:19.203+0000] {processor.py:208} INFO - Processing /home/airflow/.local/lib/python3.12/site-packages/airflow/example_dags/example_branch_operator.py took 0.079 seconds
[2025-03-12T21:01:50.634+0000] {processor.py:186} INFO - Started process (PID=2000) to work on /home/airflow/.local/lib/python3.12/site-packages/airflow/example_dags/example_branch_operator.py
[2025-03-12T21:01:50.636+0000] {processor.py:914} INFO - Processing file /home/airflow/.local/lib/python3.12/site-packages/airflow/example_dags/example_branch_operator.py for tasks to queue
[2025-03-12T21:01:50.637+0000] {logging_mixin.py:190} INFO - [2025-03-12T21:01:50.637+0000] {dagbag.py:588} INFO - Filling up the DagBag from /home/airflow/.local/lib/python3.12/site-packages/airflow/example_dags/example_branch_operator.py
[2025-03-12T21:01:50.650+0000] {processor.py:925} INFO - DAG(s) 'example_branch_operator' retrieved from /home/airflow/.local/lib/python3.12/site-packages/airflow/example_dags/example_branch_operator.py
[2025-03-12T21:01:50.676+0000] {logging_mixin.py:190} INFO - [2025-03-12T21:01:50.676+0000] {dag.py:3239} INFO - Sync 1 DAGs
[2025-03-12T21:01:50.695+0000] {logging_mixin.py:190} INFO - [2025-03-12T21:01:50.695+0000] {dag.py:4180} INFO - Setting next_dagrun for example_branch_operator to 2025-03-11 00:00:00+00:00, run_after=2025-03-12 00:00:00+00:00
[2025-03-12T21:01:50.712+0000] {processor.py:208} INFO - Processing /home/airflow/.local/lib/python3.12/site-packages/airflow/example_dags/example_branch_operator.py took 0.083 seconds
[2025-03-12T21:02:21.356+0000] {processor.py:186} INFO - Started process (PID=2063) to work on /home/airflow/.local/lib/python3.12/site-packages/airflow/example_dags/example_branch_operator.py
[2025-03-12T21:02:21.357+0000] {processor.py:914} INFO - Processing file /home/airflow/.local/lib/python3.12/site-packages/airflow/example_dags/example_branch_operator.py for tasks to queue
[2025-03-12T21:02:21.359+0000] {logging_mixin.py:190} INFO - [2025-03-12T21:02:21.358+0000] {dagbag.py:588} INFO - Filling up the DagBag from /home/airflow/.local/lib/python3.12/site-packages/airflow/example_dags/example_branch_operator.py
[2025-03-12T21:02:21.378+0000] {processor.py:925} INFO - DAG(s) 'example_branch_operator' retrieved from /home/airflow/.local/lib/python3.12/site-packages/airflow/example_dags/example_branch_operator.py
[2025-03-12T21:02:21.416+0000] {logging_mixin.py:190} INFO - [2025-03-12T21:02:21.416+0000] {dag.py:3239} INFO - Sync 1 DAGs
[2025-03-12T21:02:21.448+0000] {logging_mixin.py:190} INFO - [2025-03-12T21:02:21.448+0000] {dag.py:4180} INFO - Setting next_dagrun for example_branch_operator to 2025-03-11 00:00:00+00:00, run_after=2025-03-12 00:00:00+00:00
[2025-03-12T21:02:21.470+0000] {processor.py:208} INFO - Processing /home/airflow/.local/lib/python3.12/site-packages/airflow/example_dags/example_branch_operator.py took 0.120 seconds
[2025-03-12T21:02:52.623+0000] {processor.py:186} INFO - Started process (PID=2126) to work on /home/airflow/.local/lib/python3.12/site-packages/airflow/example_dags/example_branch_operator.py
[2025-03-12T21:02:52.624+0000] {processor.py:914} INFO - Processing file /home/airflow/.local/lib/python3.12/site-packages/airflow/example_dags/example_branch_operator.py for tasks to queue
[2025-03-12T21:02:52.626+0000] {logging_mixin.py:190} INFO - [2025-03-12T21:02:52.626+0000] {dagbag.py:588} INFO - Filling up the DagBag from /home/airflow/.local/lib/python3.12/site-packages/airflow/example_dags/example_branch_operator.py
[2025-03-12T21:02:52.642+0000] {processor.py:925} INFO - DAG(s) 'example_branch_operator' retrieved from /home/airflow/.local/lib/python3.12/site-packages/airflow/example_dags/example_branch_operator.py
[2025-03-12T21:02:52.672+0000] {logging_mixin.py:190} INFO - [2025-03-12T21:02:52.672+0000] {dag.py:3239} INFO - Sync 1 DAGs
[2025-03-12T21:02:52.702+0000] {logging_mixin.py:190} INFO - [2025-03-12T21:02:52.702+0000] {dag.py:4180} INFO - Setting next_dagrun for example_branch_operator to 2025-03-11 00:00:00+00:00, run_after=2025-03-12 00:00:00+00:00
[2025-03-12T21:02:52.725+0000] {processor.py:208} INFO - Processing /home/airflow/.local/lib/python3.12/site-packages/airflow/example_dags/example_branch_operator.py took 0.107 seconds
[2025-03-12T21:03:22.974+0000] {processor.py:186} INFO - Started process (PID=2188) to work on /home/airflow/.local/lib/python3.12/site-packages/airflow/example_dags/example_branch_operator.py
[2025-03-12T21:03:22.975+0000] {processor.py:914} INFO - Processing file /home/airflow/.local/lib/python3.12/site-packages/airflow/example_dags/example_branch_operator.py for tasks to queue
[2025-03-12T21:03:22.976+0000] {logging_mixin.py:190} INFO - [2025-03-12T21:03:22.976+0000] {dagbag.py:588} INFO - Filling up the DagBag from /home/airflow/.local/lib/python3.12/site-packages/airflow/example_dags/example_branch_operator.py
[2025-03-12T21:03:22.990+0000] {processor.py:925} INFO - DAG(s) 'example_branch_operator' retrieved from /home/airflow/.local/lib/python3.12/site-packages/airflow/example_dags/example_branch_operator.py
[2025-03-12T21:03:23.008+0000] {logging_mixin.py:190} INFO - [2025-03-12T21:03:23.008+0000] {dag.py:3239} INFO - Sync 1 DAGs
[2025-03-12T21:03:23.020+0000] {logging_mixin.py:190} INFO - [2025-03-12T21:03:23.020+0000] {dag.py:4180} INFO - Setting next_dagrun for example_branch_operator to 2025-03-11 00:00:00+00:00, run_after=2025-03-12 00:00:00+00:00
[2025-03-12T21:03:23.032+0000] {processor.py:208} INFO - Processing /home/airflow/.local/lib/python3.12/site-packages/airflow/example_dags/example_branch_operator.py took 0.063 seconds
[2025-03-12T21:03:54.149+0000] {processor.py:186} INFO - Started process (PID=2251) to work on /home/airflow/.local/lib/python3.12/site-packages/airflow/example_dags/example_branch_operator.py
[2025-03-12T21:03:54.150+0000] {processor.py:914} INFO - Processing file /home/airflow/.local/lib/python3.12/site-packages/airflow/example_dags/example_branch_operator.py for tasks to queue
[2025-03-12T21:03:54.152+0000] {logging_mixin.py:190} INFO - [2025-03-12T21:03:54.151+0000] {dagbag.py:588} INFO - Filling up the DagBag from /home/airflow/.local/lib/python3.12/site-packages/airflow/example_dags/example_branch_operator.py
[2025-03-12T21:03:54.162+0000] {processor.py:925} INFO - DAG(s) 'example_branch_operator' retrieved from /home/airflow/.local/lib/python3.12/site-packages/airflow/example_dags/example_branch_operator.py
[2025-03-12T21:03:54.187+0000] {logging_mixin.py:190} INFO - [2025-03-12T21:03:54.187+0000] {dag.py:3239} INFO - Sync 1 DAGs
[2025-03-12T21:03:54.207+0000] {logging_mixin.py:190} INFO - [2025-03-12T21:03:54.207+0000] {dag.py:4180} INFO - Setting next_dagrun for example_branch_operator to 2025-03-11 00:00:00+00:00, run_after=2025-03-12 00:00:00+00:00
[2025-03-12T21:03:54.224+0000] {processor.py:208} INFO - Processing /home/airflow/.local/lib/python3.12/site-packages/airflow/example_dags/example_branch_operator.py took 0.079 seconds
[2025-03-12T21:04:24.789+0000] {processor.py:186} INFO - Started process (PID=2314) to work on /home/airflow/.local/lib/python3.12/site-packages/airflow/example_dags/example_branch_operator.py
[2025-03-12T21:04:24.790+0000] {processor.py:914} INFO - Processing file /home/airflow/.local/lib/python3.12/site-packages/airflow/example_dags/example_branch_operator.py for tasks to queue
[2025-03-12T21:04:24.792+0000] {logging_mixin.py:190} INFO - [2025-03-12T21:04:24.792+0000] {dagbag.py:588} INFO - Filling up the DagBag from /home/airflow/.local/lib/python3.12/site-packages/airflow/example_dags/example_branch_operator.py
[2025-03-12T21:04:24.809+0000] {processor.py:925} INFO - DAG(s) 'example_branch_operator' retrieved from /home/airflow/.local/lib/python3.12/site-packages/airflow/example_dags/example_branch_operator.py
[2025-03-12T21:04:24.829+0000] {logging_mixin.py:190} INFO - [2025-03-12T21:04:24.829+0000] {dag.py:3239} INFO - Sync 1 DAGs
[2025-03-12T21:04:24.849+0000] {logging_mixin.py:190} INFO - [2025-03-12T21:04:24.849+0000] {dag.py:4180} INFO - Setting next_dagrun for example_branch_operator to 2025-03-11 00:00:00+00:00, run_after=2025-03-12 00:00:00+00:00
[2025-03-12T21:04:24.865+0000] {processor.py:208} INFO - Processing /home/airflow/.local/lib/python3.12/site-packages/airflow/example_dags/example_branch_operator.py took 0.082 seconds
[2025-03-12T21:04:55.338+0000] {processor.py:186} INFO - Started process (PID=2383) to work on /home/airflow/.local/lib/python3.12/site-packages/airflow/example_dags/example_branch_operator.py
[2025-03-12T21:04:55.338+0000] {processor.py:914} INFO - Processing file /home/airflow/.local/lib/python3.12/site-packages/airflow/example_dags/example_branch_operator.py for tasks to queue
[2025-03-12T21:04:55.340+0000] {logging_mixin.py:190} INFO - [2025-03-12T21:04:55.340+0000] {dagbag.py:588} INFO - Filling up the DagBag from /home/airflow/.local/lib/python3.12/site-packages/airflow/example_dags/example_branch_operator.py
[2025-03-12T21:04:55.353+0000] {processor.py:925} INFO - DAG(s) 'example_branch_operator' retrieved from /home/airflow/.local/lib/python3.12/site-packages/airflow/example_dags/example_branch_operator.py
[2025-03-12T21:04:55.376+0000] {logging_mixin.py:190} INFO - [2025-03-12T21:04:55.376+0000] {dag.py:3239} INFO - Sync 1 DAGs
[2025-03-12T21:04:55.396+0000] {logging_mixin.py:190} INFO - [2025-03-12T21:04:55.396+0000] {dag.py:4180} INFO - Setting next_dagrun for example_branch_operator to 2025-03-11 00:00:00+00:00, run_after=2025-03-12 00:00:00+00:00
[2025-03-12T21:04:55.413+0000] {processor.py:208} INFO - Processing /home/airflow/.local/lib/python3.12/site-packages/airflow/example_dags/example_branch_operator.py took 0.081 seconds
[2025-03-12T21:05:26.066+0000] {processor.py:186} INFO - Started process (PID=2446) to work on /home/airflow/.local/lib/python3.12/site-packages/airflow/example_dags/example_branch_operator.py
[2025-03-12T21:05:26.067+0000] {processor.py:914} INFO - Processing file /home/airflow/.local/lib/python3.12/site-packages/airflow/example_dags/example_branch_operator.py for tasks to queue
[2025-03-12T21:05:26.069+0000] {logging_mixin.py:190} INFO - [2025-03-12T21:05:26.069+0000] {dagbag.py:588} INFO - Filling up the DagBag from /home/airflow/.local/lib/python3.12/site-packages/airflow/example_dags/example_branch_operator.py
[2025-03-12T21:05:26.082+0000] {processor.py:925} INFO - DAG(s) 'example_branch_operator' retrieved from /home/airflow/.local/lib/python3.12/site-packages/airflow/example_dags/example_branch_operator.py
[2025-03-12T21:05:26.110+0000] {logging_mixin.py:190} INFO - [2025-03-12T21:05:26.110+0000] {dag.py:3239} INFO - Sync 1 DAGs
[2025-03-12T21:05:26.137+0000] {logging_mixin.py:190} INFO - [2025-03-12T21:05:26.137+0000] {dag.py:4180} INFO - Setting next_dagrun for example_branch_operator to 2025-03-11 00:00:00+00:00, run_after=2025-03-12 00:00:00+00:00
[2025-03-12T21:05:26.155+0000] {processor.py:208} INFO - Processing /home/airflow/.local/lib/python3.12/site-packages/airflow/example_dags/example_branch_operator.py took 0.096 seconds
[2025-03-12T21:05:56.493+0000] {processor.py:186} INFO - Started process (PID=2509) to work on /home/airflow/.local/lib/python3.12/site-packages/airflow/example_dags/example_branch_operator.py
[2025-03-12T21:05:56.494+0000] {processor.py:914} INFO - Processing file /home/airflow/.local/lib/python3.12/site-packages/airflow/example_dags/example_branch_operator.py for tasks to queue
[2025-03-12T21:05:56.495+0000] {logging_mixin.py:190} INFO - [2025-03-12T21:05:56.495+0000] {dagbag.py:588} INFO - Filling up the DagBag from /home/airflow/.local/lib/python3.12/site-packages/airflow/example_dags/example_branch_operator.py
[2025-03-12T21:05:56.511+0000] {processor.py:925} INFO - DAG(s) 'example_branch_operator' retrieved from /home/airflow/.local/lib/python3.12/site-packages/airflow/example_dags/example_branch_operator.py
[2025-03-12T21:05:56.540+0000] {logging_mixin.py:190} INFO - [2025-03-12T21:05:56.540+0000] {dag.py:3239} INFO - Sync 1 DAGs
[2025-03-12T21:05:56.565+0000] {logging_mixin.py:190} INFO - [2025-03-12T21:05:56.565+0000] {dag.py:4180} INFO - Setting next_dagrun for example_branch_operator to 2025-03-11 00:00:00+00:00, run_after=2025-03-12 00:00:00+00:00
[2025-03-12T21:05:56.583+0000] {processor.py:208} INFO - Processing /home/airflow/.local/lib/python3.12/site-packages/airflow/example_dags/example_branch_operator.py took 0.095 seconds
[2025-03-12T21:06:27.143+0000] {processor.py:186} INFO - Started process (PID=2572) to work on /home/airflow/.local/lib/python3.12/site-packages/airflow/example_dags/example_branch_operator.py
[2025-03-12T21:06:27.144+0000] {processor.py:914} INFO - Processing file /home/airflow/.local/lib/python3.12/site-packages/airflow/example_dags/example_branch_operator.py for tasks to queue
[2025-03-12T21:06:27.145+0000] {logging_mixin.py:190} INFO - [2025-03-12T21:06:27.145+0000] {dagbag.py:588} INFO - Filling up the DagBag from /home/airflow/.local/lib/python3.12/site-packages/airflow/example_dags/example_branch_operator.py
[2025-03-12T21:06:27.156+0000] {processor.py:925} INFO - DAG(s) 'example_branch_operator' retrieved from /home/airflow/.local/lib/python3.12/site-packages/airflow/example_dags/example_branch_operator.py
[2025-03-12T21:06:27.181+0000] {logging_mixin.py:190} INFO - [2025-03-12T21:06:27.180+0000] {dag.py:3239} INFO - Sync 1 DAGs
[2025-03-12T21:06:27.203+0000] {logging_mixin.py:190} INFO - [2025-03-12T21:06:27.203+0000] {dag.py:4180} INFO - Setting next_dagrun for example_branch_operator to 2025-03-11 00:00:00+00:00, run_after=2025-03-12 00:00:00+00:00
[2025-03-12T21:06:27.220+0000] {processor.py:208} INFO - Processing /home/airflow/.local/lib/python3.12/site-packages/airflow/example_dags/example_branch_operator.py took 0.082 seconds
[2025-03-12T21:06:58.130+0000] {processor.py:186} INFO - Started process (PID=2635) to work on /home/airflow/.local/lib/python3.12/site-packages/airflow/example_dags/example_branch_operator.py
[2025-03-12T21:06:58.132+0000] {processor.py:914} INFO - Processing file /home/airflow/.local/lib/python3.12/site-packages/airflow/example_dags/example_branch_operator.py for tasks to queue
[2025-03-12T21:06:58.133+0000] {logging_mixin.py:190} INFO - [2025-03-12T21:06:58.133+0000] {dagbag.py:588} INFO - Filling up the DagBag from /home/airflow/.local/lib/python3.12/site-packages/airflow/example_dags/example_branch_operator.py
[2025-03-12T21:06:58.144+0000] {processor.py:925} INFO - DAG(s) 'example_branch_operator' retrieved from /home/airflow/.local/lib/python3.12/site-packages/airflow/example_dags/example_branch_operator.py
[2025-03-12T21:06:58.167+0000] {logging_mixin.py:190} INFO - [2025-03-12T21:06:58.167+0000] {dag.py:3239} INFO - Sync 1 DAGs
[2025-03-12T21:06:58.186+0000] {logging_mixin.py:190} INFO - [2025-03-12T21:06:58.186+0000] {dag.py:4180} INFO - Setting next_dagrun for example_branch_operator to 2025-03-11 00:00:00+00:00, run_after=2025-03-12 00:00:00+00:00
[2025-03-12T21:06:58.205+0000] {processor.py:208} INFO - Processing /home/airflow/.local/lib/python3.12/site-packages/airflow/example_dags/example_branch_operator.py took 0.079 seconds
[2025-03-12T21:07:28.754+0000] {processor.py:186} INFO - Started process (PID=2698) to work on /home/airflow/.local/lib/python3.12/site-packages/airflow/example_dags/example_branch_operator.py
[2025-03-12T21:07:28.755+0000] {processor.py:914} INFO - Processing file /home/airflow/.local/lib/python3.12/site-packages/airflow/example_dags/example_branch_operator.py for tasks to queue
[2025-03-12T21:07:28.756+0000] {logging_mixin.py:190} INFO - [2025-03-12T21:07:28.756+0000] {dagbag.py:588} INFO - Filling up the DagBag from /home/airflow/.local/lib/python3.12/site-packages/airflow/example_dags/example_branch_operator.py
[2025-03-12T21:07:28.774+0000] {processor.py:925} INFO - DAG(s) 'example_branch_operator' retrieved from /home/airflow/.local/lib/python3.12/site-packages/airflow/example_dags/example_branch_operator.py
[2025-03-12T21:07:28.803+0000] {logging_mixin.py:190} INFO - [2025-03-12T21:07:28.803+0000] {dag.py:3239} INFO - Sync 1 DAGs
[2025-03-12T21:07:28.826+0000] {logging_mixin.py:190} INFO - [2025-03-12T21:07:28.826+0000] {dag.py:4180} INFO - Setting next_dagrun for example_branch_operator to 2025-03-11 00:00:00+00:00, run_after=2025-03-12 00:00:00+00:00
[2025-03-12T21:07:28.838+0000] {processor.py:208} INFO - Processing /home/airflow/.local/lib/python3.12/site-packages/airflow/example_dags/example_branch_operator.py took 0.089 seconds
[2025-03-12T21:07:59.147+0000] {processor.py:186} INFO - Started process (PID=2761) to work on /home/airflow/.local/lib/python3.12/site-packages/airflow/example_dags/example_branch_operator.py
[2025-03-12T21:07:59.149+0000] {processor.py:914} INFO - Processing file /home/airflow/.local/lib/python3.12/site-packages/airflow/example_dags/example_branch_operator.py for tasks to queue
[2025-03-12T21:07:59.150+0000] {logging_mixin.py:190} INFO - [2025-03-12T21:07:59.150+0000] {dagbag.py:588} INFO - Filling up the DagBag from /home/airflow/.local/lib/python3.12/site-packages/airflow/example_dags/example_branch_operator.py
[2025-03-12T21:07:59.160+0000] {processor.py:925} INFO - DAG(s) 'example_branch_operator' retrieved from /home/airflow/.local/lib/python3.12/site-packages/airflow/example_dags/example_branch_operator.py
[2025-03-12T21:07:59.183+0000] {logging_mixin.py:190} INFO - [2025-03-12T21:07:59.182+0000] {dag.py:3239} INFO - Sync 1 DAGs
[2025-03-12T21:07:59.199+0000] {logging_mixin.py:190} INFO - [2025-03-12T21:07:59.199+0000] {dag.py:4180} INFO - Setting next_dagrun for example_branch_operator to 2025-03-11 00:00:00+00:00, run_after=2025-03-12 00:00:00+00:00
[2025-03-12T21:07:59.213+0000] {processor.py:208} INFO - Processing /home/airflow/.local/lib/python3.12/site-packages/airflow/example_dags/example_branch_operator.py took 0.071 seconds
[2025-03-12T21:08:29.965+0000] {processor.py:186} INFO - Started process (PID=2825) to work on /home/airflow/.local/lib/python3.12/site-packages/airflow/example_dags/example_branch_operator.py
[2025-03-12T21:08:29.966+0000] {processor.py:914} INFO - Processing file /home/airflow/.local/lib/python3.12/site-packages/airflow/example_dags/example_branch_operator.py for tasks to queue
[2025-03-12T21:08:29.968+0000] {logging_mixin.py:190} INFO - [2025-03-12T21:08:29.968+0000] {dagbag.py:588} INFO - Filling up the DagBag from /home/airflow/.local/lib/python3.12/site-packages/airflow/example_dags/example_branch_operator.py
[2025-03-12T21:08:29.979+0000] {processor.py:925} INFO - DAG(s) 'example_branch_operator' retrieved from /home/airflow/.local/lib/python3.12/site-packages/airflow/example_dags/example_branch_operator.py
[2025-03-12T21:08:30.002+0000] {logging_mixin.py:190} INFO - [2025-03-12T21:08:30.001+0000] {dag.py:3239} INFO - Sync 1 DAGs
[2025-03-12T21:08:30.022+0000] {logging_mixin.py:190} INFO - [2025-03-12T21:08:30.022+0000] {dag.py:4180} INFO - Setting next_dagrun for example_branch_operator to 2025-03-11 00:00:00+00:00, run_after=2025-03-12 00:00:00+00:00
[2025-03-12T21:08:30.041+0000] {processor.py:208} INFO - Processing /home/airflow/.local/lib/python3.12/site-packages/airflow/example_dags/example_branch_operator.py took 0.080 seconds
