[2025-03-12T20:46:25.766+0000] {processor.py:186} INFO - Started process (PID=80) to work on /home/airflow/.local/lib/python3.12/site-packages/airflow/example_dags/example_python_operator.py
[2025-03-12T20:46:25.767+0000] {processor.py:914} INFO - Processing file /home/airflow/.local/lib/python3.12/site-packages/airflow/example_dags/example_python_operator.py for tasks to queue
[2025-03-12T20:46:25.768+0000] {logging_mixin.py:190} INFO - [2025-03-12T20:46:25.768+0000] {dagbag.py:588} INFO - Filling up the DagBag from /home/airflow/.local/lib/python3.12/site-packages/airflow/example_dags/example_python_operator.py
[2025-03-12T20:46:25.776+0000] {processor.py:925} INFO - DAG(s) 'example_python_operator' retrieved from /home/airflow/.local/lib/python3.12/site-packages/airflow/example_dags/example_python_operator.py
[2025-03-12T20:46:25.850+0000] {logging_mixin.py:190} INFO - [2025-03-12T20:46:25.850+0000] {override.py:1912} INFO - Created Permission View: can edit on DAG:example_python_operator
[2025-03-12T20:46:25.859+0000] {logging_mixin.py:190} INFO - [2025-03-12T20:46:25.858+0000] {override.py:1912} INFO - Created Permission View: can read on DAG:example_python_operator
[2025-03-12T20:46:25.864+0000] {logging_mixin.py:190} INFO - [2025-03-12T20:46:25.864+0000] {override.py:1912} INFO - Created Permission View: can delete on DAG:example_python_operator
[2025-03-12T20:46:25.869+0000] {logging_mixin.py:190} INFO - [2025-03-12T20:46:25.869+0000] {override.py:1912} INFO - Created Permission View: menu access on DAG Run:example_python_operator
[2025-03-12T20:46:25.874+0000] {logging_mixin.py:190} INFO - [2025-03-12T20:46:25.874+0000] {override.py:1912} INFO - Created Permission View: can create on DAG Run:example_python_operator
[2025-03-12T20:46:25.879+0000] {logging_mixin.py:190} INFO - [2025-03-12T20:46:25.879+0000] {override.py:1912} INFO - Created Permission View: can read on DAG Run:example_python_operator
[2025-03-12T20:46:25.884+0000] {logging_mixin.py:190} INFO - [2025-03-12T20:46:25.884+0000] {override.py:1912} INFO - Created Permission View: can delete on DAG Run:example_python_operator
[2025-03-12T20:46:25.884+0000] {logging_mixin.py:190} INFO - [2025-03-12T20:46:25.884+0000] {dag.py:3239} INFO - Sync 1 DAGs
[2025-03-12T20:46:25.897+0000] {logging_mixin.py:190} INFO - [2025-03-12T20:46:25.897+0000] {dag.py:3262} INFO - Creating ORM DAG for example_python_operator
[2025-03-12T20:46:25.898+0000] {logging_mixin.py:190} INFO - [2025-03-12T20:46:25.897+0000] {dag.py:4180} INFO - Setting next_dagrun for example_python_operator to None, run_after=None
[2025-03-12T20:46:25.911+0000] {processor.py:208} INFO - Processing /home/airflow/.local/lib/python3.12/site-packages/airflow/example_dags/example_python_operator.py took 0.148 seconds
[2025-03-12T20:46:56.757+0000] {processor.py:186} INFO - Started process (PID=143) to work on /home/airflow/.local/lib/python3.12/site-packages/airflow/example_dags/example_python_operator.py
[2025-03-12T20:46:56.758+0000] {processor.py:914} INFO - Processing file /home/airflow/.local/lib/python3.12/site-packages/airflow/example_dags/example_python_operator.py for tasks to queue
[2025-03-12T20:46:56.760+0000] {logging_mixin.py:190} INFO - [2025-03-12T20:46:56.760+0000] {dagbag.py:588} INFO - Filling up the DagBag from /home/airflow/.local/lib/python3.12/site-packages/airflow/example_dags/example_python_operator.py
[2025-03-12T20:46:56.771+0000] {processor.py:925} INFO - DAG(s) 'example_python_operator' retrieved from /home/airflow/.local/lib/python3.12/site-packages/airflow/example_dags/example_python_operator.py
[2025-03-12T20:46:56.796+0000] {logging_mixin.py:190} INFO - [2025-03-12T20:46:56.796+0000] {dag.py:3239} INFO - Sync 1 DAGs
[2025-03-12T20:46:56.811+0000] {logging_mixin.py:190} INFO - [2025-03-12T20:46:56.811+0000] {dag.py:4180} INFO - Setting next_dagrun for example_python_operator to None, run_after=None
[2025-03-12T20:46:56.830+0000] {processor.py:208} INFO - Processing /home/airflow/.local/lib/python3.12/site-packages/airflow/example_dags/example_python_operator.py took 0.078 seconds
[2025-03-12T20:47:26.963+0000] {processor.py:186} INFO - Started process (PID=206) to work on /home/airflow/.local/lib/python3.12/site-packages/airflow/example_dags/example_python_operator.py
[2025-03-12T20:47:26.964+0000] {processor.py:914} INFO - Processing file /home/airflow/.local/lib/python3.12/site-packages/airflow/example_dags/example_python_operator.py for tasks to queue
[2025-03-12T20:47:26.966+0000] {logging_mixin.py:190} INFO - [2025-03-12T20:47:26.966+0000] {dagbag.py:588} INFO - Filling up the DagBag from /home/airflow/.local/lib/python3.12/site-packages/airflow/example_dags/example_python_operator.py
[2025-03-12T20:47:26.982+0000] {processor.py:925} INFO - DAG(s) 'example_python_operator' retrieved from /home/airflow/.local/lib/python3.12/site-packages/airflow/example_dags/example_python_operator.py
[2025-03-12T20:47:27.013+0000] {logging_mixin.py:190} INFO - [2025-03-12T20:47:27.012+0000] {dag.py:3239} INFO - Sync 1 DAGs
[2025-03-12T20:47:27.033+0000] {logging_mixin.py:190} INFO - [2025-03-12T20:47:27.032+0000] {dag.py:4180} INFO - Setting next_dagrun for example_python_operator to None, run_after=None
[2025-03-12T20:47:27.057+0000] {processor.py:208} INFO - Processing /home/airflow/.local/lib/python3.12/site-packages/airflow/example_dags/example_python_operator.py took 0.101 seconds
[2025-03-12T20:47:57.278+0000] {processor.py:186} INFO - Started process (PID=269) to work on /home/airflow/.local/lib/python3.12/site-packages/airflow/example_dags/example_python_operator.py
[2025-03-12T20:47:57.278+0000] {processor.py:914} INFO - Processing file /home/airflow/.local/lib/python3.12/site-packages/airflow/example_dags/example_python_operator.py for tasks to queue
[2025-03-12T20:47:57.280+0000] {logging_mixin.py:190} INFO - [2025-03-12T20:47:57.280+0000] {dagbag.py:588} INFO - Filling up the DagBag from /home/airflow/.local/lib/python3.12/site-packages/airflow/example_dags/example_python_operator.py
[2025-03-12T20:47:57.288+0000] {processor.py:925} INFO - DAG(s) 'example_python_operator' retrieved from /home/airflow/.local/lib/python3.12/site-packages/airflow/example_dags/example_python_operator.py
[2025-03-12T20:47:57.306+0000] {logging_mixin.py:190} INFO - [2025-03-12T20:47:57.306+0000] {dag.py:3239} INFO - Sync 1 DAGs
[2025-03-12T20:47:57.317+0000] {logging_mixin.py:190} INFO - [2025-03-12T20:47:57.317+0000] {dag.py:4180} INFO - Setting next_dagrun for example_python_operator to None, run_after=None
[2025-03-12T20:47:57.333+0000] {processor.py:208} INFO - Processing /home/airflow/.local/lib/python3.12/site-packages/airflow/example_dags/example_python_operator.py took 0.060 seconds
[2025-03-12T20:48:28.126+0000] {processor.py:186} INFO - Started process (PID=332) to work on /home/airflow/.local/lib/python3.12/site-packages/airflow/example_dags/example_python_operator.py
[2025-03-12T20:48:28.127+0000] {processor.py:914} INFO - Processing file /home/airflow/.local/lib/python3.12/site-packages/airflow/example_dags/example_python_operator.py for tasks to queue
[2025-03-12T20:48:28.128+0000] {logging_mixin.py:190} INFO - [2025-03-12T20:48:28.128+0000] {dagbag.py:588} INFO - Filling up the DagBag from /home/airflow/.local/lib/python3.12/site-packages/airflow/example_dags/example_python_operator.py
[2025-03-12T20:48:28.134+0000] {processor.py:925} INFO - DAG(s) 'example_python_operator' retrieved from /home/airflow/.local/lib/python3.12/site-packages/airflow/example_dags/example_python_operator.py
[2025-03-12T20:48:28.152+0000] {logging_mixin.py:190} INFO - [2025-03-12T20:48:28.151+0000] {dag.py:3239} INFO - Sync 1 DAGs
[2025-03-12T20:48:28.163+0000] {logging_mixin.py:190} INFO - [2025-03-12T20:48:28.163+0000] {dag.py:4180} INFO - Setting next_dagrun for example_python_operator to None, run_after=None
[2025-03-12T20:48:28.178+0000] {processor.py:208} INFO - Processing /home/airflow/.local/lib/python3.12/site-packages/airflow/example_dags/example_python_operator.py took 0.055 seconds
[2025-03-12T20:48:59.618+0000] {processor.py:186} INFO - Started process (PID=395) to work on /home/airflow/.local/lib/python3.12/site-packages/airflow/example_dags/example_python_operator.py
[2025-03-12T20:48:59.620+0000] {processor.py:914} INFO - Processing file /home/airflow/.local/lib/python3.12/site-packages/airflow/example_dags/example_python_operator.py for tasks to queue
[2025-03-12T20:48:59.621+0000] {logging_mixin.py:190} INFO - [2025-03-12T20:48:59.621+0000] {dagbag.py:588} INFO - Filling up the DagBag from /home/airflow/.local/lib/python3.12/site-packages/airflow/example_dags/example_python_operator.py
[2025-03-12T20:48:59.634+0000] {processor.py:925} INFO - DAG(s) 'example_python_operator' retrieved from /home/airflow/.local/lib/python3.12/site-packages/airflow/example_dags/example_python_operator.py
[2025-03-12T20:48:59.655+0000] {logging_mixin.py:190} INFO - [2025-03-12T20:48:59.655+0000] {dag.py:3239} INFO - Sync 1 DAGs
[2025-03-12T20:48:59.665+0000] {logging_mixin.py:190} INFO - [2025-03-12T20:48:59.665+0000] {dag.py:4180} INFO - Setting next_dagrun for example_python_operator to None, run_after=None
[2025-03-12T20:48:59.680+0000] {processor.py:208} INFO - Processing /home/airflow/.local/lib/python3.12/site-packages/airflow/example_dags/example_python_operator.py took 0.068 seconds
[2025-03-12T20:49:30.421+0000] {processor.py:186} INFO - Started process (PID=458) to work on /home/airflow/.local/lib/python3.12/site-packages/airflow/example_dags/example_python_operator.py
[2025-03-12T20:49:30.422+0000] {processor.py:914} INFO - Processing file /home/airflow/.local/lib/python3.12/site-packages/airflow/example_dags/example_python_operator.py for tasks to queue
[2025-03-12T20:49:30.423+0000] {logging_mixin.py:190} INFO - [2025-03-12T20:49:30.423+0000] {dagbag.py:588} INFO - Filling up the DagBag from /home/airflow/.local/lib/python3.12/site-packages/airflow/example_dags/example_python_operator.py
[2025-03-12T20:49:30.430+0000] {processor.py:925} INFO - DAG(s) 'example_python_operator' retrieved from /home/airflow/.local/lib/python3.12/site-packages/airflow/example_dags/example_python_operator.py
[2025-03-12T20:49:30.450+0000] {logging_mixin.py:190} INFO - [2025-03-12T20:49:30.450+0000] {dag.py:3239} INFO - Sync 1 DAGs
[2025-03-12T20:49:30.460+0000] {logging_mixin.py:190} INFO - [2025-03-12T20:49:30.460+0000] {dag.py:4180} INFO - Setting next_dagrun for example_python_operator to None, run_after=None
[2025-03-12T20:49:30.476+0000] {processor.py:208} INFO - Processing /home/airflow/.local/lib/python3.12/site-packages/airflow/example_dags/example_python_operator.py took 0.060 seconds
[2025-03-12T20:50:00.842+0000] {processor.py:186} INFO - Started process (PID=521) to work on /home/airflow/.local/lib/python3.12/site-packages/airflow/example_dags/example_python_operator.py
[2025-03-12T20:50:00.843+0000] {processor.py:914} INFO - Processing file /home/airflow/.local/lib/python3.12/site-packages/airflow/example_dags/example_python_operator.py for tasks to queue
[2025-03-12T20:50:00.844+0000] {logging_mixin.py:190} INFO - [2025-03-12T20:50:00.844+0000] {dagbag.py:588} INFO - Filling up the DagBag from /home/airflow/.local/lib/python3.12/site-packages/airflow/example_dags/example_python_operator.py
[2025-03-12T20:50:00.851+0000] {processor.py:925} INFO - DAG(s) 'example_python_operator' retrieved from /home/airflow/.local/lib/python3.12/site-packages/airflow/example_dags/example_python_operator.py
[2025-03-12T20:50:00.869+0000] {logging_mixin.py:190} INFO - [2025-03-12T20:50:00.869+0000] {dag.py:3239} INFO - Sync 1 DAGs
[2025-03-12T20:50:00.881+0000] {logging_mixin.py:190} INFO - [2025-03-12T20:50:00.881+0000] {dag.py:4180} INFO - Setting next_dagrun for example_python_operator to None, run_after=None
[2025-03-12T20:50:00.898+0000] {processor.py:208} INFO - Processing /home/airflow/.local/lib/python3.12/site-packages/airflow/example_dags/example_python_operator.py took 0.059 seconds
[2025-03-12T20:50:31.443+0000] {processor.py:186} INFO - Started process (PID=584) to work on /home/airflow/.local/lib/python3.12/site-packages/airflow/example_dags/example_python_operator.py
[2025-03-12T20:50:31.443+0000] {processor.py:914} INFO - Processing file /home/airflow/.local/lib/python3.12/site-packages/airflow/example_dags/example_python_operator.py for tasks to queue
[2025-03-12T20:50:31.444+0000] {logging_mixin.py:190} INFO - [2025-03-12T20:50:31.444+0000] {dagbag.py:588} INFO - Filling up the DagBag from /home/airflow/.local/lib/python3.12/site-packages/airflow/example_dags/example_python_operator.py
[2025-03-12T20:50:31.451+0000] {processor.py:925} INFO - DAG(s) 'example_python_operator' retrieved from /home/airflow/.local/lib/python3.12/site-packages/airflow/example_dags/example_python_operator.py
[2025-03-12T20:50:31.467+0000] {logging_mixin.py:190} INFO - [2025-03-12T20:50:31.467+0000] {dag.py:3239} INFO - Sync 1 DAGs
[2025-03-12T20:50:31.479+0000] {logging_mixin.py:190} INFO - [2025-03-12T20:50:31.479+0000] {dag.py:4180} INFO - Setting next_dagrun for example_python_operator to None, run_after=None
[2025-03-12T20:50:31.499+0000] {processor.py:208} INFO - Processing /home/airflow/.local/lib/python3.12/site-packages/airflow/example_dags/example_python_operator.py took 0.059 seconds
[2025-03-12T20:51:01.799+0000] {processor.py:186} INFO - Started process (PID=646) to work on /home/airflow/.local/lib/python3.12/site-packages/airflow/example_dags/example_python_operator.py
[2025-03-12T20:51:01.799+0000] {processor.py:914} INFO - Processing file /home/airflow/.local/lib/python3.12/site-packages/airflow/example_dags/example_python_operator.py for tasks to queue
[2025-03-12T20:51:01.801+0000] {logging_mixin.py:190} INFO - [2025-03-12T20:51:01.800+0000] {dagbag.py:588} INFO - Filling up the DagBag from /home/airflow/.local/lib/python3.12/site-packages/airflow/example_dags/example_python_operator.py
[2025-03-12T20:51:01.807+0000] {processor.py:925} INFO - DAG(s) 'example_python_operator' retrieved from /home/airflow/.local/lib/python3.12/site-packages/airflow/example_dags/example_python_operator.py
[2025-03-12T20:51:01.824+0000] {logging_mixin.py:190} INFO - [2025-03-12T20:51:01.824+0000] {dag.py:3239} INFO - Sync 1 DAGs
[2025-03-12T20:51:01.834+0000] {logging_mixin.py:190} INFO - [2025-03-12T20:51:01.833+0000] {dag.py:4180} INFO - Setting next_dagrun for example_python_operator to None, run_after=None
[2025-03-12T20:51:01.847+0000] {processor.py:208} INFO - Processing /home/airflow/.local/lib/python3.12/site-packages/airflow/example_dags/example_python_operator.py took 0.051 seconds
[2025-03-12T20:51:32.342+0000] {processor.py:186} INFO - Started process (PID=709) to work on /home/airflow/.local/lib/python3.12/site-packages/airflow/example_dags/example_python_operator.py
[2025-03-12T20:51:32.343+0000] {processor.py:914} INFO - Processing file /home/airflow/.local/lib/python3.12/site-packages/airflow/example_dags/example_python_operator.py for tasks to queue
[2025-03-12T20:51:32.344+0000] {logging_mixin.py:190} INFO - [2025-03-12T20:51:32.344+0000] {dagbag.py:588} INFO - Filling up the DagBag from /home/airflow/.local/lib/python3.12/site-packages/airflow/example_dags/example_python_operator.py
[2025-03-12T20:51:32.354+0000] {processor.py:925} INFO - DAG(s) 'example_python_operator' retrieved from /home/airflow/.local/lib/python3.12/site-packages/airflow/example_dags/example_python_operator.py
[2025-03-12T20:51:32.369+0000] {logging_mixin.py:190} INFO - [2025-03-12T20:51:32.369+0000] {dag.py:3239} INFO - Sync 1 DAGs
[2025-03-12T20:51:32.381+0000] {logging_mixin.py:190} INFO - [2025-03-12T20:51:32.380+0000] {dag.py:4180} INFO - Setting next_dagrun for example_python_operator to None, run_after=None
[2025-03-12T20:51:32.395+0000] {processor.py:208} INFO - Processing /home/airflow/.local/lib/python3.12/site-packages/airflow/example_dags/example_python_operator.py took 0.058 seconds
[2025-03-12T20:52:03.488+0000] {processor.py:186} INFO - Started process (PID=773) to work on /home/airflow/.local/lib/python3.12/site-packages/airflow/example_dags/example_python_operator.py
[2025-03-12T20:52:03.488+0000] {processor.py:914} INFO - Processing file /home/airflow/.local/lib/python3.12/site-packages/airflow/example_dags/example_python_operator.py for tasks to queue
[2025-03-12T20:52:03.490+0000] {logging_mixin.py:190} INFO - [2025-03-12T20:52:03.489+0000] {dagbag.py:588} INFO - Filling up the DagBag from /home/airflow/.local/lib/python3.12/site-packages/airflow/example_dags/example_python_operator.py
[2025-03-12T20:52:03.496+0000] {processor.py:925} INFO - DAG(s) 'example_python_operator' retrieved from /home/airflow/.local/lib/python3.12/site-packages/airflow/example_dags/example_python_operator.py
[2025-03-12T20:52:03.514+0000] {logging_mixin.py:190} INFO - [2025-03-12T20:52:03.513+0000] {dag.py:3239} INFO - Sync 1 DAGs
[2025-03-12T20:52:03.526+0000] {logging_mixin.py:190} INFO - [2025-03-12T20:52:03.525+0000] {dag.py:4180} INFO - Setting next_dagrun for example_python_operator to None, run_after=None
[2025-03-12T20:52:03.541+0000] {processor.py:208} INFO - Processing /home/airflow/.local/lib/python3.12/site-packages/airflow/example_dags/example_python_operator.py took 0.056 seconds
[2025-03-12T20:52:33.918+0000] {processor.py:186} INFO - Started process (PID=835) to work on /home/airflow/.local/lib/python3.12/site-packages/airflow/example_dags/example_python_operator.py
[2025-03-12T20:52:33.919+0000] {processor.py:914} INFO - Processing file /home/airflow/.local/lib/python3.12/site-packages/airflow/example_dags/example_python_operator.py for tasks to queue
[2025-03-12T20:52:33.920+0000] {logging_mixin.py:190} INFO - [2025-03-12T20:52:33.920+0000] {dagbag.py:588} INFO - Filling up the DagBag from /home/airflow/.local/lib/python3.12/site-packages/airflow/example_dags/example_python_operator.py
[2025-03-12T20:52:33.927+0000] {processor.py:925} INFO - DAG(s) 'example_python_operator' retrieved from /home/airflow/.local/lib/python3.12/site-packages/airflow/example_dags/example_python_operator.py
[2025-03-12T20:52:33.944+0000] {logging_mixin.py:190} INFO - [2025-03-12T20:52:33.944+0000] {dag.py:3239} INFO - Sync 1 DAGs
[2025-03-12T20:52:33.953+0000] {logging_mixin.py:190} INFO - [2025-03-12T20:52:33.953+0000] {dag.py:4180} INFO - Setting next_dagrun for example_python_operator to None, run_after=None
[2025-03-12T20:52:33.964+0000] {processor.py:208} INFO - Processing /home/airflow/.local/lib/python3.12/site-packages/airflow/example_dags/example_python_operator.py took 0.049 seconds
[2025-03-12T20:53:05.128+0000] {processor.py:186} INFO - Started process (PID=899) to work on /home/airflow/.local/lib/python3.12/site-packages/airflow/example_dags/example_python_operator.py
[2025-03-12T20:53:05.129+0000] {processor.py:914} INFO - Processing file /home/airflow/.local/lib/python3.12/site-packages/airflow/example_dags/example_python_operator.py for tasks to queue
[2025-03-12T20:53:05.131+0000] {logging_mixin.py:190} INFO - [2025-03-12T20:53:05.131+0000] {dagbag.py:588} INFO - Filling up the DagBag from /home/airflow/.local/lib/python3.12/site-packages/airflow/example_dags/example_python_operator.py
[2025-03-12T20:53:05.141+0000] {processor.py:925} INFO - DAG(s) 'example_python_operator' retrieved from /home/airflow/.local/lib/python3.12/site-packages/airflow/example_dags/example_python_operator.py
[2025-03-12T20:53:05.158+0000] {logging_mixin.py:190} INFO - [2025-03-12T20:53:05.158+0000] {dag.py:3239} INFO - Sync 1 DAGs
[2025-03-12T20:53:05.171+0000] {logging_mixin.py:190} INFO - [2025-03-12T20:53:05.170+0000] {dag.py:4180} INFO - Setting next_dagrun for example_python_operator to None, run_after=None
[2025-03-12T20:53:05.191+0000] {processor.py:208} INFO - Processing /home/airflow/.local/lib/python3.12/site-packages/airflow/example_dags/example_python_operator.py took 0.067 seconds
[2025-03-12T20:53:35.638+0000] {processor.py:186} INFO - Started process (PID=962) to work on /home/airflow/.local/lib/python3.12/site-packages/airflow/example_dags/example_python_operator.py
[2025-03-12T20:53:35.639+0000] {processor.py:914} INFO - Processing file /home/airflow/.local/lib/python3.12/site-packages/airflow/example_dags/example_python_operator.py for tasks to queue
[2025-03-12T20:53:35.640+0000] {logging_mixin.py:190} INFO - [2025-03-12T20:53:35.640+0000] {dagbag.py:588} INFO - Filling up the DagBag from /home/airflow/.local/lib/python3.12/site-packages/airflow/example_dags/example_python_operator.py
[2025-03-12T20:53:35.647+0000] {processor.py:925} INFO - DAG(s) 'example_python_operator' retrieved from /home/airflow/.local/lib/python3.12/site-packages/airflow/example_dags/example_python_operator.py
[2025-03-12T20:53:35.670+0000] {logging_mixin.py:190} INFO - [2025-03-12T20:53:35.670+0000] {dag.py:3239} INFO - Sync 1 DAGs
[2025-03-12T20:53:35.686+0000] {logging_mixin.py:190} INFO - [2025-03-12T20:53:35.685+0000] {dag.py:4180} INFO - Setting next_dagrun for example_python_operator to None, run_after=None
[2025-03-12T20:53:35.712+0000] {processor.py:208} INFO - Processing /home/airflow/.local/lib/python3.12/site-packages/airflow/example_dags/example_python_operator.py took 0.078 seconds
[2025-03-12T20:54:05.961+0000] {processor.py:186} INFO - Started process (PID=1024) to work on /home/airflow/.local/lib/python3.12/site-packages/airflow/example_dags/example_python_operator.py
[2025-03-12T20:54:05.962+0000] {processor.py:914} INFO - Processing file /home/airflow/.local/lib/python3.12/site-packages/airflow/example_dags/example_python_operator.py for tasks to queue
[2025-03-12T20:54:05.963+0000] {logging_mixin.py:190} INFO - [2025-03-12T20:54:05.963+0000] {dagbag.py:588} INFO - Filling up the DagBag from /home/airflow/.local/lib/python3.12/site-packages/airflow/example_dags/example_python_operator.py
[2025-03-12T20:54:05.971+0000] {processor.py:925} INFO - DAG(s) 'example_python_operator' retrieved from /home/airflow/.local/lib/python3.12/site-packages/airflow/example_dags/example_python_operator.py
[2025-03-12T20:54:05.990+0000] {logging_mixin.py:190} INFO - [2025-03-12T20:54:05.990+0000] {dag.py:3239} INFO - Sync 1 DAGs
[2025-03-12T20:54:06.002+0000] {logging_mixin.py:190} INFO - [2025-03-12T20:54:06.002+0000] {dag.py:4180} INFO - Setting next_dagrun for example_python_operator to None, run_after=None
[2025-03-12T20:54:06.017+0000] {processor.py:208} INFO - Processing /home/airflow/.local/lib/python3.12/site-packages/airflow/example_dags/example_python_operator.py took 0.060 seconds
[2025-03-12T20:54:36.771+0000] {processor.py:186} INFO - Started process (PID=1087) to work on /home/airflow/.local/lib/python3.12/site-packages/airflow/example_dags/example_python_operator.py
[2025-03-12T20:54:36.772+0000] {processor.py:914} INFO - Processing file /home/airflow/.local/lib/python3.12/site-packages/airflow/example_dags/example_python_operator.py for tasks to queue
[2025-03-12T20:54:36.773+0000] {logging_mixin.py:190} INFO - [2025-03-12T20:54:36.773+0000] {dagbag.py:588} INFO - Filling up the DagBag from /home/airflow/.local/lib/python3.12/site-packages/airflow/example_dags/example_python_operator.py
[2025-03-12T20:54:36.781+0000] {processor.py:925} INFO - DAG(s) 'example_python_operator' retrieved from /home/airflow/.local/lib/python3.12/site-packages/airflow/example_dags/example_python_operator.py
[2025-03-12T20:54:36.796+0000] {logging_mixin.py:190} INFO - [2025-03-12T20:54:36.796+0000] {dag.py:3239} INFO - Sync 1 DAGs
[2025-03-12T20:54:36.806+0000] {logging_mixin.py:190} INFO - [2025-03-12T20:54:36.806+0000] {dag.py:4180} INFO - Setting next_dagrun for example_python_operator to None, run_after=None
[2025-03-12T20:54:36.822+0000] {processor.py:208} INFO - Processing /home/airflow/.local/lib/python3.12/site-packages/airflow/example_dags/example_python_operator.py took 0.055 seconds
[2025-03-12T20:55:07.502+0000] {processor.py:186} INFO - Started process (PID=1150) to work on /home/airflow/.local/lib/python3.12/site-packages/airflow/example_dags/example_python_operator.py
[2025-03-12T20:55:07.503+0000] {processor.py:914} INFO - Processing file /home/airflow/.local/lib/python3.12/site-packages/airflow/example_dags/example_python_operator.py for tasks to queue
[2025-03-12T20:55:07.505+0000] {logging_mixin.py:190} INFO - [2025-03-12T20:55:07.504+0000] {dagbag.py:588} INFO - Filling up the DagBag from /home/airflow/.local/lib/python3.12/site-packages/airflow/example_dags/example_python_operator.py
[2025-03-12T20:55:07.512+0000] {processor.py:925} INFO - DAG(s) 'example_python_operator' retrieved from /home/airflow/.local/lib/python3.12/site-packages/airflow/example_dags/example_python_operator.py
[2025-03-12T20:55:07.528+0000] {logging_mixin.py:190} INFO - [2025-03-12T20:55:07.528+0000] {dag.py:3239} INFO - Sync 1 DAGs
[2025-03-12T20:55:07.538+0000] {logging_mixin.py:190} INFO - [2025-03-12T20:55:07.538+0000] {dag.py:4180} INFO - Setting next_dagrun for example_python_operator to None, run_after=None
[2025-03-12T20:55:07.551+0000] {processor.py:208} INFO - Processing /home/airflow/.local/lib/python3.12/site-packages/airflow/example_dags/example_python_operator.py took 0.053 seconds
[2025-03-12T20:55:38.873+0000] {processor.py:186} INFO - Started process (PID=1214) to work on /home/airflow/.local/lib/python3.12/site-packages/airflow/example_dags/example_python_operator.py
[2025-03-12T20:55:38.874+0000] {processor.py:914} INFO - Processing file /home/airflow/.local/lib/python3.12/site-packages/airflow/example_dags/example_python_operator.py for tasks to queue
[2025-03-12T20:55:38.877+0000] {logging_mixin.py:190} INFO - [2025-03-12T20:55:38.877+0000] {dagbag.py:588} INFO - Filling up the DagBag from /home/airflow/.local/lib/python3.12/site-packages/airflow/example_dags/example_python_operator.py
[2025-03-12T20:55:38.896+0000] {processor.py:925} INFO - DAG(s) 'example_python_operator' retrieved from /home/airflow/.local/lib/python3.12/site-packages/airflow/example_dags/example_python_operator.py
[2025-03-12T20:55:38.925+0000] {logging_mixin.py:190} INFO - [2025-03-12T20:55:38.925+0000] {dag.py:3239} INFO - Sync 1 DAGs
[2025-03-12T20:55:38.938+0000] {logging_mixin.py:190} INFO - [2025-03-12T20:55:38.938+0000] {dag.py:4180} INFO - Setting next_dagrun for example_python_operator to None, run_after=None
[2025-03-12T20:55:38.960+0000] {processor.py:208} INFO - Processing /home/airflow/.local/lib/python3.12/site-packages/airflow/example_dags/example_python_operator.py took 0.096 seconds
[2025-03-12T20:56:09.797+0000] {processor.py:186} INFO - Started process (PID=1277) to work on /home/airflow/.local/lib/python3.12/site-packages/airflow/example_dags/example_python_operator.py
[2025-03-12T20:56:09.798+0000] {processor.py:914} INFO - Processing file /home/airflow/.local/lib/python3.12/site-packages/airflow/example_dags/example_python_operator.py for tasks to queue
[2025-03-12T20:56:09.800+0000] {logging_mixin.py:190} INFO - [2025-03-12T20:56:09.800+0000] {dagbag.py:588} INFO - Filling up the DagBag from /home/airflow/.local/lib/python3.12/site-packages/airflow/example_dags/example_python_operator.py
[2025-03-12T20:56:09.809+0000] {processor.py:925} INFO - DAG(s) 'example_python_operator' retrieved from /home/airflow/.local/lib/python3.12/site-packages/airflow/example_dags/example_python_operator.py
[2025-03-12T20:56:09.828+0000] {logging_mixin.py:190} INFO - [2025-03-12T20:56:09.828+0000] {dag.py:3239} INFO - Sync 1 DAGs
[2025-03-12T20:56:09.841+0000] {logging_mixin.py:190} INFO - [2025-03-12T20:56:09.841+0000] {dag.py:4180} INFO - Setting next_dagrun for example_python_operator to None, run_after=None
[2025-03-12T20:56:09.857+0000] {processor.py:208} INFO - Processing /home/airflow/.local/lib/python3.12/site-packages/airflow/example_dags/example_python_operator.py took 0.065 seconds
[2025-03-12T20:56:40.365+0000] {processor.py:186} INFO - Started process (PID=1340) to work on /home/airflow/.local/lib/python3.12/site-packages/airflow/example_dags/example_python_operator.py
[2025-03-12T20:56:40.366+0000] {processor.py:914} INFO - Processing file /home/airflow/.local/lib/python3.12/site-packages/airflow/example_dags/example_python_operator.py for tasks to queue
[2025-03-12T20:56:40.367+0000] {logging_mixin.py:190} INFO - [2025-03-12T20:56:40.367+0000] {dagbag.py:588} INFO - Filling up the DagBag from /home/airflow/.local/lib/python3.12/site-packages/airflow/example_dags/example_python_operator.py
[2025-03-12T20:56:40.374+0000] {processor.py:925} INFO - DAG(s) 'example_python_operator' retrieved from /home/airflow/.local/lib/python3.12/site-packages/airflow/example_dags/example_python_operator.py
[2025-03-12T20:56:40.394+0000] {logging_mixin.py:190} INFO - [2025-03-12T20:56:40.393+0000] {dag.py:3239} INFO - Sync 1 DAGs
[2025-03-12T20:56:40.404+0000] {logging_mixin.py:190} INFO - [2025-03-12T20:56:40.404+0000] {dag.py:4180} INFO - Setting next_dagrun for example_python_operator to None, run_after=None
[2025-03-12T20:56:40.422+0000] {processor.py:208} INFO - Processing /home/airflow/.local/lib/python3.12/site-packages/airflow/example_dags/example_python_operator.py took 0.060 seconds
[2025-03-12T20:57:10.904+0000] {processor.py:186} INFO - Started process (PID=1403) to work on /home/airflow/.local/lib/python3.12/site-packages/airflow/example_dags/example_python_operator.py
[2025-03-12T20:57:10.904+0000] {processor.py:914} INFO - Processing file /home/airflow/.local/lib/python3.12/site-packages/airflow/example_dags/example_python_operator.py for tasks to queue
[2025-03-12T20:57:10.906+0000] {logging_mixin.py:190} INFO - [2025-03-12T20:57:10.906+0000] {dagbag.py:588} INFO - Filling up the DagBag from /home/airflow/.local/lib/python3.12/site-packages/airflow/example_dags/example_python_operator.py
[2025-03-12T20:57:10.913+0000] {processor.py:925} INFO - DAG(s) 'example_python_operator' retrieved from /home/airflow/.local/lib/python3.12/site-packages/airflow/example_dags/example_python_operator.py
[2025-03-12T20:57:10.932+0000] {logging_mixin.py:190} INFO - [2025-03-12T20:57:10.932+0000] {dag.py:3239} INFO - Sync 1 DAGs
[2025-03-12T20:57:10.945+0000] {logging_mixin.py:190} INFO - [2025-03-12T20:57:10.945+0000] {dag.py:4180} INFO - Setting next_dagrun for example_python_operator to None, run_after=None
[2025-03-12T20:57:10.961+0000] {processor.py:208} INFO - Processing /home/airflow/.local/lib/python3.12/site-packages/airflow/example_dags/example_python_operator.py took 0.062 seconds
[2025-03-12T20:57:41.932+0000] {processor.py:186} INFO - Started process (PID=1466) to work on /home/airflow/.local/lib/python3.12/site-packages/airflow/example_dags/example_python_operator.py
[2025-03-12T20:57:41.933+0000] {processor.py:914} INFO - Processing file /home/airflow/.local/lib/python3.12/site-packages/airflow/example_dags/example_python_operator.py for tasks to queue
[2025-03-12T20:57:41.935+0000] {logging_mixin.py:190} INFO - [2025-03-12T20:57:41.935+0000] {dagbag.py:588} INFO - Filling up the DagBag from /home/airflow/.local/lib/python3.12/site-packages/airflow/example_dags/example_python_operator.py
[2025-03-12T20:57:41.943+0000] {processor.py:925} INFO - DAG(s) 'example_python_operator' retrieved from /home/airflow/.local/lib/python3.12/site-packages/airflow/example_dags/example_python_operator.py
[2025-03-12T20:57:41.962+0000] {logging_mixin.py:190} INFO - [2025-03-12T20:57:41.962+0000] {dag.py:3239} INFO - Sync 1 DAGs
[2025-03-12T20:57:41.975+0000] {logging_mixin.py:190} INFO - [2025-03-12T20:57:41.974+0000] {dag.py:4180} INFO - Setting next_dagrun for example_python_operator to None, run_after=None
[2025-03-12T20:57:41.992+0000] {processor.py:208} INFO - Processing /home/airflow/.local/lib/python3.12/site-packages/airflow/example_dags/example_python_operator.py took 0.064 seconds
[2025-03-12T20:58:12.933+0000] {processor.py:186} INFO - Started process (PID=1529) to work on /home/airflow/.local/lib/python3.12/site-packages/airflow/example_dags/example_python_operator.py
[2025-03-12T20:58:12.934+0000] {processor.py:914} INFO - Processing file /home/airflow/.local/lib/python3.12/site-packages/airflow/example_dags/example_python_operator.py for tasks to queue
[2025-03-12T20:58:12.935+0000] {logging_mixin.py:190} INFO - [2025-03-12T20:58:12.935+0000] {dagbag.py:588} INFO - Filling up the DagBag from /home/airflow/.local/lib/python3.12/site-packages/airflow/example_dags/example_python_operator.py
[2025-03-12T20:58:12.944+0000] {processor.py:925} INFO - DAG(s) 'example_python_operator' retrieved from /home/airflow/.local/lib/python3.12/site-packages/airflow/example_dags/example_python_operator.py
[2025-03-12T20:58:12.963+0000] {logging_mixin.py:190} INFO - [2025-03-12T20:58:12.963+0000] {dag.py:3239} INFO - Sync 1 DAGs
[2025-03-12T20:58:12.977+0000] {logging_mixin.py:190} INFO - [2025-03-12T20:58:12.976+0000] {dag.py:4180} INFO - Setting next_dagrun for example_python_operator to None, run_after=None
[2025-03-12T20:58:12.998+0000] {processor.py:208} INFO - Processing /home/airflow/.local/lib/python3.12/site-packages/airflow/example_dags/example_python_operator.py took 0.069 seconds
[2025-03-12T20:58:44.097+0000] {processor.py:186} INFO - Started process (PID=1592) to work on /home/airflow/.local/lib/python3.12/site-packages/airflow/example_dags/example_python_operator.py
[2025-03-12T20:58:44.098+0000] {processor.py:914} INFO - Processing file /home/airflow/.local/lib/python3.12/site-packages/airflow/example_dags/example_python_operator.py for tasks to queue
[2025-03-12T20:58:44.100+0000] {logging_mixin.py:190} INFO - [2025-03-12T20:58:44.099+0000] {dagbag.py:588} INFO - Filling up the DagBag from /home/airflow/.local/lib/python3.12/site-packages/airflow/example_dags/example_python_operator.py
[2025-03-12T20:58:44.108+0000] {processor.py:925} INFO - DAG(s) 'example_python_operator' retrieved from /home/airflow/.local/lib/python3.12/site-packages/airflow/example_dags/example_python_operator.py
[2025-03-12T20:58:44.127+0000] {logging_mixin.py:190} INFO - [2025-03-12T20:58:44.127+0000] {dag.py:3239} INFO - Sync 1 DAGs
[2025-03-12T20:58:44.139+0000] {logging_mixin.py:190} INFO - [2025-03-12T20:58:44.139+0000] {dag.py:4180} INFO - Setting next_dagrun for example_python_operator to None, run_after=None
[2025-03-12T20:58:44.156+0000] {processor.py:208} INFO - Processing /home/airflow/.local/lib/python3.12/site-packages/airflow/example_dags/example_python_operator.py took 0.063 seconds
[2025-03-12T20:59:14.636+0000] {processor.py:186} INFO - Started process (PID=1655) to work on /home/airflow/.local/lib/python3.12/site-packages/airflow/example_dags/example_python_operator.py
[2025-03-12T20:59:14.637+0000] {processor.py:914} INFO - Processing file /home/airflow/.local/lib/python3.12/site-packages/airflow/example_dags/example_python_operator.py for tasks to queue
[2025-03-12T20:59:14.639+0000] {logging_mixin.py:190} INFO - [2025-03-12T20:59:14.639+0000] {dagbag.py:588} INFO - Filling up the DagBag from /home/airflow/.local/lib/python3.12/site-packages/airflow/example_dags/example_python_operator.py
[2025-03-12T20:59:14.650+0000] {processor.py:925} INFO - DAG(s) 'example_python_operator' retrieved from /home/airflow/.local/lib/python3.12/site-packages/airflow/example_dags/example_python_operator.py
[2025-03-12T20:59:14.671+0000] {logging_mixin.py:190} INFO - [2025-03-12T20:59:14.671+0000] {dag.py:3239} INFO - Sync 1 DAGs
[2025-03-12T20:59:14.685+0000] {logging_mixin.py:190} INFO - [2025-03-12T20:59:14.684+0000] {dag.py:4180} INFO - Setting next_dagrun for example_python_operator to None, run_after=None
[2025-03-12T20:59:14.703+0000] {processor.py:208} INFO - Processing /home/airflow/.local/lib/python3.12/site-packages/airflow/example_dags/example_python_operator.py took 0.073 seconds
[2025-03-12T20:59:45.171+0000] {processor.py:186} INFO - Started process (PID=1718) to work on /home/airflow/.local/lib/python3.12/site-packages/airflow/example_dags/example_python_operator.py
[2025-03-12T20:59:45.172+0000] {processor.py:914} INFO - Processing file /home/airflow/.local/lib/python3.12/site-packages/airflow/example_dags/example_python_operator.py for tasks to queue
[2025-03-12T20:59:45.173+0000] {logging_mixin.py:190} INFO - [2025-03-12T20:59:45.173+0000] {dagbag.py:588} INFO - Filling up the DagBag from /home/airflow/.local/lib/python3.12/site-packages/airflow/example_dags/example_python_operator.py
[2025-03-12T20:59:45.182+0000] {processor.py:925} INFO - DAG(s) 'example_python_operator' retrieved from /home/airflow/.local/lib/python3.12/site-packages/airflow/example_dags/example_python_operator.py
[2025-03-12T20:59:45.199+0000] {logging_mixin.py:190} INFO - [2025-03-12T20:59:45.199+0000] {dag.py:3239} INFO - Sync 1 DAGs
[2025-03-12T20:59:45.211+0000] {logging_mixin.py:190} INFO - [2025-03-12T20:59:45.211+0000] {dag.py:4180} INFO - Setting next_dagrun for example_python_operator to None, run_after=None
[2025-03-12T20:59:45.228+0000] {processor.py:208} INFO - Processing /home/airflow/.local/lib/python3.12/site-packages/airflow/example_dags/example_python_operator.py took 0.062 seconds
[2025-03-12T21:00:15.742+0000] {processor.py:186} INFO - Started process (PID=1780) to work on /home/airflow/.local/lib/python3.12/site-packages/airflow/example_dags/example_python_operator.py
[2025-03-12T21:00:15.743+0000] {processor.py:914} INFO - Processing file /home/airflow/.local/lib/python3.12/site-packages/airflow/example_dags/example_python_operator.py for tasks to queue
[2025-03-12T21:00:15.745+0000] {logging_mixin.py:190} INFO - [2025-03-12T21:00:15.745+0000] {dagbag.py:588} INFO - Filling up the DagBag from /home/airflow/.local/lib/python3.12/site-packages/airflow/example_dags/example_python_operator.py
[2025-03-12T21:00:15.753+0000] {processor.py:925} INFO - DAG(s) 'example_python_operator' retrieved from /home/airflow/.local/lib/python3.12/site-packages/airflow/example_dags/example_python_operator.py
[2025-03-12T21:00:15.769+0000] {logging_mixin.py:190} INFO - [2025-03-12T21:00:15.769+0000] {dag.py:3239} INFO - Sync 1 DAGs
[2025-03-12T21:00:15.780+0000] {logging_mixin.py:190} INFO - [2025-03-12T21:00:15.780+0000] {dag.py:4180} INFO - Setting next_dagrun for example_python_operator to None, run_after=None
[2025-03-12T21:00:15.795+0000] {processor.py:208} INFO - Processing /home/airflow/.local/lib/python3.12/site-packages/airflow/example_dags/example_python_operator.py took 0.056 seconds
[2025-03-12T21:00:46.583+0000] {processor.py:186} INFO - Started process (PID=1843) to work on /home/airflow/.local/lib/python3.12/site-packages/airflow/example_dags/example_python_operator.py
[2025-03-12T21:00:46.584+0000] {processor.py:914} INFO - Processing file /home/airflow/.local/lib/python3.12/site-packages/airflow/example_dags/example_python_operator.py for tasks to queue
[2025-03-12T21:00:46.585+0000] {logging_mixin.py:190} INFO - [2025-03-12T21:00:46.585+0000] {dagbag.py:588} INFO - Filling up the DagBag from /home/airflow/.local/lib/python3.12/site-packages/airflow/example_dags/example_python_operator.py
[2025-03-12T21:00:46.591+0000] {processor.py:925} INFO - DAG(s) 'example_python_operator' retrieved from /home/airflow/.local/lib/python3.12/site-packages/airflow/example_dags/example_python_operator.py
[2025-03-12T21:00:46.608+0000] {logging_mixin.py:190} INFO - [2025-03-12T21:00:46.608+0000] {dag.py:3239} INFO - Sync 1 DAGs
[2025-03-12T21:00:46.619+0000] {logging_mixin.py:190} INFO - [2025-03-12T21:00:46.619+0000] {dag.py:4180} INFO - Setting next_dagrun for example_python_operator to None, run_after=None
[2025-03-12T21:00:46.633+0000] {processor.py:208} INFO - Processing /home/airflow/.local/lib/python3.12/site-packages/airflow/example_dags/example_python_operator.py took 0.054 seconds
[2025-03-12T21:01:17.306+0000] {processor.py:186} INFO - Started process (PID=1906) to work on /home/airflow/.local/lib/python3.12/site-packages/airflow/example_dags/example_python_operator.py
[2025-03-12T21:01:17.308+0000] {processor.py:914} INFO - Processing file /home/airflow/.local/lib/python3.12/site-packages/airflow/example_dags/example_python_operator.py for tasks to queue
[2025-03-12T21:01:17.310+0000] {logging_mixin.py:190} INFO - [2025-03-12T21:01:17.310+0000] {dagbag.py:588} INFO - Filling up the DagBag from /home/airflow/.local/lib/python3.12/site-packages/airflow/example_dags/example_python_operator.py
[2025-03-12T21:01:17.324+0000] {processor.py:925} INFO - DAG(s) 'example_python_operator' retrieved from /home/airflow/.local/lib/python3.12/site-packages/airflow/example_dags/example_python_operator.py
[2025-03-12T21:01:17.346+0000] {logging_mixin.py:190} INFO - [2025-03-12T21:01:17.346+0000] {dag.py:3239} INFO - Sync 1 DAGs
[2025-03-12T21:01:17.360+0000] {logging_mixin.py:190} INFO - [2025-03-12T21:01:17.360+0000] {dag.py:4180} INFO - Setting next_dagrun for example_python_operator to None, run_after=None
[2025-03-12T21:01:17.379+0000] {processor.py:208} INFO - Processing /home/airflow/.local/lib/python3.12/site-packages/airflow/example_dags/example_python_operator.py took 0.078 seconds
[2025-03-12T21:01:48.498+0000] {processor.py:186} INFO - Started process (PID=1969) to work on /home/airflow/.local/lib/python3.12/site-packages/airflow/example_dags/example_python_operator.py
[2025-03-12T21:01:48.499+0000] {processor.py:914} INFO - Processing file /home/airflow/.local/lib/python3.12/site-packages/airflow/example_dags/example_python_operator.py for tasks to queue
[2025-03-12T21:01:48.500+0000] {logging_mixin.py:190} INFO - [2025-03-12T21:01:48.500+0000] {dagbag.py:588} INFO - Filling up the DagBag from /home/airflow/.local/lib/python3.12/site-packages/airflow/example_dags/example_python_operator.py
[2025-03-12T21:01:48.509+0000] {processor.py:925} INFO - DAG(s) 'example_python_operator' retrieved from /home/airflow/.local/lib/python3.12/site-packages/airflow/example_dags/example_python_operator.py
[2025-03-12T21:01:48.535+0000] {logging_mixin.py:190} INFO - [2025-03-12T21:01:48.534+0000] {dag.py:3239} INFO - Sync 1 DAGs
[2025-03-12T21:01:48.552+0000] {logging_mixin.py:190} INFO - [2025-03-12T21:01:48.552+0000] {dag.py:4180} INFO - Setting next_dagrun for example_python_operator to None, run_after=None
[2025-03-12T21:01:48.574+0000] {processor.py:208} INFO - Processing /home/airflow/.local/lib/python3.12/site-packages/airflow/example_dags/example_python_operator.py took 0.082 seconds
[2025-03-12T21:02:19.165+0000] {processor.py:186} INFO - Started process (PID=2032) to work on /home/airflow/.local/lib/python3.12/site-packages/airflow/example_dags/example_python_operator.py
[2025-03-12T21:02:19.166+0000] {processor.py:914} INFO - Processing file /home/airflow/.local/lib/python3.12/site-packages/airflow/example_dags/example_python_operator.py for tasks to queue
[2025-03-12T21:02:19.168+0000] {logging_mixin.py:190} INFO - [2025-03-12T21:02:19.167+0000] {dagbag.py:588} INFO - Filling up the DagBag from /home/airflow/.local/lib/python3.12/site-packages/airflow/example_dags/example_python_operator.py
[2025-03-12T21:02:19.176+0000] {processor.py:925} INFO - DAG(s) 'example_python_operator' retrieved from /home/airflow/.local/lib/python3.12/site-packages/airflow/example_dags/example_python_operator.py
[2025-03-12T21:02:19.195+0000] {logging_mixin.py:190} INFO - [2025-03-12T21:02:19.195+0000] {dag.py:3239} INFO - Sync 1 DAGs
[2025-03-12T21:02:19.210+0000] {logging_mixin.py:190} INFO - [2025-03-12T21:02:19.210+0000] {dag.py:4180} INFO - Setting next_dagrun for example_python_operator to None, run_after=None
[2025-03-12T21:02:19.226+0000] {processor.py:208} INFO - Processing /home/airflow/.local/lib/python3.12/site-packages/airflow/example_dags/example_python_operator.py took 0.065 seconds
[2025-03-12T21:02:49.556+0000] {processor.py:186} INFO - Started process (PID=2095) to work on /home/airflow/.local/lib/python3.12/site-packages/airflow/example_dags/example_python_operator.py
[2025-03-12T21:02:49.557+0000] {processor.py:914} INFO - Processing file /home/airflow/.local/lib/python3.12/site-packages/airflow/example_dags/example_python_operator.py for tasks to queue
[2025-03-12T21:02:49.559+0000] {logging_mixin.py:190} INFO - [2025-03-12T21:02:49.558+0000] {dagbag.py:588} INFO - Filling up the DagBag from /home/airflow/.local/lib/python3.12/site-packages/airflow/example_dags/example_python_operator.py
[2025-03-12T21:02:49.569+0000] {processor.py:925} INFO - DAG(s) 'example_python_operator' retrieved from /home/airflow/.local/lib/python3.12/site-packages/airflow/example_dags/example_python_operator.py
[2025-03-12T21:02:49.590+0000] {logging_mixin.py:190} INFO - [2025-03-12T21:02:49.590+0000] {dag.py:3239} INFO - Sync 1 DAGs
[2025-03-12T21:02:49.602+0000] {logging_mixin.py:190} INFO - [2025-03-12T21:02:49.602+0000] {dag.py:4180} INFO - Setting next_dagrun for example_python_operator to None, run_after=None
[2025-03-12T21:02:49.619+0000] {processor.py:208} INFO - Processing /home/airflow/.local/lib/python3.12/site-packages/airflow/example_dags/example_python_operator.py took 0.068 seconds
[2025-03-12T21:03:19.973+0000] {processor.py:186} INFO - Started process (PID=2158) to work on /home/airflow/.local/lib/python3.12/site-packages/airflow/example_dags/example_python_operator.py
[2025-03-12T21:03:19.974+0000] {processor.py:914} INFO - Processing file /home/airflow/.local/lib/python3.12/site-packages/airflow/example_dags/example_python_operator.py for tasks to queue
[2025-03-12T21:03:19.976+0000] {logging_mixin.py:190} INFO - [2025-03-12T21:03:19.976+0000] {dagbag.py:588} INFO - Filling up the DagBag from /home/airflow/.local/lib/python3.12/site-packages/airflow/example_dags/example_python_operator.py
[2025-03-12T21:03:19.984+0000] {processor.py:925} INFO - DAG(s) 'example_python_operator' retrieved from /home/airflow/.local/lib/python3.12/site-packages/airflow/example_dags/example_python_operator.py
[2025-03-12T21:03:20.000+0000] {logging_mixin.py:190} INFO - [2025-03-12T21:03:20.000+0000] {dag.py:3239} INFO - Sync 1 DAGs
[2025-03-12T21:03:20.010+0000] {logging_mixin.py:190} INFO - [2025-03-12T21:03:20.009+0000] {dag.py:4180} INFO - Setting next_dagrun for example_python_operator to None, run_after=None
[2025-03-12T21:03:20.025+0000] {processor.py:208} INFO - Processing /home/airflow/.local/lib/python3.12/site-packages/airflow/example_dags/example_python_operator.py took 0.056 seconds
[2025-03-12T21:03:50.297+0000] {processor.py:186} INFO - Started process (PID=2221) to work on /home/airflow/.local/lib/python3.12/site-packages/airflow/example_dags/example_python_operator.py
[2025-03-12T21:03:50.298+0000] {processor.py:914} INFO - Processing file /home/airflow/.local/lib/python3.12/site-packages/airflow/example_dags/example_python_operator.py for tasks to queue
[2025-03-12T21:03:50.300+0000] {logging_mixin.py:190} INFO - [2025-03-12T21:03:50.300+0000] {dagbag.py:588} INFO - Filling up the DagBag from /home/airflow/.local/lib/python3.12/site-packages/airflow/example_dags/example_python_operator.py
[2025-03-12T21:03:50.308+0000] {processor.py:925} INFO - DAG(s) 'example_python_operator' retrieved from /home/airflow/.local/lib/python3.12/site-packages/airflow/example_dags/example_python_operator.py
[2025-03-12T21:03:50.325+0000] {logging_mixin.py:190} INFO - [2025-03-12T21:03:50.325+0000] {dag.py:3239} INFO - Sync 1 DAGs
[2025-03-12T21:03:50.341+0000] {logging_mixin.py:190} INFO - [2025-03-12T21:03:50.340+0000] {dag.py:4180} INFO - Setting next_dagrun for example_python_operator to None, run_after=None
[2025-03-12T21:03:50.358+0000] {processor.py:208} INFO - Processing /home/airflow/.local/lib/python3.12/site-packages/airflow/example_dags/example_python_operator.py took 0.066 seconds
[2025-03-12T21:04:20.862+0000] {processor.py:186} INFO - Started process (PID=2284) to work on /home/airflow/.local/lib/python3.12/site-packages/airflow/example_dags/example_python_operator.py
[2025-03-12T21:04:20.863+0000] {processor.py:914} INFO - Processing file /home/airflow/.local/lib/python3.12/site-packages/airflow/example_dags/example_python_operator.py for tasks to queue
[2025-03-12T21:04:20.865+0000] {logging_mixin.py:190} INFO - [2025-03-12T21:04:20.865+0000] {dagbag.py:588} INFO - Filling up the DagBag from /home/airflow/.local/lib/python3.12/site-packages/airflow/example_dags/example_python_operator.py
[2025-03-12T21:04:20.874+0000] {processor.py:925} INFO - DAG(s) 'example_python_operator' retrieved from /home/airflow/.local/lib/python3.12/site-packages/airflow/example_dags/example_python_operator.py
[2025-03-12T21:04:20.895+0000] {logging_mixin.py:190} INFO - [2025-03-12T21:04:20.895+0000] {dag.py:3239} INFO - Sync 1 DAGs
[2025-03-12T21:04:20.911+0000] {logging_mixin.py:190} INFO - [2025-03-12T21:04:20.910+0000] {dag.py:4180} INFO - Setting next_dagrun for example_python_operator to None, run_after=None
[2025-03-12T21:04:20.931+0000] {processor.py:208} INFO - Processing /home/airflow/.local/lib/python3.12/site-packages/airflow/example_dags/example_python_operator.py took 0.074 seconds
[2025-03-12T21:04:51.533+0000] {processor.py:186} INFO - Started process (PID=2347) to work on /home/airflow/.local/lib/python3.12/site-packages/airflow/example_dags/example_python_operator.py
[2025-03-12T21:04:51.534+0000] {processor.py:914} INFO - Processing file /home/airflow/.local/lib/python3.12/site-packages/airflow/example_dags/example_python_operator.py for tasks to queue
[2025-03-12T21:04:51.535+0000] {logging_mixin.py:190} INFO - [2025-03-12T21:04:51.535+0000] {dagbag.py:588} INFO - Filling up the DagBag from /home/airflow/.local/lib/python3.12/site-packages/airflow/example_dags/example_python_operator.py
[2025-03-12T21:04:51.542+0000] {processor.py:925} INFO - DAG(s) 'example_python_operator' retrieved from /home/airflow/.local/lib/python3.12/site-packages/airflow/example_dags/example_python_operator.py
[2025-03-12T21:04:51.562+0000] {logging_mixin.py:190} INFO - [2025-03-12T21:04:51.561+0000] {dag.py:3239} INFO - Sync 1 DAGs
[2025-03-12T21:04:51.572+0000] {logging_mixin.py:190} INFO - [2025-03-12T21:04:51.572+0000] {dag.py:4180} INFO - Setting next_dagrun for example_python_operator to None, run_after=None
[2025-03-12T21:04:51.587+0000] {processor.py:208} INFO - Processing /home/airflow/.local/lib/python3.12/site-packages/airflow/example_dags/example_python_operator.py took 0.059 seconds
[2025-03-12T21:05:22.333+0000] {processor.py:186} INFO - Started process (PID=2410) to work on /home/airflow/.local/lib/python3.12/site-packages/airflow/example_dags/example_python_operator.py
[2025-03-12T21:05:22.333+0000] {processor.py:914} INFO - Processing file /home/airflow/.local/lib/python3.12/site-packages/airflow/example_dags/example_python_operator.py for tasks to queue
[2025-03-12T21:05:22.335+0000] {logging_mixin.py:190} INFO - [2025-03-12T21:05:22.334+0000] {dagbag.py:588} INFO - Filling up the DagBag from /home/airflow/.local/lib/python3.12/site-packages/airflow/example_dags/example_python_operator.py
[2025-03-12T21:05:22.342+0000] {processor.py:925} INFO - DAG(s) 'example_python_operator' retrieved from /home/airflow/.local/lib/python3.12/site-packages/airflow/example_dags/example_python_operator.py
[2025-03-12T21:05:22.363+0000] {logging_mixin.py:190} INFO - [2025-03-12T21:05:22.362+0000] {dag.py:3239} INFO - Sync 1 DAGs
[2025-03-12T21:05:22.372+0000] {logging_mixin.py:190} INFO - [2025-03-12T21:05:22.372+0000] {dag.py:4180} INFO - Setting next_dagrun for example_python_operator to None, run_after=None
[2025-03-12T21:05:22.386+0000] {processor.py:208} INFO - Processing /home/airflow/.local/lib/python3.12/site-packages/airflow/example_dags/example_python_operator.py took 0.059 seconds
[2025-03-12T21:05:52.505+0000] {processor.py:186} INFO - Started process (PID=2473) to work on /home/airflow/.local/lib/python3.12/site-packages/airflow/example_dags/example_python_operator.py
[2025-03-12T21:05:52.506+0000] {processor.py:914} INFO - Processing file /home/airflow/.local/lib/python3.12/site-packages/airflow/example_dags/example_python_operator.py for tasks to queue
[2025-03-12T21:05:52.508+0000] {logging_mixin.py:190} INFO - [2025-03-12T21:05:52.507+0000] {dagbag.py:588} INFO - Filling up the DagBag from /home/airflow/.local/lib/python3.12/site-packages/airflow/example_dags/example_python_operator.py
[2025-03-12T21:05:52.518+0000] {processor.py:925} INFO - DAG(s) 'example_python_operator' retrieved from /home/airflow/.local/lib/python3.12/site-packages/airflow/example_dags/example_python_operator.py
[2025-03-12T21:05:52.536+0000] {logging_mixin.py:190} INFO - [2025-03-12T21:05:52.536+0000] {dag.py:3239} INFO - Sync 1 DAGs
[2025-03-12T21:05:52.550+0000] {logging_mixin.py:190} INFO - [2025-03-12T21:05:52.549+0000] {dag.py:4180} INFO - Setting next_dagrun for example_python_operator to None, run_after=None
[2025-03-12T21:05:52.570+0000] {processor.py:208} INFO - Processing /home/airflow/.local/lib/python3.12/site-packages/airflow/example_dags/example_python_operator.py took 0.070 seconds
[2025-03-12T21:06:23.411+0000] {processor.py:186} INFO - Started process (PID=2536) to work on /home/airflow/.local/lib/python3.12/site-packages/airflow/example_dags/example_python_operator.py
[2025-03-12T21:06:23.413+0000] {processor.py:914} INFO - Processing file /home/airflow/.local/lib/python3.12/site-packages/airflow/example_dags/example_python_operator.py for tasks to queue
[2025-03-12T21:06:23.415+0000] {logging_mixin.py:190} INFO - [2025-03-12T21:06:23.414+0000] {dagbag.py:588} INFO - Filling up the DagBag from /home/airflow/.local/lib/python3.12/site-packages/airflow/example_dags/example_python_operator.py
[2025-03-12T21:06:23.423+0000] {processor.py:925} INFO - DAG(s) 'example_python_operator' retrieved from /home/airflow/.local/lib/python3.12/site-packages/airflow/example_dags/example_python_operator.py
[2025-03-12T21:06:23.442+0000] {logging_mixin.py:190} INFO - [2025-03-12T21:06:23.442+0000] {dag.py:3239} INFO - Sync 1 DAGs
[2025-03-12T21:06:23.455+0000] {logging_mixin.py:190} INFO - [2025-03-12T21:06:23.455+0000] {dag.py:4180} INFO - Setting next_dagrun for example_python_operator to None, run_after=None
[2025-03-12T21:06:23.473+0000] {processor.py:208} INFO - Processing /home/airflow/.local/lib/python3.12/site-packages/airflow/example_dags/example_python_operator.py took 0.066 seconds
[2025-03-12T21:06:53.935+0000] {processor.py:186} INFO - Started process (PID=2598) to work on /home/airflow/.local/lib/python3.12/site-packages/airflow/example_dags/example_python_operator.py
[2025-03-12T21:06:53.936+0000] {processor.py:914} INFO - Processing file /home/airflow/.local/lib/python3.12/site-packages/airflow/example_dags/example_python_operator.py for tasks to queue
[2025-03-12T21:06:53.937+0000] {logging_mixin.py:190} INFO - [2025-03-12T21:06:53.937+0000] {dagbag.py:588} INFO - Filling up the DagBag from /home/airflow/.local/lib/python3.12/site-packages/airflow/example_dags/example_python_operator.py
[2025-03-12T21:06:53.946+0000] {processor.py:925} INFO - DAG(s) 'example_python_operator' retrieved from /home/airflow/.local/lib/python3.12/site-packages/airflow/example_dags/example_python_operator.py
[2025-03-12T21:06:53.972+0000] {logging_mixin.py:190} INFO - [2025-03-12T21:06:53.972+0000] {dag.py:3239} INFO - Sync 1 DAGs
[2025-03-12T21:06:53.987+0000] {logging_mixin.py:190} INFO - [2025-03-12T21:06:53.987+0000] {dag.py:4180} INFO - Setting next_dagrun for example_python_operator to None, run_after=None
[2025-03-12T21:06:54.008+0000] {processor.py:208} INFO - Processing /home/airflow/.local/lib/python3.12/site-packages/airflow/example_dags/example_python_operator.py took 0.079 seconds
[2025-03-12T21:07:24.985+0000] {processor.py:186} INFO - Started process (PID=2661) to work on /home/airflow/.local/lib/python3.12/site-packages/airflow/example_dags/example_python_operator.py
[2025-03-12T21:07:24.985+0000] {processor.py:914} INFO - Processing file /home/airflow/.local/lib/python3.12/site-packages/airflow/example_dags/example_python_operator.py for tasks to queue
[2025-03-12T21:07:24.987+0000] {logging_mixin.py:190} INFO - [2025-03-12T21:07:24.986+0000] {dagbag.py:588} INFO - Filling up the DagBag from /home/airflow/.local/lib/python3.12/site-packages/airflow/example_dags/example_python_operator.py
[2025-03-12T21:07:24.994+0000] {processor.py:925} INFO - DAG(s) 'example_python_operator' retrieved from /home/airflow/.local/lib/python3.12/site-packages/airflow/example_dags/example_python_operator.py
[2025-03-12T21:07:25.013+0000] {logging_mixin.py:190} INFO - [2025-03-12T21:07:25.013+0000] {dag.py:3239} INFO - Sync 1 DAGs
[2025-03-12T21:07:25.024+0000] {logging_mixin.py:190} INFO - [2025-03-12T21:07:25.024+0000] {dag.py:4180} INFO - Setting next_dagrun for example_python_operator to None, run_after=None
[2025-03-12T21:07:25.040+0000] {processor.py:208} INFO - Processing /home/airflow/.local/lib/python3.12/site-packages/airflow/example_dags/example_python_operator.py took 0.059 seconds
[2025-03-12T21:07:55.378+0000] {processor.py:186} INFO - Started process (PID=2724) to work on /home/airflow/.local/lib/python3.12/site-packages/airflow/example_dags/example_python_operator.py
[2025-03-12T21:07:55.379+0000] {processor.py:914} INFO - Processing file /home/airflow/.local/lib/python3.12/site-packages/airflow/example_dags/example_python_operator.py for tasks to queue
[2025-03-12T21:07:55.380+0000] {logging_mixin.py:190} INFO - [2025-03-12T21:07:55.380+0000] {dagbag.py:588} INFO - Filling up the DagBag from /home/airflow/.local/lib/python3.12/site-packages/airflow/example_dags/example_python_operator.py
[2025-03-12T21:07:55.386+0000] {processor.py:925} INFO - DAG(s) 'example_python_operator' retrieved from /home/airflow/.local/lib/python3.12/site-packages/airflow/example_dags/example_python_operator.py
[2025-03-12T21:07:55.398+0000] {logging_mixin.py:190} INFO - [2025-03-12T21:07:55.398+0000] {dag.py:3239} INFO - Sync 1 DAGs
[2025-03-12T21:07:55.405+0000] {logging_mixin.py:190} INFO - [2025-03-12T21:07:55.405+0000] {dag.py:4180} INFO - Setting next_dagrun for example_python_operator to None, run_after=None
[2025-03-12T21:07:55.416+0000] {processor.py:208} INFO - Processing /home/airflow/.local/lib/python3.12/site-packages/airflow/example_dags/example_python_operator.py took 0.041 seconds
[2025-03-12T21:08:25.749+0000] {processor.py:186} INFO - Started process (PID=2793) to work on /home/airflow/.local/lib/python3.12/site-packages/airflow/example_dags/example_python_operator.py
[2025-03-12T21:08:25.750+0000] {processor.py:914} INFO - Processing file /home/airflow/.local/lib/python3.12/site-packages/airflow/example_dags/example_python_operator.py for tasks to queue
[2025-03-12T21:08:25.751+0000] {logging_mixin.py:190} INFO - [2025-03-12T21:08:25.751+0000] {dagbag.py:588} INFO - Filling up the DagBag from /home/airflow/.local/lib/python3.12/site-packages/airflow/example_dags/example_python_operator.py
[2025-03-12T21:08:25.759+0000] {processor.py:925} INFO - DAG(s) 'example_python_operator' retrieved from /home/airflow/.local/lib/python3.12/site-packages/airflow/example_dags/example_python_operator.py
[2025-03-12T21:08:25.779+0000] {logging_mixin.py:190} INFO - [2025-03-12T21:08:25.779+0000] {dag.py:3239} INFO - Sync 1 DAGs
[2025-03-12T21:08:25.791+0000] {logging_mixin.py:190} INFO - [2025-03-12T21:08:25.790+0000] {dag.py:4180} INFO - Setting next_dagrun for example_python_operator to None, run_after=None
[2025-03-12T21:08:25.807+0000] {processor.py:208} INFO - Processing /home/airflow/.local/lib/python3.12/site-packages/airflow/example_dags/example_python_operator.py took 0.063 seconds
