[2025-03-12T20:46:27.628+0000] {processor.py:186} INFO - Started process (PID=95) to work on /home/airflow/.local/lib/python3.12/site-packages/airflow/example_dags/example_xcomargs.py
[2025-03-12T20:46:27.629+0000] {processor.py:914} INFO - Processing file /home/airflow/.local/lib/python3.12/site-packages/airflow/example_dags/example_xcomargs.py for tasks to queue
[2025-03-12T20:46:27.630+0000] {logging_mixin.py:190} INFO - [2025-03-12T20:46:27.630+0000] {dagbag.py:588} INFO - Filling up the DagBag from /home/airflow/.local/lib/python3.12/site-packages/airflow/example_dags/example_xcomargs.py
[2025-03-12T20:46:27.637+0000] {processor.py:925} INFO - DAG(s) 'example_xcom_args_with_operators', 'example_xcom_args' retrieved from /home/airflow/.local/lib/python3.12/site-packages/airflow/example_dags/example_xcomargs.py
[2025-03-12T20:46:27.710+0000] {logging_mixin.py:190} INFO - [2025-03-12T20:46:27.710+0000] {override.py:1912} INFO - Created Permission View: can edit on DAG:example_xcom_args_with_operators
[2025-03-12T20:46:27.719+0000] {logging_mixin.py:190} INFO - [2025-03-12T20:46:27.719+0000] {override.py:1912} INFO - Created Permission View: can read on DAG:example_xcom_args_with_operators
[2025-03-12T20:46:27.725+0000] {logging_mixin.py:190} INFO - [2025-03-12T20:46:27.724+0000] {override.py:1912} INFO - Created Permission View: can delete on DAG:example_xcom_args_with_operators
[2025-03-12T20:46:27.730+0000] {logging_mixin.py:190} INFO - [2025-03-12T20:46:27.730+0000] {override.py:1912} INFO - Created Permission View: menu access on DAG Run:example_xcom_args_with_operators
[2025-03-12T20:46:27.735+0000] {logging_mixin.py:190} INFO - [2025-03-12T20:46:27.735+0000] {override.py:1912} INFO - Created Permission View: can create on DAG Run:example_xcom_args_with_operators
[2025-03-12T20:46:27.741+0000] {logging_mixin.py:190} INFO - [2025-03-12T20:46:27.741+0000] {override.py:1912} INFO - Created Permission View: can read on DAG Run:example_xcom_args_with_operators
[2025-03-12T20:46:27.747+0000] {logging_mixin.py:190} INFO - [2025-03-12T20:46:27.747+0000] {override.py:1912} INFO - Created Permission View: can delete on DAG Run:example_xcom_args_with_operators
[2025-03-12T20:46:27.758+0000] {logging_mixin.py:190} INFO - [2025-03-12T20:46:27.758+0000] {override.py:1912} INFO - Created Permission View: can edit on DAG:example_xcom_args
[2025-03-12T20:46:27.764+0000] {logging_mixin.py:190} INFO - [2025-03-12T20:46:27.764+0000] {override.py:1912} INFO - Created Permission View: can read on DAG:example_xcom_args
[2025-03-12T20:46:27.770+0000] {logging_mixin.py:190} INFO - [2025-03-12T20:46:27.770+0000] {override.py:1912} INFO - Created Permission View: can delete on DAG:example_xcom_args
[2025-03-12T20:46:27.776+0000] {logging_mixin.py:190} INFO - [2025-03-12T20:46:27.776+0000] {override.py:1912} INFO - Created Permission View: menu access on DAG Run:example_xcom_args
[2025-03-12T20:46:27.782+0000] {logging_mixin.py:190} INFO - [2025-03-12T20:46:27.782+0000] {override.py:1912} INFO - Created Permission View: can create on DAG Run:example_xcom_args
[2025-03-12T20:46:27.787+0000] {logging_mixin.py:190} INFO - [2025-03-12T20:46:27.787+0000] {override.py:1912} INFO - Created Permission View: can read on DAG Run:example_xcom_args
[2025-03-12T20:46:27.793+0000] {logging_mixin.py:190} INFO - [2025-03-12T20:46:27.792+0000] {override.py:1912} INFO - Created Permission View: can delete on DAG Run:example_xcom_args
[2025-03-12T20:46:27.793+0000] {logging_mixin.py:190} INFO - [2025-03-12T20:46:27.793+0000] {dag.py:3239} INFO - Sync 2 DAGs
[2025-03-12T20:46:27.803+0000] {logging_mixin.py:190} INFO - [2025-03-12T20:46:27.803+0000] {dag.py:3262} INFO - Creating ORM DAG for example_xcom_args_with_operators
[2025-03-12T20:46:27.803+0000] {logging_mixin.py:190} INFO - [2025-03-12T20:46:27.803+0000] {dag.py:3262} INFO - Creating ORM DAG for example_xcom_args
[2025-03-12T20:46:27.804+0000] {logging_mixin.py:190} INFO - [2025-03-12T20:46:27.804+0000] {dag.py:4180} INFO - Setting next_dagrun for example_xcom_args to None, run_after=None
[2025-03-12T20:46:27.804+0000] {logging_mixin.py:190} INFO - [2025-03-12T20:46:27.804+0000] {dag.py:4180} INFO - Setting next_dagrun for example_xcom_args_with_operators to None, run_after=None
[2025-03-12T20:46:27.818+0000] {processor.py:208} INFO - Processing /home/airflow/.local/lib/python3.12/site-packages/airflow/example_dags/example_xcomargs.py took 0.195 seconds
[2025-03-12T20:46:58.585+0000] {processor.py:186} INFO - Started process (PID=158) to work on /home/airflow/.local/lib/python3.12/site-packages/airflow/example_dags/example_xcomargs.py
[2025-03-12T20:46:58.586+0000] {processor.py:914} INFO - Processing file /home/airflow/.local/lib/python3.12/site-packages/airflow/example_dags/example_xcomargs.py for tasks to queue
[2025-03-12T20:46:58.588+0000] {logging_mixin.py:190} INFO - [2025-03-12T20:46:58.588+0000] {dagbag.py:588} INFO - Filling up the DagBag from /home/airflow/.local/lib/python3.12/site-packages/airflow/example_dags/example_xcomargs.py
[2025-03-12T20:46:58.595+0000] {processor.py:925} INFO - DAG(s) 'example_xcom_args_with_operators', 'example_xcom_args' retrieved from /home/airflow/.local/lib/python3.12/site-packages/airflow/example_dags/example_xcomargs.py
[2025-03-12T20:46:58.617+0000] {logging_mixin.py:190} INFO - [2025-03-12T20:46:58.616+0000] {dag.py:3239} INFO - Sync 2 DAGs
[2025-03-12T20:46:58.629+0000] {logging_mixin.py:190} INFO - [2025-03-12T20:46:58.629+0000] {dag.py:4180} INFO - Setting next_dagrun for example_xcom_args to None, run_after=None
[2025-03-12T20:46:58.632+0000] {logging_mixin.py:190} INFO - [2025-03-12T20:46:58.632+0000] {dag.py:4180} INFO - Setting next_dagrun for example_xcom_args_with_operators to None, run_after=None
[2025-03-12T20:46:58.647+0000] {processor.py:208} INFO - Processing /home/airflow/.local/lib/python3.12/site-packages/airflow/example_dags/example_xcomargs.py took 0.067 seconds
[2025-03-12T20:47:28.906+0000] {processor.py:186} INFO - Started process (PID=221) to work on /home/airflow/.local/lib/python3.12/site-packages/airflow/example_dags/example_xcomargs.py
[2025-03-12T20:47:28.907+0000] {processor.py:914} INFO - Processing file /home/airflow/.local/lib/python3.12/site-packages/airflow/example_dags/example_xcomargs.py for tasks to queue
[2025-03-12T20:47:28.911+0000] {logging_mixin.py:190} INFO - [2025-03-12T20:47:28.910+0000] {dagbag.py:588} INFO - Filling up the DagBag from /home/airflow/.local/lib/python3.12/site-packages/airflow/example_dags/example_xcomargs.py
[2025-03-12T20:47:28.922+0000] {processor.py:925} INFO - DAG(s) 'example_xcom_args', 'example_xcom_args_with_operators' retrieved from /home/airflow/.local/lib/python3.12/site-packages/airflow/example_dags/example_xcomargs.py
[2025-03-12T20:47:28.948+0000] {logging_mixin.py:190} INFO - [2025-03-12T20:47:28.948+0000] {dag.py:3239} INFO - Sync 2 DAGs
[2025-03-12T20:47:28.965+0000] {logging_mixin.py:190} INFO - [2025-03-12T20:47:28.964+0000] {dag.py:4180} INFO - Setting next_dagrun for example_xcom_args to None, run_after=None
[2025-03-12T20:47:28.969+0000] {logging_mixin.py:190} INFO - [2025-03-12T20:47:28.968+0000] {dag.py:4180} INFO - Setting next_dagrun for example_xcom_args_with_operators to None, run_after=None
[2025-03-12T20:47:28.986+0000] {processor.py:208} INFO - Processing /home/airflow/.local/lib/python3.12/site-packages/airflow/example_dags/example_xcomargs.py took 0.087 seconds
[2025-03-12T20:48:00.012+0000] {processor.py:186} INFO - Started process (PID=284) to work on /home/airflow/.local/lib/python3.12/site-packages/airflow/example_dags/example_xcomargs.py
[2025-03-12T20:48:00.013+0000] {processor.py:914} INFO - Processing file /home/airflow/.local/lib/python3.12/site-packages/airflow/example_dags/example_xcomargs.py for tasks to queue
[2025-03-12T20:48:00.014+0000] {logging_mixin.py:190} INFO - [2025-03-12T20:48:00.014+0000] {dagbag.py:588} INFO - Filling up the DagBag from /home/airflow/.local/lib/python3.12/site-packages/airflow/example_dags/example_xcomargs.py
[2025-03-12T20:48:00.024+0000] {processor.py:925} INFO - DAG(s) 'example_xcom_args', 'example_xcom_args_with_operators' retrieved from /home/airflow/.local/lib/python3.12/site-packages/airflow/example_dags/example_xcomargs.py
[2025-03-12T20:48:00.049+0000] {logging_mixin.py:190} INFO - [2025-03-12T20:48:00.048+0000] {dag.py:3239} INFO - Sync 2 DAGs
[2025-03-12T20:48:00.062+0000] {logging_mixin.py:190} INFO - [2025-03-12T20:48:00.062+0000] {dag.py:4180} INFO - Setting next_dagrun for example_xcom_args to None, run_after=None
[2025-03-12T20:48:00.066+0000] {logging_mixin.py:190} INFO - [2025-03-12T20:48:00.066+0000] {dag.py:4180} INFO - Setting next_dagrun for example_xcom_args_with_operators to None, run_after=None
[2025-03-12T20:48:00.084+0000] {processor.py:208} INFO - Processing /home/airflow/.local/lib/python3.12/site-packages/airflow/example_dags/example_xcomargs.py took 0.077 seconds
[2025-03-12T20:48:30.802+0000] {processor.py:186} INFO - Started process (PID=347) to work on /home/airflow/.local/lib/python3.12/site-packages/airflow/example_dags/example_xcomargs.py
[2025-03-12T20:48:30.803+0000] {processor.py:914} INFO - Processing file /home/airflow/.local/lib/python3.12/site-packages/airflow/example_dags/example_xcomargs.py for tasks to queue
[2025-03-12T20:48:30.805+0000] {logging_mixin.py:190} INFO - [2025-03-12T20:48:30.805+0000] {dagbag.py:588} INFO - Filling up the DagBag from /home/airflow/.local/lib/python3.12/site-packages/airflow/example_dags/example_xcomargs.py
[2025-03-12T20:48:30.814+0000] {processor.py:925} INFO - DAG(s) 'example_xcom_args', 'example_xcom_args_with_operators' retrieved from /home/airflow/.local/lib/python3.12/site-packages/airflow/example_dags/example_xcomargs.py
[2025-03-12T20:48:30.835+0000] {logging_mixin.py:190} INFO - [2025-03-12T20:48:30.835+0000] {dag.py:3239} INFO - Sync 2 DAGs
[2025-03-12T20:48:30.846+0000] {logging_mixin.py:190} INFO - [2025-03-12T20:48:30.846+0000] {dag.py:4180} INFO - Setting next_dagrun for example_xcom_args to None, run_after=None
[2025-03-12T20:48:30.850+0000] {logging_mixin.py:190} INFO - [2025-03-12T20:48:30.849+0000] {dag.py:4180} INFO - Setting next_dagrun for example_xcom_args_with_operators to None, run_after=None
[2025-03-12T20:48:30.863+0000] {processor.py:208} INFO - Processing /home/airflow/.local/lib/python3.12/site-packages/airflow/example_dags/example_xcomargs.py took 0.068 seconds
[2025-03-12T20:49:01.388+0000] {processor.py:186} INFO - Started process (PID=410) to work on /home/airflow/.local/lib/python3.12/site-packages/airflow/example_dags/example_xcomargs.py
[2025-03-12T20:49:01.389+0000] {processor.py:914} INFO - Processing file /home/airflow/.local/lib/python3.12/site-packages/airflow/example_dags/example_xcomargs.py for tasks to queue
[2025-03-12T20:49:01.392+0000] {logging_mixin.py:190} INFO - [2025-03-12T20:49:01.392+0000] {dagbag.py:588} INFO - Filling up the DagBag from /home/airflow/.local/lib/python3.12/site-packages/airflow/example_dags/example_xcomargs.py
[2025-03-12T20:49:01.404+0000] {processor.py:925} INFO - DAG(s) 'example_xcom_args', 'example_xcom_args_with_operators' retrieved from /home/airflow/.local/lib/python3.12/site-packages/airflow/example_dags/example_xcomargs.py
[2025-03-12T20:49:01.430+0000] {logging_mixin.py:190} INFO - [2025-03-12T20:49:01.430+0000] {dag.py:3239} INFO - Sync 2 DAGs
[2025-03-12T20:49:01.444+0000] {logging_mixin.py:190} INFO - [2025-03-12T20:49:01.444+0000] {dag.py:4180} INFO - Setting next_dagrun for example_xcom_args to None, run_after=None
[2025-03-12T20:49:01.448+0000] {logging_mixin.py:190} INFO - [2025-03-12T20:49:01.448+0000] {dag.py:4180} INFO - Setting next_dagrun for example_xcom_args_with_operators to None, run_after=None
[2025-03-12T20:49:01.468+0000] {processor.py:208} INFO - Processing /home/airflow/.local/lib/python3.12/site-packages/airflow/example_dags/example_xcomargs.py took 0.088 seconds
[2025-03-12T20:49:32.150+0000] {processor.py:186} INFO - Started process (PID=473) to work on /home/airflow/.local/lib/python3.12/site-packages/airflow/example_dags/example_xcomargs.py
[2025-03-12T20:49:32.151+0000] {processor.py:914} INFO - Processing file /home/airflow/.local/lib/python3.12/site-packages/airflow/example_dags/example_xcomargs.py for tasks to queue
[2025-03-12T20:49:32.153+0000] {logging_mixin.py:190} INFO - [2025-03-12T20:49:32.152+0000] {dagbag.py:588} INFO - Filling up the DagBag from /home/airflow/.local/lib/python3.12/site-packages/airflow/example_dags/example_xcomargs.py
[2025-03-12T20:49:32.159+0000] {processor.py:925} INFO - DAG(s) 'example_xcom_args_with_operators', 'example_xcom_args' retrieved from /home/airflow/.local/lib/python3.12/site-packages/airflow/example_dags/example_xcomargs.py
[2025-03-12T20:49:32.179+0000] {logging_mixin.py:190} INFO - [2025-03-12T20:49:32.179+0000] {dag.py:3239} INFO - Sync 2 DAGs
[2025-03-12T20:49:32.193+0000] {logging_mixin.py:190} INFO - [2025-03-12T20:49:32.193+0000] {dag.py:4180} INFO - Setting next_dagrun for example_xcom_args to None, run_after=None
[2025-03-12T20:49:32.196+0000] {logging_mixin.py:190} INFO - [2025-03-12T20:49:32.196+0000] {dag.py:4180} INFO - Setting next_dagrun for example_xcom_args_with_operators to None, run_after=None
[2025-03-12T20:49:32.213+0000] {processor.py:208} INFO - Processing /home/airflow/.local/lib/python3.12/site-packages/airflow/example_dags/example_xcomargs.py took 0.067 seconds
[2025-03-12T20:50:02.541+0000] {processor.py:186} INFO - Started process (PID=535) to work on /home/airflow/.local/lib/python3.12/site-packages/airflow/example_dags/example_xcomargs.py
[2025-03-12T20:50:02.542+0000] {processor.py:914} INFO - Processing file /home/airflow/.local/lib/python3.12/site-packages/airflow/example_dags/example_xcomargs.py for tasks to queue
[2025-03-12T20:50:02.544+0000] {logging_mixin.py:190} INFO - [2025-03-12T20:50:02.544+0000] {dagbag.py:588} INFO - Filling up the DagBag from /home/airflow/.local/lib/python3.12/site-packages/airflow/example_dags/example_xcomargs.py
[2025-03-12T20:50:02.551+0000] {processor.py:925} INFO - DAG(s) 'example_xcom_args_with_operators', 'example_xcom_args' retrieved from /home/airflow/.local/lib/python3.12/site-packages/airflow/example_dags/example_xcomargs.py
[2025-03-12T20:50:02.574+0000] {logging_mixin.py:190} INFO - [2025-03-12T20:50:02.574+0000] {dag.py:3239} INFO - Sync 2 DAGs
[2025-03-12T20:50:02.588+0000] {logging_mixin.py:190} INFO - [2025-03-12T20:50:02.588+0000] {dag.py:4180} INFO - Setting next_dagrun for example_xcom_args to None, run_after=None
[2025-03-12T20:50:02.593+0000] {logging_mixin.py:190} INFO - [2025-03-12T20:50:02.593+0000] {dag.py:4180} INFO - Setting next_dagrun for example_xcom_args_with_operators to None, run_after=None
[2025-03-12T20:50:02.611+0000] {processor.py:208} INFO - Processing /home/airflow/.local/lib/python3.12/site-packages/airflow/example_dags/example_xcomargs.py took 0.074 seconds
[2025-03-12T20:50:33.245+0000] {processor.py:186} INFO - Started process (PID=599) to work on /home/airflow/.local/lib/python3.12/site-packages/airflow/example_dags/example_xcomargs.py
[2025-03-12T20:50:33.246+0000] {processor.py:914} INFO - Processing file /home/airflow/.local/lib/python3.12/site-packages/airflow/example_dags/example_xcomargs.py for tasks to queue
[2025-03-12T20:50:33.247+0000] {logging_mixin.py:190} INFO - [2025-03-12T20:50:33.247+0000] {dagbag.py:588} INFO - Filling up the DagBag from /home/airflow/.local/lib/python3.12/site-packages/airflow/example_dags/example_xcomargs.py
[2025-03-12T20:50:33.253+0000] {processor.py:925} INFO - DAG(s) 'example_xcom_args_with_operators', 'example_xcom_args' retrieved from /home/airflow/.local/lib/python3.12/site-packages/airflow/example_dags/example_xcomargs.py
[2025-03-12T20:50:33.275+0000] {logging_mixin.py:190} INFO - [2025-03-12T20:50:33.274+0000] {dag.py:3239} INFO - Sync 2 DAGs
[2025-03-12T20:50:33.288+0000] {logging_mixin.py:190} INFO - [2025-03-12T20:50:33.287+0000] {dag.py:4180} INFO - Setting next_dagrun for example_xcom_args to None, run_after=None
[2025-03-12T20:50:33.291+0000] {logging_mixin.py:190} INFO - [2025-03-12T20:50:33.290+0000] {dag.py:4180} INFO - Setting next_dagrun for example_xcom_args_with_operators to None, run_after=None
[2025-03-12T20:50:33.301+0000] {processor.py:208} INFO - Processing /home/airflow/.local/lib/python3.12/site-packages/airflow/example_dags/example_xcomargs.py took 0.061 seconds
[2025-03-12T20:51:03.623+0000] {processor.py:186} INFO - Started process (PID=661) to work on /home/airflow/.local/lib/python3.12/site-packages/airflow/example_dags/example_xcomargs.py
[2025-03-12T20:51:03.626+0000] {processor.py:914} INFO - Processing file /home/airflow/.local/lib/python3.12/site-packages/airflow/example_dags/example_xcomargs.py for tasks to queue
[2025-03-12T20:51:03.628+0000] {logging_mixin.py:190} INFO - [2025-03-12T20:51:03.627+0000] {dagbag.py:588} INFO - Filling up the DagBag from /home/airflow/.local/lib/python3.12/site-packages/airflow/example_dags/example_xcomargs.py
[2025-03-12T20:51:03.635+0000] {processor.py:925} INFO - DAG(s) 'example_xcom_args_with_operators', 'example_xcom_args' retrieved from /home/airflow/.local/lib/python3.12/site-packages/airflow/example_dags/example_xcomargs.py
[2025-03-12T20:51:03.657+0000] {logging_mixin.py:190} INFO - [2025-03-12T20:51:03.657+0000] {dag.py:3239} INFO - Sync 2 DAGs
[2025-03-12T20:51:03.670+0000] {logging_mixin.py:190} INFO - [2025-03-12T20:51:03.670+0000] {dag.py:4180} INFO - Setting next_dagrun for example_xcom_args to None, run_after=None
[2025-03-12T20:51:03.674+0000] {logging_mixin.py:190} INFO - [2025-03-12T20:51:03.674+0000] {dag.py:4180} INFO - Setting next_dagrun for example_xcom_args_with_operators to None, run_after=None
[2025-03-12T20:51:03.688+0000] {processor.py:208} INFO - Processing /home/airflow/.local/lib/python3.12/site-packages/airflow/example_dags/example_xcomargs.py took 0.069 seconds
[2025-03-12T20:51:34.140+0000] {processor.py:186} INFO - Started process (PID=724) to work on /home/airflow/.local/lib/python3.12/site-packages/airflow/example_dags/example_xcomargs.py
[2025-03-12T20:51:34.142+0000] {processor.py:914} INFO - Processing file /home/airflow/.local/lib/python3.12/site-packages/airflow/example_dags/example_xcomargs.py for tasks to queue
[2025-03-12T20:51:34.144+0000] {logging_mixin.py:190} INFO - [2025-03-12T20:51:34.144+0000] {dagbag.py:588} INFO - Filling up the DagBag from /home/airflow/.local/lib/python3.12/site-packages/airflow/example_dags/example_xcomargs.py
[2025-03-12T20:51:34.150+0000] {processor.py:925} INFO - DAG(s) 'example_xcom_args', 'example_xcom_args_with_operators' retrieved from /home/airflow/.local/lib/python3.12/site-packages/airflow/example_dags/example_xcomargs.py
[2025-03-12T20:51:34.167+0000] {logging_mixin.py:190} INFO - [2025-03-12T20:51:34.167+0000] {dag.py:3239} INFO - Sync 2 DAGs
[2025-03-12T20:51:34.178+0000] {logging_mixin.py:190} INFO - [2025-03-12T20:51:34.177+0000] {dag.py:4180} INFO - Setting next_dagrun for example_xcom_args to None, run_after=None
[2025-03-12T20:51:34.181+0000] {logging_mixin.py:190} INFO - [2025-03-12T20:51:34.180+0000] {dag.py:4180} INFO - Setting next_dagrun for example_xcom_args_with_operators to None, run_after=None
[2025-03-12T20:51:34.193+0000] {processor.py:208} INFO - Processing /home/airflow/.local/lib/python3.12/site-packages/airflow/example_dags/example_xcomargs.py took 0.058 seconds
[2025-03-12T20:52:04.265+0000] {processor.py:186} INFO - Started process (PID=787) to work on /home/airflow/.local/lib/python3.12/site-packages/airflow/example_dags/example_xcomargs.py
[2025-03-12T20:52:04.266+0000] {processor.py:914} INFO - Processing file /home/airflow/.local/lib/python3.12/site-packages/airflow/example_dags/example_xcomargs.py for tasks to queue
[2025-03-12T20:52:04.268+0000] {logging_mixin.py:190} INFO - [2025-03-12T20:52:04.268+0000] {dagbag.py:588} INFO - Filling up the DagBag from /home/airflow/.local/lib/python3.12/site-packages/airflow/example_dags/example_xcomargs.py
[2025-03-12T20:52:04.274+0000] {processor.py:925} INFO - DAG(s) 'example_xcom_args', 'example_xcom_args_with_operators' retrieved from /home/airflow/.local/lib/python3.12/site-packages/airflow/example_dags/example_xcomargs.py
[2025-03-12T20:52:04.292+0000] {logging_mixin.py:190} INFO - [2025-03-12T20:52:04.292+0000] {dag.py:3239} INFO - Sync 2 DAGs
[2025-03-12T20:52:04.301+0000] {logging_mixin.py:190} INFO - [2025-03-12T20:52:04.301+0000] {dag.py:4180} INFO - Setting next_dagrun for example_xcom_args to None, run_after=None
[2025-03-12T20:52:04.305+0000] {logging_mixin.py:190} INFO - [2025-03-12T20:52:04.304+0000] {dag.py:4180} INFO - Setting next_dagrun for example_xcom_args_with_operators to None, run_after=None
[2025-03-12T20:52:04.318+0000] {processor.py:208} INFO - Processing /home/airflow/.local/lib/python3.12/site-packages/airflow/example_dags/example_xcomargs.py took 0.057 seconds
[2025-03-12T20:52:34.823+0000] {processor.py:186} INFO - Started process (PID=850) to work on /home/airflow/.local/lib/python3.12/site-packages/airflow/example_dags/example_xcomargs.py
[2025-03-12T20:52:34.824+0000] {processor.py:914} INFO - Processing file /home/airflow/.local/lib/python3.12/site-packages/airflow/example_dags/example_xcomargs.py for tasks to queue
[2025-03-12T20:52:34.825+0000] {logging_mixin.py:190} INFO - [2025-03-12T20:52:34.825+0000] {dagbag.py:588} INFO - Filling up the DagBag from /home/airflow/.local/lib/python3.12/site-packages/airflow/example_dags/example_xcomargs.py
[2025-03-12T20:52:34.831+0000] {processor.py:925} INFO - DAG(s) 'example_xcom_args', 'example_xcom_args_with_operators' retrieved from /home/airflow/.local/lib/python3.12/site-packages/airflow/example_dags/example_xcomargs.py
[2025-03-12T20:52:34.853+0000] {logging_mixin.py:190} INFO - [2025-03-12T20:52:34.852+0000] {dag.py:3239} INFO - Sync 2 DAGs
[2025-03-12T20:52:34.864+0000] {logging_mixin.py:190} INFO - [2025-03-12T20:52:34.863+0000] {dag.py:4180} INFO - Setting next_dagrun for example_xcom_args to None, run_after=None
[2025-03-12T20:52:34.868+0000] {logging_mixin.py:190} INFO - [2025-03-12T20:52:34.868+0000] {dag.py:4180} INFO - Setting next_dagrun for example_xcom_args_with_operators to None, run_after=None
[2025-03-12T20:52:34.885+0000] {processor.py:208} INFO - Processing /home/airflow/.local/lib/python3.12/site-packages/airflow/example_dags/example_xcomargs.py took 0.066 seconds
[2025-03-12T20:53:05.746+0000] {processor.py:186} INFO - Started process (PID=913) to work on /home/airflow/.local/lib/python3.12/site-packages/airflow/example_dags/example_xcomargs.py
[2025-03-12T20:53:05.747+0000] {processor.py:914} INFO - Processing file /home/airflow/.local/lib/python3.12/site-packages/airflow/example_dags/example_xcomargs.py for tasks to queue
[2025-03-12T20:53:05.749+0000] {logging_mixin.py:190} INFO - [2025-03-12T20:53:05.749+0000] {dagbag.py:588} INFO - Filling up the DagBag from /home/airflow/.local/lib/python3.12/site-packages/airflow/example_dags/example_xcomargs.py
[2025-03-12T20:53:05.757+0000] {processor.py:925} INFO - DAG(s) 'example_xcom_args', 'example_xcom_args_with_operators' retrieved from /home/airflow/.local/lib/python3.12/site-packages/airflow/example_dags/example_xcomargs.py
[2025-03-12T20:53:05.777+0000] {logging_mixin.py:190} INFO - [2025-03-12T20:53:05.777+0000] {dag.py:3239} INFO - Sync 2 DAGs
[2025-03-12T20:53:05.787+0000] {logging_mixin.py:190} INFO - [2025-03-12T20:53:05.787+0000] {dag.py:4180} INFO - Setting next_dagrun for example_xcom_args to None, run_after=None
[2025-03-12T20:53:05.790+0000] {logging_mixin.py:190} INFO - [2025-03-12T20:53:05.790+0000] {dag.py:4180} INFO - Setting next_dagrun for example_xcom_args_with_operators to None, run_after=None
[2025-03-12T20:53:05.804+0000] {processor.py:208} INFO - Processing /home/airflow/.local/lib/python3.12/site-packages/airflow/example_dags/example_xcomargs.py took 0.062 seconds
[2025-03-12T20:53:36.489+0000] {processor.py:186} INFO - Started process (PID=976) to work on /home/airflow/.local/lib/python3.12/site-packages/airflow/example_dags/example_xcomargs.py
[2025-03-12T20:53:36.490+0000] {processor.py:914} INFO - Processing file /home/airflow/.local/lib/python3.12/site-packages/airflow/example_dags/example_xcomargs.py for tasks to queue
[2025-03-12T20:53:36.492+0000] {logging_mixin.py:190} INFO - [2025-03-12T20:53:36.492+0000] {dagbag.py:588} INFO - Filling up the DagBag from /home/airflow/.local/lib/python3.12/site-packages/airflow/example_dags/example_xcomargs.py
[2025-03-12T20:53:36.498+0000] {processor.py:925} INFO - DAG(s) 'example_xcom_args', 'example_xcom_args_with_operators' retrieved from /home/airflow/.local/lib/python3.12/site-packages/airflow/example_dags/example_xcomargs.py
[2025-03-12T20:53:36.518+0000] {logging_mixin.py:190} INFO - [2025-03-12T20:53:36.518+0000] {dag.py:3239} INFO - Sync 2 DAGs
[2025-03-12T20:53:36.527+0000] {logging_mixin.py:190} INFO - [2025-03-12T20:53:36.527+0000] {dag.py:4180} INFO - Setting next_dagrun for example_xcom_args to None, run_after=None
[2025-03-12T20:53:36.530+0000] {logging_mixin.py:190} INFO - [2025-03-12T20:53:36.530+0000] {dag.py:4180} INFO - Setting next_dagrun for example_xcom_args_with_operators to None, run_after=None
[2025-03-12T20:53:36.543+0000] {processor.py:208} INFO - Processing /home/airflow/.local/lib/python3.12/site-packages/airflow/example_dags/example_xcomargs.py took 0.058 seconds
[2025-03-12T20:54:06.833+0000] {processor.py:186} INFO - Started process (PID=1039) to work on /home/airflow/.local/lib/python3.12/site-packages/airflow/example_dags/example_xcomargs.py
[2025-03-12T20:54:06.834+0000] {processor.py:914} INFO - Processing file /home/airflow/.local/lib/python3.12/site-packages/airflow/example_dags/example_xcomargs.py for tasks to queue
[2025-03-12T20:54:06.836+0000] {logging_mixin.py:190} INFO - [2025-03-12T20:54:06.835+0000] {dagbag.py:588} INFO - Filling up the DagBag from /home/airflow/.local/lib/python3.12/site-packages/airflow/example_dags/example_xcomargs.py
[2025-03-12T20:54:06.841+0000] {processor.py:925} INFO - DAG(s) 'example_xcom_args', 'example_xcom_args_with_operators' retrieved from /home/airflow/.local/lib/python3.12/site-packages/airflow/example_dags/example_xcomargs.py
[2025-03-12T20:54:06.856+0000] {logging_mixin.py:190} INFO - [2025-03-12T20:54:06.856+0000] {dag.py:3239} INFO - Sync 2 DAGs
[2025-03-12T20:54:06.864+0000] {logging_mixin.py:190} INFO - [2025-03-12T20:54:06.864+0000] {dag.py:4180} INFO - Setting next_dagrun for example_xcom_args to None, run_after=None
[2025-03-12T20:54:06.866+0000] {logging_mixin.py:190} INFO - [2025-03-12T20:54:06.866+0000] {dag.py:4180} INFO - Setting next_dagrun for example_xcom_args_with_operators to None, run_after=None
[2025-03-12T20:54:06.876+0000] {processor.py:208} INFO - Processing /home/airflow/.local/lib/python3.12/site-packages/airflow/example_dags/example_xcomargs.py took 0.048 seconds
[2025-03-12T20:54:37.752+0000] {processor.py:186} INFO - Started process (PID=1102) to work on /home/airflow/.local/lib/python3.12/site-packages/airflow/example_dags/example_xcomargs.py
[2025-03-12T20:54:37.753+0000] {processor.py:914} INFO - Processing file /home/airflow/.local/lib/python3.12/site-packages/airflow/example_dags/example_xcomargs.py for tasks to queue
[2025-03-12T20:54:37.754+0000] {logging_mixin.py:190} INFO - [2025-03-12T20:54:37.754+0000] {dagbag.py:588} INFO - Filling up the DagBag from /home/airflow/.local/lib/python3.12/site-packages/airflow/example_dags/example_xcomargs.py
[2025-03-12T20:54:37.761+0000] {processor.py:925} INFO - DAG(s) 'example_xcom_args', 'example_xcom_args_with_operators' retrieved from /home/airflow/.local/lib/python3.12/site-packages/airflow/example_dags/example_xcomargs.py
[2025-03-12T20:54:37.782+0000] {logging_mixin.py:190} INFO - [2025-03-12T20:54:37.782+0000] {dag.py:3239} INFO - Sync 2 DAGs
[2025-03-12T20:54:37.793+0000] {logging_mixin.py:190} INFO - [2025-03-12T20:54:37.793+0000] {dag.py:4180} INFO - Setting next_dagrun for example_xcom_args to None, run_after=None
[2025-03-12T20:54:37.796+0000] {logging_mixin.py:190} INFO - [2025-03-12T20:54:37.796+0000] {dag.py:4180} INFO - Setting next_dagrun for example_xcom_args_with_operators to None, run_after=None
[2025-03-12T20:54:37.813+0000] {processor.py:208} INFO - Processing /home/airflow/.local/lib/python3.12/site-packages/airflow/example_dags/example_xcomargs.py took 0.066 seconds
[2025-03-12T20:55:08.599+0000] {processor.py:186} INFO - Started process (PID=1165) to work on /home/airflow/.local/lib/python3.12/site-packages/airflow/example_dags/example_xcomargs.py
[2025-03-12T20:55:08.600+0000] {processor.py:914} INFO - Processing file /home/airflow/.local/lib/python3.12/site-packages/airflow/example_dags/example_xcomargs.py for tasks to queue
[2025-03-12T20:55:08.602+0000] {logging_mixin.py:190} INFO - [2025-03-12T20:55:08.602+0000] {dagbag.py:588} INFO - Filling up the DagBag from /home/airflow/.local/lib/python3.12/site-packages/airflow/example_dags/example_xcomargs.py
[2025-03-12T20:55:08.609+0000] {processor.py:925} INFO - DAG(s) 'example_xcom_args_with_operators', 'example_xcom_args' retrieved from /home/airflow/.local/lib/python3.12/site-packages/airflow/example_dags/example_xcomargs.py
[2025-03-12T20:55:08.626+0000] {logging_mixin.py:190} INFO - [2025-03-12T20:55:08.625+0000] {dag.py:3239} INFO - Sync 2 DAGs
[2025-03-12T20:55:08.636+0000] {logging_mixin.py:190} INFO - [2025-03-12T20:55:08.636+0000] {dag.py:4180} INFO - Setting next_dagrun for example_xcom_args to None, run_after=None
[2025-03-12T20:55:08.639+0000] {logging_mixin.py:190} INFO - [2025-03-12T20:55:08.639+0000] {dag.py:4180} INFO - Setting next_dagrun for example_xcom_args_with_operators to None, run_after=None
[2025-03-12T20:55:08.651+0000] {processor.py:208} INFO - Processing /home/airflow/.local/lib/python3.12/site-packages/airflow/example_dags/example_xcomargs.py took 0.057 seconds
[2025-03-12T20:55:39.770+0000] {processor.py:186} INFO - Started process (PID=1228) to work on /home/airflow/.local/lib/python3.12/site-packages/airflow/example_dags/example_xcomargs.py
[2025-03-12T20:55:39.771+0000] {processor.py:914} INFO - Processing file /home/airflow/.local/lib/python3.12/site-packages/airflow/example_dags/example_xcomargs.py for tasks to queue
[2025-03-12T20:55:39.773+0000] {logging_mixin.py:190} INFO - [2025-03-12T20:55:39.772+0000] {dagbag.py:588} INFO - Filling up the DagBag from /home/airflow/.local/lib/python3.12/site-packages/airflow/example_dags/example_xcomargs.py
[2025-03-12T20:55:39.780+0000] {processor.py:925} INFO - DAG(s) 'example_xcom_args_with_operators', 'example_xcom_args' retrieved from /home/airflow/.local/lib/python3.12/site-packages/airflow/example_dags/example_xcomargs.py
[2025-03-12T20:55:39.808+0000] {logging_mixin.py:190} INFO - [2025-03-12T20:55:39.807+0000] {dag.py:3239} INFO - Sync 2 DAGs
[2025-03-12T20:55:39.823+0000] {logging_mixin.py:190} INFO - [2025-03-12T20:55:39.823+0000] {dag.py:4180} INFO - Setting next_dagrun for example_xcom_args to None, run_after=None
[2025-03-12T20:55:39.827+0000] {logging_mixin.py:190} INFO - [2025-03-12T20:55:39.827+0000] {dag.py:4180} INFO - Setting next_dagrun for example_xcom_args_with_operators to None, run_after=None
[2025-03-12T20:55:39.843+0000] {processor.py:208} INFO - Processing /home/airflow/.local/lib/python3.12/site-packages/airflow/example_dags/example_xcomargs.py took 0.078 seconds
[2025-03-12T20:56:10.364+0000] {processor.py:186} INFO - Started process (PID=1291) to work on /home/airflow/.local/lib/python3.12/site-packages/airflow/example_dags/example_xcomargs.py
[2025-03-12T20:56:10.365+0000] {processor.py:914} INFO - Processing file /home/airflow/.local/lib/python3.12/site-packages/airflow/example_dags/example_xcomargs.py for tasks to queue
[2025-03-12T20:56:10.367+0000] {logging_mixin.py:190} INFO - [2025-03-12T20:56:10.366+0000] {dagbag.py:588} INFO - Filling up the DagBag from /home/airflow/.local/lib/python3.12/site-packages/airflow/example_dags/example_xcomargs.py
[2025-03-12T20:56:10.376+0000] {processor.py:925} INFO - DAG(s) 'example_xcom_args', 'example_xcom_args_with_operators' retrieved from /home/airflow/.local/lib/python3.12/site-packages/airflow/example_dags/example_xcomargs.py
[2025-03-12T20:56:10.395+0000] {logging_mixin.py:190} INFO - [2025-03-12T20:56:10.395+0000] {dag.py:3239} INFO - Sync 2 DAGs
[2025-03-12T20:56:10.405+0000] {logging_mixin.py:190} INFO - [2025-03-12T20:56:10.405+0000] {dag.py:4180} INFO - Setting next_dagrun for example_xcom_args to None, run_after=None
[2025-03-12T20:56:10.407+0000] {logging_mixin.py:190} INFO - [2025-03-12T20:56:10.407+0000] {dag.py:4180} INFO - Setting next_dagrun for example_xcom_args_with_operators to None, run_after=None
[2025-03-12T20:56:10.420+0000] {processor.py:208} INFO - Processing /home/airflow/.local/lib/python3.12/site-packages/airflow/example_dags/example_xcomargs.py took 0.060 seconds
[2025-03-12T20:56:41.129+0000] {processor.py:186} INFO - Started process (PID=1354) to work on /home/airflow/.local/lib/python3.12/site-packages/airflow/example_dags/example_xcomargs.py
[2025-03-12T20:56:41.130+0000] {processor.py:914} INFO - Processing file /home/airflow/.local/lib/python3.12/site-packages/airflow/example_dags/example_xcomargs.py for tasks to queue
[2025-03-12T20:56:41.131+0000] {logging_mixin.py:190} INFO - [2025-03-12T20:56:41.131+0000] {dagbag.py:588} INFO - Filling up the DagBag from /home/airflow/.local/lib/python3.12/site-packages/airflow/example_dags/example_xcomargs.py
[2025-03-12T20:56:41.137+0000] {processor.py:925} INFO - DAG(s) 'example_xcom_args', 'example_xcom_args_with_operators' retrieved from /home/airflow/.local/lib/python3.12/site-packages/airflow/example_dags/example_xcomargs.py
[2025-03-12T20:56:41.152+0000] {logging_mixin.py:190} INFO - [2025-03-12T20:56:41.152+0000] {dag.py:3239} INFO - Sync 2 DAGs
[2025-03-12T20:56:41.161+0000] {logging_mixin.py:190} INFO - [2025-03-12T20:56:41.161+0000] {dag.py:4180} INFO - Setting next_dagrun for example_xcom_args to None, run_after=None
[2025-03-12T20:56:41.165+0000] {logging_mixin.py:190} INFO - [2025-03-12T20:56:41.164+0000] {dag.py:4180} INFO - Setting next_dagrun for example_xcom_args_with_operators to None, run_after=None
[2025-03-12T20:56:41.175+0000] {processor.py:208} INFO - Processing /home/airflow/.local/lib/python3.12/site-packages/airflow/example_dags/example_xcomargs.py took 0.049 seconds
[2025-03-12T20:57:11.765+0000] {processor.py:186} INFO - Started process (PID=1417) to work on /home/airflow/.local/lib/python3.12/site-packages/airflow/example_dags/example_xcomargs.py
[2025-03-12T20:57:11.766+0000] {processor.py:914} INFO - Processing file /home/airflow/.local/lib/python3.12/site-packages/airflow/example_dags/example_xcomargs.py for tasks to queue
[2025-03-12T20:57:11.768+0000] {logging_mixin.py:190} INFO - [2025-03-12T20:57:11.768+0000] {dagbag.py:588} INFO - Filling up the DagBag from /home/airflow/.local/lib/python3.12/site-packages/airflow/example_dags/example_xcomargs.py
[2025-03-12T20:57:11.775+0000] {processor.py:925} INFO - DAG(s) 'example_xcom_args', 'example_xcom_args_with_operators' retrieved from /home/airflow/.local/lib/python3.12/site-packages/airflow/example_dags/example_xcomargs.py
[2025-03-12T20:57:11.796+0000] {logging_mixin.py:190} INFO - [2025-03-12T20:57:11.795+0000] {dag.py:3239} INFO - Sync 2 DAGs
[2025-03-12T20:57:11.809+0000] {logging_mixin.py:190} INFO - [2025-03-12T20:57:11.809+0000] {dag.py:4180} INFO - Setting next_dagrun for example_xcom_args to None, run_after=None
[2025-03-12T20:57:11.812+0000] {logging_mixin.py:190} INFO - [2025-03-12T20:57:11.812+0000] {dag.py:4180} INFO - Setting next_dagrun for example_xcom_args_with_operators to None, run_after=None
[2025-03-12T20:57:11.826+0000] {processor.py:208} INFO - Processing /home/airflow/.local/lib/python3.12/site-packages/airflow/example_dags/example_xcomargs.py took 0.066 seconds
[2025-03-12T20:57:42.543+0000] {processor.py:186} INFO - Started process (PID=1480) to work on /home/airflow/.local/lib/python3.12/site-packages/airflow/example_dags/example_xcomargs.py
[2025-03-12T20:57:42.544+0000] {processor.py:914} INFO - Processing file /home/airflow/.local/lib/python3.12/site-packages/airflow/example_dags/example_xcomargs.py for tasks to queue
[2025-03-12T20:57:42.546+0000] {logging_mixin.py:190} INFO - [2025-03-12T20:57:42.545+0000] {dagbag.py:588} INFO - Filling up the DagBag from /home/airflow/.local/lib/python3.12/site-packages/airflow/example_dags/example_xcomargs.py
[2025-03-12T20:57:42.556+0000] {processor.py:925} INFO - DAG(s) 'example_xcom_args', 'example_xcom_args_with_operators' retrieved from /home/airflow/.local/lib/python3.12/site-packages/airflow/example_dags/example_xcomargs.py
[2025-03-12T20:57:42.575+0000] {logging_mixin.py:190} INFO - [2025-03-12T20:57:42.575+0000] {dag.py:3239} INFO - Sync 2 DAGs
[2025-03-12T20:57:42.585+0000] {logging_mixin.py:190} INFO - [2025-03-12T20:57:42.585+0000] {dag.py:4180} INFO - Setting next_dagrun for example_xcom_args to None, run_after=None
[2025-03-12T20:57:42.589+0000] {logging_mixin.py:190} INFO - [2025-03-12T20:57:42.589+0000] {dag.py:4180} INFO - Setting next_dagrun for example_xcom_args_with_operators to None, run_after=None
[2025-03-12T20:57:42.602+0000] {processor.py:208} INFO - Processing /home/airflow/.local/lib/python3.12/site-packages/airflow/example_dags/example_xcomargs.py took 0.065 seconds
[2025-03-12T20:58:13.753+0000] {processor.py:186} INFO - Started process (PID=1543) to work on /home/airflow/.local/lib/python3.12/site-packages/airflow/example_dags/example_xcomargs.py
[2025-03-12T20:58:13.754+0000] {processor.py:914} INFO - Processing file /home/airflow/.local/lib/python3.12/site-packages/airflow/example_dags/example_xcomargs.py for tasks to queue
[2025-03-12T20:58:13.755+0000] {logging_mixin.py:190} INFO - [2025-03-12T20:58:13.755+0000] {dagbag.py:588} INFO - Filling up the DagBag from /home/airflow/.local/lib/python3.12/site-packages/airflow/example_dags/example_xcomargs.py
[2025-03-12T20:58:13.762+0000] {processor.py:925} INFO - DAG(s) 'example_xcom_args', 'example_xcom_args_with_operators' retrieved from /home/airflow/.local/lib/python3.12/site-packages/airflow/example_dags/example_xcomargs.py
[2025-03-12T20:58:13.785+0000] {logging_mixin.py:190} INFO - [2025-03-12T20:58:13.785+0000] {dag.py:3239} INFO - Sync 2 DAGs
[2025-03-12T20:58:13.800+0000] {logging_mixin.py:190} INFO - [2025-03-12T20:58:13.800+0000] {dag.py:4180} INFO - Setting next_dagrun for example_xcom_args to None, run_after=None
[2025-03-12T20:58:13.805+0000] {logging_mixin.py:190} INFO - [2025-03-12T20:58:13.805+0000] {dag.py:4180} INFO - Setting next_dagrun for example_xcom_args_with_operators to None, run_after=None
[2025-03-12T20:58:13.823+0000] {processor.py:208} INFO - Processing /home/airflow/.local/lib/python3.12/site-packages/airflow/example_dags/example_xcomargs.py took 0.074 seconds
[2025-03-12T20:58:44.696+0000] {processor.py:186} INFO - Started process (PID=1606) to work on /home/airflow/.local/lib/python3.12/site-packages/airflow/example_dags/example_xcomargs.py
[2025-03-12T20:58:44.697+0000] {processor.py:914} INFO - Processing file /home/airflow/.local/lib/python3.12/site-packages/airflow/example_dags/example_xcomargs.py for tasks to queue
[2025-03-12T20:58:44.698+0000] {logging_mixin.py:190} INFO - [2025-03-12T20:58:44.698+0000] {dagbag.py:588} INFO - Filling up the DagBag from /home/airflow/.local/lib/python3.12/site-packages/airflow/example_dags/example_xcomargs.py
[2025-03-12T20:58:44.705+0000] {processor.py:925} INFO - DAG(s) 'example_xcom_args', 'example_xcom_args_with_operators' retrieved from /home/airflow/.local/lib/python3.12/site-packages/airflow/example_dags/example_xcomargs.py
[2025-03-12T20:58:44.721+0000] {logging_mixin.py:190} INFO - [2025-03-12T20:58:44.721+0000] {dag.py:3239} INFO - Sync 2 DAGs
[2025-03-12T20:58:44.733+0000] {logging_mixin.py:190} INFO - [2025-03-12T20:58:44.733+0000] {dag.py:4180} INFO - Setting next_dagrun for example_xcom_args to None, run_after=None
[2025-03-12T20:58:44.735+0000] {logging_mixin.py:190} INFO - [2025-03-12T20:58:44.735+0000] {dag.py:4180} INFO - Setting next_dagrun for example_xcom_args_with_operators to None, run_after=None
[2025-03-12T20:58:44.748+0000] {processor.py:208} INFO - Processing /home/airflow/.local/lib/python3.12/site-packages/airflow/example_dags/example_xcomargs.py took 0.055 seconds
[2025-03-12T20:59:15.409+0000] {processor.py:186} INFO - Started process (PID=1669) to work on /home/airflow/.local/lib/python3.12/site-packages/airflow/example_dags/example_xcomargs.py
[2025-03-12T20:59:15.410+0000] {processor.py:914} INFO - Processing file /home/airflow/.local/lib/python3.12/site-packages/airflow/example_dags/example_xcomargs.py for tasks to queue
[2025-03-12T20:59:15.411+0000] {logging_mixin.py:190} INFO - [2025-03-12T20:59:15.411+0000] {dagbag.py:588} INFO - Filling up the DagBag from /home/airflow/.local/lib/python3.12/site-packages/airflow/example_dags/example_xcomargs.py
[2025-03-12T20:59:15.417+0000] {processor.py:925} INFO - DAG(s) 'example_xcom_args_with_operators', 'example_xcom_args' retrieved from /home/airflow/.local/lib/python3.12/site-packages/airflow/example_dags/example_xcomargs.py
[2025-03-12T20:59:15.435+0000] {logging_mixin.py:190} INFO - [2025-03-12T20:59:15.435+0000] {dag.py:3239} INFO - Sync 2 DAGs
[2025-03-12T20:59:15.446+0000] {logging_mixin.py:190} INFO - [2025-03-12T20:59:15.446+0000] {dag.py:4180} INFO - Setting next_dagrun for example_xcom_args to None, run_after=None
[2025-03-12T20:59:15.449+0000] {logging_mixin.py:190} INFO - [2025-03-12T20:59:15.449+0000] {dag.py:4180} INFO - Setting next_dagrun for example_xcom_args_with_operators to None, run_after=None
[2025-03-12T20:59:15.463+0000] {processor.py:208} INFO - Processing /home/airflow/.local/lib/python3.12/site-packages/airflow/example_dags/example_xcomargs.py took 0.060 seconds
[2025-03-12T20:59:46.048+0000] {processor.py:186} INFO - Started process (PID=1732) to work on /home/airflow/.local/lib/python3.12/site-packages/airflow/example_dags/example_xcomargs.py
[2025-03-12T20:59:46.049+0000] {processor.py:914} INFO - Processing file /home/airflow/.local/lib/python3.12/site-packages/airflow/example_dags/example_xcomargs.py for tasks to queue
[2025-03-12T20:59:46.051+0000] {logging_mixin.py:190} INFO - [2025-03-12T20:59:46.051+0000] {dagbag.py:588} INFO - Filling up the DagBag from /home/airflow/.local/lib/python3.12/site-packages/airflow/example_dags/example_xcomargs.py
[2025-03-12T20:59:46.059+0000] {processor.py:925} INFO - DAG(s) 'example_xcom_args_with_operators', 'example_xcom_args' retrieved from /home/airflow/.local/lib/python3.12/site-packages/airflow/example_dags/example_xcomargs.py
[2025-03-12T20:59:46.079+0000] {logging_mixin.py:190} INFO - [2025-03-12T20:59:46.078+0000] {dag.py:3239} INFO - Sync 2 DAGs
[2025-03-12T20:59:46.091+0000] {logging_mixin.py:190} INFO - [2025-03-12T20:59:46.091+0000] {dag.py:4180} INFO - Setting next_dagrun for example_xcom_args to None, run_after=None
[2025-03-12T20:59:46.095+0000] {logging_mixin.py:190} INFO - [2025-03-12T20:59:46.095+0000] {dag.py:4180} INFO - Setting next_dagrun for example_xcom_args_with_operators to None, run_after=None
[2025-03-12T20:59:46.109+0000] {processor.py:208} INFO - Processing /home/airflow/.local/lib/python3.12/site-packages/airflow/example_dags/example_xcomargs.py took 0.065 seconds
[2025-03-12T21:00:16.691+0000] {processor.py:186} INFO - Started process (PID=1795) to work on /home/airflow/.local/lib/python3.12/site-packages/airflow/example_dags/example_xcomargs.py
[2025-03-12T21:00:16.691+0000] {processor.py:914} INFO - Processing file /home/airflow/.local/lib/python3.12/site-packages/airflow/example_dags/example_xcomargs.py for tasks to queue
[2025-03-12T21:00:16.693+0000] {logging_mixin.py:190} INFO - [2025-03-12T21:00:16.692+0000] {dagbag.py:588} INFO - Filling up the DagBag from /home/airflow/.local/lib/python3.12/site-packages/airflow/example_dags/example_xcomargs.py
[2025-03-12T21:00:16.699+0000] {processor.py:925} INFO - DAG(s) 'example_xcom_args', 'example_xcom_args_with_operators' retrieved from /home/airflow/.local/lib/python3.12/site-packages/airflow/example_dags/example_xcomargs.py
[2025-03-12T21:00:16.718+0000] {logging_mixin.py:190} INFO - [2025-03-12T21:00:16.718+0000] {dag.py:3239} INFO - Sync 2 DAGs
[2025-03-12T21:00:16.727+0000] {logging_mixin.py:190} INFO - [2025-03-12T21:00:16.727+0000] {dag.py:4180} INFO - Setting next_dagrun for example_xcom_args to None, run_after=None
[2025-03-12T21:00:16.729+0000] {logging_mixin.py:190} INFO - [2025-03-12T21:00:16.729+0000] {dag.py:4180} INFO - Setting next_dagrun for example_xcom_args_with_operators to None, run_after=None
[2025-03-12T21:00:16.743+0000] {processor.py:208} INFO - Processing /home/airflow/.local/lib/python3.12/site-packages/airflow/example_dags/example_xcomargs.py took 0.058 seconds
[2025-03-12T21:00:47.414+0000] {processor.py:186} INFO - Started process (PID=1858) to work on /home/airflow/.local/lib/python3.12/site-packages/airflow/example_dags/example_xcomargs.py
[2025-03-12T21:00:47.414+0000] {processor.py:914} INFO - Processing file /home/airflow/.local/lib/python3.12/site-packages/airflow/example_dags/example_xcomargs.py for tasks to queue
[2025-03-12T21:00:47.415+0000] {logging_mixin.py:190} INFO - [2025-03-12T21:00:47.415+0000] {dagbag.py:588} INFO - Filling up the DagBag from /home/airflow/.local/lib/python3.12/site-packages/airflow/example_dags/example_xcomargs.py
[2025-03-12T21:00:47.421+0000] {processor.py:925} INFO - DAG(s) 'example_xcom_args', 'example_xcom_args_with_operators' retrieved from /home/airflow/.local/lib/python3.12/site-packages/airflow/example_dags/example_xcomargs.py
[2025-03-12T21:00:47.439+0000] {logging_mixin.py:190} INFO - [2025-03-12T21:00:47.439+0000] {dag.py:3239} INFO - Sync 2 DAGs
[2025-03-12T21:00:47.449+0000] {logging_mixin.py:190} INFO - [2025-03-12T21:00:47.449+0000] {dag.py:4180} INFO - Setting next_dagrun for example_xcom_args to None, run_after=None
[2025-03-12T21:00:47.452+0000] {logging_mixin.py:190} INFO - [2025-03-12T21:00:47.452+0000] {dag.py:4180} INFO - Setting next_dagrun for example_xcom_args_with_operators to None, run_after=None
[2025-03-12T21:00:47.464+0000] {processor.py:208} INFO - Processing /home/airflow/.local/lib/python3.12/site-packages/airflow/example_dags/example_xcomargs.py took 0.054 seconds
[2025-03-12T21:01:18.344+0000] {processor.py:186} INFO - Started process (PID=1921) to work on /home/airflow/.local/lib/python3.12/site-packages/airflow/example_dags/example_xcomargs.py
[2025-03-12T21:01:18.345+0000] {processor.py:914} INFO - Processing file /home/airflow/.local/lib/python3.12/site-packages/airflow/example_dags/example_xcomargs.py for tasks to queue
[2025-03-12T21:01:18.346+0000] {logging_mixin.py:190} INFO - [2025-03-12T21:01:18.346+0000] {dagbag.py:588} INFO - Filling up the DagBag from /home/airflow/.local/lib/python3.12/site-packages/airflow/example_dags/example_xcomargs.py
[2025-03-12T21:01:18.353+0000] {processor.py:925} INFO - DAG(s) 'example_xcom_args', 'example_xcom_args_with_operators' retrieved from /home/airflow/.local/lib/python3.12/site-packages/airflow/example_dags/example_xcomargs.py
[2025-03-12T21:01:18.374+0000] {logging_mixin.py:190} INFO - [2025-03-12T21:01:18.374+0000] {dag.py:3239} INFO - Sync 2 DAGs
[2025-03-12T21:01:18.387+0000] {logging_mixin.py:190} INFO - [2025-03-12T21:01:18.387+0000] {dag.py:4180} INFO - Setting next_dagrun for example_xcom_args to None, run_after=None
[2025-03-12T21:01:18.390+0000] {logging_mixin.py:190} INFO - [2025-03-12T21:01:18.390+0000] {dag.py:4180} INFO - Setting next_dagrun for example_xcom_args_with_operators to None, run_after=None
[2025-03-12T21:01:18.407+0000] {processor.py:208} INFO - Processing /home/airflow/.local/lib/python3.12/site-packages/airflow/example_dags/example_xcomargs.py took 0.066 seconds
[2025-03-12T21:01:49.423+0000] {processor.py:186} INFO - Started process (PID=1984) to work on /home/airflow/.local/lib/python3.12/site-packages/airflow/example_dags/example_xcomargs.py
[2025-03-12T21:01:49.424+0000] {processor.py:914} INFO - Processing file /home/airflow/.local/lib/python3.12/site-packages/airflow/example_dags/example_xcomargs.py for tasks to queue
[2025-03-12T21:01:49.425+0000] {logging_mixin.py:190} INFO - [2025-03-12T21:01:49.425+0000] {dagbag.py:588} INFO - Filling up the DagBag from /home/airflow/.local/lib/python3.12/site-packages/airflow/example_dags/example_xcomargs.py
[2025-03-12T21:01:49.434+0000] {processor.py:925} INFO - DAG(s) 'example_xcom_args_with_operators', 'example_xcom_args' retrieved from /home/airflow/.local/lib/python3.12/site-packages/airflow/example_dags/example_xcomargs.py
[2025-03-12T21:01:49.459+0000] {logging_mixin.py:190} INFO - [2025-03-12T21:01:49.458+0000] {dag.py:3239} INFO - Sync 2 DAGs
[2025-03-12T21:01:49.474+0000] {logging_mixin.py:190} INFO - [2025-03-12T21:01:49.473+0000] {dag.py:4180} INFO - Setting next_dagrun for example_xcom_args to None, run_after=None
[2025-03-12T21:01:49.477+0000] {logging_mixin.py:190} INFO - [2025-03-12T21:01:49.476+0000] {dag.py:4180} INFO - Setting next_dagrun for example_xcom_args_with_operators to None, run_after=None
[2025-03-12T21:01:49.493+0000] {processor.py:208} INFO - Processing /home/airflow/.local/lib/python3.12/site-packages/airflow/example_dags/example_xcomargs.py took 0.075 seconds
[2025-03-12T21:02:20.097+0000] {processor.py:186} INFO - Started process (PID=2047) to work on /home/airflow/.local/lib/python3.12/site-packages/airflow/example_dags/example_xcomargs.py
[2025-03-12T21:02:20.098+0000] {processor.py:914} INFO - Processing file /home/airflow/.local/lib/python3.12/site-packages/airflow/example_dags/example_xcomargs.py for tasks to queue
[2025-03-12T21:02:20.100+0000] {logging_mixin.py:190} INFO - [2025-03-12T21:02:20.100+0000] {dagbag.py:588} INFO - Filling up the DagBag from /home/airflow/.local/lib/python3.12/site-packages/airflow/example_dags/example_xcomargs.py
[2025-03-12T21:02:20.112+0000] {processor.py:925} INFO - DAG(s) 'example_xcom_args', 'example_xcom_args_with_operators' retrieved from /home/airflow/.local/lib/python3.12/site-packages/airflow/example_dags/example_xcomargs.py
[2025-03-12T21:02:20.144+0000] {logging_mixin.py:190} INFO - [2025-03-12T21:02:20.144+0000] {dag.py:3239} INFO - Sync 2 DAGs
[2025-03-12T21:02:20.163+0000] {logging_mixin.py:190} INFO - [2025-03-12T21:02:20.163+0000] {dag.py:4180} INFO - Setting next_dagrun for example_xcom_args to None, run_after=None
[2025-03-12T21:02:20.168+0000] {logging_mixin.py:190} INFO - [2025-03-12T21:02:20.167+0000] {dag.py:4180} INFO - Setting next_dagrun for example_xcom_args_with_operators to None, run_after=None
[2025-03-12T21:02:20.187+0000] {processor.py:208} INFO - Processing /home/airflow/.local/lib/python3.12/site-packages/airflow/example_dags/example_xcomargs.py took 0.095 seconds
[2025-03-12T21:02:50.246+0000] {processor.py:186} INFO - Started process (PID=2109) to work on /home/airflow/.local/lib/python3.12/site-packages/airflow/example_dags/example_xcomargs.py
[2025-03-12T21:02:50.247+0000] {processor.py:914} INFO - Processing file /home/airflow/.local/lib/python3.12/site-packages/airflow/example_dags/example_xcomargs.py for tasks to queue
[2025-03-12T21:02:50.250+0000] {logging_mixin.py:190} INFO - [2025-03-12T21:02:50.249+0000] {dagbag.py:588} INFO - Filling up the DagBag from /home/airflow/.local/lib/python3.12/site-packages/airflow/example_dags/example_xcomargs.py
[2025-03-12T21:02:50.258+0000] {processor.py:925} INFO - DAG(s) 'example_xcom_args', 'example_xcom_args_with_operators' retrieved from /home/airflow/.local/lib/python3.12/site-packages/airflow/example_dags/example_xcomargs.py
[2025-03-12T21:02:50.280+0000] {logging_mixin.py:190} INFO - [2025-03-12T21:02:50.280+0000] {dag.py:3239} INFO - Sync 2 DAGs
[2025-03-12T21:02:50.293+0000] {logging_mixin.py:190} INFO - [2025-03-12T21:02:50.292+0000] {dag.py:4180} INFO - Setting next_dagrun for example_xcom_args to None, run_after=None
[2025-03-12T21:02:50.297+0000] {logging_mixin.py:190} INFO - [2025-03-12T21:02:50.297+0000] {dag.py:4180} INFO - Setting next_dagrun for example_xcom_args_with_operators to None, run_after=None
[2025-03-12T21:02:50.310+0000] {processor.py:208} INFO - Processing /home/airflow/.local/lib/python3.12/site-packages/airflow/example_dags/example_xcomargs.py took 0.069 seconds
[2025-03-12T21:03:20.655+0000] {processor.py:186} INFO - Started process (PID=2172) to work on /home/airflow/.local/lib/python3.12/site-packages/airflow/example_dags/example_xcomargs.py
[2025-03-12T21:03:20.656+0000] {processor.py:914} INFO - Processing file /home/airflow/.local/lib/python3.12/site-packages/airflow/example_dags/example_xcomargs.py for tasks to queue
[2025-03-12T21:03:20.657+0000] {logging_mixin.py:190} INFO - [2025-03-12T21:03:20.657+0000] {dagbag.py:588} INFO - Filling up the DagBag from /home/airflow/.local/lib/python3.12/site-packages/airflow/example_dags/example_xcomargs.py
[2025-03-12T21:03:20.664+0000] {processor.py:925} INFO - DAG(s) 'example_xcom_args_with_operators', 'example_xcom_args' retrieved from /home/airflow/.local/lib/python3.12/site-packages/airflow/example_dags/example_xcomargs.py
[2025-03-12T21:03:20.686+0000] {logging_mixin.py:190} INFO - [2025-03-12T21:03:20.686+0000] {dag.py:3239} INFO - Sync 2 DAGs
[2025-03-12T21:03:20.700+0000] {logging_mixin.py:190} INFO - [2025-03-12T21:03:20.700+0000] {dag.py:4180} INFO - Setting next_dagrun for example_xcom_args to None, run_after=None
[2025-03-12T21:03:20.705+0000] {logging_mixin.py:190} INFO - [2025-03-12T21:03:20.705+0000] {dag.py:4180} INFO - Setting next_dagrun for example_xcom_args_with_operators to None, run_after=None
[2025-03-12T21:03:20.722+0000] {processor.py:208} INFO - Processing /home/airflow/.local/lib/python3.12/site-packages/airflow/example_dags/example_xcomargs.py took 0.070 seconds
[2025-03-12T21:03:50.957+0000] {processor.py:186} INFO - Started process (PID=2235) to work on /home/airflow/.local/lib/python3.12/site-packages/airflow/example_dags/example_xcomargs.py
[2025-03-12T21:03:50.957+0000] {processor.py:914} INFO - Processing file /home/airflow/.local/lib/python3.12/site-packages/airflow/example_dags/example_xcomargs.py for tasks to queue
[2025-03-12T21:03:50.960+0000] {logging_mixin.py:190} INFO - [2025-03-12T21:03:50.960+0000] {dagbag.py:588} INFO - Filling up the DagBag from /home/airflow/.local/lib/python3.12/site-packages/airflow/example_dags/example_xcomargs.py
[2025-03-12T21:03:50.969+0000] {processor.py:925} INFO - DAG(s) 'example_xcom_args_with_operators', 'example_xcom_args' retrieved from /home/airflow/.local/lib/python3.12/site-packages/airflow/example_dags/example_xcomargs.py
[2025-03-12T21:03:50.992+0000] {logging_mixin.py:190} INFO - [2025-03-12T21:03:50.992+0000] {dag.py:3239} INFO - Sync 2 DAGs
[2025-03-12T21:03:51.010+0000] {logging_mixin.py:190} INFO - [2025-03-12T21:03:51.009+0000] {dag.py:4180} INFO - Setting next_dagrun for example_xcom_args to None, run_after=None
[2025-03-12T21:03:51.015+0000] {logging_mixin.py:190} INFO - [2025-03-12T21:03:51.015+0000] {dag.py:4180} INFO - Setting next_dagrun for example_xcom_args_with_operators to None, run_after=None
[2025-03-12T21:03:51.041+0000] {processor.py:208} INFO - Processing /home/airflow/.local/lib/python3.12/site-packages/airflow/example_dags/example_xcomargs.py took 0.090 seconds
[2025-03-12T21:04:21.697+0000] {processor.py:186} INFO - Started process (PID=2298) to work on /home/airflow/.local/lib/python3.12/site-packages/airflow/example_dags/example_xcomargs.py
[2025-03-12T21:04:21.698+0000] {processor.py:914} INFO - Processing file /home/airflow/.local/lib/python3.12/site-packages/airflow/example_dags/example_xcomargs.py for tasks to queue
[2025-03-12T21:04:21.699+0000] {logging_mixin.py:190} INFO - [2025-03-12T21:04:21.699+0000] {dagbag.py:588} INFO - Filling up the DagBag from /home/airflow/.local/lib/python3.12/site-packages/airflow/example_dags/example_xcomargs.py
[2025-03-12T21:04:21.705+0000] {processor.py:925} INFO - DAG(s) 'example_xcom_args', 'example_xcom_args_with_operators' retrieved from /home/airflow/.local/lib/python3.12/site-packages/airflow/example_dags/example_xcomargs.py
[2025-03-12T21:04:21.729+0000] {logging_mixin.py:190} INFO - [2025-03-12T21:04:21.729+0000] {dag.py:3239} INFO - Sync 2 DAGs
[2025-03-12T21:04:21.742+0000] {logging_mixin.py:190} INFO - [2025-03-12T21:04:21.741+0000] {dag.py:4180} INFO - Setting next_dagrun for example_xcom_args to None, run_after=None
[2025-03-12T21:04:21.747+0000] {logging_mixin.py:190} INFO - [2025-03-12T21:04:21.747+0000] {dag.py:4180} INFO - Setting next_dagrun for example_xcom_args_with_operators to None, run_after=None
[2025-03-12T21:04:21.764+0000] {processor.py:208} INFO - Processing /home/airflow/.local/lib/python3.12/site-packages/airflow/example_dags/example_xcomargs.py took 0.071 seconds
[2025-03-12T21:04:52.273+0000] {processor.py:186} INFO - Started process (PID=2361) to work on /home/airflow/.local/lib/python3.12/site-packages/airflow/example_dags/example_xcomargs.py
[2025-03-12T21:04:52.274+0000] {processor.py:914} INFO - Processing file /home/airflow/.local/lib/python3.12/site-packages/airflow/example_dags/example_xcomargs.py for tasks to queue
[2025-03-12T21:04:52.276+0000] {logging_mixin.py:190} INFO - [2025-03-12T21:04:52.276+0000] {dagbag.py:588} INFO - Filling up the DagBag from /home/airflow/.local/lib/python3.12/site-packages/airflow/example_dags/example_xcomargs.py
[2025-03-12T21:04:52.281+0000] {processor.py:925} INFO - DAG(s) 'example_xcom_args', 'example_xcom_args_with_operators' retrieved from /home/airflow/.local/lib/python3.12/site-packages/airflow/example_dags/example_xcomargs.py
[2025-03-12T21:04:52.297+0000] {logging_mixin.py:190} INFO - [2025-03-12T21:04:52.297+0000] {dag.py:3239} INFO - Sync 2 DAGs
[2025-03-12T21:04:52.306+0000] {logging_mixin.py:190} INFO - [2025-03-12T21:04:52.306+0000] {dag.py:4180} INFO - Setting next_dagrun for example_xcom_args to None, run_after=None
[2025-03-12T21:04:52.309+0000] {logging_mixin.py:190} INFO - [2025-03-12T21:04:52.309+0000] {dag.py:4180} INFO - Setting next_dagrun for example_xcom_args_with_operators to None, run_after=None
[2025-03-12T21:04:52.321+0000] {processor.py:208} INFO - Processing /home/airflow/.local/lib/python3.12/site-packages/airflow/example_dags/example_xcomargs.py took 0.054 seconds
[2025-03-12T21:05:23.002+0000] {processor.py:186} INFO - Started process (PID=2424) to work on /home/airflow/.local/lib/python3.12/site-packages/airflow/example_dags/example_xcomargs.py
[2025-03-12T21:05:23.002+0000] {processor.py:914} INFO - Processing file /home/airflow/.local/lib/python3.12/site-packages/airflow/example_dags/example_xcomargs.py for tasks to queue
[2025-03-12T21:05:23.004+0000] {logging_mixin.py:190} INFO - [2025-03-12T21:05:23.004+0000] {dagbag.py:588} INFO - Filling up the DagBag from /home/airflow/.local/lib/python3.12/site-packages/airflow/example_dags/example_xcomargs.py
[2025-03-12T21:05:23.012+0000] {processor.py:925} INFO - DAG(s) 'example_xcom_args_with_operators', 'example_xcom_args' retrieved from /home/airflow/.local/lib/python3.12/site-packages/airflow/example_dags/example_xcomargs.py
[2025-03-12T21:05:23.036+0000] {logging_mixin.py:190} INFO - [2025-03-12T21:05:23.036+0000] {dag.py:3239} INFO - Sync 2 DAGs
[2025-03-12T21:05:23.049+0000] {logging_mixin.py:190} INFO - [2025-03-12T21:05:23.049+0000] {dag.py:4180} INFO - Setting next_dagrun for example_xcom_args to None, run_after=None
[2025-03-12T21:05:23.054+0000] {logging_mixin.py:190} INFO - [2025-03-12T21:05:23.053+0000] {dag.py:4180} INFO - Setting next_dagrun for example_xcom_args_with_operators to None, run_after=None
[2025-03-12T21:05:23.073+0000] {processor.py:208} INFO - Processing /home/airflow/.local/lib/python3.12/site-packages/airflow/example_dags/example_xcomargs.py took 0.076 seconds
[2025-03-12T21:05:53.394+0000] {processor.py:186} INFO - Started process (PID=2487) to work on /home/airflow/.local/lib/python3.12/site-packages/airflow/example_dags/example_xcomargs.py
[2025-03-12T21:05:53.395+0000] {processor.py:914} INFO - Processing file /home/airflow/.local/lib/python3.12/site-packages/airflow/example_dags/example_xcomargs.py for tasks to queue
[2025-03-12T21:05:53.398+0000] {logging_mixin.py:190} INFO - [2025-03-12T21:05:53.397+0000] {dagbag.py:588} INFO - Filling up the DagBag from /home/airflow/.local/lib/python3.12/site-packages/airflow/example_dags/example_xcomargs.py
[2025-03-12T21:05:53.406+0000] {processor.py:925} INFO - DAG(s) 'example_xcom_args', 'example_xcom_args_with_operators' retrieved from /home/airflow/.local/lib/python3.12/site-packages/airflow/example_dags/example_xcomargs.py
[2025-03-12T21:05:53.428+0000] {logging_mixin.py:190} INFO - [2025-03-12T21:05:53.428+0000] {dag.py:3239} INFO - Sync 2 DAGs
[2025-03-12T21:05:53.437+0000] {logging_mixin.py:190} INFO - [2025-03-12T21:05:53.437+0000] {dag.py:4180} INFO - Setting next_dagrun for example_xcom_args to None, run_after=None
[2025-03-12T21:05:53.439+0000] {logging_mixin.py:190} INFO - [2025-03-12T21:05:53.439+0000] {dag.py:4180} INFO - Setting next_dagrun for example_xcom_args_with_operators to None, run_after=None
[2025-03-12T21:05:53.449+0000] {processor.py:208} INFO - Processing /home/airflow/.local/lib/python3.12/site-packages/airflow/example_dags/example_xcomargs.py took 0.059 seconds
[2025-03-12T21:06:24.229+0000] {processor.py:186} INFO - Started process (PID=2550) to work on /home/airflow/.local/lib/python3.12/site-packages/airflow/example_dags/example_xcomargs.py
[2025-03-12T21:06:24.230+0000] {processor.py:914} INFO - Processing file /home/airflow/.local/lib/python3.12/site-packages/airflow/example_dags/example_xcomargs.py for tasks to queue
[2025-03-12T21:06:24.233+0000] {logging_mixin.py:190} INFO - [2025-03-12T21:06:24.232+0000] {dagbag.py:588} INFO - Filling up the DagBag from /home/airflow/.local/lib/python3.12/site-packages/airflow/example_dags/example_xcomargs.py
[2025-03-12T21:06:24.241+0000] {processor.py:925} INFO - DAG(s) 'example_xcom_args', 'example_xcom_args_with_operators' retrieved from /home/airflow/.local/lib/python3.12/site-packages/airflow/example_dags/example_xcomargs.py
[2025-03-12T21:06:24.261+0000] {logging_mixin.py:190} INFO - [2025-03-12T21:06:24.261+0000] {dag.py:3239} INFO - Sync 2 DAGs
[2025-03-12T21:06:24.275+0000] {logging_mixin.py:190} INFO - [2025-03-12T21:06:24.275+0000] {dag.py:4180} INFO - Setting next_dagrun for example_xcom_args to None, run_after=None
[2025-03-12T21:06:24.278+0000] {logging_mixin.py:190} INFO - [2025-03-12T21:06:24.277+0000] {dag.py:4180} INFO - Setting next_dagrun for example_xcom_args_with_operators to None, run_after=None
[2025-03-12T21:06:24.293+0000] {processor.py:208} INFO - Processing /home/airflow/.local/lib/python3.12/site-packages/airflow/example_dags/example_xcomargs.py took 0.069 seconds
[2025-03-12T21:06:54.805+0000] {processor.py:186} INFO - Started process (PID=2613) to work on /home/airflow/.local/lib/python3.12/site-packages/airflow/example_dags/example_xcomargs.py
[2025-03-12T21:06:54.806+0000] {processor.py:914} INFO - Processing file /home/airflow/.local/lib/python3.12/site-packages/airflow/example_dags/example_xcomargs.py for tasks to queue
[2025-03-12T21:06:54.808+0000] {logging_mixin.py:190} INFO - [2025-03-12T21:06:54.808+0000] {dagbag.py:588} INFO - Filling up the DagBag from /home/airflow/.local/lib/python3.12/site-packages/airflow/example_dags/example_xcomargs.py
[2025-03-12T21:06:54.816+0000] {processor.py:925} INFO - DAG(s) 'example_xcom_args_with_operators', 'example_xcom_args' retrieved from /home/airflow/.local/lib/python3.12/site-packages/airflow/example_dags/example_xcomargs.py
[2025-03-12T21:06:54.836+0000] {logging_mixin.py:190} INFO - [2025-03-12T21:06:54.836+0000] {dag.py:3239} INFO - Sync 2 DAGs
[2025-03-12T21:06:54.847+0000] {logging_mixin.py:190} INFO - [2025-03-12T21:06:54.847+0000] {dag.py:4180} INFO - Setting next_dagrun for example_xcom_args to None, run_after=None
[2025-03-12T21:06:54.850+0000] {logging_mixin.py:190} INFO - [2025-03-12T21:06:54.850+0000] {dag.py:4180} INFO - Setting next_dagrun for example_xcom_args_with_operators to None, run_after=None
[2025-03-12T21:06:54.861+0000] {processor.py:208} INFO - Processing /home/airflow/.local/lib/python3.12/site-packages/airflow/example_dags/example_xcomargs.py took 0.061 seconds
[2025-03-12T21:07:25.804+0000] {processor.py:186} INFO - Started process (PID=2682) to work on /home/airflow/.local/lib/python3.12/site-packages/airflow/example_dags/example_xcomargs.py
[2025-03-12T21:07:25.805+0000] {processor.py:914} INFO - Processing file /home/airflow/.local/lib/python3.12/site-packages/airflow/example_dags/example_xcomargs.py for tasks to queue
[2025-03-12T21:07:25.807+0000] {logging_mixin.py:190} INFO - [2025-03-12T21:07:25.806+0000] {dagbag.py:588} INFO - Filling up the DagBag from /home/airflow/.local/lib/python3.12/site-packages/airflow/example_dags/example_xcomargs.py
[2025-03-12T21:07:25.812+0000] {processor.py:925} INFO - DAG(s) 'example_xcom_args_with_operators', 'example_xcom_args' retrieved from /home/airflow/.local/lib/python3.12/site-packages/airflow/example_dags/example_xcomargs.py
[2025-03-12T21:07:25.830+0000] {logging_mixin.py:190} INFO - [2025-03-12T21:07:25.830+0000] {dag.py:3239} INFO - Sync 2 DAGs
[2025-03-12T21:07:25.841+0000] {logging_mixin.py:190} INFO - [2025-03-12T21:07:25.841+0000] {dag.py:4180} INFO - Setting next_dagrun for example_xcom_args to None, run_after=None
[2025-03-12T21:07:25.843+0000] {logging_mixin.py:190} INFO - [2025-03-12T21:07:25.843+0000] {dag.py:4180} INFO - Setting next_dagrun for example_xcom_args_with_operators to None, run_after=None
[2025-03-12T21:07:25.856+0000] {processor.py:208} INFO - Processing /home/airflow/.local/lib/python3.12/site-packages/airflow/example_dags/example_xcomargs.py took 0.056 seconds
[2025-03-12T21:07:56.268+0000] {processor.py:186} INFO - Started process (PID=2745) to work on /home/airflow/.local/lib/python3.12/site-packages/airflow/example_dags/example_xcomargs.py
[2025-03-12T21:07:56.269+0000] {processor.py:914} INFO - Processing file /home/airflow/.local/lib/python3.12/site-packages/airflow/example_dags/example_xcomargs.py for tasks to queue
[2025-03-12T21:07:56.271+0000] {logging_mixin.py:190} INFO - [2025-03-12T21:07:56.270+0000] {dagbag.py:588} INFO - Filling up the DagBag from /home/airflow/.local/lib/python3.12/site-packages/airflow/example_dags/example_xcomargs.py
[2025-03-12T21:07:56.280+0000] {processor.py:925} INFO - DAG(s) 'example_xcom_args', 'example_xcom_args_with_operators' retrieved from /home/airflow/.local/lib/python3.12/site-packages/airflow/example_dags/example_xcomargs.py
[2025-03-12T21:07:56.296+0000] {logging_mixin.py:190} INFO - [2025-03-12T21:07:56.295+0000] {dag.py:3239} INFO - Sync 2 DAGs
[2025-03-12T21:07:56.307+0000] {logging_mixin.py:190} INFO - [2025-03-12T21:07:56.307+0000] {dag.py:4180} INFO - Setting next_dagrun for example_xcom_args to None, run_after=None
[2025-03-12T21:07:56.310+0000] {logging_mixin.py:190} INFO - [2025-03-12T21:07:56.309+0000] {dag.py:4180} INFO - Setting next_dagrun for example_xcom_args_with_operators to None, run_after=None
[2025-03-12T21:07:56.323+0000] {processor.py:208} INFO - Processing /home/airflow/.local/lib/python3.12/site-packages/airflow/example_dags/example_xcomargs.py took 0.061 seconds
[2025-03-12T21:08:26.563+0000] {processor.py:186} INFO - Started process (PID=2808) to work on /home/airflow/.local/lib/python3.12/site-packages/airflow/example_dags/example_xcomargs.py
[2025-03-12T21:08:26.565+0000] {processor.py:914} INFO - Processing file /home/airflow/.local/lib/python3.12/site-packages/airflow/example_dags/example_xcomargs.py for tasks to queue
[2025-03-12T21:08:26.566+0000] {logging_mixin.py:190} INFO - [2025-03-12T21:08:26.566+0000] {dagbag.py:588} INFO - Filling up the DagBag from /home/airflow/.local/lib/python3.12/site-packages/airflow/example_dags/example_xcomargs.py
[2025-03-12T21:08:26.572+0000] {processor.py:925} INFO - DAG(s) 'example_xcom_args', 'example_xcom_args_with_operators' retrieved from /home/airflow/.local/lib/python3.12/site-packages/airflow/example_dags/example_xcomargs.py
[2025-03-12T21:08:26.594+0000] {logging_mixin.py:190} INFO - [2025-03-12T21:08:26.594+0000] {dag.py:3239} INFO - Sync 2 DAGs
[2025-03-12T21:08:26.606+0000] {logging_mixin.py:190} INFO - [2025-03-12T21:08:26.606+0000] {dag.py:4180} INFO - Setting next_dagrun for example_xcom_args to None, run_after=None
[2025-03-12T21:08:26.610+0000] {logging_mixin.py:190} INFO - [2025-03-12T21:08:26.610+0000] {dag.py:4180} INFO - Setting next_dagrun for example_xcom_args_with_operators to None, run_after=None
[2025-03-12T21:08:26.625+0000] {processor.py:208} INFO - Processing /home/airflow/.local/lib/python3.12/site-packages/airflow/example_dags/example_xcomargs.py took 0.066 seconds
