[2025-03-12T20:46:29.186+0000] {processor.py:186} INFO - Started process (PID=109) to work on /home/airflow/.local/lib/python3.12/site-packages/airflow/example_dags/example_latest_only_with_trigger.py
[2025-03-12T20:46:29.187+0000] {processor.py:914} INFO - Processing file /home/airflow/.local/lib/python3.12/site-packages/airflow/example_dags/example_latest_only_with_trigger.py for tasks to queue
[2025-03-12T20:46:29.189+0000] {logging_mixin.py:190} INFO - [2025-03-12T20:46:29.188+0000] {dagbag.py:588} INFO - Filling up the DagBag from /home/airflow/.local/lib/python3.12/site-packages/airflow/example_dags/example_latest_only_with_trigger.py
[2025-03-12T20:46:29.195+0000] {processor.py:925} INFO - DAG(s) 'latest_only_with_trigger' retrieved from /home/airflow/.local/lib/python3.12/site-packages/airflow/example_dags/example_latest_only_with_trigger.py
[2025-03-12T20:46:29.260+0000] {logging_mixin.py:190} INFO - [2025-03-12T20:46:29.259+0000] {override.py:1912} INFO - Created Permission View: can edit on DAG:latest_only_with_trigger
[2025-03-12T20:46:29.269+0000] {logging_mixin.py:190} INFO - [2025-03-12T20:46:29.269+0000] {override.py:1912} INFO - Created Permission View: can read on DAG:latest_only_with_trigger
[2025-03-12T20:46:29.275+0000] {logging_mixin.py:190} INFO - [2025-03-12T20:46:29.275+0000] {override.py:1912} INFO - Created Permission View: can delete on DAG:latest_only_with_trigger
[2025-03-12T20:46:29.281+0000] {logging_mixin.py:190} INFO - [2025-03-12T20:46:29.280+0000] {override.py:1912} INFO - Created Permission View: menu access on DAG Run:latest_only_with_trigger
[2025-03-12T20:46:29.285+0000] {logging_mixin.py:190} INFO - [2025-03-12T20:46:29.285+0000] {override.py:1912} INFO - Created Permission View: can create on DAG Run:latest_only_with_trigger
[2025-03-12T20:46:29.290+0000] {logging_mixin.py:190} INFO - [2025-03-12T20:46:29.290+0000] {override.py:1912} INFO - Created Permission View: can read on DAG Run:latest_only_with_trigger
[2025-03-12T20:46:29.297+0000] {logging_mixin.py:190} INFO - [2025-03-12T20:46:29.296+0000] {override.py:1912} INFO - Created Permission View: can delete on DAG Run:latest_only_with_trigger
[2025-03-12T20:46:29.297+0000] {logging_mixin.py:190} INFO - [2025-03-12T20:46:29.297+0000] {dag.py:3239} INFO - Sync 1 DAGs
[2025-03-12T20:46:29.307+0000] {logging_mixin.py:190} INFO - [2025-03-12T20:46:29.307+0000] {dag.py:3262} INFO - Creating ORM DAG for latest_only_with_trigger
[2025-03-12T20:46:29.317+0000] {logging_mixin.py:190} INFO - [2025-03-12T20:46:29.317+0000] {dag.py:4180} INFO - Setting next_dagrun for latest_only_with_trigger to 2025-03-12 16:00:00+00:00, run_after=2025-03-12 20:00:00+00:00
[2025-03-12T20:46:29.332+0000] {processor.py:208} INFO - Processing /home/airflow/.local/lib/python3.12/site-packages/airflow/example_dags/example_latest_only_with_trigger.py took 0.150 seconds
[2025-03-12T20:46:59.527+0000] {processor.py:186} INFO - Started process (PID=172) to work on /home/airflow/.local/lib/python3.12/site-packages/airflow/example_dags/example_latest_only_with_trigger.py
[2025-03-12T20:46:59.528+0000] {processor.py:914} INFO - Processing file /home/airflow/.local/lib/python3.12/site-packages/airflow/example_dags/example_latest_only_with_trigger.py for tasks to queue
[2025-03-12T20:46:59.529+0000] {logging_mixin.py:190} INFO - [2025-03-12T20:46:59.529+0000] {dagbag.py:588} INFO - Filling up the DagBag from /home/airflow/.local/lib/python3.12/site-packages/airflow/example_dags/example_latest_only_with_trigger.py
[2025-03-12T20:46:59.534+0000] {processor.py:925} INFO - DAG(s) 'latest_only_with_trigger' retrieved from /home/airflow/.local/lib/python3.12/site-packages/airflow/example_dags/example_latest_only_with_trigger.py
[2025-03-12T20:46:59.551+0000] {logging_mixin.py:190} INFO - [2025-03-12T20:46:59.551+0000] {dag.py:3239} INFO - Sync 1 DAGs
[2025-03-12T20:46:59.571+0000] {logging_mixin.py:190} INFO - [2025-03-12T20:46:59.571+0000] {dag.py:4180} INFO - Setting next_dagrun for latest_only_with_trigger to 2025-03-12 16:00:00+00:00, run_after=2025-03-12 20:00:00+00:00
[2025-03-12T20:46:59.586+0000] {processor.py:208} INFO - Processing /home/airflow/.local/lib/python3.12/site-packages/airflow/example_dags/example_latest_only_with_trigger.py took 0.063 seconds
[2025-03-12T20:47:30.045+0000] {processor.py:186} INFO - Started process (PID=235) to work on /home/airflow/.local/lib/python3.12/site-packages/airflow/example_dags/example_latest_only_with_trigger.py
[2025-03-12T20:47:30.047+0000] {processor.py:914} INFO - Processing file /home/airflow/.local/lib/python3.12/site-packages/airflow/example_dags/example_latest_only_with_trigger.py for tasks to queue
[2025-03-12T20:47:30.049+0000] {logging_mixin.py:190} INFO - [2025-03-12T20:47:30.048+0000] {dagbag.py:588} INFO - Filling up the DagBag from /home/airflow/.local/lib/python3.12/site-packages/airflow/example_dags/example_latest_only_with_trigger.py
[2025-03-12T20:47:30.055+0000] {processor.py:925} INFO - DAG(s) 'latest_only_with_trigger' retrieved from /home/airflow/.local/lib/python3.12/site-packages/airflow/example_dags/example_latest_only_with_trigger.py
[2025-03-12T20:47:30.078+0000] {logging_mixin.py:190} INFO - [2025-03-12T20:47:30.078+0000] {dag.py:3239} INFO - Sync 1 DAGs
[2025-03-12T20:47:30.101+0000] {logging_mixin.py:190} INFO - [2025-03-12T20:47:30.100+0000] {dag.py:4180} INFO - Setting next_dagrun for latest_only_with_trigger to 2025-03-12 16:00:00+00:00, run_after=2025-03-12 20:00:00+00:00
[2025-03-12T20:47:30.112+0000] {processor.py:208} INFO - Processing /home/airflow/.local/lib/python3.12/site-packages/airflow/example_dags/example_latest_only_with_trigger.py took 0.072 seconds
[2025-03-12T20:48:01.057+0000] {processor.py:186} INFO - Started process (PID=298) to work on /home/airflow/.local/lib/python3.12/site-packages/airflow/example_dags/example_latest_only_with_trigger.py
[2025-03-12T20:48:01.058+0000] {processor.py:914} INFO - Processing file /home/airflow/.local/lib/python3.12/site-packages/airflow/example_dags/example_latest_only_with_trigger.py for tasks to queue
[2025-03-12T20:48:01.059+0000] {logging_mixin.py:190} INFO - [2025-03-12T20:48:01.059+0000] {dagbag.py:588} INFO - Filling up the DagBag from /home/airflow/.local/lib/python3.12/site-packages/airflow/example_dags/example_latest_only_with_trigger.py
[2025-03-12T20:48:01.065+0000] {processor.py:925} INFO - DAG(s) 'latest_only_with_trigger' retrieved from /home/airflow/.local/lib/python3.12/site-packages/airflow/example_dags/example_latest_only_with_trigger.py
[2025-03-12T20:48:01.080+0000] {logging_mixin.py:190} INFO - [2025-03-12T20:48:01.080+0000] {dag.py:3239} INFO - Sync 1 DAGs
[2025-03-12T20:48:01.101+0000] {logging_mixin.py:190} INFO - [2025-03-12T20:48:01.101+0000] {dag.py:4180} INFO - Setting next_dagrun for latest_only_with_trigger to 2025-03-12 16:00:00+00:00, run_after=2025-03-12 20:00:00+00:00
[2025-03-12T20:48:01.123+0000] {processor.py:208} INFO - Processing /home/airflow/.local/lib/python3.12/site-packages/airflow/example_dags/example_latest_only_with_trigger.py took 0.070 seconds
[2025-03-12T20:48:32.039+0000] {processor.py:186} INFO - Started process (PID=361) to work on /home/airflow/.local/lib/python3.12/site-packages/airflow/example_dags/example_latest_only_with_trigger.py
[2025-03-12T20:48:32.041+0000] {processor.py:914} INFO - Processing file /home/airflow/.local/lib/python3.12/site-packages/airflow/example_dags/example_latest_only_with_trigger.py for tasks to queue
[2025-03-12T20:48:32.043+0000] {logging_mixin.py:190} INFO - [2025-03-12T20:48:32.043+0000] {dagbag.py:588} INFO - Filling up the DagBag from /home/airflow/.local/lib/python3.12/site-packages/airflow/example_dags/example_latest_only_with_trigger.py
[2025-03-12T20:48:32.051+0000] {processor.py:925} INFO - DAG(s) 'latest_only_with_trigger' retrieved from /home/airflow/.local/lib/python3.12/site-packages/airflow/example_dags/example_latest_only_with_trigger.py
[2025-03-12T20:48:32.071+0000] {logging_mixin.py:190} INFO - [2025-03-12T20:48:32.071+0000] {dag.py:3239} INFO - Sync 1 DAGs
[2025-03-12T20:48:32.095+0000] {logging_mixin.py:190} INFO - [2025-03-12T20:48:32.094+0000] {dag.py:4180} INFO - Setting next_dagrun for latest_only_with_trigger to 2025-03-12 16:00:00+00:00, run_after=2025-03-12 20:00:00+00:00
[2025-03-12T20:48:32.116+0000] {processor.py:208} INFO - Processing /home/airflow/.local/lib/python3.12/site-packages/airflow/example_dags/example_latest_only_with_trigger.py took 0.082 seconds
[2025-03-12T20:49:02.326+0000] {processor.py:186} INFO - Started process (PID=424) to work on /home/airflow/.local/lib/python3.12/site-packages/airflow/example_dags/example_latest_only_with_trigger.py
[2025-03-12T20:49:02.327+0000] {processor.py:914} INFO - Processing file /home/airflow/.local/lib/python3.12/site-packages/airflow/example_dags/example_latest_only_with_trigger.py for tasks to queue
[2025-03-12T20:49:02.329+0000] {logging_mixin.py:190} INFO - [2025-03-12T20:49:02.329+0000] {dagbag.py:588} INFO - Filling up the DagBag from /home/airflow/.local/lib/python3.12/site-packages/airflow/example_dags/example_latest_only_with_trigger.py
[2025-03-12T20:49:02.334+0000] {processor.py:925} INFO - DAG(s) 'latest_only_with_trigger' retrieved from /home/airflow/.local/lib/python3.12/site-packages/airflow/example_dags/example_latest_only_with_trigger.py
[2025-03-12T20:49:02.350+0000] {logging_mixin.py:190} INFO - [2025-03-12T20:49:02.349+0000] {dag.py:3239} INFO - Sync 1 DAGs
[2025-03-12T20:49:02.369+0000] {logging_mixin.py:190} INFO - [2025-03-12T20:49:02.369+0000] {dag.py:4180} INFO - Setting next_dagrun for latest_only_with_trigger to 2025-03-12 16:00:00+00:00, run_after=2025-03-12 20:00:00+00:00
[2025-03-12T20:49:02.385+0000] {processor.py:208} INFO - Processing /home/airflow/.local/lib/python3.12/site-packages/airflow/example_dags/example_latest_only_with_trigger.py took 0.063 seconds
[2025-03-12T20:49:33.097+0000] {processor.py:186} INFO - Started process (PID=487) to work on /home/airflow/.local/lib/python3.12/site-packages/airflow/example_dags/example_latest_only_with_trigger.py
[2025-03-12T20:49:33.098+0000] {processor.py:914} INFO - Processing file /home/airflow/.local/lib/python3.12/site-packages/airflow/example_dags/example_latest_only_with_trigger.py for tasks to queue
[2025-03-12T20:49:33.100+0000] {logging_mixin.py:190} INFO - [2025-03-12T20:49:33.100+0000] {dagbag.py:588} INFO - Filling up the DagBag from /home/airflow/.local/lib/python3.12/site-packages/airflow/example_dags/example_latest_only_with_trigger.py
[2025-03-12T20:49:33.105+0000] {processor.py:925} INFO - DAG(s) 'latest_only_with_trigger' retrieved from /home/airflow/.local/lib/python3.12/site-packages/airflow/example_dags/example_latest_only_with_trigger.py
[2025-03-12T20:49:33.119+0000] {logging_mixin.py:190} INFO - [2025-03-12T20:49:33.119+0000] {dag.py:3239} INFO - Sync 1 DAGs
[2025-03-12T20:49:33.131+0000] {logging_mixin.py:190} INFO - [2025-03-12T20:49:33.131+0000] {dag.py:4180} INFO - Setting next_dagrun for latest_only_with_trigger to 2025-03-12 16:00:00+00:00, run_after=2025-03-12 20:00:00+00:00
[2025-03-12T20:49:33.141+0000] {processor.py:208} INFO - Processing /home/airflow/.local/lib/python3.12/site-packages/airflow/example_dags/example_latest_only_with_trigger.py took 0.049 seconds
[2025-03-12T20:50:03.533+0000] {processor.py:186} INFO - Started process (PID=550) to work on /home/airflow/.local/lib/python3.12/site-packages/airflow/example_dags/example_latest_only_with_trigger.py
[2025-03-12T20:50:03.534+0000] {processor.py:914} INFO - Processing file /home/airflow/.local/lib/python3.12/site-packages/airflow/example_dags/example_latest_only_with_trigger.py for tasks to queue
[2025-03-12T20:50:03.536+0000] {logging_mixin.py:190} INFO - [2025-03-12T20:50:03.536+0000] {dagbag.py:588} INFO - Filling up the DagBag from /home/airflow/.local/lib/python3.12/site-packages/airflow/example_dags/example_latest_only_with_trigger.py
[2025-03-12T20:50:03.541+0000] {processor.py:925} INFO - DAG(s) 'latest_only_with_trigger' retrieved from /home/airflow/.local/lib/python3.12/site-packages/airflow/example_dags/example_latest_only_with_trigger.py
[2025-03-12T20:50:03.558+0000] {logging_mixin.py:190} INFO - [2025-03-12T20:50:03.558+0000] {dag.py:3239} INFO - Sync 1 DAGs
[2025-03-12T20:50:03.580+0000] {logging_mixin.py:190} INFO - [2025-03-12T20:50:03.580+0000] {dag.py:4180} INFO - Setting next_dagrun for latest_only_with_trigger to 2025-03-12 16:00:00+00:00, run_after=2025-03-12 20:00:00+00:00
[2025-03-12T20:50:03.600+0000] {processor.py:208} INFO - Processing /home/airflow/.local/lib/python3.12/site-packages/airflow/example_dags/example_latest_only_with_trigger.py took 0.071 seconds
[2025-03-12T20:50:34.145+0000] {processor.py:186} INFO - Started process (PID=613) to work on /home/airflow/.local/lib/python3.12/site-packages/airflow/example_dags/example_latest_only_with_trigger.py
[2025-03-12T20:50:34.146+0000] {processor.py:914} INFO - Processing file /home/airflow/.local/lib/python3.12/site-packages/airflow/example_dags/example_latest_only_with_trigger.py for tasks to queue
[2025-03-12T20:50:34.147+0000] {logging_mixin.py:190} INFO - [2025-03-12T20:50:34.147+0000] {dagbag.py:588} INFO - Filling up the DagBag from /home/airflow/.local/lib/python3.12/site-packages/airflow/example_dags/example_latest_only_with_trigger.py
[2025-03-12T20:50:34.152+0000] {processor.py:925} INFO - DAG(s) 'latest_only_with_trigger' retrieved from /home/airflow/.local/lib/python3.12/site-packages/airflow/example_dags/example_latest_only_with_trigger.py
[2025-03-12T20:50:34.169+0000] {logging_mixin.py:190} INFO - [2025-03-12T20:50:34.169+0000] {dag.py:3239} INFO - Sync 1 DAGs
[2025-03-12T20:50:34.189+0000] {logging_mixin.py:190} INFO - [2025-03-12T20:50:34.189+0000] {dag.py:4180} INFO - Setting next_dagrun for latest_only_with_trigger to 2025-03-12 16:00:00+00:00, run_after=2025-03-12 20:00:00+00:00
[2025-03-12T20:50:34.204+0000] {processor.py:208} INFO - Processing /home/airflow/.local/lib/python3.12/site-packages/airflow/example_dags/example_latest_only_with_trigger.py took 0.063 seconds
[2025-03-12T20:51:04.505+0000] {processor.py:186} INFO - Started process (PID=676) to work on /home/airflow/.local/lib/python3.12/site-packages/airflow/example_dags/example_latest_only_with_trigger.py
[2025-03-12T20:51:04.505+0000] {processor.py:914} INFO - Processing file /home/airflow/.local/lib/python3.12/site-packages/airflow/example_dags/example_latest_only_with_trigger.py for tasks to queue
[2025-03-12T20:51:04.507+0000] {logging_mixin.py:190} INFO - [2025-03-12T20:51:04.507+0000] {dagbag.py:588} INFO - Filling up the DagBag from /home/airflow/.local/lib/python3.12/site-packages/airflow/example_dags/example_latest_only_with_trigger.py
[2025-03-12T20:51:04.511+0000] {processor.py:925} INFO - DAG(s) 'latest_only_with_trigger' retrieved from /home/airflow/.local/lib/python3.12/site-packages/airflow/example_dags/example_latest_only_with_trigger.py
[2025-03-12T20:51:04.527+0000] {logging_mixin.py:190} INFO - [2025-03-12T20:51:04.527+0000] {dag.py:3239} INFO - Sync 1 DAGs
[2025-03-12T20:51:04.539+0000] {logging_mixin.py:190} INFO - [2025-03-12T20:51:04.539+0000] {dag.py:4180} INFO - Setting next_dagrun for latest_only_with_trigger to 2025-03-12 16:00:00+00:00, run_after=2025-03-12 20:00:00+00:00
[2025-03-12T20:51:04.551+0000] {processor.py:208} INFO - Processing /home/airflow/.local/lib/python3.12/site-packages/airflow/example_dags/example_latest_only_with_trigger.py took 0.050 seconds
[2025-03-12T20:51:34.985+0000] {processor.py:186} INFO - Started process (PID=739) to work on /home/airflow/.local/lib/python3.12/site-packages/airflow/example_dags/example_latest_only_with_trigger.py
[2025-03-12T20:51:34.985+0000] {processor.py:914} INFO - Processing file /home/airflow/.local/lib/python3.12/site-packages/airflow/example_dags/example_latest_only_with_trigger.py for tasks to queue
[2025-03-12T20:51:34.987+0000] {logging_mixin.py:190} INFO - [2025-03-12T20:51:34.986+0000] {dagbag.py:588} INFO - Filling up the DagBag from /home/airflow/.local/lib/python3.12/site-packages/airflow/example_dags/example_latest_only_with_trigger.py
[2025-03-12T20:51:34.993+0000] {processor.py:925} INFO - DAG(s) 'latest_only_with_trigger' retrieved from /home/airflow/.local/lib/python3.12/site-packages/airflow/example_dags/example_latest_only_with_trigger.py
[2025-03-12T20:51:35.008+0000] {logging_mixin.py:190} INFO - [2025-03-12T20:51:35.008+0000] {dag.py:3239} INFO - Sync 1 DAGs
[2025-03-12T20:51:35.026+0000] {logging_mixin.py:190} INFO - [2025-03-12T20:51:35.026+0000] {dag.py:4180} INFO - Setting next_dagrun for latest_only_with_trigger to 2025-03-12 16:00:00+00:00, run_after=2025-03-12 20:00:00+00:00
[2025-03-12T20:51:35.040+0000] {processor.py:208} INFO - Processing /home/airflow/.local/lib/python3.12/site-packages/airflow/example_dags/example_latest_only_with_trigger.py took 0.061 seconds
[2025-03-12T20:52:06.072+0000] {processor.py:186} INFO - Started process (PID=802) to work on /home/airflow/.local/lib/python3.12/site-packages/airflow/example_dags/example_latest_only_with_trigger.py
[2025-03-12T20:52:06.073+0000] {processor.py:914} INFO - Processing file /home/airflow/.local/lib/python3.12/site-packages/airflow/example_dags/example_latest_only_with_trigger.py for tasks to queue
[2025-03-12T20:52:06.074+0000] {logging_mixin.py:190} INFO - [2025-03-12T20:52:06.074+0000] {dagbag.py:588} INFO - Filling up the DagBag from /home/airflow/.local/lib/python3.12/site-packages/airflow/example_dags/example_latest_only_with_trigger.py
[2025-03-12T20:52:06.078+0000] {processor.py:925} INFO - DAG(s) 'latest_only_with_trigger' retrieved from /home/airflow/.local/lib/python3.12/site-packages/airflow/example_dags/example_latest_only_with_trigger.py
[2025-03-12T20:52:06.094+0000] {logging_mixin.py:190} INFO - [2025-03-12T20:52:06.094+0000] {dag.py:3239} INFO - Sync 1 DAGs
[2025-03-12T20:52:06.110+0000] {logging_mixin.py:190} INFO - [2025-03-12T20:52:06.110+0000] {dag.py:4180} INFO - Setting next_dagrun for latest_only_with_trigger to 2025-03-12 16:00:00+00:00, run_after=2025-03-12 20:00:00+00:00
[2025-03-12T20:52:06.124+0000] {processor.py:208} INFO - Processing /home/airflow/.local/lib/python3.12/site-packages/airflow/example_dags/example_latest_only_with_trigger.py took 0.054 seconds
[2025-03-12T20:52:36.889+0000] {processor.py:186} INFO - Started process (PID=865) to work on /home/airflow/.local/lib/python3.12/site-packages/airflow/example_dags/example_latest_only_with_trigger.py
[2025-03-12T20:52:36.890+0000] {processor.py:914} INFO - Processing file /home/airflow/.local/lib/python3.12/site-packages/airflow/example_dags/example_latest_only_with_trigger.py for tasks to queue
[2025-03-12T20:52:36.892+0000] {logging_mixin.py:190} INFO - [2025-03-12T20:52:36.892+0000] {dagbag.py:588} INFO - Filling up the DagBag from /home/airflow/.local/lib/python3.12/site-packages/airflow/example_dags/example_latest_only_with_trigger.py
[2025-03-12T20:52:36.898+0000] {processor.py:925} INFO - DAG(s) 'latest_only_with_trigger' retrieved from /home/airflow/.local/lib/python3.12/site-packages/airflow/example_dags/example_latest_only_with_trigger.py
[2025-03-12T20:52:36.919+0000] {logging_mixin.py:190} INFO - [2025-03-12T20:52:36.918+0000] {dag.py:3239} INFO - Sync 1 DAGs
[2025-03-12T20:52:36.943+0000] {logging_mixin.py:190} INFO - [2025-03-12T20:52:36.943+0000] {dag.py:4180} INFO - Setting next_dagrun for latest_only_with_trigger to 2025-03-12 16:00:00+00:00, run_after=2025-03-12 20:00:00+00:00
[2025-03-12T20:52:36.960+0000] {processor.py:208} INFO - Processing /home/airflow/.local/lib/python3.12/site-packages/airflow/example_dags/example_latest_only_with_trigger.py took 0.077 seconds
[2025-03-12T20:53:07.563+0000] {processor.py:186} INFO - Started process (PID=928) to work on /home/airflow/.local/lib/python3.12/site-packages/airflow/example_dags/example_latest_only_with_trigger.py
[2025-03-12T20:53:07.564+0000] {processor.py:914} INFO - Processing file /home/airflow/.local/lib/python3.12/site-packages/airflow/example_dags/example_latest_only_with_trigger.py for tasks to queue
[2025-03-12T20:53:07.565+0000] {logging_mixin.py:190} INFO - [2025-03-12T20:53:07.565+0000] {dagbag.py:588} INFO - Filling up the DagBag from /home/airflow/.local/lib/python3.12/site-packages/airflow/example_dags/example_latest_only_with_trigger.py
[2025-03-12T20:53:07.569+0000] {processor.py:925} INFO - DAG(s) 'latest_only_with_trigger' retrieved from /home/airflow/.local/lib/python3.12/site-packages/airflow/example_dags/example_latest_only_with_trigger.py
[2025-03-12T20:53:07.583+0000] {logging_mixin.py:190} INFO - [2025-03-12T20:53:07.583+0000] {dag.py:3239} INFO - Sync 1 DAGs
[2025-03-12T20:53:07.595+0000] {logging_mixin.py:190} INFO - [2025-03-12T20:53:07.595+0000] {dag.py:4180} INFO - Setting next_dagrun for latest_only_with_trigger to 2025-03-12 16:00:00+00:00, run_after=2025-03-12 20:00:00+00:00
[2025-03-12T20:53:07.608+0000] {processor.py:208} INFO - Processing /home/airflow/.local/lib/python3.12/site-packages/airflow/example_dags/example_latest_only_with_trigger.py took 0.049 seconds
[2025-03-12T20:53:38.426+0000] {processor.py:186} INFO - Started process (PID=991) to work on /home/airflow/.local/lib/python3.12/site-packages/airflow/example_dags/example_latest_only_with_trigger.py
[2025-03-12T20:53:38.427+0000] {processor.py:914} INFO - Processing file /home/airflow/.local/lib/python3.12/site-packages/airflow/example_dags/example_latest_only_with_trigger.py for tasks to queue
[2025-03-12T20:53:38.428+0000] {logging_mixin.py:190} INFO - [2025-03-12T20:53:38.428+0000] {dagbag.py:588} INFO - Filling up the DagBag from /home/airflow/.local/lib/python3.12/site-packages/airflow/example_dags/example_latest_only_with_trigger.py
[2025-03-12T20:53:38.434+0000] {processor.py:925} INFO - DAG(s) 'latest_only_with_trigger' retrieved from /home/airflow/.local/lib/python3.12/site-packages/airflow/example_dags/example_latest_only_with_trigger.py
[2025-03-12T20:53:38.454+0000] {logging_mixin.py:190} INFO - [2025-03-12T20:53:38.454+0000] {dag.py:3239} INFO - Sync 1 DAGs
[2025-03-12T20:53:38.479+0000] {logging_mixin.py:190} INFO - [2025-03-12T20:53:38.478+0000] {dag.py:4180} INFO - Setting next_dagrun for latest_only_with_trigger to 2025-03-12 16:00:00+00:00, run_after=2025-03-12 20:00:00+00:00
[2025-03-12T20:53:38.502+0000] {processor.py:208} INFO - Processing /home/airflow/.local/lib/python3.12/site-packages/airflow/example_dags/example_latest_only_with_trigger.py took 0.081 seconds
[2025-03-12T20:54:08.660+0000] {processor.py:186} INFO - Started process (PID=1054) to work on /home/airflow/.local/lib/python3.12/site-packages/airflow/example_dags/example_latest_only_with_trigger.py
[2025-03-12T20:54:08.662+0000] {processor.py:914} INFO - Processing file /home/airflow/.local/lib/python3.12/site-packages/airflow/example_dags/example_latest_only_with_trigger.py for tasks to queue
[2025-03-12T20:54:08.663+0000] {logging_mixin.py:190} INFO - [2025-03-12T20:54:08.663+0000] {dagbag.py:588} INFO - Filling up the DagBag from /home/airflow/.local/lib/python3.12/site-packages/airflow/example_dags/example_latest_only_with_trigger.py
[2025-03-12T20:54:08.671+0000] {processor.py:925} INFO - DAG(s) 'latest_only_with_trigger' retrieved from /home/airflow/.local/lib/python3.12/site-packages/airflow/example_dags/example_latest_only_with_trigger.py
[2025-03-12T20:54:08.691+0000] {logging_mixin.py:190} INFO - [2025-03-12T20:54:08.691+0000] {dag.py:3239} INFO - Sync 1 DAGs
[2025-03-12T20:54:08.715+0000] {logging_mixin.py:190} INFO - [2025-03-12T20:54:08.714+0000] {dag.py:4180} INFO - Setting next_dagrun for latest_only_with_trigger to 2025-03-12 16:00:00+00:00, run_after=2025-03-12 20:00:00+00:00
[2025-03-12T20:54:08.731+0000] {processor.py:208} INFO - Processing /home/airflow/.local/lib/python3.12/site-packages/airflow/example_dags/example_latest_only_with_trigger.py took 0.076 seconds
[2025-03-12T20:54:39.682+0000] {processor.py:186} INFO - Started process (PID=1117) to work on /home/airflow/.local/lib/python3.12/site-packages/airflow/example_dags/example_latest_only_with_trigger.py
[2025-03-12T20:54:39.683+0000] {processor.py:914} INFO - Processing file /home/airflow/.local/lib/python3.12/site-packages/airflow/example_dags/example_latest_only_with_trigger.py for tasks to queue
[2025-03-12T20:54:39.685+0000] {logging_mixin.py:190} INFO - [2025-03-12T20:54:39.685+0000] {dagbag.py:588} INFO - Filling up the DagBag from /home/airflow/.local/lib/python3.12/site-packages/airflow/example_dags/example_latest_only_with_trigger.py
[2025-03-12T20:54:39.693+0000] {processor.py:925} INFO - DAG(s) 'latest_only_with_trigger' retrieved from /home/airflow/.local/lib/python3.12/site-packages/airflow/example_dags/example_latest_only_with_trigger.py
[2025-03-12T20:54:39.710+0000] {logging_mixin.py:190} INFO - [2025-03-12T20:54:39.710+0000] {dag.py:3239} INFO - Sync 1 DAGs
[2025-03-12T20:54:39.730+0000] {logging_mixin.py:190} INFO - [2025-03-12T20:54:39.730+0000] {dag.py:4180} INFO - Setting next_dagrun for latest_only_with_trigger to 2025-03-12 16:00:00+00:00, run_after=2025-03-12 20:00:00+00:00
[2025-03-12T20:54:39.745+0000] {processor.py:208} INFO - Processing /home/airflow/.local/lib/python3.12/site-packages/airflow/example_dags/example_latest_only_with_trigger.py took 0.069 seconds
[2025-03-12T20:55:10.341+0000] {processor.py:186} INFO - Started process (PID=1180) to work on /home/airflow/.local/lib/python3.12/site-packages/airflow/example_dags/example_latest_only_with_trigger.py
[2025-03-12T20:55:10.342+0000] {processor.py:914} INFO - Processing file /home/airflow/.local/lib/python3.12/site-packages/airflow/example_dags/example_latest_only_with_trigger.py for tasks to queue
[2025-03-12T20:55:10.343+0000] {logging_mixin.py:190} INFO - [2025-03-12T20:55:10.343+0000] {dagbag.py:588} INFO - Filling up the DagBag from /home/airflow/.local/lib/python3.12/site-packages/airflow/example_dags/example_latest_only_with_trigger.py
[2025-03-12T20:55:10.348+0000] {processor.py:925} INFO - DAG(s) 'latest_only_with_trigger' retrieved from /home/airflow/.local/lib/python3.12/site-packages/airflow/example_dags/example_latest_only_with_trigger.py
[2025-03-12T20:55:10.362+0000] {logging_mixin.py:190} INFO - [2025-03-12T20:55:10.362+0000] {dag.py:3239} INFO - Sync 1 DAGs
[2025-03-12T20:55:10.378+0000] {logging_mixin.py:190} INFO - [2025-03-12T20:55:10.377+0000] {dag.py:4180} INFO - Setting next_dagrun for latest_only_with_trigger to 2025-03-12 16:00:00+00:00, run_after=2025-03-12 20:00:00+00:00
[2025-03-12T20:55:10.390+0000] {processor.py:208} INFO - Processing /home/airflow/.local/lib/python3.12/site-packages/airflow/example_dags/example_latest_only_with_trigger.py took 0.054 seconds
[2025-03-12T20:55:40.914+0000] {processor.py:186} INFO - Started process (PID=1243) to work on /home/airflow/.local/lib/python3.12/site-packages/airflow/example_dags/example_latest_only_with_trigger.py
[2025-03-12T20:55:40.914+0000] {processor.py:914} INFO - Processing file /home/airflow/.local/lib/python3.12/site-packages/airflow/example_dags/example_latest_only_with_trigger.py for tasks to queue
[2025-03-12T20:55:40.916+0000] {logging_mixin.py:190} INFO - [2025-03-12T20:55:40.916+0000] {dagbag.py:588} INFO - Filling up the DagBag from /home/airflow/.local/lib/python3.12/site-packages/airflow/example_dags/example_latest_only_with_trigger.py
[2025-03-12T20:55:40.922+0000] {processor.py:925} INFO - DAG(s) 'latest_only_with_trigger' retrieved from /home/airflow/.local/lib/python3.12/site-packages/airflow/example_dags/example_latest_only_with_trigger.py
[2025-03-12T20:55:40.943+0000] {logging_mixin.py:190} INFO - [2025-03-12T20:55:40.943+0000] {dag.py:3239} INFO - Sync 1 DAGs
[2025-03-12T20:55:40.966+0000] {logging_mixin.py:190} INFO - [2025-03-12T20:55:40.966+0000] {dag.py:4180} INFO - Setting next_dagrun for latest_only_with_trigger to 2025-03-12 16:00:00+00:00, run_after=2025-03-12 20:00:00+00:00
[2025-03-12T20:55:40.987+0000] {processor.py:208} INFO - Processing /home/airflow/.local/lib/python3.12/site-packages/airflow/example_dags/example_latest_only_with_trigger.py took 0.078 seconds
[2025-03-12T20:56:11.027+0000] {processor.py:186} INFO - Started process (PID=1305) to work on /home/airflow/.local/lib/python3.12/site-packages/airflow/example_dags/example_latest_only_with_trigger.py
[2025-03-12T20:56:11.028+0000] {processor.py:914} INFO - Processing file /home/airflow/.local/lib/python3.12/site-packages/airflow/example_dags/example_latest_only_with_trigger.py for tasks to queue
[2025-03-12T20:56:11.029+0000] {logging_mixin.py:190} INFO - [2025-03-12T20:56:11.029+0000] {dagbag.py:588} INFO - Filling up the DagBag from /home/airflow/.local/lib/python3.12/site-packages/airflow/example_dags/example_latest_only_with_trigger.py
[2025-03-12T20:56:11.033+0000] {processor.py:925} INFO - DAG(s) 'latest_only_with_trigger' retrieved from /home/airflow/.local/lib/python3.12/site-packages/airflow/example_dags/example_latest_only_with_trigger.py
[2025-03-12T20:56:11.050+0000] {logging_mixin.py:190} INFO - [2025-03-12T20:56:11.050+0000] {dag.py:3239} INFO - Sync 1 DAGs
[2025-03-12T20:56:11.067+0000] {logging_mixin.py:190} INFO - [2025-03-12T20:56:11.066+0000] {dag.py:4180} INFO - Setting next_dagrun for latest_only_with_trigger to 2025-03-12 16:00:00+00:00, run_after=2025-03-12 20:00:00+00:00
[2025-03-12T20:56:11.082+0000] {processor.py:208} INFO - Processing /home/airflow/.local/lib/python3.12/site-packages/airflow/example_dags/example_latest_only_with_trigger.py took 0.060 seconds
[2025-03-12T20:56:41.855+0000] {processor.py:186} INFO - Started process (PID=1368) to work on /home/airflow/.local/lib/python3.12/site-packages/airflow/example_dags/example_latest_only_with_trigger.py
[2025-03-12T20:56:41.856+0000] {processor.py:914} INFO - Processing file /home/airflow/.local/lib/python3.12/site-packages/airflow/example_dags/example_latest_only_with_trigger.py for tasks to queue
[2025-03-12T20:56:41.857+0000] {logging_mixin.py:190} INFO - [2025-03-12T20:56:41.857+0000] {dagbag.py:588} INFO - Filling up the DagBag from /home/airflow/.local/lib/python3.12/site-packages/airflow/example_dags/example_latest_only_with_trigger.py
[2025-03-12T20:56:41.864+0000] {processor.py:925} INFO - DAG(s) 'latest_only_with_trigger' retrieved from /home/airflow/.local/lib/python3.12/site-packages/airflow/example_dags/example_latest_only_with_trigger.py
[2025-03-12T20:56:41.880+0000] {logging_mixin.py:190} INFO - [2025-03-12T20:56:41.880+0000] {dag.py:3239} INFO - Sync 1 DAGs
[2025-03-12T20:56:41.903+0000] {logging_mixin.py:190} INFO - [2025-03-12T20:56:41.902+0000] {dag.py:4180} INFO - Setting next_dagrun for latest_only_with_trigger to 2025-03-12 16:00:00+00:00, run_after=2025-03-12 20:00:00+00:00
[2025-03-12T20:56:41.920+0000] {processor.py:208} INFO - Processing /home/airflow/.local/lib/python3.12/site-packages/airflow/example_dags/example_latest_only_with_trigger.py took 0.070 seconds
[2025-03-12T20:57:12.386+0000] {processor.py:186} INFO - Started process (PID=1431) to work on /home/airflow/.local/lib/python3.12/site-packages/airflow/example_dags/example_latest_only_with_trigger.py
[2025-03-12T20:57:12.387+0000] {processor.py:914} INFO - Processing file /home/airflow/.local/lib/python3.12/site-packages/airflow/example_dags/example_latest_only_with_trigger.py for tasks to queue
[2025-03-12T20:57:12.389+0000] {logging_mixin.py:190} INFO - [2025-03-12T20:57:12.389+0000] {dagbag.py:588} INFO - Filling up the DagBag from /home/airflow/.local/lib/python3.12/site-packages/airflow/example_dags/example_latest_only_with_trigger.py
[2025-03-12T20:57:12.395+0000] {processor.py:925} INFO - DAG(s) 'latest_only_with_trigger' retrieved from /home/airflow/.local/lib/python3.12/site-packages/airflow/example_dags/example_latest_only_with_trigger.py
[2025-03-12T20:57:12.414+0000] {logging_mixin.py:190} INFO - [2025-03-12T20:57:12.414+0000] {dag.py:3239} INFO - Sync 1 DAGs
[2025-03-12T20:57:12.435+0000] {logging_mixin.py:190} INFO - [2025-03-12T20:57:12.434+0000] {dag.py:4180} INFO - Setting next_dagrun for latest_only_with_trigger to 2025-03-12 16:00:00+00:00, run_after=2025-03-12 20:00:00+00:00
[2025-03-12T20:57:12.449+0000] {processor.py:208} INFO - Processing /home/airflow/.local/lib/python3.12/site-packages/airflow/example_dags/example_latest_only_with_trigger.py took 0.067 seconds
[2025-03-12T20:57:43.254+0000] {processor.py:186} INFO - Started process (PID=1494) to work on /home/airflow/.local/lib/python3.12/site-packages/airflow/example_dags/example_latest_only_with_trigger.py
[2025-03-12T20:57:43.255+0000] {processor.py:914} INFO - Processing file /home/airflow/.local/lib/python3.12/site-packages/airflow/example_dags/example_latest_only_with_trigger.py for tasks to queue
[2025-03-12T20:57:43.257+0000] {logging_mixin.py:190} INFO - [2025-03-12T20:57:43.256+0000] {dagbag.py:588} INFO - Filling up the DagBag from /home/airflow/.local/lib/python3.12/site-packages/airflow/example_dags/example_latest_only_with_trigger.py
[2025-03-12T20:57:43.264+0000] {processor.py:925} INFO - DAG(s) 'latest_only_with_trigger' retrieved from /home/airflow/.local/lib/python3.12/site-packages/airflow/example_dags/example_latest_only_with_trigger.py
[2025-03-12T20:57:43.279+0000] {logging_mixin.py:190} INFO - [2025-03-12T20:57:43.279+0000] {dag.py:3239} INFO - Sync 1 DAGs
[2025-03-12T20:57:43.296+0000] {logging_mixin.py:190} INFO - [2025-03-12T20:57:43.296+0000] {dag.py:4180} INFO - Setting next_dagrun for latest_only_with_trigger to 2025-03-12 16:00:00+00:00, run_after=2025-03-12 20:00:00+00:00
[2025-03-12T20:57:43.309+0000] {processor.py:208} INFO - Processing /home/airflow/.local/lib/python3.12/site-packages/airflow/example_dags/example_latest_only_with_trigger.py took 0.060 seconds
[2025-03-12T20:58:14.566+0000] {processor.py:186} INFO - Started process (PID=1557) to work on /home/airflow/.local/lib/python3.12/site-packages/airflow/example_dags/example_latest_only_with_trigger.py
[2025-03-12T20:58:14.567+0000] {processor.py:914} INFO - Processing file /home/airflow/.local/lib/python3.12/site-packages/airflow/example_dags/example_latest_only_with_trigger.py for tasks to queue
[2025-03-12T20:58:14.569+0000] {logging_mixin.py:190} INFO - [2025-03-12T20:58:14.568+0000] {dagbag.py:588} INFO - Filling up the DagBag from /home/airflow/.local/lib/python3.12/site-packages/airflow/example_dags/example_latest_only_with_trigger.py
[2025-03-12T20:58:14.577+0000] {processor.py:925} INFO - DAG(s) 'latest_only_with_trigger' retrieved from /home/airflow/.local/lib/python3.12/site-packages/airflow/example_dags/example_latest_only_with_trigger.py
[2025-03-12T20:58:14.598+0000] {logging_mixin.py:190} INFO - [2025-03-12T20:58:14.597+0000] {dag.py:3239} INFO - Sync 1 DAGs
[2025-03-12T20:58:14.620+0000] {logging_mixin.py:190} INFO - [2025-03-12T20:58:14.620+0000] {dag.py:4180} INFO - Setting next_dagrun for latest_only_with_trigger to 2025-03-12 16:00:00+00:00, run_after=2025-03-12 20:00:00+00:00
[2025-03-12T20:58:14.640+0000] {processor.py:208} INFO - Processing /home/airflow/.local/lib/python3.12/site-packages/airflow/example_dags/example_latest_only_with_trigger.py took 0.081 seconds
[2025-03-12T20:58:45.363+0000] {processor.py:186} INFO - Started process (PID=1620) to work on /home/airflow/.local/lib/python3.12/site-packages/airflow/example_dags/example_latest_only_with_trigger.py
[2025-03-12T20:58:45.363+0000] {processor.py:914} INFO - Processing file /home/airflow/.local/lib/python3.12/site-packages/airflow/example_dags/example_latest_only_with_trigger.py for tasks to queue
[2025-03-12T20:58:45.365+0000] {logging_mixin.py:190} INFO - [2025-03-12T20:58:45.365+0000] {dagbag.py:588} INFO - Filling up the DagBag from /home/airflow/.local/lib/python3.12/site-packages/airflow/example_dags/example_latest_only_with_trigger.py
[2025-03-12T20:58:45.371+0000] {processor.py:925} INFO - DAG(s) 'latest_only_with_trigger' retrieved from /home/airflow/.local/lib/python3.12/site-packages/airflow/example_dags/example_latest_only_with_trigger.py
[2025-03-12T20:58:45.386+0000] {logging_mixin.py:190} INFO - [2025-03-12T20:58:45.386+0000] {dag.py:3239} INFO - Sync 1 DAGs
[2025-03-12T20:58:45.403+0000] {logging_mixin.py:190} INFO - [2025-03-12T20:58:45.402+0000] {dag.py:4180} INFO - Setting next_dagrun for latest_only_with_trigger to 2025-03-12 16:00:00+00:00, run_after=2025-03-12 20:00:00+00:00
[2025-03-12T20:58:45.416+0000] {processor.py:208} INFO - Processing /home/airflow/.local/lib/python3.12/site-packages/airflow/example_dags/example_latest_only_with_trigger.py took 0.058 seconds
[2025-03-12T20:59:16.215+0000] {processor.py:186} INFO - Started process (PID=1683) to work on /home/airflow/.local/lib/python3.12/site-packages/airflow/example_dags/example_latest_only_with_trigger.py
[2025-03-12T20:59:16.215+0000] {processor.py:914} INFO - Processing file /home/airflow/.local/lib/python3.12/site-packages/airflow/example_dags/example_latest_only_with_trigger.py for tasks to queue
[2025-03-12T20:59:16.217+0000] {logging_mixin.py:190} INFO - [2025-03-12T20:59:16.217+0000] {dagbag.py:588} INFO - Filling up the DagBag from /home/airflow/.local/lib/python3.12/site-packages/airflow/example_dags/example_latest_only_with_trigger.py
[2025-03-12T20:59:16.223+0000] {processor.py:925} INFO - DAG(s) 'latest_only_with_trigger' retrieved from /home/airflow/.local/lib/python3.12/site-packages/airflow/example_dags/example_latest_only_with_trigger.py
[2025-03-12T20:59:16.239+0000] {logging_mixin.py:190} INFO - [2025-03-12T20:59:16.239+0000] {dag.py:3239} INFO - Sync 1 DAGs
[2025-03-12T20:59:16.254+0000] {logging_mixin.py:190} INFO - [2025-03-12T20:59:16.254+0000] {dag.py:4180} INFO - Setting next_dagrun for latest_only_with_trigger to 2025-03-12 16:00:00+00:00, run_after=2025-03-12 20:00:00+00:00
[2025-03-12T20:59:16.269+0000] {processor.py:208} INFO - Processing /home/airflow/.local/lib/python3.12/site-packages/airflow/example_dags/example_latest_only_with_trigger.py took 0.059 seconds
[2025-03-12T20:59:46.681+0000] {processor.py:186} INFO - Started process (PID=1746) to work on /home/airflow/.local/lib/python3.12/site-packages/airflow/example_dags/example_latest_only_with_trigger.py
[2025-03-12T20:59:46.681+0000] {processor.py:914} INFO - Processing file /home/airflow/.local/lib/python3.12/site-packages/airflow/example_dags/example_latest_only_with_trigger.py for tasks to queue
[2025-03-12T20:59:46.683+0000] {logging_mixin.py:190} INFO - [2025-03-12T20:59:46.683+0000] {dagbag.py:588} INFO - Filling up the DagBag from /home/airflow/.local/lib/python3.12/site-packages/airflow/example_dags/example_latest_only_with_trigger.py
[2025-03-12T20:59:46.688+0000] {processor.py:925} INFO - DAG(s) 'latest_only_with_trigger' retrieved from /home/airflow/.local/lib/python3.12/site-packages/airflow/example_dags/example_latest_only_with_trigger.py
[2025-03-12T20:59:46.705+0000] {logging_mixin.py:190} INFO - [2025-03-12T20:59:46.705+0000] {dag.py:3239} INFO - Sync 1 DAGs
[2025-03-12T20:59:46.724+0000] {logging_mixin.py:190} INFO - [2025-03-12T20:59:46.724+0000] {dag.py:4180} INFO - Setting next_dagrun for latest_only_with_trigger to 2025-03-12 16:00:00+00:00, run_after=2025-03-12 20:00:00+00:00
[2025-03-12T20:59:46.738+0000] {processor.py:208} INFO - Processing /home/airflow/.local/lib/python3.12/site-packages/airflow/example_dags/example_latest_only_with_trigger.py took 0.061 seconds
[2025-03-12T21:00:17.502+0000] {processor.py:186} INFO - Started process (PID=1809) to work on /home/airflow/.local/lib/python3.12/site-packages/airflow/example_dags/example_latest_only_with_trigger.py
[2025-03-12T21:00:17.502+0000] {processor.py:914} INFO - Processing file /home/airflow/.local/lib/python3.12/site-packages/airflow/example_dags/example_latest_only_with_trigger.py for tasks to queue
[2025-03-12T21:00:17.503+0000] {logging_mixin.py:190} INFO - [2025-03-12T21:00:17.503+0000] {dagbag.py:588} INFO - Filling up the DagBag from /home/airflow/.local/lib/python3.12/site-packages/airflow/example_dags/example_latest_only_with_trigger.py
[2025-03-12T21:00:17.508+0000] {processor.py:925} INFO - DAG(s) 'latest_only_with_trigger' retrieved from /home/airflow/.local/lib/python3.12/site-packages/airflow/example_dags/example_latest_only_with_trigger.py
[2025-03-12T21:00:17.526+0000] {logging_mixin.py:190} INFO - [2025-03-12T21:00:17.526+0000] {dag.py:3239} INFO - Sync 1 DAGs
[2025-03-12T21:00:17.544+0000] {logging_mixin.py:190} INFO - [2025-03-12T21:00:17.544+0000] {dag.py:4180} INFO - Setting next_dagrun for latest_only_with_trigger to 2025-03-12 16:00:00+00:00, run_after=2025-03-12 20:00:00+00:00
[2025-03-12T21:00:17.556+0000] {processor.py:208} INFO - Processing /home/airflow/.local/lib/python3.12/site-packages/airflow/example_dags/example_latest_only_with_trigger.py took 0.059 seconds
[2025-03-12T21:00:48.075+0000] {processor.py:186} INFO - Started process (PID=1872) to work on /home/airflow/.local/lib/python3.12/site-packages/airflow/example_dags/example_latest_only_with_trigger.py
[2025-03-12T21:00:48.076+0000] {processor.py:914} INFO - Processing file /home/airflow/.local/lib/python3.12/site-packages/airflow/example_dags/example_latest_only_with_trigger.py for tasks to queue
[2025-03-12T21:00:48.078+0000] {logging_mixin.py:190} INFO - [2025-03-12T21:00:48.078+0000] {dagbag.py:588} INFO - Filling up the DagBag from /home/airflow/.local/lib/python3.12/site-packages/airflow/example_dags/example_latest_only_with_trigger.py
[2025-03-12T21:00:48.084+0000] {processor.py:925} INFO - DAG(s) 'latest_only_with_trigger' retrieved from /home/airflow/.local/lib/python3.12/site-packages/airflow/example_dags/example_latest_only_with_trigger.py
[2025-03-12T21:00:48.097+0000] {logging_mixin.py:190} INFO - [2025-03-12T21:00:48.097+0000] {dag.py:3239} INFO - Sync 1 DAGs
[2025-03-12T21:00:48.112+0000] {logging_mixin.py:190} INFO - [2025-03-12T21:00:48.112+0000] {dag.py:4180} INFO - Setting next_dagrun for latest_only_with_trigger to 2025-03-12 16:00:00+00:00, run_after=2025-03-12 20:00:00+00:00
[2025-03-12T21:00:48.125+0000] {processor.py:208} INFO - Processing /home/airflow/.local/lib/python3.12/site-packages/airflow/example_dags/example_latest_only_with_trigger.py took 0.054 seconds
[2025-03-12T21:01:19.114+0000] {processor.py:186} INFO - Started process (PID=1935) to work on /home/airflow/.local/lib/python3.12/site-packages/airflow/example_dags/example_latest_only_with_trigger.py
[2025-03-12T21:01:19.115+0000] {processor.py:914} INFO - Processing file /home/airflow/.local/lib/python3.12/site-packages/airflow/example_dags/example_latest_only_with_trigger.py for tasks to queue
[2025-03-12T21:01:19.117+0000] {logging_mixin.py:190} INFO - [2025-03-12T21:01:19.116+0000] {dagbag.py:588} INFO - Filling up the DagBag from /home/airflow/.local/lib/python3.12/site-packages/airflow/example_dags/example_latest_only_with_trigger.py
[2025-03-12T21:01:19.124+0000] {processor.py:925} INFO - DAG(s) 'latest_only_with_trigger' retrieved from /home/airflow/.local/lib/python3.12/site-packages/airflow/example_dags/example_latest_only_with_trigger.py
[2025-03-12T21:01:19.142+0000] {logging_mixin.py:190} INFO - [2025-03-12T21:01:19.142+0000] {dag.py:3239} INFO - Sync 1 DAGs
[2025-03-12T21:01:19.160+0000] {logging_mixin.py:190} INFO - [2025-03-12T21:01:19.160+0000] {dag.py:4180} INFO - Setting next_dagrun for latest_only_with_trigger to 2025-03-12 16:00:00+00:00, run_after=2025-03-12 20:00:00+00:00
[2025-03-12T21:01:19.177+0000] {processor.py:208} INFO - Processing /home/airflow/.local/lib/python3.12/site-packages/airflow/example_dags/example_latest_only_with_trigger.py took 0.069 seconds
[2025-03-12T21:01:50.537+0000] {processor.py:186} INFO - Started process (PID=1999) to work on /home/airflow/.local/lib/python3.12/site-packages/airflow/example_dags/example_latest_only_with_trigger.py
[2025-03-12T21:01:50.537+0000] {processor.py:914} INFO - Processing file /home/airflow/.local/lib/python3.12/site-packages/airflow/example_dags/example_latest_only_with_trigger.py for tasks to queue
[2025-03-12T21:01:50.539+0000] {logging_mixin.py:190} INFO - [2025-03-12T21:01:50.539+0000] {dagbag.py:588} INFO - Filling up the DagBag from /home/airflow/.local/lib/python3.12/site-packages/airflow/example_dags/example_latest_only_with_trigger.py
[2025-03-12T21:01:50.546+0000] {processor.py:925} INFO - DAG(s) 'latest_only_with_trigger' retrieved from /home/airflow/.local/lib/python3.12/site-packages/airflow/example_dags/example_latest_only_with_trigger.py
[2025-03-12T21:01:50.563+0000] {logging_mixin.py:190} INFO - [2025-03-12T21:01:50.563+0000] {dag.py:3239} INFO - Sync 1 DAGs
[2025-03-12T21:01:50.582+0000] {logging_mixin.py:190} INFO - [2025-03-12T21:01:50.581+0000] {dag.py:4180} INFO - Setting next_dagrun for latest_only_with_trigger to 2025-03-12 16:00:00+00:00, run_after=2025-03-12 20:00:00+00:00
[2025-03-12T21:01:50.603+0000] {processor.py:208} INFO - Processing /home/airflow/.local/lib/python3.12/site-packages/airflow/example_dags/example_latest_only_with_trigger.py took 0.071 seconds
[2025-03-12T21:02:21.236+0000] {processor.py:186} INFO - Started process (PID=2061) to work on /home/airflow/.local/lib/python3.12/site-packages/airflow/example_dags/example_latest_only_with_trigger.py
[2025-03-12T21:02:21.237+0000] {processor.py:914} INFO - Processing file /home/airflow/.local/lib/python3.12/site-packages/airflow/example_dags/example_latest_only_with_trigger.py for tasks to queue
[2025-03-12T21:02:21.239+0000] {logging_mixin.py:190} INFO - [2025-03-12T21:02:21.239+0000] {dagbag.py:588} INFO - Filling up the DagBag from /home/airflow/.local/lib/python3.12/site-packages/airflow/example_dags/example_latest_only_with_trigger.py
[2025-03-12T21:02:21.247+0000] {processor.py:925} INFO - DAG(s) 'latest_only_with_trigger' retrieved from /home/airflow/.local/lib/python3.12/site-packages/airflow/example_dags/example_latest_only_with_trigger.py
[2025-03-12T21:02:21.272+0000] {logging_mixin.py:190} INFO - [2025-03-12T21:02:21.272+0000] {dag.py:3239} INFO - Sync 1 DAGs
[2025-03-12T21:02:21.301+0000] {logging_mixin.py:190} INFO - [2025-03-12T21:02:21.301+0000] {dag.py:4180} INFO - Setting next_dagrun for latest_only_with_trigger to 2025-03-12 16:00:00+00:00, run_after=2025-03-12 20:00:00+00:00
[2025-03-12T21:02:21.320+0000] {processor.py:208} INFO - Processing /home/airflow/.local/lib/python3.12/site-packages/airflow/example_dags/example_latest_only_with_trigger.py took 0.090 seconds
[2025-03-12T21:02:52.524+0000] {processor.py:186} INFO - Started process (PID=2125) to work on /home/airflow/.local/lib/python3.12/site-packages/airflow/example_dags/example_latest_only_with_trigger.py
[2025-03-12T21:02:52.525+0000] {processor.py:914} INFO - Processing file /home/airflow/.local/lib/python3.12/site-packages/airflow/example_dags/example_latest_only_with_trigger.py for tasks to queue
[2025-03-12T21:02:52.527+0000] {logging_mixin.py:190} INFO - [2025-03-12T21:02:52.527+0000] {dagbag.py:588} INFO - Filling up the DagBag from /home/airflow/.local/lib/python3.12/site-packages/airflow/example_dags/example_latest_only_with_trigger.py
[2025-03-12T21:02:52.535+0000] {processor.py:925} INFO - DAG(s) 'latest_only_with_trigger' retrieved from /home/airflow/.local/lib/python3.12/site-packages/airflow/example_dags/example_latest_only_with_trigger.py
[2025-03-12T21:02:52.555+0000] {logging_mixin.py:190} INFO - [2025-03-12T21:02:52.555+0000] {dag.py:3239} INFO - Sync 1 DAGs
[2025-03-12T21:02:52.577+0000] {logging_mixin.py:190} INFO - [2025-03-12T21:02:52.576+0000] {dag.py:4180} INFO - Setting next_dagrun for latest_only_with_trigger to 2025-03-12 16:00:00+00:00, run_after=2025-03-12 20:00:00+00:00
[2025-03-12T21:02:52.593+0000] {processor.py:208} INFO - Processing /home/airflow/.local/lib/python3.12/site-packages/airflow/example_dags/example_latest_only_with_trigger.py took 0.074 seconds
[2025-03-12T21:03:22.897+0000] {processor.py:186} INFO - Started process (PID=2187) to work on /home/airflow/.local/lib/python3.12/site-packages/airflow/example_dags/example_latest_only_with_trigger.py
[2025-03-12T21:03:22.898+0000] {processor.py:914} INFO - Processing file /home/airflow/.local/lib/python3.12/site-packages/airflow/example_dags/example_latest_only_with_trigger.py for tasks to queue
[2025-03-12T21:03:22.899+0000] {logging_mixin.py:190} INFO - [2025-03-12T21:03:22.899+0000] {dagbag.py:588} INFO - Filling up the DagBag from /home/airflow/.local/lib/python3.12/site-packages/airflow/example_dags/example_latest_only_with_trigger.py
[2025-03-12T21:03:22.906+0000] {processor.py:925} INFO - DAG(s) 'latest_only_with_trigger' retrieved from /home/airflow/.local/lib/python3.12/site-packages/airflow/example_dags/example_latest_only_with_trigger.py
[2025-03-12T21:03:22.920+0000] {logging_mixin.py:190} INFO - [2025-03-12T21:03:22.920+0000] {dag.py:3239} INFO - Sync 1 DAGs
[2025-03-12T21:03:22.937+0000] {logging_mixin.py:190} INFO - [2025-03-12T21:03:22.937+0000] {dag.py:4180} INFO - Setting next_dagrun for latest_only_with_trigger to 2025-03-12 16:00:00+00:00, run_after=2025-03-12 20:00:00+00:00
[2025-03-12T21:03:22.951+0000] {processor.py:208} INFO - Processing /home/airflow/.local/lib/python3.12/site-packages/airflow/example_dags/example_latest_only_with_trigger.py took 0.059 seconds
[2025-03-12T21:03:54.038+0000] {processor.py:186} INFO - Started process (PID=2250) to work on /home/airflow/.local/lib/python3.12/site-packages/airflow/example_dags/example_latest_only_with_trigger.py
[2025-03-12T21:03:54.039+0000] {processor.py:914} INFO - Processing file /home/airflow/.local/lib/python3.12/site-packages/airflow/example_dags/example_latest_only_with_trigger.py for tasks to queue
[2025-03-12T21:03:54.041+0000] {logging_mixin.py:190} INFO - [2025-03-12T21:03:54.041+0000] {dagbag.py:588} INFO - Filling up the DagBag from /home/airflow/.local/lib/python3.12/site-packages/airflow/example_dags/example_latest_only_with_trigger.py
[2025-03-12T21:03:54.047+0000] {processor.py:925} INFO - DAG(s) 'latest_only_with_trigger' retrieved from /home/airflow/.local/lib/python3.12/site-packages/airflow/example_dags/example_latest_only_with_trigger.py
[2025-03-12T21:03:54.064+0000] {logging_mixin.py:190} INFO - [2025-03-12T21:03:54.064+0000] {dag.py:3239} INFO - Sync 1 DAGs
[2025-03-12T21:03:54.088+0000] {logging_mixin.py:190} INFO - [2025-03-12T21:03:54.088+0000] {dag.py:4180} INFO - Setting next_dagrun for latest_only_with_trigger to 2025-03-12 16:00:00+00:00, run_after=2025-03-12 20:00:00+00:00
[2025-03-12T21:03:54.112+0000] {processor.py:208} INFO - Processing /home/airflow/.local/lib/python3.12/site-packages/airflow/example_dags/example_latest_only_with_trigger.py took 0.078 seconds
[2025-03-12T21:04:24.694+0000] {processor.py:186} INFO - Started process (PID=2313) to work on /home/airflow/.local/lib/python3.12/site-packages/airflow/example_dags/example_latest_only_with_trigger.py
[2025-03-12T21:04:24.695+0000] {processor.py:914} INFO - Processing file /home/airflow/.local/lib/python3.12/site-packages/airflow/example_dags/example_latest_only_with_trigger.py for tasks to queue
[2025-03-12T21:04:24.697+0000] {logging_mixin.py:190} INFO - [2025-03-12T21:04:24.696+0000] {dagbag.py:588} INFO - Filling up the DagBag from /home/airflow/.local/lib/python3.12/site-packages/airflow/example_dags/example_latest_only_with_trigger.py
[2025-03-12T21:04:24.701+0000] {processor.py:925} INFO - DAG(s) 'latest_only_with_trigger' retrieved from /home/airflow/.local/lib/python3.12/site-packages/airflow/example_dags/example_latest_only_with_trigger.py
[2025-03-12T21:04:24.719+0000] {logging_mixin.py:190} INFO - [2025-03-12T21:04:24.719+0000] {dag.py:3239} INFO - Sync 1 DAGs
[2025-03-12T21:04:24.740+0000] {logging_mixin.py:190} INFO - [2025-03-12T21:04:24.740+0000] {dag.py:4180} INFO - Setting next_dagrun for latest_only_with_trigger to 2025-03-12 16:00:00+00:00, run_after=2025-03-12 20:00:00+00:00
[2025-03-12T21:04:24.760+0000] {processor.py:208} INFO - Processing /home/airflow/.local/lib/python3.12/site-packages/airflow/example_dags/example_latest_only_with_trigger.py took 0.069 seconds
[2025-03-12T21:04:55.313+0000] {processor.py:186} INFO - Started process (PID=2382) to work on /home/airflow/.local/lib/python3.12/site-packages/airflow/example_dags/example_latest_only_with_trigger.py
[2025-03-12T21:04:55.313+0000] {processor.py:914} INFO - Processing file /home/airflow/.local/lib/python3.12/site-packages/airflow/example_dags/example_latest_only_with_trigger.py for tasks to queue
[2025-03-12T21:04:55.315+0000] {logging_mixin.py:190} INFO - [2025-03-12T21:04:55.315+0000] {dagbag.py:588} INFO - Filling up the DagBag from /home/airflow/.local/lib/python3.12/site-packages/airflow/example_dags/example_latest_only_with_trigger.py
[2025-03-12T21:04:55.323+0000] {processor.py:925} INFO - DAG(s) 'latest_only_with_trigger' retrieved from /home/airflow/.local/lib/python3.12/site-packages/airflow/example_dags/example_latest_only_with_trigger.py
[2025-03-12T21:04:55.339+0000] {logging_mixin.py:190} INFO - [2025-03-12T21:04:55.339+0000] {dag.py:3239} INFO - Sync 1 DAGs
[2025-03-12T21:04:55.355+0000] {logging_mixin.py:190} INFO - [2025-03-12T21:04:55.355+0000] {dag.py:4180} INFO - Setting next_dagrun for latest_only_with_trigger to 2025-03-12 16:00:00+00:00, run_after=2025-03-12 20:00:00+00:00
[2025-03-12T21:04:55.367+0000] {processor.py:208} INFO - Processing /home/airflow/.local/lib/python3.12/site-packages/airflow/example_dags/example_latest_only_with_trigger.py took 0.060 seconds
[2025-03-12T21:05:26.048+0000] {processor.py:186} INFO - Started process (PID=2445) to work on /home/airflow/.local/lib/python3.12/site-packages/airflow/example_dags/example_latest_only_with_trigger.py
[2025-03-12T21:05:26.049+0000] {processor.py:914} INFO - Processing file /home/airflow/.local/lib/python3.12/site-packages/airflow/example_dags/example_latest_only_with_trigger.py for tasks to queue
[2025-03-12T21:05:26.050+0000] {logging_mixin.py:190} INFO - [2025-03-12T21:05:26.050+0000] {dagbag.py:588} INFO - Filling up the DagBag from /home/airflow/.local/lib/python3.12/site-packages/airflow/example_dags/example_latest_only_with_trigger.py
[2025-03-12T21:05:26.055+0000] {processor.py:925} INFO - DAG(s) 'latest_only_with_trigger' retrieved from /home/airflow/.local/lib/python3.12/site-packages/airflow/example_dags/example_latest_only_with_trigger.py
[2025-03-12T21:05:26.072+0000] {logging_mixin.py:190} INFO - [2025-03-12T21:05:26.072+0000] {dag.py:3239} INFO - Sync 1 DAGs
[2025-03-12T21:05:26.089+0000] {logging_mixin.py:190} INFO - [2025-03-12T21:05:26.088+0000] {dag.py:4180} INFO - Setting next_dagrun for latest_only_with_trigger to 2025-03-12 16:00:00+00:00, run_after=2025-03-12 20:00:00+00:00
[2025-03-12T21:05:26.107+0000] {processor.py:208} INFO - Processing /home/airflow/.local/lib/python3.12/site-packages/airflow/example_dags/example_latest_only_with_trigger.py took 0.064 seconds
[2025-03-12T21:05:56.460+0000] {processor.py:186} INFO - Started process (PID=2508) to work on /home/airflow/.local/lib/python3.12/site-packages/airflow/example_dags/example_latest_only_with_trigger.py
[2025-03-12T21:05:56.461+0000] {processor.py:914} INFO - Processing file /home/airflow/.local/lib/python3.12/site-packages/airflow/example_dags/example_latest_only_with_trigger.py for tasks to queue
[2025-03-12T21:05:56.462+0000] {logging_mixin.py:190} INFO - [2025-03-12T21:05:56.462+0000] {dagbag.py:588} INFO - Filling up the DagBag from /home/airflow/.local/lib/python3.12/site-packages/airflow/example_dags/example_latest_only_with_trigger.py
[2025-03-12T21:05:56.469+0000] {processor.py:925} INFO - DAG(s) 'latest_only_with_trigger' retrieved from /home/airflow/.local/lib/python3.12/site-packages/airflow/example_dags/example_latest_only_with_trigger.py
[2025-03-12T21:05:56.486+0000] {logging_mixin.py:190} INFO - [2025-03-12T21:05:56.485+0000] {dag.py:3239} INFO - Sync 1 DAGs
[2025-03-12T21:05:56.503+0000] {logging_mixin.py:190} INFO - [2025-03-12T21:05:56.503+0000] {dag.py:4180} INFO - Setting next_dagrun for latest_only_with_trigger to 2025-03-12 16:00:00+00:00, run_after=2025-03-12 20:00:00+00:00
[2025-03-12T21:05:56.517+0000] {processor.py:208} INFO - Processing /home/airflow/.local/lib/python3.12/site-packages/airflow/example_dags/example_latest_only_with_trigger.py took 0.062 seconds
[2025-03-12T21:06:27.059+0000] {processor.py:186} INFO - Started process (PID=2571) to work on /home/airflow/.local/lib/python3.12/site-packages/airflow/example_dags/example_latest_only_with_trigger.py
[2025-03-12T21:06:27.060+0000] {processor.py:914} INFO - Processing file /home/airflow/.local/lib/python3.12/site-packages/airflow/example_dags/example_latest_only_with_trigger.py for tasks to queue
[2025-03-12T21:06:27.061+0000] {logging_mixin.py:190} INFO - [2025-03-12T21:06:27.061+0000] {dagbag.py:588} INFO - Filling up the DagBag from /home/airflow/.local/lib/python3.12/site-packages/airflow/example_dags/example_latest_only_with_trigger.py
[2025-03-12T21:06:27.066+0000] {processor.py:925} INFO - DAG(s) 'latest_only_with_trigger' retrieved from /home/airflow/.local/lib/python3.12/site-packages/airflow/example_dags/example_latest_only_with_trigger.py
[2025-03-12T21:06:27.082+0000] {logging_mixin.py:190} INFO - [2025-03-12T21:06:27.082+0000] {dag.py:3239} INFO - Sync 1 DAGs
[2025-03-12T21:06:27.099+0000] {logging_mixin.py:190} INFO - [2025-03-12T21:06:27.099+0000] {dag.py:4180} INFO - Setting next_dagrun for latest_only_with_trigger to 2025-03-12 16:00:00+00:00, run_after=2025-03-12 20:00:00+00:00
[2025-03-12T21:06:27.115+0000] {processor.py:208} INFO - Processing /home/airflow/.local/lib/python3.12/site-packages/airflow/example_dags/example_latest_only_with_trigger.py took 0.060 seconds
[2025-03-12T21:06:58.042+0000] {processor.py:186} INFO - Started process (PID=2634) to work on /home/airflow/.local/lib/python3.12/site-packages/airflow/example_dags/example_latest_only_with_trigger.py
[2025-03-12T21:06:58.043+0000] {processor.py:914} INFO - Processing file /home/airflow/.local/lib/python3.12/site-packages/airflow/example_dags/example_latest_only_with_trigger.py for tasks to queue
[2025-03-12T21:06:58.044+0000] {logging_mixin.py:190} INFO - [2025-03-12T21:06:58.044+0000] {dagbag.py:588} INFO - Filling up the DagBag from /home/airflow/.local/lib/python3.12/site-packages/airflow/example_dags/example_latest_only_with_trigger.py
[2025-03-12T21:06:58.049+0000] {processor.py:925} INFO - DAG(s) 'latest_only_with_trigger' retrieved from /home/airflow/.local/lib/python3.12/site-packages/airflow/example_dags/example_latest_only_with_trigger.py
[2025-03-12T21:06:58.064+0000] {logging_mixin.py:190} INFO - [2025-03-12T21:06:58.064+0000] {dag.py:3239} INFO - Sync 1 DAGs
[2025-03-12T21:06:58.085+0000] {logging_mixin.py:190} INFO - [2025-03-12T21:06:58.085+0000] {dag.py:4180} INFO - Setting next_dagrun for latest_only_with_trigger to 2025-03-12 16:00:00+00:00, run_after=2025-03-12 20:00:00+00:00
[2025-03-12T21:06:58.101+0000] {processor.py:208} INFO - Processing /home/airflow/.local/lib/python3.12/site-packages/airflow/example_dags/example_latest_only_with_trigger.py took 0.064 seconds
[2025-03-12T21:07:28.709+0000] {processor.py:186} INFO - Started process (PID=2697) to work on /home/airflow/.local/lib/python3.12/site-packages/airflow/example_dags/example_latest_only_with_trigger.py
[2025-03-12T21:07:28.710+0000] {processor.py:914} INFO - Processing file /home/airflow/.local/lib/python3.12/site-packages/airflow/example_dags/example_latest_only_with_trigger.py for tasks to queue
[2025-03-12T21:07:28.711+0000] {logging_mixin.py:190} INFO - [2025-03-12T21:07:28.711+0000] {dagbag.py:588} INFO - Filling up the DagBag from /home/airflow/.local/lib/python3.12/site-packages/airflow/example_dags/example_latest_only_with_trigger.py
[2025-03-12T21:07:28.718+0000] {processor.py:925} INFO - DAG(s) 'latest_only_with_trigger' retrieved from /home/airflow/.local/lib/python3.12/site-packages/airflow/example_dags/example_latest_only_with_trigger.py
[2025-03-12T21:07:28.739+0000] {logging_mixin.py:190} INFO - [2025-03-12T21:07:28.739+0000] {dag.py:3239} INFO - Sync 1 DAGs
[2025-03-12T21:07:28.759+0000] {logging_mixin.py:190} INFO - [2025-03-12T21:07:28.759+0000] {dag.py:4180} INFO - Setting next_dagrun for latest_only_with_trigger to 2025-03-12 16:00:00+00:00, run_after=2025-03-12 20:00:00+00:00
[2025-03-12T21:07:28.783+0000] {processor.py:208} INFO - Processing /home/airflow/.local/lib/python3.12/site-packages/airflow/example_dags/example_latest_only_with_trigger.py took 0.079 seconds
[2025-03-12T21:07:59.086+0000] {processor.py:186} INFO - Started process (PID=2760) to work on /home/airflow/.local/lib/python3.12/site-packages/airflow/example_dags/example_latest_only_with_trigger.py
[2025-03-12T21:07:59.087+0000] {processor.py:914} INFO - Processing file /home/airflow/.local/lib/python3.12/site-packages/airflow/example_dags/example_latest_only_with_trigger.py for tasks to queue
[2025-03-12T21:07:59.088+0000] {logging_mixin.py:190} INFO - [2025-03-12T21:07:59.088+0000] {dagbag.py:588} INFO - Filling up the DagBag from /home/airflow/.local/lib/python3.12/site-packages/airflow/example_dags/example_latest_only_with_trigger.py
[2025-03-12T21:07:59.093+0000] {processor.py:925} INFO - DAG(s) 'latest_only_with_trigger' retrieved from /home/airflow/.local/lib/python3.12/site-packages/airflow/example_dags/example_latest_only_with_trigger.py
[2025-03-12T21:07:59.106+0000] {logging_mixin.py:190} INFO - [2025-03-12T21:07:59.106+0000] {dag.py:3239} INFO - Sync 1 DAGs
[2025-03-12T21:07:59.125+0000] {logging_mixin.py:190} INFO - [2025-03-12T21:07:59.124+0000] {dag.py:4180} INFO - Setting next_dagrun for latest_only_with_trigger to 2025-03-12 16:00:00+00:00, run_after=2025-03-12 20:00:00+00:00
[2025-03-12T21:07:59.139+0000] {processor.py:208} INFO - Processing /home/airflow/.local/lib/python3.12/site-packages/airflow/example_dags/example_latest_only_with_trigger.py took 0.056 seconds
[2025-03-12T21:08:29.874+0000] {processor.py:186} INFO - Started process (PID=2823) to work on /home/airflow/.local/lib/python3.12/site-packages/airflow/example_dags/example_latest_only_with_trigger.py
[2025-03-12T21:08:29.875+0000] {processor.py:914} INFO - Processing file /home/airflow/.local/lib/python3.12/site-packages/airflow/example_dags/example_latest_only_with_trigger.py for tasks to queue
[2025-03-12T21:08:29.877+0000] {logging_mixin.py:190} INFO - [2025-03-12T21:08:29.877+0000] {dagbag.py:588} INFO - Filling up the DagBag from /home/airflow/.local/lib/python3.12/site-packages/airflow/example_dags/example_latest_only_with_trigger.py
[2025-03-12T21:08:29.883+0000] {processor.py:925} INFO - DAG(s) 'latest_only_with_trigger' retrieved from /home/airflow/.local/lib/python3.12/site-packages/airflow/example_dags/example_latest_only_with_trigger.py
[2025-03-12T21:08:29.901+0000] {logging_mixin.py:190} INFO - [2025-03-12T21:08:29.900+0000] {dag.py:3239} INFO - Sync 1 DAGs
[2025-03-12T21:08:29.920+0000] {logging_mixin.py:190} INFO - [2025-03-12T21:08:29.920+0000] {dag.py:4180} INFO - Setting next_dagrun for latest_only_with_trigger to 2025-03-12 16:00:00+00:00, run_after=2025-03-12 20:00:00+00:00
[2025-03-12T21:08:29.937+0000] {processor.py:208} INFO - Processing /home/airflow/.local/lib/python3.12/site-packages/airflow/example_dags/example_latest_only_with_trigger.py took 0.067 seconds
