[2025-03-12T20:46:28.190+0000] {processor.py:186} INFO - Started process (PID=101) to work on /home/airflow/.local/lib/python3.12/site-packages/airflow/example_dags/example_kubernetes_executor.py
[2025-03-12T20:46:28.191+0000] {processor.py:914} INFO - Processing file /home/airflow/.local/lib/python3.12/site-packages/airflow/example_dags/example_kubernetes_executor.py for tasks to queue
[2025-03-12T20:46:28.192+0000] {logging_mixin.py:190} INFO - [2025-03-12T20:46:28.192+0000] {dagbag.py:588} INFO - Filling up the DagBag from /home/airflow/.local/lib/python3.12/site-packages/airflow/example_dags/example_kubernetes_executor.py
[2025-03-12T20:46:28.201+0000] {processor.py:925} INFO - DAG(s) 'example_kubernetes_executor' retrieved from /home/airflow/.local/lib/python3.12/site-packages/airflow/example_dags/example_kubernetes_executor.py
[2025-03-12T20:46:28.273+0000] {logging_mixin.py:190} INFO - [2025-03-12T20:46:28.273+0000] {override.py:1912} INFO - Created Permission View: can edit on DAG:example_kubernetes_executor
[2025-03-12T20:46:28.282+0000] {logging_mixin.py:190} INFO - [2025-03-12T20:46:28.281+0000] {override.py:1912} INFO - Created Permission View: can read on DAG:example_kubernetes_executor
[2025-03-12T20:46:28.287+0000] {logging_mixin.py:190} INFO - [2025-03-12T20:46:28.287+0000] {override.py:1912} INFO - Created Permission View: can delete on DAG:example_kubernetes_executor
[2025-03-12T20:46:28.293+0000] {logging_mixin.py:190} INFO - [2025-03-12T20:46:28.293+0000] {override.py:1912} INFO - Created Permission View: menu access on DAG Run:example_kubernetes_executor
[2025-03-12T20:46:28.298+0000] {logging_mixin.py:190} INFO - [2025-03-12T20:46:28.298+0000] {override.py:1912} INFO - Created Permission View: can create on DAG Run:example_kubernetes_executor
[2025-03-12T20:46:28.304+0000] {logging_mixin.py:190} INFO - [2025-03-12T20:46:28.304+0000] {override.py:1912} INFO - Created Permission View: can read on DAG Run:example_kubernetes_executor
[2025-03-12T20:46:28.310+0000] {logging_mixin.py:190} INFO - [2025-03-12T20:46:28.310+0000] {override.py:1912} INFO - Created Permission View: can delete on DAG Run:example_kubernetes_executor
[2025-03-12T20:46:28.310+0000] {logging_mixin.py:190} INFO - [2025-03-12T20:46:28.310+0000] {dag.py:3239} INFO - Sync 1 DAGs
[2025-03-12T20:46:28.320+0000] {logging_mixin.py:190} INFO - [2025-03-12T20:46:28.320+0000] {dag.py:3262} INFO - Creating ORM DAG for example_kubernetes_executor
[2025-03-12T20:46:28.321+0000] {logging_mixin.py:190} INFO - [2025-03-12T20:46:28.321+0000] {dag.py:4180} INFO - Setting next_dagrun for example_kubernetes_executor to None, run_after=None
[2025-03-12T20:46:28.336+0000] {processor.py:208} INFO - Processing /home/airflow/.local/lib/python3.12/site-packages/airflow/example_dags/example_kubernetes_executor.py took 0.151 seconds
[2025-03-12T20:46:58.931+0000] {processor.py:186} INFO - Started process (PID=164) to work on /home/airflow/.local/lib/python3.12/site-packages/airflow/example_dags/example_kubernetes_executor.py
[2025-03-12T20:46:58.931+0000] {processor.py:914} INFO - Processing file /home/airflow/.local/lib/python3.12/site-packages/airflow/example_dags/example_kubernetes_executor.py for tasks to queue
[2025-03-12T20:46:58.932+0000] {logging_mixin.py:190} INFO - [2025-03-12T20:46:58.932+0000] {dagbag.py:588} INFO - Filling up the DagBag from /home/airflow/.local/lib/python3.12/site-packages/airflow/example_dags/example_kubernetes_executor.py
[2025-03-12T20:46:58.940+0000] {processor.py:925} INFO - DAG(s) 'example_kubernetes_executor' retrieved from /home/airflow/.local/lib/python3.12/site-packages/airflow/example_dags/example_kubernetes_executor.py
[2025-03-12T20:46:58.961+0000] {logging_mixin.py:190} INFO - [2025-03-12T20:46:58.960+0000] {dag.py:3239} INFO - Sync 1 DAGs
[2025-03-12T20:46:58.973+0000] {logging_mixin.py:190} INFO - [2025-03-12T20:46:58.972+0000] {dag.py:4180} INFO - Setting next_dagrun for example_kubernetes_executor to None, run_after=None
[2025-03-12T20:46:58.988+0000] {processor.py:208} INFO - Processing /home/airflow/.local/lib/python3.12/site-packages/airflow/example_dags/example_kubernetes_executor.py took 0.062 seconds
[2025-03-12T20:47:29.548+0000] {processor.py:186} INFO - Started process (PID=227) to work on /home/airflow/.local/lib/python3.12/site-packages/airflow/example_dags/example_kubernetes_executor.py
[2025-03-12T20:47:29.549+0000] {processor.py:914} INFO - Processing file /home/airflow/.local/lib/python3.12/site-packages/airflow/example_dags/example_kubernetes_executor.py for tasks to queue
[2025-03-12T20:47:29.550+0000] {logging_mixin.py:190} INFO - [2025-03-12T20:47:29.550+0000] {dagbag.py:588} INFO - Filling up the DagBag from /home/airflow/.local/lib/python3.12/site-packages/airflow/example_dags/example_kubernetes_executor.py
[2025-03-12T20:47:29.558+0000] {processor.py:925} INFO - DAG(s) 'example_kubernetes_executor' retrieved from /home/airflow/.local/lib/python3.12/site-packages/airflow/example_dags/example_kubernetes_executor.py
[2025-03-12T20:47:29.577+0000] {logging_mixin.py:190} INFO - [2025-03-12T20:47:29.577+0000] {dag.py:3239} INFO - Sync 1 DAGs
[2025-03-12T20:47:29.588+0000] {logging_mixin.py:190} INFO - [2025-03-12T20:47:29.588+0000] {dag.py:4180} INFO - Setting next_dagrun for example_kubernetes_executor to None, run_after=None
[2025-03-12T20:47:29.602+0000] {processor.py:208} INFO - Processing /home/airflow/.local/lib/python3.12/site-packages/airflow/example_dags/example_kubernetes_executor.py took 0.058 seconds
[2025-03-12T20:48:00.523+0000] {processor.py:186} INFO - Started process (PID=290) to work on /home/airflow/.local/lib/python3.12/site-packages/airflow/example_dags/example_kubernetes_executor.py
[2025-03-12T20:48:00.523+0000] {processor.py:914} INFO - Processing file /home/airflow/.local/lib/python3.12/site-packages/airflow/example_dags/example_kubernetes_executor.py for tasks to queue
[2025-03-12T20:48:00.525+0000] {logging_mixin.py:190} INFO - [2025-03-12T20:48:00.524+0000] {dagbag.py:588} INFO - Filling up the DagBag from /home/airflow/.local/lib/python3.12/site-packages/airflow/example_dags/example_kubernetes_executor.py
[2025-03-12T20:48:00.533+0000] {processor.py:925} INFO - DAG(s) 'example_kubernetes_executor' retrieved from /home/airflow/.local/lib/python3.12/site-packages/airflow/example_dags/example_kubernetes_executor.py
[2025-03-12T20:48:00.552+0000] {logging_mixin.py:190} INFO - [2025-03-12T20:48:00.552+0000] {dag.py:3239} INFO - Sync 1 DAGs
[2025-03-12T20:48:00.563+0000] {logging_mixin.py:190} INFO - [2025-03-12T20:48:00.563+0000] {dag.py:4180} INFO - Setting next_dagrun for example_kubernetes_executor to None, run_after=None
[2025-03-12T20:48:00.579+0000] {processor.py:208} INFO - Processing /home/airflow/.local/lib/python3.12/site-packages/airflow/example_dags/example_kubernetes_executor.py took 0.060 seconds
[2025-03-12T20:48:31.478+0000] {processor.py:186} INFO - Started process (PID=353) to work on /home/airflow/.local/lib/python3.12/site-packages/airflow/example_dags/example_kubernetes_executor.py
[2025-03-12T20:48:31.479+0000] {processor.py:914} INFO - Processing file /home/airflow/.local/lib/python3.12/site-packages/airflow/example_dags/example_kubernetes_executor.py for tasks to queue
[2025-03-12T20:48:31.482+0000] {logging_mixin.py:190} INFO - [2025-03-12T20:48:31.482+0000] {dagbag.py:588} INFO - Filling up the DagBag from /home/airflow/.local/lib/python3.12/site-packages/airflow/example_dags/example_kubernetes_executor.py
[2025-03-12T20:48:31.496+0000] {processor.py:925} INFO - DAG(s) 'example_kubernetes_executor' retrieved from /home/airflow/.local/lib/python3.12/site-packages/airflow/example_dags/example_kubernetes_executor.py
[2025-03-12T20:48:31.519+0000] {logging_mixin.py:190} INFO - [2025-03-12T20:48:31.519+0000] {dag.py:3239} INFO - Sync 1 DAGs
[2025-03-12T20:48:31.529+0000] {logging_mixin.py:190} INFO - [2025-03-12T20:48:31.529+0000] {dag.py:4180} INFO - Setting next_dagrun for example_kubernetes_executor to None, run_after=None
[2025-03-12T20:48:31.547+0000] {processor.py:208} INFO - Processing /home/airflow/.local/lib/python3.12/site-packages/airflow/example_dags/example_kubernetes_executor.py took 0.074 seconds
[2025-03-12T20:49:01.853+0000] {processor.py:186} INFO - Started process (PID=416) to work on /home/airflow/.local/lib/python3.12/site-packages/airflow/example_dags/example_kubernetes_executor.py
[2025-03-12T20:49:01.853+0000] {processor.py:914} INFO - Processing file /home/airflow/.local/lib/python3.12/site-packages/airflow/example_dags/example_kubernetes_executor.py for tasks to queue
[2025-03-12T20:49:01.855+0000] {logging_mixin.py:190} INFO - [2025-03-12T20:49:01.855+0000] {dagbag.py:588} INFO - Filling up the DagBag from /home/airflow/.local/lib/python3.12/site-packages/airflow/example_dags/example_kubernetes_executor.py
[2025-03-12T20:49:01.864+0000] {processor.py:925} INFO - DAG(s) 'example_kubernetes_executor' retrieved from /home/airflow/.local/lib/python3.12/site-packages/airflow/example_dags/example_kubernetes_executor.py
[2025-03-12T20:49:01.883+0000] {logging_mixin.py:190} INFO - [2025-03-12T20:49:01.883+0000] {dag.py:3239} INFO - Sync 1 DAGs
[2025-03-12T20:49:01.895+0000] {logging_mixin.py:190} INFO - [2025-03-12T20:49:01.894+0000] {dag.py:4180} INFO - Setting next_dagrun for example_kubernetes_executor to None, run_after=None
[2025-03-12T20:49:01.911+0000] {processor.py:208} INFO - Processing /home/airflow/.local/lib/python3.12/site-packages/airflow/example_dags/example_kubernetes_executor.py took 0.062 seconds
[2025-03-12T20:49:32.598+0000] {processor.py:186} INFO - Started process (PID=479) to work on /home/airflow/.local/lib/python3.12/site-packages/airflow/example_dags/example_kubernetes_executor.py
[2025-03-12T20:49:32.599+0000] {processor.py:914} INFO - Processing file /home/airflow/.local/lib/python3.12/site-packages/airflow/example_dags/example_kubernetes_executor.py for tasks to queue
[2025-03-12T20:49:32.601+0000] {logging_mixin.py:190} INFO - [2025-03-12T20:49:32.600+0000] {dagbag.py:588} INFO - Filling up the DagBag from /home/airflow/.local/lib/python3.12/site-packages/airflow/example_dags/example_kubernetes_executor.py
[2025-03-12T20:49:32.610+0000] {processor.py:925} INFO - DAG(s) 'example_kubernetes_executor' retrieved from /home/airflow/.local/lib/python3.12/site-packages/airflow/example_dags/example_kubernetes_executor.py
[2025-03-12T20:49:32.631+0000] {logging_mixin.py:190} INFO - [2025-03-12T20:49:32.631+0000] {dag.py:3239} INFO - Sync 1 DAGs
[2025-03-12T20:49:32.644+0000] {logging_mixin.py:190} INFO - [2025-03-12T20:49:32.644+0000] {dag.py:4180} INFO - Setting next_dagrun for example_kubernetes_executor to None, run_after=None
[2025-03-12T20:49:32.660+0000] {processor.py:208} INFO - Processing /home/airflow/.local/lib/python3.12/site-packages/airflow/example_dags/example_kubernetes_executor.py took 0.067 seconds
[2025-03-12T20:50:02.974+0000] {processor.py:186} INFO - Started process (PID=542) to work on /home/airflow/.local/lib/python3.12/site-packages/airflow/example_dags/example_kubernetes_executor.py
[2025-03-12T20:50:02.975+0000] {processor.py:914} INFO - Processing file /home/airflow/.local/lib/python3.12/site-packages/airflow/example_dags/example_kubernetes_executor.py for tasks to queue
[2025-03-12T20:50:02.977+0000] {logging_mixin.py:190} INFO - [2025-03-12T20:50:02.977+0000] {dagbag.py:588} INFO - Filling up the DagBag from /home/airflow/.local/lib/python3.12/site-packages/airflow/example_dags/example_kubernetes_executor.py
[2025-03-12T20:50:02.990+0000] {processor.py:925} INFO - DAG(s) 'example_kubernetes_executor' retrieved from /home/airflow/.local/lib/python3.12/site-packages/airflow/example_dags/example_kubernetes_executor.py
[2025-03-12T20:50:03.013+0000] {logging_mixin.py:190} INFO - [2025-03-12T20:50:03.012+0000] {dag.py:3239} INFO - Sync 1 DAGs
[2025-03-12T20:50:03.026+0000] {logging_mixin.py:190} INFO - [2025-03-12T20:50:03.026+0000] {dag.py:4180} INFO - Setting next_dagrun for example_kubernetes_executor to None, run_after=None
[2025-03-12T20:50:03.042+0000] {processor.py:208} INFO - Processing /home/airflow/.local/lib/python3.12/site-packages/airflow/example_dags/example_kubernetes_executor.py took 0.074 seconds
[2025-03-12T20:50:33.665+0000] {processor.py:186} INFO - Started process (PID=605) to work on /home/airflow/.local/lib/python3.12/site-packages/airflow/example_dags/example_kubernetes_executor.py
[2025-03-12T20:50:33.666+0000] {processor.py:914} INFO - Processing file /home/airflow/.local/lib/python3.12/site-packages/airflow/example_dags/example_kubernetes_executor.py for tasks to queue
[2025-03-12T20:50:33.668+0000] {logging_mixin.py:190} INFO - [2025-03-12T20:50:33.667+0000] {dagbag.py:588} INFO - Filling up the DagBag from /home/airflow/.local/lib/python3.12/site-packages/airflow/example_dags/example_kubernetes_executor.py
[2025-03-12T20:50:33.675+0000] {processor.py:925} INFO - DAG(s) 'example_kubernetes_executor' retrieved from /home/airflow/.local/lib/python3.12/site-packages/airflow/example_dags/example_kubernetes_executor.py
[2025-03-12T20:50:33.692+0000] {logging_mixin.py:190} INFO - [2025-03-12T20:50:33.692+0000] {dag.py:3239} INFO - Sync 1 DAGs
[2025-03-12T20:50:33.702+0000] {logging_mixin.py:190} INFO - [2025-03-12T20:50:33.702+0000] {dag.py:4180} INFO - Setting next_dagrun for example_kubernetes_executor to None, run_after=None
[2025-03-12T20:50:33.713+0000] {processor.py:208} INFO - Processing /home/airflow/.local/lib/python3.12/site-packages/airflow/example_dags/example_kubernetes_executor.py took 0.053 seconds
[2025-03-12T20:51:04.013+0000] {processor.py:186} INFO - Started process (PID=668) to work on /home/airflow/.local/lib/python3.12/site-packages/airflow/example_dags/example_kubernetes_executor.py
[2025-03-12T20:51:04.014+0000] {processor.py:914} INFO - Processing file /home/airflow/.local/lib/python3.12/site-packages/airflow/example_dags/example_kubernetes_executor.py for tasks to queue
[2025-03-12T20:51:04.015+0000] {logging_mixin.py:190} INFO - [2025-03-12T20:51:04.015+0000] {dagbag.py:588} INFO - Filling up the DagBag from /home/airflow/.local/lib/python3.12/site-packages/airflow/example_dags/example_kubernetes_executor.py
[2025-03-12T20:51:04.023+0000] {processor.py:925} INFO - DAG(s) 'example_kubernetes_executor' retrieved from /home/airflow/.local/lib/python3.12/site-packages/airflow/example_dags/example_kubernetes_executor.py
[2025-03-12T20:51:04.039+0000] {logging_mixin.py:190} INFO - [2025-03-12T20:51:04.039+0000] {dag.py:3239} INFO - Sync 1 DAGs
[2025-03-12T20:51:04.050+0000] {logging_mixin.py:190} INFO - [2025-03-12T20:51:04.050+0000] {dag.py:4180} INFO - Setting next_dagrun for example_kubernetes_executor to None, run_after=None
[2025-03-12T20:51:04.066+0000] {processor.py:208} INFO - Processing /home/airflow/.local/lib/python3.12/site-packages/airflow/example_dags/example_kubernetes_executor.py took 0.057 seconds
[2025-03-12T20:51:34.366+0000] {processor.py:186} INFO - Started process (PID=730) to work on /home/airflow/.local/lib/python3.12/site-packages/airflow/example_dags/example_kubernetes_executor.py
[2025-03-12T20:51:34.367+0000] {processor.py:914} INFO - Processing file /home/airflow/.local/lib/python3.12/site-packages/airflow/example_dags/example_kubernetes_executor.py for tasks to queue
[2025-03-12T20:51:34.368+0000] {logging_mixin.py:190} INFO - [2025-03-12T20:51:34.368+0000] {dagbag.py:588} INFO - Filling up the DagBag from /home/airflow/.local/lib/python3.12/site-packages/airflow/example_dags/example_kubernetes_executor.py
[2025-03-12T20:51:34.375+0000] {processor.py:925} INFO - DAG(s) 'example_kubernetes_executor' retrieved from /home/airflow/.local/lib/python3.12/site-packages/airflow/example_dags/example_kubernetes_executor.py
[2025-03-12T20:51:34.392+0000] {logging_mixin.py:190} INFO - [2025-03-12T20:51:34.392+0000] {dag.py:3239} INFO - Sync 1 DAGs
[2025-03-12T20:51:34.402+0000] {logging_mixin.py:190} INFO - [2025-03-12T20:51:34.402+0000] {dag.py:4180} INFO - Setting next_dagrun for example_kubernetes_executor to None, run_after=None
[2025-03-12T20:51:34.417+0000] {processor.py:208} INFO - Processing /home/airflow/.local/lib/python3.12/site-packages/airflow/example_dags/example_kubernetes_executor.py took 0.054 seconds
[2025-03-12T20:52:04.491+0000] {processor.py:186} INFO - Started process (PID=793) to work on /home/airflow/.local/lib/python3.12/site-packages/airflow/example_dags/example_kubernetes_executor.py
[2025-03-12T20:52:04.492+0000] {processor.py:914} INFO - Processing file /home/airflow/.local/lib/python3.12/site-packages/airflow/example_dags/example_kubernetes_executor.py for tasks to queue
[2025-03-12T20:52:04.493+0000] {logging_mixin.py:190} INFO - [2025-03-12T20:52:04.493+0000] {dagbag.py:588} INFO - Filling up the DagBag from /home/airflow/.local/lib/python3.12/site-packages/airflow/example_dags/example_kubernetes_executor.py
[2025-03-12T20:52:04.503+0000] {processor.py:925} INFO - DAG(s) 'example_kubernetes_executor' retrieved from /home/airflow/.local/lib/python3.12/site-packages/airflow/example_dags/example_kubernetes_executor.py
[2025-03-12T20:52:04.522+0000] {logging_mixin.py:190} INFO - [2025-03-12T20:52:04.522+0000] {dag.py:3239} INFO - Sync 1 DAGs
[2025-03-12T20:52:04.533+0000] {logging_mixin.py:190} INFO - [2025-03-12T20:52:04.533+0000] {dag.py:4180} INFO - Setting next_dagrun for example_kubernetes_executor to None, run_after=None
[2025-03-12T20:52:04.547+0000] {processor.py:208} INFO - Processing /home/airflow/.local/lib/python3.12/site-packages/airflow/example_dags/example_kubernetes_executor.py took 0.061 seconds
[2025-03-12T20:52:35.177+0000] {processor.py:186} INFO - Started process (PID=856) to work on /home/airflow/.local/lib/python3.12/site-packages/airflow/example_dags/example_kubernetes_executor.py
[2025-03-12T20:52:35.178+0000] {processor.py:914} INFO - Processing file /home/airflow/.local/lib/python3.12/site-packages/airflow/example_dags/example_kubernetes_executor.py for tasks to queue
[2025-03-12T20:52:35.179+0000] {logging_mixin.py:190} INFO - [2025-03-12T20:52:35.179+0000] {dagbag.py:588} INFO - Filling up the DagBag from /home/airflow/.local/lib/python3.12/site-packages/airflow/example_dags/example_kubernetes_executor.py
[2025-03-12T20:52:35.187+0000] {processor.py:925} INFO - DAG(s) 'example_kubernetes_executor' retrieved from /home/airflow/.local/lib/python3.12/site-packages/airflow/example_dags/example_kubernetes_executor.py
[2025-03-12T20:52:35.206+0000] {logging_mixin.py:190} INFO - [2025-03-12T20:52:35.206+0000] {dag.py:3239} INFO - Sync 1 DAGs
[2025-03-12T20:52:35.219+0000] {logging_mixin.py:190} INFO - [2025-03-12T20:52:35.219+0000] {dag.py:4180} INFO - Setting next_dagrun for example_kubernetes_executor to None, run_after=None
[2025-03-12T20:52:35.237+0000] {processor.py:208} INFO - Processing /home/airflow/.local/lib/python3.12/site-packages/airflow/example_dags/example_kubernetes_executor.py took 0.063 seconds
[2025-03-12T20:53:05.973+0000] {processor.py:186} INFO - Started process (PID=919) to work on /home/airflow/.local/lib/python3.12/site-packages/airflow/example_dags/example_kubernetes_executor.py
[2025-03-12T20:53:05.974+0000] {processor.py:914} INFO - Processing file /home/airflow/.local/lib/python3.12/site-packages/airflow/example_dags/example_kubernetes_executor.py for tasks to queue
[2025-03-12T20:53:05.975+0000] {logging_mixin.py:190} INFO - [2025-03-12T20:53:05.975+0000] {dagbag.py:588} INFO - Filling up the DagBag from /home/airflow/.local/lib/python3.12/site-packages/airflow/example_dags/example_kubernetes_executor.py
[2025-03-12T20:53:05.982+0000] {processor.py:925} INFO - DAG(s) 'example_kubernetes_executor' retrieved from /home/airflow/.local/lib/python3.12/site-packages/airflow/example_dags/example_kubernetes_executor.py
[2025-03-12T20:53:05.999+0000] {logging_mixin.py:190} INFO - [2025-03-12T20:53:05.999+0000] {dag.py:3239} INFO - Sync 1 DAGs
[2025-03-12T20:53:06.012+0000] {logging_mixin.py:190} INFO - [2025-03-12T20:53:06.012+0000] {dag.py:4180} INFO - Setting next_dagrun for example_kubernetes_executor to None, run_after=None
[2025-03-12T20:53:06.027+0000] {processor.py:208} INFO - Processing /home/airflow/.local/lib/python3.12/site-packages/airflow/example_dags/example_kubernetes_executor.py took 0.057 seconds
[2025-03-12T20:53:36.763+0000] {processor.py:186} INFO - Started process (PID=982) to work on /home/airflow/.local/lib/python3.12/site-packages/airflow/example_dags/example_kubernetes_executor.py
[2025-03-12T20:53:36.764+0000] {processor.py:914} INFO - Processing file /home/airflow/.local/lib/python3.12/site-packages/airflow/example_dags/example_kubernetes_executor.py for tasks to queue
[2025-03-12T20:53:36.765+0000] {logging_mixin.py:190} INFO - [2025-03-12T20:53:36.765+0000] {dagbag.py:588} INFO - Filling up the DagBag from /home/airflow/.local/lib/python3.12/site-packages/airflow/example_dags/example_kubernetes_executor.py
[2025-03-12T20:53:36.774+0000] {processor.py:925} INFO - DAG(s) 'example_kubernetes_executor' retrieved from /home/airflow/.local/lib/python3.12/site-packages/airflow/example_dags/example_kubernetes_executor.py
[2025-03-12T20:53:36.794+0000] {logging_mixin.py:190} INFO - [2025-03-12T20:53:36.793+0000] {dag.py:3239} INFO - Sync 1 DAGs
[2025-03-12T20:53:36.805+0000] {logging_mixin.py:190} INFO - [2025-03-12T20:53:36.805+0000] {dag.py:4180} INFO - Setting next_dagrun for example_kubernetes_executor to None, run_after=None
[2025-03-12T20:53:36.820+0000] {processor.py:208} INFO - Processing /home/airflow/.local/lib/python3.12/site-packages/airflow/example_dags/example_kubernetes_executor.py took 0.061 seconds
[2025-03-12T20:54:07.041+0000] {processor.py:186} INFO - Started process (PID=1045) to work on /home/airflow/.local/lib/python3.12/site-packages/airflow/example_dags/example_kubernetes_executor.py
[2025-03-12T20:54:07.042+0000] {processor.py:914} INFO - Processing file /home/airflow/.local/lib/python3.12/site-packages/airflow/example_dags/example_kubernetes_executor.py for tasks to queue
[2025-03-12T20:54:07.043+0000] {logging_mixin.py:190} INFO - [2025-03-12T20:54:07.043+0000] {dagbag.py:588} INFO - Filling up the DagBag from /home/airflow/.local/lib/python3.12/site-packages/airflow/example_dags/example_kubernetes_executor.py
[2025-03-12T20:54:07.050+0000] {processor.py:925} INFO - DAG(s) 'example_kubernetes_executor' retrieved from /home/airflow/.local/lib/python3.12/site-packages/airflow/example_dags/example_kubernetes_executor.py
[2025-03-12T20:54:07.067+0000] {logging_mixin.py:190} INFO - [2025-03-12T20:54:07.067+0000] {dag.py:3239} INFO - Sync 1 DAGs
[2025-03-12T20:54:07.077+0000] {logging_mixin.py:190} INFO - [2025-03-12T20:54:07.077+0000] {dag.py:4180} INFO - Setting next_dagrun for example_kubernetes_executor to None, run_after=None
[2025-03-12T20:54:07.091+0000] {processor.py:208} INFO - Processing /home/airflow/.local/lib/python3.12/site-packages/airflow/example_dags/example_kubernetes_executor.py took 0.054 seconds
[2025-03-12T20:54:38.016+0000] {processor.py:186} INFO - Started process (PID=1108) to work on /home/airflow/.local/lib/python3.12/site-packages/airflow/example_dags/example_kubernetes_executor.py
[2025-03-12T20:54:38.017+0000] {processor.py:914} INFO - Processing file /home/airflow/.local/lib/python3.12/site-packages/airflow/example_dags/example_kubernetes_executor.py for tasks to queue
[2025-03-12T20:54:38.018+0000] {logging_mixin.py:190} INFO - [2025-03-12T20:54:38.018+0000] {dagbag.py:588} INFO - Filling up the DagBag from /home/airflow/.local/lib/python3.12/site-packages/airflow/example_dags/example_kubernetes_executor.py
[2025-03-12T20:54:38.025+0000] {processor.py:925} INFO - DAG(s) 'example_kubernetes_executor' retrieved from /home/airflow/.local/lib/python3.12/site-packages/airflow/example_dags/example_kubernetes_executor.py
[2025-03-12T20:54:38.040+0000] {logging_mixin.py:190} INFO - [2025-03-12T20:54:38.040+0000] {dag.py:3239} INFO - Sync 1 DAGs
[2025-03-12T20:54:38.050+0000] {logging_mixin.py:190} INFO - [2025-03-12T20:54:38.049+0000] {dag.py:4180} INFO - Setting next_dagrun for example_kubernetes_executor to None, run_after=None
[2025-03-12T20:54:38.063+0000] {processor.py:208} INFO - Processing /home/airflow/.local/lib/python3.12/site-packages/airflow/example_dags/example_kubernetes_executor.py took 0.052 seconds
[2025-03-12T20:55:08.821+0000] {processor.py:186} INFO - Started process (PID=1171) to work on /home/airflow/.local/lib/python3.12/site-packages/airflow/example_dags/example_kubernetes_executor.py
[2025-03-12T20:55:08.822+0000] {processor.py:914} INFO - Processing file /home/airflow/.local/lib/python3.12/site-packages/airflow/example_dags/example_kubernetes_executor.py for tasks to queue
[2025-03-12T20:55:08.823+0000] {logging_mixin.py:190} INFO - [2025-03-12T20:55:08.823+0000] {dagbag.py:588} INFO - Filling up the DagBag from /home/airflow/.local/lib/python3.12/site-packages/airflow/example_dags/example_kubernetes_executor.py
[2025-03-12T20:55:08.830+0000] {processor.py:925} INFO - DAG(s) 'example_kubernetes_executor' retrieved from /home/airflow/.local/lib/python3.12/site-packages/airflow/example_dags/example_kubernetes_executor.py
[2025-03-12T20:55:08.848+0000] {logging_mixin.py:190} INFO - [2025-03-12T20:55:08.847+0000] {dag.py:3239} INFO - Sync 1 DAGs
[2025-03-12T20:55:08.856+0000] {logging_mixin.py:190} INFO - [2025-03-12T20:55:08.856+0000] {dag.py:4180} INFO - Setting next_dagrun for example_kubernetes_executor to None, run_after=None
[2025-03-12T20:55:08.870+0000] {processor.py:208} INFO - Processing /home/airflow/.local/lib/python3.12/site-packages/airflow/example_dags/example_kubernetes_executor.py took 0.051 seconds
[2025-03-12T20:55:40.048+0000] {processor.py:186} INFO - Started process (PID=1234) to work on /home/airflow/.local/lib/python3.12/site-packages/airflow/example_dags/example_kubernetes_executor.py
[2025-03-12T20:55:40.050+0000] {processor.py:914} INFO - Processing file /home/airflow/.local/lib/python3.12/site-packages/airflow/example_dags/example_kubernetes_executor.py for tasks to queue
[2025-03-12T20:55:40.052+0000] {logging_mixin.py:190} INFO - [2025-03-12T20:55:40.051+0000] {dagbag.py:588} INFO - Filling up the DagBag from /home/airflow/.local/lib/python3.12/site-packages/airflow/example_dags/example_kubernetes_executor.py
[2025-03-12T20:55:40.065+0000] {processor.py:925} INFO - DAG(s) 'example_kubernetes_executor' retrieved from /home/airflow/.local/lib/python3.12/site-packages/airflow/example_dags/example_kubernetes_executor.py
[2025-03-12T20:55:40.090+0000] {logging_mixin.py:190} INFO - [2025-03-12T20:55:40.090+0000] {dag.py:3239} INFO - Sync 1 DAGs
[2025-03-12T20:55:40.103+0000] {logging_mixin.py:190} INFO - [2025-03-12T20:55:40.103+0000] {dag.py:4180} INFO - Setting next_dagrun for example_kubernetes_executor to None, run_after=None
[2025-03-12T20:55:40.117+0000] {processor.py:208} INFO - Processing /home/airflow/.local/lib/python3.12/site-packages/airflow/example_dags/example_kubernetes_executor.py took 0.075 seconds
[2025-03-12T20:56:10.596+0000] {processor.py:186} INFO - Started process (PID=1297) to work on /home/airflow/.local/lib/python3.12/site-packages/airflow/example_dags/example_kubernetes_executor.py
[2025-03-12T20:56:10.597+0000] {processor.py:914} INFO - Processing file /home/airflow/.local/lib/python3.12/site-packages/airflow/example_dags/example_kubernetes_executor.py for tasks to queue
[2025-03-12T20:56:10.598+0000] {logging_mixin.py:190} INFO - [2025-03-12T20:56:10.598+0000] {dagbag.py:588} INFO - Filling up the DagBag from /home/airflow/.local/lib/python3.12/site-packages/airflow/example_dags/example_kubernetes_executor.py
[2025-03-12T20:56:10.606+0000] {processor.py:925} INFO - DAG(s) 'example_kubernetes_executor' retrieved from /home/airflow/.local/lib/python3.12/site-packages/airflow/example_dags/example_kubernetes_executor.py
[2025-03-12T20:56:10.623+0000] {logging_mixin.py:190} INFO - [2025-03-12T20:56:10.623+0000] {dag.py:3239} INFO - Sync 1 DAGs
[2025-03-12T20:56:10.631+0000] {logging_mixin.py:190} INFO - [2025-03-12T20:56:10.631+0000] {dag.py:4180} INFO - Setting next_dagrun for example_kubernetes_executor to None, run_after=None
[2025-03-12T20:56:10.646+0000] {processor.py:208} INFO - Processing /home/airflow/.local/lib/python3.12/site-packages/airflow/example_dags/example_kubernetes_executor.py took 0.054 seconds
[2025-03-12T20:56:41.365+0000] {processor.py:186} INFO - Started process (PID=1360) to work on /home/airflow/.local/lib/python3.12/site-packages/airflow/example_dags/example_kubernetes_executor.py
[2025-03-12T20:56:41.367+0000] {processor.py:914} INFO - Processing file /home/airflow/.local/lib/python3.12/site-packages/airflow/example_dags/example_kubernetes_executor.py for tasks to queue
[2025-03-12T20:56:41.369+0000] {logging_mixin.py:190} INFO - [2025-03-12T20:56:41.368+0000] {dagbag.py:588} INFO - Filling up the DagBag from /home/airflow/.local/lib/python3.12/site-packages/airflow/example_dags/example_kubernetes_executor.py
[2025-03-12T20:56:41.378+0000] {processor.py:925} INFO - DAG(s) 'example_kubernetes_executor' retrieved from /home/airflow/.local/lib/python3.12/site-packages/airflow/example_dags/example_kubernetes_executor.py
[2025-03-12T20:56:41.394+0000] {logging_mixin.py:190} INFO - [2025-03-12T20:56:41.394+0000] {dag.py:3239} INFO - Sync 1 DAGs
[2025-03-12T20:56:41.405+0000] {logging_mixin.py:190} INFO - [2025-03-12T20:56:41.404+0000] {dag.py:4180} INFO - Setting next_dagrun for example_kubernetes_executor to None, run_after=None
[2025-03-12T20:56:41.422+0000] {processor.py:208} INFO - Processing /home/airflow/.local/lib/python3.12/site-packages/airflow/example_dags/example_kubernetes_executor.py took 0.062 seconds
[2025-03-12T20:57:12.021+0000] {processor.py:186} INFO - Started process (PID=1423) to work on /home/airflow/.local/lib/python3.12/site-packages/airflow/example_dags/example_kubernetes_executor.py
[2025-03-12T20:57:12.022+0000] {processor.py:914} INFO - Processing file /home/airflow/.local/lib/python3.12/site-packages/airflow/example_dags/example_kubernetes_executor.py for tasks to queue
[2025-03-12T20:57:12.024+0000] {logging_mixin.py:190} INFO - [2025-03-12T20:57:12.023+0000] {dagbag.py:588} INFO - Filling up the DagBag from /home/airflow/.local/lib/python3.12/site-packages/airflow/example_dags/example_kubernetes_executor.py
[2025-03-12T20:57:12.031+0000] {processor.py:925} INFO - DAG(s) 'example_kubernetes_executor' retrieved from /home/airflow/.local/lib/python3.12/site-packages/airflow/example_dags/example_kubernetes_executor.py
[2025-03-12T20:57:12.053+0000] {logging_mixin.py:190} INFO - [2025-03-12T20:57:12.053+0000] {dag.py:3239} INFO - Sync 1 DAGs
[2025-03-12T20:57:12.066+0000] {logging_mixin.py:190} INFO - [2025-03-12T20:57:12.066+0000] {dag.py:4180} INFO - Setting next_dagrun for example_kubernetes_executor to None, run_after=None
[2025-03-12T20:57:12.084+0000] {processor.py:208} INFO - Processing /home/airflow/.local/lib/python3.12/site-packages/airflow/example_dags/example_kubernetes_executor.py took 0.067 seconds
[2025-03-12T20:57:42.797+0000] {processor.py:186} INFO - Started process (PID=1486) to work on /home/airflow/.local/lib/python3.12/site-packages/airflow/example_dags/example_kubernetes_executor.py
[2025-03-12T20:57:42.798+0000] {processor.py:914} INFO - Processing file /home/airflow/.local/lib/python3.12/site-packages/airflow/example_dags/example_kubernetes_executor.py for tasks to queue
[2025-03-12T20:57:42.800+0000] {logging_mixin.py:190} INFO - [2025-03-12T20:57:42.800+0000] {dagbag.py:588} INFO - Filling up the DagBag from /home/airflow/.local/lib/python3.12/site-packages/airflow/example_dags/example_kubernetes_executor.py
[2025-03-12T20:57:42.807+0000] {processor.py:925} INFO - DAG(s) 'example_kubernetes_executor' retrieved from /home/airflow/.local/lib/python3.12/site-packages/airflow/example_dags/example_kubernetes_executor.py
[2025-03-12T20:57:42.822+0000] {logging_mixin.py:190} INFO - [2025-03-12T20:57:42.822+0000] {dag.py:3239} INFO - Sync 1 DAGs
[2025-03-12T20:57:42.832+0000] {logging_mixin.py:190} INFO - [2025-03-12T20:57:42.831+0000] {dag.py:4180} INFO - Setting next_dagrun for example_kubernetes_executor to None, run_after=None
[2025-03-12T20:57:42.845+0000] {processor.py:208} INFO - Processing /home/airflow/.local/lib/python3.12/site-packages/airflow/example_dags/example_kubernetes_executor.py took 0.052 seconds
[2025-03-12T20:58:14.055+0000] {processor.py:186} INFO - Started process (PID=1549) to work on /home/airflow/.local/lib/python3.12/site-packages/airflow/example_dags/example_kubernetes_executor.py
[2025-03-12T20:58:14.056+0000] {processor.py:914} INFO - Processing file /home/airflow/.local/lib/python3.12/site-packages/airflow/example_dags/example_kubernetes_executor.py for tasks to queue
[2025-03-12T20:58:14.058+0000] {logging_mixin.py:190} INFO - [2025-03-12T20:58:14.057+0000] {dagbag.py:588} INFO - Filling up the DagBag from /home/airflow/.local/lib/python3.12/site-packages/airflow/example_dags/example_kubernetes_executor.py
[2025-03-12T20:58:14.066+0000] {processor.py:925} INFO - DAG(s) 'example_kubernetes_executor' retrieved from /home/airflow/.local/lib/python3.12/site-packages/airflow/example_dags/example_kubernetes_executor.py
[2025-03-12T20:58:14.087+0000] {logging_mixin.py:190} INFO - [2025-03-12T20:58:14.087+0000] {dag.py:3239} INFO - Sync 1 DAGs
[2025-03-12T20:58:14.101+0000] {logging_mixin.py:190} INFO - [2025-03-12T20:58:14.101+0000] {dag.py:4180} INFO - Setting next_dagrun for example_kubernetes_executor to None, run_after=None
[2025-03-12T20:58:14.121+0000] {processor.py:208} INFO - Processing /home/airflow/.local/lib/python3.12/site-packages/airflow/example_dags/example_kubernetes_executor.py took 0.070 seconds
[2025-03-12T20:58:44.938+0000] {processor.py:186} INFO - Started process (PID=1612) to work on /home/airflow/.local/lib/python3.12/site-packages/airflow/example_dags/example_kubernetes_executor.py
[2025-03-12T20:58:44.939+0000] {processor.py:914} INFO - Processing file /home/airflow/.local/lib/python3.12/site-packages/airflow/example_dags/example_kubernetes_executor.py for tasks to queue
[2025-03-12T20:58:44.941+0000] {logging_mixin.py:190} INFO - [2025-03-12T20:58:44.940+0000] {dagbag.py:588} INFO - Filling up the DagBag from /home/airflow/.local/lib/python3.12/site-packages/airflow/example_dags/example_kubernetes_executor.py
[2025-03-12T20:58:44.952+0000] {processor.py:925} INFO - DAG(s) 'example_kubernetes_executor' retrieved from /home/airflow/.local/lib/python3.12/site-packages/airflow/example_dags/example_kubernetes_executor.py
[2025-03-12T20:58:44.974+0000] {logging_mixin.py:190} INFO - [2025-03-12T20:58:44.973+0000] {dag.py:3239} INFO - Sync 1 DAGs
[2025-03-12T20:58:44.987+0000] {logging_mixin.py:190} INFO - [2025-03-12T20:58:44.987+0000] {dag.py:4180} INFO - Setting next_dagrun for example_kubernetes_executor to None, run_after=None
[2025-03-12T20:58:45.007+0000] {processor.py:208} INFO - Processing /home/airflow/.local/lib/python3.12/site-packages/airflow/example_dags/example_kubernetes_executor.py took 0.074 seconds
[2025-03-12T20:59:15.675+0000] {processor.py:186} INFO - Started process (PID=1675) to work on /home/airflow/.local/lib/python3.12/site-packages/airflow/example_dags/example_kubernetes_executor.py
[2025-03-12T20:59:15.676+0000] {processor.py:914} INFO - Processing file /home/airflow/.local/lib/python3.12/site-packages/airflow/example_dags/example_kubernetes_executor.py for tasks to queue
[2025-03-12T20:59:15.678+0000] {logging_mixin.py:190} INFO - [2025-03-12T20:59:15.678+0000] {dagbag.py:588} INFO - Filling up the DagBag from /home/airflow/.local/lib/python3.12/site-packages/airflow/example_dags/example_kubernetes_executor.py
[2025-03-12T20:59:15.687+0000] {processor.py:925} INFO - DAG(s) 'example_kubernetes_executor' retrieved from /home/airflow/.local/lib/python3.12/site-packages/airflow/example_dags/example_kubernetes_executor.py
[2025-03-12T20:59:15.703+0000] {logging_mixin.py:190} INFO - [2025-03-12T20:59:15.703+0000] {dag.py:3239} INFO - Sync 1 DAGs
[2025-03-12T20:59:15.712+0000] {logging_mixin.py:190} INFO - [2025-03-12T20:59:15.712+0000] {dag.py:4180} INFO - Setting next_dagrun for example_kubernetes_executor to None, run_after=None
[2025-03-12T20:59:15.727+0000] {processor.py:208} INFO - Processing /home/airflow/.local/lib/python3.12/site-packages/airflow/example_dags/example_kubernetes_executor.py took 0.056 seconds
[2025-03-12T20:59:46.278+0000] {processor.py:186} INFO - Started process (PID=1738) to work on /home/airflow/.local/lib/python3.12/site-packages/airflow/example_dags/example_kubernetes_executor.py
[2025-03-12T20:59:46.279+0000] {processor.py:914} INFO - Processing file /home/airflow/.local/lib/python3.12/site-packages/airflow/example_dags/example_kubernetes_executor.py for tasks to queue
[2025-03-12T20:59:46.280+0000] {logging_mixin.py:190} INFO - [2025-03-12T20:59:46.280+0000] {dagbag.py:588} INFO - Filling up the DagBag from /home/airflow/.local/lib/python3.12/site-packages/airflow/example_dags/example_kubernetes_executor.py
[2025-03-12T20:59:46.287+0000] {processor.py:925} INFO - DAG(s) 'example_kubernetes_executor' retrieved from /home/airflow/.local/lib/python3.12/site-packages/airflow/example_dags/example_kubernetes_executor.py
[2025-03-12T20:59:46.308+0000] {logging_mixin.py:190} INFO - [2025-03-12T20:59:46.307+0000] {dag.py:3239} INFO - Sync 1 DAGs
[2025-03-12T20:59:46.319+0000] {logging_mixin.py:190} INFO - [2025-03-12T20:59:46.319+0000] {dag.py:4180} INFO - Setting next_dagrun for example_kubernetes_executor to None, run_after=None
[2025-03-12T20:59:46.333+0000] {processor.py:208} INFO - Processing /home/airflow/.local/lib/python3.12/site-packages/airflow/example_dags/example_kubernetes_executor.py took 0.058 seconds
[2025-03-12T21:00:17.021+0000] {processor.py:186} INFO - Started process (PID=1801) to work on /home/airflow/.local/lib/python3.12/site-packages/airflow/example_dags/example_kubernetes_executor.py
[2025-03-12T21:00:17.023+0000] {processor.py:914} INFO - Processing file /home/airflow/.local/lib/python3.12/site-packages/airflow/example_dags/example_kubernetes_executor.py for tasks to queue
[2025-03-12T21:00:17.024+0000] {logging_mixin.py:190} INFO - [2025-03-12T21:00:17.024+0000] {dagbag.py:588} INFO - Filling up the DagBag from /home/airflow/.local/lib/python3.12/site-packages/airflow/example_dags/example_kubernetes_executor.py
[2025-03-12T21:00:17.032+0000] {processor.py:925} INFO - DAG(s) 'example_kubernetes_executor' retrieved from /home/airflow/.local/lib/python3.12/site-packages/airflow/example_dags/example_kubernetes_executor.py
[2025-03-12T21:00:17.054+0000] {logging_mixin.py:190} INFO - [2025-03-12T21:00:17.054+0000] {dag.py:3239} INFO - Sync 1 DAGs
[2025-03-12T21:00:17.070+0000] {logging_mixin.py:190} INFO - [2025-03-12T21:00:17.070+0000] {dag.py:4180} INFO - Setting next_dagrun for example_kubernetes_executor to None, run_after=None
[2025-03-12T21:00:17.089+0000] {processor.py:208} INFO - Processing /home/airflow/.local/lib/python3.12/site-packages/airflow/example_dags/example_kubernetes_executor.py took 0.073 seconds
[2025-03-12T21:00:47.703+0000] {processor.py:186} INFO - Started process (PID=1864) to work on /home/airflow/.local/lib/python3.12/site-packages/airflow/example_dags/example_kubernetes_executor.py
[2025-03-12T21:00:47.704+0000] {processor.py:914} INFO - Processing file /home/airflow/.local/lib/python3.12/site-packages/airflow/example_dags/example_kubernetes_executor.py for tasks to queue
[2025-03-12T21:00:47.705+0000] {logging_mixin.py:190} INFO - [2025-03-12T21:00:47.705+0000] {dagbag.py:588} INFO - Filling up the DagBag from /home/airflow/.local/lib/python3.12/site-packages/airflow/example_dags/example_kubernetes_executor.py
[2025-03-12T21:00:47.713+0000] {processor.py:925} INFO - DAG(s) 'example_kubernetes_executor' retrieved from /home/airflow/.local/lib/python3.12/site-packages/airflow/example_dags/example_kubernetes_executor.py
[2025-03-12T21:00:47.734+0000] {logging_mixin.py:190} INFO - [2025-03-12T21:00:47.734+0000] {dag.py:3239} INFO - Sync 1 DAGs
[2025-03-12T21:00:47.745+0000] {logging_mixin.py:190} INFO - [2025-03-12T21:00:47.745+0000] {dag.py:4180} INFO - Setting next_dagrun for example_kubernetes_executor to None, run_after=None
[2025-03-12T21:00:47.757+0000] {processor.py:208} INFO - Processing /home/airflow/.local/lib/python3.12/site-packages/airflow/example_dags/example_kubernetes_executor.py took 0.058 seconds
[2025-03-12T21:01:18.615+0000] {processor.py:186} INFO - Started process (PID=1927) to work on /home/airflow/.local/lib/python3.12/site-packages/airflow/example_dags/example_kubernetes_executor.py
[2025-03-12T21:01:18.616+0000] {processor.py:914} INFO - Processing file /home/airflow/.local/lib/python3.12/site-packages/airflow/example_dags/example_kubernetes_executor.py for tasks to queue
[2025-03-12T21:01:18.619+0000] {logging_mixin.py:190} INFO - [2025-03-12T21:01:18.618+0000] {dagbag.py:588} INFO - Filling up the DagBag from /home/airflow/.local/lib/python3.12/site-packages/airflow/example_dags/example_kubernetes_executor.py
[2025-03-12T21:01:18.634+0000] {processor.py:925} INFO - DAG(s) 'example_kubernetes_executor' retrieved from /home/airflow/.local/lib/python3.12/site-packages/airflow/example_dags/example_kubernetes_executor.py
[2025-03-12T21:01:18.661+0000] {logging_mixin.py:190} INFO - [2025-03-12T21:01:18.661+0000] {dag.py:3239} INFO - Sync 1 DAGs
[2025-03-12T21:01:18.677+0000] {logging_mixin.py:190} INFO - [2025-03-12T21:01:18.676+0000] {dag.py:4180} INFO - Setting next_dagrun for example_kubernetes_executor to None, run_after=None
[2025-03-12T21:01:18.697+0000] {processor.py:208} INFO - Processing /home/airflow/.local/lib/python3.12/site-packages/airflow/example_dags/example_kubernetes_executor.py took 0.086 seconds
[2025-03-12T21:01:49.842+0000] {processor.py:186} INFO - Started process (PID=1990) to work on /home/airflow/.local/lib/python3.12/site-packages/airflow/example_dags/example_kubernetes_executor.py
[2025-03-12T21:01:49.843+0000] {processor.py:914} INFO - Processing file /home/airflow/.local/lib/python3.12/site-packages/airflow/example_dags/example_kubernetes_executor.py for tasks to queue
[2025-03-12T21:01:49.844+0000] {logging_mixin.py:190} INFO - [2025-03-12T21:01:49.844+0000] {dagbag.py:588} INFO - Filling up the DagBag from /home/airflow/.local/lib/python3.12/site-packages/airflow/example_dags/example_kubernetes_executor.py
[2025-03-12T21:01:49.854+0000] {processor.py:925} INFO - DAG(s) 'example_kubernetes_executor' retrieved from /home/airflow/.local/lib/python3.12/site-packages/airflow/example_dags/example_kubernetes_executor.py
[2025-03-12T21:01:49.880+0000] {logging_mixin.py:190} INFO - [2025-03-12T21:01:49.880+0000] {dag.py:3239} INFO - Sync 1 DAGs
[2025-03-12T21:01:49.896+0000] {logging_mixin.py:190} INFO - [2025-03-12T21:01:49.896+0000] {dag.py:4180} INFO - Setting next_dagrun for example_kubernetes_executor to None, run_after=None
[2025-03-12T21:01:49.916+0000] {processor.py:208} INFO - Processing /home/airflow/.local/lib/python3.12/site-packages/airflow/example_dags/example_kubernetes_executor.py took 0.080 seconds
[2025-03-12T21:02:20.664+0000] {processor.py:186} INFO - Started process (PID=2053) to work on /home/airflow/.local/lib/python3.12/site-packages/airflow/example_dags/example_kubernetes_executor.py
[2025-03-12T21:02:20.664+0000] {processor.py:914} INFO - Processing file /home/airflow/.local/lib/python3.12/site-packages/airflow/example_dags/example_kubernetes_executor.py for tasks to queue
[2025-03-12T21:02:20.666+0000] {logging_mixin.py:190} INFO - [2025-03-12T21:02:20.666+0000] {dagbag.py:588} INFO - Filling up the DagBag from /home/airflow/.local/lib/python3.12/site-packages/airflow/example_dags/example_kubernetes_executor.py
[2025-03-12T21:02:20.677+0000] {processor.py:925} INFO - DAG(s) 'example_kubernetes_executor' retrieved from /home/airflow/.local/lib/python3.12/site-packages/airflow/example_dags/example_kubernetes_executor.py
[2025-03-12T21:02:20.709+0000] {logging_mixin.py:190} INFO - [2025-03-12T21:02:20.709+0000] {dag.py:3239} INFO - Sync 1 DAGs
[2025-03-12T21:02:20.727+0000] {logging_mixin.py:190} INFO - [2025-03-12T21:02:20.726+0000] {dag.py:4180} INFO - Setting next_dagrun for example_kubernetes_executor to None, run_after=None
[2025-03-12T21:02:20.751+0000] {processor.py:208} INFO - Processing /home/airflow/.local/lib/python3.12/site-packages/airflow/example_dags/example_kubernetes_executor.py took 0.094 seconds
[2025-03-12T21:02:51.834+0000] {processor.py:186} INFO - Started process (PID=2116) to work on /home/airflow/.local/lib/python3.12/site-packages/airflow/example_dags/example_kubernetes_executor.py
[2025-03-12T21:02:51.835+0000] {processor.py:914} INFO - Processing file /home/airflow/.local/lib/python3.12/site-packages/airflow/example_dags/example_kubernetes_executor.py for tasks to queue
[2025-03-12T21:02:51.836+0000] {logging_mixin.py:190} INFO - [2025-03-12T21:02:51.836+0000] {dagbag.py:588} INFO - Filling up the DagBag from /home/airflow/.local/lib/python3.12/site-packages/airflow/example_dags/example_kubernetes_executor.py
[2025-03-12T21:02:51.844+0000] {processor.py:925} INFO - DAG(s) 'example_kubernetes_executor' retrieved from /home/airflow/.local/lib/python3.12/site-packages/airflow/example_dags/example_kubernetes_executor.py
[2025-03-12T21:02:51.861+0000] {logging_mixin.py:190} INFO - [2025-03-12T21:02:51.861+0000] {dag.py:3239} INFO - Sync 1 DAGs
[2025-03-12T21:02:51.869+0000] {logging_mixin.py:190} INFO - [2025-03-12T21:02:51.869+0000] {dag.py:4180} INFO - Setting next_dagrun for example_kubernetes_executor to None, run_after=None
[2025-03-12T21:02:51.882+0000] {processor.py:208} INFO - Processing /home/airflow/.local/lib/python3.12/site-packages/airflow/example_dags/example_kubernetes_executor.py took 0.052 seconds
[2025-03-12T21:03:22.420+0000] {processor.py:186} INFO - Started process (PID=2179) to work on /home/airflow/.local/lib/python3.12/site-packages/airflow/example_dags/example_kubernetes_executor.py
[2025-03-12T21:03:22.421+0000] {processor.py:914} INFO - Processing file /home/airflow/.local/lib/python3.12/site-packages/airflow/example_dags/example_kubernetes_executor.py for tasks to queue
[2025-03-12T21:03:22.422+0000] {logging_mixin.py:190} INFO - [2025-03-12T21:03:22.422+0000] {dagbag.py:588} INFO - Filling up the DagBag from /home/airflow/.local/lib/python3.12/site-packages/airflow/example_dags/example_kubernetes_executor.py
[2025-03-12T21:03:22.431+0000] {processor.py:925} INFO - DAG(s) 'example_kubernetes_executor' retrieved from /home/airflow/.local/lib/python3.12/site-packages/airflow/example_dags/example_kubernetes_executor.py
[2025-03-12T21:03:22.451+0000] {logging_mixin.py:190} INFO - [2025-03-12T21:03:22.450+0000] {dag.py:3239} INFO - Sync 1 DAGs
[2025-03-12T21:03:22.465+0000] {logging_mixin.py:190} INFO - [2025-03-12T21:03:22.465+0000] {dag.py:4180} INFO - Setting next_dagrun for example_kubernetes_executor to None, run_after=None
[2025-03-12T21:03:22.483+0000] {processor.py:208} INFO - Processing /home/airflow/.local/lib/python3.12/site-packages/airflow/example_dags/example_kubernetes_executor.py took 0.068 seconds
[2025-03-12T21:03:53.350+0000] {processor.py:186} INFO - Started process (PID=2242) to work on /home/airflow/.local/lib/python3.12/site-packages/airflow/example_dags/example_kubernetes_executor.py
[2025-03-12T21:03:53.352+0000] {processor.py:914} INFO - Processing file /home/airflow/.local/lib/python3.12/site-packages/airflow/example_dags/example_kubernetes_executor.py for tasks to queue
[2025-03-12T21:03:53.353+0000] {logging_mixin.py:190} INFO - [2025-03-12T21:03:53.353+0000] {dagbag.py:588} INFO - Filling up the DagBag from /home/airflow/.local/lib/python3.12/site-packages/airflow/example_dags/example_kubernetes_executor.py
[2025-03-12T21:03:53.361+0000] {processor.py:925} INFO - DAG(s) 'example_kubernetes_executor' retrieved from /home/airflow/.local/lib/python3.12/site-packages/airflow/example_dags/example_kubernetes_executor.py
[2025-03-12T21:03:53.382+0000] {logging_mixin.py:190} INFO - [2025-03-12T21:03:53.382+0000] {dag.py:3239} INFO - Sync 1 DAGs
[2025-03-12T21:03:53.395+0000] {logging_mixin.py:190} INFO - [2025-03-12T21:03:53.395+0000] {dag.py:4180} INFO - Setting next_dagrun for example_kubernetes_executor to None, run_after=None
[2025-03-12T21:03:53.411+0000] {processor.py:208} INFO - Processing /home/airflow/.local/lib/python3.12/site-packages/airflow/example_dags/example_kubernetes_executor.py took 0.066 seconds
[2025-03-12T21:04:24.029+0000] {processor.py:186} INFO - Started process (PID=2305) to work on /home/airflow/.local/lib/python3.12/site-packages/airflow/example_dags/example_kubernetes_executor.py
[2025-03-12T21:04:24.030+0000] {processor.py:914} INFO - Processing file /home/airflow/.local/lib/python3.12/site-packages/airflow/example_dags/example_kubernetes_executor.py for tasks to queue
[2025-03-12T21:04:24.031+0000] {logging_mixin.py:190} INFO - [2025-03-12T21:04:24.031+0000] {dagbag.py:588} INFO - Filling up the DagBag from /home/airflow/.local/lib/python3.12/site-packages/airflow/example_dags/example_kubernetes_executor.py
[2025-03-12T21:04:24.039+0000] {processor.py:925} INFO - DAG(s) 'example_kubernetes_executor' retrieved from /home/airflow/.local/lib/python3.12/site-packages/airflow/example_dags/example_kubernetes_executor.py
[2025-03-12T21:04:24.058+0000] {logging_mixin.py:190} INFO - [2025-03-12T21:04:24.057+0000] {dag.py:3239} INFO - Sync 1 DAGs
[2025-03-12T21:04:24.070+0000] {logging_mixin.py:190} INFO - [2025-03-12T21:04:24.070+0000] {dag.py:4180} INFO - Setting next_dagrun for example_kubernetes_executor to None, run_after=None
[2025-03-12T21:04:24.088+0000] {processor.py:208} INFO - Processing /home/airflow/.local/lib/python3.12/site-packages/airflow/example_dags/example_kubernetes_executor.py took 0.064 seconds
[2025-03-12T21:04:54.578+0000] {processor.py:186} INFO - Started process (PID=2368) to work on /home/airflow/.local/lib/python3.12/site-packages/airflow/example_dags/example_kubernetes_executor.py
[2025-03-12T21:04:54.579+0000] {processor.py:914} INFO - Processing file /home/airflow/.local/lib/python3.12/site-packages/airflow/example_dags/example_kubernetes_executor.py for tasks to queue
[2025-03-12T21:04:54.581+0000] {logging_mixin.py:190} INFO - [2025-03-12T21:04:54.580+0000] {dagbag.py:588} INFO - Filling up the DagBag from /home/airflow/.local/lib/python3.12/site-packages/airflow/example_dags/example_kubernetes_executor.py
[2025-03-12T21:04:54.589+0000] {processor.py:925} INFO - DAG(s) 'example_kubernetes_executor' retrieved from /home/airflow/.local/lib/python3.12/site-packages/airflow/example_dags/example_kubernetes_executor.py
[2025-03-12T21:04:54.608+0000] {logging_mixin.py:190} INFO - [2025-03-12T21:04:54.608+0000] {dag.py:3239} INFO - Sync 1 DAGs
[2025-03-12T21:04:54.617+0000] {logging_mixin.py:190} INFO - [2025-03-12T21:04:54.617+0000] {dag.py:4180} INFO - Setting next_dagrun for example_kubernetes_executor to None, run_after=None
[2025-03-12T21:04:54.631+0000] {processor.py:208} INFO - Processing /home/airflow/.local/lib/python3.12/site-packages/airflow/example_dags/example_kubernetes_executor.py took 0.057 seconds
[2025-03-12T21:05:25.369+0000] {processor.py:186} INFO - Started process (PID=2437) to work on /home/airflow/.local/lib/python3.12/site-packages/airflow/example_dags/example_kubernetes_executor.py
[2025-03-12T21:05:25.370+0000] {processor.py:914} INFO - Processing file /home/airflow/.local/lib/python3.12/site-packages/airflow/example_dags/example_kubernetes_executor.py for tasks to queue
[2025-03-12T21:05:25.372+0000] {logging_mixin.py:190} INFO - [2025-03-12T21:05:25.372+0000] {dagbag.py:588} INFO - Filling up the DagBag from /home/airflow/.local/lib/python3.12/site-packages/airflow/example_dags/example_kubernetes_executor.py
[2025-03-12T21:05:25.388+0000] {processor.py:925} INFO - DAG(s) 'example_kubernetes_executor' retrieved from /home/airflow/.local/lib/python3.12/site-packages/airflow/example_dags/example_kubernetes_executor.py
[2025-03-12T21:05:25.412+0000] {logging_mixin.py:190} INFO - [2025-03-12T21:05:25.412+0000] {dag.py:3239} INFO - Sync 1 DAGs
[2025-03-12T21:05:25.427+0000] {logging_mixin.py:190} INFO - [2025-03-12T21:05:25.427+0000] {dag.py:4180} INFO - Setting next_dagrun for example_kubernetes_executor to None, run_after=None
[2025-03-12T21:05:25.447+0000] {processor.py:208} INFO - Processing /home/airflow/.local/lib/python3.12/site-packages/airflow/example_dags/example_kubernetes_executor.py took 0.085 seconds
[2025-03-12T21:05:55.658+0000] {processor.py:186} INFO - Started process (PID=2499) to work on /home/airflow/.local/lib/python3.12/site-packages/airflow/example_dags/example_kubernetes_executor.py
[2025-03-12T21:05:55.658+0000] {processor.py:914} INFO - Processing file /home/airflow/.local/lib/python3.12/site-packages/airflow/example_dags/example_kubernetes_executor.py for tasks to queue
[2025-03-12T21:05:55.660+0000] {logging_mixin.py:190} INFO - [2025-03-12T21:05:55.660+0000] {dagbag.py:588} INFO - Filling up the DagBag from /home/airflow/.local/lib/python3.12/site-packages/airflow/example_dags/example_kubernetes_executor.py
[2025-03-12T21:05:55.668+0000] {processor.py:925} INFO - DAG(s) 'example_kubernetes_executor' retrieved from /home/airflow/.local/lib/python3.12/site-packages/airflow/example_dags/example_kubernetes_executor.py
[2025-03-12T21:05:55.690+0000] {logging_mixin.py:190} INFO - [2025-03-12T21:05:55.689+0000] {dag.py:3239} INFO - Sync 1 DAGs
[2025-03-12T21:05:55.700+0000] {logging_mixin.py:190} INFO - [2025-03-12T21:05:55.699+0000] {dag.py:4180} INFO - Setting next_dagrun for example_kubernetes_executor to None, run_after=None
[2025-03-12T21:05:55.719+0000] {processor.py:208} INFO - Processing /home/airflow/.local/lib/python3.12/site-packages/airflow/example_dags/example_kubernetes_executor.py took 0.067 seconds
[2025-03-12T21:06:26.406+0000] {processor.py:186} INFO - Started process (PID=2562) to work on /home/airflow/.local/lib/python3.12/site-packages/airflow/example_dags/example_kubernetes_executor.py
[2025-03-12T21:06:26.406+0000] {processor.py:914} INFO - Processing file /home/airflow/.local/lib/python3.12/site-packages/airflow/example_dags/example_kubernetes_executor.py for tasks to queue
[2025-03-12T21:06:26.407+0000] {logging_mixin.py:190} INFO - [2025-03-12T21:06:26.407+0000] {dagbag.py:588} INFO - Filling up the DagBag from /home/airflow/.local/lib/python3.12/site-packages/airflow/example_dags/example_kubernetes_executor.py
[2025-03-12T21:06:26.415+0000] {processor.py:925} INFO - DAG(s) 'example_kubernetes_executor' retrieved from /home/airflow/.local/lib/python3.12/site-packages/airflow/example_dags/example_kubernetes_executor.py
[2025-03-12T21:06:26.434+0000] {logging_mixin.py:190} INFO - [2025-03-12T21:06:26.434+0000] {dag.py:3239} INFO - Sync 1 DAGs
[2025-03-12T21:06:26.447+0000] {logging_mixin.py:190} INFO - [2025-03-12T21:06:26.446+0000] {dag.py:4180} INFO - Setting next_dagrun for example_kubernetes_executor to None, run_after=None
[2025-03-12T21:06:26.464+0000] {processor.py:208} INFO - Processing /home/airflow/.local/lib/python3.12/site-packages/airflow/example_dags/example_kubernetes_executor.py took 0.062 seconds
[2025-03-12T21:06:57.046+0000] {processor.py:186} INFO - Started process (PID=2625) to work on /home/airflow/.local/lib/python3.12/site-packages/airflow/example_dags/example_kubernetes_executor.py
[2025-03-12T21:06:57.046+0000] {processor.py:914} INFO - Processing file /home/airflow/.local/lib/python3.12/site-packages/airflow/example_dags/example_kubernetes_executor.py for tasks to queue
[2025-03-12T21:06:57.048+0000] {logging_mixin.py:190} INFO - [2025-03-12T21:06:57.047+0000] {dagbag.py:588} INFO - Filling up the DagBag from /home/airflow/.local/lib/python3.12/site-packages/airflow/example_dags/example_kubernetes_executor.py
[2025-03-12T21:06:57.059+0000] {processor.py:925} INFO - DAG(s) 'example_kubernetes_executor' retrieved from /home/airflow/.local/lib/python3.12/site-packages/airflow/example_dags/example_kubernetes_executor.py
[2025-03-12T21:06:57.080+0000] {logging_mixin.py:190} INFO - [2025-03-12T21:06:57.080+0000] {dag.py:3239} INFO - Sync 1 DAGs
[2025-03-12T21:06:57.089+0000] {logging_mixin.py:190} INFO - [2025-03-12T21:06:57.089+0000] {dag.py:4180} INFO - Setting next_dagrun for example_kubernetes_executor to None, run_after=None
[2025-03-12T21:06:57.104+0000] {processor.py:208} INFO - Processing /home/airflow/.local/lib/python3.12/site-packages/airflow/example_dags/example_kubernetes_executor.py took 0.063 seconds
[2025-03-12T21:07:28.144+0000] {processor.py:186} INFO - Started process (PID=2689) to work on /home/airflow/.local/lib/python3.12/site-packages/airflow/example_dags/example_kubernetes_executor.py
[2025-03-12T21:07:28.145+0000] {processor.py:914} INFO - Processing file /home/airflow/.local/lib/python3.12/site-packages/airflow/example_dags/example_kubernetes_executor.py for tasks to queue
[2025-03-12T21:07:28.147+0000] {logging_mixin.py:190} INFO - [2025-03-12T21:07:28.147+0000] {dagbag.py:588} INFO - Filling up the DagBag from /home/airflow/.local/lib/python3.12/site-packages/airflow/example_dags/example_kubernetes_executor.py
[2025-03-12T21:07:28.156+0000] {processor.py:925} INFO - DAG(s) 'example_kubernetes_executor' retrieved from /home/airflow/.local/lib/python3.12/site-packages/airflow/example_dags/example_kubernetes_executor.py
[2025-03-12T21:07:28.175+0000] {logging_mixin.py:190} INFO - [2025-03-12T21:07:28.175+0000] {dag.py:3239} INFO - Sync 1 DAGs
[2025-03-12T21:07:28.188+0000] {logging_mixin.py:190} INFO - [2025-03-12T21:07:28.188+0000] {dag.py:4180} INFO - Setting next_dagrun for example_kubernetes_executor to None, run_after=None
[2025-03-12T21:07:28.207+0000] {processor.py:208} INFO - Processing /home/airflow/.local/lib/python3.12/site-packages/airflow/example_dags/example_kubernetes_executor.py took 0.067 seconds
[2025-03-12T21:07:58.458+0000] {processor.py:186} INFO - Started process (PID=2751) to work on /home/airflow/.local/lib/python3.12/site-packages/airflow/example_dags/example_kubernetes_executor.py
[2025-03-12T21:07:58.458+0000] {processor.py:914} INFO - Processing file /home/airflow/.local/lib/python3.12/site-packages/airflow/example_dags/example_kubernetes_executor.py for tasks to queue
[2025-03-12T21:07:58.460+0000] {logging_mixin.py:190} INFO - [2025-03-12T21:07:58.460+0000] {dagbag.py:588} INFO - Filling up the DagBag from /home/airflow/.local/lib/python3.12/site-packages/airflow/example_dags/example_kubernetes_executor.py
[2025-03-12T21:07:58.469+0000] {processor.py:925} INFO - DAG(s) 'example_kubernetes_executor' retrieved from /home/airflow/.local/lib/python3.12/site-packages/airflow/example_dags/example_kubernetes_executor.py
[2025-03-12T21:07:58.484+0000] {logging_mixin.py:190} INFO - [2025-03-12T21:07:58.483+0000] {dag.py:3239} INFO - Sync 1 DAGs
[2025-03-12T21:07:58.495+0000] {logging_mixin.py:190} INFO - [2025-03-12T21:07:58.495+0000] {dag.py:4180} INFO - Setting next_dagrun for example_kubernetes_executor to None, run_after=None
[2025-03-12T21:07:58.510+0000] {processor.py:208} INFO - Processing /home/airflow/.local/lib/python3.12/site-packages/airflow/example_dags/example_kubernetes_executor.py took 0.057 seconds
[2025-03-12T21:08:28.868+0000] {processor.py:186} INFO - Started process (PID=2814) to work on /home/airflow/.local/lib/python3.12/site-packages/airflow/example_dags/example_kubernetes_executor.py
[2025-03-12T21:08:28.869+0000] {processor.py:914} INFO - Processing file /home/airflow/.local/lib/python3.12/site-packages/airflow/example_dags/example_kubernetes_executor.py for tasks to queue
[2025-03-12T21:08:28.871+0000] {logging_mixin.py:190} INFO - [2025-03-12T21:08:28.870+0000] {dagbag.py:588} INFO - Filling up the DagBag from /home/airflow/.local/lib/python3.12/site-packages/airflow/example_dags/example_kubernetes_executor.py
[2025-03-12T21:08:28.880+0000] {processor.py:925} INFO - DAG(s) 'example_kubernetes_executor' retrieved from /home/airflow/.local/lib/python3.12/site-packages/airflow/example_dags/example_kubernetes_executor.py
[2025-03-12T21:08:28.902+0000] {logging_mixin.py:190} INFO - [2025-03-12T21:08:28.902+0000] {dag.py:3239} INFO - Sync 1 DAGs
[2025-03-12T21:08:28.916+0000] {logging_mixin.py:190} INFO - [2025-03-12T21:08:28.915+0000] {dag.py:4180} INFO - Setting next_dagrun for example_kubernetes_executor to None, run_after=None
[2025-03-12T21:08:28.930+0000] {processor.py:208} INFO - Processing /home/airflow/.local/lib/python3.12/site-packages/airflow/example_dags/example_kubernetes_executor.py took 0.067 seconds
