[2025-03-12T20:46:29.180+0000] {processor.py:186} INFO - Started process (PID=108) to work on /home/airflow/.local/lib/python3.12/site-packages/airflow/example_dags/example_sensors.py
[2025-03-12T20:46:29.181+0000] {processor.py:914} INFO - Processing file /home/airflow/.local/lib/python3.12/site-packages/airflow/example_dags/example_sensors.py for tasks to queue
[2025-03-12T20:46:29.182+0000] {logging_mixin.py:190} INFO - [2025-03-12T20:46:29.182+0000] {dagbag.py:588} INFO - Filling up the DagBag from /home/airflow/.local/lib/python3.12/site-packages/airflow/example_dags/example_sensors.py
[2025-03-12T20:46:29.194+0000] {processor.py:925} INFO - DAG(s) 'example_sensors' retrieved from /home/airflow/.local/lib/python3.12/site-packages/airflow/example_dags/example_sensors.py
[2025-03-12T20:46:29.286+0000] {logging_mixin.py:190} INFO - [2025-03-12T20:46:29.286+0000] {override.py:1912} INFO - Created Permission View: can edit on DAG:example_sensors
[2025-03-12T20:46:29.296+0000] {logging_mixin.py:190} INFO - [2025-03-12T20:46:29.296+0000] {override.py:1912} INFO - Created Permission View: can read on DAG:example_sensors
[2025-03-12T20:46:29.304+0000] {logging_mixin.py:190} INFO - [2025-03-12T20:46:29.303+0000] {override.py:1912} INFO - Created Permission View: can delete on DAG:example_sensors
[2025-03-12T20:46:29.310+0000] {logging_mixin.py:190} INFO - [2025-03-12T20:46:29.310+0000] {override.py:1912} INFO - Created Permission View: menu access on DAG Run:example_sensors
[2025-03-12T20:46:29.317+0000] {logging_mixin.py:190} INFO - [2025-03-12T20:46:29.317+0000] {override.py:1912} INFO - Created Permission View: can create on DAG Run:example_sensors
[2025-03-12T20:46:29.324+0000] {logging_mixin.py:190} INFO - [2025-03-12T20:46:29.323+0000] {override.py:1912} INFO - Created Permission View: can read on DAG Run:example_sensors
[2025-03-12T20:46:29.330+0000] {logging_mixin.py:190} INFO - [2025-03-12T20:46:29.329+0000] {override.py:1912} INFO - Created Permission View: can delete on DAG Run:example_sensors
[2025-03-12T20:46:29.330+0000] {logging_mixin.py:190} INFO - [2025-03-12T20:46:29.330+0000] {dag.py:3239} INFO - Sync 1 DAGs
[2025-03-12T20:46:29.344+0000] {logging_mixin.py:190} INFO - [2025-03-12T20:46:29.343+0000] {dag.py:3262} INFO - Creating ORM DAG for example_sensors
[2025-03-12T20:46:29.344+0000] {logging_mixin.py:190} INFO - [2025-03-12T20:46:29.344+0000] {dag.py:4180} INFO - Setting next_dagrun for example_sensors to None, run_after=None
[2025-03-12T20:46:29.362+0000] {processor.py:208} INFO - Processing /home/airflow/.local/lib/python3.12/site-packages/airflow/example_dags/example_sensors.py took 0.186 seconds
[2025-03-12T20:46:59.512+0000] {processor.py:186} INFO - Started process (PID=171) to work on /home/airflow/.local/lib/python3.12/site-packages/airflow/example_dags/example_sensors.py
[2025-03-12T20:46:59.513+0000] {processor.py:914} INFO - Processing file /home/airflow/.local/lib/python3.12/site-packages/airflow/example_dags/example_sensors.py for tasks to queue
[2025-03-12T20:46:59.515+0000] {logging_mixin.py:190} INFO - [2025-03-12T20:46:59.515+0000] {dagbag.py:588} INFO - Filling up the DagBag from /home/airflow/.local/lib/python3.12/site-packages/airflow/example_dags/example_sensors.py
[2025-03-12T20:46:59.524+0000] {processor.py:925} INFO - DAG(s) 'example_sensors' retrieved from /home/airflow/.local/lib/python3.12/site-packages/airflow/example_dags/example_sensors.py
[2025-03-12T20:46:59.549+0000] {logging_mixin.py:190} INFO - [2025-03-12T20:46:59.549+0000] {dag.py:3239} INFO - Sync 1 DAGs
[2025-03-12T20:46:59.562+0000] {logging_mixin.py:190} INFO - [2025-03-12T20:46:59.562+0000] {dag.py:4180} INFO - Setting next_dagrun for example_sensors to None, run_after=None
[2025-03-12T20:46:59.580+0000] {processor.py:208} INFO - Processing /home/airflow/.local/lib/python3.12/site-packages/airflow/example_dags/example_sensors.py took 0.073 seconds
[2025-03-12T20:47:29.968+0000] {processor.py:186} INFO - Started process (PID=234) to work on /home/airflow/.local/lib/python3.12/site-packages/airflow/example_dags/example_sensors.py
[2025-03-12T20:47:29.969+0000] {processor.py:914} INFO - Processing file /home/airflow/.local/lib/python3.12/site-packages/airflow/example_dags/example_sensors.py for tasks to queue
[2025-03-12T20:47:29.970+0000] {logging_mixin.py:190} INFO - [2025-03-12T20:47:29.970+0000] {dagbag.py:588} INFO - Filling up the DagBag from /home/airflow/.local/lib/python3.12/site-packages/airflow/example_dags/example_sensors.py
[2025-03-12T20:47:29.976+0000] {processor.py:925} INFO - DAG(s) 'example_sensors' retrieved from /home/airflow/.local/lib/python3.12/site-packages/airflow/example_dags/example_sensors.py
[2025-03-12T20:47:29.992+0000] {logging_mixin.py:190} INFO - [2025-03-12T20:47:29.992+0000] {dag.py:3239} INFO - Sync 1 DAGs
[2025-03-12T20:47:30.000+0000] {logging_mixin.py:190} INFO - [2025-03-12T20:47:30.000+0000] {dag.py:4180} INFO - Setting next_dagrun for example_sensors to None, run_after=None
[2025-03-12T20:47:30.013+0000] {processor.py:208} INFO - Processing /home/airflow/.local/lib/python3.12/site-packages/airflow/example_dags/example_sensors.py took 0.049 seconds
[2025-03-12T20:48:01.002+0000] {processor.py:186} INFO - Started process (PID=297) to work on /home/airflow/.local/lib/python3.12/site-packages/airflow/example_dags/example_sensors.py
[2025-03-12T20:48:01.004+0000] {processor.py:914} INFO - Processing file /home/airflow/.local/lib/python3.12/site-packages/airflow/example_dags/example_sensors.py for tasks to queue
[2025-03-12T20:48:01.006+0000] {logging_mixin.py:190} INFO - [2025-03-12T20:48:01.005+0000] {dagbag.py:588} INFO - Filling up the DagBag from /home/airflow/.local/lib/python3.12/site-packages/airflow/example_dags/example_sensors.py
[2025-03-12T20:48:01.018+0000] {processor.py:925} INFO - DAG(s) 'example_sensors' retrieved from /home/airflow/.local/lib/python3.12/site-packages/airflow/example_dags/example_sensors.py
[2025-03-12T20:48:01.046+0000] {logging_mixin.py:190} INFO - [2025-03-12T20:48:01.046+0000] {dag.py:3239} INFO - Sync 1 DAGs
[2025-03-12T20:48:01.064+0000] {logging_mixin.py:190} INFO - [2025-03-12T20:48:01.063+0000] {dag.py:4180} INFO - Setting next_dagrun for example_sensors to None, run_after=None
[2025-03-12T20:48:01.087+0000] {processor.py:208} INFO - Processing /home/airflow/.local/lib/python3.12/site-packages/airflow/example_dags/example_sensors.py took 0.090 seconds
[2025-03-12T20:48:31.933+0000] {processor.py:186} INFO - Started process (PID=360) to work on /home/airflow/.local/lib/python3.12/site-packages/airflow/example_dags/example_sensors.py
[2025-03-12T20:48:31.934+0000] {processor.py:914} INFO - Processing file /home/airflow/.local/lib/python3.12/site-packages/airflow/example_dags/example_sensors.py for tasks to queue
[2025-03-12T20:48:31.937+0000] {logging_mixin.py:190} INFO - [2025-03-12T20:48:31.936+0000] {dagbag.py:588} INFO - Filling up the DagBag from /home/airflow/.local/lib/python3.12/site-packages/airflow/example_dags/example_sensors.py
[2025-03-12T20:48:31.945+0000] {processor.py:925} INFO - DAG(s) 'example_sensors' retrieved from /home/airflow/.local/lib/python3.12/site-packages/airflow/example_dags/example_sensors.py
[2025-03-12T20:48:31.969+0000] {logging_mixin.py:190} INFO - [2025-03-12T20:48:31.968+0000] {dag.py:3239} INFO - Sync 1 DAGs
[2025-03-12T20:48:31.984+0000] {logging_mixin.py:190} INFO - [2025-03-12T20:48:31.984+0000] {dag.py:4180} INFO - Setting next_dagrun for example_sensors to None, run_after=None
[2025-03-12T20:48:32.006+0000] {processor.py:208} INFO - Processing /home/airflow/.local/lib/python3.12/site-packages/airflow/example_dags/example_sensors.py took 0.080 seconds
[2025-03-12T20:49:02.313+0000] {processor.py:186} INFO - Started process (PID=423) to work on /home/airflow/.local/lib/python3.12/site-packages/airflow/example_dags/example_sensors.py
[2025-03-12T20:49:02.314+0000] {processor.py:914} INFO - Processing file /home/airflow/.local/lib/python3.12/site-packages/airflow/example_dags/example_sensors.py for tasks to queue
[2025-03-12T20:49:02.316+0000] {logging_mixin.py:190} INFO - [2025-03-12T20:49:02.316+0000] {dagbag.py:588} INFO - Filling up the DagBag from /home/airflow/.local/lib/python3.12/site-packages/airflow/example_dags/example_sensors.py
[2025-03-12T20:49:02.326+0000] {processor.py:925} INFO - DAG(s) 'example_sensors' retrieved from /home/airflow/.local/lib/python3.12/site-packages/airflow/example_dags/example_sensors.py
[2025-03-12T20:49:02.347+0000] {logging_mixin.py:190} INFO - [2025-03-12T20:49:02.347+0000] {dag.py:3239} INFO - Sync 1 DAGs
[2025-03-12T20:49:02.358+0000] {logging_mixin.py:190} INFO - [2025-03-12T20:49:02.358+0000] {dag.py:4180} INFO - Setting next_dagrun for example_sensors to None, run_after=None
[2025-03-12T20:49:02.371+0000] {processor.py:208} INFO - Processing /home/airflow/.local/lib/python3.12/site-packages/airflow/example_dags/example_sensors.py took 0.063 seconds
[2025-03-12T20:49:33.044+0000] {processor.py:186} INFO - Started process (PID=486) to work on /home/airflow/.local/lib/python3.12/site-packages/airflow/example_dags/example_sensors.py
[2025-03-12T20:49:33.045+0000] {processor.py:914} INFO - Processing file /home/airflow/.local/lib/python3.12/site-packages/airflow/example_dags/example_sensors.py for tasks to queue
[2025-03-12T20:49:33.047+0000] {logging_mixin.py:190} INFO - [2025-03-12T20:49:33.046+0000] {dagbag.py:588} INFO - Filling up the DagBag from /home/airflow/.local/lib/python3.12/site-packages/airflow/example_dags/example_sensors.py
[2025-03-12T20:49:33.053+0000] {processor.py:925} INFO - DAG(s) 'example_sensors' retrieved from /home/airflow/.local/lib/python3.12/site-packages/airflow/example_dags/example_sensors.py
[2025-03-12T20:49:33.073+0000] {logging_mixin.py:190} INFO - [2025-03-12T20:49:33.073+0000] {dag.py:3239} INFO - Sync 1 DAGs
[2025-03-12T20:49:33.082+0000] {logging_mixin.py:190} INFO - [2025-03-12T20:49:33.082+0000] {dag.py:4180} INFO - Setting next_dagrun for example_sensors to None, run_after=None
[2025-03-12T20:49:33.100+0000] {processor.py:208} INFO - Processing /home/airflow/.local/lib/python3.12/site-packages/airflow/example_dags/example_sensors.py took 0.061 seconds
[2025-03-12T20:50:03.457+0000] {processor.py:186} INFO - Started process (PID=549) to work on /home/airflow/.local/lib/python3.12/site-packages/airflow/example_dags/example_sensors.py
[2025-03-12T20:50:03.458+0000] {processor.py:914} INFO - Processing file /home/airflow/.local/lib/python3.12/site-packages/airflow/example_dags/example_sensors.py for tasks to queue
[2025-03-12T20:50:03.459+0000] {logging_mixin.py:190} INFO - [2025-03-12T20:50:03.459+0000] {dagbag.py:588} INFO - Filling up the DagBag from /home/airflow/.local/lib/python3.12/site-packages/airflow/example_dags/example_sensors.py
[2025-03-12T20:50:03.469+0000] {processor.py:925} INFO - DAG(s) 'example_sensors' retrieved from /home/airflow/.local/lib/python3.12/site-packages/airflow/example_dags/example_sensors.py
[2025-03-12T20:50:03.492+0000] {logging_mixin.py:190} INFO - [2025-03-12T20:50:03.491+0000] {dag.py:3239} INFO - Sync 1 DAGs
[2025-03-12T20:50:03.505+0000] {logging_mixin.py:190} INFO - [2025-03-12T20:50:03.505+0000] {dag.py:4180} INFO - Setting next_dagrun for example_sensors to None, run_after=None
[2025-03-12T20:50:03.523+0000] {processor.py:208} INFO - Processing /home/airflow/.local/lib/python3.12/site-packages/airflow/example_dags/example_sensors.py took 0.071 seconds
[2025-03-12T20:50:34.113+0000] {processor.py:186} INFO - Started process (PID=612) to work on /home/airflow/.local/lib/python3.12/site-packages/airflow/example_dags/example_sensors.py
[2025-03-12T20:50:34.114+0000] {processor.py:914} INFO - Processing file /home/airflow/.local/lib/python3.12/site-packages/airflow/example_dags/example_sensors.py for tasks to queue
[2025-03-12T20:50:34.116+0000] {logging_mixin.py:190} INFO - [2025-03-12T20:50:34.116+0000] {dagbag.py:588} INFO - Filling up the DagBag from /home/airflow/.local/lib/python3.12/site-packages/airflow/example_dags/example_sensors.py
[2025-03-12T20:50:34.126+0000] {processor.py:925} INFO - DAG(s) 'example_sensors' retrieved from /home/airflow/.local/lib/python3.12/site-packages/airflow/example_dags/example_sensors.py
[2025-03-12T20:50:34.150+0000] {logging_mixin.py:190} INFO - [2025-03-12T20:50:34.150+0000] {dag.py:3239} INFO - Sync 1 DAGs
[2025-03-12T20:50:34.164+0000] {logging_mixin.py:190} INFO - [2025-03-12T20:50:34.163+0000] {dag.py:4180} INFO - Setting next_dagrun for example_sensors to None, run_after=None
[2025-03-12T20:50:34.182+0000] {processor.py:208} INFO - Processing /home/airflow/.local/lib/python3.12/site-packages/airflow/example_dags/example_sensors.py took 0.074 seconds
[2025-03-12T20:51:04.452+0000] {processor.py:186} INFO - Started process (PID=675) to work on /home/airflow/.local/lib/python3.12/site-packages/airflow/example_dags/example_sensors.py
[2025-03-12T20:51:04.453+0000] {processor.py:914} INFO - Processing file /home/airflow/.local/lib/python3.12/site-packages/airflow/example_dags/example_sensors.py for tasks to queue
[2025-03-12T20:51:04.454+0000] {logging_mixin.py:190} INFO - [2025-03-12T20:51:04.454+0000] {dagbag.py:588} INFO - Filling up the DagBag from /home/airflow/.local/lib/python3.12/site-packages/airflow/example_dags/example_sensors.py
[2025-03-12T20:51:04.463+0000] {processor.py:925} INFO - DAG(s) 'example_sensors' retrieved from /home/airflow/.local/lib/python3.12/site-packages/airflow/example_dags/example_sensors.py
[2025-03-12T20:51:04.481+0000] {logging_mixin.py:190} INFO - [2025-03-12T20:51:04.481+0000] {dag.py:3239} INFO - Sync 1 DAGs
[2025-03-12T20:51:04.493+0000] {logging_mixin.py:190} INFO - [2025-03-12T20:51:04.493+0000] {dag.py:4180} INFO - Setting next_dagrun for example_sensors to None, run_after=None
[2025-03-12T20:51:04.509+0000] {processor.py:208} INFO - Processing /home/airflow/.local/lib/python3.12/site-packages/airflow/example_dags/example_sensors.py took 0.062 seconds
[2025-03-12T20:51:34.976+0000] {processor.py:186} INFO - Started process (PID=738) to work on /home/airflow/.local/lib/python3.12/site-packages/airflow/example_dags/example_sensors.py
[2025-03-12T20:51:34.977+0000] {processor.py:914} INFO - Processing file /home/airflow/.local/lib/python3.12/site-packages/airflow/example_dags/example_sensors.py for tasks to queue
[2025-03-12T20:51:34.979+0000] {logging_mixin.py:190} INFO - [2025-03-12T20:51:34.978+0000] {dagbag.py:588} INFO - Filling up the DagBag from /home/airflow/.local/lib/python3.12/site-packages/airflow/example_dags/example_sensors.py
[2025-03-12T20:51:34.988+0000] {processor.py:925} INFO - DAG(s) 'example_sensors' retrieved from /home/airflow/.local/lib/python3.12/site-packages/airflow/example_dags/example_sensors.py
[2025-03-12T20:51:35.008+0000] {logging_mixin.py:190} INFO - [2025-03-12T20:51:35.008+0000] {dag.py:3239} INFO - Sync 1 DAGs
[2025-03-12T20:51:35.021+0000] {logging_mixin.py:190} INFO - [2025-03-12T20:51:35.020+0000] {dag.py:4180} INFO - Setting next_dagrun for example_sensors to None, run_after=None
[2025-03-12T20:51:35.037+0000] {processor.py:208} INFO - Processing /home/airflow/.local/lib/python3.12/site-packages/airflow/example_dags/example_sensors.py took 0.065 seconds
[2025-03-12T20:52:06.046+0000] {processor.py:186} INFO - Started process (PID=801) to work on /home/airflow/.local/lib/python3.12/site-packages/airflow/example_dags/example_sensors.py
[2025-03-12T20:52:06.046+0000] {processor.py:914} INFO - Processing file /home/airflow/.local/lib/python3.12/site-packages/airflow/example_dags/example_sensors.py for tasks to queue
[2025-03-12T20:52:06.047+0000] {logging_mixin.py:190} INFO - [2025-03-12T20:52:06.047+0000] {dagbag.py:588} INFO - Filling up the DagBag from /home/airflow/.local/lib/python3.12/site-packages/airflow/example_dags/example_sensors.py
[2025-03-12T20:52:06.053+0000] {processor.py:925} INFO - DAG(s) 'example_sensors' retrieved from /home/airflow/.local/lib/python3.12/site-packages/airflow/example_dags/example_sensors.py
[2025-03-12T20:52:06.075+0000] {logging_mixin.py:190} INFO - [2025-03-12T20:52:06.075+0000] {dag.py:3239} INFO - Sync 1 DAGs
[2025-03-12T20:52:06.087+0000] {logging_mixin.py:190} INFO - [2025-03-12T20:52:06.087+0000] {dag.py:4180} INFO - Setting next_dagrun for example_sensors to None, run_after=None
[2025-03-12T20:52:06.103+0000] {processor.py:208} INFO - Processing /home/airflow/.local/lib/python3.12/site-packages/airflow/example_dags/example_sensors.py took 0.061 seconds
[2025-03-12T20:52:36.836+0000] {processor.py:186} INFO - Started process (PID=864) to work on /home/airflow/.local/lib/python3.12/site-packages/airflow/example_dags/example_sensors.py
[2025-03-12T20:52:36.837+0000] {processor.py:914} INFO - Processing file /home/airflow/.local/lib/python3.12/site-packages/airflow/example_dags/example_sensors.py for tasks to queue
[2025-03-12T20:52:36.839+0000] {logging_mixin.py:190} INFO - [2025-03-12T20:52:36.839+0000] {dagbag.py:588} INFO - Filling up the DagBag from /home/airflow/.local/lib/python3.12/site-packages/airflow/example_dags/example_sensors.py
[2025-03-12T20:52:36.847+0000] {processor.py:925} INFO - DAG(s) 'example_sensors' retrieved from /home/airflow/.local/lib/python3.12/site-packages/airflow/example_dags/example_sensors.py
[2025-03-12T20:52:36.872+0000] {logging_mixin.py:190} INFO - [2025-03-12T20:52:36.872+0000] {dag.py:3239} INFO - Sync 1 DAGs
[2025-03-12T20:52:36.886+0000] {logging_mixin.py:190} INFO - [2025-03-12T20:52:36.885+0000] {dag.py:4180} INFO - Setting next_dagrun for example_sensors to None, run_after=None
[2025-03-12T20:52:36.902+0000] {processor.py:208} INFO - Processing /home/airflow/.local/lib/python3.12/site-packages/airflow/example_dags/example_sensors.py took 0.071 seconds
[2025-03-12T20:53:07.539+0000] {processor.py:186} INFO - Started process (PID=927) to work on /home/airflow/.local/lib/python3.12/site-packages/airflow/example_dags/example_sensors.py
[2025-03-12T20:53:07.540+0000] {processor.py:914} INFO - Processing file /home/airflow/.local/lib/python3.12/site-packages/airflow/example_dags/example_sensors.py for tasks to queue
[2025-03-12T20:53:07.542+0000] {logging_mixin.py:190} INFO - [2025-03-12T20:53:07.542+0000] {dagbag.py:588} INFO - Filling up the DagBag from /home/airflow/.local/lib/python3.12/site-packages/airflow/example_dags/example_sensors.py
[2025-03-12T20:53:07.550+0000] {processor.py:925} INFO - DAG(s) 'example_sensors' retrieved from /home/airflow/.local/lib/python3.12/site-packages/airflow/example_dags/example_sensors.py
[2025-03-12T20:53:07.572+0000] {logging_mixin.py:190} INFO - [2025-03-12T20:53:07.572+0000] {dag.py:3239} INFO - Sync 1 DAGs
[2025-03-12T20:53:07.584+0000] {logging_mixin.py:190} INFO - [2025-03-12T20:53:07.583+0000] {dag.py:4180} INFO - Setting next_dagrun for example_sensors to None, run_after=None
[2025-03-12T20:53:07.600+0000] {processor.py:208} INFO - Processing /home/airflow/.local/lib/python3.12/site-packages/airflow/example_dags/example_sensors.py took 0.064 seconds
[2025-03-12T20:53:38.387+0000] {processor.py:186} INFO - Started process (PID=990) to work on /home/airflow/.local/lib/python3.12/site-packages/airflow/example_dags/example_sensors.py
[2025-03-12T20:53:38.388+0000] {processor.py:914} INFO - Processing file /home/airflow/.local/lib/python3.12/site-packages/airflow/example_dags/example_sensors.py for tasks to queue
[2025-03-12T20:53:38.390+0000] {logging_mixin.py:190} INFO - [2025-03-12T20:53:38.390+0000] {dagbag.py:588} INFO - Filling up the DagBag from /home/airflow/.local/lib/python3.12/site-packages/airflow/example_dags/example_sensors.py
[2025-03-12T20:53:38.398+0000] {processor.py:925} INFO - DAG(s) 'example_sensors' retrieved from /home/airflow/.local/lib/python3.12/site-packages/airflow/example_dags/example_sensors.py
[2025-03-12T20:53:38.420+0000] {logging_mixin.py:190} INFO - [2025-03-12T20:53:38.420+0000] {dag.py:3239} INFO - Sync 1 DAGs
[2025-03-12T20:53:38.436+0000] {logging_mixin.py:190} INFO - [2025-03-12T20:53:38.436+0000] {dag.py:4180} INFO - Setting next_dagrun for example_sensors to None, run_after=None
[2025-03-12T20:53:38.454+0000] {processor.py:208} INFO - Processing /home/airflow/.local/lib/python3.12/site-packages/airflow/example_dags/example_sensors.py took 0.071 seconds
[2025-03-12T20:54:08.562+0000] {processor.py:186} INFO - Started process (PID=1053) to work on /home/airflow/.local/lib/python3.12/site-packages/airflow/example_dags/example_sensors.py
[2025-03-12T20:54:08.563+0000] {processor.py:914} INFO - Processing file /home/airflow/.local/lib/python3.12/site-packages/airflow/example_dags/example_sensors.py for tasks to queue
[2025-03-12T20:54:08.564+0000] {logging_mixin.py:190} INFO - [2025-03-12T20:54:08.564+0000] {dagbag.py:588} INFO - Filling up the DagBag from /home/airflow/.local/lib/python3.12/site-packages/airflow/example_dags/example_sensors.py
[2025-03-12T20:54:08.570+0000] {processor.py:925} INFO - DAG(s) 'example_sensors' retrieved from /home/airflow/.local/lib/python3.12/site-packages/airflow/example_dags/example_sensors.py
[2025-03-12T20:54:08.593+0000] {logging_mixin.py:190} INFO - [2025-03-12T20:54:08.593+0000] {dag.py:3239} INFO - Sync 1 DAGs
[2025-03-12T20:54:08.606+0000] {logging_mixin.py:190} INFO - [2025-03-12T20:54:08.606+0000] {dag.py:4180} INFO - Setting next_dagrun for example_sensors to None, run_after=None
[2025-03-12T20:54:08.630+0000] {processor.py:208} INFO - Processing /home/airflow/.local/lib/python3.12/site-packages/airflow/example_dags/example_sensors.py took 0.072 seconds
[2025-03-12T20:54:39.669+0000] {processor.py:186} INFO - Started process (PID=1116) to work on /home/airflow/.local/lib/python3.12/site-packages/airflow/example_dags/example_sensors.py
[2025-03-12T20:54:39.670+0000] {processor.py:914} INFO - Processing file /home/airflow/.local/lib/python3.12/site-packages/airflow/example_dags/example_sensors.py for tasks to queue
[2025-03-12T20:54:39.672+0000] {logging_mixin.py:190} INFO - [2025-03-12T20:54:39.671+0000] {dagbag.py:588} INFO - Filling up the DagBag from /home/airflow/.local/lib/python3.12/site-packages/airflow/example_dags/example_sensors.py
[2025-03-12T20:54:39.679+0000] {processor.py:925} INFO - DAG(s) 'example_sensors' retrieved from /home/airflow/.local/lib/python3.12/site-packages/airflow/example_dags/example_sensors.py
[2025-03-12T20:54:39.706+0000] {logging_mixin.py:190} INFO - [2025-03-12T20:54:39.706+0000] {dag.py:3239} INFO - Sync 1 DAGs
[2025-03-12T20:54:39.720+0000] {logging_mixin.py:190} INFO - [2025-03-12T20:54:39.720+0000] {dag.py:4180} INFO - Setting next_dagrun for example_sensors to None, run_after=None
[2025-03-12T20:54:39.736+0000] {processor.py:208} INFO - Processing /home/airflow/.local/lib/python3.12/site-packages/airflow/example_dags/example_sensors.py took 0.070 seconds
[2025-03-12T20:55:10.326+0000] {processor.py:186} INFO - Started process (PID=1179) to work on /home/airflow/.local/lib/python3.12/site-packages/airflow/example_dags/example_sensors.py
[2025-03-12T20:55:10.327+0000] {processor.py:914} INFO - Processing file /home/airflow/.local/lib/python3.12/site-packages/airflow/example_dags/example_sensors.py for tasks to queue
[2025-03-12T20:55:10.328+0000] {logging_mixin.py:190} INFO - [2025-03-12T20:55:10.328+0000] {dagbag.py:588} INFO - Filling up the DagBag from /home/airflow/.local/lib/python3.12/site-packages/airflow/example_dags/example_sensors.py
[2025-03-12T20:55:10.334+0000] {processor.py:925} INFO - DAG(s) 'example_sensors' retrieved from /home/airflow/.local/lib/python3.12/site-packages/airflow/example_dags/example_sensors.py
[2025-03-12T20:55:10.356+0000] {logging_mixin.py:190} INFO - [2025-03-12T20:55:10.356+0000] {dag.py:3239} INFO - Sync 1 DAGs
[2025-03-12T20:55:10.368+0000] {logging_mixin.py:190} INFO - [2025-03-12T20:55:10.368+0000] {dag.py:4180} INFO - Setting next_dagrun for example_sensors to None, run_after=None
[2025-03-12T20:55:10.384+0000] {processor.py:208} INFO - Processing /home/airflow/.local/lib/python3.12/site-packages/airflow/example_dags/example_sensors.py took 0.062 seconds
[2025-03-12T20:55:40.794+0000] {processor.py:186} INFO - Started process (PID=1242) to work on /home/airflow/.local/lib/python3.12/site-packages/airflow/example_dags/example_sensors.py
[2025-03-12T20:55:40.795+0000] {processor.py:914} INFO - Processing file /home/airflow/.local/lib/python3.12/site-packages/airflow/example_dags/example_sensors.py for tasks to queue
[2025-03-12T20:55:40.797+0000] {logging_mixin.py:190} INFO - [2025-03-12T20:55:40.797+0000] {dagbag.py:588} INFO - Filling up the DagBag from /home/airflow/.local/lib/python3.12/site-packages/airflow/example_dags/example_sensors.py
[2025-03-12T20:55:40.806+0000] {processor.py:925} INFO - DAG(s) 'example_sensors' retrieved from /home/airflow/.local/lib/python3.12/site-packages/airflow/example_dags/example_sensors.py
[2025-03-12T20:55:40.839+0000] {logging_mixin.py:190} INFO - [2025-03-12T20:55:40.838+0000] {dag.py:3239} INFO - Sync 1 DAGs
[2025-03-12T20:55:40.858+0000] {logging_mixin.py:190} INFO - [2025-03-12T20:55:40.858+0000] {dag.py:4180} INFO - Setting next_dagrun for example_sensors to None, run_after=None
[2025-03-12T20:55:40.885+0000] {processor.py:208} INFO - Processing /home/airflow/.local/lib/python3.12/site-packages/airflow/example_dags/example_sensors.py took 0.095 seconds
[2025-03-12T20:56:10.956+0000] {processor.py:186} INFO - Started process (PID=1304) to work on /home/airflow/.local/lib/python3.12/site-packages/airflow/example_dags/example_sensors.py
[2025-03-12T20:56:10.957+0000] {processor.py:914} INFO - Processing file /home/airflow/.local/lib/python3.12/site-packages/airflow/example_dags/example_sensors.py for tasks to queue
[2025-03-12T20:56:10.958+0000] {logging_mixin.py:190} INFO - [2025-03-12T20:56:10.958+0000] {dagbag.py:588} INFO - Filling up the DagBag from /home/airflow/.local/lib/python3.12/site-packages/airflow/example_dags/example_sensors.py
[2025-03-12T20:56:10.964+0000] {processor.py:925} INFO - DAG(s) 'example_sensors' retrieved from /home/airflow/.local/lib/python3.12/site-packages/airflow/example_dags/example_sensors.py
[2025-03-12T20:56:10.985+0000] {logging_mixin.py:190} INFO - [2025-03-12T20:56:10.985+0000] {dag.py:3239} INFO - Sync 1 DAGs
[2025-03-12T20:56:10.996+0000] {logging_mixin.py:190} INFO - [2025-03-12T20:56:10.996+0000] {dag.py:4180} INFO - Setting next_dagrun for example_sensors to None, run_after=None
[2025-03-12T20:56:11.012+0000] {processor.py:208} INFO - Processing /home/airflow/.local/lib/python3.12/site-packages/airflow/example_dags/example_sensors.py took 0.060 seconds
[2025-03-12T20:56:41.828+0000] {processor.py:186} INFO - Started process (PID=1367) to work on /home/airflow/.local/lib/python3.12/site-packages/airflow/example_dags/example_sensors.py
[2025-03-12T20:56:41.828+0000] {processor.py:914} INFO - Processing file /home/airflow/.local/lib/python3.12/site-packages/airflow/example_dags/example_sensors.py for tasks to queue
[2025-03-12T20:56:41.830+0000] {logging_mixin.py:190} INFO - [2025-03-12T20:56:41.830+0000] {dagbag.py:588} INFO - Filling up the DagBag from /home/airflow/.local/lib/python3.12/site-packages/airflow/example_dags/example_sensors.py
[2025-03-12T20:56:41.840+0000] {processor.py:925} INFO - DAG(s) 'example_sensors' retrieved from /home/airflow/.local/lib/python3.12/site-packages/airflow/example_dags/example_sensors.py
[2025-03-12T20:56:41.860+0000] {logging_mixin.py:190} INFO - [2025-03-12T20:56:41.860+0000] {dag.py:3239} INFO - Sync 1 DAGs
[2025-03-12T20:56:41.870+0000] {logging_mixin.py:190} INFO - [2025-03-12T20:56:41.870+0000] {dag.py:4180} INFO - Setting next_dagrun for example_sensors to None, run_after=None
[2025-03-12T20:56:41.884+0000] {processor.py:208} INFO - Processing /home/airflow/.local/lib/python3.12/site-packages/airflow/example_dags/example_sensors.py took 0.061 seconds
[2025-03-12T20:57:12.365+0000] {processor.py:186} INFO - Started process (PID=1430) to work on /home/airflow/.local/lib/python3.12/site-packages/airflow/example_dags/example_sensors.py
[2025-03-12T20:57:12.365+0000] {processor.py:914} INFO - Processing file /home/airflow/.local/lib/python3.12/site-packages/airflow/example_dags/example_sensors.py for tasks to queue
[2025-03-12T20:57:12.367+0000] {logging_mixin.py:190} INFO - [2025-03-12T20:57:12.367+0000] {dagbag.py:588} INFO - Filling up the DagBag from /home/airflow/.local/lib/python3.12/site-packages/airflow/example_dags/example_sensors.py
[2025-03-12T20:57:12.374+0000] {processor.py:925} INFO - DAG(s) 'example_sensors' retrieved from /home/airflow/.local/lib/python3.12/site-packages/airflow/example_dags/example_sensors.py
[2025-03-12T20:57:12.394+0000] {logging_mixin.py:190} INFO - [2025-03-12T20:57:12.394+0000] {dag.py:3239} INFO - Sync 1 DAGs
[2025-03-12T20:57:12.406+0000] {logging_mixin.py:190} INFO - [2025-03-12T20:57:12.406+0000] {dag.py:4180} INFO - Setting next_dagrun for example_sensors to None, run_after=None
[2025-03-12T20:57:12.420+0000] {processor.py:208} INFO - Processing /home/airflow/.local/lib/python3.12/site-packages/airflow/example_dags/example_sensors.py took 0.060 seconds
[2025-03-12T20:57:43.202+0000] {processor.py:186} INFO - Started process (PID=1493) to work on /home/airflow/.local/lib/python3.12/site-packages/airflow/example_dags/example_sensors.py
[2025-03-12T20:57:43.204+0000] {processor.py:914} INFO - Processing file /home/airflow/.local/lib/python3.12/site-packages/airflow/example_dags/example_sensors.py for tasks to queue
[2025-03-12T20:57:43.206+0000] {logging_mixin.py:190} INFO - [2025-03-12T20:57:43.205+0000] {dagbag.py:588} INFO - Filling up the DagBag from /home/airflow/.local/lib/python3.12/site-packages/airflow/example_dags/example_sensors.py
[2025-03-12T20:57:43.216+0000] {processor.py:925} INFO - DAG(s) 'example_sensors' retrieved from /home/airflow/.local/lib/python3.12/site-packages/airflow/example_dags/example_sensors.py
[2025-03-12T20:57:43.237+0000] {logging_mixin.py:190} INFO - [2025-03-12T20:57:43.236+0000] {dag.py:3239} INFO - Sync 1 DAGs
[2025-03-12T20:57:43.247+0000] {logging_mixin.py:190} INFO - [2025-03-12T20:57:43.247+0000] {dag.py:4180} INFO - Setting next_dagrun for example_sensors to None, run_after=None
[2025-03-12T20:57:43.262+0000] {processor.py:208} INFO - Processing /home/airflow/.local/lib/python3.12/site-packages/airflow/example_dags/example_sensors.py took 0.066 seconds
[2025-03-12T20:58:14.556+0000] {processor.py:186} INFO - Started process (PID=1556) to work on /home/airflow/.local/lib/python3.12/site-packages/airflow/example_dags/example_sensors.py
[2025-03-12T20:58:14.557+0000] {processor.py:914} INFO - Processing file /home/airflow/.local/lib/python3.12/site-packages/airflow/example_dags/example_sensors.py for tasks to queue
[2025-03-12T20:58:14.559+0000] {logging_mixin.py:190} INFO - [2025-03-12T20:58:14.559+0000] {dagbag.py:588} INFO - Filling up the DagBag from /home/airflow/.local/lib/python3.12/site-packages/airflow/example_dags/example_sensors.py
[2025-03-12T20:58:14.569+0000] {processor.py:925} INFO - DAG(s) 'example_sensors' retrieved from /home/airflow/.local/lib/python3.12/site-packages/airflow/example_dags/example_sensors.py
[2025-03-12T20:58:14.595+0000] {logging_mixin.py:190} INFO - [2025-03-12T20:58:14.594+0000] {dag.py:3239} INFO - Sync 1 DAGs
[2025-03-12T20:58:14.608+0000] {logging_mixin.py:190} INFO - [2025-03-12T20:58:14.608+0000] {dag.py:4180} INFO - Setting next_dagrun for example_sensors to None, run_after=None
[2025-03-12T20:58:14.628+0000] {processor.py:208} INFO - Processing /home/airflow/.local/lib/python3.12/site-packages/airflow/example_dags/example_sensors.py took 0.077 seconds
[2025-03-12T20:58:45.302+0000] {processor.py:186} INFO - Started process (PID=1619) to work on /home/airflow/.local/lib/python3.12/site-packages/airflow/example_dags/example_sensors.py
[2025-03-12T20:58:45.302+0000] {processor.py:914} INFO - Processing file /home/airflow/.local/lib/python3.12/site-packages/airflow/example_dags/example_sensors.py for tasks to queue
[2025-03-12T20:58:45.304+0000] {logging_mixin.py:190} INFO - [2025-03-12T20:58:45.304+0000] {dagbag.py:588} INFO - Filling up the DagBag from /home/airflow/.local/lib/python3.12/site-packages/airflow/example_dags/example_sensors.py
[2025-03-12T20:58:45.311+0000] {processor.py:925} INFO - DAG(s) 'example_sensors' retrieved from /home/airflow/.local/lib/python3.12/site-packages/airflow/example_dags/example_sensors.py
[2025-03-12T20:58:45.333+0000] {logging_mixin.py:190} INFO - [2025-03-12T20:58:45.333+0000] {dag.py:3239} INFO - Sync 1 DAGs
[2025-03-12T20:58:45.346+0000] {logging_mixin.py:190} INFO - [2025-03-12T20:58:45.346+0000] {dag.py:4180} INFO - Setting next_dagrun for example_sensors to None, run_after=None
[2025-03-12T20:58:45.363+0000] {processor.py:208} INFO - Processing /home/airflow/.local/lib/python3.12/site-packages/airflow/example_dags/example_sensors.py took 0.066 seconds
[2025-03-12T20:59:16.206+0000] {processor.py:186} INFO - Started process (PID=1682) to work on /home/airflow/.local/lib/python3.12/site-packages/airflow/example_dags/example_sensors.py
[2025-03-12T20:59:16.207+0000] {processor.py:914} INFO - Processing file /home/airflow/.local/lib/python3.12/site-packages/airflow/example_dags/example_sensors.py for tasks to queue
[2025-03-12T20:59:16.208+0000] {logging_mixin.py:190} INFO - [2025-03-12T20:59:16.208+0000] {dagbag.py:588} INFO - Filling up the DagBag from /home/airflow/.local/lib/python3.12/site-packages/airflow/example_dags/example_sensors.py
[2025-03-12T20:59:16.216+0000] {processor.py:925} INFO - DAG(s) 'example_sensors' retrieved from /home/airflow/.local/lib/python3.12/site-packages/airflow/example_dags/example_sensors.py
[2025-03-12T20:59:16.232+0000] {logging_mixin.py:190} INFO - [2025-03-12T20:59:16.232+0000] {dag.py:3239} INFO - Sync 1 DAGs
[2025-03-12T20:59:16.239+0000] {logging_mixin.py:190} INFO - [2025-03-12T20:59:16.239+0000] {dag.py:4180} INFO - Setting next_dagrun for example_sensors to None, run_after=None
[2025-03-12T20:59:16.253+0000] {processor.py:208} INFO - Processing /home/airflow/.local/lib/python3.12/site-packages/airflow/example_dags/example_sensors.py took 0.051 seconds
[2025-03-12T20:59:46.628+0000] {processor.py:186} INFO - Started process (PID=1745) to work on /home/airflow/.local/lib/python3.12/site-packages/airflow/example_dags/example_sensors.py
[2025-03-12T20:59:46.629+0000] {processor.py:914} INFO - Processing file /home/airflow/.local/lib/python3.12/site-packages/airflow/example_dags/example_sensors.py for tasks to queue
[2025-03-12T20:59:46.630+0000] {logging_mixin.py:190} INFO - [2025-03-12T20:59:46.630+0000] {dagbag.py:588} INFO - Filling up the DagBag from /home/airflow/.local/lib/python3.12/site-packages/airflow/example_dags/example_sensors.py
[2025-03-12T20:59:46.636+0000] {processor.py:925} INFO - DAG(s) 'example_sensors' retrieved from /home/airflow/.local/lib/python3.12/site-packages/airflow/example_dags/example_sensors.py
[2025-03-12T20:59:46.660+0000] {logging_mixin.py:190} INFO - [2025-03-12T20:59:46.660+0000] {dag.py:3239} INFO - Sync 1 DAGs
[2025-03-12T20:59:46.675+0000] {logging_mixin.py:190} INFO - [2025-03-12T20:59:46.674+0000] {dag.py:4180} INFO - Setting next_dagrun for example_sensors to None, run_after=None
[2025-03-12T20:59:46.691+0000] {processor.py:208} INFO - Processing /home/airflow/.local/lib/python3.12/site-packages/airflow/example_dags/example_sensors.py took 0.067 seconds
[2025-03-12T21:00:17.427+0000] {processor.py:186} INFO - Started process (PID=1808) to work on /home/airflow/.local/lib/python3.12/site-packages/airflow/example_dags/example_sensors.py
[2025-03-12T21:00:17.428+0000] {processor.py:914} INFO - Processing file /home/airflow/.local/lib/python3.12/site-packages/airflow/example_dags/example_sensors.py for tasks to queue
[2025-03-12T21:00:17.429+0000] {logging_mixin.py:190} INFO - [2025-03-12T21:00:17.429+0000] {dagbag.py:588} INFO - Filling up the DagBag from /home/airflow/.local/lib/python3.12/site-packages/airflow/example_dags/example_sensors.py
[2025-03-12T21:00:17.436+0000] {processor.py:925} INFO - DAG(s) 'example_sensors' retrieved from /home/airflow/.local/lib/python3.12/site-packages/airflow/example_dags/example_sensors.py
[2025-03-12T21:00:17.457+0000] {logging_mixin.py:190} INFO - [2025-03-12T21:00:17.456+0000] {dag.py:3239} INFO - Sync 1 DAGs
[2025-03-12T21:00:17.469+0000] {logging_mixin.py:190} INFO - [2025-03-12T21:00:17.469+0000] {dag.py:4180} INFO - Setting next_dagrun for example_sensors to None, run_after=None
[2025-03-12T21:00:17.487+0000] {processor.py:208} INFO - Processing /home/airflow/.local/lib/python3.12/site-packages/airflow/example_dags/example_sensors.py took 0.064 seconds
[2025-03-12T21:00:48.041+0000] {processor.py:186} INFO - Started process (PID=1871) to work on /home/airflow/.local/lib/python3.12/site-packages/airflow/example_dags/example_sensors.py
[2025-03-12T21:00:48.041+0000] {processor.py:914} INFO - Processing file /home/airflow/.local/lib/python3.12/site-packages/airflow/example_dags/example_sensors.py for tasks to queue
[2025-03-12T21:00:48.043+0000] {logging_mixin.py:190} INFO - [2025-03-12T21:00:48.043+0000] {dagbag.py:588} INFO - Filling up the DagBag from /home/airflow/.local/lib/python3.12/site-packages/airflow/example_dags/example_sensors.py
[2025-03-12T21:00:48.051+0000] {processor.py:925} INFO - DAG(s) 'example_sensors' retrieved from /home/airflow/.local/lib/python3.12/site-packages/airflow/example_dags/example_sensors.py
[2025-03-12T21:00:48.073+0000] {logging_mixin.py:190} INFO - [2025-03-12T21:00:48.072+0000] {dag.py:3239} INFO - Sync 1 DAGs
[2025-03-12T21:00:48.085+0000] {logging_mixin.py:190} INFO - [2025-03-12T21:00:48.085+0000] {dag.py:4180} INFO - Setting next_dagrun for example_sensors to None, run_after=None
[2025-03-12T21:00:48.100+0000] {processor.py:208} INFO - Processing /home/airflow/.local/lib/python3.12/site-packages/airflow/example_dags/example_sensors.py took 0.064 seconds
[2025-03-12T21:01:19.041+0000] {processor.py:186} INFO - Started process (PID=1934) to work on /home/airflow/.local/lib/python3.12/site-packages/airflow/example_dags/example_sensors.py
[2025-03-12T21:01:19.042+0000] {processor.py:914} INFO - Processing file /home/airflow/.local/lib/python3.12/site-packages/airflow/example_dags/example_sensors.py for tasks to queue
[2025-03-12T21:01:19.044+0000] {logging_mixin.py:190} INFO - [2025-03-12T21:01:19.043+0000] {dagbag.py:588} INFO - Filling up the DagBag from /home/airflow/.local/lib/python3.12/site-packages/airflow/example_dags/example_sensors.py
[2025-03-12T21:01:19.051+0000] {processor.py:925} INFO - DAG(s) 'example_sensors' retrieved from /home/airflow/.local/lib/python3.12/site-packages/airflow/example_dags/example_sensors.py
[2025-03-12T21:01:19.074+0000] {logging_mixin.py:190} INFO - [2025-03-12T21:01:19.074+0000] {dag.py:3239} INFO - Sync 1 DAGs
[2025-03-12T21:01:19.085+0000] {logging_mixin.py:190} INFO - [2025-03-12T21:01:19.085+0000] {dag.py:4180} INFO - Setting next_dagrun for example_sensors to None, run_after=None
[2025-03-12T21:01:19.101+0000] {processor.py:208} INFO - Processing /home/airflow/.local/lib/python3.12/site-packages/airflow/example_dags/example_sensors.py took 0.064 seconds
[2025-03-12T21:01:50.425+0000] {processor.py:186} INFO - Started process (PID=1998) to work on /home/airflow/.local/lib/python3.12/site-packages/airflow/example_dags/example_sensors.py
[2025-03-12T21:01:50.426+0000] {processor.py:914} INFO - Processing file /home/airflow/.local/lib/python3.12/site-packages/airflow/example_dags/example_sensors.py for tasks to queue
[2025-03-12T21:01:50.428+0000] {logging_mixin.py:190} INFO - [2025-03-12T21:01:50.428+0000] {dagbag.py:588} INFO - Filling up the DagBag from /home/airflow/.local/lib/python3.12/site-packages/airflow/example_dags/example_sensors.py
[2025-03-12T21:01:50.437+0000] {processor.py:925} INFO - DAG(s) 'example_sensors' retrieved from /home/airflow/.local/lib/python3.12/site-packages/airflow/example_dags/example_sensors.py
[2025-03-12T21:01:50.463+0000] {logging_mixin.py:190} INFO - [2025-03-12T21:01:50.462+0000] {dag.py:3239} INFO - Sync 1 DAGs
[2025-03-12T21:01:50.478+0000] {logging_mixin.py:190} INFO - [2025-03-12T21:01:50.478+0000] {dag.py:4180} INFO - Setting next_dagrun for example_sensors to None, run_after=None
[2025-03-12T21:01:50.503+0000] {processor.py:208} INFO - Processing /home/airflow/.local/lib/python3.12/site-packages/airflow/example_dags/example_sensors.py took 0.083 seconds
[2025-03-12T21:02:21.173+0000] {processor.py:186} INFO - Started process (PID=2060) to work on /home/airflow/.local/lib/python3.12/site-packages/airflow/example_dags/example_sensors.py
[2025-03-12T21:02:21.174+0000] {processor.py:914} INFO - Processing file /home/airflow/.local/lib/python3.12/site-packages/airflow/example_dags/example_sensors.py for tasks to queue
[2025-03-12T21:02:21.176+0000] {logging_mixin.py:190} INFO - [2025-03-12T21:02:21.176+0000] {dagbag.py:588} INFO - Filling up the DagBag from /home/airflow/.local/lib/python3.12/site-packages/airflow/example_dags/example_sensors.py
[2025-03-12T21:02:21.186+0000] {processor.py:925} INFO - DAG(s) 'example_sensors' retrieved from /home/airflow/.local/lib/python3.12/site-packages/airflow/example_dags/example_sensors.py
[2025-03-12T21:02:21.213+0000] {logging_mixin.py:190} INFO - [2025-03-12T21:02:21.212+0000] {dag.py:3239} INFO - Sync 1 DAGs
[2025-03-12T21:02:21.224+0000] {logging_mixin.py:190} INFO - [2025-03-12T21:02:21.224+0000] {dag.py:4180} INFO - Setting next_dagrun for example_sensors to None, run_after=None
[2025-03-12T21:02:21.244+0000] {processor.py:208} INFO - Processing /home/airflow/.local/lib/python3.12/site-packages/airflow/example_dags/example_sensors.py took 0.077 seconds
[2025-03-12T21:02:52.415+0000] {processor.py:186} INFO - Started process (PID=2123) to work on /home/airflow/.local/lib/python3.12/site-packages/airflow/example_dags/example_sensors.py
[2025-03-12T21:02:52.416+0000] {processor.py:914} INFO - Processing file /home/airflow/.local/lib/python3.12/site-packages/airflow/example_dags/example_sensors.py for tasks to queue
[2025-03-12T21:02:52.418+0000] {logging_mixin.py:190} INFO - [2025-03-12T21:02:52.417+0000] {dagbag.py:588} INFO - Filling up the DagBag from /home/airflow/.local/lib/python3.12/site-packages/airflow/example_dags/example_sensors.py
[2025-03-12T21:02:52.428+0000] {processor.py:925} INFO - DAG(s) 'example_sensors' retrieved from /home/airflow/.local/lib/python3.12/site-packages/airflow/example_dags/example_sensors.py
[2025-03-12T21:02:52.454+0000] {logging_mixin.py:190} INFO - [2025-03-12T21:02:52.454+0000] {dag.py:3239} INFO - Sync 1 DAGs
[2025-03-12T21:02:52.469+0000] {logging_mixin.py:190} INFO - [2025-03-12T21:02:52.469+0000] {dag.py:4180} INFO - Setting next_dagrun for example_sensors to None, run_after=None
[2025-03-12T21:02:52.491+0000] {processor.py:208} INFO - Processing /home/airflow/.local/lib/python3.12/site-packages/airflow/example_dags/example_sensors.py took 0.081 seconds
[2025-03-12T21:03:22.884+0000] {processor.py:186} INFO - Started process (PID=2186) to work on /home/airflow/.local/lib/python3.12/site-packages/airflow/example_dags/example_sensors.py
[2025-03-12T21:03:22.885+0000] {processor.py:914} INFO - Processing file /home/airflow/.local/lib/python3.12/site-packages/airflow/example_dags/example_sensors.py for tasks to queue
[2025-03-12T21:03:22.887+0000] {logging_mixin.py:190} INFO - [2025-03-12T21:03:22.886+0000] {dagbag.py:588} INFO - Filling up the DagBag from /home/airflow/.local/lib/python3.12/site-packages/airflow/example_dags/example_sensors.py
[2025-03-12T21:03:22.896+0000] {processor.py:925} INFO - DAG(s) 'example_sensors' retrieved from /home/airflow/.local/lib/python3.12/site-packages/airflow/example_dags/example_sensors.py
[2025-03-12T21:03:22.920+0000] {logging_mixin.py:190} INFO - [2025-03-12T21:03:22.919+0000] {dag.py:3239} INFO - Sync 1 DAGs
[2025-03-12T21:03:22.931+0000] {logging_mixin.py:190} INFO - [2025-03-12T21:03:22.930+0000] {dag.py:4180} INFO - Setting next_dagrun for example_sensors to None, run_after=None
[2025-03-12T21:03:22.946+0000] {processor.py:208} INFO - Processing /home/airflow/.local/lib/python3.12/site-packages/airflow/example_dags/example_sensors.py took 0.067 seconds
[2025-03-12T21:03:53.953+0000] {processor.py:186} INFO - Started process (PID=2249) to work on /home/airflow/.local/lib/python3.12/site-packages/airflow/example_dags/example_sensors.py
[2025-03-12T21:03:53.954+0000] {processor.py:914} INFO - Processing file /home/airflow/.local/lib/python3.12/site-packages/airflow/example_dags/example_sensors.py for tasks to queue
[2025-03-12T21:03:53.955+0000] {logging_mixin.py:190} INFO - [2025-03-12T21:03:53.955+0000] {dagbag.py:588} INFO - Filling up the DagBag from /home/airflow/.local/lib/python3.12/site-packages/airflow/example_dags/example_sensors.py
[2025-03-12T21:03:53.962+0000] {processor.py:925} INFO - DAG(s) 'example_sensors' retrieved from /home/airflow/.local/lib/python3.12/site-packages/airflow/example_dags/example_sensors.py
[2025-03-12T21:03:53.984+0000] {logging_mixin.py:190} INFO - [2025-03-12T21:03:53.984+0000] {dag.py:3239} INFO - Sync 1 DAGs
[2025-03-12T21:03:53.996+0000] {logging_mixin.py:190} INFO - [2025-03-12T21:03:53.996+0000] {dag.py:4180} INFO - Setting next_dagrun for example_sensors to None, run_after=None
[2025-03-12T21:03:54.015+0000] {processor.py:208} INFO - Processing /home/airflow/.local/lib/python3.12/site-packages/airflow/example_dags/example_sensors.py took 0.067 seconds
[2025-03-12T21:04:24.620+0000] {processor.py:186} INFO - Started process (PID=2312) to work on /home/airflow/.local/lib/python3.12/site-packages/airflow/example_dags/example_sensors.py
[2025-03-12T21:04:24.621+0000] {processor.py:914} INFO - Processing file /home/airflow/.local/lib/python3.12/site-packages/airflow/example_dags/example_sensors.py for tasks to queue
[2025-03-12T21:04:24.623+0000] {logging_mixin.py:190} INFO - [2025-03-12T21:04:24.623+0000] {dagbag.py:588} INFO - Filling up the DagBag from /home/airflow/.local/lib/python3.12/site-packages/airflow/example_dags/example_sensors.py
[2025-03-12T21:04:24.633+0000] {processor.py:925} INFO - DAG(s) 'example_sensors' retrieved from /home/airflow/.local/lib/python3.12/site-packages/airflow/example_dags/example_sensors.py
[2025-03-12T21:04:24.653+0000] {logging_mixin.py:190} INFO - [2025-03-12T21:04:24.652+0000] {dag.py:3239} INFO - Sync 1 DAGs
[2025-03-12T21:04:24.664+0000] {logging_mixin.py:190} INFO - [2025-03-12T21:04:24.664+0000] {dag.py:4180} INFO - Setting next_dagrun for example_sensors to None, run_after=None
[2025-03-12T21:04:24.679+0000] {processor.py:208} INFO - Processing /home/airflow/.local/lib/python3.12/site-packages/airflow/example_dags/example_sensors.py took 0.064 seconds
[2025-03-12T21:04:55.231+0000] {processor.py:186} INFO - Started process (PID=2375) to work on /home/airflow/.local/lib/python3.12/site-packages/airflow/example_dags/example_sensors.py
[2025-03-12T21:04:55.232+0000] {processor.py:914} INFO - Processing file /home/airflow/.local/lib/python3.12/site-packages/airflow/example_dags/example_sensors.py for tasks to queue
[2025-03-12T21:04:55.234+0000] {logging_mixin.py:190} INFO - [2025-03-12T21:04:55.234+0000] {dagbag.py:588} INFO - Filling up the DagBag from /home/airflow/.local/lib/python3.12/site-packages/airflow/example_dags/example_sensors.py
[2025-03-12T21:04:55.242+0000] {processor.py:925} INFO - DAG(s) 'example_sensors' retrieved from /home/airflow/.local/lib/python3.12/site-packages/airflow/example_dags/example_sensors.py
[2025-03-12T21:04:55.267+0000] {logging_mixin.py:190} INFO - [2025-03-12T21:04:55.267+0000] {dag.py:3239} INFO - Sync 1 DAGs
[2025-03-12T21:04:55.281+0000] {logging_mixin.py:190} INFO - [2025-03-12T21:04:55.280+0000] {dag.py:4180} INFO - Setting next_dagrun for example_sensors to None, run_after=None
[2025-03-12T21:04:55.302+0000] {processor.py:208} INFO - Processing /home/airflow/.local/lib/python3.12/site-packages/airflow/example_dags/example_sensors.py took 0.076 seconds
[2025-03-12T21:05:25.972+0000] {processor.py:186} INFO - Started process (PID=2444) to work on /home/airflow/.local/lib/python3.12/site-packages/airflow/example_dags/example_sensors.py
[2025-03-12T21:05:25.973+0000] {processor.py:914} INFO - Processing file /home/airflow/.local/lib/python3.12/site-packages/airflow/example_dags/example_sensors.py for tasks to queue
[2025-03-12T21:05:25.974+0000] {logging_mixin.py:190} INFO - [2025-03-12T21:05:25.974+0000] {dagbag.py:588} INFO - Filling up the DagBag from /home/airflow/.local/lib/python3.12/site-packages/airflow/example_dags/example_sensors.py
[2025-03-12T21:05:25.981+0000] {processor.py:925} INFO - DAG(s) 'example_sensors' retrieved from /home/airflow/.local/lib/python3.12/site-packages/airflow/example_dags/example_sensors.py
[2025-03-12T21:05:26.000+0000] {logging_mixin.py:190} INFO - [2025-03-12T21:05:26.000+0000] {dag.py:3239} INFO - Sync 1 DAGs
[2025-03-12T21:05:26.013+0000] {logging_mixin.py:190} INFO - [2025-03-12T21:05:26.013+0000] {dag.py:4180} INFO - Setting next_dagrun for example_sensors to None, run_after=None
[2025-03-12T21:05:26.032+0000] {processor.py:208} INFO - Processing /home/airflow/.local/lib/python3.12/site-packages/airflow/example_dags/example_sensors.py took 0.064 seconds
[2025-03-12T21:05:56.406+0000] {processor.py:186} INFO - Started process (PID=2507) to work on /home/airflow/.local/lib/python3.12/site-packages/airflow/example_dags/example_sensors.py
[2025-03-12T21:05:56.407+0000] {processor.py:914} INFO - Processing file /home/airflow/.local/lib/python3.12/site-packages/airflow/example_dags/example_sensors.py for tasks to queue
[2025-03-12T21:05:56.408+0000] {logging_mixin.py:190} INFO - [2025-03-12T21:05:56.408+0000] {dagbag.py:588} INFO - Filling up the DagBag from /home/airflow/.local/lib/python3.12/site-packages/airflow/example_dags/example_sensors.py
[2025-03-12T21:05:56.415+0000] {processor.py:925} INFO - DAG(s) 'example_sensors' retrieved from /home/airflow/.local/lib/python3.12/site-packages/airflow/example_dags/example_sensors.py
[2025-03-12T21:05:56.436+0000] {logging_mixin.py:190} INFO - [2025-03-12T21:05:56.435+0000] {dag.py:3239} INFO - Sync 1 DAGs
[2025-03-12T21:05:56.444+0000] {logging_mixin.py:190} INFO - [2025-03-12T21:05:56.444+0000] {dag.py:4180} INFO - Setting next_dagrun for example_sensors to None, run_after=None
[2025-03-12T21:05:56.459+0000] {processor.py:208} INFO - Processing /home/airflow/.local/lib/python3.12/site-packages/airflow/example_dags/example_sensors.py took 0.058 seconds
[2025-03-12T21:06:26.965+0000] {processor.py:186} INFO - Started process (PID=2570) to work on /home/airflow/.local/lib/python3.12/site-packages/airflow/example_dags/example_sensors.py
[2025-03-12T21:06:26.966+0000] {processor.py:914} INFO - Processing file /home/airflow/.local/lib/python3.12/site-packages/airflow/example_dags/example_sensors.py for tasks to queue
[2025-03-12T21:06:26.968+0000] {logging_mixin.py:190} INFO - [2025-03-12T21:06:26.968+0000] {dagbag.py:588} INFO - Filling up the DagBag from /home/airflow/.local/lib/python3.12/site-packages/airflow/example_dags/example_sensors.py
[2025-03-12T21:06:26.978+0000] {processor.py:925} INFO - DAG(s) 'example_sensors' retrieved from /home/airflow/.local/lib/python3.12/site-packages/airflow/example_dags/example_sensors.py
[2025-03-12T21:06:27.001+0000] {logging_mixin.py:190} INFO - [2025-03-12T21:06:27.000+0000] {dag.py:3239} INFO - Sync 1 DAGs
[2025-03-12T21:06:27.011+0000] {logging_mixin.py:190} INFO - [2025-03-12T21:06:27.010+0000] {dag.py:4180} INFO - Setting next_dagrun for example_sensors to None, run_after=None
[2025-03-12T21:06:27.027+0000] {processor.py:208} INFO - Processing /home/airflow/.local/lib/python3.12/site-packages/airflow/example_dags/example_sensors.py took 0.068 seconds
[2025-03-12T21:06:58.032+0000] {processor.py:186} INFO - Started process (PID=2633) to work on /home/airflow/.local/lib/python3.12/site-packages/airflow/example_dags/example_sensors.py
[2025-03-12T21:06:58.033+0000] {processor.py:914} INFO - Processing file /home/airflow/.local/lib/python3.12/site-packages/airflow/example_dags/example_sensors.py for tasks to queue
[2025-03-12T21:06:58.034+0000] {logging_mixin.py:190} INFO - [2025-03-12T21:06:58.034+0000] {dagbag.py:588} INFO - Filling up the DagBag from /home/airflow/.local/lib/python3.12/site-packages/airflow/example_dags/example_sensors.py
[2025-03-12T21:06:58.045+0000] {processor.py:925} INFO - DAG(s) 'example_sensors' retrieved from /home/airflow/.local/lib/python3.12/site-packages/airflow/example_dags/example_sensors.py
[2025-03-12T21:06:58.070+0000] {logging_mixin.py:190} INFO - [2025-03-12T21:06:58.069+0000] {dag.py:3239} INFO - Sync 1 DAGs
[2025-03-12T21:06:58.081+0000] {logging_mixin.py:190} INFO - [2025-03-12T21:06:58.080+0000] {dag.py:4180} INFO - Setting next_dagrun for example_sensors to None, run_after=None
[2025-03-12T21:06:58.099+0000] {processor.py:208} INFO - Processing /home/airflow/.local/lib/python3.12/site-packages/airflow/example_dags/example_sensors.py took 0.072 seconds
[2025-03-12T21:07:28.663+0000] {processor.py:186} INFO - Started process (PID=2696) to work on /home/airflow/.local/lib/python3.12/site-packages/airflow/example_dags/example_sensors.py
[2025-03-12T21:07:28.664+0000] {processor.py:914} INFO - Processing file /home/airflow/.local/lib/python3.12/site-packages/airflow/example_dags/example_sensors.py for tasks to queue
[2025-03-12T21:07:28.666+0000] {logging_mixin.py:190} INFO - [2025-03-12T21:07:28.665+0000] {dagbag.py:588} INFO - Filling up the DagBag from /home/airflow/.local/lib/python3.12/site-packages/airflow/example_dags/example_sensors.py
[2025-03-12T21:07:28.675+0000] {processor.py:925} INFO - DAG(s) 'example_sensors' retrieved from /home/airflow/.local/lib/python3.12/site-packages/airflow/example_dags/example_sensors.py
[2025-03-12T21:07:28.694+0000] {logging_mixin.py:190} INFO - [2025-03-12T21:07:28.693+0000] {dag.py:3239} INFO - Sync 1 DAGs
[2025-03-12T21:07:28.705+0000] {logging_mixin.py:190} INFO - [2025-03-12T21:07:28.705+0000] {dag.py:4180} INFO - Setting next_dagrun for example_sensors to None, run_after=None
[2025-03-12T21:07:28.722+0000] {processor.py:208} INFO - Processing /home/airflow/.local/lib/python3.12/site-packages/airflow/example_dags/example_sensors.py took 0.063 seconds
[2025-03-12T21:07:59.064+0000] {processor.py:186} INFO - Started process (PID=2759) to work on /home/airflow/.local/lib/python3.12/site-packages/airflow/example_dags/example_sensors.py
[2025-03-12T21:07:59.064+0000] {processor.py:914} INFO - Processing file /home/airflow/.local/lib/python3.12/site-packages/airflow/example_dags/example_sensors.py for tasks to queue
[2025-03-12T21:07:59.065+0000] {logging_mixin.py:190} INFO - [2025-03-12T21:07:59.065+0000] {dagbag.py:588} INFO - Filling up the DagBag from /home/airflow/.local/lib/python3.12/site-packages/airflow/example_dags/example_sensors.py
[2025-03-12T21:07:59.072+0000] {processor.py:925} INFO - DAG(s) 'example_sensors' retrieved from /home/airflow/.local/lib/python3.12/site-packages/airflow/example_dags/example_sensors.py
[2025-03-12T21:07:59.095+0000] {logging_mixin.py:190} INFO - [2025-03-12T21:07:59.094+0000] {dag.py:3239} INFO - Sync 1 DAGs
[2025-03-12T21:07:59.107+0000] {logging_mixin.py:190} INFO - [2025-03-12T21:07:59.106+0000] {dag.py:4180} INFO - Setting next_dagrun for example_sensors to None, run_after=None
[2025-03-12T21:07:59.122+0000] {processor.py:208} INFO - Processing /home/airflow/.local/lib/python3.12/site-packages/airflow/example_dags/example_sensors.py took 0.062 seconds
[2025-03-12T21:08:29.869+0000] {processor.py:186} INFO - Started process (PID=2822) to work on /home/airflow/.local/lib/python3.12/site-packages/airflow/example_dags/example_sensors.py
[2025-03-12T21:08:29.870+0000] {processor.py:914} INFO - Processing file /home/airflow/.local/lib/python3.12/site-packages/airflow/example_dags/example_sensors.py for tasks to queue
[2025-03-12T21:08:29.871+0000] {logging_mixin.py:190} INFO - [2025-03-12T21:08:29.871+0000] {dagbag.py:588} INFO - Filling up the DagBag from /home/airflow/.local/lib/python3.12/site-packages/airflow/example_dags/example_sensors.py
[2025-03-12T21:08:29.879+0000] {processor.py:925} INFO - DAG(s) 'example_sensors' retrieved from /home/airflow/.local/lib/python3.12/site-packages/airflow/example_dags/example_sensors.py
[2025-03-12T21:08:29.896+0000] {logging_mixin.py:190} INFO - [2025-03-12T21:08:29.895+0000] {dag.py:3239} INFO - Sync 1 DAGs
[2025-03-12T21:08:29.905+0000] {logging_mixin.py:190} INFO - [2025-03-12T21:08:29.905+0000] {dag.py:4180} INFO - Setting next_dagrun for example_sensors to None, run_after=None
[2025-03-12T21:08:29.919+0000] {processor.py:208} INFO - Processing /home/airflow/.local/lib/python3.12/site-packages/airflow/example_dags/example_sensors.py took 0.054 seconds
