[2025-03-12T20:46:24.782+0000] {processor.py:186} INFO - Started process (PID=70) to work on /home/airflow/.local/lib/python3.12/site-packages/airflow/example_dags/example_complex.py
[2025-03-12T20:46:24.782+0000] {processor.py:914} INFO - Processing file /home/airflow/.local/lib/python3.12/site-packages/airflow/example_dags/example_complex.py for tasks to queue
[2025-03-12T20:46:24.784+0000] {logging_mixin.py:190} INFO - [2025-03-12T20:46:24.784+0000] {dagbag.py:588} INFO - Filling up the DagBag from /home/airflow/.local/lib/python3.12/site-packages/airflow/example_dags/example_complex.py
[2025-03-12T20:46:24.794+0000] {processor.py:925} INFO - DAG(s) 'example_complex' retrieved from /home/airflow/.local/lib/python3.12/site-packages/airflow/example_dags/example_complex.py
[2025-03-12T20:46:24.884+0000] {logging_mixin.py:190} INFO - [2025-03-12T20:46:24.884+0000] {override.py:1912} INFO - Created Permission View: can edit on DAG:example_complex
[2025-03-12T20:46:24.893+0000] {logging_mixin.py:190} INFO - [2025-03-12T20:46:24.893+0000] {override.py:1912} INFO - Created Permission View: can read on DAG:example_complex
[2025-03-12T20:46:24.899+0000] {logging_mixin.py:190} INFO - [2025-03-12T20:46:24.899+0000] {override.py:1912} INFO - Created Permission View: can delete on DAG:example_complex
[2025-03-12T20:46:24.906+0000] {logging_mixin.py:190} INFO - [2025-03-12T20:46:24.906+0000] {override.py:1912} INFO - Created Permission View: menu access on DAG Run:example_complex
[2025-03-12T20:46:24.912+0000] {logging_mixin.py:190} INFO - [2025-03-12T20:46:24.912+0000] {override.py:1912} INFO - Created Permission View: can create on DAG Run:example_complex
[2025-03-12T20:46:24.918+0000] {logging_mixin.py:190} INFO - [2025-03-12T20:46:24.917+0000] {override.py:1912} INFO - Created Permission View: can read on DAG Run:example_complex
[2025-03-12T20:46:24.924+0000] {logging_mixin.py:190} INFO - [2025-03-12T20:46:24.923+0000] {override.py:1912} INFO - Created Permission View: can delete on DAG Run:example_complex
[2025-03-12T20:46:24.924+0000] {logging_mixin.py:190} INFO - [2025-03-12T20:46:24.924+0000] {dag.py:3239} INFO - Sync 1 DAGs
[2025-03-12T20:46:24.936+0000] {logging_mixin.py:190} INFO - [2025-03-12T20:46:24.936+0000] {dag.py:3262} INFO - Creating ORM DAG for example_complex
[2025-03-12T20:46:24.937+0000] {logging_mixin.py:190} INFO - [2025-03-12T20:46:24.937+0000] {dag.py:4180} INFO - Setting next_dagrun for example_complex to None, run_after=None
[2025-03-12T20:46:24.954+0000] {processor.py:208} INFO - Processing /home/airflow/.local/lib/python3.12/site-packages/airflow/example_dags/example_complex.py took 0.177 seconds
[2025-03-12T20:46:55.141+0000] {processor.py:186} INFO - Started process (PID=133) to work on /home/airflow/.local/lib/python3.12/site-packages/airflow/example_dags/example_complex.py
[2025-03-12T20:46:55.142+0000] {processor.py:914} INFO - Processing file /home/airflow/.local/lib/python3.12/site-packages/airflow/example_dags/example_complex.py for tasks to queue
[2025-03-12T20:46:55.144+0000] {logging_mixin.py:190} INFO - [2025-03-12T20:46:55.144+0000] {dagbag.py:588} INFO - Filling up the DagBag from /home/airflow/.local/lib/python3.12/site-packages/airflow/example_dags/example_complex.py
[2025-03-12T20:46:55.154+0000] {processor.py:925} INFO - DAG(s) 'example_complex' retrieved from /home/airflow/.local/lib/python3.12/site-packages/airflow/example_dags/example_complex.py
[2025-03-12T20:46:55.186+0000] {logging_mixin.py:190} INFO - [2025-03-12T20:46:55.186+0000] {dag.py:3239} INFO - Sync 1 DAGs
[2025-03-12T20:46:55.200+0000] {logging_mixin.py:190} INFO - [2025-03-12T20:46:55.200+0000] {dag.py:4180} INFO - Setting next_dagrun for example_complex to None, run_after=None
[2025-03-12T20:46:55.221+0000] {processor.py:208} INFO - Processing /home/airflow/.local/lib/python3.12/site-packages/airflow/example_dags/example_complex.py took 0.084 seconds
[2025-03-12T20:47:25.948+0000] {processor.py:186} INFO - Started process (PID=195) to work on /home/airflow/.local/lib/python3.12/site-packages/airflow/example_dags/example_complex.py
[2025-03-12T20:47:25.949+0000] {processor.py:914} INFO - Processing file /home/airflow/.local/lib/python3.12/site-packages/airflow/example_dags/example_complex.py for tasks to queue
[2025-03-12T20:47:25.951+0000] {logging_mixin.py:190} INFO - [2025-03-12T20:47:25.951+0000] {dagbag.py:588} INFO - Filling up the DagBag from /home/airflow/.local/lib/python3.12/site-packages/airflow/example_dags/example_complex.py
[2025-03-12T20:47:25.961+0000] {processor.py:925} INFO - DAG(s) 'example_complex' retrieved from /home/airflow/.local/lib/python3.12/site-packages/airflow/example_dags/example_complex.py
[2025-03-12T20:47:25.991+0000] {logging_mixin.py:190} INFO - [2025-03-12T20:47:25.990+0000] {dag.py:3239} INFO - Sync 1 DAGs
[2025-03-12T20:47:26.003+0000] {logging_mixin.py:190} INFO - [2025-03-12T20:47:26.002+0000] {dag.py:4180} INFO - Setting next_dagrun for example_complex to None, run_after=None
[2025-03-12T20:47:26.018+0000] {processor.py:208} INFO - Processing /home/airflow/.local/lib/python3.12/site-packages/airflow/example_dags/example_complex.py took 0.077 seconds
[2025-03-12T20:47:56.632+0000] {processor.py:186} INFO - Started process (PID=258) to work on /home/airflow/.local/lib/python3.12/site-packages/airflow/example_dags/example_complex.py
[2025-03-12T20:47:56.633+0000] {processor.py:914} INFO - Processing file /home/airflow/.local/lib/python3.12/site-packages/airflow/example_dags/example_complex.py for tasks to queue
[2025-03-12T20:47:56.635+0000] {logging_mixin.py:190} INFO - [2025-03-12T20:47:56.634+0000] {dagbag.py:588} INFO - Filling up the DagBag from /home/airflow/.local/lib/python3.12/site-packages/airflow/example_dags/example_complex.py
[2025-03-12T20:47:56.642+0000] {processor.py:925} INFO - DAG(s) 'example_complex' retrieved from /home/airflow/.local/lib/python3.12/site-packages/airflow/example_dags/example_complex.py
[2025-03-12T20:47:56.662+0000] {logging_mixin.py:190} INFO - [2025-03-12T20:47:56.662+0000] {dag.py:3239} INFO - Sync 1 DAGs
[2025-03-12T20:47:56.674+0000] {logging_mixin.py:190} INFO - [2025-03-12T20:47:56.674+0000] {dag.py:4180} INFO - Setting next_dagrun for example_complex to None, run_after=None
[2025-03-12T20:47:56.690+0000] {processor.py:208} INFO - Processing /home/airflow/.local/lib/python3.12/site-packages/airflow/example_dags/example_complex.py took 0.063 seconds
[2025-03-12T20:48:27.446+0000] {processor.py:186} INFO - Started process (PID=321) to work on /home/airflow/.local/lib/python3.12/site-packages/airflow/example_dags/example_complex.py
[2025-03-12T20:48:27.447+0000] {processor.py:914} INFO - Processing file /home/airflow/.local/lib/python3.12/site-packages/airflow/example_dags/example_complex.py for tasks to queue
[2025-03-12T20:48:27.448+0000] {logging_mixin.py:190} INFO - [2025-03-12T20:48:27.448+0000] {dagbag.py:588} INFO - Filling up the DagBag from /home/airflow/.local/lib/python3.12/site-packages/airflow/example_dags/example_complex.py
[2025-03-12T20:48:27.455+0000] {processor.py:925} INFO - DAG(s) 'example_complex' retrieved from /home/airflow/.local/lib/python3.12/site-packages/airflow/example_dags/example_complex.py
[2025-03-12T20:48:27.474+0000] {logging_mixin.py:190} INFO - [2025-03-12T20:48:27.474+0000] {dag.py:3239} INFO - Sync 1 DAGs
[2025-03-12T20:48:27.485+0000] {logging_mixin.py:190} INFO - [2025-03-12T20:48:27.485+0000] {dag.py:4180} INFO - Setting next_dagrun for example_complex to None, run_after=None
[2025-03-12T20:48:27.499+0000] {processor.py:208} INFO - Processing /home/airflow/.local/lib/python3.12/site-packages/airflow/example_dags/example_complex.py took 0.056 seconds
[2025-03-12T20:48:58.742+0000] {processor.py:186} INFO - Started process (PID=384) to work on /home/airflow/.local/lib/python3.12/site-packages/airflow/example_dags/example_complex.py
[2025-03-12T20:48:58.743+0000] {processor.py:914} INFO - Processing file /home/airflow/.local/lib/python3.12/site-packages/airflow/example_dags/example_complex.py for tasks to queue
[2025-03-12T20:48:58.745+0000] {logging_mixin.py:190} INFO - [2025-03-12T20:48:58.744+0000] {dagbag.py:588} INFO - Filling up the DagBag from /home/airflow/.local/lib/python3.12/site-packages/airflow/example_dags/example_complex.py
[2025-03-12T20:48:58.755+0000] {processor.py:925} INFO - DAG(s) 'example_complex' retrieved from /home/airflow/.local/lib/python3.12/site-packages/airflow/example_dags/example_complex.py
[2025-03-12T20:48:58.777+0000] {logging_mixin.py:190} INFO - [2025-03-12T20:48:58.777+0000] {dag.py:3239} INFO - Sync 1 DAGs
[2025-03-12T20:48:58.787+0000] {logging_mixin.py:190} INFO - [2025-03-12T20:48:58.786+0000] {dag.py:4180} INFO - Setting next_dagrun for example_complex to None, run_after=None
[2025-03-12T20:48:58.806+0000] {processor.py:208} INFO - Processing /home/airflow/.local/lib/python3.12/site-packages/airflow/example_dags/example_complex.py took 0.068 seconds
[2025-03-12T20:49:29.620+0000] {processor.py:186} INFO - Started process (PID=447) to work on /home/airflow/.local/lib/python3.12/site-packages/airflow/example_dags/example_complex.py
[2025-03-12T20:49:29.621+0000] {processor.py:914} INFO - Processing file /home/airflow/.local/lib/python3.12/site-packages/airflow/example_dags/example_complex.py for tasks to queue
[2025-03-12T20:49:29.623+0000] {logging_mixin.py:190} INFO - [2025-03-12T20:49:29.622+0000] {dagbag.py:588} INFO - Filling up the DagBag from /home/airflow/.local/lib/python3.12/site-packages/airflow/example_dags/example_complex.py
[2025-03-12T20:49:29.635+0000] {processor.py:925} INFO - DAG(s) 'example_complex' retrieved from /home/airflow/.local/lib/python3.12/site-packages/airflow/example_dags/example_complex.py
[2025-03-12T20:49:29.662+0000] {logging_mixin.py:190} INFO - [2025-03-12T20:49:29.662+0000] {dag.py:3239} INFO - Sync 1 DAGs
[2025-03-12T20:49:29.675+0000] {logging_mixin.py:190} INFO - [2025-03-12T20:49:29.675+0000] {dag.py:4180} INFO - Setting next_dagrun for example_complex to None, run_after=None
[2025-03-12T20:49:29.692+0000] {processor.py:208} INFO - Processing /home/airflow/.local/lib/python3.12/site-packages/airflow/example_dags/example_complex.py took 0.077 seconds
[2025-03-12T20:50:00.274+0000] {processor.py:186} INFO - Started process (PID=510) to work on /home/airflow/.local/lib/python3.12/site-packages/airflow/example_dags/example_complex.py
[2025-03-12T20:50:00.275+0000] {processor.py:914} INFO - Processing file /home/airflow/.local/lib/python3.12/site-packages/airflow/example_dags/example_complex.py for tasks to queue
[2025-03-12T20:50:00.276+0000] {logging_mixin.py:190} INFO - [2025-03-12T20:50:00.276+0000] {dagbag.py:588} INFO - Filling up the DagBag from /home/airflow/.local/lib/python3.12/site-packages/airflow/example_dags/example_complex.py
[2025-03-12T20:50:00.282+0000] {processor.py:925} INFO - DAG(s) 'example_complex' retrieved from /home/airflow/.local/lib/python3.12/site-packages/airflow/example_dags/example_complex.py
[2025-03-12T20:50:00.304+0000] {logging_mixin.py:190} INFO - [2025-03-12T20:50:00.304+0000] {dag.py:3239} INFO - Sync 1 DAGs
[2025-03-12T20:50:00.316+0000] {logging_mixin.py:190} INFO - [2025-03-12T20:50:00.316+0000] {dag.py:4180} INFO - Setting next_dagrun for example_complex to None, run_after=None
[2025-03-12T20:50:00.329+0000] {processor.py:208} INFO - Processing /home/airflow/.local/lib/python3.12/site-packages/airflow/example_dags/example_complex.py took 0.059 seconds
[2025-03-12T20:50:30.937+0000] {processor.py:186} INFO - Started process (PID=573) to work on /home/airflow/.local/lib/python3.12/site-packages/airflow/example_dags/example_complex.py
[2025-03-12T20:50:30.938+0000] {processor.py:914} INFO - Processing file /home/airflow/.local/lib/python3.12/site-packages/airflow/example_dags/example_complex.py for tasks to queue
[2025-03-12T20:50:30.939+0000] {logging_mixin.py:190} INFO - [2025-03-12T20:50:30.939+0000] {dagbag.py:588} INFO - Filling up the DagBag from /home/airflow/.local/lib/python3.12/site-packages/airflow/example_dags/example_complex.py
[2025-03-12T20:50:30.949+0000] {processor.py:925} INFO - DAG(s) 'example_complex' retrieved from /home/airflow/.local/lib/python3.12/site-packages/airflow/example_dags/example_complex.py
[2025-03-12T20:50:30.968+0000] {logging_mixin.py:190} INFO - [2025-03-12T20:50:30.968+0000] {dag.py:3239} INFO - Sync 1 DAGs
[2025-03-12T20:50:30.979+0000] {logging_mixin.py:190} INFO - [2025-03-12T20:50:30.979+0000] {dag.py:4180} INFO - Setting next_dagrun for example_complex to None, run_after=None
[2025-03-12T20:50:30.993+0000] {processor.py:208} INFO - Processing /home/airflow/.local/lib/python3.12/site-packages/airflow/example_dags/example_complex.py took 0.061 seconds
[2025-03-12T20:51:01.343+0000] {processor.py:186} INFO - Started process (PID=636) to work on /home/airflow/.local/lib/python3.12/site-packages/airflow/example_dags/example_complex.py
[2025-03-12T20:51:01.345+0000] {processor.py:914} INFO - Processing file /home/airflow/.local/lib/python3.12/site-packages/airflow/example_dags/example_complex.py for tasks to queue
[2025-03-12T20:51:01.346+0000] {logging_mixin.py:190} INFO - [2025-03-12T20:51:01.346+0000] {dagbag.py:588} INFO - Filling up the DagBag from /home/airflow/.local/lib/python3.12/site-packages/airflow/example_dags/example_complex.py
[2025-03-12T20:51:01.356+0000] {processor.py:925} INFO - DAG(s) 'example_complex' retrieved from /home/airflow/.local/lib/python3.12/site-packages/airflow/example_dags/example_complex.py
[2025-03-12T20:51:01.376+0000] {logging_mixin.py:190} INFO - [2025-03-12T20:51:01.376+0000] {dag.py:3239} INFO - Sync 1 DAGs
[2025-03-12T20:51:01.384+0000] {logging_mixin.py:190} INFO - [2025-03-12T20:51:01.384+0000] {dag.py:4180} INFO - Setting next_dagrun for example_complex to None, run_after=None
[2025-03-12T20:51:01.395+0000] {processor.py:208} INFO - Processing /home/airflow/.local/lib/python3.12/site-packages/airflow/example_dags/example_complex.py took 0.056 seconds
[2025-03-12T20:51:31.942+0000] {processor.py:186} INFO - Started process (PID=699) to work on /home/airflow/.local/lib/python3.12/site-packages/airflow/example_dags/example_complex.py
[2025-03-12T20:51:31.943+0000] {processor.py:914} INFO - Processing file /home/airflow/.local/lib/python3.12/site-packages/airflow/example_dags/example_complex.py for tasks to queue
[2025-03-12T20:51:31.944+0000] {logging_mixin.py:190} INFO - [2025-03-12T20:51:31.944+0000] {dagbag.py:588} INFO - Filling up the DagBag from /home/airflow/.local/lib/python3.12/site-packages/airflow/example_dags/example_complex.py
[2025-03-12T20:51:31.951+0000] {processor.py:925} INFO - DAG(s) 'example_complex' retrieved from /home/airflow/.local/lib/python3.12/site-packages/airflow/example_dags/example_complex.py
[2025-03-12T20:51:31.974+0000] {logging_mixin.py:190} INFO - [2025-03-12T20:51:31.974+0000] {dag.py:3239} INFO - Sync 1 DAGs
[2025-03-12T20:51:31.987+0000] {logging_mixin.py:190} INFO - [2025-03-12T20:51:31.987+0000] {dag.py:4180} INFO - Setting next_dagrun for example_complex to None, run_after=None
[2025-03-12T20:51:32.003+0000] {processor.py:208} INFO - Processing /home/airflow/.local/lib/python3.12/site-packages/airflow/example_dags/example_complex.py took 0.064 seconds
[2025-03-12T20:52:03.037+0000] {processor.py:186} INFO - Started process (PID=762) to work on /home/airflow/.local/lib/python3.12/site-packages/airflow/example_dags/example_complex.py
[2025-03-12T20:52:03.038+0000] {processor.py:914} INFO - Processing file /home/airflow/.local/lib/python3.12/site-packages/airflow/example_dags/example_complex.py for tasks to queue
[2025-03-12T20:52:03.040+0000] {logging_mixin.py:190} INFO - [2025-03-12T20:52:03.039+0000] {dagbag.py:588} INFO - Filling up the DagBag from /home/airflow/.local/lib/python3.12/site-packages/airflow/example_dags/example_complex.py
[2025-03-12T20:52:03.049+0000] {processor.py:925} INFO - DAG(s) 'example_complex' retrieved from /home/airflow/.local/lib/python3.12/site-packages/airflow/example_dags/example_complex.py
[2025-03-12T20:52:03.075+0000] {logging_mixin.py:190} INFO - [2025-03-12T20:52:03.075+0000] {dag.py:3239} INFO - Sync 1 DAGs
[2025-03-12T20:52:03.088+0000] {logging_mixin.py:190} INFO - [2025-03-12T20:52:03.087+0000] {dag.py:4180} INFO - Setting next_dagrun for example_complex to None, run_after=None
[2025-03-12T20:52:03.103+0000] {processor.py:208} INFO - Processing /home/airflow/.local/lib/python3.12/site-packages/airflow/example_dags/example_complex.py took 0.071 seconds
[2025-03-12T20:52:33.523+0000] {processor.py:186} INFO - Started process (PID=825) to work on /home/airflow/.local/lib/python3.12/site-packages/airflow/example_dags/example_complex.py
[2025-03-12T20:52:33.524+0000] {processor.py:914} INFO - Processing file /home/airflow/.local/lib/python3.12/site-packages/airflow/example_dags/example_complex.py for tasks to queue
[2025-03-12T20:52:33.525+0000] {logging_mixin.py:190} INFO - [2025-03-12T20:52:33.525+0000] {dagbag.py:588} INFO - Filling up the DagBag from /home/airflow/.local/lib/python3.12/site-packages/airflow/example_dags/example_complex.py
[2025-03-12T20:52:33.532+0000] {processor.py:925} INFO - DAG(s) 'example_complex' retrieved from /home/airflow/.local/lib/python3.12/site-packages/airflow/example_dags/example_complex.py
[2025-03-12T20:52:33.560+0000] {logging_mixin.py:190} INFO - [2025-03-12T20:52:33.560+0000] {dag.py:3239} INFO - Sync 1 DAGs
[2025-03-12T20:52:33.571+0000] {logging_mixin.py:190} INFO - [2025-03-12T20:52:33.571+0000] {dag.py:4180} INFO - Setting next_dagrun for example_complex to None, run_after=None
[2025-03-12T20:52:33.586+0000] {processor.py:208} INFO - Processing /home/airflow/.local/lib/python3.12/site-packages/airflow/example_dags/example_complex.py took 0.067 seconds
[2025-03-12T20:53:04.385+0000] {processor.py:186} INFO - Started process (PID=888) to work on /home/airflow/.local/lib/python3.12/site-packages/airflow/example_dags/example_complex.py
[2025-03-12T20:53:04.386+0000] {processor.py:914} INFO - Processing file /home/airflow/.local/lib/python3.12/site-packages/airflow/example_dags/example_complex.py for tasks to queue
[2025-03-12T20:53:04.387+0000] {logging_mixin.py:190} INFO - [2025-03-12T20:53:04.387+0000] {dagbag.py:588} INFO - Filling up the DagBag from /home/airflow/.local/lib/python3.12/site-packages/airflow/example_dags/example_complex.py
[2025-03-12T20:53:04.394+0000] {processor.py:925} INFO - DAG(s) 'example_complex' retrieved from /home/airflow/.local/lib/python3.12/site-packages/airflow/example_dags/example_complex.py
[2025-03-12T20:53:04.417+0000] {logging_mixin.py:190} INFO - [2025-03-12T20:53:04.417+0000] {dag.py:3239} INFO - Sync 1 DAGs
[2025-03-12T20:53:04.431+0000] {logging_mixin.py:190} INFO - [2025-03-12T20:53:04.431+0000] {dag.py:4180} INFO - Setting next_dagrun for example_complex to None, run_after=None
[2025-03-12T20:53:04.449+0000] {processor.py:208} INFO - Processing /home/airflow/.local/lib/python3.12/site-packages/airflow/example_dags/example_complex.py took 0.068 seconds
[2025-03-12T20:53:35.117+0000] {processor.py:186} INFO - Started process (PID=951) to work on /home/airflow/.local/lib/python3.12/site-packages/airflow/example_dags/example_complex.py
[2025-03-12T20:53:35.118+0000] {processor.py:914} INFO - Processing file /home/airflow/.local/lib/python3.12/site-packages/airflow/example_dags/example_complex.py for tasks to queue
[2025-03-12T20:53:35.120+0000] {logging_mixin.py:190} INFO - [2025-03-12T20:53:35.120+0000] {dagbag.py:588} INFO - Filling up the DagBag from /home/airflow/.local/lib/python3.12/site-packages/airflow/example_dags/example_complex.py
[2025-03-12T20:53:35.130+0000] {processor.py:925} INFO - DAG(s) 'example_complex' retrieved from /home/airflow/.local/lib/python3.12/site-packages/airflow/example_dags/example_complex.py
[2025-03-12T20:53:35.154+0000] {logging_mixin.py:190} INFO - [2025-03-12T20:53:35.154+0000] {dag.py:3239} INFO - Sync 1 DAGs
[2025-03-12T20:53:35.166+0000] {logging_mixin.py:190} INFO - [2025-03-12T20:53:35.166+0000] {dag.py:4180} INFO - Setting next_dagrun for example_complex to None, run_after=None
[2025-03-12T20:53:35.183+0000] {processor.py:208} INFO - Processing /home/airflow/.local/lib/python3.12/site-packages/airflow/example_dags/example_complex.py took 0.071 seconds
[2025-03-12T20:54:05.587+0000] {processor.py:186} INFO - Started process (PID=1014) to work on /home/airflow/.local/lib/python3.12/site-packages/airflow/example_dags/example_complex.py
[2025-03-12T20:54:05.588+0000] {processor.py:914} INFO - Processing file /home/airflow/.local/lib/python3.12/site-packages/airflow/example_dags/example_complex.py for tasks to queue
[2025-03-12T20:54:05.589+0000] {logging_mixin.py:190} INFO - [2025-03-12T20:54:05.589+0000] {dagbag.py:588} INFO - Filling up the DagBag from /home/airflow/.local/lib/python3.12/site-packages/airflow/example_dags/example_complex.py
[2025-03-12T20:54:05.595+0000] {processor.py:925} INFO - DAG(s) 'example_complex' retrieved from /home/airflow/.local/lib/python3.12/site-packages/airflow/example_dags/example_complex.py
[2025-03-12T20:54:05.614+0000] {logging_mixin.py:190} INFO - [2025-03-12T20:54:05.614+0000] {dag.py:3239} INFO - Sync 1 DAGs
[2025-03-12T20:54:05.622+0000] {logging_mixin.py:190} INFO - [2025-03-12T20:54:05.622+0000] {dag.py:4180} INFO - Setting next_dagrun for example_complex to None, run_after=None
[2025-03-12T20:54:05.634+0000] {processor.py:208} INFO - Processing /home/airflow/.local/lib/python3.12/site-packages/airflow/example_dags/example_complex.py took 0.050 seconds
[2025-03-12T20:54:36.347+0000] {processor.py:186} INFO - Started process (PID=1077) to work on /home/airflow/.local/lib/python3.12/site-packages/airflow/example_dags/example_complex.py
[2025-03-12T20:54:36.348+0000] {processor.py:914} INFO - Processing file /home/airflow/.local/lib/python3.12/site-packages/airflow/example_dags/example_complex.py for tasks to queue
[2025-03-12T20:54:36.349+0000] {logging_mixin.py:190} INFO - [2025-03-12T20:54:36.349+0000] {dagbag.py:588} INFO - Filling up the DagBag from /home/airflow/.local/lib/python3.12/site-packages/airflow/example_dags/example_complex.py
[2025-03-12T20:54:36.357+0000] {processor.py:925} INFO - DAG(s) 'example_complex' retrieved from /home/airflow/.local/lib/python3.12/site-packages/airflow/example_dags/example_complex.py
[2025-03-12T20:54:36.382+0000] {logging_mixin.py:190} INFO - [2025-03-12T20:54:36.381+0000] {dag.py:3239} INFO - Sync 1 DAGs
[2025-03-12T20:54:36.394+0000] {logging_mixin.py:190} INFO - [2025-03-12T20:54:36.394+0000] {dag.py:4180} INFO - Setting next_dagrun for example_complex to None, run_after=None
[2025-03-12T20:54:36.413+0000] {processor.py:208} INFO - Processing /home/airflow/.local/lib/python3.12/site-packages/airflow/example_dags/example_complex.py took 0.070 seconds
[2025-03-12T20:55:07.127+0000] {processor.py:186} INFO - Started process (PID=1140) to work on /home/airflow/.local/lib/python3.12/site-packages/airflow/example_dags/example_complex.py
[2025-03-12T20:55:07.128+0000] {processor.py:914} INFO - Processing file /home/airflow/.local/lib/python3.12/site-packages/airflow/example_dags/example_complex.py for tasks to queue
[2025-03-12T20:55:07.129+0000] {logging_mixin.py:190} INFO - [2025-03-12T20:55:07.129+0000] {dagbag.py:588} INFO - Filling up the DagBag from /home/airflow/.local/lib/python3.12/site-packages/airflow/example_dags/example_complex.py
[2025-03-12T20:55:07.136+0000] {processor.py:925} INFO - DAG(s) 'example_complex' retrieved from /home/airflow/.local/lib/python3.12/site-packages/airflow/example_dags/example_complex.py
[2025-03-12T20:55:07.162+0000] {logging_mixin.py:190} INFO - [2025-03-12T20:55:07.162+0000] {dag.py:3239} INFO - Sync 1 DAGs
[2025-03-12T20:55:07.175+0000] {logging_mixin.py:190} INFO - [2025-03-12T20:55:07.174+0000] {dag.py:4180} INFO - Setting next_dagrun for example_complex to None, run_after=None
[2025-03-12T20:55:07.190+0000] {processor.py:208} INFO - Processing /home/airflow/.local/lib/python3.12/site-packages/airflow/example_dags/example_complex.py took 0.068 seconds
[2025-03-12T20:55:38.136+0000] {processor.py:186} INFO - Started process (PID=1203) to work on /home/airflow/.local/lib/python3.12/site-packages/airflow/example_dags/example_complex.py
[2025-03-12T20:55:38.137+0000] {processor.py:914} INFO - Processing file /home/airflow/.local/lib/python3.12/site-packages/airflow/example_dags/example_complex.py for tasks to queue
[2025-03-12T20:55:38.138+0000] {logging_mixin.py:190} INFO - [2025-03-12T20:55:38.138+0000] {dagbag.py:588} INFO - Filling up the DagBag from /home/airflow/.local/lib/python3.12/site-packages/airflow/example_dags/example_complex.py
[2025-03-12T20:55:38.146+0000] {processor.py:925} INFO - DAG(s) 'example_complex' retrieved from /home/airflow/.local/lib/python3.12/site-packages/airflow/example_dags/example_complex.py
[2025-03-12T20:55:38.165+0000] {logging_mixin.py:190} INFO - [2025-03-12T20:55:38.165+0000] {dag.py:3239} INFO - Sync 1 DAGs
[2025-03-12T20:55:38.178+0000] {logging_mixin.py:190} INFO - [2025-03-12T20:55:38.178+0000] {dag.py:4180} INFO - Setting next_dagrun for example_complex to None, run_after=None
[2025-03-12T20:55:38.194+0000] {processor.py:208} INFO - Processing /home/airflow/.local/lib/python3.12/site-packages/airflow/example_dags/example_complex.py took 0.063 seconds
[2025-03-12T20:56:09.127+0000] {processor.py:186} INFO - Started process (PID=1266) to work on /home/airflow/.local/lib/python3.12/site-packages/airflow/example_dags/example_complex.py
[2025-03-12T20:56:09.128+0000] {processor.py:914} INFO - Processing file /home/airflow/.local/lib/python3.12/site-packages/airflow/example_dags/example_complex.py for tasks to queue
[2025-03-12T20:56:09.129+0000] {logging_mixin.py:190} INFO - [2025-03-12T20:56:09.129+0000] {dagbag.py:588} INFO - Filling up the DagBag from /home/airflow/.local/lib/python3.12/site-packages/airflow/example_dags/example_complex.py
[2025-03-12T20:56:09.140+0000] {processor.py:925} INFO - DAG(s) 'example_complex' retrieved from /home/airflow/.local/lib/python3.12/site-packages/airflow/example_dags/example_complex.py
[2025-03-12T20:56:09.170+0000] {logging_mixin.py:190} INFO - [2025-03-12T20:56:09.169+0000] {dag.py:3239} INFO - Sync 1 DAGs
[2025-03-12T20:56:09.182+0000] {logging_mixin.py:190} INFO - [2025-03-12T20:56:09.182+0000] {dag.py:4180} INFO - Setting next_dagrun for example_complex to None, run_after=None
[2025-03-12T20:56:09.200+0000] {processor.py:208} INFO - Processing /home/airflow/.local/lib/python3.12/site-packages/airflow/example_dags/example_complex.py took 0.078 seconds
[2025-03-12T20:56:39.800+0000] {processor.py:186} INFO - Started process (PID=1329) to work on /home/airflow/.local/lib/python3.12/site-packages/airflow/example_dags/example_complex.py
[2025-03-12T20:56:39.801+0000] {processor.py:914} INFO - Processing file /home/airflow/.local/lib/python3.12/site-packages/airflow/example_dags/example_complex.py for tasks to queue
[2025-03-12T20:56:39.802+0000] {logging_mixin.py:190} INFO - [2025-03-12T20:56:39.802+0000] {dagbag.py:588} INFO - Filling up the DagBag from /home/airflow/.local/lib/python3.12/site-packages/airflow/example_dags/example_complex.py
[2025-03-12T20:56:39.808+0000] {processor.py:925} INFO - DAG(s) 'example_complex' retrieved from /home/airflow/.local/lib/python3.12/site-packages/airflow/example_dags/example_complex.py
[2025-03-12T20:56:39.837+0000] {logging_mixin.py:190} INFO - [2025-03-12T20:56:39.837+0000] {dag.py:3239} INFO - Sync 1 DAGs
[2025-03-12T20:56:39.851+0000] {logging_mixin.py:190} INFO - [2025-03-12T20:56:39.851+0000] {dag.py:4180} INFO - Setting next_dagrun for example_complex to None, run_after=None
[2025-03-12T20:56:39.868+0000] {processor.py:208} INFO - Processing /home/airflow/.local/lib/python3.12/site-packages/airflow/example_dags/example_complex.py took 0.073 seconds
[2025-03-12T20:57:10.393+0000] {processor.py:186} INFO - Started process (PID=1392) to work on /home/airflow/.local/lib/python3.12/site-packages/airflow/example_dags/example_complex.py
[2025-03-12T20:57:10.394+0000] {processor.py:914} INFO - Processing file /home/airflow/.local/lib/python3.12/site-packages/airflow/example_dags/example_complex.py for tasks to queue
[2025-03-12T20:57:10.395+0000] {logging_mixin.py:190} INFO - [2025-03-12T20:57:10.395+0000] {dagbag.py:588} INFO - Filling up the DagBag from /home/airflow/.local/lib/python3.12/site-packages/airflow/example_dags/example_complex.py
[2025-03-12T20:57:10.402+0000] {processor.py:925} INFO - DAG(s) 'example_complex' retrieved from /home/airflow/.local/lib/python3.12/site-packages/airflow/example_dags/example_complex.py
[2025-03-12T20:57:10.425+0000] {logging_mixin.py:190} INFO - [2025-03-12T20:57:10.425+0000] {dag.py:3239} INFO - Sync 1 DAGs
[2025-03-12T20:57:10.435+0000] {logging_mixin.py:190} INFO - [2025-03-12T20:57:10.435+0000] {dag.py:4180} INFO - Setting next_dagrun for example_complex to None, run_after=None
[2025-03-12T20:57:10.450+0000] {processor.py:208} INFO - Processing /home/airflow/.local/lib/python3.12/site-packages/airflow/example_dags/example_complex.py took 0.061 seconds
[2025-03-12T20:57:41.177+0000] {processor.py:186} INFO - Started process (PID=1455) to work on /home/airflow/.local/lib/python3.12/site-packages/airflow/example_dags/example_complex.py
[2025-03-12T20:57:41.179+0000] {processor.py:914} INFO - Processing file /home/airflow/.local/lib/python3.12/site-packages/airflow/example_dags/example_complex.py for tasks to queue
[2025-03-12T20:57:41.180+0000] {logging_mixin.py:190} INFO - [2025-03-12T20:57:41.179+0000] {dagbag.py:588} INFO - Filling up the DagBag from /home/airflow/.local/lib/python3.12/site-packages/airflow/example_dags/example_complex.py
[2025-03-12T20:57:41.186+0000] {processor.py:925} INFO - DAG(s) 'example_complex' retrieved from /home/airflow/.local/lib/python3.12/site-packages/airflow/example_dags/example_complex.py
[2025-03-12T20:57:41.213+0000] {logging_mixin.py:190} INFO - [2025-03-12T20:57:41.213+0000] {dag.py:3239} INFO - Sync 1 DAGs
[2025-03-12T20:57:41.224+0000] {logging_mixin.py:190} INFO - [2025-03-12T20:57:41.224+0000] {dag.py:4180} INFO - Setting next_dagrun for example_complex to None, run_after=None
[2025-03-12T20:57:41.239+0000] {processor.py:208} INFO - Processing /home/airflow/.local/lib/python3.12/site-packages/airflow/example_dags/example_complex.py took 0.065 seconds
[2025-03-12T20:58:12.084+0000] {processor.py:186} INFO - Started process (PID=1518) to work on /home/airflow/.local/lib/python3.12/site-packages/airflow/example_dags/example_complex.py
[2025-03-12T20:58:12.085+0000] {processor.py:914} INFO - Processing file /home/airflow/.local/lib/python3.12/site-packages/airflow/example_dags/example_complex.py for tasks to queue
[2025-03-12T20:58:12.088+0000] {logging_mixin.py:190} INFO - [2025-03-12T20:58:12.087+0000] {dagbag.py:588} INFO - Filling up the DagBag from /home/airflow/.local/lib/python3.12/site-packages/airflow/example_dags/example_complex.py
[2025-03-12T20:58:12.102+0000] {processor.py:925} INFO - DAG(s) 'example_complex' retrieved from /home/airflow/.local/lib/python3.12/site-packages/airflow/example_dags/example_complex.py
[2025-03-12T20:58:12.133+0000] {logging_mixin.py:190} INFO - [2025-03-12T20:58:12.133+0000] {dag.py:3239} INFO - Sync 1 DAGs
[2025-03-12T20:58:12.147+0000] {logging_mixin.py:190} INFO - [2025-03-12T20:58:12.147+0000] {dag.py:4180} INFO - Setting next_dagrun for example_complex to None, run_after=None
[2025-03-12T20:58:12.169+0000] {processor.py:208} INFO - Processing /home/airflow/.local/lib/python3.12/site-packages/airflow/example_dags/example_complex.py took 0.092 seconds
[2025-03-12T20:58:43.239+0000] {processor.py:186} INFO - Started process (PID=1581) to work on /home/airflow/.local/lib/python3.12/site-packages/airflow/example_dags/example_complex.py
[2025-03-12T20:58:43.240+0000] {processor.py:914} INFO - Processing file /home/airflow/.local/lib/python3.12/site-packages/airflow/example_dags/example_complex.py for tasks to queue
[2025-03-12T20:58:43.241+0000] {logging_mixin.py:190} INFO - [2025-03-12T20:58:43.241+0000] {dagbag.py:588} INFO - Filling up the DagBag from /home/airflow/.local/lib/python3.12/site-packages/airflow/example_dags/example_complex.py
[2025-03-12T20:58:43.248+0000] {processor.py:925} INFO - DAG(s) 'example_complex' retrieved from /home/airflow/.local/lib/python3.12/site-packages/airflow/example_dags/example_complex.py
[2025-03-12T20:58:43.274+0000] {logging_mixin.py:190} INFO - [2025-03-12T20:58:43.274+0000] {dag.py:3239} INFO - Sync 1 DAGs
[2025-03-12T20:58:43.285+0000] {logging_mixin.py:190} INFO - [2025-03-12T20:58:43.285+0000] {dag.py:4180} INFO - Setting next_dagrun for example_complex to None, run_after=None
[2025-03-12T20:58:43.301+0000] {processor.py:208} INFO - Processing /home/airflow/.local/lib/python3.12/site-packages/airflow/example_dags/example_complex.py took 0.065 seconds
[2025-03-12T20:59:13.928+0000] {processor.py:186} INFO - Started process (PID=1644) to work on /home/airflow/.local/lib/python3.12/site-packages/airflow/example_dags/example_complex.py
[2025-03-12T20:59:13.929+0000] {processor.py:914} INFO - Processing file /home/airflow/.local/lib/python3.12/site-packages/airflow/example_dags/example_complex.py for tasks to queue
[2025-03-12T20:59:13.930+0000] {logging_mixin.py:190} INFO - [2025-03-12T20:59:13.930+0000] {dagbag.py:588} INFO - Filling up the DagBag from /home/airflow/.local/lib/python3.12/site-packages/airflow/example_dags/example_complex.py
[2025-03-12T20:59:13.936+0000] {processor.py:925} INFO - DAG(s) 'example_complex' retrieved from /home/airflow/.local/lib/python3.12/site-packages/airflow/example_dags/example_complex.py
[2025-03-12T20:59:13.958+0000] {logging_mixin.py:190} INFO - [2025-03-12T20:59:13.958+0000] {dag.py:3239} INFO - Sync 1 DAGs
[2025-03-12T20:59:13.966+0000] {logging_mixin.py:190} INFO - [2025-03-12T20:59:13.966+0000] {dag.py:4180} INFO - Setting next_dagrun for example_complex to None, run_after=None
[2025-03-12T20:59:13.979+0000] {processor.py:208} INFO - Processing /home/airflow/.local/lib/python3.12/site-packages/airflow/example_dags/example_complex.py took 0.056 seconds
[2025-03-12T20:59:44.657+0000] {processor.py:186} INFO - Started process (PID=1707) to work on /home/airflow/.local/lib/python3.12/site-packages/airflow/example_dags/example_complex.py
[2025-03-12T20:59:44.658+0000] {processor.py:914} INFO - Processing file /home/airflow/.local/lib/python3.12/site-packages/airflow/example_dags/example_complex.py for tasks to queue
[2025-03-12T20:59:44.659+0000] {logging_mixin.py:190} INFO - [2025-03-12T20:59:44.659+0000] {dagbag.py:588} INFO - Filling up the DagBag from /home/airflow/.local/lib/python3.12/site-packages/airflow/example_dags/example_complex.py
[2025-03-12T20:59:44.666+0000] {processor.py:925} INFO - DAG(s) 'example_complex' retrieved from /home/airflow/.local/lib/python3.12/site-packages/airflow/example_dags/example_complex.py
[2025-03-12T20:59:44.691+0000] {logging_mixin.py:190} INFO - [2025-03-12T20:59:44.690+0000] {dag.py:3239} INFO - Sync 1 DAGs
[2025-03-12T20:59:44.701+0000] {logging_mixin.py:190} INFO - [2025-03-12T20:59:44.701+0000] {dag.py:4180} INFO - Setting next_dagrun for example_complex to None, run_after=None
[2025-03-12T20:59:44.714+0000] {processor.py:208} INFO - Processing /home/airflow/.local/lib/python3.12/site-packages/airflow/example_dags/example_complex.py took 0.062 seconds
[2025-03-12T21:00:15.228+0000] {processor.py:186} INFO - Started process (PID=1770) to work on /home/airflow/.local/lib/python3.12/site-packages/airflow/example_dags/example_complex.py
[2025-03-12T21:00:15.230+0000] {processor.py:914} INFO - Processing file /home/airflow/.local/lib/python3.12/site-packages/airflow/example_dags/example_complex.py for tasks to queue
[2025-03-12T21:00:15.231+0000] {logging_mixin.py:190} INFO - [2025-03-12T21:00:15.231+0000] {dagbag.py:588} INFO - Filling up the DagBag from /home/airflow/.local/lib/python3.12/site-packages/airflow/example_dags/example_complex.py
[2025-03-12T21:00:15.239+0000] {processor.py:925} INFO - DAG(s) 'example_complex' retrieved from /home/airflow/.local/lib/python3.12/site-packages/airflow/example_dags/example_complex.py
[2025-03-12T21:00:15.262+0000] {logging_mixin.py:190} INFO - [2025-03-12T21:00:15.262+0000] {dag.py:3239} INFO - Sync 1 DAGs
[2025-03-12T21:00:15.274+0000] {logging_mixin.py:190} INFO - [2025-03-12T21:00:15.274+0000] {dag.py:4180} INFO - Setting next_dagrun for example_complex to None, run_after=None
[2025-03-12T21:00:15.290+0000] {processor.py:208} INFO - Processing /home/airflow/.local/lib/python3.12/site-packages/airflow/example_dags/example_complex.py took 0.067 seconds
[2025-03-12T21:00:46.100+0000] {processor.py:186} INFO - Started process (PID=1833) to work on /home/airflow/.local/lib/python3.12/site-packages/airflow/example_dags/example_complex.py
[2025-03-12T21:00:46.101+0000] {processor.py:914} INFO - Processing file /home/airflow/.local/lib/python3.12/site-packages/airflow/example_dags/example_complex.py for tasks to queue
[2025-03-12T21:00:46.102+0000] {logging_mixin.py:190} INFO - [2025-03-12T21:00:46.102+0000] {dagbag.py:588} INFO - Filling up the DagBag from /home/airflow/.local/lib/python3.12/site-packages/airflow/example_dags/example_complex.py
[2025-03-12T21:00:46.108+0000] {processor.py:925} INFO - DAG(s) 'example_complex' retrieved from /home/airflow/.local/lib/python3.12/site-packages/airflow/example_dags/example_complex.py
[2025-03-12T21:00:46.136+0000] {logging_mixin.py:190} INFO - [2025-03-12T21:00:46.136+0000] {dag.py:3239} INFO - Sync 1 DAGs
[2025-03-12T21:00:46.148+0000] {logging_mixin.py:190} INFO - [2025-03-12T21:00:46.147+0000] {dag.py:4180} INFO - Setting next_dagrun for example_complex to None, run_after=None
[2025-03-12T21:00:46.164+0000] {processor.py:208} INFO - Processing /home/airflow/.local/lib/python3.12/site-packages/airflow/example_dags/example_complex.py took 0.067 seconds
[2025-03-12T21:01:16.768+0000] {processor.py:186} INFO - Started process (PID=1896) to work on /home/airflow/.local/lib/python3.12/site-packages/airflow/example_dags/example_complex.py
[2025-03-12T21:01:16.768+0000] {processor.py:914} INFO - Processing file /home/airflow/.local/lib/python3.12/site-packages/airflow/example_dags/example_complex.py for tasks to queue
[2025-03-12T21:01:16.770+0000] {logging_mixin.py:190} INFO - [2025-03-12T21:01:16.770+0000] {dagbag.py:588} INFO - Filling up the DagBag from /home/airflow/.local/lib/python3.12/site-packages/airflow/example_dags/example_complex.py
[2025-03-12T21:01:16.780+0000] {processor.py:925} INFO - DAG(s) 'example_complex' retrieved from /home/airflow/.local/lib/python3.12/site-packages/airflow/example_dags/example_complex.py
[2025-03-12T21:01:16.815+0000] {logging_mixin.py:190} INFO - [2025-03-12T21:01:16.814+0000] {dag.py:3239} INFO - Sync 1 DAGs
[2025-03-12T21:01:16.832+0000] {logging_mixin.py:190} INFO - [2025-03-12T21:01:16.832+0000] {dag.py:4180} INFO - Setting next_dagrun for example_complex to None, run_after=None
[2025-03-12T21:01:16.852+0000] {processor.py:208} INFO - Processing /home/airflow/.local/lib/python3.12/site-packages/airflow/example_dags/example_complex.py took 0.089 seconds
[2025-03-12T21:01:47.906+0000] {processor.py:186} INFO - Started process (PID=1959) to work on /home/airflow/.local/lib/python3.12/site-packages/airflow/example_dags/example_complex.py
[2025-03-12T21:01:47.908+0000] {processor.py:914} INFO - Processing file /home/airflow/.local/lib/python3.12/site-packages/airflow/example_dags/example_complex.py for tasks to queue
[2025-03-12T21:01:47.912+0000] {logging_mixin.py:190} INFO - [2025-03-12T21:01:47.911+0000] {dagbag.py:588} INFO - Filling up the DagBag from /home/airflow/.local/lib/python3.12/site-packages/airflow/example_dags/example_complex.py
[2025-03-12T21:01:47.928+0000] {processor.py:925} INFO - DAG(s) 'example_complex' retrieved from /home/airflow/.local/lib/python3.12/site-packages/airflow/example_dags/example_complex.py
[2025-03-12T21:01:47.963+0000] {logging_mixin.py:190} INFO - [2025-03-12T21:01:47.962+0000] {dag.py:3239} INFO - Sync 1 DAGs
[2025-03-12T21:01:47.979+0000] {logging_mixin.py:190} INFO - [2025-03-12T21:01:47.979+0000] {dag.py:4180} INFO - Setting next_dagrun for example_complex to None, run_after=None
[2025-03-12T21:01:48.002+0000] {processor.py:208} INFO - Processing /home/airflow/.local/lib/python3.12/site-packages/airflow/example_dags/example_complex.py took 0.103 seconds
[2025-03-12T21:02:18.545+0000] {processor.py:186} INFO - Started process (PID=2022) to work on /home/airflow/.local/lib/python3.12/site-packages/airflow/example_dags/example_complex.py
[2025-03-12T21:02:18.546+0000] {processor.py:914} INFO - Processing file /home/airflow/.local/lib/python3.12/site-packages/airflow/example_dags/example_complex.py for tasks to queue
[2025-03-12T21:02:18.549+0000] {logging_mixin.py:190} INFO - [2025-03-12T21:02:18.548+0000] {dagbag.py:588} INFO - Filling up the DagBag from /home/airflow/.local/lib/python3.12/site-packages/airflow/example_dags/example_complex.py
[2025-03-12T21:02:18.559+0000] {processor.py:925} INFO - DAG(s) 'example_complex' retrieved from /home/airflow/.local/lib/python3.12/site-packages/airflow/example_dags/example_complex.py
[2025-03-12T21:02:18.589+0000] {logging_mixin.py:190} INFO - [2025-03-12T21:02:18.589+0000] {dag.py:3239} INFO - Sync 1 DAGs
[2025-03-12T21:02:18.605+0000] {logging_mixin.py:190} INFO - [2025-03-12T21:02:18.605+0000] {dag.py:4180} INFO - Setting next_dagrun for example_complex to None, run_after=None
[2025-03-12T21:02:18.628+0000] {processor.py:208} INFO - Processing /home/airflow/.local/lib/python3.12/site-packages/airflow/example_dags/example_complex.py took 0.087 seconds
[2025-03-12T21:02:48.849+0000] {processor.py:186} INFO - Started process (PID=2085) to work on /home/airflow/.local/lib/python3.12/site-packages/airflow/example_dags/example_complex.py
[2025-03-12T21:02:48.850+0000] {processor.py:914} INFO - Processing file /home/airflow/.local/lib/python3.12/site-packages/airflow/example_dags/example_complex.py for tasks to queue
[2025-03-12T21:02:48.852+0000] {logging_mixin.py:190} INFO - [2025-03-12T21:02:48.852+0000] {dagbag.py:588} INFO - Filling up the DagBag from /home/airflow/.local/lib/python3.12/site-packages/airflow/example_dags/example_complex.py
[2025-03-12T21:02:48.862+0000] {processor.py:925} INFO - DAG(s) 'example_complex' retrieved from /home/airflow/.local/lib/python3.12/site-packages/airflow/example_dags/example_complex.py
[2025-03-12T21:02:48.894+0000] {logging_mixin.py:190} INFO - [2025-03-12T21:02:48.894+0000] {dag.py:3239} INFO - Sync 1 DAGs
[2025-03-12T21:02:48.910+0000] {logging_mixin.py:190} INFO - [2025-03-12T21:02:48.910+0000] {dag.py:4180} INFO - Setting next_dagrun for example_complex to None, run_after=None
[2025-03-12T21:02:48.945+0000] {processor.py:208} INFO - Processing /home/airflow/.local/lib/python3.12/site-packages/airflow/example_dags/example_complex.py took 0.101 seconds
[2025-03-12T21:03:19.288+0000] {processor.py:186} INFO - Started process (PID=2147) to work on /home/airflow/.local/lib/python3.12/site-packages/airflow/example_dags/example_complex.py
[2025-03-12T21:03:19.289+0000] {processor.py:914} INFO - Processing file /home/airflow/.local/lib/python3.12/site-packages/airflow/example_dags/example_complex.py for tasks to queue
[2025-03-12T21:03:19.290+0000] {logging_mixin.py:190} INFO - [2025-03-12T21:03:19.290+0000] {dagbag.py:588} INFO - Filling up the DagBag from /home/airflow/.local/lib/python3.12/site-packages/airflow/example_dags/example_complex.py
[2025-03-12T21:03:19.296+0000] {processor.py:925} INFO - DAG(s) 'example_complex' retrieved from /home/airflow/.local/lib/python3.12/site-packages/airflow/example_dags/example_complex.py
[2025-03-12T21:03:19.318+0000] {logging_mixin.py:190} INFO - [2025-03-12T21:03:19.317+0000] {dag.py:3239} INFO - Sync 1 DAGs
[2025-03-12T21:03:19.330+0000] {logging_mixin.py:190} INFO - [2025-03-12T21:03:19.330+0000] {dag.py:4180} INFO - Setting next_dagrun for example_complex to None, run_after=None
[2025-03-12T21:03:19.346+0000] {processor.py:208} INFO - Processing /home/airflow/.local/lib/python3.12/site-packages/airflow/example_dags/example_complex.py took 0.061 seconds
[2025-03-12T21:03:49.598+0000] {processor.py:186} INFO - Started process (PID=2210) to work on /home/airflow/.local/lib/python3.12/site-packages/airflow/example_dags/example_complex.py
[2025-03-12T21:03:49.599+0000] {processor.py:914} INFO - Processing file /home/airflow/.local/lib/python3.12/site-packages/airflow/example_dags/example_complex.py for tasks to queue
[2025-03-12T21:03:49.601+0000] {logging_mixin.py:190} INFO - [2025-03-12T21:03:49.601+0000] {dagbag.py:588} INFO - Filling up the DagBag from /home/airflow/.local/lib/python3.12/site-packages/airflow/example_dags/example_complex.py
[2025-03-12T21:03:49.611+0000] {processor.py:925} INFO - DAG(s) 'example_complex' retrieved from /home/airflow/.local/lib/python3.12/site-packages/airflow/example_dags/example_complex.py
[2025-03-12T21:03:49.632+0000] {logging_mixin.py:190} INFO - [2025-03-12T21:03:49.632+0000] {dag.py:3239} INFO - Sync 1 DAGs
[2025-03-12T21:03:49.639+0000] {logging_mixin.py:190} INFO - [2025-03-12T21:03:49.639+0000] {dag.py:4180} INFO - Setting next_dagrun for example_complex to None, run_after=None
[2025-03-12T21:03:49.654+0000] {processor.py:208} INFO - Processing /home/airflow/.local/lib/python3.12/site-packages/airflow/example_dags/example_complex.py took 0.062 seconds
[2025-03-12T21:04:19.786+0000] {processor.py:186} INFO - Started process (PID=2273) to work on /home/airflow/.local/lib/python3.12/site-packages/airflow/example_dags/example_complex.py
[2025-03-12T21:04:19.786+0000] {processor.py:914} INFO - Processing file /home/airflow/.local/lib/python3.12/site-packages/airflow/example_dags/example_complex.py for tasks to queue
[2025-03-12T21:04:19.788+0000] {logging_mixin.py:190} INFO - [2025-03-12T21:04:19.788+0000] {dagbag.py:588} INFO - Filling up the DagBag from /home/airflow/.local/lib/python3.12/site-packages/airflow/example_dags/example_complex.py
[2025-03-12T21:04:19.803+0000] {processor.py:925} INFO - DAG(s) 'example_complex' retrieved from /home/airflow/.local/lib/python3.12/site-packages/airflow/example_dags/example_complex.py
[2025-03-12T21:04:19.834+0000] {logging_mixin.py:190} INFO - [2025-03-12T21:04:19.833+0000] {dag.py:3239} INFO - Sync 1 DAGs
[2025-03-12T21:04:19.844+0000] {logging_mixin.py:190} INFO - [2025-03-12T21:04:19.844+0000] {dag.py:4180} INFO - Setting next_dagrun for example_complex to None, run_after=None
[2025-03-12T21:04:19.865+0000] {processor.py:208} INFO - Processing /home/airflow/.local/lib/python3.12/site-packages/airflow/example_dags/example_complex.py took 0.085 seconds
[2025-03-12T21:04:50.826+0000] {processor.py:186} INFO - Started process (PID=2336) to work on /home/airflow/.local/lib/python3.12/site-packages/airflow/example_dags/example_complex.py
[2025-03-12T21:04:50.826+0000] {processor.py:914} INFO - Processing file /home/airflow/.local/lib/python3.12/site-packages/airflow/example_dags/example_complex.py for tasks to queue
[2025-03-12T21:04:50.828+0000] {logging_mixin.py:190} INFO - [2025-03-12T21:04:50.827+0000] {dagbag.py:588} INFO - Filling up the DagBag from /home/airflow/.local/lib/python3.12/site-packages/airflow/example_dags/example_complex.py
[2025-03-12T21:04:50.835+0000] {processor.py:925} INFO - DAG(s) 'example_complex' retrieved from /home/airflow/.local/lib/python3.12/site-packages/airflow/example_dags/example_complex.py
[2025-03-12T21:04:50.858+0000] {logging_mixin.py:190} INFO - [2025-03-12T21:04:50.858+0000] {dag.py:3239} INFO - Sync 1 DAGs
[2025-03-12T21:04:50.869+0000] {logging_mixin.py:190} INFO - [2025-03-12T21:04:50.869+0000] {dag.py:4180} INFO - Setting next_dagrun for example_complex to None, run_after=None
[2025-03-12T21:04:50.885+0000] {processor.py:208} INFO - Processing /home/airflow/.local/lib/python3.12/site-packages/airflow/example_dags/example_complex.py took 0.064 seconds
[2025-03-12T21:05:21.426+0000] {processor.py:186} INFO - Started process (PID=2399) to work on /home/airflow/.local/lib/python3.12/site-packages/airflow/example_dags/example_complex.py
[2025-03-12T21:05:21.428+0000] {processor.py:914} INFO - Processing file /home/airflow/.local/lib/python3.12/site-packages/airflow/example_dags/example_complex.py for tasks to queue
[2025-03-12T21:05:21.430+0000] {logging_mixin.py:190} INFO - [2025-03-12T21:05:21.430+0000] {dagbag.py:588} INFO - Filling up the DagBag from /home/airflow/.local/lib/python3.12/site-packages/airflow/example_dags/example_complex.py
[2025-03-12T21:05:21.440+0000] {processor.py:925} INFO - DAG(s) 'example_complex' retrieved from /home/airflow/.local/lib/python3.12/site-packages/airflow/example_dags/example_complex.py
[2025-03-12T21:05:21.468+0000] {logging_mixin.py:190} INFO - [2025-03-12T21:05:21.468+0000] {dag.py:3239} INFO - Sync 1 DAGs
[2025-03-12T21:05:21.483+0000] {logging_mixin.py:190} INFO - [2025-03-12T21:05:21.483+0000] {dag.py:4180} INFO - Setting next_dagrun for example_complex to None, run_after=None
[2025-03-12T21:05:21.501+0000] {processor.py:208} INFO - Processing /home/airflow/.local/lib/python3.12/site-packages/airflow/example_dags/example_complex.py took 0.081 seconds
[2025-03-12T21:05:51.608+0000] {processor.py:186} INFO - Started process (PID=2461) to work on /home/airflow/.local/lib/python3.12/site-packages/airflow/example_dags/example_complex.py
[2025-03-12T21:05:51.609+0000] {processor.py:914} INFO - Processing file /home/airflow/.local/lib/python3.12/site-packages/airflow/example_dags/example_complex.py for tasks to queue
[2025-03-12T21:05:51.610+0000] {logging_mixin.py:190} INFO - [2025-03-12T21:05:51.610+0000] {dagbag.py:588} INFO - Filling up the DagBag from /home/airflow/.local/lib/python3.12/site-packages/airflow/example_dags/example_complex.py
[2025-03-12T21:05:51.616+0000] {processor.py:925} INFO - DAG(s) 'example_complex' retrieved from /home/airflow/.local/lib/python3.12/site-packages/airflow/example_dags/example_complex.py
[2025-03-12T21:05:51.635+0000] {logging_mixin.py:190} INFO - [2025-03-12T21:05:51.634+0000] {dag.py:3239} INFO - Sync 1 DAGs
[2025-03-12T21:05:51.642+0000] {logging_mixin.py:190} INFO - [2025-03-12T21:05:51.642+0000] {dag.py:4180} INFO - Setting next_dagrun for example_complex to None, run_after=None
[2025-03-12T21:05:51.653+0000] {processor.py:208} INFO - Processing /home/airflow/.local/lib/python3.12/site-packages/airflow/example_dags/example_complex.py took 0.049 seconds
[2025-03-12T21:06:22.594+0000] {processor.py:186} INFO - Started process (PID=2525) to work on /home/airflow/.local/lib/python3.12/site-packages/airflow/example_dags/example_complex.py
[2025-03-12T21:06:22.595+0000] {processor.py:914} INFO - Processing file /home/airflow/.local/lib/python3.12/site-packages/airflow/example_dags/example_complex.py for tasks to queue
[2025-03-12T21:06:22.597+0000] {logging_mixin.py:190} INFO - [2025-03-12T21:06:22.597+0000] {dagbag.py:588} INFO - Filling up the DagBag from /home/airflow/.local/lib/python3.12/site-packages/airflow/example_dags/example_complex.py
[2025-03-12T21:06:22.606+0000] {processor.py:925} INFO - DAG(s) 'example_complex' retrieved from /home/airflow/.local/lib/python3.12/site-packages/airflow/example_dags/example_complex.py
[2025-03-12T21:06:22.635+0000] {logging_mixin.py:190} INFO - [2025-03-12T21:06:22.634+0000] {dag.py:3239} INFO - Sync 1 DAGs
[2025-03-12T21:06:22.647+0000] {logging_mixin.py:190} INFO - [2025-03-12T21:06:22.647+0000] {dag.py:4180} INFO - Setting next_dagrun for example_complex to None, run_after=None
[2025-03-12T21:06:22.663+0000] {processor.py:208} INFO - Processing /home/airflow/.local/lib/python3.12/site-packages/airflow/example_dags/example_complex.py took 0.074 seconds
[2025-03-12T21:06:53.285+0000] {processor.py:186} INFO - Started process (PID=2588) to work on /home/airflow/.local/lib/python3.12/site-packages/airflow/example_dags/example_complex.py
[2025-03-12T21:06:53.286+0000] {processor.py:914} INFO - Processing file /home/airflow/.local/lib/python3.12/site-packages/airflow/example_dags/example_complex.py for tasks to queue
[2025-03-12T21:06:53.288+0000] {logging_mixin.py:190} INFO - [2025-03-12T21:06:53.288+0000] {dagbag.py:588} INFO - Filling up the DagBag from /home/airflow/.local/lib/python3.12/site-packages/airflow/example_dags/example_complex.py
[2025-03-12T21:06:53.297+0000] {processor.py:925} INFO - DAG(s) 'example_complex' retrieved from /home/airflow/.local/lib/python3.12/site-packages/airflow/example_dags/example_complex.py
[2025-03-12T21:06:53.328+0000] {logging_mixin.py:190} INFO - [2025-03-12T21:06:53.327+0000] {dag.py:3239} INFO - Sync 1 DAGs
[2025-03-12T21:06:53.342+0000] {logging_mixin.py:190} INFO - [2025-03-12T21:06:53.342+0000] {dag.py:4180} INFO - Setting next_dagrun for example_complex to None, run_after=None
[2025-03-12T21:06:53.362+0000] {processor.py:208} INFO - Processing /home/airflow/.local/lib/python3.12/site-packages/airflow/example_dags/example_complex.py took 0.082 seconds
[2025-03-12T21:07:24.303+0000] {processor.py:186} INFO - Started process (PID=2651) to work on /home/airflow/.local/lib/python3.12/site-packages/airflow/example_dags/example_complex.py
[2025-03-12T21:07:24.304+0000] {processor.py:914} INFO - Processing file /home/airflow/.local/lib/python3.12/site-packages/airflow/example_dags/example_complex.py for tasks to queue
[2025-03-12T21:07:24.306+0000] {logging_mixin.py:190} INFO - [2025-03-12T21:07:24.306+0000] {dagbag.py:588} INFO - Filling up the DagBag from /home/airflow/.local/lib/python3.12/site-packages/airflow/example_dags/example_complex.py
[2025-03-12T21:07:24.315+0000] {processor.py:925} INFO - DAG(s) 'example_complex' retrieved from /home/airflow/.local/lib/python3.12/site-packages/airflow/example_dags/example_complex.py
[2025-03-12T21:07:24.339+0000] {logging_mixin.py:190} INFO - [2025-03-12T21:07:24.339+0000] {dag.py:3239} INFO - Sync 1 DAGs
[2025-03-12T21:07:24.351+0000] {logging_mixin.py:190} INFO - [2025-03-12T21:07:24.351+0000] {dag.py:4180} INFO - Setting next_dagrun for example_complex to None, run_after=None
[2025-03-12T21:07:24.368+0000] {processor.py:208} INFO - Processing /home/airflow/.local/lib/python3.12/site-packages/airflow/example_dags/example_complex.py took 0.069 seconds
[2025-03-12T21:07:54.716+0000] {processor.py:186} INFO - Started process (PID=2713) to work on /home/airflow/.local/lib/python3.12/site-packages/airflow/example_dags/example_complex.py
[2025-03-12T21:07:54.716+0000] {processor.py:914} INFO - Processing file /home/airflow/.local/lib/python3.12/site-packages/airflow/example_dags/example_complex.py for tasks to queue
[2025-03-12T21:07:54.718+0000] {logging_mixin.py:190} INFO - [2025-03-12T21:07:54.718+0000] {dagbag.py:588} INFO - Filling up the DagBag from /home/airflow/.local/lib/python3.12/site-packages/airflow/example_dags/example_complex.py
[2025-03-12T21:07:54.727+0000] {processor.py:925} INFO - DAG(s) 'example_complex' retrieved from /home/airflow/.local/lib/python3.12/site-packages/airflow/example_dags/example_complex.py
[2025-03-12T21:07:54.747+0000] {logging_mixin.py:190} INFO - [2025-03-12T21:07:54.747+0000] {dag.py:3239} INFO - Sync 1 DAGs
[2025-03-12T21:07:54.758+0000] {logging_mixin.py:190} INFO - [2025-03-12T21:07:54.758+0000] {dag.py:4180} INFO - Setting next_dagrun for example_complex to None, run_after=None
[2025-03-12T21:07:54.771+0000] {processor.py:208} INFO - Processing /home/airflow/.local/lib/python3.12/site-packages/airflow/example_dags/example_complex.py took 0.060 seconds
[2025-03-12T21:08:25.075+0000] {processor.py:186} INFO - Started process (PID=2776) to work on /home/airflow/.local/lib/python3.12/site-packages/airflow/example_dags/example_complex.py
[2025-03-12T21:08:25.077+0000] {processor.py:914} INFO - Processing file /home/airflow/.local/lib/python3.12/site-packages/airflow/example_dags/example_complex.py for tasks to queue
[2025-03-12T21:08:25.079+0000] {logging_mixin.py:190} INFO - [2025-03-12T21:08:25.079+0000] {dagbag.py:588} INFO - Filling up the DagBag from /home/airflow/.local/lib/python3.12/site-packages/airflow/example_dags/example_complex.py
[2025-03-12T21:08:25.088+0000] {processor.py:925} INFO - DAG(s) 'example_complex' retrieved from /home/airflow/.local/lib/python3.12/site-packages/airflow/example_dags/example_complex.py
[2025-03-12T21:08:25.108+0000] {logging_mixin.py:190} INFO - [2025-03-12T21:08:25.108+0000] {dag.py:3239} INFO - Sync 1 DAGs
[2025-03-12T21:08:25.120+0000] {logging_mixin.py:190} INFO - [2025-03-12T21:08:25.120+0000] {dag.py:4180} INFO - Setting next_dagrun for example_complex to None, run_after=None
[2025-03-12T21:08:25.133+0000] {processor.py:208} INFO - Processing /home/airflow/.local/lib/python3.12/site-packages/airflow/example_dags/example_complex.py took 0.063 seconds
