[2025-03-12T20:46:24.890+0000] {processor.py:186} INFO - Started process (PID=71) to work on /home/airflow/.local/lib/python3.12/site-packages/airflow/example_dags/example_branch_python_dop_operator_3.py
[2025-03-12T20:46:24.890+0000] {processor.py:914} INFO - Processing file /home/airflow/.local/lib/python3.12/site-packages/airflow/example_dags/example_branch_python_dop_operator_3.py for tasks to queue
[2025-03-12T20:46:24.892+0000] {logging_mixin.py:190} INFO - [2025-03-12T20:46:24.892+0000] {dagbag.py:588} INFO - Filling up the DagBag from /home/airflow/.local/lib/python3.12/site-packages/airflow/example_dags/example_branch_python_dop_operator_3.py
[2025-03-12T20:46:24.900+0000] {processor.py:925} INFO - DAG(s) 'example_branch_dop_operator_v3' retrieved from /home/airflow/.local/lib/python3.12/site-packages/airflow/example_dags/example_branch_python_dop_operator_3.py
[2025-03-12T20:46:24.974+0000] {logging_mixin.py:190} INFO - [2025-03-12T20:46:24.973+0000] {override.py:1912} INFO - Created Permission View: can edit on DAG:example_branch_dop_operator_v3
[2025-03-12T20:46:24.989+0000] {logging_mixin.py:190} INFO - [2025-03-12T20:46:24.989+0000] {override.py:1912} INFO - Created Permission View: can read on DAG:example_branch_dop_operator_v3
[2025-03-12T20:46:24.997+0000] {logging_mixin.py:190} INFO - [2025-03-12T20:46:24.997+0000] {override.py:1912} INFO - Created Permission View: can delete on DAG:example_branch_dop_operator_v3
[2025-03-12T20:46:25.008+0000] {logging_mixin.py:190} INFO - [2025-03-12T20:46:25.008+0000] {override.py:1912} INFO - Created Permission View: menu access on DAG Run:example_branch_dop_operator_v3
[2025-03-12T20:46:25.015+0000] {logging_mixin.py:190} INFO - [2025-03-12T20:46:25.014+0000] {override.py:1912} INFO - Created Permission View: can create on DAG Run:example_branch_dop_operator_v3
[2025-03-12T20:46:25.021+0000] {logging_mixin.py:190} INFO - [2025-03-12T20:46:25.021+0000] {override.py:1912} INFO - Created Permission View: can read on DAG Run:example_branch_dop_operator_v3
[2025-03-12T20:46:25.028+0000] {logging_mixin.py:190} INFO - [2025-03-12T20:46:25.028+0000] {override.py:1912} INFO - Created Permission View: can delete on DAG Run:example_branch_dop_operator_v3
[2025-03-12T20:46:25.028+0000] {logging_mixin.py:190} INFO - [2025-03-12T20:46:25.028+0000] {dag.py:3239} INFO - Sync 1 DAGs
[2025-03-12T20:46:25.041+0000] {logging_mixin.py:190} INFO - [2025-03-12T20:46:25.041+0000] {dag.py:3262} INFO - Creating ORM DAG for example_branch_dop_operator_v3
[2025-03-12T20:46:25.057+0000] {logging_mixin.py:190} INFO - [2025-03-12T20:46:25.056+0000] {dag.py:4180} INFO - Setting next_dagrun for example_branch_dop_operator_v3 to 2025-03-12 20:45:00+00:00, run_after=2025-03-12 20:46:00+00:00
[2025-03-12T20:46:25.073+0000] {processor.py:208} INFO - Processing /home/airflow/.local/lib/python3.12/site-packages/airflow/example_dags/example_branch_python_dop_operator_3.py took 0.188 seconds
[2025-03-12T20:46:55.249+0000] {processor.py:186} INFO - Started process (PID=134) to work on /home/airflow/.local/lib/python3.12/site-packages/airflow/example_dags/example_branch_python_dop_operator_3.py
[2025-03-12T20:46:55.251+0000] {processor.py:914} INFO - Processing file /home/airflow/.local/lib/python3.12/site-packages/airflow/example_dags/example_branch_python_dop_operator_3.py for tasks to queue
[2025-03-12T20:46:55.253+0000] {logging_mixin.py:190} INFO - [2025-03-12T20:46:55.252+0000] {dagbag.py:588} INFO - Filling up the DagBag from /home/airflow/.local/lib/python3.12/site-packages/airflow/example_dags/example_branch_python_dop_operator_3.py
[2025-03-12T20:46:55.264+0000] {processor.py:925} INFO - DAG(s) 'example_branch_dop_operator_v3' retrieved from /home/airflow/.local/lib/python3.12/site-packages/airflow/example_dags/example_branch_python_dop_operator_3.py
[2025-03-12T20:46:55.285+0000] {logging_mixin.py:190} INFO - [2025-03-12T20:46:55.285+0000] {dag.py:3239} INFO - Sync 1 DAGs
[2025-03-12T20:46:55.316+0000] {logging_mixin.py:190} INFO - [2025-03-12T20:46:55.315+0000] {dag.py:4180} INFO - Setting next_dagrun for example_branch_dop_operator_v3 to 2025-03-12 20:45:00+00:00, run_after=2025-03-12 20:46:00+00:00
[2025-03-12T20:46:55.338+0000] {processor.py:208} INFO - Processing /home/airflow/.local/lib/python3.12/site-packages/airflow/example_dags/example_branch_python_dop_operator_3.py took 0.094 seconds
[2025-03-12T20:47:26.044+0000] {processor.py:186} INFO - Started process (PID=197) to work on /home/airflow/.local/lib/python3.12/site-packages/airflow/example_dags/example_branch_python_dop_operator_3.py
[2025-03-12T20:47:26.046+0000] {processor.py:914} INFO - Processing file /home/airflow/.local/lib/python3.12/site-packages/airflow/example_dags/example_branch_python_dop_operator_3.py for tasks to queue
[2025-03-12T20:47:26.047+0000] {logging_mixin.py:190} INFO - [2025-03-12T20:47:26.047+0000] {dagbag.py:588} INFO - Filling up the DagBag from /home/airflow/.local/lib/python3.12/site-packages/airflow/example_dags/example_branch_python_dop_operator_3.py
[2025-03-12T20:47:26.055+0000] {processor.py:925} INFO - DAG(s) 'example_branch_dop_operator_v3' retrieved from /home/airflow/.local/lib/python3.12/site-packages/airflow/example_dags/example_branch_python_dop_operator_3.py
[2025-03-12T20:47:26.073+0000] {logging_mixin.py:190} INFO - [2025-03-12T20:47:26.073+0000] {dag.py:3239} INFO - Sync 1 DAGs
[2025-03-12T20:47:26.097+0000] {logging_mixin.py:190} INFO - [2025-03-12T20:47:26.096+0000] {dag.py:4180} INFO - Setting next_dagrun for example_branch_dop_operator_v3 to 2025-03-12 20:46:00+00:00, run_after=2025-03-12 20:47:00+00:00
[2025-03-12T20:47:26.117+0000] {processor.py:208} INFO - Processing /home/airflow/.local/lib/python3.12/site-packages/airflow/example_dags/example_branch_python_dop_operator_3.py took 0.076 seconds
[2025-03-12T20:47:56.655+0000] {processor.py:186} INFO - Started process (PID=259) to work on /home/airflow/.local/lib/python3.12/site-packages/airflow/example_dags/example_branch_python_dop_operator_3.py
[2025-03-12T20:47:56.656+0000] {processor.py:914} INFO - Processing file /home/airflow/.local/lib/python3.12/site-packages/airflow/example_dags/example_branch_python_dop_operator_3.py for tasks to queue
[2025-03-12T20:47:56.658+0000] {logging_mixin.py:190} INFO - [2025-03-12T20:47:56.657+0000] {dagbag.py:588} INFO - Filling up the DagBag from /home/airflow/.local/lib/python3.12/site-packages/airflow/example_dags/example_branch_python_dop_operator_3.py
[2025-03-12T20:47:56.667+0000] {processor.py:925} INFO - DAG(s) 'example_branch_dop_operator_v3' retrieved from /home/airflow/.local/lib/python3.12/site-packages/airflow/example_dags/example_branch_python_dop_operator_3.py
[2025-03-12T20:47:56.684+0000] {logging_mixin.py:190} INFO - [2025-03-12T20:47:56.684+0000] {dag.py:3239} INFO - Sync 1 DAGs
[2025-03-12T20:47:56.707+0000] {logging_mixin.py:190} INFO - [2025-03-12T20:47:56.707+0000] {dag.py:4180} INFO - Setting next_dagrun for example_branch_dop_operator_v3 to 2025-03-12 20:46:00+00:00, run_after=2025-03-12 20:47:00+00:00
[2025-03-12T20:47:56.723+0000] {processor.py:208} INFO - Processing /home/airflow/.local/lib/python3.12/site-packages/airflow/example_dags/example_branch_python_dop_operator_3.py took 0.074 seconds
[2025-03-12T20:48:27.509+0000] {processor.py:186} INFO - Started process (PID=322) to work on /home/airflow/.local/lib/python3.12/site-packages/airflow/example_dags/example_branch_python_dop_operator_3.py
[2025-03-12T20:48:27.510+0000] {processor.py:914} INFO - Processing file /home/airflow/.local/lib/python3.12/site-packages/airflow/example_dags/example_branch_python_dop_operator_3.py for tasks to queue
[2025-03-12T20:48:27.511+0000] {logging_mixin.py:190} INFO - [2025-03-12T20:48:27.511+0000] {dagbag.py:588} INFO - Filling up the DagBag from /home/airflow/.local/lib/python3.12/site-packages/airflow/example_dags/example_branch_python_dop_operator_3.py
[2025-03-12T20:48:27.519+0000] {processor.py:925} INFO - DAG(s) 'example_branch_dop_operator_v3' retrieved from /home/airflow/.local/lib/python3.12/site-packages/airflow/example_dags/example_branch_python_dop_operator_3.py
[2025-03-12T20:48:27.533+0000] {logging_mixin.py:190} INFO - [2025-03-12T20:48:27.533+0000] {dag.py:3239} INFO - Sync 1 DAGs
[2025-03-12T20:48:27.554+0000] {logging_mixin.py:190} INFO - [2025-03-12T20:48:27.554+0000] {dag.py:4180} INFO - Setting next_dagrun for example_branch_dop_operator_v3 to 2025-03-12 20:47:00+00:00, run_after=2025-03-12 20:48:00+00:00
[2025-03-12T20:48:27.568+0000] {processor.py:208} INFO - Processing /home/airflow/.local/lib/python3.12/site-packages/airflow/example_dags/example_branch_python_dop_operator_3.py took 0.064 seconds
[2025-03-12T20:48:58.835+0000] {processor.py:186} INFO - Started process (PID=385) to work on /home/airflow/.local/lib/python3.12/site-packages/airflow/example_dags/example_branch_python_dop_operator_3.py
[2025-03-12T20:48:58.836+0000] {processor.py:914} INFO - Processing file /home/airflow/.local/lib/python3.12/site-packages/airflow/example_dags/example_branch_python_dop_operator_3.py for tasks to queue
[2025-03-12T20:48:58.837+0000] {logging_mixin.py:190} INFO - [2025-03-12T20:48:58.837+0000] {dagbag.py:588} INFO - Filling up the DagBag from /home/airflow/.local/lib/python3.12/site-packages/airflow/example_dags/example_branch_python_dop_operator_3.py
[2025-03-12T20:48:58.847+0000] {processor.py:925} INFO - DAG(s) 'example_branch_dop_operator_v3' retrieved from /home/airflow/.local/lib/python3.12/site-packages/airflow/example_dags/example_branch_python_dop_operator_3.py
[2025-03-12T20:48:58.866+0000] {logging_mixin.py:190} INFO - [2025-03-12T20:48:58.866+0000] {dag.py:3239} INFO - Sync 1 DAGs
[2025-03-12T20:48:58.887+0000] {logging_mixin.py:190} INFO - [2025-03-12T20:48:58.887+0000] {dag.py:4180} INFO - Setting next_dagrun for example_branch_dop_operator_v3 to 2025-03-12 20:47:00+00:00, run_after=2025-03-12 20:48:00+00:00
[2025-03-12T20:48:58.906+0000] {processor.py:208} INFO - Processing /home/airflow/.local/lib/python3.12/site-packages/airflow/example_dags/example_branch_python_dop_operator_3.py took 0.076 seconds
[2025-03-12T20:49:29.686+0000] {processor.py:186} INFO - Started process (PID=448) to work on /home/airflow/.local/lib/python3.12/site-packages/airflow/example_dags/example_branch_python_dop_operator_3.py
[2025-03-12T20:49:29.687+0000] {processor.py:914} INFO - Processing file /home/airflow/.local/lib/python3.12/site-packages/airflow/example_dags/example_branch_python_dop_operator_3.py for tasks to queue
[2025-03-12T20:49:29.689+0000] {logging_mixin.py:190} INFO - [2025-03-12T20:49:29.689+0000] {dagbag.py:588} INFO - Filling up the DagBag from /home/airflow/.local/lib/python3.12/site-packages/airflow/example_dags/example_branch_python_dop_operator_3.py
[2025-03-12T20:49:29.699+0000] {processor.py:925} INFO - DAG(s) 'example_branch_dop_operator_v3' retrieved from /home/airflow/.local/lib/python3.12/site-packages/airflow/example_dags/example_branch_python_dop_operator_3.py
[2025-03-12T20:49:29.717+0000] {logging_mixin.py:190} INFO - [2025-03-12T20:49:29.717+0000] {dag.py:3239} INFO - Sync 1 DAGs
[2025-03-12T20:49:29.740+0000] {logging_mixin.py:190} INFO - [2025-03-12T20:49:29.740+0000] {dag.py:4180} INFO - Setting next_dagrun for example_branch_dop_operator_v3 to 2025-03-12 20:48:00+00:00, run_after=2025-03-12 20:49:00+00:00
[2025-03-12T20:49:29.756+0000] {processor.py:208} INFO - Processing /home/airflow/.local/lib/python3.12/site-packages/airflow/example_dags/example_branch_python_dop_operator_3.py took 0.075 seconds
[2025-03-12T20:50:00.292+0000] {processor.py:186} INFO - Started process (PID=511) to work on /home/airflow/.local/lib/python3.12/site-packages/airflow/example_dags/example_branch_python_dop_operator_3.py
[2025-03-12T20:50:00.293+0000] {processor.py:914} INFO - Processing file /home/airflow/.local/lib/python3.12/site-packages/airflow/example_dags/example_branch_python_dop_operator_3.py for tasks to queue
[2025-03-12T20:50:00.294+0000] {logging_mixin.py:190} INFO - [2025-03-12T20:50:00.294+0000] {dagbag.py:588} INFO - Filling up the DagBag from /home/airflow/.local/lib/python3.12/site-packages/airflow/example_dags/example_branch_python_dop_operator_3.py
[2025-03-12T20:50:00.300+0000] {processor.py:925} INFO - DAG(s) 'example_branch_dop_operator_v3' retrieved from /home/airflow/.local/lib/python3.12/site-packages/airflow/example_dags/example_branch_python_dop_operator_3.py
[2025-03-12T20:50:00.315+0000] {logging_mixin.py:190} INFO - [2025-03-12T20:50:00.314+0000] {dag.py:3239} INFO - Sync 1 DAGs
[2025-03-12T20:50:00.332+0000] {logging_mixin.py:190} INFO - [2025-03-12T20:50:00.332+0000] {dag.py:4180} INFO - Setting next_dagrun for example_branch_dop_operator_v3 to 2025-03-12 20:49:00+00:00, run_after=2025-03-12 20:50:00+00:00
[2025-03-12T20:50:00.346+0000] {processor.py:208} INFO - Processing /home/airflow/.local/lib/python3.12/site-packages/airflow/example_dags/example_branch_python_dop_operator_3.py took 0.058 seconds
[2025-03-12T20:50:31.011+0000] {processor.py:186} INFO - Started process (PID=574) to work on /home/airflow/.local/lib/python3.12/site-packages/airflow/example_dags/example_branch_python_dop_operator_3.py
[2025-03-12T20:50:31.012+0000] {processor.py:914} INFO - Processing file /home/airflow/.local/lib/python3.12/site-packages/airflow/example_dags/example_branch_python_dop_operator_3.py for tasks to queue
[2025-03-12T20:50:31.014+0000] {logging_mixin.py:190} INFO - [2025-03-12T20:50:31.013+0000] {dagbag.py:588} INFO - Filling up the DagBag from /home/airflow/.local/lib/python3.12/site-packages/airflow/example_dags/example_branch_python_dop_operator_3.py
[2025-03-12T20:50:31.020+0000] {processor.py:925} INFO - DAG(s) 'example_branch_dop_operator_v3' retrieved from /home/airflow/.local/lib/python3.12/site-packages/airflow/example_dags/example_branch_python_dop_operator_3.py
[2025-03-12T20:50:31.033+0000] {logging_mixin.py:190} INFO - [2025-03-12T20:50:31.033+0000] {dag.py:3239} INFO - Sync 1 DAGs
[2025-03-12T20:50:31.050+0000] {logging_mixin.py:190} INFO - [2025-03-12T20:50:31.049+0000] {dag.py:4180} INFO - Setting next_dagrun for example_branch_dop_operator_v3 to 2025-03-12 20:49:00+00:00, run_after=2025-03-12 20:50:00+00:00
[2025-03-12T20:50:31.063+0000] {processor.py:208} INFO - Processing /home/airflow/.local/lib/python3.12/site-packages/airflow/example_dags/example_branch_python_dop_operator_3.py took 0.055 seconds
[2025-03-12T20:51:01.398+0000] {processor.py:186} INFO - Started process (PID=637) to work on /home/airflow/.local/lib/python3.12/site-packages/airflow/example_dags/example_branch_python_dop_operator_3.py
[2025-03-12T20:51:01.398+0000] {processor.py:914} INFO - Processing file /home/airflow/.local/lib/python3.12/site-packages/airflow/example_dags/example_branch_python_dop_operator_3.py for tasks to queue
[2025-03-12T20:51:01.400+0000] {logging_mixin.py:190} INFO - [2025-03-12T20:51:01.399+0000] {dagbag.py:588} INFO - Filling up the DagBag from /home/airflow/.local/lib/python3.12/site-packages/airflow/example_dags/example_branch_python_dop_operator_3.py
[2025-03-12T20:51:01.405+0000] {processor.py:925} INFO - DAG(s) 'example_branch_dop_operator_v3' retrieved from /home/airflow/.local/lib/python3.12/site-packages/airflow/example_dags/example_branch_python_dop_operator_3.py
[2025-03-12T20:51:01.421+0000] {logging_mixin.py:190} INFO - [2025-03-12T20:51:01.421+0000] {dag.py:3239} INFO - Sync 1 DAGs
[2025-03-12T20:51:01.444+0000] {logging_mixin.py:190} INFO - [2025-03-12T20:51:01.444+0000] {dag.py:4180} INFO - Setting next_dagrun for example_branch_dop_operator_v3 to 2025-03-12 20:50:00+00:00, run_after=2025-03-12 20:51:00+00:00
[2025-03-12T20:51:01.460+0000] {processor.py:208} INFO - Processing /home/airflow/.local/lib/python3.12/site-packages/airflow/example_dags/example_branch_python_dop_operator_3.py took 0.065 seconds
[2025-03-12T20:51:31.961+0000] {processor.py:186} INFO - Started process (PID=700) to work on /home/airflow/.local/lib/python3.12/site-packages/airflow/example_dags/example_branch_python_dop_operator_3.py
[2025-03-12T20:51:31.962+0000] {processor.py:914} INFO - Processing file /home/airflow/.local/lib/python3.12/site-packages/airflow/example_dags/example_branch_python_dop_operator_3.py for tasks to queue
[2025-03-12T20:51:31.962+0000] {logging_mixin.py:190} INFO - [2025-03-12T20:51:31.962+0000] {dagbag.py:588} INFO - Filling up the DagBag from /home/airflow/.local/lib/python3.12/site-packages/airflow/example_dags/example_branch_python_dop_operator_3.py
[2025-03-12T20:51:31.967+0000] {processor.py:925} INFO - DAG(s) 'example_branch_dop_operator_v3' retrieved from /home/airflow/.local/lib/python3.12/site-packages/airflow/example_dags/example_branch_python_dop_operator_3.py
[2025-03-12T20:51:31.982+0000] {logging_mixin.py:190} INFO - [2025-03-12T20:51:31.982+0000] {dag.py:3239} INFO - Sync 1 DAGs
[2025-03-12T20:51:31.998+0000] {logging_mixin.py:190} INFO - [2025-03-12T20:51:31.998+0000] {dag.py:4180} INFO - Setting next_dagrun for example_branch_dop_operator_v3 to 2025-03-12 20:50:00+00:00, run_after=2025-03-12 20:51:00+00:00
[2025-03-12T20:51:32.012+0000] {processor.py:208} INFO - Processing /home/airflow/.local/lib/python3.12/site-packages/airflow/example_dags/example_branch_python_dop_operator_3.py took 0.055 seconds
[2025-03-12T20:52:03.044+0000] {processor.py:186} INFO - Started process (PID=763) to work on /home/airflow/.local/lib/python3.12/site-packages/airflow/example_dags/example_branch_python_dop_operator_3.py
[2025-03-12T20:52:03.045+0000] {processor.py:914} INFO - Processing file /home/airflow/.local/lib/python3.12/site-packages/airflow/example_dags/example_branch_python_dop_operator_3.py for tasks to queue
[2025-03-12T20:52:03.047+0000] {logging_mixin.py:190} INFO - [2025-03-12T20:52:03.046+0000] {dagbag.py:588} INFO - Filling up the DagBag from /home/airflow/.local/lib/python3.12/site-packages/airflow/example_dags/example_branch_python_dop_operator_3.py
[2025-03-12T20:52:03.052+0000] {processor.py:925} INFO - DAG(s) 'example_branch_dop_operator_v3' retrieved from /home/airflow/.local/lib/python3.12/site-packages/airflow/example_dags/example_branch_python_dop_operator_3.py
[2025-03-12T20:52:03.066+0000] {logging_mixin.py:190} INFO - [2025-03-12T20:52:03.066+0000] {dag.py:3239} INFO - Sync 1 DAGs
[2025-03-12T20:52:03.086+0000] {logging_mixin.py:190} INFO - [2025-03-12T20:52:03.086+0000] {dag.py:4180} INFO - Setting next_dagrun for example_branch_dop_operator_v3 to 2025-03-12 20:51:00+00:00, run_after=2025-03-12 20:52:00+00:00
[2025-03-12T20:52:03.100+0000] {processor.py:208} INFO - Processing /home/airflow/.local/lib/python3.12/site-packages/airflow/example_dags/example_branch_python_dop_operator_3.py took 0.060 seconds
[2025-03-12T20:52:33.544+0000] {processor.py:186} INFO - Started process (PID=826) to work on /home/airflow/.local/lib/python3.12/site-packages/airflow/example_dags/example_branch_python_dop_operator_3.py
[2025-03-12T20:52:33.545+0000] {processor.py:914} INFO - Processing file /home/airflow/.local/lib/python3.12/site-packages/airflow/example_dags/example_branch_python_dop_operator_3.py for tasks to queue
[2025-03-12T20:52:33.547+0000] {logging_mixin.py:190} INFO - [2025-03-12T20:52:33.547+0000] {dagbag.py:588} INFO - Filling up the DagBag from /home/airflow/.local/lib/python3.12/site-packages/airflow/example_dags/example_branch_python_dop_operator_3.py
[2025-03-12T20:52:33.556+0000] {processor.py:925} INFO - DAG(s) 'example_branch_dop_operator_v3' retrieved from /home/airflow/.local/lib/python3.12/site-packages/airflow/example_dags/example_branch_python_dop_operator_3.py
[2025-03-12T20:52:33.574+0000] {logging_mixin.py:190} INFO - [2025-03-12T20:52:33.573+0000] {dag.py:3239} INFO - Sync 1 DAGs
[2025-03-12T20:52:33.599+0000] {logging_mixin.py:190} INFO - [2025-03-12T20:52:33.599+0000] {dag.py:4180} INFO - Setting next_dagrun for example_branch_dop_operator_v3 to 2025-03-12 20:51:00+00:00, run_after=2025-03-12 20:52:00+00:00
[2025-03-12T20:52:33.615+0000] {processor.py:208} INFO - Processing /home/airflow/.local/lib/python3.12/site-packages/airflow/example_dags/example_branch_python_dop_operator_3.py took 0.076 seconds
[2025-03-12T20:53:04.473+0000] {processor.py:186} INFO - Started process (PID=889) to work on /home/airflow/.local/lib/python3.12/site-packages/airflow/example_dags/example_branch_python_dop_operator_3.py
[2025-03-12T20:53:04.473+0000] {processor.py:914} INFO - Processing file /home/airflow/.local/lib/python3.12/site-packages/airflow/example_dags/example_branch_python_dop_operator_3.py for tasks to queue
[2025-03-12T20:53:04.475+0000] {logging_mixin.py:190} INFO - [2025-03-12T20:53:04.475+0000] {dagbag.py:588} INFO - Filling up the DagBag from /home/airflow/.local/lib/python3.12/site-packages/airflow/example_dags/example_branch_python_dop_operator_3.py
[2025-03-12T20:53:04.482+0000] {processor.py:925} INFO - DAG(s) 'example_branch_dop_operator_v3' retrieved from /home/airflow/.local/lib/python3.12/site-packages/airflow/example_dags/example_branch_python_dop_operator_3.py
[2025-03-12T20:53:04.498+0000] {logging_mixin.py:190} INFO - [2025-03-12T20:53:04.498+0000] {dag.py:3239} INFO - Sync 1 DAGs
[2025-03-12T20:53:04.520+0000] {logging_mixin.py:190} INFO - [2025-03-12T20:53:04.519+0000] {dag.py:4180} INFO - Setting next_dagrun for example_branch_dop_operator_v3 to 2025-03-12 20:52:00+00:00, run_after=2025-03-12 20:53:00+00:00
[2025-03-12T20:53:04.536+0000] {processor.py:208} INFO - Processing /home/airflow/.local/lib/python3.12/site-packages/airflow/example_dags/example_branch_python_dop_operator_3.py took 0.068 seconds
[2025-03-12T20:53:35.124+0000] {processor.py:186} INFO - Started process (PID=952) to work on /home/airflow/.local/lib/python3.12/site-packages/airflow/example_dags/example_branch_python_dop_operator_3.py
[2025-03-12T20:53:35.125+0000] {processor.py:914} INFO - Processing file /home/airflow/.local/lib/python3.12/site-packages/airflow/example_dags/example_branch_python_dop_operator_3.py for tasks to queue
[2025-03-12T20:53:35.127+0000] {logging_mixin.py:190} INFO - [2025-03-12T20:53:35.127+0000] {dagbag.py:588} INFO - Filling up the DagBag from /home/airflow/.local/lib/python3.12/site-packages/airflow/example_dags/example_branch_python_dop_operator_3.py
[2025-03-12T20:53:35.138+0000] {processor.py:925} INFO - DAG(s) 'example_branch_dop_operator_v3' retrieved from /home/airflow/.local/lib/python3.12/site-packages/airflow/example_dags/example_branch_python_dop_operator_3.py
[2025-03-12T20:53:35.157+0000] {logging_mixin.py:190} INFO - [2025-03-12T20:53:35.157+0000] {dag.py:3239} INFO - Sync 1 DAGs
[2025-03-12T20:53:35.185+0000] {logging_mixin.py:190} INFO - [2025-03-12T20:53:35.184+0000] {dag.py:4180} INFO - Setting next_dagrun for example_branch_dop_operator_v3 to 2025-03-12 20:52:00+00:00, run_after=2025-03-12 20:53:00+00:00
[2025-03-12T20:53:35.206+0000] {processor.py:208} INFO - Processing /home/airflow/.local/lib/python3.12/site-packages/airflow/example_dags/example_branch_python_dop_operator_3.py took 0.087 seconds
[2025-03-12T20:54:05.595+0000] {processor.py:186} INFO - Started process (PID=1015) to work on /home/airflow/.local/lib/python3.12/site-packages/airflow/example_dags/example_branch_python_dop_operator_3.py
[2025-03-12T20:54:05.596+0000] {processor.py:914} INFO - Processing file /home/airflow/.local/lib/python3.12/site-packages/airflow/example_dags/example_branch_python_dop_operator_3.py for tasks to queue
[2025-03-12T20:54:05.598+0000] {logging_mixin.py:190} INFO - [2025-03-12T20:54:05.597+0000] {dagbag.py:588} INFO - Filling up the DagBag from /home/airflow/.local/lib/python3.12/site-packages/airflow/example_dags/example_branch_python_dop_operator_3.py
[2025-03-12T20:54:05.604+0000] {processor.py:925} INFO - DAG(s) 'example_branch_dop_operator_v3' retrieved from /home/airflow/.local/lib/python3.12/site-packages/airflow/example_dags/example_branch_python_dop_operator_3.py
[2025-03-12T20:54:05.618+0000] {logging_mixin.py:190} INFO - [2025-03-12T20:54:05.618+0000] {dag.py:3239} INFO - Sync 1 DAGs
[2025-03-12T20:54:05.635+0000] {logging_mixin.py:190} INFO - [2025-03-12T20:54:05.635+0000] {dag.py:4180} INFO - Setting next_dagrun for example_branch_dop_operator_v3 to 2025-03-12 20:53:00+00:00, run_after=2025-03-12 20:54:00+00:00
[2025-03-12T20:54:05.649+0000] {processor.py:208} INFO - Processing /home/airflow/.local/lib/python3.12/site-packages/airflow/example_dags/example_branch_python_dop_operator_3.py took 0.058 seconds
[2025-03-12T20:54:36.369+0000] {processor.py:186} INFO - Started process (PID=1078) to work on /home/airflow/.local/lib/python3.12/site-packages/airflow/example_dags/example_branch_python_dop_operator_3.py
[2025-03-12T20:54:36.369+0000] {processor.py:914} INFO - Processing file /home/airflow/.local/lib/python3.12/site-packages/airflow/example_dags/example_branch_python_dop_operator_3.py for tasks to queue
[2025-03-12T20:54:36.371+0000] {logging_mixin.py:190} INFO - [2025-03-12T20:54:36.370+0000] {dagbag.py:588} INFO - Filling up the DagBag from /home/airflow/.local/lib/python3.12/site-packages/airflow/example_dags/example_branch_python_dop_operator_3.py
[2025-03-12T20:54:36.376+0000] {processor.py:925} INFO - DAG(s) 'example_branch_dop_operator_v3' retrieved from /home/airflow/.local/lib/python3.12/site-packages/airflow/example_dags/example_branch_python_dop_operator_3.py
[2025-03-12T20:54:36.393+0000] {logging_mixin.py:190} INFO - [2025-03-12T20:54:36.392+0000] {dag.py:3239} INFO - Sync 1 DAGs
[2025-03-12T20:54:36.414+0000] {logging_mixin.py:190} INFO - [2025-03-12T20:54:36.414+0000] {dag.py:4180} INFO - Setting next_dagrun for example_branch_dop_operator_v3 to 2025-03-12 20:53:00+00:00, run_after=2025-03-12 20:54:00+00:00
[2025-03-12T20:54:36.431+0000] {processor.py:208} INFO - Processing /home/airflow/.local/lib/python3.12/site-packages/airflow/example_dags/example_branch_python_dop_operator_3.py took 0.065 seconds
[2025-03-12T20:55:07.144+0000] {processor.py:186} INFO - Started process (PID=1141) to work on /home/airflow/.local/lib/python3.12/site-packages/airflow/example_dags/example_branch_python_dop_operator_3.py
[2025-03-12T20:55:07.145+0000] {processor.py:914} INFO - Processing file /home/airflow/.local/lib/python3.12/site-packages/airflow/example_dags/example_branch_python_dop_operator_3.py for tasks to queue
[2025-03-12T20:55:07.146+0000] {logging_mixin.py:190} INFO - [2025-03-12T20:55:07.146+0000] {dagbag.py:588} INFO - Filling up the DagBag from /home/airflow/.local/lib/python3.12/site-packages/airflow/example_dags/example_branch_python_dop_operator_3.py
[2025-03-12T20:55:07.152+0000] {processor.py:925} INFO - DAG(s) 'example_branch_dop_operator_v3' retrieved from /home/airflow/.local/lib/python3.12/site-packages/airflow/example_dags/example_branch_python_dop_operator_3.py
[2025-03-12T20:55:07.166+0000] {logging_mixin.py:190} INFO - [2025-03-12T20:55:07.166+0000] {dag.py:3239} INFO - Sync 1 DAGs
[2025-03-12T20:55:07.184+0000] {logging_mixin.py:190} INFO - [2025-03-12T20:55:07.184+0000] {dag.py:4180} INFO - Setting next_dagrun for example_branch_dop_operator_v3 to 2025-03-12 20:54:00+00:00, run_after=2025-03-12 20:55:00+00:00
[2025-03-12T20:55:07.200+0000] {processor.py:208} INFO - Processing /home/airflow/.local/lib/python3.12/site-packages/airflow/example_dags/example_branch_python_dop_operator_3.py took 0.059 seconds
[2025-03-12T20:55:38.195+0000] {processor.py:186} INFO - Started process (PID=1204) to work on /home/airflow/.local/lib/python3.12/site-packages/airflow/example_dags/example_branch_python_dop_operator_3.py
[2025-03-12T20:55:38.196+0000] {processor.py:914} INFO - Processing file /home/airflow/.local/lib/python3.12/site-packages/airflow/example_dags/example_branch_python_dop_operator_3.py for tasks to queue
[2025-03-12T20:55:38.197+0000] {logging_mixin.py:190} INFO - [2025-03-12T20:55:38.197+0000] {dagbag.py:588} INFO - Filling up the DagBag from /home/airflow/.local/lib/python3.12/site-packages/airflow/example_dags/example_branch_python_dop_operator_3.py
[2025-03-12T20:55:38.206+0000] {processor.py:925} INFO - DAG(s) 'example_branch_dop_operator_v3' retrieved from /home/airflow/.local/lib/python3.12/site-packages/airflow/example_dags/example_branch_python_dop_operator_3.py
[2025-03-12T20:55:38.224+0000] {logging_mixin.py:190} INFO - [2025-03-12T20:55:38.224+0000] {dag.py:3239} INFO - Sync 1 DAGs
[2025-03-12T20:55:38.248+0000] {logging_mixin.py:190} INFO - [2025-03-12T20:55:38.248+0000] {dag.py:4180} INFO - Setting next_dagrun for example_branch_dop_operator_v3 to 2025-03-12 20:54:00+00:00, run_after=2025-03-12 20:55:00+00:00
[2025-03-12T20:55:38.265+0000] {processor.py:208} INFO - Processing /home/airflow/.local/lib/python3.12/site-packages/airflow/example_dags/example_branch_python_dop_operator_3.py took 0.075 seconds
[2025-03-12T20:56:09.135+0000] {processor.py:186} INFO - Started process (PID=1267) to work on /home/airflow/.local/lib/python3.12/site-packages/airflow/example_dags/example_branch_python_dop_operator_3.py
[2025-03-12T20:56:09.136+0000] {processor.py:914} INFO - Processing file /home/airflow/.local/lib/python3.12/site-packages/airflow/example_dags/example_branch_python_dop_operator_3.py for tasks to queue
[2025-03-12T20:56:09.137+0000] {logging_mixin.py:190} INFO - [2025-03-12T20:56:09.137+0000] {dagbag.py:588} INFO - Filling up the DagBag from /home/airflow/.local/lib/python3.12/site-packages/airflow/example_dags/example_branch_python_dop_operator_3.py
[2025-03-12T20:56:09.143+0000] {processor.py:925} INFO - DAG(s) 'example_branch_dop_operator_v3' retrieved from /home/airflow/.local/lib/python3.12/site-packages/airflow/example_dags/example_branch_python_dop_operator_3.py
[2025-03-12T20:56:09.158+0000] {logging_mixin.py:190} INFO - [2025-03-12T20:56:09.158+0000] {dag.py:3239} INFO - Sync 1 DAGs
[2025-03-12T20:56:09.182+0000] {logging_mixin.py:190} INFO - [2025-03-12T20:56:09.182+0000] {dag.py:4180} INFO - Setting next_dagrun for example_branch_dop_operator_v3 to 2025-03-12 20:55:00+00:00, run_after=2025-03-12 20:56:00+00:00
[2025-03-12T20:56:09.198+0000] {processor.py:208} INFO - Processing /home/airflow/.local/lib/python3.12/site-packages/airflow/example_dags/example_branch_python_dop_operator_3.py took 0.066 seconds
[2025-03-12T20:56:39.815+0000] {processor.py:186} INFO - Started process (PID=1330) to work on /home/airflow/.local/lib/python3.12/site-packages/airflow/example_dags/example_branch_python_dop_operator_3.py
[2025-03-12T20:56:39.816+0000] {processor.py:914} INFO - Processing file /home/airflow/.local/lib/python3.12/site-packages/airflow/example_dags/example_branch_python_dop_operator_3.py for tasks to queue
[2025-03-12T20:56:39.817+0000] {logging_mixin.py:190} INFO - [2025-03-12T20:56:39.817+0000] {dagbag.py:588} INFO - Filling up the DagBag from /home/airflow/.local/lib/python3.12/site-packages/airflow/example_dags/example_branch_python_dop_operator_3.py
[2025-03-12T20:56:39.823+0000] {processor.py:925} INFO - DAG(s) 'example_branch_dop_operator_v3' retrieved from /home/airflow/.local/lib/python3.12/site-packages/airflow/example_dags/example_branch_python_dop_operator_3.py
[2025-03-12T20:56:39.839+0000] {logging_mixin.py:190} INFO - [2025-03-12T20:56:39.839+0000] {dag.py:3239} INFO - Sync 1 DAGs
[2025-03-12T20:56:39.860+0000] {logging_mixin.py:190} INFO - [2025-03-12T20:56:39.860+0000] {dag.py:4180} INFO - Setting next_dagrun for example_branch_dop_operator_v3 to 2025-03-12 20:55:00+00:00, run_after=2025-03-12 20:56:00+00:00
[2025-03-12T20:56:39.876+0000] {processor.py:208} INFO - Processing /home/airflow/.local/lib/python3.12/site-packages/airflow/example_dags/example_branch_python_dop_operator_3.py took 0.065 seconds
[2025-03-12T20:57:10.409+0000] {processor.py:186} INFO - Started process (PID=1393) to work on /home/airflow/.local/lib/python3.12/site-packages/airflow/example_dags/example_branch_python_dop_operator_3.py
[2025-03-12T20:57:10.410+0000] {processor.py:914} INFO - Processing file /home/airflow/.local/lib/python3.12/site-packages/airflow/example_dags/example_branch_python_dop_operator_3.py for tasks to queue
[2025-03-12T20:57:10.411+0000] {logging_mixin.py:190} INFO - [2025-03-12T20:57:10.411+0000] {dagbag.py:588} INFO - Filling up the DagBag from /home/airflow/.local/lib/python3.12/site-packages/airflow/example_dags/example_branch_python_dop_operator_3.py
[2025-03-12T20:57:10.417+0000] {processor.py:925} INFO - DAG(s) 'example_branch_dop_operator_v3' retrieved from /home/airflow/.local/lib/python3.12/site-packages/airflow/example_dags/example_branch_python_dop_operator_3.py
[2025-03-12T20:57:10.434+0000] {logging_mixin.py:190} INFO - [2025-03-12T20:57:10.434+0000] {dag.py:3239} INFO - Sync 1 DAGs
[2025-03-12T20:57:10.460+0000] {logging_mixin.py:190} INFO - [2025-03-12T20:57:10.460+0000] {dag.py:4180} INFO - Setting next_dagrun for example_branch_dop_operator_v3 to 2025-03-12 20:56:00+00:00, run_after=2025-03-12 20:57:00+00:00
[2025-03-12T20:57:10.480+0000] {processor.py:208} INFO - Processing /home/airflow/.local/lib/python3.12/site-packages/airflow/example_dags/example_branch_python_dop_operator_3.py took 0.077 seconds
[2025-03-12T20:57:41.267+0000] {processor.py:186} INFO - Started process (PID=1456) to work on /home/airflow/.local/lib/python3.12/site-packages/airflow/example_dags/example_branch_python_dop_operator_3.py
[2025-03-12T20:57:41.269+0000] {processor.py:914} INFO - Processing file /home/airflow/.local/lib/python3.12/site-packages/airflow/example_dags/example_branch_python_dop_operator_3.py for tasks to queue
[2025-03-12T20:57:41.270+0000] {logging_mixin.py:190} INFO - [2025-03-12T20:57:41.270+0000] {dagbag.py:588} INFO - Filling up the DagBag from /home/airflow/.local/lib/python3.12/site-packages/airflow/example_dags/example_branch_python_dop_operator_3.py
[2025-03-12T20:57:41.276+0000] {processor.py:925} INFO - DAG(s) 'example_branch_dop_operator_v3' retrieved from /home/airflow/.local/lib/python3.12/site-packages/airflow/example_dags/example_branch_python_dop_operator_3.py
[2025-03-12T20:57:41.289+0000] {logging_mixin.py:190} INFO - [2025-03-12T20:57:41.289+0000] {dag.py:3239} INFO - Sync 1 DAGs
[2025-03-12T20:57:41.306+0000] {logging_mixin.py:190} INFO - [2025-03-12T20:57:41.306+0000] {dag.py:4180} INFO - Setting next_dagrun for example_branch_dop_operator_v3 to 2025-03-12 20:56:00+00:00, run_after=2025-03-12 20:57:00+00:00
[2025-03-12T20:57:41.316+0000] {processor.py:208} INFO - Processing /home/airflow/.local/lib/python3.12/site-packages/airflow/example_dags/example_branch_python_dop_operator_3.py took 0.054 seconds
[2025-03-12T20:58:12.201+0000] {processor.py:186} INFO - Started process (PID=1520) to work on /home/airflow/.local/lib/python3.12/site-packages/airflow/example_dags/example_branch_python_dop_operator_3.py
[2025-03-12T20:58:12.202+0000] {processor.py:914} INFO - Processing file /home/airflow/.local/lib/python3.12/site-packages/airflow/example_dags/example_branch_python_dop_operator_3.py for tasks to queue
[2025-03-12T20:58:12.204+0000] {logging_mixin.py:190} INFO - [2025-03-12T20:58:12.204+0000] {dagbag.py:588} INFO - Filling up the DagBag from /home/airflow/.local/lib/python3.12/site-packages/airflow/example_dags/example_branch_python_dop_operator_3.py
[2025-03-12T20:58:12.216+0000] {processor.py:925} INFO - DAG(s) 'example_branch_dop_operator_v3' retrieved from /home/airflow/.local/lib/python3.12/site-packages/airflow/example_dags/example_branch_python_dop_operator_3.py
[2025-03-12T20:58:12.238+0000] {logging_mixin.py:190} INFO - [2025-03-12T20:58:12.238+0000] {dag.py:3239} INFO - Sync 1 DAGs
[2025-03-12T20:58:12.265+0000] {logging_mixin.py:190} INFO - [2025-03-12T20:58:12.265+0000] {dag.py:4180} INFO - Setting next_dagrun for example_branch_dop_operator_v3 to 2025-03-12 20:57:00+00:00, run_after=2025-03-12 20:58:00+00:00
[2025-03-12T20:58:12.285+0000] {processor.py:208} INFO - Processing /home/airflow/.local/lib/python3.12/site-packages/airflow/example_dags/example_branch_python_dop_operator_3.py took 0.090 seconds
[2025-03-12T20:58:43.247+0000] {processor.py:186} INFO - Started process (PID=1582) to work on /home/airflow/.local/lib/python3.12/site-packages/airflow/example_dags/example_branch_python_dop_operator_3.py
[2025-03-12T20:58:43.248+0000] {processor.py:914} INFO - Processing file /home/airflow/.local/lib/python3.12/site-packages/airflow/example_dags/example_branch_python_dop_operator_3.py for tasks to queue
[2025-03-12T20:58:43.250+0000] {logging_mixin.py:190} INFO - [2025-03-12T20:58:43.249+0000] {dagbag.py:588} INFO - Filling up the DagBag from /home/airflow/.local/lib/python3.12/site-packages/airflow/example_dags/example_branch_python_dop_operator_3.py
[2025-03-12T20:58:43.258+0000] {processor.py:925} INFO - DAG(s) 'example_branch_dop_operator_v3' retrieved from /home/airflow/.local/lib/python3.12/site-packages/airflow/example_dags/example_branch_python_dop_operator_3.py
[2025-03-12T20:58:43.277+0000] {logging_mixin.py:190} INFO - [2025-03-12T20:58:43.277+0000] {dag.py:3239} INFO - Sync 1 DAGs
[2025-03-12T20:58:43.297+0000] {logging_mixin.py:190} INFO - [2025-03-12T20:58:43.297+0000] {dag.py:4180} INFO - Setting next_dagrun for example_branch_dop_operator_v3 to 2025-03-12 20:57:00+00:00, run_after=2025-03-12 20:58:00+00:00
[2025-03-12T20:58:43.312+0000] {processor.py:208} INFO - Processing /home/airflow/.local/lib/python3.12/site-packages/airflow/example_dags/example_branch_python_dop_operator_3.py took 0.069 seconds
[2025-03-12T20:59:14.005+0000] {processor.py:186} INFO - Started process (PID=1645) to work on /home/airflow/.local/lib/python3.12/site-packages/airflow/example_dags/example_branch_python_dop_operator_3.py
[2025-03-12T20:59:14.006+0000] {processor.py:914} INFO - Processing file /home/airflow/.local/lib/python3.12/site-packages/airflow/example_dags/example_branch_python_dop_operator_3.py for tasks to queue
[2025-03-12T20:59:14.008+0000] {logging_mixin.py:190} INFO - [2025-03-12T20:59:14.007+0000] {dagbag.py:588} INFO - Filling up the DagBag from /home/airflow/.local/lib/python3.12/site-packages/airflow/example_dags/example_branch_python_dop_operator_3.py
[2025-03-12T20:59:14.017+0000] {processor.py:925} INFO - DAG(s) 'example_branch_dop_operator_v3' retrieved from /home/airflow/.local/lib/python3.12/site-packages/airflow/example_dags/example_branch_python_dop_operator_3.py
[2025-03-12T20:59:14.036+0000] {logging_mixin.py:190} INFO - [2025-03-12T20:59:14.035+0000] {dag.py:3239} INFO - Sync 1 DAGs
[2025-03-12T20:59:14.060+0000] {logging_mixin.py:190} INFO - [2025-03-12T20:59:14.060+0000] {dag.py:4180} INFO - Setting next_dagrun for example_branch_dop_operator_v3 to 2025-03-12 20:58:00+00:00, run_after=2025-03-12 20:59:00+00:00
[2025-03-12T20:59:14.076+0000] {processor.py:208} INFO - Processing /home/airflow/.local/lib/python3.12/site-packages/airflow/example_dags/example_branch_python_dop_operator_3.py took 0.076 seconds
[2025-03-12T20:59:44.708+0000] {processor.py:186} INFO - Started process (PID=1708) to work on /home/airflow/.local/lib/python3.12/site-packages/airflow/example_dags/example_branch_python_dop_operator_3.py
[2025-03-12T20:59:44.709+0000] {processor.py:914} INFO - Processing file /home/airflow/.local/lib/python3.12/site-packages/airflow/example_dags/example_branch_python_dop_operator_3.py for tasks to queue
[2025-03-12T20:59:44.710+0000] {logging_mixin.py:190} INFO - [2025-03-12T20:59:44.710+0000] {dagbag.py:588} INFO - Filling up the DagBag from /home/airflow/.local/lib/python3.12/site-packages/airflow/example_dags/example_branch_python_dop_operator_3.py
[2025-03-12T20:59:44.717+0000] {processor.py:925} INFO - DAG(s) 'example_branch_dop_operator_v3' retrieved from /home/airflow/.local/lib/python3.12/site-packages/airflow/example_dags/example_branch_python_dop_operator_3.py
[2025-03-12T20:59:44.732+0000] {logging_mixin.py:190} INFO - [2025-03-12T20:59:44.732+0000] {dag.py:3239} INFO - Sync 1 DAGs
[2025-03-12T20:59:44.755+0000] {logging_mixin.py:190} INFO - [2025-03-12T20:59:44.755+0000] {dag.py:4180} INFO - Setting next_dagrun for example_branch_dop_operator_v3 to 2025-03-12 20:58:00+00:00, run_after=2025-03-12 20:59:00+00:00
[2025-03-12T20:59:44.781+0000] {processor.py:208} INFO - Processing /home/airflow/.local/lib/python3.12/site-packages/airflow/example_dags/example_branch_python_dop_operator_3.py took 0.076 seconds
[2025-03-12T21:00:15.281+0000] {processor.py:186} INFO - Started process (PID=1771) to work on /home/airflow/.local/lib/python3.12/site-packages/airflow/example_dags/example_branch_python_dop_operator_3.py
[2025-03-12T21:00:15.282+0000] {processor.py:914} INFO - Processing file /home/airflow/.local/lib/python3.12/site-packages/airflow/example_dags/example_branch_python_dop_operator_3.py for tasks to queue
[2025-03-12T21:00:15.283+0000] {logging_mixin.py:190} INFO - [2025-03-12T21:00:15.283+0000] {dagbag.py:588} INFO - Filling up the DagBag from /home/airflow/.local/lib/python3.12/site-packages/airflow/example_dags/example_branch_python_dop_operator_3.py
[2025-03-12T21:00:15.292+0000] {processor.py:925} INFO - DAG(s) 'example_branch_dop_operator_v3' retrieved from /home/airflow/.local/lib/python3.12/site-packages/airflow/example_dags/example_branch_python_dop_operator_3.py
[2025-03-12T21:00:15.308+0000] {logging_mixin.py:190} INFO - [2025-03-12T21:00:15.308+0000] {dag.py:3239} INFO - Sync 1 DAGs
[2025-03-12T21:00:15.328+0000] {logging_mixin.py:190} INFO - [2025-03-12T21:00:15.328+0000] {dag.py:4180} INFO - Setting next_dagrun for example_branch_dop_operator_v3 to 2025-03-12 20:59:00+00:00, run_after=2025-03-12 21:00:00+00:00
[2025-03-12T21:00:15.343+0000] {processor.py:208} INFO - Processing /home/airflow/.local/lib/python3.12/site-packages/airflow/example_dags/example_branch_python_dop_operator_3.py took 0.067 seconds
[2025-03-12T21:00:46.107+0000] {processor.py:186} INFO - Started process (PID=1834) to work on /home/airflow/.local/lib/python3.12/site-packages/airflow/example_dags/example_branch_python_dop_operator_3.py
[2025-03-12T21:00:46.107+0000] {processor.py:914} INFO - Processing file /home/airflow/.local/lib/python3.12/site-packages/airflow/example_dags/example_branch_python_dop_operator_3.py for tasks to queue
[2025-03-12T21:00:46.109+0000] {logging_mixin.py:190} INFO - [2025-03-12T21:00:46.108+0000] {dagbag.py:588} INFO - Filling up the DagBag from /home/airflow/.local/lib/python3.12/site-packages/airflow/example_dags/example_branch_python_dop_operator_3.py
[2025-03-12T21:00:46.114+0000] {processor.py:925} INFO - DAG(s) 'example_branch_dop_operator_v3' retrieved from /home/airflow/.local/lib/python3.12/site-packages/airflow/example_dags/example_branch_python_dop_operator_3.py
[2025-03-12T21:00:46.128+0000] {logging_mixin.py:190} INFO - [2025-03-12T21:00:46.128+0000] {dag.py:3239} INFO - Sync 1 DAGs
[2025-03-12T21:00:46.148+0000] {logging_mixin.py:190} INFO - [2025-03-12T21:00:46.148+0000] {dag.py:4180} INFO - Setting next_dagrun for example_branch_dop_operator_v3 to 2025-03-12 20:59:00+00:00, run_after=2025-03-12 21:00:00+00:00
[2025-03-12T21:00:46.162+0000] {processor.py:208} INFO - Processing /home/airflow/.local/lib/python3.12/site-packages/airflow/example_dags/example_branch_python_dop_operator_3.py took 0.058 seconds
[2025-03-12T21:01:16.824+0000] {processor.py:186} INFO - Started process (PID=1897) to work on /home/airflow/.local/lib/python3.12/site-packages/airflow/example_dags/example_branch_python_dop_operator_3.py
[2025-03-12T21:01:16.825+0000] {processor.py:914} INFO - Processing file /home/airflow/.local/lib/python3.12/site-packages/airflow/example_dags/example_branch_python_dop_operator_3.py for tasks to queue
[2025-03-12T21:01:16.827+0000] {logging_mixin.py:190} INFO - [2025-03-12T21:01:16.827+0000] {dagbag.py:588} INFO - Filling up the DagBag from /home/airflow/.local/lib/python3.12/site-packages/airflow/example_dags/example_branch_python_dop_operator_3.py
[2025-03-12T21:01:16.836+0000] {processor.py:925} INFO - DAG(s) 'example_branch_dop_operator_v3' retrieved from /home/airflow/.local/lib/python3.12/site-packages/airflow/example_dags/example_branch_python_dop_operator_3.py
[2025-03-12T21:01:16.855+0000] {logging_mixin.py:190} INFO - [2025-03-12T21:01:16.855+0000] {dag.py:3239} INFO - Sync 1 DAGs
[2025-03-12T21:01:16.882+0000] {logging_mixin.py:190} INFO - [2025-03-12T21:01:16.882+0000] {dag.py:4180} INFO - Setting next_dagrun for example_branch_dop_operator_v3 to 2025-03-12 21:00:00+00:00, run_after=2025-03-12 21:01:00+00:00
[2025-03-12T21:01:16.903+0000] {processor.py:208} INFO - Processing /home/airflow/.local/lib/python3.12/site-packages/airflow/example_dags/example_branch_python_dop_operator_3.py took 0.084 seconds
[2025-03-12T21:01:47.949+0000] {processor.py:186} INFO - Started process (PID=1960) to work on /home/airflow/.local/lib/python3.12/site-packages/airflow/example_dags/example_branch_python_dop_operator_3.py
[2025-03-12T21:01:47.951+0000] {processor.py:914} INFO - Processing file /home/airflow/.local/lib/python3.12/site-packages/airflow/example_dags/example_branch_python_dop_operator_3.py for tasks to queue
[2025-03-12T21:01:47.952+0000] {logging_mixin.py:190} INFO - [2025-03-12T21:01:47.952+0000] {dagbag.py:588} INFO - Filling up the DagBag from /home/airflow/.local/lib/python3.12/site-packages/airflow/example_dags/example_branch_python_dop_operator_3.py
[2025-03-12T21:01:47.960+0000] {processor.py:925} INFO - DAG(s) 'example_branch_dop_operator_v3' retrieved from /home/airflow/.local/lib/python3.12/site-packages/airflow/example_dags/example_branch_python_dop_operator_3.py
[2025-03-12T21:01:47.979+0000] {logging_mixin.py:190} INFO - [2025-03-12T21:01:47.979+0000] {dag.py:3239} INFO - Sync 1 DAGs
[2025-03-12T21:01:48.002+0000] {logging_mixin.py:190} INFO - [2025-03-12T21:01:48.002+0000] {dag.py:4180} INFO - Setting next_dagrun for example_branch_dop_operator_v3 to 2025-03-12 21:00:00+00:00, run_after=2025-03-12 21:01:00+00:00
[2025-03-12T21:01:48.019+0000] {processor.py:208} INFO - Processing /home/airflow/.local/lib/python3.12/site-packages/airflow/example_dags/example_branch_python_dop_operator_3.py took 0.076 seconds
[2025-03-12T21:02:18.663+0000] {processor.py:186} INFO - Started process (PID=2023) to work on /home/airflow/.local/lib/python3.12/site-packages/airflow/example_dags/example_branch_python_dop_operator_3.py
[2025-03-12T21:02:18.664+0000] {processor.py:914} INFO - Processing file /home/airflow/.local/lib/python3.12/site-packages/airflow/example_dags/example_branch_python_dop_operator_3.py for tasks to queue
[2025-03-12T21:02:18.666+0000] {logging_mixin.py:190} INFO - [2025-03-12T21:02:18.666+0000] {dagbag.py:588} INFO - Filling up the DagBag from /home/airflow/.local/lib/python3.12/site-packages/airflow/example_dags/example_branch_python_dop_operator_3.py
[2025-03-12T21:02:18.677+0000] {processor.py:925} INFO - DAG(s) 'example_branch_dop_operator_v3' retrieved from /home/airflow/.local/lib/python3.12/site-packages/airflow/example_dags/example_branch_python_dop_operator_3.py
[2025-03-12T21:02:18.697+0000] {logging_mixin.py:190} INFO - [2025-03-12T21:02:18.697+0000] {dag.py:3239} INFO - Sync 1 DAGs
[2025-03-12T21:02:18.719+0000] {logging_mixin.py:190} INFO - [2025-03-12T21:02:18.718+0000] {dag.py:4180} INFO - Setting next_dagrun for example_branch_dop_operator_v3 to 2025-03-12 21:01:00+00:00, run_after=2025-03-12 21:02:00+00:00
[2025-03-12T21:02:18.736+0000] {processor.py:208} INFO - Processing /home/airflow/.local/lib/python3.12/site-packages/airflow/example_dags/example_branch_python_dop_operator_3.py took 0.080 seconds
[2025-03-12T21:02:48.980+0000] {processor.py:186} INFO - Started process (PID=2086) to work on /home/airflow/.local/lib/python3.12/site-packages/airflow/example_dags/example_branch_python_dop_operator_3.py
[2025-03-12T21:02:48.981+0000] {processor.py:914} INFO - Processing file /home/airflow/.local/lib/python3.12/site-packages/airflow/example_dags/example_branch_python_dop_operator_3.py for tasks to queue
[2025-03-12T21:02:48.983+0000] {logging_mixin.py:190} INFO - [2025-03-12T21:02:48.983+0000] {dagbag.py:588} INFO - Filling up the DagBag from /home/airflow/.local/lib/python3.12/site-packages/airflow/example_dags/example_branch_python_dop_operator_3.py
[2025-03-12T21:02:48.994+0000] {processor.py:925} INFO - DAG(s) 'example_branch_dop_operator_v3' retrieved from /home/airflow/.local/lib/python3.12/site-packages/airflow/example_dags/example_branch_python_dop_operator_3.py
[2025-03-12T21:02:49.011+0000] {logging_mixin.py:190} INFO - [2025-03-12T21:02:49.011+0000] {dag.py:3239} INFO - Sync 1 DAGs
[2025-03-12T21:02:49.034+0000] {logging_mixin.py:190} INFO - [2025-03-12T21:02:49.034+0000] {dag.py:4180} INFO - Setting next_dagrun for example_branch_dop_operator_v3 to 2025-03-12 21:01:00+00:00, run_after=2025-03-12 21:02:00+00:00
[2025-03-12T21:02:49.053+0000] {processor.py:208} INFO - Processing /home/airflow/.local/lib/python3.12/site-packages/airflow/example_dags/example_branch_python_dop_operator_3.py took 0.079 seconds
[2025-03-12T21:03:19.352+0000] {processor.py:186} INFO - Started process (PID=2148) to work on /home/airflow/.local/lib/python3.12/site-packages/airflow/example_dags/example_branch_python_dop_operator_3.py
[2025-03-12T21:03:19.353+0000] {processor.py:914} INFO - Processing file /home/airflow/.local/lib/python3.12/site-packages/airflow/example_dags/example_branch_python_dop_operator_3.py for tasks to queue
[2025-03-12T21:03:19.354+0000] {logging_mixin.py:190} INFO - [2025-03-12T21:03:19.354+0000] {dagbag.py:588} INFO - Filling up the DagBag from /home/airflow/.local/lib/python3.12/site-packages/airflow/example_dags/example_branch_python_dop_operator_3.py
[2025-03-12T21:03:19.363+0000] {processor.py:925} INFO - DAG(s) 'example_branch_dop_operator_v3' retrieved from /home/airflow/.local/lib/python3.12/site-packages/airflow/example_dags/example_branch_python_dop_operator_3.py
[2025-03-12T21:03:19.379+0000] {logging_mixin.py:190} INFO - [2025-03-12T21:03:19.379+0000] {dag.py:3239} INFO - Sync 1 DAGs
[2025-03-12T21:03:19.397+0000] {logging_mixin.py:190} INFO - [2025-03-12T21:03:19.396+0000] {dag.py:4180} INFO - Setting next_dagrun for example_branch_dop_operator_v3 to 2025-03-12 21:02:00+00:00, run_after=2025-03-12 21:03:00+00:00
[2025-03-12T21:03:19.411+0000] {processor.py:208} INFO - Processing /home/airflow/.local/lib/python3.12/site-packages/airflow/example_dags/example_branch_python_dop_operator_3.py took 0.064 seconds
[2025-03-12T21:03:49.676+0000] {processor.py:186} INFO - Started process (PID=2211) to work on /home/airflow/.local/lib/python3.12/site-packages/airflow/example_dags/example_branch_python_dop_operator_3.py
[2025-03-12T21:03:49.677+0000] {processor.py:914} INFO - Processing file /home/airflow/.local/lib/python3.12/site-packages/airflow/example_dags/example_branch_python_dop_operator_3.py for tasks to queue
[2025-03-12T21:03:49.678+0000] {logging_mixin.py:190} INFO - [2025-03-12T21:03:49.678+0000] {dagbag.py:588} INFO - Filling up the DagBag from /home/airflow/.local/lib/python3.12/site-packages/airflow/example_dags/example_branch_python_dop_operator_3.py
[2025-03-12T21:03:49.684+0000] {processor.py:925} INFO - DAG(s) 'example_branch_dop_operator_v3' retrieved from /home/airflow/.local/lib/python3.12/site-packages/airflow/example_dags/example_branch_python_dop_operator_3.py
[2025-03-12T21:03:49.699+0000] {logging_mixin.py:190} INFO - [2025-03-12T21:03:49.699+0000] {dag.py:3239} INFO - Sync 1 DAGs
[2025-03-12T21:03:49.721+0000] {logging_mixin.py:190} INFO - [2025-03-12T21:03:49.721+0000] {dag.py:4180} INFO - Setting next_dagrun for example_branch_dop_operator_v3 to 2025-03-12 21:02:00+00:00, run_after=2025-03-12 21:03:00+00:00
[2025-03-12T21:03:49.736+0000] {processor.py:208} INFO - Processing /home/airflow/.local/lib/python3.12/site-packages/airflow/example_dags/example_branch_python_dop_operator_3.py took 0.064 seconds
[2025-03-12T21:04:19.902+0000] {processor.py:186} INFO - Started process (PID=2274) to work on /home/airflow/.local/lib/python3.12/site-packages/airflow/example_dags/example_branch_python_dop_operator_3.py
[2025-03-12T21:04:19.903+0000] {processor.py:914} INFO - Processing file /home/airflow/.local/lib/python3.12/site-packages/airflow/example_dags/example_branch_python_dop_operator_3.py for tasks to queue
[2025-03-12T21:04:19.906+0000] {logging_mixin.py:190} INFO - [2025-03-12T21:04:19.906+0000] {dagbag.py:588} INFO - Filling up the DagBag from /home/airflow/.local/lib/python3.12/site-packages/airflow/example_dags/example_branch_python_dop_operator_3.py
[2025-03-12T21:04:19.918+0000] {processor.py:925} INFO - DAG(s) 'example_branch_dop_operator_v3' retrieved from /home/airflow/.local/lib/python3.12/site-packages/airflow/example_dags/example_branch_python_dop_operator_3.py
[2025-03-12T21:04:19.936+0000] {logging_mixin.py:190} INFO - [2025-03-12T21:04:19.936+0000] {dag.py:3239} INFO - Sync 1 DAGs
[2025-03-12T21:04:19.964+0000] {logging_mixin.py:190} INFO - [2025-03-12T21:04:19.964+0000] {dag.py:4180} INFO - Setting next_dagrun for example_branch_dop_operator_v3 to 2025-03-12 21:03:00+00:00, run_after=2025-03-12 21:04:00+00:00
[2025-03-12T21:04:19.981+0000] {processor.py:208} INFO - Processing /home/airflow/.local/lib/python3.12/site-packages/airflow/example_dags/example_branch_python_dop_operator_3.py took 0.086 seconds
[2025-03-12T21:04:50.913+0000] {processor.py:186} INFO - Started process (PID=2337) to work on /home/airflow/.local/lib/python3.12/site-packages/airflow/example_dags/example_branch_python_dop_operator_3.py
[2025-03-12T21:04:50.914+0000] {processor.py:914} INFO - Processing file /home/airflow/.local/lib/python3.12/site-packages/airflow/example_dags/example_branch_python_dop_operator_3.py for tasks to queue
[2025-03-12T21:04:50.915+0000] {logging_mixin.py:190} INFO - [2025-03-12T21:04:50.915+0000] {dagbag.py:588} INFO - Filling up the DagBag from /home/airflow/.local/lib/python3.12/site-packages/airflow/example_dags/example_branch_python_dop_operator_3.py
[2025-03-12T21:04:50.922+0000] {processor.py:925} INFO - DAG(s) 'example_branch_dop_operator_v3' retrieved from /home/airflow/.local/lib/python3.12/site-packages/airflow/example_dags/example_branch_python_dop_operator_3.py
[2025-03-12T21:04:50.936+0000] {logging_mixin.py:190} INFO - [2025-03-12T21:04:50.935+0000] {dag.py:3239} INFO - Sync 1 DAGs
[2025-03-12T21:04:50.955+0000] {logging_mixin.py:190} INFO - [2025-03-12T21:04:50.955+0000] {dag.py:4180} INFO - Setting next_dagrun for example_branch_dop_operator_v3 to 2025-03-12 21:03:00+00:00, run_after=2025-03-12 21:04:00+00:00
[2025-03-12T21:04:50.968+0000] {processor.py:208} INFO - Processing /home/airflow/.local/lib/python3.12/site-packages/airflow/example_dags/example_branch_python_dop_operator_3.py took 0.058 seconds
[2025-03-12T21:05:21.531+0000] {processor.py:186} INFO - Started process (PID=2400) to work on /home/airflow/.local/lib/python3.12/site-packages/airflow/example_dags/example_branch_python_dop_operator_3.py
[2025-03-12T21:05:21.532+0000] {processor.py:914} INFO - Processing file /home/airflow/.local/lib/python3.12/site-packages/airflow/example_dags/example_branch_python_dop_operator_3.py for tasks to queue
[2025-03-12T21:05:21.533+0000] {logging_mixin.py:190} INFO - [2025-03-12T21:05:21.533+0000] {dagbag.py:588} INFO - Filling up the DagBag from /home/airflow/.local/lib/python3.12/site-packages/airflow/example_dags/example_branch_python_dop_operator_3.py
[2025-03-12T21:05:21.540+0000] {processor.py:925} INFO - DAG(s) 'example_branch_dop_operator_v3' retrieved from /home/airflow/.local/lib/python3.12/site-packages/airflow/example_dags/example_branch_python_dop_operator_3.py
[2025-03-12T21:05:21.553+0000] {logging_mixin.py:190} INFO - [2025-03-12T21:05:21.553+0000] {dag.py:3239} INFO - Sync 1 DAGs
[2025-03-12T21:05:21.573+0000] {logging_mixin.py:190} INFO - [2025-03-12T21:05:21.573+0000] {dag.py:4180} INFO - Setting next_dagrun for example_branch_dop_operator_v3 to 2025-03-12 21:04:00+00:00, run_after=2025-03-12 21:05:00+00:00
[2025-03-12T21:05:21.590+0000] {processor.py:208} INFO - Processing /home/airflow/.local/lib/python3.12/site-packages/airflow/example_dags/example_branch_python_dop_operator_3.py took 0.063 seconds
[2025-03-12T21:05:51.680+0000] {processor.py:186} INFO - Started process (PID=2462) to work on /home/airflow/.local/lib/python3.12/site-packages/airflow/example_dags/example_branch_python_dop_operator_3.py
[2025-03-12T21:05:51.681+0000] {processor.py:914} INFO - Processing file /home/airflow/.local/lib/python3.12/site-packages/airflow/example_dags/example_branch_python_dop_operator_3.py for tasks to queue
[2025-03-12T21:05:51.682+0000] {logging_mixin.py:190} INFO - [2025-03-12T21:05:51.682+0000] {dagbag.py:588} INFO - Filling up the DagBag from /home/airflow/.local/lib/python3.12/site-packages/airflow/example_dags/example_branch_python_dop_operator_3.py
[2025-03-12T21:05:51.688+0000] {processor.py:925} INFO - DAG(s) 'example_branch_dop_operator_v3' retrieved from /home/airflow/.local/lib/python3.12/site-packages/airflow/example_dags/example_branch_python_dop_operator_3.py
[2025-03-12T21:05:51.704+0000] {logging_mixin.py:190} INFO - [2025-03-12T21:05:51.703+0000] {dag.py:3239} INFO - Sync 1 DAGs
[2025-03-12T21:05:51.720+0000] {logging_mixin.py:190} INFO - [2025-03-12T21:05:51.720+0000] {dag.py:4180} INFO - Setting next_dagrun for example_branch_dop_operator_v3 to 2025-03-12 21:04:00+00:00, run_after=2025-03-12 21:05:00+00:00
[2025-03-12T21:05:51.733+0000] {processor.py:208} INFO - Processing /home/airflow/.local/lib/python3.12/site-packages/airflow/example_dags/example_branch_python_dop_operator_3.py took 0.057 seconds
[2025-03-12T21:06:22.687+0000] {processor.py:186} INFO - Started process (PID=2526) to work on /home/airflow/.local/lib/python3.12/site-packages/airflow/example_dags/example_branch_python_dop_operator_3.py
[2025-03-12T21:06:22.688+0000] {processor.py:914} INFO - Processing file /home/airflow/.local/lib/python3.12/site-packages/airflow/example_dags/example_branch_python_dop_operator_3.py for tasks to queue
[2025-03-12T21:06:22.689+0000] {logging_mixin.py:190} INFO - [2025-03-12T21:06:22.689+0000] {dagbag.py:588} INFO - Filling up the DagBag from /home/airflow/.local/lib/python3.12/site-packages/airflow/example_dags/example_branch_python_dop_operator_3.py
[2025-03-12T21:06:22.695+0000] {processor.py:925} INFO - DAG(s) 'example_branch_dop_operator_v3' retrieved from /home/airflow/.local/lib/python3.12/site-packages/airflow/example_dags/example_branch_python_dop_operator_3.py
[2025-03-12T21:06:22.711+0000] {logging_mixin.py:190} INFO - [2025-03-12T21:06:22.711+0000] {dag.py:3239} INFO - Sync 1 DAGs
[2025-03-12T21:06:22.731+0000] {logging_mixin.py:190} INFO - [2025-03-12T21:06:22.731+0000] {dag.py:4180} INFO - Setting next_dagrun for example_branch_dop_operator_v3 to 2025-03-12 21:05:00+00:00, run_after=2025-03-12 21:06:00+00:00
[2025-03-12T21:06:22.747+0000] {processor.py:208} INFO - Processing /home/airflow/.local/lib/python3.12/site-packages/airflow/example_dags/example_branch_python_dop_operator_3.py took 0.064 seconds
[2025-03-12T21:06:53.395+0000] {processor.py:186} INFO - Started process (PID=2589) to work on /home/airflow/.local/lib/python3.12/site-packages/airflow/example_dags/example_branch_python_dop_operator_3.py
[2025-03-12T21:06:53.396+0000] {processor.py:914} INFO - Processing file /home/airflow/.local/lib/python3.12/site-packages/airflow/example_dags/example_branch_python_dop_operator_3.py for tasks to queue
[2025-03-12T21:06:53.398+0000] {logging_mixin.py:190} INFO - [2025-03-12T21:06:53.397+0000] {dagbag.py:588} INFO - Filling up the DagBag from /home/airflow/.local/lib/python3.12/site-packages/airflow/example_dags/example_branch_python_dop_operator_3.py
[2025-03-12T21:06:53.405+0000] {processor.py:925} INFO - DAG(s) 'example_branch_dop_operator_v3' retrieved from /home/airflow/.local/lib/python3.12/site-packages/airflow/example_dags/example_branch_python_dop_operator_3.py
[2025-03-12T21:06:53.424+0000] {logging_mixin.py:190} INFO - [2025-03-12T21:06:53.424+0000] {dag.py:3239} INFO - Sync 1 DAGs
[2025-03-12T21:06:53.446+0000] {logging_mixin.py:190} INFO - [2025-03-12T21:06:53.446+0000] {dag.py:4180} INFO - Setting next_dagrun for example_branch_dop_operator_v3 to 2025-03-12 21:05:00+00:00, run_after=2025-03-12 21:06:00+00:00
[2025-03-12T21:06:53.462+0000] {processor.py:208} INFO - Processing /home/airflow/.local/lib/python3.12/site-packages/airflow/example_dags/example_branch_python_dop_operator_3.py took 0.073 seconds
[2025-03-12T21:07:24.391+0000] {processor.py:186} INFO - Started process (PID=2652) to work on /home/airflow/.local/lib/python3.12/site-packages/airflow/example_dags/example_branch_python_dop_operator_3.py
[2025-03-12T21:07:24.392+0000] {processor.py:914} INFO - Processing file /home/airflow/.local/lib/python3.12/site-packages/airflow/example_dags/example_branch_python_dop_operator_3.py for tasks to queue
[2025-03-12T21:07:24.393+0000] {logging_mixin.py:190} INFO - [2025-03-12T21:07:24.393+0000] {dagbag.py:588} INFO - Filling up the DagBag from /home/airflow/.local/lib/python3.12/site-packages/airflow/example_dags/example_branch_python_dop_operator_3.py
[2025-03-12T21:07:24.399+0000] {processor.py:925} INFO - DAG(s) 'example_branch_dop_operator_v3' retrieved from /home/airflow/.local/lib/python3.12/site-packages/airflow/example_dags/example_branch_python_dop_operator_3.py
[2025-03-12T21:07:24.415+0000] {logging_mixin.py:190} INFO - [2025-03-12T21:07:24.414+0000] {dag.py:3239} INFO - Sync 1 DAGs
[2025-03-12T21:07:24.439+0000] {logging_mixin.py:190} INFO - [2025-03-12T21:07:24.439+0000] {dag.py:4180} INFO - Setting next_dagrun for example_branch_dop_operator_v3 to 2025-03-12 21:06:00+00:00, run_after=2025-03-12 21:07:00+00:00
[2025-03-12T21:07:24.457+0000] {processor.py:208} INFO - Processing /home/airflow/.local/lib/python3.12/site-packages/airflow/example_dags/example_branch_python_dop_operator_3.py took 0.070 seconds
[2025-03-12T21:07:54.722+0000] {processor.py:186} INFO - Started process (PID=2714) to work on /home/airflow/.local/lib/python3.12/site-packages/airflow/example_dags/example_branch_python_dop_operator_3.py
[2025-03-12T21:07:54.723+0000] {processor.py:914} INFO - Processing file /home/airflow/.local/lib/python3.12/site-packages/airflow/example_dags/example_branch_python_dop_operator_3.py for tasks to queue
[2025-03-12T21:07:54.724+0000] {logging_mixin.py:190} INFO - [2025-03-12T21:07:54.724+0000] {dagbag.py:588} INFO - Filling up the DagBag from /home/airflow/.local/lib/python3.12/site-packages/airflow/example_dags/example_branch_python_dop_operator_3.py
[2025-03-12T21:07:54.732+0000] {processor.py:925} INFO - DAG(s) 'example_branch_dop_operator_v3' retrieved from /home/airflow/.local/lib/python3.12/site-packages/airflow/example_dags/example_branch_python_dop_operator_3.py
[2025-03-12T21:07:54.747+0000] {logging_mixin.py:190} INFO - [2025-03-12T21:07:54.747+0000] {dag.py:3239} INFO - Sync 1 DAGs
[2025-03-12T21:07:54.766+0000] {logging_mixin.py:190} INFO - [2025-03-12T21:07:54.766+0000] {dag.py:4180} INFO - Setting next_dagrun for example_branch_dop_operator_v3 to 2025-03-12 21:06:00+00:00, run_after=2025-03-12 21:07:00+00:00
[2025-03-12T21:07:54.782+0000] {processor.py:208} INFO - Processing /home/airflow/.local/lib/python3.12/site-packages/airflow/example_dags/example_branch_python_dop_operator_3.py took 0.065 seconds
[2025-03-12T21:08:25.085+0000] {processor.py:186} INFO - Started process (PID=2777) to work on /home/airflow/.local/lib/python3.12/site-packages/airflow/example_dags/example_branch_python_dop_operator_3.py
[2025-03-12T21:08:25.086+0000] {processor.py:914} INFO - Processing file /home/airflow/.local/lib/python3.12/site-packages/airflow/example_dags/example_branch_python_dop_operator_3.py for tasks to queue
[2025-03-12T21:08:25.088+0000] {logging_mixin.py:190} INFO - [2025-03-12T21:08:25.087+0000] {dagbag.py:588} INFO - Filling up the DagBag from /home/airflow/.local/lib/python3.12/site-packages/airflow/example_dags/example_branch_python_dop_operator_3.py
[2025-03-12T21:08:25.097+0000] {processor.py:925} INFO - DAG(s) 'example_branch_dop_operator_v3' retrieved from /home/airflow/.local/lib/python3.12/site-packages/airflow/example_dags/example_branch_python_dop_operator_3.py
[2025-03-12T21:08:25.113+0000] {logging_mixin.py:190} INFO - [2025-03-12T21:08:25.113+0000] {dag.py:3239} INFO - Sync 1 DAGs
[2025-03-12T21:08:25.136+0000] {logging_mixin.py:190} INFO - [2025-03-12T21:08:25.136+0000] {dag.py:4180} INFO - Setting next_dagrun for example_branch_dop_operator_v3 to 2025-03-12 21:07:00+00:00, run_after=2025-03-12 21:08:00+00:00
[2025-03-12T21:08:25.156+0000] {processor.py:208} INFO - Processing /home/airflow/.local/lib/python3.12/site-packages/airflow/example_dags/example_branch_python_dop_operator_3.py took 0.076 seconds
