[2025-03-12T20:46:29.014+0000] {processor.py:186} INFO - Started process (PID=107) to work on /home/airflow/.local/lib/python3.12/site-packages/airflow/example_dags/example_branch_labels.py
[2025-03-12T20:46:29.014+0000] {processor.py:914} INFO - Processing file /home/airflow/.local/lib/python3.12/site-packages/airflow/example_dags/example_branch_labels.py for tasks to queue
[2025-03-12T20:46:29.015+0000] {logging_mixin.py:190} INFO - [2025-03-12T20:46:29.015+0000] {dagbag.py:588} INFO - Filling up the DagBag from /home/airflow/.local/lib/python3.12/site-packages/airflow/example_dags/example_branch_labels.py
[2025-03-12T20:46:29.021+0000] {processor.py:925} INFO - DAG(s) 'example_branch_labels' retrieved from /home/airflow/.local/lib/python3.12/site-packages/airflow/example_dags/example_branch_labels.py
[2025-03-12T20:46:29.090+0000] {logging_mixin.py:190} INFO - [2025-03-12T20:46:29.089+0000] {override.py:1912} INFO - Created Permission View: can edit on DAG:example_branch_labels
[2025-03-12T20:46:29.099+0000] {logging_mixin.py:190} INFO - [2025-03-12T20:46:29.098+0000] {override.py:1912} INFO - Created Permission View: can read on DAG:example_branch_labels
[2025-03-12T20:46:29.104+0000] {logging_mixin.py:190} INFO - [2025-03-12T20:46:29.103+0000] {override.py:1912} INFO - Created Permission View: can delete on DAG:example_branch_labels
[2025-03-12T20:46:29.108+0000] {logging_mixin.py:190} INFO - [2025-03-12T20:46:29.108+0000] {override.py:1912} INFO - Created Permission View: menu access on DAG Run:example_branch_labels
[2025-03-12T20:46:29.113+0000] {logging_mixin.py:190} INFO - [2025-03-12T20:46:29.113+0000] {override.py:1912} INFO - Created Permission View: can create on DAG Run:example_branch_labels
[2025-03-12T20:46:29.117+0000] {logging_mixin.py:190} INFO - [2025-03-12T20:46:29.117+0000] {override.py:1912} INFO - Created Permission View: can read on DAG Run:example_branch_labels
[2025-03-12T20:46:29.122+0000] {logging_mixin.py:190} INFO - [2025-03-12T20:46:29.122+0000] {override.py:1912} INFO - Created Permission View: can delete on DAG Run:example_branch_labels
[2025-03-12T20:46:29.122+0000] {logging_mixin.py:190} INFO - [2025-03-12T20:46:29.122+0000] {dag.py:3239} INFO - Sync 1 DAGs
[2025-03-12T20:46:29.132+0000] {logging_mixin.py:190} INFO - [2025-03-12T20:46:29.132+0000] {dag.py:3262} INFO - Creating ORM DAG for example_branch_labels
[2025-03-12T20:46:29.141+0000] {logging_mixin.py:190} INFO - [2025-03-12T20:46:29.141+0000] {dag.py:4180} INFO - Setting next_dagrun for example_branch_labels to 2025-03-11 00:00:00+00:00, run_after=2025-03-12 00:00:00+00:00
[2025-03-12T20:46:29.153+0000] {processor.py:208} INFO - Processing /home/airflow/.local/lib/python3.12/site-packages/airflow/example_dags/example_branch_labels.py took 0.143 seconds
[2025-03-12T20:46:59.429+0000] {processor.py:186} INFO - Started process (PID=170) to work on /home/airflow/.local/lib/python3.12/site-packages/airflow/example_dags/example_branch_labels.py
[2025-03-12T20:46:59.430+0000] {processor.py:914} INFO - Processing file /home/airflow/.local/lib/python3.12/site-packages/airflow/example_dags/example_branch_labels.py for tasks to queue
[2025-03-12T20:46:59.431+0000] {logging_mixin.py:190} INFO - [2025-03-12T20:46:59.431+0000] {dagbag.py:588} INFO - Filling up the DagBag from /home/airflow/.local/lib/python3.12/site-packages/airflow/example_dags/example_branch_labels.py
[2025-03-12T20:46:59.439+0000] {processor.py:925} INFO - DAG(s) 'example_branch_labels' retrieved from /home/airflow/.local/lib/python3.12/site-packages/airflow/example_dags/example_branch_labels.py
[2025-03-12T20:46:59.458+0000] {logging_mixin.py:190} INFO - [2025-03-12T20:46:59.458+0000] {dag.py:3239} INFO - Sync 1 DAGs
[2025-03-12T20:46:59.481+0000] {logging_mixin.py:190} INFO - [2025-03-12T20:46:59.481+0000] {dag.py:4180} INFO - Setting next_dagrun for example_branch_labels to 2025-03-11 00:00:00+00:00, run_after=2025-03-12 00:00:00+00:00
[2025-03-12T20:46:59.501+0000] {processor.py:208} INFO - Processing /home/airflow/.local/lib/python3.12/site-packages/airflow/example_dags/example_branch_labels.py took 0.077 seconds
[2025-03-12T20:47:29.893+0000] {processor.py:186} INFO - Started process (PID=233) to work on /home/airflow/.local/lib/python3.12/site-packages/airflow/example_dags/example_branch_labels.py
[2025-03-12T20:47:29.893+0000] {processor.py:914} INFO - Processing file /home/airflow/.local/lib/python3.12/site-packages/airflow/example_dags/example_branch_labels.py for tasks to queue
[2025-03-12T20:47:29.895+0000] {logging_mixin.py:190} INFO - [2025-03-12T20:47:29.894+0000] {dagbag.py:588} INFO - Filling up the DagBag from /home/airflow/.local/lib/python3.12/site-packages/airflow/example_dags/example_branch_labels.py
[2025-03-12T20:47:29.901+0000] {processor.py:925} INFO - DAG(s) 'example_branch_labels' retrieved from /home/airflow/.local/lib/python3.12/site-packages/airflow/example_dags/example_branch_labels.py
[2025-03-12T20:47:29.917+0000] {logging_mixin.py:190} INFO - [2025-03-12T20:47:29.917+0000] {dag.py:3239} INFO - Sync 1 DAGs
[2025-03-12T20:47:29.937+0000] {logging_mixin.py:190} INFO - [2025-03-12T20:47:29.936+0000] {dag.py:4180} INFO - Setting next_dagrun for example_branch_labels to 2025-03-11 00:00:00+00:00, run_after=2025-03-12 00:00:00+00:00
[2025-03-12T20:47:29.952+0000] {processor.py:208} INFO - Processing /home/airflow/.local/lib/python3.12/site-packages/airflow/example_dags/example_branch_labels.py took 0.063 seconds
[2025-03-12T20:48:00.944+0000] {processor.py:186} INFO - Started process (PID=296) to work on /home/airflow/.local/lib/python3.12/site-packages/airflow/example_dags/example_branch_labels.py
[2025-03-12T20:48:00.945+0000] {processor.py:914} INFO - Processing file /home/airflow/.local/lib/python3.12/site-packages/airflow/example_dags/example_branch_labels.py for tasks to queue
[2025-03-12T20:48:00.947+0000] {logging_mixin.py:190} INFO - [2025-03-12T20:48:00.947+0000] {dagbag.py:588} INFO - Filling up the DagBag from /home/airflow/.local/lib/python3.12/site-packages/airflow/example_dags/example_branch_labels.py
[2025-03-12T20:48:00.959+0000] {processor.py:925} INFO - DAG(s) 'example_branch_labels' retrieved from /home/airflow/.local/lib/python3.12/site-packages/airflow/example_dags/example_branch_labels.py
[2025-03-12T20:48:00.981+0000] {logging_mixin.py:190} INFO - [2025-03-12T20:48:00.981+0000] {dag.py:3239} INFO - Sync 1 DAGs
[2025-03-12T20:48:01.007+0000] {logging_mixin.py:190} INFO - [2025-03-12T20:48:01.007+0000] {dag.py:4180} INFO - Setting next_dagrun for example_branch_labels to 2025-03-11 00:00:00+00:00, run_after=2025-03-12 00:00:00+00:00
[2025-03-12T20:48:01.029+0000] {processor.py:208} INFO - Processing /home/airflow/.local/lib/python3.12/site-packages/airflow/example_dags/example_branch_labels.py took 0.092 seconds
[2025-03-12T20:48:31.922+0000] {processor.py:186} INFO - Started process (PID=359) to work on /home/airflow/.local/lib/python3.12/site-packages/airflow/example_dags/example_branch_labels.py
[2025-03-12T20:48:31.924+0000] {processor.py:914} INFO - Processing file /home/airflow/.local/lib/python3.12/site-packages/airflow/example_dags/example_branch_labels.py for tasks to queue
[2025-03-12T20:48:31.926+0000] {logging_mixin.py:190} INFO - [2025-03-12T20:48:31.925+0000] {dagbag.py:588} INFO - Filling up the DagBag from /home/airflow/.local/lib/python3.12/site-packages/airflow/example_dags/example_branch_labels.py
[2025-03-12T20:48:31.933+0000] {processor.py:925} INFO - DAG(s) 'example_branch_labels' retrieved from /home/airflow/.local/lib/python3.12/site-packages/airflow/example_dags/example_branch_labels.py
[2025-03-12T20:48:31.961+0000] {logging_mixin.py:190} INFO - [2025-03-12T20:48:31.961+0000] {dag.py:3239} INFO - Sync 1 DAGs
[2025-03-12T20:48:31.992+0000] {logging_mixin.py:190} INFO - [2025-03-12T20:48:31.992+0000] {dag.py:4180} INFO - Setting next_dagrun for example_branch_labels to 2025-03-11 00:00:00+00:00, run_after=2025-03-12 00:00:00+00:00
[2025-03-12T20:48:32.018+0000] {processor.py:208} INFO - Processing /home/airflow/.local/lib/python3.12/site-packages/airflow/example_dags/example_branch_labels.py took 0.102 seconds
[2025-03-12T20:49:02.230+0000] {processor.py:186} INFO - Started process (PID=422) to work on /home/airflow/.local/lib/python3.12/site-packages/airflow/example_dags/example_branch_labels.py
[2025-03-12T20:49:02.231+0000] {processor.py:914} INFO - Processing file /home/airflow/.local/lib/python3.12/site-packages/airflow/example_dags/example_branch_labels.py for tasks to queue
[2025-03-12T20:49:02.232+0000] {logging_mixin.py:190} INFO - [2025-03-12T20:49:02.232+0000] {dagbag.py:588} INFO - Filling up the DagBag from /home/airflow/.local/lib/python3.12/site-packages/airflow/example_dags/example_branch_labels.py
[2025-03-12T20:49:02.238+0000] {processor.py:925} INFO - DAG(s) 'example_branch_labels' retrieved from /home/airflow/.local/lib/python3.12/site-packages/airflow/example_dags/example_branch_labels.py
[2025-03-12T20:49:02.254+0000] {logging_mixin.py:190} INFO - [2025-03-12T20:49:02.254+0000] {dag.py:3239} INFO - Sync 1 DAGs
[2025-03-12T20:49:02.284+0000] {logging_mixin.py:190} INFO - [2025-03-12T20:49:02.284+0000] {dag.py:4180} INFO - Setting next_dagrun for example_branch_labels to 2025-03-11 00:00:00+00:00, run_after=2025-03-12 00:00:00+00:00
[2025-03-12T20:49:02.299+0000] {processor.py:208} INFO - Processing /home/airflow/.local/lib/python3.12/site-packages/airflow/example_dags/example_branch_labels.py took 0.075 seconds
[2025-03-12T20:49:33.029+0000] {processor.py:186} INFO - Started process (PID=485) to work on /home/airflow/.local/lib/python3.12/site-packages/airflow/example_dags/example_branch_labels.py
[2025-03-12T20:49:33.029+0000] {processor.py:914} INFO - Processing file /home/airflow/.local/lib/python3.12/site-packages/airflow/example_dags/example_branch_labels.py for tasks to queue
[2025-03-12T20:49:33.031+0000] {logging_mixin.py:190} INFO - [2025-03-12T20:49:33.030+0000] {dagbag.py:588} INFO - Filling up the DagBag from /home/airflow/.local/lib/python3.12/site-packages/airflow/example_dags/example_branch_labels.py
[2025-03-12T20:49:33.036+0000] {processor.py:925} INFO - DAG(s) 'example_branch_labels' retrieved from /home/airflow/.local/lib/python3.12/site-packages/airflow/example_dags/example_branch_labels.py
[2025-03-12T20:49:33.050+0000] {logging_mixin.py:190} INFO - [2025-03-12T20:49:33.050+0000] {dag.py:3239} INFO - Sync 1 DAGs
[2025-03-12T20:49:33.065+0000] {logging_mixin.py:190} INFO - [2025-03-12T20:49:33.065+0000] {dag.py:4180} INFO - Setting next_dagrun for example_branch_labels to 2025-03-11 00:00:00+00:00, run_after=2025-03-12 00:00:00+00:00
[2025-03-12T20:49:33.075+0000] {processor.py:208} INFO - Processing /home/airflow/.local/lib/python3.12/site-packages/airflow/example_dags/example_branch_labels.py took 0.049 seconds
[2025-03-12T20:50:03.436+0000] {processor.py:186} INFO - Started process (PID=548) to work on /home/airflow/.local/lib/python3.12/site-packages/airflow/example_dags/example_branch_labels.py
[2025-03-12T20:50:03.438+0000] {processor.py:914} INFO - Processing file /home/airflow/.local/lib/python3.12/site-packages/airflow/example_dags/example_branch_labels.py for tasks to queue
[2025-03-12T20:50:03.439+0000] {logging_mixin.py:190} INFO - [2025-03-12T20:50:03.439+0000] {dagbag.py:588} INFO - Filling up the DagBag from /home/airflow/.local/lib/python3.12/site-packages/airflow/example_dags/example_branch_labels.py
[2025-03-12T20:50:03.447+0000] {processor.py:925} INFO - DAG(s) 'example_branch_labels' retrieved from /home/airflow/.local/lib/python3.12/site-packages/airflow/example_dags/example_branch_labels.py
[2025-03-12T20:50:03.464+0000] {logging_mixin.py:190} INFO - [2025-03-12T20:50:03.464+0000] {dag.py:3239} INFO - Sync 1 DAGs
[2025-03-12T20:50:03.489+0000] {logging_mixin.py:190} INFO - [2025-03-12T20:50:03.489+0000] {dag.py:4180} INFO - Setting next_dagrun for example_branch_labels to 2025-03-11 00:00:00+00:00, run_after=2025-03-12 00:00:00+00:00
[2025-03-12T20:50:03.506+0000] {processor.py:208} INFO - Processing /home/airflow/.local/lib/python3.12/site-packages/airflow/example_dags/example_branch_labels.py took 0.075 seconds
[2025-03-12T20:50:34.041+0000] {processor.py:186} INFO - Started process (PID=611) to work on /home/airflow/.local/lib/python3.12/site-packages/airflow/example_dags/example_branch_labels.py
[2025-03-12T20:50:34.043+0000] {processor.py:914} INFO - Processing file /home/airflow/.local/lib/python3.12/site-packages/airflow/example_dags/example_branch_labels.py for tasks to queue
[2025-03-12T20:50:34.044+0000] {logging_mixin.py:190} INFO - [2025-03-12T20:50:34.044+0000] {dagbag.py:588} INFO - Filling up the DagBag from /home/airflow/.local/lib/python3.12/site-packages/airflow/example_dags/example_branch_labels.py
[2025-03-12T20:50:34.053+0000] {processor.py:925} INFO - DAG(s) 'example_branch_labels' retrieved from /home/airflow/.local/lib/python3.12/site-packages/airflow/example_dags/example_branch_labels.py
[2025-03-12T20:50:34.073+0000] {logging_mixin.py:190} INFO - [2025-03-12T20:50:34.073+0000] {dag.py:3239} INFO - Sync 1 DAGs
[2025-03-12T20:50:34.098+0000] {logging_mixin.py:190} INFO - [2025-03-12T20:50:34.097+0000] {dag.py:4180} INFO - Setting next_dagrun for example_branch_labels to 2025-03-11 00:00:00+00:00, run_after=2025-03-12 00:00:00+00:00
[2025-03-12T20:50:34.118+0000] {processor.py:208} INFO - Processing /home/airflow/.local/lib/python3.12/site-packages/airflow/example_dags/example_branch_labels.py took 0.081 seconds
[2025-03-12T20:51:04.430+0000] {processor.py:186} INFO - Started process (PID=674) to work on /home/airflow/.local/lib/python3.12/site-packages/airflow/example_dags/example_branch_labels.py
[2025-03-12T20:51:04.431+0000] {processor.py:914} INFO - Processing file /home/airflow/.local/lib/python3.12/site-packages/airflow/example_dags/example_branch_labels.py for tasks to queue
[2025-03-12T20:51:04.433+0000] {logging_mixin.py:190} INFO - [2025-03-12T20:51:04.432+0000] {dagbag.py:588} INFO - Filling up the DagBag from /home/airflow/.local/lib/python3.12/site-packages/airflow/example_dags/example_branch_labels.py
[2025-03-12T20:51:04.439+0000] {processor.py:925} INFO - DAG(s) 'example_branch_labels' retrieved from /home/airflow/.local/lib/python3.12/site-packages/airflow/example_dags/example_branch_labels.py
[2025-03-12T20:51:04.453+0000] {logging_mixin.py:190} INFO - [2025-03-12T20:51:04.453+0000] {dag.py:3239} INFO - Sync 1 DAGs
[2025-03-12T20:51:04.469+0000] {logging_mixin.py:190} INFO - [2025-03-12T20:51:04.469+0000] {dag.py:4180} INFO - Setting next_dagrun for example_branch_labels to 2025-03-11 00:00:00+00:00, run_after=2025-03-12 00:00:00+00:00
[2025-03-12T20:51:04.482+0000] {processor.py:208} INFO - Processing /home/airflow/.local/lib/python3.12/site-packages/airflow/example_dags/example_branch_labels.py took 0.056 seconds
[2025-03-12T20:51:34.896+0000] {processor.py:186} INFO - Started process (PID=737) to work on /home/airflow/.local/lib/python3.12/site-packages/airflow/example_dags/example_branch_labels.py
[2025-03-12T20:51:34.897+0000] {processor.py:914} INFO - Processing file /home/airflow/.local/lib/python3.12/site-packages/airflow/example_dags/example_branch_labels.py for tasks to queue
[2025-03-12T20:51:34.898+0000] {logging_mixin.py:190} INFO - [2025-03-12T20:51:34.898+0000] {dagbag.py:588} INFO - Filling up the DagBag from /home/airflow/.local/lib/python3.12/site-packages/airflow/example_dags/example_branch_labels.py
[2025-03-12T20:51:34.903+0000] {processor.py:925} INFO - DAG(s) 'example_branch_labels' retrieved from /home/airflow/.local/lib/python3.12/site-packages/airflow/example_dags/example_branch_labels.py
[2025-03-12T20:51:34.916+0000] {logging_mixin.py:190} INFO - [2025-03-12T20:51:34.916+0000] {dag.py:3239} INFO - Sync 1 DAGs
[2025-03-12T20:51:34.937+0000] {logging_mixin.py:190} INFO - [2025-03-12T20:51:34.936+0000] {dag.py:4180} INFO - Setting next_dagrun for example_branch_labels to 2025-03-11 00:00:00+00:00, run_after=2025-03-12 00:00:00+00:00
[2025-03-12T20:51:34.951+0000] {processor.py:208} INFO - Processing /home/airflow/.local/lib/python3.12/site-packages/airflow/example_dags/example_branch_labels.py took 0.059 seconds
[2025-03-12T20:52:05.972+0000] {processor.py:186} INFO - Started process (PID=800) to work on /home/airflow/.local/lib/python3.12/site-packages/airflow/example_dags/example_branch_labels.py
[2025-03-12T20:52:05.973+0000] {processor.py:914} INFO - Processing file /home/airflow/.local/lib/python3.12/site-packages/airflow/example_dags/example_branch_labels.py for tasks to queue
[2025-03-12T20:52:05.974+0000] {logging_mixin.py:190} INFO - [2025-03-12T20:52:05.974+0000] {dagbag.py:588} INFO - Filling up the DagBag from /home/airflow/.local/lib/python3.12/site-packages/airflow/example_dags/example_branch_labels.py
[2025-03-12T20:52:05.980+0000] {processor.py:925} INFO - DAG(s) 'example_branch_labels' retrieved from /home/airflow/.local/lib/python3.12/site-packages/airflow/example_dags/example_branch_labels.py
[2025-03-12T20:52:05.997+0000] {logging_mixin.py:190} INFO - [2025-03-12T20:52:05.996+0000] {dag.py:3239} INFO - Sync 1 DAGs
[2025-03-12T20:52:06.010+0000] {logging_mixin.py:190} INFO - [2025-03-12T20:52:06.010+0000] {dag.py:4180} INFO - Setting next_dagrun for example_branch_labels to 2025-03-11 00:00:00+00:00, run_after=2025-03-12 00:00:00+00:00
[2025-03-12T20:52:06.022+0000] {processor.py:208} INFO - Processing /home/airflow/.local/lib/python3.12/site-packages/airflow/example_dags/example_branch_labels.py took 0.055 seconds
[2025-03-12T20:52:36.741+0000] {processor.py:186} INFO - Started process (PID=863) to work on /home/airflow/.local/lib/python3.12/site-packages/airflow/example_dags/example_branch_labels.py
[2025-03-12T20:52:36.742+0000] {processor.py:914} INFO - Processing file /home/airflow/.local/lib/python3.12/site-packages/airflow/example_dags/example_branch_labels.py for tasks to queue
[2025-03-12T20:52:36.743+0000] {logging_mixin.py:190} INFO - [2025-03-12T20:52:36.743+0000] {dagbag.py:588} INFO - Filling up the DagBag from /home/airflow/.local/lib/python3.12/site-packages/airflow/example_dags/example_branch_labels.py
[2025-03-12T20:52:36.749+0000] {processor.py:925} INFO - DAG(s) 'example_branch_labels' retrieved from /home/airflow/.local/lib/python3.12/site-packages/airflow/example_dags/example_branch_labels.py
[2025-03-12T20:52:36.768+0000] {logging_mixin.py:190} INFO - [2025-03-12T20:52:36.767+0000] {dag.py:3239} INFO - Sync 1 DAGs
[2025-03-12T20:52:36.791+0000] {logging_mixin.py:190} INFO - [2025-03-12T20:52:36.791+0000] {dag.py:4180} INFO - Setting next_dagrun for example_branch_labels to 2025-03-11 00:00:00+00:00, run_after=2025-03-12 00:00:00+00:00
[2025-03-12T20:52:36.808+0000] {processor.py:208} INFO - Processing /home/airflow/.local/lib/python3.12/site-packages/airflow/example_dags/example_branch_labels.py took 0.073 seconds
[2025-03-12T20:53:07.470+0000] {processor.py:186} INFO - Started process (PID=926) to work on /home/airflow/.local/lib/python3.12/site-packages/airflow/example_dags/example_branch_labels.py
[2025-03-12T20:53:07.472+0000] {processor.py:914} INFO - Processing file /home/airflow/.local/lib/python3.12/site-packages/airflow/example_dags/example_branch_labels.py for tasks to queue
[2025-03-12T20:53:07.473+0000] {logging_mixin.py:190} INFO - [2025-03-12T20:53:07.473+0000] {dagbag.py:588} INFO - Filling up the DagBag from /home/airflow/.local/lib/python3.12/site-packages/airflow/example_dags/example_branch_labels.py
[2025-03-12T20:53:07.480+0000] {processor.py:925} INFO - DAG(s) 'example_branch_labels' retrieved from /home/airflow/.local/lib/python3.12/site-packages/airflow/example_dags/example_branch_labels.py
[2025-03-12T20:53:07.497+0000] {logging_mixin.py:190} INFO - [2025-03-12T20:53:07.497+0000] {dag.py:3239} INFO - Sync 1 DAGs
[2025-03-12T20:53:07.518+0000] {logging_mixin.py:190} INFO - [2025-03-12T20:53:07.518+0000] {dag.py:4180} INFO - Setting next_dagrun for example_branch_labels to 2025-03-11 00:00:00+00:00, run_after=2025-03-12 00:00:00+00:00
[2025-03-12T20:53:07.536+0000] {processor.py:208} INFO - Processing /home/airflow/.local/lib/python3.12/site-packages/airflow/example_dags/example_branch_labels.py took 0.069 seconds
[2025-03-12T20:53:38.324+0000] {processor.py:186} INFO - Started process (PID=989) to work on /home/airflow/.local/lib/python3.12/site-packages/airflow/example_dags/example_branch_labels.py
[2025-03-12T20:53:38.326+0000] {processor.py:914} INFO - Processing file /home/airflow/.local/lib/python3.12/site-packages/airflow/example_dags/example_branch_labels.py for tasks to queue
[2025-03-12T20:53:38.328+0000] {logging_mixin.py:190} INFO - [2025-03-12T20:53:38.327+0000] {dagbag.py:588} INFO - Filling up the DagBag from /home/airflow/.local/lib/python3.12/site-packages/airflow/example_dags/example_branch_labels.py
[2025-03-12T20:53:38.339+0000] {processor.py:925} INFO - DAG(s) 'example_branch_labels' retrieved from /home/airflow/.local/lib/python3.12/site-packages/airflow/example_dags/example_branch_labels.py
[2025-03-12T20:53:38.358+0000] {logging_mixin.py:190} INFO - [2025-03-12T20:53:38.358+0000] {dag.py:3239} INFO - Sync 1 DAGs
[2025-03-12T20:53:38.376+0000] {logging_mixin.py:190} INFO - [2025-03-12T20:53:38.376+0000] {dag.py:4180} INFO - Setting next_dagrun for example_branch_labels to 2025-03-11 00:00:00+00:00, run_after=2025-03-12 00:00:00+00:00
[2025-03-12T20:53:38.395+0000] {processor.py:208} INFO - Processing /home/airflow/.local/lib/python3.12/site-packages/airflow/example_dags/example_branch_labels.py took 0.076 seconds
[2025-03-12T20:54:08.460+0000] {processor.py:186} INFO - Started process (PID=1052) to work on /home/airflow/.local/lib/python3.12/site-packages/airflow/example_dags/example_branch_labels.py
[2025-03-12T20:54:08.461+0000] {processor.py:914} INFO - Processing file /home/airflow/.local/lib/python3.12/site-packages/airflow/example_dags/example_branch_labels.py for tasks to queue
[2025-03-12T20:54:08.462+0000] {logging_mixin.py:190} INFO - [2025-03-12T20:54:08.462+0000] {dagbag.py:588} INFO - Filling up the DagBag from /home/airflow/.local/lib/python3.12/site-packages/airflow/example_dags/example_branch_labels.py
[2025-03-12T20:54:08.471+0000] {processor.py:925} INFO - DAG(s) 'example_branch_labels' retrieved from /home/airflow/.local/lib/python3.12/site-packages/airflow/example_dags/example_branch_labels.py
[2025-03-12T20:54:08.492+0000] {logging_mixin.py:190} INFO - [2025-03-12T20:54:08.492+0000] {dag.py:3239} INFO - Sync 1 DAGs
[2025-03-12T20:54:08.516+0000] {logging_mixin.py:190} INFO - [2025-03-12T20:54:08.515+0000] {dag.py:4180} INFO - Setting next_dagrun for example_branch_labels to 2025-03-11 00:00:00+00:00, run_after=2025-03-12 00:00:00+00:00
[2025-03-12T20:54:08.534+0000] {processor.py:208} INFO - Processing /home/airflow/.local/lib/python3.12/site-packages/airflow/example_dags/example_branch_labels.py took 0.080 seconds
[2025-03-12T20:54:39.581+0000] {processor.py:186} INFO - Started process (PID=1115) to work on /home/airflow/.local/lib/python3.12/site-packages/airflow/example_dags/example_branch_labels.py
[2025-03-12T20:54:39.582+0000] {processor.py:914} INFO - Processing file /home/airflow/.local/lib/python3.12/site-packages/airflow/example_dags/example_branch_labels.py for tasks to queue
[2025-03-12T20:54:39.584+0000] {logging_mixin.py:190} INFO - [2025-03-12T20:54:39.583+0000] {dagbag.py:588} INFO - Filling up the DagBag from /home/airflow/.local/lib/python3.12/site-packages/airflow/example_dags/example_branch_labels.py
[2025-03-12T20:54:39.591+0000] {processor.py:925} INFO - DAG(s) 'example_branch_labels' retrieved from /home/airflow/.local/lib/python3.12/site-packages/airflow/example_dags/example_branch_labels.py
[2025-03-12T20:54:39.612+0000] {logging_mixin.py:190} INFO - [2025-03-12T20:54:39.612+0000] {dag.py:3239} INFO - Sync 1 DAGs
[2025-03-12T20:54:39.636+0000] {logging_mixin.py:190} INFO - [2025-03-12T20:54:39.636+0000] {dag.py:4180} INFO - Setting next_dagrun for example_branch_labels to 2025-03-11 00:00:00+00:00, run_after=2025-03-12 00:00:00+00:00
[2025-03-12T20:54:39.657+0000] {processor.py:208} INFO - Processing /home/airflow/.local/lib/python3.12/site-packages/airflow/example_dags/example_branch_labels.py took 0.081 seconds
[2025-03-12T20:55:10.250+0000] {processor.py:186} INFO - Started process (PID=1178) to work on /home/airflow/.local/lib/python3.12/site-packages/airflow/example_dags/example_branch_labels.py
[2025-03-12T20:55:10.251+0000] {processor.py:914} INFO - Processing file /home/airflow/.local/lib/python3.12/site-packages/airflow/example_dags/example_branch_labels.py for tasks to queue
[2025-03-12T20:55:10.253+0000] {logging_mixin.py:190} INFO - [2025-03-12T20:55:10.253+0000] {dagbag.py:588} INFO - Filling up the DagBag from /home/airflow/.local/lib/python3.12/site-packages/airflow/example_dags/example_branch_labels.py
[2025-03-12T20:55:10.259+0000] {processor.py:925} INFO - DAG(s) 'example_branch_labels' retrieved from /home/airflow/.local/lib/python3.12/site-packages/airflow/example_dags/example_branch_labels.py
[2025-03-12T20:55:10.275+0000] {logging_mixin.py:190} INFO - [2025-03-12T20:55:10.275+0000] {dag.py:3239} INFO - Sync 1 DAGs
[2025-03-12T20:55:10.297+0000] {logging_mixin.py:190} INFO - [2025-03-12T20:55:10.297+0000] {dag.py:4180} INFO - Setting next_dagrun for example_branch_labels to 2025-03-11 00:00:00+00:00, run_after=2025-03-12 00:00:00+00:00
[2025-03-12T20:55:10.314+0000] {processor.py:208} INFO - Processing /home/airflow/.local/lib/python3.12/site-packages/airflow/example_dags/example_branch_labels.py took 0.068 seconds
[2025-03-12T20:55:40.660+0000] {processor.py:186} INFO - Started process (PID=1241) to work on /home/airflow/.local/lib/python3.12/site-packages/airflow/example_dags/example_branch_labels.py
[2025-03-12T20:55:40.662+0000] {processor.py:914} INFO - Processing file /home/airflow/.local/lib/python3.12/site-packages/airflow/example_dags/example_branch_labels.py for tasks to queue
[2025-03-12T20:55:40.664+0000] {logging_mixin.py:190} INFO - [2025-03-12T20:55:40.663+0000] {dagbag.py:588} INFO - Filling up the DagBag from /home/airflow/.local/lib/python3.12/site-packages/airflow/example_dags/example_branch_labels.py
[2025-03-12T20:55:40.675+0000] {processor.py:925} INFO - DAG(s) 'example_branch_labels' retrieved from /home/airflow/.local/lib/python3.12/site-packages/airflow/example_dags/example_branch_labels.py
[2025-03-12T20:55:40.701+0000] {logging_mixin.py:190} INFO - [2025-03-12T20:55:40.701+0000] {dag.py:3239} INFO - Sync 1 DAGs
[2025-03-12T20:55:40.735+0000] {logging_mixin.py:190} INFO - [2025-03-12T20:55:40.735+0000] {dag.py:4180} INFO - Setting next_dagrun for example_branch_labels to 2025-03-11 00:00:00+00:00, run_after=2025-03-12 00:00:00+00:00
[2025-03-12T20:55:40.761+0000] {processor.py:208} INFO - Processing /home/airflow/.local/lib/python3.12/site-packages/airflow/example_dags/example_branch_labels.py took 0.107 seconds
[2025-03-12T20:56:10.933+0000] {processor.py:186} INFO - Started process (PID=1303) to work on /home/airflow/.local/lib/python3.12/site-packages/airflow/example_dags/example_branch_labels.py
[2025-03-12T20:56:10.934+0000] {processor.py:914} INFO - Processing file /home/airflow/.local/lib/python3.12/site-packages/airflow/example_dags/example_branch_labels.py for tasks to queue
[2025-03-12T20:56:10.935+0000] {logging_mixin.py:190} INFO - [2025-03-12T20:56:10.935+0000] {dagbag.py:588} INFO - Filling up the DagBag from /home/airflow/.local/lib/python3.12/site-packages/airflow/example_dags/example_branch_labels.py
[2025-03-12T20:56:10.942+0000] {processor.py:925} INFO - DAG(s) 'example_branch_labels' retrieved from /home/airflow/.local/lib/python3.12/site-packages/airflow/example_dags/example_branch_labels.py
[2025-03-12T20:56:10.962+0000] {logging_mixin.py:190} INFO - [2025-03-12T20:56:10.962+0000] {dag.py:3239} INFO - Sync 1 DAGs
[2025-03-12T20:56:10.985+0000] {logging_mixin.py:190} INFO - [2025-03-12T20:56:10.984+0000] {dag.py:4180} INFO - Setting next_dagrun for example_branch_labels to 2025-03-11 00:00:00+00:00, run_after=2025-03-12 00:00:00+00:00
[2025-03-12T20:56:11.002+0000] {processor.py:208} INFO - Processing /home/airflow/.local/lib/python3.12/site-packages/airflow/example_dags/example_branch_labels.py took 0.074 seconds
[2025-03-12T20:56:41.735+0000] {processor.py:186} INFO - Started process (PID=1366) to work on /home/airflow/.local/lib/python3.12/site-packages/airflow/example_dags/example_branch_labels.py
[2025-03-12T20:56:41.736+0000] {processor.py:914} INFO - Processing file /home/airflow/.local/lib/python3.12/site-packages/airflow/example_dags/example_branch_labels.py for tasks to queue
[2025-03-12T20:56:41.738+0000] {logging_mixin.py:190} INFO - [2025-03-12T20:56:41.737+0000] {dagbag.py:588} INFO - Filling up the DagBag from /home/airflow/.local/lib/python3.12/site-packages/airflow/example_dags/example_branch_labels.py
[2025-03-12T20:56:41.745+0000] {processor.py:925} INFO - DAG(s) 'example_branch_labels' retrieved from /home/airflow/.local/lib/python3.12/site-packages/airflow/example_dags/example_branch_labels.py
[2025-03-12T20:56:41.765+0000] {logging_mixin.py:190} INFO - [2025-03-12T20:56:41.765+0000] {dag.py:3239} INFO - Sync 1 DAGs
[2025-03-12T20:56:41.786+0000] {logging_mixin.py:190} INFO - [2025-03-12T20:56:41.786+0000] {dag.py:4180} INFO - Setting next_dagrun for example_branch_labels to 2025-03-11 00:00:00+00:00, run_after=2025-03-12 00:00:00+00:00
[2025-03-12T20:56:41.801+0000] {processor.py:208} INFO - Processing /home/airflow/.local/lib/python3.12/site-packages/airflow/example_dags/example_branch_labels.py took 0.071 seconds
[2025-03-12T20:57:12.296+0000] {processor.py:186} INFO - Started process (PID=1429) to work on /home/airflow/.local/lib/python3.12/site-packages/airflow/example_dags/example_branch_labels.py
[2025-03-12T20:57:12.297+0000] {processor.py:914} INFO - Processing file /home/airflow/.local/lib/python3.12/site-packages/airflow/example_dags/example_branch_labels.py for tasks to queue
[2025-03-12T20:57:12.298+0000] {logging_mixin.py:190} INFO - [2025-03-12T20:57:12.298+0000] {dagbag.py:588} INFO - Filling up the DagBag from /home/airflow/.local/lib/python3.12/site-packages/airflow/example_dags/example_branch_labels.py
[2025-03-12T20:57:12.304+0000] {processor.py:925} INFO - DAG(s) 'example_branch_labels' retrieved from /home/airflow/.local/lib/python3.12/site-packages/airflow/example_dags/example_branch_labels.py
[2025-03-12T20:57:12.322+0000] {logging_mixin.py:190} INFO - [2025-03-12T20:57:12.322+0000] {dag.py:3239} INFO - Sync 1 DAGs
[2025-03-12T20:57:12.341+0000] {logging_mixin.py:190} INFO - [2025-03-12T20:57:12.340+0000] {dag.py:4180} INFO - Setting next_dagrun for example_branch_labels to 2025-03-11 00:00:00+00:00, run_after=2025-03-12 00:00:00+00:00
[2025-03-12T20:57:12.357+0000] {processor.py:208} INFO - Processing /home/airflow/.local/lib/python3.12/site-packages/airflow/example_dags/example_branch_labels.py took 0.064 seconds
[2025-03-12T20:57:43.152+0000] {processor.py:186} INFO - Started process (PID=1492) to work on /home/airflow/.local/lib/python3.12/site-packages/airflow/example_dags/example_branch_labels.py
[2025-03-12T20:57:43.153+0000] {processor.py:914} INFO - Processing file /home/airflow/.local/lib/python3.12/site-packages/airflow/example_dags/example_branch_labels.py for tasks to queue
[2025-03-12T20:57:43.155+0000] {logging_mixin.py:190} INFO - [2025-03-12T20:57:43.154+0000] {dagbag.py:588} INFO - Filling up the DagBag from /home/airflow/.local/lib/python3.12/site-packages/airflow/example_dags/example_branch_labels.py
[2025-03-12T20:57:43.165+0000] {processor.py:925} INFO - DAG(s) 'example_branch_labels' retrieved from /home/airflow/.local/lib/python3.12/site-packages/airflow/example_dags/example_branch_labels.py
[2025-03-12T20:57:43.186+0000] {logging_mixin.py:190} INFO - [2025-03-12T20:57:43.185+0000] {dag.py:3239} INFO - Sync 1 DAGs
[2025-03-12T20:57:43.210+0000] {logging_mixin.py:190} INFO - [2025-03-12T20:57:43.210+0000] {dag.py:4180} INFO - Setting next_dagrun for example_branch_labels to 2025-03-11 00:00:00+00:00, run_after=2025-03-12 00:00:00+00:00
[2025-03-12T20:57:43.226+0000] {processor.py:208} INFO - Processing /home/airflow/.local/lib/python3.12/site-packages/airflow/example_dags/example_branch_labels.py took 0.081 seconds
[2025-03-12T20:58:14.443+0000] {processor.py:186} INFO - Started process (PID=1555) to work on /home/airflow/.local/lib/python3.12/site-packages/airflow/example_dags/example_branch_labels.py
[2025-03-12T20:58:14.444+0000] {processor.py:914} INFO - Processing file /home/airflow/.local/lib/python3.12/site-packages/airflow/example_dags/example_branch_labels.py for tasks to queue
[2025-03-12T20:58:14.446+0000] {logging_mixin.py:190} INFO - [2025-03-12T20:58:14.446+0000] {dagbag.py:588} INFO - Filling up the DagBag from /home/airflow/.local/lib/python3.12/site-packages/airflow/example_dags/example_branch_labels.py
[2025-03-12T20:58:14.454+0000] {processor.py:925} INFO - DAG(s) 'example_branch_labels' retrieved from /home/airflow/.local/lib/python3.12/site-packages/airflow/example_dags/example_branch_labels.py
[2025-03-12T20:58:14.477+0000] {logging_mixin.py:190} INFO - [2025-03-12T20:58:14.477+0000] {dag.py:3239} INFO - Sync 1 DAGs
[2025-03-12T20:58:14.505+0000] {logging_mixin.py:190} INFO - [2025-03-12T20:58:14.505+0000] {dag.py:4180} INFO - Setting next_dagrun for example_branch_labels to 2025-03-11 00:00:00+00:00, run_after=2025-03-12 00:00:00+00:00
[2025-03-12T20:58:14.525+0000] {processor.py:208} INFO - Processing /home/airflow/.local/lib/python3.12/site-packages/airflow/example_dags/example_branch_labels.py took 0.088 seconds
[2025-03-12T20:58:45.277+0000] {processor.py:186} INFO - Started process (PID=1618) to work on /home/airflow/.local/lib/python3.12/site-packages/airflow/example_dags/example_branch_labels.py
[2025-03-12T20:58:45.278+0000] {processor.py:914} INFO - Processing file /home/airflow/.local/lib/python3.12/site-packages/airflow/example_dags/example_branch_labels.py for tasks to queue
[2025-03-12T20:58:45.279+0000] {logging_mixin.py:190} INFO - [2025-03-12T20:58:45.279+0000] {dagbag.py:588} INFO - Filling up the DagBag from /home/airflow/.local/lib/python3.12/site-packages/airflow/example_dags/example_branch_labels.py
[2025-03-12T20:58:45.285+0000] {processor.py:925} INFO - DAG(s) 'example_branch_labels' retrieved from /home/airflow/.local/lib/python3.12/site-packages/airflow/example_dags/example_branch_labels.py
[2025-03-12T20:58:45.301+0000] {logging_mixin.py:190} INFO - [2025-03-12T20:58:45.300+0000] {dag.py:3239} INFO - Sync 1 DAGs
[2025-03-12T20:58:45.319+0000] {logging_mixin.py:190} INFO - [2025-03-12T20:58:45.319+0000] {dag.py:4180} INFO - Setting next_dagrun for example_branch_labels to 2025-03-11 00:00:00+00:00, run_after=2025-03-12 00:00:00+00:00
[2025-03-12T20:58:45.334+0000] {processor.py:208} INFO - Processing /home/airflow/.local/lib/python3.12/site-packages/airflow/example_dags/example_branch_labels.py took 0.061 seconds
[2025-03-12T20:59:16.139+0000] {processor.py:186} INFO - Started process (PID=1681) to work on /home/airflow/.local/lib/python3.12/site-packages/airflow/example_dags/example_branch_labels.py
[2025-03-12T20:59:16.140+0000] {processor.py:914} INFO - Processing file /home/airflow/.local/lib/python3.12/site-packages/airflow/example_dags/example_branch_labels.py for tasks to queue
[2025-03-12T20:59:16.141+0000] {logging_mixin.py:190} INFO - [2025-03-12T20:59:16.141+0000] {dagbag.py:588} INFO - Filling up the DagBag from /home/airflow/.local/lib/python3.12/site-packages/airflow/example_dags/example_branch_labels.py
[2025-03-12T20:59:16.146+0000] {processor.py:925} INFO - DAG(s) 'example_branch_labels' retrieved from /home/airflow/.local/lib/python3.12/site-packages/airflow/example_dags/example_branch_labels.py
[2025-03-12T20:59:16.160+0000] {logging_mixin.py:190} INFO - [2025-03-12T20:59:16.159+0000] {dag.py:3239} INFO - Sync 1 DAGs
[2025-03-12T20:59:16.172+0000] {logging_mixin.py:190} INFO - [2025-03-12T20:59:16.172+0000] {dag.py:4180} INFO - Setting next_dagrun for example_branch_labels to 2025-03-11 00:00:00+00:00, run_after=2025-03-12 00:00:00+00:00
[2025-03-12T20:59:16.183+0000] {processor.py:208} INFO - Processing /home/airflow/.local/lib/python3.12/site-packages/airflow/example_dags/example_branch_labels.py took 0.048 seconds
[2025-03-12T20:59:46.589+0000] {processor.py:186} INFO - Started process (PID=1744) to work on /home/airflow/.local/lib/python3.12/site-packages/airflow/example_dags/example_branch_labels.py
[2025-03-12T20:59:46.590+0000] {processor.py:914} INFO - Processing file /home/airflow/.local/lib/python3.12/site-packages/airflow/example_dags/example_branch_labels.py for tasks to queue
[2025-03-12T20:59:46.592+0000] {logging_mixin.py:190} INFO - [2025-03-12T20:59:46.591+0000] {dagbag.py:588} INFO - Filling up the DagBag from /home/airflow/.local/lib/python3.12/site-packages/airflow/example_dags/example_branch_labels.py
[2025-03-12T20:59:46.599+0000] {processor.py:925} INFO - DAG(s) 'example_branch_labels' retrieved from /home/airflow/.local/lib/python3.12/site-packages/airflow/example_dags/example_branch_labels.py
[2025-03-12T20:59:46.616+0000] {logging_mixin.py:190} INFO - [2025-03-12T20:59:46.615+0000] {dag.py:3239} INFO - Sync 1 DAGs
[2025-03-12T20:59:46.637+0000] {logging_mixin.py:190} INFO - [2025-03-12T20:59:46.637+0000] {dag.py:4180} INFO - Setting next_dagrun for example_branch_labels to 2025-03-11 00:00:00+00:00, run_after=2025-03-12 00:00:00+00:00
[2025-03-12T20:59:46.654+0000] {processor.py:208} INFO - Processing /home/airflow/.local/lib/python3.12/site-packages/airflow/example_dags/example_branch_labels.py took 0.069 seconds
[2025-03-12T21:00:17.405+0000] {processor.py:186} INFO - Started process (PID=1807) to work on /home/airflow/.local/lib/python3.12/site-packages/airflow/example_dags/example_branch_labels.py
[2025-03-12T21:00:17.406+0000] {processor.py:914} INFO - Processing file /home/airflow/.local/lib/python3.12/site-packages/airflow/example_dags/example_branch_labels.py for tasks to queue
[2025-03-12T21:00:17.408+0000] {logging_mixin.py:190} INFO - [2025-03-12T21:00:17.408+0000] {dagbag.py:588} INFO - Filling up the DagBag from /home/airflow/.local/lib/python3.12/site-packages/airflow/example_dags/example_branch_labels.py
[2025-03-12T21:00:17.414+0000] {processor.py:925} INFO - DAG(s) 'example_branch_labels' retrieved from /home/airflow/.local/lib/python3.12/site-packages/airflow/example_dags/example_branch_labels.py
[2025-03-12T21:00:17.435+0000] {logging_mixin.py:190} INFO - [2025-03-12T21:00:17.434+0000] {dag.py:3239} INFO - Sync 1 DAGs
[2025-03-12T21:00:17.457+0000] {logging_mixin.py:190} INFO - [2025-03-12T21:00:17.457+0000] {dag.py:4180} INFO - Setting next_dagrun for example_branch_labels to 2025-03-11 00:00:00+00:00, run_after=2025-03-12 00:00:00+00:00
[2025-03-12T21:00:17.474+0000] {processor.py:208} INFO - Processing /home/airflow/.local/lib/python3.12/site-packages/airflow/example_dags/example_branch_labels.py took 0.073 seconds
[2025-03-12T21:00:47.999+0000] {processor.py:186} INFO - Started process (PID=1870) to work on /home/airflow/.local/lib/python3.12/site-packages/airflow/example_dags/example_branch_labels.py
[2025-03-12T21:00:48.000+0000] {processor.py:914} INFO - Processing file /home/airflow/.local/lib/python3.12/site-packages/airflow/example_dags/example_branch_labels.py for tasks to queue
[2025-03-12T21:00:48.001+0000] {logging_mixin.py:190} INFO - [2025-03-12T21:00:48.000+0000] {dagbag.py:588} INFO - Filling up the DagBag from /home/airflow/.local/lib/python3.12/site-packages/airflow/example_dags/example_branch_labels.py
[2025-03-12T21:00:48.006+0000] {processor.py:925} INFO - DAG(s) 'example_branch_labels' retrieved from /home/airflow/.local/lib/python3.12/site-packages/airflow/example_dags/example_branch_labels.py
[2025-03-12T21:00:48.021+0000] {logging_mixin.py:190} INFO - [2025-03-12T21:00:48.021+0000] {dag.py:3239} INFO - Sync 1 DAGs
[2025-03-12T21:00:48.039+0000] {logging_mixin.py:190} INFO - [2025-03-12T21:00:48.039+0000] {dag.py:4180} INFO - Setting next_dagrun for example_branch_labels to 2025-03-11 00:00:00+00:00, run_after=2025-03-12 00:00:00+00:00
[2025-03-12T21:00:48.053+0000] {processor.py:208} INFO - Processing /home/airflow/.local/lib/python3.12/site-packages/airflow/example_dags/example_branch_labels.py took 0.057 seconds
[2025-03-12T21:01:19.013+0000] {processor.py:186} INFO - Started process (PID=1933) to work on /home/airflow/.local/lib/python3.12/site-packages/airflow/example_dags/example_branch_labels.py
[2025-03-12T21:01:19.014+0000] {processor.py:914} INFO - Processing file /home/airflow/.local/lib/python3.12/site-packages/airflow/example_dags/example_branch_labels.py for tasks to queue
[2025-03-12T21:01:19.015+0000] {logging_mixin.py:190} INFO - [2025-03-12T21:01:19.015+0000] {dagbag.py:588} INFO - Filling up the DagBag from /home/airflow/.local/lib/python3.12/site-packages/airflow/example_dags/example_branch_labels.py
[2025-03-12T21:01:19.023+0000] {processor.py:925} INFO - DAG(s) 'example_branch_labels' retrieved from /home/airflow/.local/lib/python3.12/site-packages/airflow/example_dags/example_branch_labels.py
[2025-03-12T21:01:19.041+0000] {logging_mixin.py:190} INFO - [2025-03-12T21:01:19.040+0000] {dag.py:3239} INFO - Sync 1 DAGs
[2025-03-12T21:01:19.066+0000] {logging_mixin.py:190} INFO - [2025-03-12T21:01:19.066+0000] {dag.py:4180} INFO - Setting next_dagrun for example_branch_labels to 2025-03-11 00:00:00+00:00, run_after=2025-03-12 00:00:00+00:00
[2025-03-12T21:01:19.086+0000] {processor.py:208} INFO - Processing /home/airflow/.local/lib/python3.12/site-packages/airflow/example_dags/example_branch_labels.py took 0.078 seconds
[2025-03-12T21:01:50.319+0000] {processor.py:186} INFO - Started process (PID=1997) to work on /home/airflow/.local/lib/python3.12/site-packages/airflow/example_dags/example_branch_labels.py
[2025-03-12T21:01:50.320+0000] {processor.py:914} INFO - Processing file /home/airflow/.local/lib/python3.12/site-packages/airflow/example_dags/example_branch_labels.py for tasks to queue
[2025-03-12T21:01:50.322+0000] {logging_mixin.py:190} INFO - [2025-03-12T21:01:50.322+0000] {dagbag.py:588} INFO - Filling up the DagBag from /home/airflow/.local/lib/python3.12/site-packages/airflow/example_dags/example_branch_labels.py
[2025-03-12T21:01:50.330+0000] {processor.py:925} INFO - DAG(s) 'example_branch_labels' retrieved from /home/airflow/.local/lib/python3.12/site-packages/airflow/example_dags/example_branch_labels.py
[2025-03-12T21:01:50.348+0000] {logging_mixin.py:190} INFO - [2025-03-12T21:01:50.348+0000] {dag.py:3239} INFO - Sync 1 DAGs
[2025-03-12T21:01:50.373+0000] {logging_mixin.py:190} INFO - [2025-03-12T21:01:50.373+0000] {dag.py:4180} INFO - Setting next_dagrun for example_branch_labels to 2025-03-11 00:00:00+00:00, run_after=2025-03-12 00:00:00+00:00
[2025-03-12T21:01:50.396+0000] {processor.py:208} INFO - Processing /home/airflow/.local/lib/python3.12/site-packages/airflow/example_dags/example_branch_labels.py took 0.081 seconds
[2025-03-12T21:02:21.119+0000] {processor.py:186} INFO - Started process (PID=2059) to work on /home/airflow/.local/lib/python3.12/site-packages/airflow/example_dags/example_branch_labels.py
[2025-03-12T21:02:21.120+0000] {processor.py:914} INFO - Processing file /home/airflow/.local/lib/python3.12/site-packages/airflow/example_dags/example_branch_labels.py for tasks to queue
[2025-03-12T21:02:21.123+0000] {logging_mixin.py:190} INFO - [2025-03-12T21:02:21.122+0000] {dagbag.py:588} INFO - Filling up the DagBag from /home/airflow/.local/lib/python3.12/site-packages/airflow/example_dags/example_branch_labels.py
[2025-03-12T21:02:21.133+0000] {processor.py:925} INFO - DAG(s) 'example_branch_labels' retrieved from /home/airflow/.local/lib/python3.12/site-packages/airflow/example_dags/example_branch_labels.py
[2025-03-12T21:02:21.156+0000] {logging_mixin.py:190} INFO - [2025-03-12T21:02:21.155+0000] {dag.py:3239} INFO - Sync 1 DAGs
[2025-03-12T21:02:21.184+0000] {logging_mixin.py:190} INFO - [2025-03-12T21:02:21.184+0000] {dag.py:4180} INFO - Setting next_dagrun for example_branch_labels to 2025-03-11 00:00:00+00:00, run_after=2025-03-12 00:00:00+00:00
[2025-03-12T21:02:21.204+0000] {processor.py:208} INFO - Processing /home/airflow/.local/lib/python3.12/site-packages/airflow/example_dags/example_branch_labels.py took 0.090 seconds
[2025-03-12T21:02:52.394+0000] {processor.py:186} INFO - Started process (PID=2122) to work on /home/airflow/.local/lib/python3.12/site-packages/airflow/example_dags/example_branch_labels.py
[2025-03-12T21:02:52.395+0000] {processor.py:914} INFO - Processing file /home/airflow/.local/lib/python3.12/site-packages/airflow/example_dags/example_branch_labels.py for tasks to queue
[2025-03-12T21:02:52.397+0000] {logging_mixin.py:190} INFO - [2025-03-12T21:02:52.396+0000] {dagbag.py:588} INFO - Filling up the DagBag from /home/airflow/.local/lib/python3.12/site-packages/airflow/example_dags/example_branch_labels.py
[2025-03-12T21:02:52.403+0000] {processor.py:925} INFO - DAG(s) 'example_branch_labels' retrieved from /home/airflow/.local/lib/python3.12/site-packages/airflow/example_dags/example_branch_labels.py
[2025-03-12T21:02:52.421+0000] {logging_mixin.py:190} INFO - [2025-03-12T21:02:52.421+0000] {dag.py:3239} INFO - Sync 1 DAGs
[2025-03-12T21:02:52.443+0000] {logging_mixin.py:190} INFO - [2025-03-12T21:02:52.443+0000] {dag.py:4180} INFO - Setting next_dagrun for example_branch_labels to 2025-03-11 00:00:00+00:00, run_after=2025-03-12 00:00:00+00:00
[2025-03-12T21:02:52.458+0000] {processor.py:208} INFO - Processing /home/airflow/.local/lib/python3.12/site-packages/airflow/example_dags/example_branch_labels.py took 0.068 seconds
[2025-03-12T21:03:22.809+0000] {processor.py:186} INFO - Started process (PID=2185) to work on /home/airflow/.local/lib/python3.12/site-packages/airflow/example_dags/example_branch_labels.py
[2025-03-12T21:03:22.810+0000] {processor.py:914} INFO - Processing file /home/airflow/.local/lib/python3.12/site-packages/airflow/example_dags/example_branch_labels.py for tasks to queue
[2025-03-12T21:03:22.812+0000] {logging_mixin.py:190} INFO - [2025-03-12T21:03:22.811+0000] {dagbag.py:588} INFO - Filling up the DagBag from /home/airflow/.local/lib/python3.12/site-packages/airflow/example_dags/example_branch_labels.py
[2025-03-12T21:03:22.820+0000] {processor.py:925} INFO - DAG(s) 'example_branch_labels' retrieved from /home/airflow/.local/lib/python3.12/site-packages/airflow/example_dags/example_branch_labels.py
[2025-03-12T21:03:22.838+0000] {logging_mixin.py:190} INFO - [2025-03-12T21:03:22.838+0000] {dag.py:3239} INFO - Sync 1 DAGs
[2025-03-12T21:03:22.857+0000] {logging_mixin.py:190} INFO - [2025-03-12T21:03:22.857+0000] {dag.py:4180} INFO - Setting next_dagrun for example_branch_labels to 2025-03-11 00:00:00+00:00, run_after=2025-03-12 00:00:00+00:00
[2025-03-12T21:03:22.871+0000] {processor.py:208} INFO - Processing /home/airflow/.local/lib/python3.12/site-packages/airflow/example_dags/example_branch_labels.py took 0.066 seconds
[2025-03-12T21:03:53.937+0000] {processor.py:186} INFO - Started process (PID=2248) to work on /home/airflow/.local/lib/python3.12/site-packages/airflow/example_dags/example_branch_labels.py
[2025-03-12T21:03:53.938+0000] {processor.py:914} INFO - Processing file /home/airflow/.local/lib/python3.12/site-packages/airflow/example_dags/example_branch_labels.py for tasks to queue
[2025-03-12T21:03:53.939+0000] {logging_mixin.py:190} INFO - [2025-03-12T21:03:53.939+0000] {dagbag.py:588} INFO - Filling up the DagBag from /home/airflow/.local/lib/python3.12/site-packages/airflow/example_dags/example_branch_labels.py
[2025-03-12T21:03:53.946+0000] {processor.py:925} INFO - DAG(s) 'example_branch_labels' retrieved from /home/airflow/.local/lib/python3.12/site-packages/airflow/example_dags/example_branch_labels.py
[2025-03-12T21:03:53.964+0000] {logging_mixin.py:190} INFO - [2025-03-12T21:03:53.964+0000] {dag.py:3239} INFO - Sync 1 DAGs
[2025-03-12T21:03:53.989+0000] {logging_mixin.py:190} INFO - [2025-03-12T21:03:53.989+0000] {dag.py:4180} INFO - Setting next_dagrun for example_branch_labels to 2025-03-11 00:00:00+00:00, run_after=2025-03-12 00:00:00+00:00
[2025-03-12T21:03:54.007+0000] {processor.py:208} INFO - Processing /home/airflow/.local/lib/python3.12/site-packages/airflow/example_dags/example_branch_labels.py took 0.075 seconds
[2025-03-12T21:04:24.597+0000] {processor.py:186} INFO - Started process (PID=2311) to work on /home/airflow/.local/lib/python3.12/site-packages/airflow/example_dags/example_branch_labels.py
[2025-03-12T21:04:24.598+0000] {processor.py:914} INFO - Processing file /home/airflow/.local/lib/python3.12/site-packages/airflow/example_dags/example_branch_labels.py for tasks to queue
[2025-03-12T21:04:24.599+0000] {logging_mixin.py:190} INFO - [2025-03-12T21:04:24.599+0000] {dagbag.py:588} INFO - Filling up the DagBag from /home/airflow/.local/lib/python3.12/site-packages/airflow/example_dags/example_branch_labels.py
[2025-03-12T21:04:24.607+0000] {processor.py:925} INFO - DAG(s) 'example_branch_labels' retrieved from /home/airflow/.local/lib/python3.12/site-packages/airflow/example_dags/example_branch_labels.py
[2025-03-12T21:04:24.626+0000] {logging_mixin.py:190} INFO - [2025-03-12T21:04:24.626+0000] {dag.py:3239} INFO - Sync 1 DAGs
[2025-03-12T21:04:24.650+0000] {logging_mixin.py:190} INFO - [2025-03-12T21:04:24.650+0000] {dag.py:4180} INFO - Setting next_dagrun for example_branch_labels to 2025-03-11 00:00:00+00:00, run_after=2025-03-12 00:00:00+00:00
[2025-03-12T21:04:24.669+0000] {processor.py:208} INFO - Processing /home/airflow/.local/lib/python3.12/site-packages/airflow/example_dags/example_branch_labels.py took 0.077 seconds
[2025-03-12T21:04:55.202+0000] {processor.py:186} INFO - Started process (PID=2374) to work on /home/airflow/.local/lib/python3.12/site-packages/airflow/example_dags/example_branch_labels.py
[2025-03-12T21:04:55.203+0000] {processor.py:914} INFO - Processing file /home/airflow/.local/lib/python3.12/site-packages/airflow/example_dags/example_branch_labels.py for tasks to queue
[2025-03-12T21:04:55.205+0000] {logging_mixin.py:190} INFO - [2025-03-12T21:04:55.205+0000] {dagbag.py:588} INFO - Filling up the DagBag from /home/airflow/.local/lib/python3.12/site-packages/airflow/example_dags/example_branch_labels.py
[2025-03-12T21:04:55.217+0000] {processor.py:925} INFO - DAG(s) 'example_branch_labels' retrieved from /home/airflow/.local/lib/python3.12/site-packages/airflow/example_dags/example_branch_labels.py
[2025-03-12T21:04:55.238+0000] {logging_mixin.py:190} INFO - [2025-03-12T21:04:55.238+0000] {dag.py:3239} INFO - Sync 1 DAGs
[2025-03-12T21:04:55.261+0000] {logging_mixin.py:190} INFO - [2025-03-12T21:04:55.261+0000] {dag.py:4180} INFO - Setting next_dagrun for example_branch_labels to 2025-03-11 00:00:00+00:00, run_after=2025-03-12 00:00:00+00:00
[2025-03-12T21:04:55.280+0000] {processor.py:208} INFO - Processing /home/airflow/.local/lib/python3.12/site-packages/airflow/example_dags/example_branch_labels.py took 0.086 seconds
[2025-03-12T21:05:25.958+0000] {processor.py:186} INFO - Started process (PID=2443) to work on /home/airflow/.local/lib/python3.12/site-packages/airflow/example_dags/example_branch_labels.py
[2025-03-12T21:05:25.959+0000] {processor.py:914} INFO - Processing file /home/airflow/.local/lib/python3.12/site-packages/airflow/example_dags/example_branch_labels.py for tasks to queue
[2025-03-12T21:05:25.961+0000] {logging_mixin.py:190} INFO - [2025-03-12T21:05:25.960+0000] {dagbag.py:588} INFO - Filling up the DagBag from /home/airflow/.local/lib/python3.12/site-packages/airflow/example_dags/example_branch_labels.py
[2025-03-12T21:05:25.970+0000] {processor.py:925} INFO - DAG(s) 'example_branch_labels' retrieved from /home/airflow/.local/lib/python3.12/site-packages/airflow/example_dags/example_branch_labels.py
[2025-03-12T21:05:25.989+0000] {logging_mixin.py:190} INFO - [2025-03-12T21:05:25.989+0000] {dag.py:3239} INFO - Sync 1 DAGs
[2025-03-12T21:05:26.009+0000] {logging_mixin.py:190} INFO - [2025-03-12T21:05:26.009+0000] {dag.py:4180} INFO - Setting next_dagrun for example_branch_labels to 2025-03-11 00:00:00+00:00, run_after=2025-03-12 00:00:00+00:00
[2025-03-12T21:05:26.020+0000] {processor.py:208} INFO - Processing /home/airflow/.local/lib/python3.12/site-packages/airflow/example_dags/example_branch_labels.py took 0.068 seconds
[2025-03-12T21:05:56.331+0000] {processor.py:186} INFO - Started process (PID=2506) to work on /home/airflow/.local/lib/python3.12/site-packages/airflow/example_dags/example_branch_labels.py
[2025-03-12T21:05:56.332+0000] {processor.py:914} INFO - Processing file /home/airflow/.local/lib/python3.12/site-packages/airflow/example_dags/example_branch_labels.py for tasks to queue
[2025-03-12T21:05:56.333+0000] {logging_mixin.py:190} INFO - [2025-03-12T21:05:56.333+0000] {dagbag.py:588} INFO - Filling up the DagBag from /home/airflow/.local/lib/python3.12/site-packages/airflow/example_dags/example_branch_labels.py
[2025-03-12T21:05:56.340+0000] {processor.py:925} INFO - DAG(s) 'example_branch_labels' retrieved from /home/airflow/.local/lib/python3.12/site-packages/airflow/example_dags/example_branch_labels.py
[2025-03-12T21:05:56.353+0000] {logging_mixin.py:190} INFO - [2025-03-12T21:05:56.353+0000] {dag.py:3239} INFO - Sync 1 DAGs
[2025-03-12T21:05:56.368+0000] {logging_mixin.py:190} INFO - [2025-03-12T21:05:56.367+0000] {dag.py:4180} INFO - Setting next_dagrun for example_branch_labels to 2025-03-11 00:00:00+00:00, run_after=2025-03-12 00:00:00+00:00
[2025-03-12T21:05:56.380+0000] {processor.py:208} INFO - Processing /home/airflow/.local/lib/python3.12/site-packages/airflow/example_dags/example_branch_labels.py took 0.053 seconds
[2025-03-12T21:06:26.863+0000] {processor.py:186} INFO - Started process (PID=2569) to work on /home/airflow/.local/lib/python3.12/site-packages/airflow/example_dags/example_branch_labels.py
[2025-03-12T21:06:26.864+0000] {processor.py:914} INFO - Processing file /home/airflow/.local/lib/python3.12/site-packages/airflow/example_dags/example_branch_labels.py for tasks to queue
[2025-03-12T21:06:26.866+0000] {logging_mixin.py:190} INFO - [2025-03-12T21:06:26.866+0000] {dagbag.py:588} INFO - Filling up the DagBag from /home/airflow/.local/lib/python3.12/site-packages/airflow/example_dags/example_branch_labels.py
[2025-03-12T21:06:26.875+0000] {processor.py:925} INFO - DAG(s) 'example_branch_labels' retrieved from /home/airflow/.local/lib/python3.12/site-packages/airflow/example_dags/example_branch_labels.py
[2025-03-12T21:06:26.894+0000] {logging_mixin.py:190} INFO - [2025-03-12T21:06:26.894+0000] {dag.py:3239} INFO - Sync 1 DAGs
[2025-03-12T21:06:26.916+0000] {logging_mixin.py:190} INFO - [2025-03-12T21:06:26.916+0000] {dag.py:4180} INFO - Setting next_dagrun for example_branch_labels to 2025-03-11 00:00:00+00:00, run_after=2025-03-12 00:00:00+00:00
[2025-03-12T21:06:26.934+0000] {processor.py:208} INFO - Processing /home/airflow/.local/lib/python3.12/site-packages/airflow/example_dags/example_branch_labels.py took 0.076 seconds
[2025-03-12T21:06:57.422+0000] {processor.py:186} INFO - Started process (PID=2631) to work on /home/airflow/.local/lib/python3.12/site-packages/airflow/example_dags/example_branch_labels.py
[2025-03-12T21:06:57.423+0000] {processor.py:914} INFO - Processing file /home/airflow/.local/lib/python3.12/site-packages/airflow/example_dags/example_branch_labels.py for tasks to queue
[2025-03-12T21:06:57.424+0000] {logging_mixin.py:190} INFO - [2025-03-12T21:06:57.424+0000] {dagbag.py:588} INFO - Filling up the DagBag from /home/airflow/.local/lib/python3.12/site-packages/airflow/example_dags/example_branch_labels.py
[2025-03-12T21:06:57.430+0000] {processor.py:925} INFO - DAG(s) 'example_branch_labels' retrieved from /home/airflow/.local/lib/python3.12/site-packages/airflow/example_dags/example_branch_labels.py
[2025-03-12T21:06:57.447+0000] {logging_mixin.py:190} INFO - [2025-03-12T21:06:57.447+0000] {dag.py:3239} INFO - Sync 1 DAGs
[2025-03-12T21:06:57.463+0000] {logging_mixin.py:190} INFO - [2025-03-12T21:06:57.463+0000] {dag.py:4180} INFO - Setting next_dagrun for example_branch_labels to 2025-03-11 00:00:00+00:00, run_after=2025-03-12 00:00:00+00:00
[2025-03-12T21:06:57.478+0000] {processor.py:208} INFO - Processing /home/airflow/.local/lib/python3.12/site-packages/airflow/example_dags/example_branch_labels.py took 0.060 seconds
[2025-03-12T21:07:28.624+0000] {processor.py:186} INFO - Started process (PID=2695) to work on /home/airflow/.local/lib/python3.12/site-packages/airflow/example_dags/example_branch_labels.py
[2025-03-12T21:07:28.625+0000] {processor.py:914} INFO - Processing file /home/airflow/.local/lib/python3.12/site-packages/airflow/example_dags/example_branch_labels.py for tasks to queue
[2025-03-12T21:07:28.626+0000] {logging_mixin.py:190} INFO - [2025-03-12T21:07:28.625+0000] {dagbag.py:588} INFO - Filling up the DagBag from /home/airflow/.local/lib/python3.12/site-packages/airflow/example_dags/example_branch_labels.py
[2025-03-12T21:07:28.631+0000] {processor.py:925} INFO - DAG(s) 'example_branch_labels' retrieved from /home/airflow/.local/lib/python3.12/site-packages/airflow/example_dags/example_branch_labels.py
[2025-03-12T21:07:28.646+0000] {logging_mixin.py:190} INFO - [2025-03-12T21:07:28.646+0000] {dag.py:3239} INFO - Sync 1 DAGs
[2025-03-12T21:07:28.665+0000] {logging_mixin.py:190} INFO - [2025-03-12T21:07:28.665+0000] {dag.py:4180} INFO - Setting next_dagrun for example_branch_labels to 2025-03-11 00:00:00+00:00, run_after=2025-03-12 00:00:00+00:00
[2025-03-12T21:07:28.681+0000] {processor.py:208} INFO - Processing /home/airflow/.local/lib/python3.12/site-packages/airflow/example_dags/example_branch_labels.py took 0.062 seconds
[2025-03-12T21:07:58.999+0000] {processor.py:186} INFO - Started process (PID=2758) to work on /home/airflow/.local/lib/python3.12/site-packages/airflow/example_dags/example_branch_labels.py
[2025-03-12T21:07:59.000+0000] {processor.py:914} INFO - Processing file /home/airflow/.local/lib/python3.12/site-packages/airflow/example_dags/example_branch_labels.py for tasks to queue
[2025-03-12T21:07:59.001+0000] {logging_mixin.py:190} INFO - [2025-03-12T21:07:59.001+0000] {dagbag.py:588} INFO - Filling up the DagBag from /home/airflow/.local/lib/python3.12/site-packages/airflow/example_dags/example_branch_labels.py
[2025-03-12T21:07:59.009+0000] {processor.py:925} INFO - DAG(s) 'example_branch_labels' retrieved from /home/airflow/.local/lib/python3.12/site-packages/airflow/example_dags/example_branch_labels.py
[2025-03-12T21:07:59.025+0000] {logging_mixin.py:190} INFO - [2025-03-12T21:07:59.025+0000] {dag.py:3239} INFO - Sync 1 DAGs
[2025-03-12T21:07:59.046+0000] {logging_mixin.py:190} INFO - [2025-03-12T21:07:59.045+0000] {dag.py:4180} INFO - Setting next_dagrun for example_branch_labels to 2025-03-11 00:00:00+00:00, run_after=2025-03-12 00:00:00+00:00
[2025-03-12T21:07:59.062+0000] {processor.py:208} INFO - Processing /home/airflow/.local/lib/python3.12/site-packages/airflow/example_dags/example_branch_labels.py took 0.068 seconds
[2025-03-12T21:08:29.774+0000] {processor.py:186} INFO - Started process (PID=2821) to work on /home/airflow/.local/lib/python3.12/site-packages/airflow/example_dags/example_branch_labels.py
[2025-03-12T21:08:29.775+0000] {processor.py:914} INFO - Processing file /home/airflow/.local/lib/python3.12/site-packages/airflow/example_dags/example_branch_labels.py for tasks to queue
[2025-03-12T21:08:29.777+0000] {logging_mixin.py:190} INFO - [2025-03-12T21:08:29.776+0000] {dagbag.py:588} INFO - Filling up the DagBag from /home/airflow/.local/lib/python3.12/site-packages/airflow/example_dags/example_branch_labels.py
[2025-03-12T21:08:29.785+0000] {processor.py:925} INFO - DAG(s) 'example_branch_labels' retrieved from /home/airflow/.local/lib/python3.12/site-packages/airflow/example_dags/example_branch_labels.py
[2025-03-12T21:08:29.805+0000] {logging_mixin.py:190} INFO - [2025-03-12T21:08:29.805+0000] {dag.py:3239} INFO - Sync 1 DAGs
[2025-03-12T21:08:29.825+0000] {logging_mixin.py:190} INFO - [2025-03-12T21:08:29.824+0000] {dag.py:4180} INFO - Setting next_dagrun for example_branch_labels to 2025-03-11 00:00:00+00:00, run_after=2025-03-12 00:00:00+00:00
[2025-03-12T21:08:29.842+0000] {processor.py:208} INFO - Processing /home/airflow/.local/lib/python3.12/site-packages/airflow/example_dags/example_branch_labels.py took 0.074 seconds
