[2025-03-12T20:46:26.415+0000] {processor.py:186} INFO - Started process (PID=85) to work on /home/airflow/.local/lib/python3.12/site-packages/airflow/example_dags/example_task_group.py
[2025-03-12T20:46:26.415+0000] {processor.py:914} INFO - Processing file /home/airflow/.local/lib/python3.12/site-packages/airflow/example_dags/example_task_group.py for tasks to queue
[2025-03-12T20:46:26.417+0000] {logging_mixin.py:190} INFO - [2025-03-12T20:46:26.416+0000] {dagbag.py:588} INFO - Filling up the DagBag from /home/airflow/.local/lib/python3.12/site-packages/airflow/example_dags/example_task_group.py
[2025-03-12T20:46:26.423+0000] {processor.py:925} INFO - DAG(s) 'example_task_group' retrieved from /home/airflow/.local/lib/python3.12/site-packages/airflow/example_dags/example_task_group.py
[2025-03-12T20:46:26.498+0000] {logging_mixin.py:190} INFO - [2025-03-12T20:46:26.497+0000] {override.py:1912} INFO - Created Permission View: can edit on DAG:example_task_group
[2025-03-12T20:46:26.506+0000] {logging_mixin.py:190} INFO - [2025-03-12T20:46:26.506+0000] {override.py:1912} INFO - Created Permission View: can read on DAG:example_task_group
[2025-03-12T20:46:26.512+0000] {logging_mixin.py:190} INFO - [2025-03-12T20:46:26.512+0000] {override.py:1912} INFO - Created Permission View: can delete on DAG:example_task_group
[2025-03-12T20:46:26.519+0000] {logging_mixin.py:190} INFO - [2025-03-12T20:46:26.519+0000] {override.py:1912} INFO - Created Permission View: menu access on DAG Run:example_task_group
[2025-03-12T20:46:26.524+0000] {logging_mixin.py:190} INFO - [2025-03-12T20:46:26.524+0000] {override.py:1912} INFO - Created Permission View: can create on DAG Run:example_task_group
[2025-03-12T20:46:26.530+0000] {logging_mixin.py:190} INFO - [2025-03-12T20:46:26.530+0000] {override.py:1912} INFO - Created Permission View: can read on DAG Run:example_task_group
[2025-03-12T20:46:26.535+0000] {logging_mixin.py:190} INFO - [2025-03-12T20:46:26.535+0000] {override.py:1912} INFO - Created Permission View: can delete on DAG Run:example_task_group
[2025-03-12T20:46:26.536+0000] {logging_mixin.py:190} INFO - [2025-03-12T20:46:26.535+0000] {dag.py:3239} INFO - Sync 1 DAGs
[2025-03-12T20:46:26.547+0000] {logging_mixin.py:190} INFO - [2025-03-12T20:46:26.547+0000] {dag.py:3262} INFO - Creating ORM DAG for example_task_group
[2025-03-12T20:46:26.548+0000] {logging_mixin.py:190} INFO - [2025-03-12T20:46:26.548+0000] {dag.py:4180} INFO - Setting next_dagrun for example_task_group to None, run_after=None
[2025-03-12T20:46:26.562+0000] {processor.py:208} INFO - Processing /home/airflow/.local/lib/python3.12/site-packages/airflow/example_dags/example_task_group.py took 0.152 seconds
[2025-03-12T20:46:57.013+0000] {processor.py:186} INFO - Started process (PID=148) to work on /home/airflow/.local/lib/python3.12/site-packages/airflow/example_dags/example_task_group.py
[2025-03-12T20:46:57.014+0000] {processor.py:914} INFO - Processing file /home/airflow/.local/lib/python3.12/site-packages/airflow/example_dags/example_task_group.py for tasks to queue
[2025-03-12T20:46:57.015+0000] {logging_mixin.py:190} INFO - [2025-03-12T20:46:57.015+0000] {dagbag.py:588} INFO - Filling up the DagBag from /home/airflow/.local/lib/python3.12/site-packages/airflow/example_dags/example_task_group.py
[2025-03-12T20:46:57.020+0000] {processor.py:925} INFO - DAG(s) 'example_task_group' retrieved from /home/airflow/.local/lib/python3.12/site-packages/airflow/example_dags/example_task_group.py
[2025-03-12T20:46:57.036+0000] {logging_mixin.py:190} INFO - [2025-03-12T20:46:57.036+0000] {dag.py:3239} INFO - Sync 1 DAGs
[2025-03-12T20:46:57.048+0000] {logging_mixin.py:190} INFO - [2025-03-12T20:46:57.047+0000] {dag.py:4180} INFO - Setting next_dagrun for example_task_group to None, run_after=None
[2025-03-12T20:46:57.061+0000] {processor.py:208} INFO - Processing /home/airflow/.local/lib/python3.12/site-packages/airflow/example_dags/example_task_group.py took 0.051 seconds
[2025-03-12T20:47:27.367+0000] {processor.py:186} INFO - Started process (PID=211) to work on /home/airflow/.local/lib/python3.12/site-packages/airflow/example_dags/example_task_group.py
[2025-03-12T20:47:27.368+0000] {processor.py:914} INFO - Processing file /home/airflow/.local/lib/python3.12/site-packages/airflow/example_dags/example_task_group.py for tasks to queue
[2025-03-12T20:47:27.371+0000] {logging_mixin.py:190} INFO - [2025-03-12T20:47:27.371+0000] {dagbag.py:588} INFO - Filling up the DagBag from /home/airflow/.local/lib/python3.12/site-packages/airflow/example_dags/example_task_group.py
[2025-03-12T20:47:27.381+0000] {processor.py:925} INFO - DAG(s) 'example_task_group' retrieved from /home/airflow/.local/lib/python3.12/site-packages/airflow/example_dags/example_task_group.py
[2025-03-12T20:47:27.407+0000] {logging_mixin.py:190} INFO - [2025-03-12T20:47:27.407+0000] {dag.py:3239} INFO - Sync 1 DAGs
[2025-03-12T20:47:27.424+0000] {logging_mixin.py:190} INFO - [2025-03-12T20:47:27.424+0000] {dag.py:4180} INFO - Setting next_dagrun for example_task_group to None, run_after=None
[2025-03-12T20:47:27.450+0000] {processor.py:208} INFO - Processing /home/airflow/.local/lib/python3.12/site-packages/airflow/example_dags/example_task_group.py took 0.090 seconds
[2025-03-12T20:47:57.651+0000] {processor.py:186} INFO - Started process (PID=274) to work on /home/airflow/.local/lib/python3.12/site-packages/airflow/example_dags/example_task_group.py
[2025-03-12T20:47:57.652+0000] {processor.py:914} INFO - Processing file /home/airflow/.local/lib/python3.12/site-packages/airflow/example_dags/example_task_group.py for tasks to queue
[2025-03-12T20:47:57.654+0000] {logging_mixin.py:190} INFO - [2025-03-12T20:47:57.654+0000] {dagbag.py:588} INFO - Filling up the DagBag from /home/airflow/.local/lib/python3.12/site-packages/airflow/example_dags/example_task_group.py
[2025-03-12T20:47:57.663+0000] {processor.py:925} INFO - DAG(s) 'example_task_group' retrieved from /home/airflow/.local/lib/python3.12/site-packages/airflow/example_dags/example_task_group.py
[2025-03-12T20:47:57.683+0000] {logging_mixin.py:190} INFO - [2025-03-12T20:47:57.683+0000] {dag.py:3239} INFO - Sync 1 DAGs
[2025-03-12T20:47:57.699+0000] {logging_mixin.py:190} INFO - [2025-03-12T20:47:57.699+0000] {dag.py:4180} INFO - Setting next_dagrun for example_task_group to None, run_after=None
[2025-03-12T20:47:57.717+0000] {processor.py:208} INFO - Processing /home/airflow/.local/lib/python3.12/site-packages/airflow/example_dags/example_task_group.py took 0.071 seconds
[2025-03-12T20:48:28.374+0000] {processor.py:186} INFO - Started process (PID=337) to work on /home/airflow/.local/lib/python3.12/site-packages/airflow/example_dags/example_task_group.py
[2025-03-12T20:48:28.375+0000] {processor.py:914} INFO - Processing file /home/airflow/.local/lib/python3.12/site-packages/airflow/example_dags/example_task_group.py for tasks to queue
[2025-03-12T20:48:28.377+0000] {logging_mixin.py:190} INFO - [2025-03-12T20:48:28.377+0000] {dagbag.py:588} INFO - Filling up the DagBag from /home/airflow/.local/lib/python3.12/site-packages/airflow/example_dags/example_task_group.py
[2025-03-12T20:48:28.383+0000] {processor.py:925} INFO - DAG(s) 'example_task_group' retrieved from /home/airflow/.local/lib/python3.12/site-packages/airflow/example_dags/example_task_group.py
[2025-03-12T20:48:28.399+0000] {logging_mixin.py:190} INFO - [2025-03-12T20:48:28.399+0000] {dag.py:3239} INFO - Sync 1 DAGs
[2025-03-12T20:48:28.409+0000] {logging_mixin.py:190} INFO - [2025-03-12T20:48:28.409+0000] {dag.py:4180} INFO - Setting next_dagrun for example_task_group to None, run_after=None
[2025-03-12T20:48:28.427+0000] {processor.py:208} INFO - Processing /home/airflow/.local/lib/python3.12/site-packages/airflow/example_dags/example_task_group.py took 0.059 seconds
[2025-03-12T20:48:59.895+0000] {processor.py:186} INFO - Started process (PID=400) to work on /home/airflow/.local/lib/python3.12/site-packages/airflow/example_dags/example_task_group.py
[2025-03-12T20:48:59.895+0000] {processor.py:914} INFO - Processing file /home/airflow/.local/lib/python3.12/site-packages/airflow/example_dags/example_task_group.py for tasks to queue
[2025-03-12T20:48:59.896+0000] {logging_mixin.py:190} INFO - [2025-03-12T20:48:59.896+0000] {dagbag.py:588} INFO - Filling up the DagBag from /home/airflow/.local/lib/python3.12/site-packages/airflow/example_dags/example_task_group.py
[2025-03-12T20:48:59.902+0000] {processor.py:925} INFO - DAG(s) 'example_task_group' retrieved from /home/airflow/.local/lib/python3.12/site-packages/airflow/example_dags/example_task_group.py
[2025-03-12T20:48:59.923+0000] {logging_mixin.py:190} INFO - [2025-03-12T20:48:59.922+0000] {dag.py:3239} INFO - Sync 1 DAGs
[2025-03-12T20:48:59.938+0000] {logging_mixin.py:190} INFO - [2025-03-12T20:48:59.937+0000] {dag.py:4180} INFO - Setting next_dagrun for example_task_group to None, run_after=None
[2025-03-12T20:48:59.956+0000] {processor.py:208} INFO - Processing /home/airflow/.local/lib/python3.12/site-packages/airflow/example_dags/example_task_group.py took 0.065 seconds
[2025-03-12T20:49:30.689+0000] {processor.py:186} INFO - Started process (PID=463) to work on /home/airflow/.local/lib/python3.12/site-packages/airflow/example_dags/example_task_group.py
[2025-03-12T20:49:30.690+0000] {processor.py:914} INFO - Processing file /home/airflow/.local/lib/python3.12/site-packages/airflow/example_dags/example_task_group.py for tasks to queue
[2025-03-12T20:49:30.692+0000] {logging_mixin.py:190} INFO - [2025-03-12T20:49:30.692+0000] {dagbag.py:588} INFO - Filling up the DagBag from /home/airflow/.local/lib/python3.12/site-packages/airflow/example_dags/example_task_group.py
[2025-03-12T20:49:30.700+0000] {processor.py:925} INFO - DAG(s) 'example_task_group' retrieved from /home/airflow/.local/lib/python3.12/site-packages/airflow/example_dags/example_task_group.py
[2025-03-12T20:49:30.722+0000] {logging_mixin.py:190} INFO - [2025-03-12T20:49:30.722+0000] {dag.py:3239} INFO - Sync 1 DAGs
[2025-03-12T20:49:30.739+0000] {logging_mixin.py:190} INFO - [2025-03-12T20:49:30.739+0000] {dag.py:4180} INFO - Setting next_dagrun for example_task_group to None, run_after=None
[2025-03-12T20:49:30.761+0000] {processor.py:208} INFO - Processing /home/airflow/.local/lib/python3.12/site-packages/airflow/example_dags/example_task_group.py took 0.077 seconds
[2025-03-12T20:50:01.164+0000] {processor.py:186} INFO - Started process (PID=526) to work on /home/airflow/.local/lib/python3.12/site-packages/airflow/example_dags/example_task_group.py
[2025-03-12T20:50:01.165+0000] {processor.py:914} INFO - Processing file /home/airflow/.local/lib/python3.12/site-packages/airflow/example_dags/example_task_group.py for tasks to queue
[2025-03-12T20:50:01.166+0000] {logging_mixin.py:190} INFO - [2025-03-12T20:50:01.166+0000] {dagbag.py:588} INFO - Filling up the DagBag from /home/airflow/.local/lib/python3.12/site-packages/airflow/example_dags/example_task_group.py
[2025-03-12T20:50:01.171+0000] {processor.py:925} INFO - DAG(s) 'example_task_group' retrieved from /home/airflow/.local/lib/python3.12/site-packages/airflow/example_dags/example_task_group.py
[2025-03-12T20:50:01.182+0000] {logging_mixin.py:190} INFO - [2025-03-12T20:50:01.182+0000] {dag.py:3239} INFO - Sync 1 DAGs
[2025-03-12T20:50:01.189+0000] {logging_mixin.py:190} INFO - [2025-03-12T20:50:01.189+0000] {dag.py:4180} INFO - Setting next_dagrun for example_task_group to None, run_after=None
[2025-03-12T20:50:01.201+0000] {processor.py:208} INFO - Processing /home/airflow/.local/lib/python3.12/site-packages/airflow/example_dags/example_task_group.py took 0.040 seconds
[2025-03-12T20:50:31.883+0000] {processor.py:186} INFO - Started process (PID=589) to work on /home/airflow/.local/lib/python3.12/site-packages/airflow/example_dags/example_task_group.py
[2025-03-12T20:50:31.884+0000] {processor.py:914} INFO - Processing file /home/airflow/.local/lib/python3.12/site-packages/airflow/example_dags/example_task_group.py for tasks to queue
[2025-03-12T20:50:31.885+0000] {logging_mixin.py:190} INFO - [2025-03-12T20:50:31.885+0000] {dagbag.py:588} INFO - Filling up the DagBag from /home/airflow/.local/lib/python3.12/site-packages/airflow/example_dags/example_task_group.py
[2025-03-12T20:50:31.892+0000] {processor.py:925} INFO - DAG(s) 'example_task_group' retrieved from /home/airflow/.local/lib/python3.12/site-packages/airflow/example_dags/example_task_group.py
[2025-03-12T20:50:31.910+0000] {logging_mixin.py:190} INFO - [2025-03-12T20:50:31.910+0000] {dag.py:3239} INFO - Sync 1 DAGs
[2025-03-12T20:50:31.922+0000] {logging_mixin.py:190} INFO - [2025-03-12T20:50:31.922+0000] {dag.py:4180} INFO - Setting next_dagrun for example_task_group to None, run_after=None
[2025-03-12T20:50:31.937+0000] {processor.py:208} INFO - Processing /home/airflow/.local/lib/python3.12/site-packages/airflow/example_dags/example_task_group.py took 0.059 seconds
[2025-03-12T20:51:02.114+0000] {processor.py:186} INFO - Started process (PID=652) to work on /home/airflow/.local/lib/python3.12/site-packages/airflow/example_dags/example_task_group.py
[2025-03-12T20:51:02.115+0000] {processor.py:914} INFO - Processing file /home/airflow/.local/lib/python3.12/site-packages/airflow/example_dags/example_task_group.py for tasks to queue
[2025-03-12T20:51:02.116+0000] {logging_mixin.py:190} INFO - [2025-03-12T20:51:02.116+0000] {dagbag.py:588} INFO - Filling up the DagBag from /home/airflow/.local/lib/python3.12/site-packages/airflow/example_dags/example_task_group.py
[2025-03-12T20:51:02.120+0000] {processor.py:925} INFO - DAG(s) 'example_task_group' retrieved from /home/airflow/.local/lib/python3.12/site-packages/airflow/example_dags/example_task_group.py
[2025-03-12T20:51:02.137+0000] {logging_mixin.py:190} INFO - [2025-03-12T20:51:02.137+0000] {dag.py:3239} INFO - Sync 1 DAGs
[2025-03-12T20:51:02.147+0000] {logging_mixin.py:190} INFO - [2025-03-12T20:51:02.147+0000] {dag.py:4180} INFO - Setting next_dagrun for example_task_group to None, run_after=None
[2025-03-12T20:51:02.161+0000] {processor.py:208} INFO - Processing /home/airflow/.local/lib/python3.12/site-packages/airflow/example_dags/example_task_group.py took 0.051 seconds
[2025-03-12T20:51:32.543+0000] {processor.py:186} INFO - Started process (PID=714) to work on /home/airflow/.local/lib/python3.12/site-packages/airflow/example_dags/example_task_group.py
[2025-03-12T20:51:32.545+0000] {processor.py:914} INFO - Processing file /home/airflow/.local/lib/python3.12/site-packages/airflow/example_dags/example_task_group.py for tasks to queue
[2025-03-12T20:51:32.546+0000] {logging_mixin.py:190} INFO - [2025-03-12T20:51:32.546+0000] {dagbag.py:588} INFO - Filling up the DagBag from /home/airflow/.local/lib/python3.12/site-packages/airflow/example_dags/example_task_group.py
[2025-03-12T20:51:32.552+0000] {processor.py:925} INFO - DAG(s) 'example_task_group' retrieved from /home/airflow/.local/lib/python3.12/site-packages/airflow/example_dags/example_task_group.py
[2025-03-12T20:51:32.565+0000] {logging_mixin.py:190} INFO - [2025-03-12T20:51:32.565+0000] {dag.py:3239} INFO - Sync 1 DAGs
[2025-03-12T20:51:32.575+0000] {logging_mixin.py:190} INFO - [2025-03-12T20:51:32.574+0000] {dag.py:4180} INFO - Setting next_dagrun for example_task_group to None, run_after=None
[2025-03-12T20:51:32.592+0000] {processor.py:208} INFO - Processing /home/airflow/.local/lib/python3.12/site-packages/airflow/example_dags/example_task_group.py took 0.053 seconds
[2025-03-12T20:52:03.903+0000] {processor.py:186} INFO - Started process (PID=778) to work on /home/airflow/.local/lib/python3.12/site-packages/airflow/example_dags/example_task_group.py
[2025-03-12T20:52:03.904+0000] {processor.py:914} INFO - Processing file /home/airflow/.local/lib/python3.12/site-packages/airflow/example_dags/example_task_group.py for tasks to queue
[2025-03-12T20:52:03.905+0000] {logging_mixin.py:190} INFO - [2025-03-12T20:52:03.905+0000] {dagbag.py:588} INFO - Filling up the DagBag from /home/airflow/.local/lib/python3.12/site-packages/airflow/example_dags/example_task_group.py
[2025-03-12T20:52:03.910+0000] {processor.py:925} INFO - DAG(s) 'example_task_group' retrieved from /home/airflow/.local/lib/python3.12/site-packages/airflow/example_dags/example_task_group.py
[2025-03-12T20:52:03.927+0000] {logging_mixin.py:190} INFO - [2025-03-12T20:52:03.927+0000] {dag.py:3239} INFO - Sync 1 DAGs
[2025-03-12T20:52:03.939+0000] {logging_mixin.py:190} INFO - [2025-03-12T20:52:03.939+0000] {dag.py:4180} INFO - Setting next_dagrun for example_task_group to None, run_after=None
[2025-03-12T20:52:03.955+0000] {processor.py:208} INFO - Processing /home/airflow/.local/lib/python3.12/site-packages/airflow/example_dags/example_task_group.py took 0.056 seconds
[2025-03-12T20:52:34.310+0000] {processor.py:186} INFO - Started process (PID=841) to work on /home/airflow/.local/lib/python3.12/site-packages/airflow/example_dags/example_task_group.py
[2025-03-12T20:52:34.311+0000] {processor.py:914} INFO - Processing file /home/airflow/.local/lib/python3.12/site-packages/airflow/example_dags/example_task_group.py for tasks to queue
[2025-03-12T20:52:34.312+0000] {logging_mixin.py:190} INFO - [2025-03-12T20:52:34.312+0000] {dagbag.py:588} INFO - Filling up the DagBag from /home/airflow/.local/lib/python3.12/site-packages/airflow/example_dags/example_task_group.py
[2025-03-12T20:52:34.317+0000] {processor.py:925} INFO - DAG(s) 'example_task_group' retrieved from /home/airflow/.local/lib/python3.12/site-packages/airflow/example_dags/example_task_group.py
[2025-03-12T20:52:34.336+0000] {logging_mixin.py:190} INFO - [2025-03-12T20:52:34.336+0000] {dag.py:3239} INFO - Sync 1 DAGs
[2025-03-12T20:52:34.348+0000] {logging_mixin.py:190} INFO - [2025-03-12T20:52:34.348+0000] {dag.py:4180} INFO - Setting next_dagrun for example_task_group to None, run_after=None
[2025-03-12T20:52:34.362+0000] {processor.py:208} INFO - Processing /home/airflow/.local/lib/python3.12/site-packages/airflow/example_dags/example_task_group.py took 0.057 seconds
[2025-03-12T20:53:05.402+0000] {processor.py:186} INFO - Started process (PID=904) to work on /home/airflow/.local/lib/python3.12/site-packages/airflow/example_dags/example_task_group.py
[2025-03-12T20:53:05.403+0000] {processor.py:914} INFO - Processing file /home/airflow/.local/lib/python3.12/site-packages/airflow/example_dags/example_task_group.py for tasks to queue
[2025-03-12T20:53:05.404+0000] {logging_mixin.py:190} INFO - [2025-03-12T20:53:05.404+0000] {dagbag.py:588} INFO - Filling up the DagBag from /home/airflow/.local/lib/python3.12/site-packages/airflow/example_dags/example_task_group.py
[2025-03-12T20:53:05.410+0000] {processor.py:925} INFO - DAG(s) 'example_task_group' retrieved from /home/airflow/.local/lib/python3.12/site-packages/airflow/example_dags/example_task_group.py
[2025-03-12T20:53:05.427+0000] {logging_mixin.py:190} INFO - [2025-03-12T20:53:05.427+0000] {dag.py:3239} INFO - Sync 1 DAGs
[2025-03-12T20:53:05.439+0000] {logging_mixin.py:190} INFO - [2025-03-12T20:53:05.439+0000] {dag.py:4180} INFO - Setting next_dagrun for example_task_group to None, run_after=None
[2025-03-12T20:53:05.454+0000] {processor.py:208} INFO - Processing /home/airflow/.local/lib/python3.12/site-packages/airflow/example_dags/example_task_group.py took 0.056 seconds
[2025-03-12T20:53:36.060+0000] {processor.py:186} INFO - Started process (PID=967) to work on /home/airflow/.local/lib/python3.12/site-packages/airflow/example_dags/example_task_group.py
[2025-03-12T20:53:36.061+0000] {processor.py:914} INFO - Processing file /home/airflow/.local/lib/python3.12/site-packages/airflow/example_dags/example_task_group.py for tasks to queue
[2025-03-12T20:53:36.062+0000] {logging_mixin.py:190} INFO - [2025-03-12T20:53:36.062+0000] {dagbag.py:588} INFO - Filling up the DagBag from /home/airflow/.local/lib/python3.12/site-packages/airflow/example_dags/example_task_group.py
[2025-03-12T20:53:36.067+0000] {processor.py:925} INFO - DAG(s) 'example_task_group' retrieved from /home/airflow/.local/lib/python3.12/site-packages/airflow/example_dags/example_task_group.py
[2025-03-12T20:53:36.085+0000] {logging_mixin.py:190} INFO - [2025-03-12T20:53:36.084+0000] {dag.py:3239} INFO - Sync 1 DAGs
[2025-03-12T20:53:36.095+0000] {logging_mixin.py:190} INFO - [2025-03-12T20:53:36.094+0000] {dag.py:4180} INFO - Setting next_dagrun for example_task_group to None, run_after=None
[2025-03-12T20:53:36.111+0000] {processor.py:208} INFO - Processing /home/airflow/.local/lib/python3.12/site-packages/airflow/example_dags/example_task_group.py took 0.055 seconds
[2025-03-12T20:54:06.319+0000] {processor.py:186} INFO - Started process (PID=1030) to work on /home/airflow/.local/lib/python3.12/site-packages/airflow/example_dags/example_task_group.py
[2025-03-12T20:54:06.320+0000] {processor.py:914} INFO - Processing file /home/airflow/.local/lib/python3.12/site-packages/airflow/example_dags/example_task_group.py for tasks to queue
[2025-03-12T20:54:06.322+0000] {logging_mixin.py:190} INFO - [2025-03-12T20:54:06.321+0000] {dagbag.py:588} INFO - Filling up the DagBag from /home/airflow/.local/lib/python3.12/site-packages/airflow/example_dags/example_task_group.py
[2025-03-12T20:54:06.329+0000] {processor.py:925} INFO - DAG(s) 'example_task_group' retrieved from /home/airflow/.local/lib/python3.12/site-packages/airflow/example_dags/example_task_group.py
[2025-03-12T20:54:06.350+0000] {logging_mixin.py:190} INFO - [2025-03-12T20:54:06.349+0000] {dag.py:3239} INFO - Sync 1 DAGs
[2025-03-12T20:54:06.362+0000] {logging_mixin.py:190} INFO - [2025-03-12T20:54:06.362+0000] {dag.py:4180} INFO - Setting next_dagrun for example_task_group to None, run_after=None
[2025-03-12T20:54:06.379+0000] {processor.py:208} INFO - Processing /home/airflow/.local/lib/python3.12/site-packages/airflow/example_dags/example_task_group.py took 0.066 seconds
[2025-03-12T20:54:37.040+0000] {processor.py:186} INFO - Started process (PID=1092) to work on /home/airflow/.local/lib/python3.12/site-packages/airflow/example_dags/example_task_group.py
[2025-03-12T20:54:37.041+0000] {processor.py:914} INFO - Processing file /home/airflow/.local/lib/python3.12/site-packages/airflow/example_dags/example_task_group.py for tasks to queue
[2025-03-12T20:54:37.042+0000] {logging_mixin.py:190} INFO - [2025-03-12T20:54:37.042+0000] {dagbag.py:588} INFO - Filling up the DagBag from /home/airflow/.local/lib/python3.12/site-packages/airflow/example_dags/example_task_group.py
[2025-03-12T20:54:37.047+0000] {processor.py:925} INFO - DAG(s) 'example_task_group' retrieved from /home/airflow/.local/lib/python3.12/site-packages/airflow/example_dags/example_task_group.py
[2025-03-12T20:54:37.064+0000] {logging_mixin.py:190} INFO - [2025-03-12T20:54:37.064+0000] {dag.py:3239} INFO - Sync 1 DAGs
[2025-03-12T20:54:37.075+0000] {logging_mixin.py:190} INFO - [2025-03-12T20:54:37.075+0000] {dag.py:4180} INFO - Setting next_dagrun for example_task_group to None, run_after=None
[2025-03-12T20:54:37.092+0000] {processor.py:208} INFO - Processing /home/airflow/.local/lib/python3.12/site-packages/airflow/example_dags/example_task_group.py took 0.055 seconds
[2025-03-12T20:55:07.740+0000] {processor.py:186} INFO - Started process (PID=1155) to work on /home/airflow/.local/lib/python3.12/site-packages/airflow/example_dags/example_task_group.py
[2025-03-12T20:55:07.741+0000] {processor.py:914} INFO - Processing file /home/airflow/.local/lib/python3.12/site-packages/airflow/example_dags/example_task_group.py for tasks to queue
[2025-03-12T20:55:07.742+0000] {logging_mixin.py:190} INFO - [2025-03-12T20:55:07.742+0000] {dagbag.py:588} INFO - Filling up the DagBag from /home/airflow/.local/lib/python3.12/site-packages/airflow/example_dags/example_task_group.py
[2025-03-12T20:55:07.747+0000] {processor.py:925} INFO - DAG(s) 'example_task_group' retrieved from /home/airflow/.local/lib/python3.12/site-packages/airflow/example_dags/example_task_group.py
[2025-03-12T20:55:07.763+0000] {logging_mixin.py:190} INFO - [2025-03-12T20:55:07.763+0000] {dag.py:3239} INFO - Sync 1 DAGs
[2025-03-12T20:55:07.775+0000] {logging_mixin.py:190} INFO - [2025-03-12T20:55:07.775+0000] {dag.py:4180} INFO - Setting next_dagrun for example_task_group to None, run_after=None
[2025-03-12T20:55:07.791+0000] {processor.py:208} INFO - Processing /home/airflow/.local/lib/python3.12/site-packages/airflow/example_dags/example_task_group.py took 0.056 seconds
[2025-03-12T20:55:39.318+0000] {processor.py:186} INFO - Started process (PID=1219) to work on /home/airflow/.local/lib/python3.12/site-packages/airflow/example_dags/example_task_group.py
[2025-03-12T20:55:39.319+0000] {processor.py:914} INFO - Processing file /home/airflow/.local/lib/python3.12/site-packages/airflow/example_dags/example_task_group.py for tasks to queue
[2025-03-12T20:55:39.321+0000] {logging_mixin.py:190} INFO - [2025-03-12T20:55:39.321+0000] {dagbag.py:588} INFO - Filling up the DagBag from /home/airflow/.local/lib/python3.12/site-packages/airflow/example_dags/example_task_group.py
[2025-03-12T20:55:39.329+0000] {processor.py:925} INFO - DAG(s) 'example_task_group' retrieved from /home/airflow/.local/lib/python3.12/site-packages/airflow/example_dags/example_task_group.py
[2025-03-12T20:55:39.352+0000] {logging_mixin.py:190} INFO - [2025-03-12T20:55:39.352+0000] {dag.py:3239} INFO - Sync 1 DAGs
[2025-03-12T20:55:39.370+0000] {logging_mixin.py:190} INFO - [2025-03-12T20:55:39.370+0000] {dag.py:4180} INFO - Setting next_dagrun for example_task_group to None, run_after=None
[2025-03-12T20:55:39.394+0000] {processor.py:208} INFO - Processing /home/airflow/.local/lib/python3.12/site-packages/airflow/example_dags/example_task_group.py took 0.081 seconds
[2025-03-12T20:56:10.018+0000] {processor.py:186} INFO - Started process (PID=1282) to work on /home/airflow/.local/lib/python3.12/site-packages/airflow/example_dags/example_task_group.py
[2025-03-12T20:56:10.019+0000] {processor.py:914} INFO - Processing file /home/airflow/.local/lib/python3.12/site-packages/airflow/example_dags/example_task_group.py for tasks to queue
[2025-03-12T20:56:10.020+0000] {logging_mixin.py:190} INFO - [2025-03-12T20:56:10.020+0000] {dagbag.py:588} INFO - Filling up the DagBag from /home/airflow/.local/lib/python3.12/site-packages/airflow/example_dags/example_task_group.py
[2025-03-12T20:56:10.024+0000] {processor.py:925} INFO - DAG(s) 'example_task_group' retrieved from /home/airflow/.local/lib/python3.12/site-packages/airflow/example_dags/example_task_group.py
[2025-03-12T20:56:10.040+0000] {logging_mixin.py:190} INFO - [2025-03-12T20:56:10.040+0000] {dag.py:3239} INFO - Sync 1 DAGs
[2025-03-12T20:56:10.049+0000] {logging_mixin.py:190} INFO - [2025-03-12T20:56:10.049+0000] {dag.py:4180} INFO - Setting next_dagrun for example_task_group to None, run_after=None
[2025-03-12T20:56:10.067+0000] {processor.py:208} INFO - Processing /home/airflow/.local/lib/python3.12/site-packages/airflow/example_dags/example_task_group.py took 0.052 seconds
[2025-03-12T20:56:40.735+0000] {processor.py:186} INFO - Started process (PID=1345) to work on /home/airflow/.local/lib/python3.12/site-packages/airflow/example_dags/example_task_group.py
[2025-03-12T20:56:40.736+0000] {processor.py:914} INFO - Processing file /home/airflow/.local/lib/python3.12/site-packages/airflow/example_dags/example_task_group.py for tasks to queue
[2025-03-12T20:56:40.737+0000] {logging_mixin.py:190} INFO - [2025-03-12T20:56:40.737+0000] {dagbag.py:588} INFO - Filling up the DagBag from /home/airflow/.local/lib/python3.12/site-packages/airflow/example_dags/example_task_group.py
[2025-03-12T20:56:40.741+0000] {processor.py:925} INFO - DAG(s) 'example_task_group' retrieved from /home/airflow/.local/lib/python3.12/site-packages/airflow/example_dags/example_task_group.py
[2025-03-12T20:56:40.757+0000] {logging_mixin.py:190} INFO - [2025-03-12T20:56:40.757+0000] {dag.py:3239} INFO - Sync 1 DAGs
[2025-03-12T20:56:40.765+0000] {logging_mixin.py:190} INFO - [2025-03-12T20:56:40.765+0000] {dag.py:4180} INFO - Setting next_dagrun for example_task_group to None, run_after=None
[2025-03-12T20:56:40.778+0000] {processor.py:208} INFO - Processing /home/airflow/.local/lib/python3.12/site-packages/airflow/example_dags/example_task_group.py took 0.046 seconds
[2025-03-12T20:57:11.288+0000] {processor.py:186} INFO - Started process (PID=1408) to work on /home/airflow/.local/lib/python3.12/site-packages/airflow/example_dags/example_task_group.py
[2025-03-12T20:57:11.289+0000] {processor.py:914} INFO - Processing file /home/airflow/.local/lib/python3.12/site-packages/airflow/example_dags/example_task_group.py for tasks to queue
[2025-03-12T20:57:11.290+0000] {logging_mixin.py:190} INFO - [2025-03-12T20:57:11.290+0000] {dagbag.py:588} INFO - Filling up the DagBag from /home/airflow/.local/lib/python3.12/site-packages/airflow/example_dags/example_task_group.py
[2025-03-12T20:57:11.295+0000] {processor.py:925} INFO - DAG(s) 'example_task_group' retrieved from /home/airflow/.local/lib/python3.12/site-packages/airflow/example_dags/example_task_group.py
[2025-03-12T20:57:11.309+0000] {logging_mixin.py:190} INFO - [2025-03-12T20:57:11.309+0000] {dag.py:3239} INFO - Sync 1 DAGs
[2025-03-12T20:57:11.322+0000] {logging_mixin.py:190} INFO - [2025-03-12T20:57:11.322+0000] {dag.py:4180} INFO - Setting next_dagrun for example_task_group to None, run_after=None
[2025-03-12T20:57:11.341+0000] {processor.py:208} INFO - Processing /home/airflow/.local/lib/python3.12/site-packages/airflow/example_dags/example_task_group.py took 0.056 seconds
[2025-03-12T20:57:42.151+0000] {processor.py:186} INFO - Started process (PID=1471) to work on /home/airflow/.local/lib/python3.12/site-packages/airflow/example_dags/example_task_group.py
[2025-03-12T20:57:42.152+0000] {processor.py:914} INFO - Processing file /home/airflow/.local/lib/python3.12/site-packages/airflow/example_dags/example_task_group.py for tasks to queue
[2025-03-12T20:57:42.153+0000] {logging_mixin.py:190} INFO - [2025-03-12T20:57:42.153+0000] {dagbag.py:588} INFO - Filling up the DagBag from /home/airflow/.local/lib/python3.12/site-packages/airflow/example_dags/example_task_group.py
[2025-03-12T20:57:42.158+0000] {processor.py:925} INFO - DAG(s) 'example_task_group' retrieved from /home/airflow/.local/lib/python3.12/site-packages/airflow/example_dags/example_task_group.py
[2025-03-12T20:57:42.176+0000] {logging_mixin.py:190} INFO - [2025-03-12T20:57:42.176+0000] {dag.py:3239} INFO - Sync 1 DAGs
[2025-03-12T20:57:42.186+0000] {logging_mixin.py:190} INFO - [2025-03-12T20:57:42.186+0000] {dag.py:4180} INFO - Setting next_dagrun for example_task_group to None, run_after=None
[2025-03-12T20:57:42.202+0000] {processor.py:208} INFO - Processing /home/airflow/.local/lib/python3.12/site-packages/airflow/example_dags/example_task_group.py took 0.054 seconds
[2025-03-12T20:58:13.285+0000] {processor.py:186} INFO - Started process (PID=1534) to work on /home/airflow/.local/lib/python3.12/site-packages/airflow/example_dags/example_task_group.py
[2025-03-12T20:58:13.287+0000] {processor.py:914} INFO - Processing file /home/airflow/.local/lib/python3.12/site-packages/airflow/example_dags/example_task_group.py for tasks to queue
[2025-03-12T20:58:13.289+0000] {logging_mixin.py:190} INFO - [2025-03-12T20:58:13.288+0000] {dagbag.py:588} INFO - Filling up the DagBag from /home/airflow/.local/lib/python3.12/site-packages/airflow/example_dags/example_task_group.py
[2025-03-12T20:58:13.298+0000] {processor.py:925} INFO - DAG(s) 'example_task_group' retrieved from /home/airflow/.local/lib/python3.12/site-packages/airflow/example_dags/example_task_group.py
[2025-03-12T20:58:13.327+0000] {logging_mixin.py:190} INFO - [2025-03-12T20:58:13.326+0000] {dag.py:3239} INFO - Sync 1 DAGs
[2025-03-12T20:58:13.343+0000] {logging_mixin.py:190} INFO - [2025-03-12T20:58:13.343+0000] {dag.py:4180} INFO - Setting next_dagrun for example_task_group to None, run_after=None
[2025-03-12T20:58:13.365+0000] {processor.py:208} INFO - Processing /home/airflow/.local/lib/python3.12/site-packages/airflow/example_dags/example_task_group.py took 0.087 seconds
[2025-03-12T20:58:44.365+0000] {processor.py:186} INFO - Started process (PID=1597) to work on /home/airflow/.local/lib/python3.12/site-packages/airflow/example_dags/example_task_group.py
[2025-03-12T20:58:44.366+0000] {processor.py:914} INFO - Processing file /home/airflow/.local/lib/python3.12/site-packages/airflow/example_dags/example_task_group.py for tasks to queue
[2025-03-12T20:58:44.367+0000] {logging_mixin.py:190} INFO - [2025-03-12T20:58:44.367+0000] {dagbag.py:588} INFO - Filling up the DagBag from /home/airflow/.local/lib/python3.12/site-packages/airflow/example_dags/example_task_group.py
[2025-03-12T20:58:44.372+0000] {processor.py:925} INFO - DAG(s) 'example_task_group' retrieved from /home/airflow/.local/lib/python3.12/site-packages/airflow/example_dags/example_task_group.py
[2025-03-12T20:58:44.390+0000] {logging_mixin.py:190} INFO - [2025-03-12T20:58:44.390+0000] {dag.py:3239} INFO - Sync 1 DAGs
[2025-03-12T20:58:44.402+0000] {logging_mixin.py:190} INFO - [2025-03-12T20:58:44.402+0000] {dag.py:4180} INFO - Setting next_dagrun for example_task_group to None, run_after=None
[2025-03-12T20:58:44.417+0000] {processor.py:208} INFO - Processing /home/airflow/.local/lib/python3.12/site-packages/airflow/example_dags/example_task_group.py took 0.057 seconds
[2025-03-12T20:59:15.026+0000] {processor.py:186} INFO - Started process (PID=1660) to work on /home/airflow/.local/lib/python3.12/site-packages/airflow/example_dags/example_task_group.py
[2025-03-12T20:59:15.027+0000] {processor.py:914} INFO - Processing file /home/airflow/.local/lib/python3.12/site-packages/airflow/example_dags/example_task_group.py for tasks to queue
[2025-03-12T20:59:15.028+0000] {logging_mixin.py:190} INFO - [2025-03-12T20:59:15.028+0000] {dagbag.py:588} INFO - Filling up the DagBag from /home/airflow/.local/lib/python3.12/site-packages/airflow/example_dags/example_task_group.py
[2025-03-12T20:59:15.034+0000] {processor.py:925} INFO - DAG(s) 'example_task_group' retrieved from /home/airflow/.local/lib/python3.12/site-packages/airflow/example_dags/example_task_group.py
[2025-03-12T20:59:15.052+0000] {logging_mixin.py:190} INFO - [2025-03-12T20:59:15.052+0000] {dag.py:3239} INFO - Sync 1 DAGs
[2025-03-12T20:59:15.062+0000] {logging_mixin.py:190} INFO - [2025-03-12T20:59:15.062+0000] {dag.py:4180} INFO - Setting next_dagrun for example_task_group to None, run_after=None
[2025-03-12T20:59:15.079+0000] {processor.py:208} INFO - Processing /home/airflow/.local/lib/python3.12/site-packages/airflow/example_dags/example_task_group.py took 0.057 seconds
[2025-03-12T20:59:45.648+0000] {processor.py:186} INFO - Started process (PID=1723) to work on /home/airflow/.local/lib/python3.12/site-packages/airflow/example_dags/example_task_group.py
[2025-03-12T20:59:45.649+0000] {processor.py:914} INFO - Processing file /home/airflow/.local/lib/python3.12/site-packages/airflow/example_dags/example_task_group.py for tasks to queue
[2025-03-12T20:59:45.650+0000] {logging_mixin.py:190} INFO - [2025-03-12T20:59:45.650+0000] {dagbag.py:588} INFO - Filling up the DagBag from /home/airflow/.local/lib/python3.12/site-packages/airflow/example_dags/example_task_group.py
[2025-03-12T20:59:45.654+0000] {processor.py:925} INFO - DAG(s) 'example_task_group' retrieved from /home/airflow/.local/lib/python3.12/site-packages/airflow/example_dags/example_task_group.py
[2025-03-12T20:59:45.672+0000] {logging_mixin.py:190} INFO - [2025-03-12T20:59:45.672+0000] {dag.py:3239} INFO - Sync 1 DAGs
[2025-03-12T20:59:45.683+0000] {logging_mixin.py:190} INFO - [2025-03-12T20:59:45.683+0000] {dag.py:4180} INFO - Setting next_dagrun for example_task_group to None, run_after=None
[2025-03-12T20:59:45.698+0000] {processor.py:208} INFO - Processing /home/airflow/.local/lib/python3.12/site-packages/airflow/example_dags/example_task_group.py took 0.054 seconds
[2025-03-12T21:00:16.090+0000] {processor.py:186} INFO - Started process (PID=1786) to work on /home/airflow/.local/lib/python3.12/site-packages/airflow/example_dags/example_task_group.py
[2025-03-12T21:00:16.092+0000] {processor.py:914} INFO - Processing file /home/airflow/.local/lib/python3.12/site-packages/airflow/example_dags/example_task_group.py for tasks to queue
[2025-03-12T21:00:16.096+0000] {logging_mixin.py:190} INFO - [2025-03-12T21:00:16.095+0000] {dagbag.py:588} INFO - Filling up the DagBag from /home/airflow/.local/lib/python3.12/site-packages/airflow/example_dags/example_task_group.py
[2025-03-12T21:00:16.108+0000] {processor.py:925} INFO - DAG(s) 'example_task_group' retrieved from /home/airflow/.local/lib/python3.12/site-packages/airflow/example_dags/example_task_group.py
[2025-03-12T21:00:16.132+0000] {logging_mixin.py:190} INFO - [2025-03-12T21:00:16.131+0000] {dag.py:3239} INFO - Sync 1 DAGs
[2025-03-12T21:00:16.147+0000] {logging_mixin.py:190} INFO - [2025-03-12T21:00:16.146+0000] {dag.py:4180} INFO - Setting next_dagrun for example_task_group to None, run_after=None
[2025-03-12T21:00:16.168+0000] {processor.py:208} INFO - Processing /home/airflow/.local/lib/python3.12/site-packages/airflow/example_dags/example_task_group.py took 0.088 seconds
[2025-03-12T21:00:46.835+0000] {processor.py:186} INFO - Started process (PID=1848) to work on /home/airflow/.local/lib/python3.12/site-packages/airflow/example_dags/example_task_group.py
[2025-03-12T21:00:46.836+0000] {processor.py:914} INFO - Processing file /home/airflow/.local/lib/python3.12/site-packages/airflow/example_dags/example_task_group.py for tasks to queue
[2025-03-12T21:00:46.837+0000] {logging_mixin.py:190} INFO - [2025-03-12T21:00:46.837+0000] {dagbag.py:588} INFO - Filling up the DagBag from /home/airflow/.local/lib/python3.12/site-packages/airflow/example_dags/example_task_group.py
[2025-03-12T21:00:46.842+0000] {processor.py:925} INFO - DAG(s) 'example_task_group' retrieved from /home/airflow/.local/lib/python3.12/site-packages/airflow/example_dags/example_task_group.py
[2025-03-12T21:00:46.862+0000] {logging_mixin.py:190} INFO - [2025-03-12T21:00:46.861+0000] {dag.py:3239} INFO - Sync 1 DAGs
[2025-03-12T21:00:46.874+0000] {logging_mixin.py:190} INFO - [2025-03-12T21:00:46.874+0000] {dag.py:4180} INFO - Setting next_dagrun for example_task_group to None, run_after=None
[2025-03-12T21:00:46.888+0000] {processor.py:208} INFO - Processing /home/airflow/.local/lib/python3.12/site-packages/airflow/example_dags/example_task_group.py took 0.056 seconds
[2025-03-12T21:01:17.620+0000] {processor.py:186} INFO - Started process (PID=1911) to work on /home/airflow/.local/lib/python3.12/site-packages/airflow/example_dags/example_task_group.py
[2025-03-12T21:01:17.621+0000] {processor.py:914} INFO - Processing file /home/airflow/.local/lib/python3.12/site-packages/airflow/example_dags/example_task_group.py for tasks to queue
[2025-03-12T21:01:17.623+0000] {logging_mixin.py:190} INFO - [2025-03-12T21:01:17.623+0000] {dagbag.py:588} INFO - Filling up the DagBag from /home/airflow/.local/lib/python3.12/site-packages/airflow/example_dags/example_task_group.py
[2025-03-12T21:01:17.629+0000] {processor.py:925} INFO - DAG(s) 'example_task_group' retrieved from /home/airflow/.local/lib/python3.12/site-packages/airflow/example_dags/example_task_group.py
[2025-03-12T21:01:17.647+0000] {logging_mixin.py:190} INFO - [2025-03-12T21:01:17.647+0000] {dag.py:3239} INFO - Sync 1 DAGs
[2025-03-12T21:01:17.660+0000] {logging_mixin.py:190} INFO - [2025-03-12T21:01:17.659+0000] {dag.py:4180} INFO - Setting next_dagrun for example_task_group to None, run_after=None
[2025-03-12T21:01:17.680+0000] {processor.py:208} INFO - Processing /home/airflow/.local/lib/python3.12/site-packages/airflow/example_dags/example_task_group.py took 0.066 seconds
[2025-03-12T21:01:48.768+0000] {processor.py:186} INFO - Started process (PID=1974) to work on /home/airflow/.local/lib/python3.12/site-packages/airflow/example_dags/example_task_group.py
[2025-03-12T21:01:48.769+0000] {processor.py:914} INFO - Processing file /home/airflow/.local/lib/python3.12/site-packages/airflow/example_dags/example_task_group.py for tasks to queue
[2025-03-12T21:01:48.771+0000] {logging_mixin.py:190} INFO - [2025-03-12T21:01:48.771+0000] {dagbag.py:588} INFO - Filling up the DagBag from /home/airflow/.local/lib/python3.12/site-packages/airflow/example_dags/example_task_group.py
[2025-03-12T21:01:48.776+0000] {processor.py:925} INFO - DAG(s) 'example_task_group' retrieved from /home/airflow/.local/lib/python3.12/site-packages/airflow/example_dags/example_task_group.py
[2025-03-12T21:01:48.797+0000] {logging_mixin.py:190} INFO - [2025-03-12T21:01:48.797+0000] {dag.py:3239} INFO - Sync 1 DAGs
[2025-03-12T21:01:48.814+0000] {logging_mixin.py:190} INFO - [2025-03-12T21:01:48.813+0000] {dag.py:4180} INFO - Setting next_dagrun for example_task_group to None, run_after=None
[2025-03-12T21:01:48.834+0000] {processor.py:208} INFO - Processing /home/airflow/.local/lib/python3.12/site-packages/airflow/example_dags/example_task_group.py took 0.069 seconds
[2025-03-12T21:02:19.483+0000] {processor.py:186} INFO - Started process (PID=2037) to work on /home/airflow/.local/lib/python3.12/site-packages/airflow/example_dags/example_task_group.py
[2025-03-12T21:02:19.484+0000] {processor.py:914} INFO - Processing file /home/airflow/.local/lib/python3.12/site-packages/airflow/example_dags/example_task_group.py for tasks to queue
[2025-03-12T21:02:19.486+0000] {logging_mixin.py:190} INFO - [2025-03-12T21:02:19.486+0000] {dagbag.py:588} INFO - Filling up the DagBag from /home/airflow/.local/lib/python3.12/site-packages/airflow/example_dags/example_task_group.py
[2025-03-12T21:02:19.493+0000] {processor.py:925} INFO - DAG(s) 'example_task_group' retrieved from /home/airflow/.local/lib/python3.12/site-packages/airflow/example_dags/example_task_group.py
[2025-03-12T21:02:19.518+0000] {logging_mixin.py:190} INFO - [2025-03-12T21:02:19.518+0000] {dag.py:3239} INFO - Sync 1 DAGs
[2025-03-12T21:02:19.535+0000] {logging_mixin.py:190} INFO - [2025-03-12T21:02:19.535+0000] {dag.py:4180} INFO - Setting next_dagrun for example_task_group to None, run_after=None
[2025-03-12T21:02:19.555+0000] {processor.py:208} INFO - Processing /home/airflow/.local/lib/python3.12/site-packages/airflow/example_dags/example_task_group.py took 0.076 seconds
[2025-03-12T21:02:49.831+0000] {processor.py:186} INFO - Started process (PID=2100) to work on /home/airflow/.local/lib/python3.12/site-packages/airflow/example_dags/example_task_group.py
[2025-03-12T21:02:49.833+0000] {processor.py:914} INFO - Processing file /home/airflow/.local/lib/python3.12/site-packages/airflow/example_dags/example_task_group.py for tasks to queue
[2025-03-12T21:02:49.834+0000] {logging_mixin.py:190} INFO - [2025-03-12T21:02:49.834+0000] {dagbag.py:588} INFO - Filling up the DagBag from /home/airflow/.local/lib/python3.12/site-packages/airflow/example_dags/example_task_group.py
[2025-03-12T21:02:49.839+0000] {processor.py:925} INFO - DAG(s) 'example_task_group' retrieved from /home/airflow/.local/lib/python3.12/site-packages/airflow/example_dags/example_task_group.py
[2025-03-12T21:02:49.857+0000] {logging_mixin.py:190} INFO - [2025-03-12T21:02:49.856+0000] {dag.py:3239} INFO - Sync 1 DAGs
[2025-03-12T21:02:49.868+0000] {logging_mixin.py:190} INFO - [2025-03-12T21:02:49.867+0000] {dag.py:4180} INFO - Setting next_dagrun for example_task_group to None, run_after=None
[2025-03-12T21:02:49.880+0000] {processor.py:208} INFO - Processing /home/airflow/.local/lib/python3.12/site-packages/airflow/example_dags/example_task_group.py took 0.053 seconds
[2025-03-12T21:03:20.254+0000] {processor.py:186} INFO - Started process (PID=2163) to work on /home/airflow/.local/lib/python3.12/site-packages/airflow/example_dags/example_task_group.py
[2025-03-12T21:03:20.255+0000] {processor.py:914} INFO - Processing file /home/airflow/.local/lib/python3.12/site-packages/airflow/example_dags/example_task_group.py for tasks to queue
[2025-03-12T21:03:20.256+0000] {logging_mixin.py:190} INFO - [2025-03-12T21:03:20.256+0000] {dagbag.py:588} INFO - Filling up the DagBag from /home/airflow/.local/lib/python3.12/site-packages/airflow/example_dags/example_task_group.py
[2025-03-12T21:03:20.262+0000] {processor.py:925} INFO - DAG(s) 'example_task_group' retrieved from /home/airflow/.local/lib/python3.12/site-packages/airflow/example_dags/example_task_group.py
[2025-03-12T21:03:20.279+0000] {logging_mixin.py:190} INFO - [2025-03-12T21:03:20.279+0000] {dag.py:3239} INFO - Sync 1 DAGs
[2025-03-12T21:03:20.287+0000] {logging_mixin.py:190} INFO - [2025-03-12T21:03:20.287+0000] {dag.py:4180} INFO - Setting next_dagrun for example_task_group to None, run_after=None
[2025-03-12T21:03:20.300+0000] {processor.py:208} INFO - Processing /home/airflow/.local/lib/python3.12/site-packages/airflow/example_dags/example_task_group.py took 0.049 seconds
[2025-03-12T21:03:50.573+0000] {processor.py:186} INFO - Started process (PID=2226) to work on /home/airflow/.local/lib/python3.12/site-packages/airflow/example_dags/example_task_group.py
[2025-03-12T21:03:50.574+0000] {processor.py:914} INFO - Processing file /home/airflow/.local/lib/python3.12/site-packages/airflow/example_dags/example_task_group.py for tasks to queue
[2025-03-12T21:03:50.575+0000] {logging_mixin.py:190} INFO - [2025-03-12T21:03:50.575+0000] {dagbag.py:588} INFO - Filling up the DagBag from /home/airflow/.local/lib/python3.12/site-packages/airflow/example_dags/example_task_group.py
[2025-03-12T21:03:50.582+0000] {processor.py:925} INFO - DAG(s) 'example_task_group' retrieved from /home/airflow/.local/lib/python3.12/site-packages/airflow/example_dags/example_task_group.py
[2025-03-12T21:03:50.596+0000] {logging_mixin.py:190} INFO - [2025-03-12T21:03:50.596+0000] {dag.py:3239} INFO - Sync 1 DAGs
[2025-03-12T21:03:50.605+0000] {logging_mixin.py:190} INFO - [2025-03-12T21:03:50.604+0000] {dag.py:4180} INFO - Setting next_dagrun for example_task_group to None, run_after=None
[2025-03-12T21:03:50.619+0000] {processor.py:208} INFO - Processing /home/airflow/.local/lib/python3.12/site-packages/airflow/example_dags/example_task_group.py took 0.052 seconds
[2025-03-12T21:04:21.296+0000] {processor.py:186} INFO - Started process (PID=2289) to work on /home/airflow/.local/lib/python3.12/site-packages/airflow/example_dags/example_task_group.py
[2025-03-12T21:04:21.297+0000] {processor.py:914} INFO - Processing file /home/airflow/.local/lib/python3.12/site-packages/airflow/example_dags/example_task_group.py for tasks to queue
[2025-03-12T21:04:21.299+0000] {logging_mixin.py:190} INFO - [2025-03-12T21:04:21.299+0000] {dagbag.py:588} INFO - Filling up the DagBag from /home/airflow/.local/lib/python3.12/site-packages/airflow/example_dags/example_task_group.py
[2025-03-12T21:04:21.306+0000] {processor.py:925} INFO - DAG(s) 'example_task_group' retrieved from /home/airflow/.local/lib/python3.12/site-packages/airflow/example_dags/example_task_group.py
[2025-03-12T21:04:21.325+0000] {logging_mixin.py:190} INFO - [2025-03-12T21:04:21.325+0000] {dag.py:3239} INFO - Sync 1 DAGs
[2025-03-12T21:04:21.334+0000] {logging_mixin.py:190} INFO - [2025-03-12T21:04:21.334+0000] {dag.py:4180} INFO - Setting next_dagrun for example_task_group to None, run_after=None
[2025-03-12T21:04:21.352+0000] {processor.py:208} INFO - Processing /home/airflow/.local/lib/python3.12/site-packages/airflow/example_dags/example_task_group.py took 0.060 seconds
[2025-03-12T21:04:51.852+0000] {processor.py:186} INFO - Started process (PID=2352) to work on /home/airflow/.local/lib/python3.12/site-packages/airflow/example_dags/example_task_group.py
[2025-03-12T21:04:51.853+0000] {processor.py:914} INFO - Processing file /home/airflow/.local/lib/python3.12/site-packages/airflow/example_dags/example_task_group.py for tasks to queue
[2025-03-12T21:04:51.854+0000] {logging_mixin.py:190} INFO - [2025-03-12T21:04:51.854+0000] {dagbag.py:588} INFO - Filling up the DagBag from /home/airflow/.local/lib/python3.12/site-packages/airflow/example_dags/example_task_group.py
[2025-03-12T21:04:51.860+0000] {processor.py:925} INFO - DAG(s) 'example_task_group' retrieved from /home/airflow/.local/lib/python3.12/site-packages/airflow/example_dags/example_task_group.py
[2025-03-12T21:04:51.876+0000] {logging_mixin.py:190} INFO - [2025-03-12T21:04:51.876+0000] {dag.py:3239} INFO - Sync 1 DAGs
[2025-03-12T21:04:51.888+0000] {logging_mixin.py:190} INFO - [2025-03-12T21:04:51.888+0000] {dag.py:4180} INFO - Setting next_dagrun for example_task_group to None, run_after=None
[2025-03-12T21:04:51.902+0000] {processor.py:208} INFO - Processing /home/airflow/.local/lib/python3.12/site-packages/airflow/example_dags/example_task_group.py took 0.054 seconds
[2025-03-12T21:05:22.596+0000] {processor.py:186} INFO - Started process (PID=2415) to work on /home/airflow/.local/lib/python3.12/site-packages/airflow/example_dags/example_task_group.py
[2025-03-12T21:05:22.597+0000] {processor.py:914} INFO - Processing file /home/airflow/.local/lib/python3.12/site-packages/airflow/example_dags/example_task_group.py for tasks to queue
[2025-03-12T21:05:22.598+0000] {logging_mixin.py:190} INFO - [2025-03-12T21:05:22.598+0000] {dagbag.py:588} INFO - Filling up the DagBag from /home/airflow/.local/lib/python3.12/site-packages/airflow/example_dags/example_task_group.py
[2025-03-12T21:05:22.605+0000] {processor.py:925} INFO - DAG(s) 'example_task_group' retrieved from /home/airflow/.local/lib/python3.12/site-packages/airflow/example_dags/example_task_group.py
[2025-03-12T21:05:22.624+0000] {logging_mixin.py:190} INFO - [2025-03-12T21:05:22.624+0000] {dag.py:3239} INFO - Sync 1 DAGs
[2025-03-12T21:05:22.640+0000] {logging_mixin.py:190} INFO - [2025-03-12T21:05:22.640+0000] {dag.py:4180} INFO - Setting next_dagrun for example_task_group to None, run_after=None
[2025-03-12T21:05:22.654+0000] {processor.py:208} INFO - Processing /home/airflow/.local/lib/python3.12/site-packages/airflow/example_dags/example_task_group.py took 0.062 seconds
[2025-03-12T21:05:52.944+0000] {processor.py:186} INFO - Started process (PID=2478) to work on /home/airflow/.local/lib/python3.12/site-packages/airflow/example_dags/example_task_group.py
[2025-03-12T21:05:52.945+0000] {processor.py:914} INFO - Processing file /home/airflow/.local/lib/python3.12/site-packages/airflow/example_dags/example_task_group.py for tasks to queue
[2025-03-12T21:05:52.947+0000] {logging_mixin.py:190} INFO - [2025-03-12T21:05:52.947+0000] {dagbag.py:588} INFO - Filling up the DagBag from /home/airflow/.local/lib/python3.12/site-packages/airflow/example_dags/example_task_group.py
[2025-03-12T21:05:52.955+0000] {processor.py:925} INFO - DAG(s) 'example_task_group' retrieved from /home/airflow/.local/lib/python3.12/site-packages/airflow/example_dags/example_task_group.py
[2025-03-12T21:05:52.970+0000] {logging_mixin.py:190} INFO - [2025-03-12T21:05:52.970+0000] {dag.py:3239} INFO - Sync 1 DAGs
[2025-03-12T21:05:52.978+0000] {logging_mixin.py:190} INFO - [2025-03-12T21:05:52.978+0000] {dag.py:4180} INFO - Setting next_dagrun for example_task_group to None, run_after=None
[2025-03-12T21:05:52.992+0000] {processor.py:208} INFO - Processing /home/airflow/.local/lib/python3.12/site-packages/airflow/example_dags/example_task_group.py took 0.053 seconds
[2025-03-12T21:06:23.811+0000] {processor.py:186} INFO - Started process (PID=2541) to work on /home/airflow/.local/lib/python3.12/site-packages/airflow/example_dags/example_task_group.py
[2025-03-12T21:06:23.811+0000] {processor.py:914} INFO - Processing file /home/airflow/.local/lib/python3.12/site-packages/airflow/example_dags/example_task_group.py for tasks to queue
[2025-03-12T21:06:23.813+0000] {logging_mixin.py:190} INFO - [2025-03-12T21:06:23.812+0000] {dagbag.py:588} INFO - Filling up the DagBag from /home/airflow/.local/lib/python3.12/site-packages/airflow/example_dags/example_task_group.py
[2025-03-12T21:06:23.818+0000] {processor.py:925} INFO - DAG(s) 'example_task_group' retrieved from /home/airflow/.local/lib/python3.12/site-packages/airflow/example_dags/example_task_group.py
[2025-03-12T21:06:23.836+0000] {logging_mixin.py:190} INFO - [2025-03-12T21:06:23.836+0000] {dag.py:3239} INFO - Sync 1 DAGs
[2025-03-12T21:06:23.845+0000] {logging_mixin.py:190} INFO - [2025-03-12T21:06:23.845+0000] {dag.py:4180} INFO - Setting next_dagrun for example_task_group to None, run_after=None
[2025-03-12T21:06:23.863+0000] {processor.py:208} INFO - Processing /home/airflow/.local/lib/python3.12/site-packages/airflow/example_dags/example_task_group.py took 0.057 seconds
[2025-03-12T21:06:54.371+0000] {processor.py:186} INFO - Started process (PID=2604) to work on /home/airflow/.local/lib/python3.12/site-packages/airflow/example_dags/example_task_group.py
[2025-03-12T21:06:54.372+0000] {processor.py:914} INFO - Processing file /home/airflow/.local/lib/python3.12/site-packages/airflow/example_dags/example_task_group.py for tasks to queue
[2025-03-12T21:06:54.374+0000] {logging_mixin.py:190} INFO - [2025-03-12T21:06:54.374+0000] {dagbag.py:588} INFO - Filling up the DagBag from /home/airflow/.local/lib/python3.12/site-packages/airflow/example_dags/example_task_group.py
[2025-03-12T21:06:54.380+0000] {processor.py:925} INFO - DAG(s) 'example_task_group' retrieved from /home/airflow/.local/lib/python3.12/site-packages/airflow/example_dags/example_task_group.py
[2025-03-12T21:06:54.403+0000] {logging_mixin.py:190} INFO - [2025-03-12T21:06:54.402+0000] {dag.py:3239} INFO - Sync 1 DAGs
[2025-03-12T21:06:54.417+0000] {logging_mixin.py:190} INFO - [2025-03-12T21:06:54.416+0000] {dag.py:4180} INFO - Setting next_dagrun for example_task_group to None, run_after=None
[2025-03-12T21:06:54.435+0000] {processor.py:208} INFO - Processing /home/airflow/.local/lib/python3.12/site-packages/airflow/example_dags/example_task_group.py took 0.068 seconds
[2025-03-12T21:07:25.267+0000] {processor.py:186} INFO - Started process (PID=2667) to work on /home/airflow/.local/lib/python3.12/site-packages/airflow/example_dags/example_task_group.py
[2025-03-12T21:07:25.268+0000] {processor.py:914} INFO - Processing file /home/airflow/.local/lib/python3.12/site-packages/airflow/example_dags/example_task_group.py for tasks to queue
[2025-03-12T21:07:25.269+0000] {logging_mixin.py:190} INFO - [2025-03-12T21:07:25.269+0000] {dagbag.py:588} INFO - Filling up the DagBag from /home/airflow/.local/lib/python3.12/site-packages/airflow/example_dags/example_task_group.py
[2025-03-12T21:07:25.274+0000] {processor.py:925} INFO - DAG(s) 'example_task_group' retrieved from /home/airflow/.local/lib/python3.12/site-packages/airflow/example_dags/example_task_group.py
[2025-03-12T21:07:25.291+0000] {logging_mixin.py:190} INFO - [2025-03-12T21:07:25.291+0000] {dag.py:3239} INFO - Sync 1 DAGs
[2025-03-12T21:07:25.304+0000] {logging_mixin.py:190} INFO - [2025-03-12T21:07:25.303+0000] {dag.py:4180} INFO - Setting next_dagrun for example_task_group to None, run_after=None
[2025-03-12T21:07:25.319+0000] {processor.py:208} INFO - Processing /home/airflow/.local/lib/python3.12/site-packages/airflow/example_dags/example_task_group.py took 0.055 seconds
[2025-03-12T21:07:55.635+0000] {processor.py:186} INFO - Started process (PID=2735) to work on /home/airflow/.local/lib/python3.12/site-packages/airflow/example_dags/example_task_group.py
[2025-03-12T21:07:55.636+0000] {processor.py:914} INFO - Processing file /home/airflow/.local/lib/python3.12/site-packages/airflow/example_dags/example_task_group.py for tasks to queue
[2025-03-12T21:07:55.637+0000] {logging_mixin.py:190} INFO - [2025-03-12T21:07:55.637+0000] {dagbag.py:588} INFO - Filling up the DagBag from /home/airflow/.local/lib/python3.12/site-packages/airflow/example_dags/example_task_group.py
[2025-03-12T21:07:55.642+0000] {processor.py:925} INFO - DAG(s) 'example_task_group' retrieved from /home/airflow/.local/lib/python3.12/site-packages/airflow/example_dags/example_task_group.py
[2025-03-12T21:07:55.658+0000] {logging_mixin.py:190} INFO - [2025-03-12T21:07:55.658+0000] {dag.py:3239} INFO - Sync 1 DAGs
[2025-03-12T21:07:55.668+0000] {logging_mixin.py:190} INFO - [2025-03-12T21:07:55.667+0000] {dag.py:4180} INFO - Setting next_dagrun for example_task_group to None, run_after=None
[2025-03-12T21:07:55.681+0000] {processor.py:208} INFO - Processing /home/airflow/.local/lib/python3.12/site-packages/airflow/example_dags/example_task_group.py took 0.050 seconds
[2025-03-12T21:08:25.987+0000] {processor.py:186} INFO - Started process (PID=2798) to work on /home/airflow/.local/lib/python3.12/site-packages/airflow/example_dags/example_task_group.py
[2025-03-12T21:08:25.988+0000] {processor.py:914} INFO - Processing file /home/airflow/.local/lib/python3.12/site-packages/airflow/example_dags/example_task_group.py for tasks to queue
[2025-03-12T21:08:25.990+0000] {logging_mixin.py:190} INFO - [2025-03-12T21:08:25.990+0000] {dagbag.py:588} INFO - Filling up the DagBag from /home/airflow/.local/lib/python3.12/site-packages/airflow/example_dags/example_task_group.py
[2025-03-12T21:08:25.998+0000] {processor.py:925} INFO - DAG(s) 'example_task_group' retrieved from /home/airflow/.local/lib/python3.12/site-packages/airflow/example_dags/example_task_group.py
[2025-03-12T21:08:26.013+0000] {logging_mixin.py:190} INFO - [2025-03-12T21:08:26.013+0000] {dag.py:3239} INFO - Sync 1 DAGs
[2025-03-12T21:08:26.020+0000] {logging_mixin.py:190} INFO - [2025-03-12T21:08:26.020+0000] {dag.py:4180} INFO - Setting next_dagrun for example_task_group to None, run_after=None
[2025-03-12T21:08:26.034+0000] {processor.py:208} INFO - Processing /home/airflow/.local/lib/python3.12/site-packages/airflow/example_dags/example_task_group.py took 0.053 seconds
