[2025-03-12T20:46:22.160+0000] {processor.py:186} INFO - Started process (PID=58) to work on /home/airflow/.local/lib/python3.12/site-packages/airflow/example_dags/example_dataset_alias.py
[2025-03-12T20:46:22.160+0000] {processor.py:914} INFO - Processing file /home/airflow/.local/lib/python3.12/site-packages/airflow/example_dags/example_dataset_alias.py for tasks to queue
[2025-03-12T20:46:22.162+0000] {logging_mixin.py:190} INFO - [2025-03-12T20:46:22.161+0000] {dagbag.py:588} INFO - Filling up the DagBag from /home/airflow/.local/lib/python3.12/site-packages/airflow/example_dags/example_dataset_alias.py
[2025-03-12T20:46:23.301+0000] {processor.py:925} INFO - DAG(s) 'dataset_alias_example_alias_consumer', 'dataset_alias_example_alias_producer', 'dataset_s3_bucket_consumer', 'dataset_s3_bucket_producer' retrieved from /home/airflow/.local/lib/python3.12/site-packages/airflow/example_dags/example_dataset_alias.py
[2025-03-12T20:46:23.436+0000] {logging_mixin.py:190} INFO - [2025-03-12T20:46:23.435+0000] {override.py:1912} INFO - Created Permission View: can edit on DAG:dataset_alias_example_alias_consumer
[2025-03-12T20:46:23.448+0000] {logging_mixin.py:190} INFO - [2025-03-12T20:46:23.447+0000] {override.py:1912} INFO - Created Permission View: can read on DAG:dataset_alias_example_alias_consumer
[2025-03-12T20:46:23.457+0000] {logging_mixin.py:190} INFO - [2025-03-12T20:46:23.456+0000] {override.py:1912} INFO - Created Permission View: can delete on DAG:dataset_alias_example_alias_consumer
[2025-03-12T20:46:23.464+0000] {logging_mixin.py:190} INFO - [2025-03-12T20:46:23.464+0000] {override.py:1912} INFO - Created Permission View: menu access on DAG Run:dataset_alias_example_alias_consumer
[2025-03-12T20:46:23.471+0000] {logging_mixin.py:190} INFO - [2025-03-12T20:46:23.471+0000] {override.py:1912} INFO - Created Permission View: can create on DAG Run:dataset_alias_example_alias_consumer
[2025-03-12T20:46:23.478+0000] {logging_mixin.py:190} INFO - [2025-03-12T20:46:23.477+0000] {override.py:1912} INFO - Created Permission View: can read on DAG Run:dataset_alias_example_alias_consumer
[2025-03-12T20:46:23.485+0000] {logging_mixin.py:190} INFO - [2025-03-12T20:46:23.484+0000] {override.py:1912} INFO - Created Permission View: can delete on DAG Run:dataset_alias_example_alias_consumer
[2025-03-12T20:46:23.498+0000] {logging_mixin.py:190} INFO - [2025-03-12T20:46:23.498+0000] {override.py:1912} INFO - Created Permission View: can edit on DAG:dataset_alias_example_alias_producer
[2025-03-12T20:46:23.504+0000] {logging_mixin.py:190} INFO - [2025-03-12T20:46:23.504+0000] {override.py:1912} INFO - Created Permission View: can read on DAG:dataset_alias_example_alias_producer
[2025-03-12T20:46:23.510+0000] {logging_mixin.py:190} INFO - [2025-03-12T20:46:23.510+0000] {override.py:1912} INFO - Created Permission View: can delete on DAG:dataset_alias_example_alias_producer
[2025-03-12T20:46:23.516+0000] {logging_mixin.py:190} INFO - [2025-03-12T20:46:23.516+0000] {override.py:1912} INFO - Created Permission View: menu access on DAG Run:dataset_alias_example_alias_producer
[2025-03-12T20:46:23.523+0000] {logging_mixin.py:190} INFO - [2025-03-12T20:46:23.523+0000] {override.py:1912} INFO - Created Permission View: can create on DAG Run:dataset_alias_example_alias_producer
[2025-03-12T20:46:23.530+0000] {logging_mixin.py:190} INFO - [2025-03-12T20:46:23.529+0000] {override.py:1912} INFO - Created Permission View: can read on DAG Run:dataset_alias_example_alias_producer
[2025-03-12T20:46:23.536+0000] {logging_mixin.py:190} INFO - [2025-03-12T20:46:23.536+0000] {override.py:1912} INFO - Created Permission View: can delete on DAG Run:dataset_alias_example_alias_producer
[2025-03-12T20:46:23.548+0000] {logging_mixin.py:190} INFO - [2025-03-12T20:46:23.548+0000] {override.py:1912} INFO - Created Permission View: can edit on DAG:dataset_s3_bucket_consumer
[2025-03-12T20:46:23.554+0000] {logging_mixin.py:190} INFO - [2025-03-12T20:46:23.554+0000] {override.py:1912} INFO - Created Permission View: can read on DAG:dataset_s3_bucket_consumer
[2025-03-12T20:46:23.560+0000] {logging_mixin.py:190} INFO - [2025-03-12T20:46:23.560+0000] {override.py:1912} INFO - Created Permission View: can delete on DAG:dataset_s3_bucket_consumer
[2025-03-12T20:46:23.566+0000] {logging_mixin.py:190} INFO - [2025-03-12T20:46:23.566+0000] {override.py:1912} INFO - Created Permission View: menu access on DAG Run:dataset_s3_bucket_consumer
[2025-03-12T20:46:23.572+0000] {logging_mixin.py:190} INFO - [2025-03-12T20:46:23.572+0000] {override.py:1912} INFO - Created Permission View: can create on DAG Run:dataset_s3_bucket_consumer
[2025-03-12T20:46:23.578+0000] {logging_mixin.py:190} INFO - [2025-03-12T20:46:23.577+0000] {override.py:1912} INFO - Created Permission View: can read on DAG Run:dataset_s3_bucket_consumer
[2025-03-12T20:46:23.584+0000] {logging_mixin.py:190} INFO - [2025-03-12T20:46:23.584+0000] {override.py:1912} INFO - Created Permission View: can delete on DAG Run:dataset_s3_bucket_consumer
[2025-03-12T20:46:23.595+0000] {logging_mixin.py:190} INFO - [2025-03-12T20:46:23.595+0000] {override.py:1912} INFO - Created Permission View: can edit on DAG:dataset_s3_bucket_producer
[2025-03-12T20:46:23.600+0000] {logging_mixin.py:190} INFO - [2025-03-12T20:46:23.600+0000] {override.py:1912} INFO - Created Permission View: can read on DAG:dataset_s3_bucket_producer
[2025-03-12T20:46:23.606+0000] {logging_mixin.py:190} INFO - [2025-03-12T20:46:23.606+0000] {override.py:1912} INFO - Created Permission View: can delete on DAG:dataset_s3_bucket_producer
[2025-03-12T20:46:23.613+0000] {logging_mixin.py:190} INFO - [2025-03-12T20:46:23.612+0000] {override.py:1912} INFO - Created Permission View: menu access on DAG Run:dataset_s3_bucket_producer
[2025-03-12T20:46:23.619+0000] {logging_mixin.py:190} INFO - [2025-03-12T20:46:23.618+0000] {override.py:1912} INFO - Created Permission View: can create on DAG Run:dataset_s3_bucket_producer
[2025-03-12T20:46:23.624+0000] {logging_mixin.py:190} INFO - [2025-03-12T20:46:23.624+0000] {override.py:1912} INFO - Created Permission View: can read on DAG Run:dataset_s3_bucket_producer
[2025-03-12T20:46:23.629+0000] {logging_mixin.py:190} INFO - [2025-03-12T20:46:23.629+0000] {override.py:1912} INFO - Created Permission View: can delete on DAG Run:dataset_s3_bucket_producer
[2025-03-12T20:46:23.630+0000] {logging_mixin.py:190} INFO - [2025-03-12T20:46:23.630+0000] {dag.py:3239} INFO - Sync 4 DAGs
[2025-03-12T20:46:23.643+0000] {logging_mixin.py:190} INFO - [2025-03-12T20:46:23.643+0000] {dag.py:3262} INFO - Creating ORM DAG for dataset_alias_example_alias_consumer
[2025-03-12T20:46:23.644+0000] {logging_mixin.py:190} INFO - [2025-03-12T20:46:23.644+0000] {dag.py:3262} INFO - Creating ORM DAG for dataset_s3_bucket_producer
[2025-03-12T20:46:23.645+0000] {logging_mixin.py:190} INFO - [2025-03-12T20:46:23.644+0000] {dag.py:3262} INFO - Creating ORM DAG for dataset_s3_bucket_consumer
[2025-03-12T20:46:23.645+0000] {logging_mixin.py:190} INFO - [2025-03-12T20:46:23.645+0000] {dag.py:3262} INFO - Creating ORM DAG for dataset_alias_example_alias_producer
[2025-03-12T20:46:23.654+0000] {logging_mixin.py:190} INFO - [2025-03-12T20:46:23.654+0000] {dag.py:4180} INFO - Setting next_dagrun for dataset_alias_example_alias_consumer to None, run_after=None
[2025-03-12T20:46:23.655+0000] {logging_mixin.py:190} INFO - [2025-03-12T20:46:23.655+0000] {dag.py:4180} INFO - Setting next_dagrun for dataset_alias_example_alias_producer to None, run_after=None
[2025-03-12T20:46:23.655+0000] {logging_mixin.py:190} INFO - [2025-03-12T20:46:23.655+0000] {dag.py:4180} INFO - Setting next_dagrun for dataset_s3_bucket_consumer to None, run_after=None
[2025-03-12T20:46:23.656+0000] {logging_mixin.py:190} INFO - [2025-03-12T20:46:23.656+0000] {dag.py:4180} INFO - Setting next_dagrun for dataset_s3_bucket_producer to None, run_after=None
[2025-03-12T20:46:23.683+0000] {processor.py:208} INFO - Processing /home/airflow/.local/lib/python3.12/site-packages/airflow/example_dags/example_dataset_alias.py took 1.528 seconds
[2025-03-12T20:46:54.375+0000] {processor.py:186} INFO - Started process (PID=127) to work on /home/airflow/.local/lib/python3.12/site-packages/airflow/example_dags/example_dataset_alias.py
[2025-03-12T20:46:54.376+0000] {processor.py:914} INFO - Processing file /home/airflow/.local/lib/python3.12/site-packages/airflow/example_dags/example_dataset_alias.py for tasks to queue
[2025-03-12T20:46:54.378+0000] {logging_mixin.py:190} INFO - [2025-03-12T20:46:54.378+0000] {dagbag.py:588} INFO - Filling up the DagBag from /home/airflow/.local/lib/python3.12/site-packages/airflow/example_dags/example_dataset_alias.py
[2025-03-12T20:46:54.792+0000] {processor.py:925} INFO - DAG(s) 'dataset_alias_example_alias_consumer', 'dataset_s3_bucket_producer', 'dataset_s3_bucket_consumer', 'dataset_alias_example_alias_producer' retrieved from /home/airflow/.local/lib/python3.12/site-packages/airflow/example_dags/example_dataset_alias.py
[2025-03-12T20:46:54.807+0000] {logging_mixin.py:190} INFO - [2025-03-12T20:46:54.806+0000] {dag.py:3239} INFO - Sync 4 DAGs
[2025-03-12T20:46:54.821+0000] {logging_mixin.py:190} INFO - [2025-03-12T20:46:54.821+0000] {dag.py:4180} INFO - Setting next_dagrun for dataset_alias_example_alias_consumer to None, run_after=None
[2025-03-12T20:46:54.823+0000] {logging_mixin.py:190} INFO - [2025-03-12T20:46:54.823+0000] {dag.py:4180} INFO - Setting next_dagrun for dataset_alias_example_alias_producer to None, run_after=None
[2025-03-12T20:46:54.825+0000] {logging_mixin.py:190} INFO - [2025-03-12T20:46:54.824+0000] {dag.py:4180} INFO - Setting next_dagrun for dataset_s3_bucket_consumer to None, run_after=None
[2025-03-12T20:46:54.826+0000] {logging_mixin.py:190} INFO - [2025-03-12T20:46:54.826+0000] {dag.py:4180} INFO - Setting next_dagrun for dataset_s3_bucket_producer to None, run_after=None
[2025-03-12T20:46:54.842+0000] {processor.py:208} INFO - Processing /home/airflow/.local/lib/python3.12/site-packages/airflow/example_dags/example_dataset_alias.py took 0.472 seconds
[2025-03-12T20:47:25.282+0000] {processor.py:186} INFO - Started process (PID=190) to work on /home/airflow/.local/lib/python3.12/site-packages/airflow/example_dags/example_dataset_alias.py
[2025-03-12T20:47:25.283+0000] {processor.py:914} INFO - Processing file /home/airflow/.local/lib/python3.12/site-packages/airflow/example_dags/example_dataset_alias.py for tasks to queue
[2025-03-12T20:47:25.284+0000] {logging_mixin.py:190} INFO - [2025-03-12T20:47:25.284+0000] {dagbag.py:588} INFO - Filling up the DagBag from /home/airflow/.local/lib/python3.12/site-packages/airflow/example_dags/example_dataset_alias.py
[2025-03-12T20:47:25.705+0000] {processor.py:925} INFO - DAG(s) 'dataset_s3_bucket_producer', 'dataset_s3_bucket_consumer', 'dataset_alias_example_alias_producer', 'dataset_alias_example_alias_consumer' retrieved from /home/airflow/.local/lib/python3.12/site-packages/airflow/example_dags/example_dataset_alias.py
[2025-03-12T20:47:25.727+0000] {logging_mixin.py:190} INFO - [2025-03-12T20:47:25.727+0000] {dag.py:3239} INFO - Sync 4 DAGs
[2025-03-12T20:47:25.751+0000] {logging_mixin.py:190} INFO - [2025-03-12T20:47:25.751+0000] {dag.py:4180} INFO - Setting next_dagrun for dataset_alias_example_alias_consumer to None, run_after=None
[2025-03-12T20:47:25.754+0000] {logging_mixin.py:190} INFO - [2025-03-12T20:47:25.754+0000] {dag.py:4180} INFO - Setting next_dagrun for dataset_alias_example_alias_producer to None, run_after=None
[2025-03-12T20:47:25.756+0000] {logging_mixin.py:190} INFO - [2025-03-12T20:47:25.756+0000] {dag.py:4180} INFO - Setting next_dagrun for dataset_s3_bucket_consumer to None, run_after=None
[2025-03-12T20:47:25.758+0000] {logging_mixin.py:190} INFO - [2025-03-12T20:47:25.758+0000] {dag.py:4180} INFO - Setting next_dagrun for dataset_s3_bucket_producer to None, run_after=None
[2025-03-12T20:47:25.780+0000] {processor.py:208} INFO - Processing /home/airflow/.local/lib/python3.12/site-packages/airflow/example_dags/example_dataset_alias.py took 0.503 seconds
[2025-03-12T20:47:55.995+0000] {processor.py:186} INFO - Started process (PID=253) to work on /home/airflow/.local/lib/python3.12/site-packages/airflow/example_dags/example_dataset_alias.py
[2025-03-12T20:47:55.996+0000] {processor.py:914} INFO - Processing file /home/airflow/.local/lib/python3.12/site-packages/airflow/example_dags/example_dataset_alias.py for tasks to queue
[2025-03-12T20:47:55.997+0000] {logging_mixin.py:190} INFO - [2025-03-12T20:47:55.997+0000] {dagbag.py:588} INFO - Filling up the DagBag from /home/airflow/.local/lib/python3.12/site-packages/airflow/example_dags/example_dataset_alias.py
[2025-03-12T20:47:56.385+0000] {processor.py:925} INFO - DAG(s) 'dataset_s3_bucket_consumer', 'dataset_alias_example_alias_consumer', 'dataset_s3_bucket_producer', 'dataset_alias_example_alias_producer' retrieved from /home/airflow/.local/lib/python3.12/site-packages/airflow/example_dags/example_dataset_alias.py
[2025-03-12T20:47:56.405+0000] {logging_mixin.py:190} INFO - [2025-03-12T20:47:56.405+0000] {dag.py:3239} INFO - Sync 4 DAGs
[2025-03-12T20:47:56.421+0000] {logging_mixin.py:190} INFO - [2025-03-12T20:47:56.421+0000] {dag.py:4180} INFO - Setting next_dagrun for dataset_alias_example_alias_consumer to None, run_after=None
[2025-03-12T20:47:56.423+0000] {logging_mixin.py:190} INFO - [2025-03-12T20:47:56.423+0000] {dag.py:4180} INFO - Setting next_dagrun for dataset_alias_example_alias_producer to None, run_after=None
[2025-03-12T20:47:56.424+0000] {logging_mixin.py:190} INFO - [2025-03-12T20:47:56.424+0000] {dag.py:4180} INFO - Setting next_dagrun for dataset_s3_bucket_consumer to None, run_after=None
[2025-03-12T20:47:56.425+0000] {logging_mixin.py:190} INFO - [2025-03-12T20:47:56.425+0000] {dag.py:4180} INFO - Setting next_dagrun for dataset_s3_bucket_producer to None, run_after=None
[2025-03-12T20:47:56.443+0000] {processor.py:208} INFO - Processing /home/airflow/.local/lib/python3.12/site-packages/airflow/example_dags/example_dataset_alias.py took 0.451 seconds
[2025-03-12T20:48:26.768+0000] {processor.py:186} INFO - Started process (PID=316) to work on /home/airflow/.local/lib/python3.12/site-packages/airflow/example_dags/example_dataset_alias.py
[2025-03-12T20:48:26.769+0000] {processor.py:914} INFO - Processing file /home/airflow/.local/lib/python3.12/site-packages/airflow/example_dags/example_dataset_alias.py for tasks to queue
[2025-03-12T20:48:26.771+0000] {logging_mixin.py:190} INFO - [2025-03-12T20:48:26.771+0000] {dagbag.py:588} INFO - Filling up the DagBag from /home/airflow/.local/lib/python3.12/site-packages/airflow/example_dags/example_dataset_alias.py
[2025-03-12T20:48:27.184+0000] {processor.py:925} INFO - DAG(s) 'dataset_alias_example_alias_producer', 'dataset_s3_bucket_producer', 'dataset_s3_bucket_consumer', 'dataset_alias_example_alias_consumer' retrieved from /home/airflow/.local/lib/python3.12/site-packages/airflow/example_dags/example_dataset_alias.py
[2025-03-12T20:48:27.204+0000] {logging_mixin.py:190} INFO - [2025-03-12T20:48:27.204+0000] {dag.py:3239} INFO - Sync 4 DAGs
[2025-03-12T20:48:27.227+0000] {logging_mixin.py:190} INFO - [2025-03-12T20:48:27.226+0000] {dag.py:4180} INFO - Setting next_dagrun for dataset_alias_example_alias_consumer to None, run_after=None
[2025-03-12T20:48:27.229+0000] {logging_mixin.py:190} INFO - [2025-03-12T20:48:27.229+0000] {dag.py:4180} INFO - Setting next_dagrun for dataset_alias_example_alias_producer to None, run_after=None
[2025-03-12T20:48:27.231+0000] {logging_mixin.py:190} INFO - [2025-03-12T20:48:27.231+0000] {dag.py:4180} INFO - Setting next_dagrun for dataset_s3_bucket_consumer to None, run_after=None
[2025-03-12T20:48:27.232+0000] {logging_mixin.py:190} INFO - [2025-03-12T20:48:27.232+0000] {dag.py:4180} INFO - Setting next_dagrun for dataset_s3_bucket_producer to None, run_after=None
[2025-03-12T20:48:27.251+0000] {processor.py:208} INFO - Processing /home/airflow/.local/lib/python3.12/site-packages/airflow/example_dags/example_dataset_alias.py took 0.487 seconds
[2025-03-12T20:48:57.850+0000] {processor.py:186} INFO - Started process (PID=379) to work on /home/airflow/.local/lib/python3.12/site-packages/airflow/example_dags/example_dataset_alias.py
[2025-03-12T20:48:57.851+0000] {processor.py:914} INFO - Processing file /home/airflow/.local/lib/python3.12/site-packages/airflow/example_dags/example_dataset_alias.py for tasks to queue
[2025-03-12T20:48:57.853+0000] {logging_mixin.py:190} INFO - [2025-03-12T20:48:57.852+0000] {dagbag.py:588} INFO - Filling up the DagBag from /home/airflow/.local/lib/python3.12/site-packages/airflow/example_dags/example_dataset_alias.py
[2025-03-12T20:48:58.439+0000] {processor.py:925} INFO - DAG(s) 'dataset_s3_bucket_producer', 'dataset_alias_example_alias_consumer', 'dataset_alias_example_alias_producer', 'dataset_s3_bucket_consumer' retrieved from /home/airflow/.local/lib/python3.12/site-packages/airflow/example_dags/example_dataset_alias.py
[2025-03-12T20:48:58.465+0000] {logging_mixin.py:190} INFO - [2025-03-12T20:48:58.465+0000] {dag.py:3239} INFO - Sync 4 DAGs
[2025-03-12T20:48:58.490+0000] {logging_mixin.py:190} INFO - [2025-03-12T20:48:58.489+0000] {dag.py:4180} INFO - Setting next_dagrun for dataset_alias_example_alias_consumer to None, run_after=None
[2025-03-12T20:48:58.493+0000] {logging_mixin.py:190} INFO - [2025-03-12T20:48:58.493+0000] {dag.py:4180} INFO - Setting next_dagrun for dataset_alias_example_alias_producer to None, run_after=None
[2025-03-12T20:48:58.495+0000] {logging_mixin.py:190} INFO - [2025-03-12T20:48:58.495+0000] {dag.py:4180} INFO - Setting next_dagrun for dataset_s3_bucket_consumer to None, run_after=None
[2025-03-12T20:48:58.496+0000] {logging_mixin.py:190} INFO - [2025-03-12T20:48:58.496+0000] {dag.py:4180} INFO - Setting next_dagrun for dataset_s3_bucket_producer to None, run_after=None
[2025-03-12T20:48:58.519+0000] {processor.py:208} INFO - Processing /home/airflow/.local/lib/python3.12/site-packages/airflow/example_dags/example_dataset_alias.py took 0.674 seconds
[2025-03-12T20:49:28.994+0000] {processor.py:186} INFO - Started process (PID=442) to work on /home/airflow/.local/lib/python3.12/site-packages/airflow/example_dags/example_dataset_alias.py
[2025-03-12T20:49:28.995+0000] {processor.py:914} INFO - Processing file /home/airflow/.local/lib/python3.12/site-packages/airflow/example_dags/example_dataset_alias.py for tasks to queue
[2025-03-12T20:49:28.996+0000] {logging_mixin.py:190} INFO - [2025-03-12T20:49:28.996+0000] {dagbag.py:588} INFO - Filling up the DagBag from /home/airflow/.local/lib/python3.12/site-packages/airflow/example_dags/example_dataset_alias.py
[2025-03-12T20:49:29.361+0000] {processor.py:925} INFO - DAG(s) 'dataset_alias_example_alias_producer', 'dataset_s3_bucket_producer', 'dataset_s3_bucket_consumer', 'dataset_alias_example_alias_consumer' retrieved from /home/airflow/.local/lib/python3.12/site-packages/airflow/example_dags/example_dataset_alias.py
[2025-03-12T20:49:29.377+0000] {logging_mixin.py:190} INFO - [2025-03-12T20:49:29.377+0000] {dag.py:3239} INFO - Sync 4 DAGs
[2025-03-12T20:49:29.399+0000] {logging_mixin.py:190} INFO - [2025-03-12T20:49:29.399+0000] {dag.py:4180} INFO - Setting next_dagrun for dataset_alias_example_alias_consumer to None, run_after=None
[2025-03-12T20:49:29.402+0000] {logging_mixin.py:190} INFO - [2025-03-12T20:49:29.402+0000] {dag.py:4180} INFO - Setting next_dagrun for dataset_alias_example_alias_producer to None, run_after=None
[2025-03-12T20:49:29.403+0000] {logging_mixin.py:190} INFO - [2025-03-12T20:49:29.403+0000] {dag.py:4180} INFO - Setting next_dagrun for dataset_s3_bucket_consumer to None, run_after=None
[2025-03-12T20:49:29.404+0000] {logging_mixin.py:190} INFO - [2025-03-12T20:49:29.404+0000] {dag.py:4180} INFO - Setting next_dagrun for dataset_s3_bucket_producer to None, run_after=None
[2025-03-12T20:49:29.425+0000] {processor.py:208} INFO - Processing /home/airflow/.local/lib/python3.12/site-packages/airflow/example_dags/example_dataset_alias.py took 0.436 seconds
[2025-03-12T20:49:59.647+0000] {processor.py:186} INFO - Started process (PID=505) to work on /home/airflow/.local/lib/python3.12/site-packages/airflow/example_dags/example_dataset_alias.py
[2025-03-12T20:49:59.648+0000] {processor.py:914} INFO - Processing file /home/airflow/.local/lib/python3.12/site-packages/airflow/example_dags/example_dataset_alias.py for tasks to queue
[2025-03-12T20:49:59.649+0000] {logging_mixin.py:190} INFO - [2025-03-12T20:49:59.649+0000] {dagbag.py:588} INFO - Filling up the DagBag from /home/airflow/.local/lib/python3.12/site-packages/airflow/example_dags/example_dataset_alias.py
[2025-03-12T20:50:00.045+0000] {processor.py:925} INFO - DAG(s) 'dataset_alias_example_alias_producer', 'dataset_alias_example_alias_consumer', 'dataset_s3_bucket_consumer', 'dataset_s3_bucket_producer' retrieved from /home/airflow/.local/lib/python3.12/site-packages/airflow/example_dags/example_dataset_alias.py
[2025-03-12T20:50:00.063+0000] {logging_mixin.py:190} INFO - [2025-03-12T20:50:00.063+0000] {dag.py:3239} INFO - Sync 4 DAGs
[2025-03-12T20:50:00.082+0000] {logging_mixin.py:190} INFO - [2025-03-12T20:50:00.082+0000] {dag.py:4180} INFO - Setting next_dagrun for dataset_alias_example_alias_consumer to None, run_after=None
[2025-03-12T20:50:00.084+0000] {logging_mixin.py:190} INFO - [2025-03-12T20:50:00.084+0000] {dag.py:4180} INFO - Setting next_dagrun for dataset_alias_example_alias_producer to None, run_after=None
[2025-03-12T20:50:00.085+0000] {logging_mixin.py:190} INFO - [2025-03-12T20:50:00.085+0000] {dag.py:4180} INFO - Setting next_dagrun for dataset_s3_bucket_consumer to None, run_after=None
[2025-03-12T20:50:00.086+0000] {logging_mixin.py:190} INFO - [2025-03-12T20:50:00.086+0000] {dag.py:4180} INFO - Setting next_dagrun for dataset_s3_bucket_producer to None, run_after=None
[2025-03-12T20:50:00.103+0000] {processor.py:208} INFO - Processing /home/airflow/.local/lib/python3.12/site-packages/airflow/example_dags/example_dataset_alias.py took 0.461 seconds
[2025-03-12T20:50:30.273+0000] {processor.py:186} INFO - Started process (PID=568) to work on /home/airflow/.local/lib/python3.12/site-packages/airflow/example_dags/example_dataset_alias.py
[2025-03-12T20:50:30.274+0000] {processor.py:914} INFO - Processing file /home/airflow/.local/lib/python3.12/site-packages/airflow/example_dags/example_dataset_alias.py for tasks to queue
[2025-03-12T20:50:30.275+0000] {logging_mixin.py:190} INFO - [2025-03-12T20:50:30.275+0000] {dagbag.py:588} INFO - Filling up the DagBag from /home/airflow/.local/lib/python3.12/site-packages/airflow/example_dags/example_dataset_alias.py
[2025-03-12T20:50:30.632+0000] {processor.py:925} INFO - DAG(s) 'dataset_s3_bucket_producer', 'dataset_s3_bucket_consumer', 'dataset_alias_example_alias_consumer', 'dataset_alias_example_alias_producer' retrieved from /home/airflow/.local/lib/python3.12/site-packages/airflow/example_dags/example_dataset_alias.py
[2025-03-12T20:50:30.651+0000] {logging_mixin.py:190} INFO - [2025-03-12T20:50:30.651+0000] {dag.py:3239} INFO - Sync 4 DAGs
[2025-03-12T20:50:30.671+0000] {logging_mixin.py:190} INFO - [2025-03-12T20:50:30.671+0000] {dag.py:4180} INFO - Setting next_dagrun for dataset_alias_example_alias_consumer to None, run_after=None
[2025-03-12T20:50:30.673+0000] {logging_mixin.py:190} INFO - [2025-03-12T20:50:30.673+0000] {dag.py:4180} INFO - Setting next_dagrun for dataset_alias_example_alias_producer to None, run_after=None
[2025-03-12T20:50:30.675+0000] {logging_mixin.py:190} INFO - [2025-03-12T20:50:30.675+0000] {dag.py:4180} INFO - Setting next_dagrun for dataset_s3_bucket_consumer to None, run_after=None
[2025-03-12T20:50:30.676+0000] {logging_mixin.py:190} INFO - [2025-03-12T20:50:30.676+0000] {dag.py:4180} INFO - Setting next_dagrun for dataset_s3_bucket_producer to None, run_after=None
[2025-03-12T20:50:30.693+0000] {processor.py:208} INFO - Processing /home/airflow/.local/lib/python3.12/site-packages/airflow/example_dags/example_dataset_alias.py took 0.423 seconds
[2025-03-12T20:51:00.742+0000] {processor.py:186} INFO - Started process (PID=631) to work on /home/airflow/.local/lib/python3.12/site-packages/airflow/example_dags/example_dataset_alias.py
[2025-03-12T20:51:00.743+0000] {processor.py:914} INFO - Processing file /home/airflow/.local/lib/python3.12/site-packages/airflow/example_dags/example_dataset_alias.py for tasks to queue
[2025-03-12T20:51:00.745+0000] {logging_mixin.py:190} INFO - [2025-03-12T20:51:00.744+0000] {dagbag.py:588} INFO - Filling up the DagBag from /home/airflow/.local/lib/python3.12/site-packages/airflow/example_dags/example_dataset_alias.py
[2025-03-12T20:51:01.096+0000] {processor.py:925} INFO - DAG(s) 'dataset_alias_example_alias_producer', 'dataset_s3_bucket_producer', 'dataset_alias_example_alias_consumer', 'dataset_s3_bucket_consumer' retrieved from /home/airflow/.local/lib/python3.12/site-packages/airflow/example_dags/example_dataset_alias.py
[2025-03-12T20:51:01.112+0000] {logging_mixin.py:190} INFO - [2025-03-12T20:51:01.112+0000] {dag.py:3239} INFO - Sync 4 DAGs
[2025-03-12T20:51:01.130+0000] {logging_mixin.py:190} INFO - [2025-03-12T20:51:01.129+0000] {dag.py:4180} INFO - Setting next_dagrun for dataset_alias_example_alias_consumer to None, run_after=None
[2025-03-12T20:51:01.132+0000] {logging_mixin.py:190} INFO - [2025-03-12T20:51:01.131+0000] {dag.py:4180} INFO - Setting next_dagrun for dataset_alias_example_alias_producer to None, run_after=None
[2025-03-12T20:51:01.133+0000] {logging_mixin.py:190} INFO - [2025-03-12T20:51:01.133+0000] {dag.py:4180} INFO - Setting next_dagrun for dataset_s3_bucket_consumer to None, run_after=None
[2025-03-12T20:51:01.134+0000] {logging_mixin.py:190} INFO - [2025-03-12T20:51:01.133+0000] {dag.py:4180} INFO - Setting next_dagrun for dataset_s3_bucket_producer to None, run_after=None
[2025-03-12T20:51:01.152+0000] {processor.py:208} INFO - Processing /home/airflow/.local/lib/python3.12/site-packages/airflow/example_dags/example_dataset_alias.py took 0.414 seconds
[2025-03-12T20:51:31.353+0000] {processor.py:186} INFO - Started process (PID=694) to work on /home/airflow/.local/lib/python3.12/site-packages/airflow/example_dags/example_dataset_alias.py
[2025-03-12T20:51:31.354+0000] {processor.py:914} INFO - Processing file /home/airflow/.local/lib/python3.12/site-packages/airflow/example_dags/example_dataset_alias.py for tasks to queue
[2025-03-12T20:51:31.355+0000] {logging_mixin.py:190} INFO - [2025-03-12T20:51:31.355+0000] {dagbag.py:588} INFO - Filling up the DagBag from /home/airflow/.local/lib/python3.12/site-packages/airflow/example_dags/example_dataset_alias.py
[2025-03-12T20:51:31.707+0000] {processor.py:925} INFO - DAG(s) 'dataset_s3_bucket_consumer', 'dataset_alias_example_alias_consumer', 'dataset_s3_bucket_producer', 'dataset_alias_example_alias_producer' retrieved from /home/airflow/.local/lib/python3.12/site-packages/airflow/example_dags/example_dataset_alias.py
[2025-03-12T20:51:31.726+0000] {logging_mixin.py:190} INFO - [2025-03-12T20:51:31.725+0000] {dag.py:3239} INFO - Sync 4 DAGs
[2025-03-12T20:51:31.748+0000] {logging_mixin.py:190} INFO - [2025-03-12T20:51:31.747+0000] {dag.py:4180} INFO - Setting next_dagrun for dataset_alias_example_alias_consumer to None, run_after=None
[2025-03-12T20:51:31.750+0000] {logging_mixin.py:190} INFO - [2025-03-12T20:51:31.750+0000] {dag.py:4180} INFO - Setting next_dagrun for dataset_alias_example_alias_producer to None, run_after=None
[2025-03-12T20:51:31.751+0000] {logging_mixin.py:190} INFO - [2025-03-12T20:51:31.751+0000] {dag.py:4180} INFO - Setting next_dagrun for dataset_s3_bucket_consumer to None, run_after=None
[2025-03-12T20:51:31.753+0000] {logging_mixin.py:190} INFO - [2025-03-12T20:51:31.752+0000] {dag.py:4180} INFO - Setting next_dagrun for dataset_s3_bucket_producer to None, run_after=None
[2025-03-12T20:51:31.771+0000] {processor.py:208} INFO - Processing /home/airflow/.local/lib/python3.12/site-packages/airflow/example_dags/example_dataset_alias.py took 0.422 seconds
[2025-03-12T20:52:02.378+0000] {processor.py:186} INFO - Started process (PID=757) to work on /home/airflow/.local/lib/python3.12/site-packages/airflow/example_dags/example_dataset_alias.py
[2025-03-12T20:52:02.379+0000] {processor.py:914} INFO - Processing file /home/airflow/.local/lib/python3.12/site-packages/airflow/example_dags/example_dataset_alias.py for tasks to queue
[2025-03-12T20:52:02.380+0000] {logging_mixin.py:190} INFO - [2025-03-12T20:52:02.379+0000] {dagbag.py:588} INFO - Filling up the DagBag from /home/airflow/.local/lib/python3.12/site-packages/airflow/example_dags/example_dataset_alias.py
[2025-03-12T20:52:02.727+0000] {processor.py:925} INFO - DAG(s) 'dataset_s3_bucket_consumer', 'dataset_alias_example_alias_consumer', 'dataset_s3_bucket_producer', 'dataset_alias_example_alias_producer' retrieved from /home/airflow/.local/lib/python3.12/site-packages/airflow/example_dags/example_dataset_alias.py
[2025-03-12T20:52:02.746+0000] {logging_mixin.py:190} INFO - [2025-03-12T20:52:02.746+0000] {dag.py:3239} INFO - Sync 4 DAGs
[2025-03-12T20:52:02.765+0000] {logging_mixin.py:190} INFO - [2025-03-12T20:52:02.765+0000] {dag.py:4180} INFO - Setting next_dagrun for dataset_alias_example_alias_consumer to None, run_after=None
[2025-03-12T20:52:02.767+0000] {logging_mixin.py:190} INFO - [2025-03-12T20:52:02.767+0000] {dag.py:4180} INFO - Setting next_dagrun for dataset_alias_example_alias_producer to None, run_after=None
[2025-03-12T20:52:02.769+0000] {logging_mixin.py:190} INFO - [2025-03-12T20:52:02.768+0000] {dag.py:4180} INFO - Setting next_dagrun for dataset_s3_bucket_consumer to None, run_after=None
[2025-03-12T20:52:02.770+0000] {logging_mixin.py:190} INFO - [2025-03-12T20:52:02.770+0000] {dag.py:4180} INFO - Setting next_dagrun for dataset_s3_bucket_producer to None, run_after=None
[2025-03-12T20:52:02.788+0000] {processor.py:208} INFO - Processing /home/airflow/.local/lib/python3.12/site-packages/airflow/example_dags/example_dataset_alias.py took 0.414 seconds
[2025-03-12T20:52:32.900+0000] {processor.py:186} INFO - Started process (PID=820) to work on /home/airflow/.local/lib/python3.12/site-packages/airflow/example_dags/example_dataset_alias.py
[2025-03-12T20:52:32.901+0000] {processor.py:914} INFO - Processing file /home/airflow/.local/lib/python3.12/site-packages/airflow/example_dags/example_dataset_alias.py for tasks to queue
[2025-03-12T20:52:32.903+0000] {logging_mixin.py:190} INFO - [2025-03-12T20:52:32.902+0000] {dagbag.py:588} INFO - Filling up the DagBag from /home/airflow/.local/lib/python3.12/site-packages/airflow/example_dags/example_dataset_alias.py
[2025-03-12T20:52:33.286+0000] {processor.py:925} INFO - DAG(s) 'dataset_s3_bucket_consumer', 'dataset_s3_bucket_producer', 'dataset_alias_example_alias_producer', 'dataset_alias_example_alias_consumer' retrieved from /home/airflow/.local/lib/python3.12/site-packages/airflow/example_dags/example_dataset_alias.py
[2025-03-12T20:52:33.309+0000] {logging_mixin.py:190} INFO - [2025-03-12T20:52:33.308+0000] {dag.py:3239} INFO - Sync 4 DAGs
[2025-03-12T20:52:33.328+0000] {logging_mixin.py:190} INFO - [2025-03-12T20:52:33.328+0000] {dag.py:4180} INFO - Setting next_dagrun for dataset_alias_example_alias_consumer to None, run_after=None
[2025-03-12T20:52:33.329+0000] {logging_mixin.py:190} INFO - [2025-03-12T20:52:33.329+0000] {dag.py:4180} INFO - Setting next_dagrun for dataset_alias_example_alias_producer to None, run_after=None
[2025-03-12T20:52:33.330+0000] {logging_mixin.py:190} INFO - [2025-03-12T20:52:33.330+0000] {dag.py:4180} INFO - Setting next_dagrun for dataset_s3_bucket_consumer to None, run_after=None
[2025-03-12T20:52:33.331+0000] {logging_mixin.py:190} INFO - [2025-03-12T20:52:33.331+0000] {dag.py:4180} INFO - Setting next_dagrun for dataset_s3_bucket_producer to None, run_after=None
[2025-03-12T20:52:33.345+0000] {processor.py:208} INFO - Processing /home/airflow/.local/lib/python3.12/site-packages/airflow/example_dags/example_dataset_alias.py took 0.450 seconds
[2025-03-12T20:53:03.751+0000] {processor.py:186} INFO - Started process (PID=883) to work on /home/airflow/.local/lib/python3.12/site-packages/airflow/example_dags/example_dataset_alias.py
[2025-03-12T20:53:03.751+0000] {processor.py:914} INFO - Processing file /home/airflow/.local/lib/python3.12/site-packages/airflow/example_dags/example_dataset_alias.py for tasks to queue
[2025-03-12T20:53:03.753+0000] {logging_mixin.py:190} INFO - [2025-03-12T20:53:03.753+0000] {dagbag.py:588} INFO - Filling up the DagBag from /home/airflow/.local/lib/python3.12/site-packages/airflow/example_dags/example_dataset_alias.py
[2025-03-12T20:53:04.129+0000] {processor.py:925} INFO - DAG(s) 'dataset_alias_example_alias_consumer', 'dataset_s3_bucket_producer', 'dataset_s3_bucket_consumer', 'dataset_alias_example_alias_producer' retrieved from /home/airflow/.local/lib/python3.12/site-packages/airflow/example_dags/example_dataset_alias.py
[2025-03-12T20:53:04.149+0000] {logging_mixin.py:190} INFO - [2025-03-12T20:53:04.148+0000] {dag.py:3239} INFO - Sync 4 DAGs
[2025-03-12T20:53:04.171+0000] {logging_mixin.py:190} INFO - [2025-03-12T20:53:04.171+0000] {dag.py:4180} INFO - Setting next_dagrun for dataset_alias_example_alias_consumer to None, run_after=None
[2025-03-12T20:53:04.174+0000] {logging_mixin.py:190} INFO - [2025-03-12T20:53:04.174+0000] {dag.py:4180} INFO - Setting next_dagrun for dataset_alias_example_alias_producer to None, run_after=None
[2025-03-12T20:53:04.175+0000] {logging_mixin.py:190} INFO - [2025-03-12T20:53:04.175+0000] {dag.py:4180} INFO - Setting next_dagrun for dataset_s3_bucket_consumer to None, run_after=None
[2025-03-12T20:53:04.177+0000] {logging_mixin.py:190} INFO - [2025-03-12T20:53:04.177+0000] {dag.py:4180} INFO - Setting next_dagrun for dataset_s3_bucket_producer to None, run_after=None
[2025-03-12T20:53:04.198+0000] {processor.py:208} INFO - Processing /home/airflow/.local/lib/python3.12/site-packages/airflow/example_dags/example_dataset_alias.py took 0.452 seconds
[2025-03-12T20:53:34.443+0000] {processor.py:186} INFO - Started process (PID=946) to work on /home/airflow/.local/lib/python3.12/site-packages/airflow/example_dags/example_dataset_alias.py
[2025-03-12T20:53:34.444+0000] {processor.py:914} INFO - Processing file /home/airflow/.local/lib/python3.12/site-packages/airflow/example_dags/example_dataset_alias.py for tasks to queue
[2025-03-12T20:53:34.446+0000] {logging_mixin.py:190} INFO - [2025-03-12T20:53:34.445+0000] {dagbag.py:588} INFO - Filling up the DagBag from /home/airflow/.local/lib/python3.12/site-packages/airflow/example_dags/example_dataset_alias.py
[2025-03-12T20:53:34.815+0000] {processor.py:925} INFO - DAG(s) 'dataset_s3_bucket_producer', 'dataset_s3_bucket_consumer', 'dataset_alias_example_alias_producer', 'dataset_alias_example_alias_consumer' retrieved from /home/airflow/.local/lib/python3.12/site-packages/airflow/example_dags/example_dataset_alias.py
[2025-03-12T20:53:34.836+0000] {logging_mixin.py:190} INFO - [2025-03-12T20:53:34.836+0000] {dag.py:3239} INFO - Sync 4 DAGs
[2025-03-12T20:53:34.855+0000] {logging_mixin.py:190} INFO - [2025-03-12T20:53:34.855+0000] {dag.py:4180} INFO - Setting next_dagrun for dataset_alias_example_alias_consumer to None, run_after=None
[2025-03-12T20:53:34.858+0000] {logging_mixin.py:190} INFO - [2025-03-12T20:53:34.858+0000] {dag.py:4180} INFO - Setting next_dagrun for dataset_alias_example_alias_producer to None, run_after=None
[2025-03-12T20:53:34.859+0000] {logging_mixin.py:190} INFO - [2025-03-12T20:53:34.859+0000] {dag.py:4180} INFO - Setting next_dagrun for dataset_s3_bucket_consumer to None, run_after=None
[2025-03-12T20:53:34.860+0000] {logging_mixin.py:190} INFO - [2025-03-12T20:53:34.860+0000] {dag.py:4180} INFO - Setting next_dagrun for dataset_s3_bucket_producer to None, run_after=None
[2025-03-12T20:53:34.879+0000] {processor.py:208} INFO - Processing /home/airflow/.local/lib/python3.12/site-packages/airflow/example_dags/example_dataset_alias.py took 0.441 seconds
[2025-03-12T20:54:04.942+0000] {processor.py:186} INFO - Started process (PID=1009) to work on /home/airflow/.local/lib/python3.12/site-packages/airflow/example_dags/example_dataset_alias.py
[2025-03-12T20:54:04.943+0000] {processor.py:914} INFO - Processing file /home/airflow/.local/lib/python3.12/site-packages/airflow/example_dags/example_dataset_alias.py for tasks to queue
[2025-03-12T20:54:04.944+0000] {logging_mixin.py:190} INFO - [2025-03-12T20:54:04.944+0000] {dagbag.py:588} INFO - Filling up the DagBag from /home/airflow/.local/lib/python3.12/site-packages/airflow/example_dags/example_dataset_alias.py
[2025-03-12T20:54:05.292+0000] {processor.py:925} INFO - DAG(s) 'dataset_s3_bucket_consumer', 'dataset_alias_example_alias_producer', 'dataset_s3_bucket_producer', 'dataset_alias_example_alias_consumer' retrieved from /home/airflow/.local/lib/python3.12/site-packages/airflow/example_dags/example_dataset_alias.py
[2025-03-12T20:54:05.310+0000] {logging_mixin.py:190} INFO - [2025-03-12T20:54:05.309+0000] {dag.py:3239} INFO - Sync 4 DAGs
[2025-03-12T20:54:05.326+0000] {logging_mixin.py:190} INFO - [2025-03-12T20:54:05.326+0000] {dag.py:4180} INFO - Setting next_dagrun for dataset_alias_example_alias_consumer to None, run_after=None
[2025-03-12T20:54:05.328+0000] {logging_mixin.py:190} INFO - [2025-03-12T20:54:05.328+0000] {dag.py:4180} INFO - Setting next_dagrun for dataset_alias_example_alias_producer to None, run_after=None
[2025-03-12T20:54:05.329+0000] {logging_mixin.py:190} INFO - [2025-03-12T20:54:05.329+0000] {dag.py:4180} INFO - Setting next_dagrun for dataset_s3_bucket_consumer to None, run_after=None
[2025-03-12T20:54:05.330+0000] {logging_mixin.py:190} INFO - [2025-03-12T20:54:05.330+0000] {dag.py:4180} INFO - Setting next_dagrun for dataset_s3_bucket_producer to None, run_after=None
[2025-03-12T20:54:05.348+0000] {processor.py:208} INFO - Processing /home/airflow/.local/lib/python3.12/site-packages/airflow/example_dags/example_dataset_alias.py took 0.410 seconds
[2025-03-12T20:54:35.721+0000] {processor.py:186} INFO - Started process (PID=1072) to work on /home/airflow/.local/lib/python3.12/site-packages/airflow/example_dags/example_dataset_alias.py
[2025-03-12T20:54:35.722+0000] {processor.py:914} INFO - Processing file /home/airflow/.local/lib/python3.12/site-packages/airflow/example_dags/example_dataset_alias.py for tasks to queue
[2025-03-12T20:54:35.723+0000] {logging_mixin.py:190} INFO - [2025-03-12T20:54:35.723+0000] {dagbag.py:588} INFO - Filling up the DagBag from /home/airflow/.local/lib/python3.12/site-packages/airflow/example_dags/example_dataset_alias.py
[2025-03-12T20:54:36.119+0000] {processor.py:925} INFO - DAG(s) 'dataset_s3_bucket_producer', 'dataset_s3_bucket_consumer', 'dataset_alias_example_alias_consumer', 'dataset_alias_example_alias_producer' retrieved from /home/airflow/.local/lib/python3.12/site-packages/airflow/example_dags/example_dataset_alias.py
[2025-03-12T20:54:36.139+0000] {logging_mixin.py:190} INFO - [2025-03-12T20:54:36.139+0000] {dag.py:3239} INFO - Sync 4 DAGs
[2025-03-12T20:54:36.161+0000] {logging_mixin.py:190} INFO - [2025-03-12T20:54:36.161+0000] {dag.py:4180} INFO - Setting next_dagrun for dataset_alias_example_alias_consumer to None, run_after=None
[2025-03-12T20:54:36.163+0000] {logging_mixin.py:190} INFO - [2025-03-12T20:54:36.163+0000] {dag.py:4180} INFO - Setting next_dagrun for dataset_alias_example_alias_producer to None, run_after=None
[2025-03-12T20:54:36.164+0000] {logging_mixin.py:190} INFO - [2025-03-12T20:54:36.164+0000] {dag.py:4180} INFO - Setting next_dagrun for dataset_s3_bucket_consumer to None, run_after=None
[2025-03-12T20:54:36.166+0000] {logging_mixin.py:190} INFO - [2025-03-12T20:54:36.165+0000] {dag.py:4180} INFO - Setting next_dagrun for dataset_s3_bucket_producer to None, run_after=None
[2025-03-12T20:54:36.184+0000] {processor.py:208} INFO - Processing /home/airflow/.local/lib/python3.12/site-packages/airflow/example_dags/example_dataset_alias.py took 0.466 seconds
[2025-03-12T20:55:06.550+0000] {processor.py:186} INFO - Started process (PID=1135) to work on /home/airflow/.local/lib/python3.12/site-packages/airflow/example_dags/example_dataset_alias.py
[2025-03-12T20:55:06.551+0000] {processor.py:914} INFO - Processing file /home/airflow/.local/lib/python3.12/site-packages/airflow/example_dags/example_dataset_alias.py for tasks to queue
[2025-03-12T20:55:06.553+0000] {logging_mixin.py:190} INFO - [2025-03-12T20:55:06.552+0000] {dagbag.py:588} INFO - Filling up the DagBag from /home/airflow/.local/lib/python3.12/site-packages/airflow/example_dags/example_dataset_alias.py
[2025-03-12T20:55:06.898+0000] {processor.py:925} INFO - DAG(s) 'dataset_s3_bucket_consumer', 'dataset_alias_example_alias_producer', 'dataset_alias_example_alias_consumer', 'dataset_s3_bucket_producer' retrieved from /home/airflow/.local/lib/python3.12/site-packages/airflow/example_dags/example_dataset_alias.py
[2025-03-12T20:55:06.913+0000] {logging_mixin.py:190} INFO - [2025-03-12T20:55:06.913+0000] {dag.py:3239} INFO - Sync 4 DAGs
[2025-03-12T20:55:06.929+0000] {logging_mixin.py:190} INFO - [2025-03-12T20:55:06.929+0000] {dag.py:4180} INFO - Setting next_dagrun for dataset_alias_example_alias_consumer to None, run_after=None
[2025-03-12T20:55:06.931+0000] {logging_mixin.py:190} INFO - [2025-03-12T20:55:06.931+0000] {dag.py:4180} INFO - Setting next_dagrun for dataset_alias_example_alias_producer to None, run_after=None
[2025-03-12T20:55:06.932+0000] {logging_mixin.py:190} INFO - [2025-03-12T20:55:06.932+0000] {dag.py:4180} INFO - Setting next_dagrun for dataset_s3_bucket_consumer to None, run_after=None
[2025-03-12T20:55:06.933+0000] {logging_mixin.py:190} INFO - [2025-03-12T20:55:06.932+0000] {dag.py:4180} INFO - Setting next_dagrun for dataset_s3_bucket_producer to None, run_after=None
[2025-03-12T20:55:06.947+0000] {processor.py:208} INFO - Processing /home/airflow/.local/lib/python3.12/site-packages/airflow/example_dags/example_dataset_alias.py took 0.402 seconds
[2025-03-12T20:55:37.505+0000] {processor.py:186} INFO - Started process (PID=1198) to work on /home/airflow/.local/lib/python3.12/site-packages/airflow/example_dags/example_dataset_alias.py
[2025-03-12T20:55:37.505+0000] {processor.py:914} INFO - Processing file /home/airflow/.local/lib/python3.12/site-packages/airflow/example_dags/example_dataset_alias.py for tasks to queue
[2025-03-12T20:55:37.507+0000] {logging_mixin.py:190} INFO - [2025-03-12T20:55:37.507+0000] {dagbag.py:588} INFO - Filling up the DagBag from /home/airflow/.local/lib/python3.12/site-packages/airflow/example_dags/example_dataset_alias.py
[2025-03-12T20:55:37.889+0000] {processor.py:925} INFO - DAG(s) 'dataset_s3_bucket_producer', 'dataset_s3_bucket_consumer', 'dataset_alias_example_alias_producer', 'dataset_alias_example_alias_consumer' retrieved from /home/airflow/.local/lib/python3.12/site-packages/airflow/example_dags/example_dataset_alias.py
[2025-03-12T20:55:37.905+0000] {logging_mixin.py:190} INFO - [2025-03-12T20:55:37.905+0000] {dag.py:3239} INFO - Sync 4 DAGs
[2025-03-12T20:55:37.925+0000] {logging_mixin.py:190} INFO - [2025-03-12T20:55:37.925+0000] {dag.py:4180} INFO - Setting next_dagrun for dataset_alias_example_alias_consumer to None, run_after=None
[2025-03-12T20:55:37.927+0000] {logging_mixin.py:190} INFO - [2025-03-12T20:55:37.927+0000] {dag.py:4180} INFO - Setting next_dagrun for dataset_alias_example_alias_producer to None, run_after=None
[2025-03-12T20:55:37.929+0000] {logging_mixin.py:190} INFO - [2025-03-12T20:55:37.929+0000] {dag.py:4180} INFO - Setting next_dagrun for dataset_s3_bucket_consumer to None, run_after=None
[2025-03-12T20:55:37.930+0000] {logging_mixin.py:190} INFO - [2025-03-12T20:55:37.930+0000] {dag.py:4180} INFO - Setting next_dagrun for dataset_s3_bucket_producer to None, run_after=None
[2025-03-12T20:55:37.946+0000] {processor.py:208} INFO - Processing /home/airflow/.local/lib/python3.12/site-packages/airflow/example_dags/example_dataset_alias.py took 0.446 seconds
[2025-03-12T20:56:08.500+0000] {processor.py:186} INFO - Started process (PID=1261) to work on /home/airflow/.local/lib/python3.12/site-packages/airflow/example_dags/example_dataset_alias.py
[2025-03-12T20:56:08.500+0000] {processor.py:914} INFO - Processing file /home/airflow/.local/lib/python3.12/site-packages/airflow/example_dags/example_dataset_alias.py for tasks to queue
[2025-03-12T20:56:08.502+0000] {logging_mixin.py:190} INFO - [2025-03-12T20:56:08.502+0000] {dagbag.py:588} INFO - Filling up the DagBag from /home/airflow/.local/lib/python3.12/site-packages/airflow/example_dags/example_dataset_alias.py
[2025-03-12T20:56:08.864+0000] {processor.py:925} INFO - DAG(s) 'dataset_alias_example_alias_producer', 'dataset_s3_bucket_consumer', 'dataset_alias_example_alias_consumer', 'dataset_s3_bucket_producer' retrieved from /home/airflow/.local/lib/python3.12/site-packages/airflow/example_dags/example_dataset_alias.py
[2025-03-12T20:56:08.884+0000] {logging_mixin.py:190} INFO - [2025-03-12T20:56:08.883+0000] {dag.py:3239} INFO - Sync 4 DAGs
[2025-03-12T20:56:08.901+0000] {logging_mixin.py:190} INFO - [2025-03-12T20:56:08.900+0000] {dag.py:4180} INFO - Setting next_dagrun for dataset_alias_example_alias_consumer to None, run_after=None
[2025-03-12T20:56:08.903+0000] {logging_mixin.py:190} INFO - [2025-03-12T20:56:08.903+0000] {dag.py:4180} INFO - Setting next_dagrun for dataset_alias_example_alias_producer to None, run_after=None
[2025-03-12T20:56:08.905+0000] {logging_mixin.py:190} INFO - [2025-03-12T20:56:08.904+0000] {dag.py:4180} INFO - Setting next_dagrun for dataset_s3_bucket_consumer to None, run_after=None
[2025-03-12T20:56:08.906+0000] {logging_mixin.py:190} INFO - [2025-03-12T20:56:08.906+0000] {dag.py:4180} INFO - Setting next_dagrun for dataset_s3_bucket_producer to None, run_after=None
[2025-03-12T20:56:08.927+0000] {processor.py:208} INFO - Processing /home/airflow/.local/lib/python3.12/site-packages/airflow/example_dags/example_dataset_alias.py took 0.431 seconds
[2025-03-12T20:56:39.113+0000] {processor.py:186} INFO - Started process (PID=1324) to work on /home/airflow/.local/lib/python3.12/site-packages/airflow/example_dags/example_dataset_alias.py
[2025-03-12T20:56:39.114+0000] {processor.py:914} INFO - Processing file /home/airflow/.local/lib/python3.12/site-packages/airflow/example_dags/example_dataset_alias.py for tasks to queue
[2025-03-12T20:56:39.116+0000] {logging_mixin.py:190} INFO - [2025-03-12T20:56:39.116+0000] {dagbag.py:588} INFO - Filling up the DagBag from /home/airflow/.local/lib/python3.12/site-packages/airflow/example_dags/example_dataset_alias.py
[2025-03-12T20:56:39.496+0000] {processor.py:925} INFO - DAG(s) 'dataset_s3_bucket_producer', 'dataset_alias_example_alias_producer', 'dataset_alias_example_alias_consumer', 'dataset_s3_bucket_consumer' retrieved from /home/airflow/.local/lib/python3.12/site-packages/airflow/example_dags/example_dataset_alias.py
[2025-03-12T20:56:39.515+0000] {logging_mixin.py:190} INFO - [2025-03-12T20:56:39.514+0000] {dag.py:3239} INFO - Sync 4 DAGs
[2025-03-12T20:56:39.536+0000] {logging_mixin.py:190} INFO - [2025-03-12T20:56:39.535+0000] {dag.py:4180} INFO - Setting next_dagrun for dataset_alias_example_alias_consumer to None, run_after=None
[2025-03-12T20:56:39.538+0000] {logging_mixin.py:190} INFO - [2025-03-12T20:56:39.538+0000] {dag.py:4180} INFO - Setting next_dagrun for dataset_alias_example_alias_producer to None, run_after=None
[2025-03-12T20:56:39.539+0000] {logging_mixin.py:190} INFO - [2025-03-12T20:56:39.539+0000] {dag.py:4180} INFO - Setting next_dagrun for dataset_s3_bucket_consumer to None, run_after=None
[2025-03-12T20:56:39.540+0000] {logging_mixin.py:190} INFO - [2025-03-12T20:56:39.540+0000] {dag.py:4180} INFO - Setting next_dagrun for dataset_s3_bucket_producer to None, run_after=None
[2025-03-12T20:56:39.560+0000] {processor.py:208} INFO - Processing /home/airflow/.local/lib/python3.12/site-packages/airflow/example_dags/example_dataset_alias.py took 0.451 seconds
[2025-03-12T20:57:09.758+0000] {processor.py:186} INFO - Started process (PID=1387) to work on /home/airflow/.local/lib/python3.12/site-packages/airflow/example_dags/example_dataset_alias.py
[2025-03-12T20:57:09.758+0000] {processor.py:914} INFO - Processing file /home/airflow/.local/lib/python3.12/site-packages/airflow/example_dags/example_dataset_alias.py for tasks to queue
[2025-03-12T20:57:09.759+0000] {logging_mixin.py:190} INFO - [2025-03-12T20:57:09.759+0000] {dagbag.py:588} INFO - Filling up the DagBag from /home/airflow/.local/lib/python3.12/site-packages/airflow/example_dags/example_dataset_alias.py
[2025-03-12T20:57:10.150+0000] {processor.py:925} INFO - DAG(s) 'dataset_alias_example_alias_consumer', 'dataset_alias_example_alias_producer', 'dataset_s3_bucket_producer', 'dataset_s3_bucket_consumer' retrieved from /home/airflow/.local/lib/python3.12/site-packages/airflow/example_dags/example_dataset_alias.py
[2025-03-12T20:57:10.167+0000] {logging_mixin.py:190} INFO - [2025-03-12T20:57:10.166+0000] {dag.py:3239} INFO - Sync 4 DAGs
[2025-03-12T20:57:10.184+0000] {logging_mixin.py:190} INFO - [2025-03-12T20:57:10.184+0000] {dag.py:4180} INFO - Setting next_dagrun for dataset_alias_example_alias_consumer to None, run_after=None
[2025-03-12T20:57:10.186+0000] {logging_mixin.py:190} INFO - [2025-03-12T20:57:10.186+0000] {dag.py:4180} INFO - Setting next_dagrun for dataset_alias_example_alias_producer to None, run_after=None
[2025-03-12T20:57:10.187+0000] {logging_mixin.py:190} INFO - [2025-03-12T20:57:10.187+0000] {dag.py:4180} INFO - Setting next_dagrun for dataset_s3_bucket_consumer to None, run_after=None
[2025-03-12T20:57:10.188+0000] {logging_mixin.py:190} INFO - [2025-03-12T20:57:10.188+0000] {dag.py:4180} INFO - Setting next_dagrun for dataset_s3_bucket_producer to None, run_after=None
[2025-03-12T20:57:10.206+0000] {processor.py:208} INFO - Processing /home/airflow/.local/lib/python3.12/site-packages/airflow/example_dags/example_dataset_alias.py took 0.451 seconds
[2025-03-12T20:57:40.543+0000] {processor.py:186} INFO - Started process (PID=1450) to work on /home/airflow/.local/lib/python3.12/site-packages/airflow/example_dags/example_dataset_alias.py
[2025-03-12T20:57:40.544+0000] {processor.py:914} INFO - Processing file /home/airflow/.local/lib/python3.12/site-packages/airflow/example_dags/example_dataset_alias.py for tasks to queue
[2025-03-12T20:57:40.545+0000] {logging_mixin.py:190} INFO - [2025-03-12T20:57:40.545+0000] {dagbag.py:588} INFO - Filling up the DagBag from /home/airflow/.local/lib/python3.12/site-packages/airflow/example_dags/example_dataset_alias.py
[2025-03-12T20:57:40.910+0000] {processor.py:925} INFO - DAG(s) 'dataset_alias_example_alias_consumer', 'dataset_s3_bucket_consumer', 'dataset_alias_example_alias_producer', 'dataset_s3_bucket_producer' retrieved from /home/airflow/.local/lib/python3.12/site-packages/airflow/example_dags/example_dataset_alias.py
[2025-03-12T20:57:40.927+0000] {logging_mixin.py:190} INFO - [2025-03-12T20:57:40.927+0000] {dag.py:3239} INFO - Sync 4 DAGs
[2025-03-12T20:57:40.946+0000] {logging_mixin.py:190} INFO - [2025-03-12T20:57:40.945+0000] {dag.py:4180} INFO - Setting next_dagrun for dataset_alias_example_alias_consumer to None, run_after=None
[2025-03-12T20:57:40.948+0000] {logging_mixin.py:190} INFO - [2025-03-12T20:57:40.948+0000] {dag.py:4180} INFO - Setting next_dagrun for dataset_alias_example_alias_producer to None, run_after=None
[2025-03-12T20:57:40.949+0000] {logging_mixin.py:190} INFO - [2025-03-12T20:57:40.949+0000] {dag.py:4180} INFO - Setting next_dagrun for dataset_s3_bucket_consumer to None, run_after=None
[2025-03-12T20:57:40.950+0000] {logging_mixin.py:190} INFO - [2025-03-12T20:57:40.950+0000] {dag.py:4180} INFO - Setting next_dagrun for dataset_s3_bucket_producer to None, run_after=None
[2025-03-12T20:57:40.972+0000] {processor.py:208} INFO - Processing /home/airflow/.local/lib/python3.12/site-packages/airflow/example_dags/example_dataset_alias.py took 0.433 seconds
[2025-03-12T20:58:11.294+0000] {processor.py:186} INFO - Started process (PID=1513) to work on /home/airflow/.local/lib/python3.12/site-packages/airflow/example_dags/example_dataset_alias.py
[2025-03-12T20:58:11.295+0000] {processor.py:914} INFO - Processing file /home/airflow/.local/lib/python3.12/site-packages/airflow/example_dags/example_dataset_alias.py for tasks to queue
[2025-03-12T20:58:11.296+0000] {logging_mixin.py:190} INFO - [2025-03-12T20:58:11.296+0000] {dagbag.py:588} INFO - Filling up the DagBag from /home/airflow/.local/lib/python3.12/site-packages/airflow/example_dags/example_dataset_alias.py
[2025-03-12T20:58:11.764+0000] {processor.py:925} INFO - DAG(s) 'dataset_alias_example_alias_consumer', 'dataset_s3_bucket_consumer', 'dataset_alias_example_alias_producer', 'dataset_s3_bucket_producer' retrieved from /home/airflow/.local/lib/python3.12/site-packages/airflow/example_dags/example_dataset_alias.py
[2025-03-12T20:58:11.786+0000] {logging_mixin.py:190} INFO - [2025-03-12T20:58:11.786+0000] {dag.py:3239} INFO - Sync 4 DAGs
[2025-03-12T20:58:11.820+0000] {logging_mixin.py:190} INFO - [2025-03-12T20:58:11.819+0000] {dag.py:4180} INFO - Setting next_dagrun for dataset_alias_example_alias_consumer to None, run_after=None
[2025-03-12T20:58:11.823+0000] {logging_mixin.py:190} INFO - [2025-03-12T20:58:11.823+0000] {dag.py:4180} INFO - Setting next_dagrun for dataset_alias_example_alias_producer to None, run_after=None
[2025-03-12T20:58:11.826+0000] {logging_mixin.py:190} INFO - [2025-03-12T20:58:11.825+0000] {dag.py:4180} INFO - Setting next_dagrun for dataset_s3_bucket_consumer to None, run_after=None
[2025-03-12T20:58:11.828+0000] {logging_mixin.py:190} INFO - [2025-03-12T20:58:11.827+0000] {dag.py:4180} INFO - Setting next_dagrun for dataset_s3_bucket_producer to None, run_after=None
[2025-03-12T20:58:11.855+0000] {processor.py:208} INFO - Processing /home/airflow/.local/lib/python3.12/site-packages/airflow/example_dags/example_dataset_alias.py took 0.566 seconds
[2025-03-12T20:58:42.524+0000] {processor.py:186} INFO - Started process (PID=1576) to work on /home/airflow/.local/lib/python3.12/site-packages/airflow/example_dags/example_dataset_alias.py
[2025-03-12T20:58:42.525+0000] {processor.py:914} INFO - Processing file /home/airflow/.local/lib/python3.12/site-packages/airflow/example_dags/example_dataset_alias.py for tasks to queue
[2025-03-12T20:58:42.526+0000] {logging_mixin.py:190} INFO - [2025-03-12T20:58:42.526+0000] {dagbag.py:588} INFO - Filling up the DagBag from /home/airflow/.local/lib/python3.12/site-packages/airflow/example_dags/example_dataset_alias.py
[2025-03-12T20:58:42.928+0000] {processor.py:925} INFO - DAG(s) 'dataset_s3_bucket_consumer', 'dataset_alias_example_alias_producer', 'dataset_s3_bucket_producer', 'dataset_alias_example_alias_consumer' retrieved from /home/airflow/.local/lib/python3.12/site-packages/airflow/example_dags/example_dataset_alias.py
[2025-03-12T20:58:42.944+0000] {logging_mixin.py:190} INFO - [2025-03-12T20:58:42.944+0000] {dag.py:3239} INFO - Sync 4 DAGs
[2025-03-12T20:58:42.963+0000] {logging_mixin.py:190} INFO - [2025-03-12T20:58:42.963+0000] {dag.py:4180} INFO - Setting next_dagrun for dataset_alias_example_alias_consumer to None, run_after=None
[2025-03-12T20:58:42.965+0000] {logging_mixin.py:190} INFO - [2025-03-12T20:58:42.965+0000] {dag.py:4180} INFO - Setting next_dagrun for dataset_alias_example_alias_producer to None, run_after=None
[2025-03-12T20:58:42.966+0000] {logging_mixin.py:190} INFO - [2025-03-12T20:58:42.966+0000] {dag.py:4180} INFO - Setting next_dagrun for dataset_s3_bucket_consumer to None, run_after=None
[2025-03-12T20:58:42.967+0000] {logging_mixin.py:190} INFO - [2025-03-12T20:58:42.967+0000] {dag.py:4180} INFO - Setting next_dagrun for dataset_s3_bucket_producer to None, run_after=None
[2025-03-12T20:58:42.985+0000] {processor.py:208} INFO - Processing /home/airflow/.local/lib/python3.12/site-packages/airflow/example_dags/example_dataset_alias.py took 0.465 seconds
[2025-03-12T20:59:13.246+0000] {processor.py:186} INFO - Started process (PID=1639) to work on /home/airflow/.local/lib/python3.12/site-packages/airflow/example_dags/example_dataset_alias.py
[2025-03-12T20:59:13.246+0000] {processor.py:914} INFO - Processing file /home/airflow/.local/lib/python3.12/site-packages/airflow/example_dags/example_dataset_alias.py for tasks to queue
[2025-03-12T20:59:13.248+0000] {logging_mixin.py:190} INFO - [2025-03-12T20:59:13.248+0000] {dagbag.py:588} INFO - Filling up the DagBag from /home/airflow/.local/lib/python3.12/site-packages/airflow/example_dags/example_dataset_alias.py
[2025-03-12T20:59:13.643+0000] {processor.py:925} INFO - DAG(s) 'dataset_s3_bucket_producer', 'dataset_s3_bucket_consumer', 'dataset_alias_example_alias_producer', 'dataset_alias_example_alias_consumer' retrieved from /home/airflow/.local/lib/python3.12/site-packages/airflow/example_dags/example_dataset_alias.py
[2025-03-12T20:59:13.664+0000] {logging_mixin.py:190} INFO - [2025-03-12T20:59:13.663+0000] {dag.py:3239} INFO - Sync 4 DAGs
[2025-03-12T20:59:13.687+0000] {logging_mixin.py:190} INFO - [2025-03-12T20:59:13.686+0000] {dag.py:4180} INFO - Setting next_dagrun for dataset_alias_example_alias_consumer to None, run_after=None
[2025-03-12T20:59:13.689+0000] {logging_mixin.py:190} INFO - [2025-03-12T20:59:13.689+0000] {dag.py:4180} INFO - Setting next_dagrun for dataset_alias_example_alias_producer to None, run_after=None
[2025-03-12T20:59:13.691+0000] {logging_mixin.py:190} INFO - [2025-03-12T20:59:13.691+0000] {dag.py:4180} INFO - Setting next_dagrun for dataset_s3_bucket_consumer to None, run_after=None
[2025-03-12T20:59:13.692+0000] {logging_mixin.py:190} INFO - [2025-03-12T20:59:13.692+0000] {dag.py:4180} INFO - Setting next_dagrun for dataset_s3_bucket_producer to None, run_after=None
[2025-03-12T20:59:13.714+0000] {processor.py:208} INFO - Processing /home/airflow/.local/lib/python3.12/site-packages/airflow/example_dags/example_dataset_alias.py took 0.474 seconds
[2025-03-12T20:59:44.011+0000] {processor.py:186} INFO - Started process (PID=1702) to work on /home/airflow/.local/lib/python3.12/site-packages/airflow/example_dags/example_dataset_alias.py
[2025-03-12T20:59:44.012+0000] {processor.py:914} INFO - Processing file /home/airflow/.local/lib/python3.12/site-packages/airflow/example_dags/example_dataset_alias.py for tasks to queue
[2025-03-12T20:59:44.013+0000] {logging_mixin.py:190} INFO - [2025-03-12T20:59:44.013+0000] {dagbag.py:588} INFO - Filling up the DagBag from /home/airflow/.local/lib/python3.12/site-packages/airflow/example_dags/example_dataset_alias.py
[2025-03-12T20:59:44.389+0000] {processor.py:925} INFO - DAG(s) 'dataset_alias_example_alias_producer', 'dataset_alias_example_alias_consumer', 'dataset_s3_bucket_producer', 'dataset_s3_bucket_consumer' retrieved from /home/airflow/.local/lib/python3.12/site-packages/airflow/example_dags/example_dataset_alias.py
[2025-03-12T20:59:44.407+0000] {logging_mixin.py:190} INFO - [2025-03-12T20:59:44.406+0000] {dag.py:3239} INFO - Sync 4 DAGs
[2025-03-12T20:59:44.427+0000] {logging_mixin.py:190} INFO - [2025-03-12T20:59:44.427+0000] {dag.py:4180} INFO - Setting next_dagrun for dataset_alias_example_alias_consumer to None, run_after=None
[2025-03-12T20:59:44.430+0000] {logging_mixin.py:190} INFO - [2025-03-12T20:59:44.430+0000] {dag.py:4180} INFO - Setting next_dagrun for dataset_alias_example_alias_producer to None, run_after=None
[2025-03-12T20:59:44.432+0000] {logging_mixin.py:190} INFO - [2025-03-12T20:59:44.431+0000] {dag.py:4180} INFO - Setting next_dagrun for dataset_s3_bucket_consumer to None, run_after=None
[2025-03-12T20:59:44.433+0000] {logging_mixin.py:190} INFO - [2025-03-12T20:59:44.433+0000] {dag.py:4180} INFO - Setting next_dagrun for dataset_s3_bucket_producer to None, run_after=None
[2025-03-12T20:59:44.453+0000] {processor.py:208} INFO - Processing /home/airflow/.local/lib/python3.12/site-packages/airflow/example_dags/example_dataset_alias.py took 0.446 seconds
[2025-03-12T21:00:14.559+0000] {processor.py:186} INFO - Started process (PID=1765) to work on /home/airflow/.local/lib/python3.12/site-packages/airflow/example_dags/example_dataset_alias.py
[2025-03-12T21:00:14.560+0000] {processor.py:914} INFO - Processing file /home/airflow/.local/lib/python3.12/site-packages/airflow/example_dags/example_dataset_alias.py for tasks to queue
[2025-03-12T21:00:14.562+0000] {logging_mixin.py:190} INFO - [2025-03-12T21:00:14.562+0000] {dagbag.py:588} INFO - Filling up the DagBag from /home/airflow/.local/lib/python3.12/site-packages/airflow/example_dags/example_dataset_alias.py
[2025-03-12T21:00:14.962+0000] {processor.py:925} INFO - DAG(s) 'dataset_s3_bucket_producer', 'dataset_alias_example_alias_consumer', 'dataset_s3_bucket_consumer', 'dataset_alias_example_alias_producer' retrieved from /home/airflow/.local/lib/python3.12/site-packages/airflow/example_dags/example_dataset_alias.py
[2025-03-12T21:00:14.981+0000] {logging_mixin.py:190} INFO - [2025-03-12T21:00:14.980+0000] {dag.py:3239} INFO - Sync 4 DAGs
[2025-03-12T21:00:14.998+0000] {logging_mixin.py:190} INFO - [2025-03-12T21:00:14.998+0000] {dag.py:4180} INFO - Setting next_dagrun for dataset_alias_example_alias_consumer to None, run_after=None
[2025-03-12T21:00:15.000+0000] {logging_mixin.py:190} INFO - [2025-03-12T21:00:15.000+0000] {dag.py:4180} INFO - Setting next_dagrun for dataset_alias_example_alias_producer to None, run_after=None
[2025-03-12T21:00:15.001+0000] {logging_mixin.py:190} INFO - [2025-03-12T21:00:15.001+0000] {dag.py:4180} INFO - Setting next_dagrun for dataset_s3_bucket_consumer to None, run_after=None
[2025-03-12T21:00:15.002+0000] {logging_mixin.py:190} INFO - [2025-03-12T21:00:15.002+0000] {dag.py:4180} INFO - Setting next_dagrun for dataset_s3_bucket_producer to None, run_after=None
[2025-03-12T21:00:15.022+0000] {processor.py:208} INFO - Processing /home/airflow/.local/lib/python3.12/site-packages/airflow/example_dags/example_dataset_alias.py took 0.471 seconds
[2025-03-12T21:00:45.437+0000] {processor.py:186} INFO - Started process (PID=1828) to work on /home/airflow/.local/lib/python3.12/site-packages/airflow/example_dags/example_dataset_alias.py
[2025-03-12T21:00:45.438+0000] {processor.py:914} INFO - Processing file /home/airflow/.local/lib/python3.12/site-packages/airflow/example_dags/example_dataset_alias.py for tasks to queue
[2025-03-12T21:00:45.440+0000] {logging_mixin.py:190} INFO - [2025-03-12T21:00:45.439+0000] {dagbag.py:588} INFO - Filling up the DagBag from /home/airflow/.local/lib/python3.12/site-packages/airflow/example_dags/example_dataset_alias.py
[2025-03-12T21:00:45.793+0000] {processor.py:925} INFO - DAG(s) 'dataset_s3_bucket_consumer', 'dataset_alias_example_alias_producer', 'dataset_alias_example_alias_consumer', 'dataset_s3_bucket_producer' retrieved from /home/airflow/.local/lib/python3.12/site-packages/airflow/example_dags/example_dataset_alias.py
[2025-03-12T21:00:45.813+0000] {logging_mixin.py:190} INFO - [2025-03-12T21:00:45.812+0000] {dag.py:3239} INFO - Sync 4 DAGs
[2025-03-12T21:00:45.834+0000] {logging_mixin.py:190} INFO - [2025-03-12T21:00:45.834+0000] {dag.py:4180} INFO - Setting next_dagrun for dataset_alias_example_alias_consumer to None, run_after=None
[2025-03-12T21:00:45.836+0000] {logging_mixin.py:190} INFO - [2025-03-12T21:00:45.836+0000] {dag.py:4180} INFO - Setting next_dagrun for dataset_alias_example_alias_producer to None, run_after=None
[2025-03-12T21:00:45.838+0000] {logging_mixin.py:190} INFO - [2025-03-12T21:00:45.837+0000] {dag.py:4180} INFO - Setting next_dagrun for dataset_s3_bucket_consumer to None, run_after=None
[2025-03-12T21:00:45.839+0000] {logging_mixin.py:190} INFO - [2025-03-12T21:00:45.838+0000] {dag.py:4180} INFO - Setting next_dagrun for dataset_s3_bucket_producer to None, run_after=None
[2025-03-12T21:00:45.857+0000] {processor.py:208} INFO - Processing /home/airflow/.local/lib/python3.12/site-packages/airflow/example_dags/example_dataset_alias.py took 0.425 seconds
[2025-03-12T21:01:15.956+0000] {processor.py:186} INFO - Started process (PID=1891) to work on /home/airflow/.local/lib/python3.12/site-packages/airflow/example_dags/example_dataset_alias.py
[2025-03-12T21:01:15.957+0000] {processor.py:914} INFO - Processing file /home/airflow/.local/lib/python3.12/site-packages/airflow/example_dags/example_dataset_alias.py for tasks to queue
[2025-03-12T21:01:15.960+0000] {logging_mixin.py:190} INFO - [2025-03-12T21:01:15.959+0000] {dagbag.py:588} INFO - Filling up the DagBag from /home/airflow/.local/lib/python3.12/site-packages/airflow/example_dags/example_dataset_alias.py
[2025-03-12T21:01:16.497+0000] {processor.py:925} INFO - DAG(s) 'dataset_s3_bucket_producer', 'dataset_alias_example_alias_producer', 'dataset_s3_bucket_consumer', 'dataset_alias_example_alias_consumer' retrieved from /home/airflow/.local/lib/python3.12/site-packages/airflow/example_dags/example_dataset_alias.py
[2025-03-12T21:01:16.527+0000] {logging_mixin.py:190} INFO - [2025-03-12T21:01:16.526+0000] {dag.py:3239} INFO - Sync 4 DAGs
[2025-03-12T21:01:16.552+0000] {logging_mixin.py:190} INFO - [2025-03-12T21:01:16.551+0000] {dag.py:4180} INFO - Setting next_dagrun for dataset_alias_example_alias_consumer to None, run_after=None
[2025-03-12T21:01:16.555+0000] {logging_mixin.py:190} INFO - [2025-03-12T21:01:16.554+0000] {dag.py:4180} INFO - Setting next_dagrun for dataset_alias_example_alias_producer to None, run_after=None
[2025-03-12T21:01:16.557+0000] {logging_mixin.py:190} INFO - [2025-03-12T21:01:16.556+0000] {dag.py:4180} INFO - Setting next_dagrun for dataset_s3_bucket_consumer to None, run_after=None
[2025-03-12T21:01:16.559+0000] {logging_mixin.py:190} INFO - [2025-03-12T21:01:16.558+0000] {dag.py:4180} INFO - Setting next_dagrun for dataset_s3_bucket_producer to None, run_after=None
[2025-03-12T21:01:16.587+0000] {processor.py:208} INFO - Processing /home/airflow/.local/lib/python3.12/site-packages/airflow/example_dags/example_dataset_alias.py took 0.639 seconds
[2025-03-12T21:01:47.090+0000] {processor.py:186} INFO - Started process (PID=1954) to work on /home/airflow/.local/lib/python3.12/site-packages/airflow/example_dags/example_dataset_alias.py
[2025-03-12T21:01:47.090+0000] {processor.py:914} INFO - Processing file /home/airflow/.local/lib/python3.12/site-packages/airflow/example_dags/example_dataset_alias.py for tasks to queue
[2025-03-12T21:01:47.092+0000] {logging_mixin.py:190} INFO - [2025-03-12T21:01:47.091+0000] {dagbag.py:588} INFO - Filling up the DagBag from /home/airflow/.local/lib/python3.12/site-packages/airflow/example_dags/example_dataset_alias.py
[2025-03-12T21:01:47.479+0000] {processor.py:925} INFO - DAG(s) 'dataset_alias_example_alias_consumer', 'dataset_s3_bucket_producer', 'dataset_s3_bucket_consumer', 'dataset_alias_example_alias_producer' retrieved from /home/airflow/.local/lib/python3.12/site-packages/airflow/example_dags/example_dataset_alias.py
[2025-03-12T21:01:47.498+0000] {logging_mixin.py:190} INFO - [2025-03-12T21:01:47.497+0000] {dag.py:3239} INFO - Sync 4 DAGs
[2025-03-12T21:01:47.518+0000] {logging_mixin.py:190} INFO - [2025-03-12T21:01:47.518+0000] {dag.py:4180} INFO - Setting next_dagrun for dataset_alias_example_alias_consumer to None, run_after=None
[2025-03-12T21:01:47.520+0000] {logging_mixin.py:190} INFO - [2025-03-12T21:01:47.520+0000] {dag.py:4180} INFO - Setting next_dagrun for dataset_alias_example_alias_producer to None, run_after=None
[2025-03-12T21:01:47.522+0000] {logging_mixin.py:190} INFO - [2025-03-12T21:01:47.522+0000] {dag.py:4180} INFO - Setting next_dagrun for dataset_s3_bucket_consumer to None, run_after=None
[2025-03-12T21:01:47.523+0000] {logging_mixin.py:190} INFO - [2025-03-12T21:01:47.523+0000] {dag.py:4180} INFO - Setting next_dagrun for dataset_s3_bucket_producer to None, run_after=None
[2025-03-12T21:01:47.546+0000] {processor.py:208} INFO - Processing /home/airflow/.local/lib/python3.12/site-packages/airflow/example_dags/example_dataset_alias.py took 0.461 seconds
[2025-03-12T21:02:17.648+0000] {processor.py:186} INFO - Started process (PID=2016) to work on /home/airflow/.local/lib/python3.12/site-packages/airflow/example_dags/example_dataset_alias.py
[2025-03-12T21:02:17.650+0000] {processor.py:914} INFO - Processing file /home/airflow/.local/lib/python3.12/site-packages/airflow/example_dags/example_dataset_alias.py for tasks to queue
[2025-03-12T21:02:17.651+0000] {logging_mixin.py:190} INFO - [2025-03-12T21:02:17.651+0000] {dagbag.py:588} INFO - Filling up the DagBag from /home/airflow/.local/lib/python3.12/site-packages/airflow/example_dags/example_dataset_alias.py
[2025-03-12T21:02:18.036+0000] {processor.py:925} INFO - DAG(s) 'dataset_alias_example_alias_producer', 'dataset_s3_bucket_consumer', 'dataset_s3_bucket_producer', 'dataset_alias_example_alias_consumer' retrieved from /home/airflow/.local/lib/python3.12/site-packages/airflow/example_dags/example_dataset_alias.py
[2025-03-12T21:02:18.059+0000] {logging_mixin.py:190} INFO - [2025-03-12T21:02:18.058+0000] {dag.py:3239} INFO - Sync 4 DAGs
[2025-03-12T21:02:18.078+0000] {logging_mixin.py:190} INFO - [2025-03-12T21:02:18.078+0000] {dag.py:4180} INFO - Setting next_dagrun for dataset_alias_example_alias_consumer to None, run_after=None
[2025-03-12T21:02:18.080+0000] {logging_mixin.py:190} INFO - [2025-03-12T21:02:18.080+0000] {dag.py:4180} INFO - Setting next_dagrun for dataset_alias_example_alias_producer to None, run_after=None
[2025-03-12T21:02:18.081+0000] {logging_mixin.py:190} INFO - [2025-03-12T21:02:18.081+0000] {dag.py:4180} INFO - Setting next_dagrun for dataset_s3_bucket_consumer to None, run_after=None
[2025-03-12T21:02:18.082+0000] {logging_mixin.py:190} INFO - [2025-03-12T21:02:18.082+0000] {dag.py:4180} INFO - Setting next_dagrun for dataset_s3_bucket_producer to None, run_after=None
[2025-03-12T21:02:18.098+0000] {processor.py:208} INFO - Processing /home/airflow/.local/lib/python3.12/site-packages/airflow/example_dags/example_dataset_alias.py took 0.455 seconds
[2025-03-12T21:02:48.198+0000] {processor.py:186} INFO - Started process (PID=2079) to work on /home/airflow/.local/lib/python3.12/site-packages/airflow/example_dags/example_dataset_alias.py
[2025-03-12T21:02:48.198+0000] {processor.py:914} INFO - Processing file /home/airflow/.local/lib/python3.12/site-packages/airflow/example_dags/example_dataset_alias.py for tasks to queue
[2025-03-12T21:02:48.200+0000] {logging_mixin.py:190} INFO - [2025-03-12T21:02:48.199+0000] {dagbag.py:588} INFO - Filling up the DagBag from /home/airflow/.local/lib/python3.12/site-packages/airflow/example_dags/example_dataset_alias.py
[2025-03-12T21:02:48.536+0000] {processor.py:925} INFO - DAG(s) 'dataset_alias_example_alias_consumer', 'dataset_s3_bucket_consumer', 'dataset_alias_example_alias_producer', 'dataset_s3_bucket_producer' retrieved from /home/airflow/.local/lib/python3.12/site-packages/airflow/example_dags/example_dataset_alias.py
[2025-03-12T21:02:48.556+0000] {logging_mixin.py:190} INFO - [2025-03-12T21:02:48.556+0000] {dag.py:3239} INFO - Sync 4 DAGs
[2025-03-12T21:02:48.572+0000] {logging_mixin.py:190} INFO - [2025-03-12T21:02:48.572+0000] {dag.py:4180} INFO - Setting next_dagrun for dataset_alias_example_alias_consumer to None, run_after=None
[2025-03-12T21:02:48.574+0000] {logging_mixin.py:190} INFO - [2025-03-12T21:02:48.574+0000] {dag.py:4180} INFO - Setting next_dagrun for dataset_alias_example_alias_producer to None, run_after=None
[2025-03-12T21:02:48.575+0000] {logging_mixin.py:190} INFO - [2025-03-12T21:02:48.575+0000] {dag.py:4180} INFO - Setting next_dagrun for dataset_s3_bucket_consumer to None, run_after=None
[2025-03-12T21:02:48.576+0000] {logging_mixin.py:190} INFO - [2025-03-12T21:02:48.576+0000] {dag.py:4180} INFO - Setting next_dagrun for dataset_s3_bucket_producer to None, run_after=None
[2025-03-12T21:02:48.590+0000] {processor.py:208} INFO - Processing /home/airflow/.local/lib/python3.12/site-packages/airflow/example_dags/example_dataset_alias.py took 0.395 seconds
[2025-03-12T21:03:18.660+0000] {processor.py:186} INFO - Started process (PID=2142) to work on /home/airflow/.local/lib/python3.12/site-packages/airflow/example_dags/example_dataset_alias.py
[2025-03-12T21:03:18.663+0000] {processor.py:914} INFO - Processing file /home/airflow/.local/lib/python3.12/site-packages/airflow/example_dags/example_dataset_alias.py for tasks to queue
[2025-03-12T21:03:18.664+0000] {logging_mixin.py:190} INFO - [2025-03-12T21:03:18.664+0000] {dagbag.py:588} INFO - Filling up the DagBag from /home/airflow/.local/lib/python3.12/site-packages/airflow/example_dags/example_dataset_alias.py
[2025-03-12T21:03:19.023+0000] {processor.py:925} INFO - DAG(s) 'dataset_alias_example_alias_producer', 'dataset_s3_bucket_producer', 'dataset_s3_bucket_consumer', 'dataset_alias_example_alias_consumer' retrieved from /home/airflow/.local/lib/python3.12/site-packages/airflow/example_dags/example_dataset_alias.py
[2025-03-12T21:03:19.041+0000] {logging_mixin.py:190} INFO - [2025-03-12T21:03:19.040+0000] {dag.py:3239} INFO - Sync 4 DAGs
[2025-03-12T21:03:19.065+0000] {logging_mixin.py:190} INFO - [2025-03-12T21:03:19.065+0000] {dag.py:4180} INFO - Setting next_dagrun for dataset_alias_example_alias_consumer to None, run_after=None
[2025-03-12T21:03:19.070+0000] {logging_mixin.py:190} INFO - [2025-03-12T21:03:19.070+0000] {dag.py:4180} INFO - Setting next_dagrun for dataset_alias_example_alias_producer to None, run_after=None
[2025-03-12T21:03:19.072+0000] {logging_mixin.py:190} INFO - [2025-03-12T21:03:19.072+0000] {dag.py:4180} INFO - Setting next_dagrun for dataset_s3_bucket_consumer to None, run_after=None
[2025-03-12T21:03:19.073+0000] {logging_mixin.py:190} INFO - [2025-03-12T21:03:19.073+0000] {dag.py:4180} INFO - Setting next_dagrun for dataset_s3_bucket_producer to None, run_after=None
[2025-03-12T21:03:19.091+0000] {processor.py:208} INFO - Processing /home/airflow/.local/lib/python3.12/site-packages/airflow/example_dags/example_dataset_alias.py took 0.434 seconds
[2025-03-12T21:03:49.274+0000] {processor.py:186} INFO - Started process (PID=2205) to work on /home/airflow/.local/lib/python3.12/site-packages/airflow/example_dags/example_dataset_alias.py
[2025-03-12T21:03:49.277+0000] {processor.py:914} INFO - Processing file /home/airflow/.local/lib/python3.12/site-packages/airflow/example_dags/example_dataset_alias.py for tasks to queue
[2025-03-12T21:03:49.278+0000] {logging_mixin.py:190} INFO - [2025-03-12T21:03:49.278+0000] {dagbag.py:588} INFO - Filling up the DagBag from /home/airflow/.local/lib/python3.12/site-packages/airflow/example_dags/example_dataset_alias.py
[2025-03-12T21:03:49.646+0000] {processor.py:925} INFO - DAG(s) 'dataset_alias_example_alias_producer', 'dataset_alias_example_alias_consumer', 'dataset_s3_bucket_producer', 'dataset_s3_bucket_consumer' retrieved from /home/airflow/.local/lib/python3.12/site-packages/airflow/example_dags/example_dataset_alias.py
[2025-03-12T21:03:49.668+0000] {logging_mixin.py:190} INFO - [2025-03-12T21:03:49.668+0000] {dag.py:3239} INFO - Sync 4 DAGs
[2025-03-12T21:03:49.691+0000] {logging_mixin.py:190} INFO - [2025-03-12T21:03:49.690+0000] {dag.py:4180} INFO - Setting next_dagrun for dataset_alias_example_alias_consumer to None, run_after=None
[2025-03-12T21:03:49.693+0000] {logging_mixin.py:190} INFO - [2025-03-12T21:03:49.693+0000] {dag.py:4180} INFO - Setting next_dagrun for dataset_alias_example_alias_producer to None, run_after=None
[2025-03-12T21:03:49.695+0000] {logging_mixin.py:190} INFO - [2025-03-12T21:03:49.694+0000] {dag.py:4180} INFO - Setting next_dagrun for dataset_s3_bucket_consumer to None, run_after=None
[2025-03-12T21:03:49.696+0000] {logging_mixin.py:190} INFO - [2025-03-12T21:03:49.696+0000] {dag.py:4180} INFO - Setting next_dagrun for dataset_s3_bucket_producer to None, run_after=None
[2025-03-12T21:03:49.716+0000] {processor.py:208} INFO - Processing /home/airflow/.local/lib/python3.12/site-packages/airflow/example_dags/example_dataset_alias.py took 0.446 seconds
[2025-03-12T21:04:19.772+0000] {processor.py:186} INFO - Started process (PID=2272) to work on /home/airflow/.local/lib/python3.12/site-packages/airflow/example_dags/example_dataset_alias.py
[2025-03-12T21:04:19.773+0000] {processor.py:914} INFO - Processing file /home/airflow/.local/lib/python3.12/site-packages/airflow/example_dags/example_dataset_alias.py for tasks to queue
[2025-03-12T21:04:19.776+0000] {logging_mixin.py:190} INFO - [2025-03-12T21:04:19.776+0000] {dagbag.py:588} INFO - Filling up the DagBag from /home/airflow/.local/lib/python3.12/site-packages/airflow/example_dags/example_dataset_alias.py
[2025-03-12T21:04:20.318+0000] {processor.py:925} INFO - DAG(s) 'dataset_alias_example_alias_consumer', 'dataset_s3_bucket_consumer', 'dataset_alias_example_alias_producer', 'dataset_s3_bucket_producer' retrieved from /home/airflow/.local/lib/python3.12/site-packages/airflow/example_dags/example_dataset_alias.py
[2025-03-12T21:04:20.343+0000] {logging_mixin.py:190} INFO - [2025-03-12T21:04:20.343+0000] {dag.py:3239} INFO - Sync 4 DAGs
[2025-03-12T21:04:20.371+0000] {logging_mixin.py:190} INFO - [2025-03-12T21:04:20.371+0000] {dag.py:4180} INFO - Setting next_dagrun for dataset_alias_example_alias_consumer to None, run_after=None
[2025-03-12T21:04:20.374+0000] {logging_mixin.py:190} INFO - [2025-03-12T21:04:20.374+0000] {dag.py:4180} INFO - Setting next_dagrun for dataset_alias_example_alias_producer to None, run_after=None
[2025-03-12T21:04:20.376+0000] {logging_mixin.py:190} INFO - [2025-03-12T21:04:20.376+0000] {dag.py:4180} INFO - Setting next_dagrun for dataset_s3_bucket_consumer to None, run_after=None
[2025-03-12T21:04:20.378+0000] {logging_mixin.py:190} INFO - [2025-03-12T21:04:20.378+0000] {dag.py:4180} INFO - Setting next_dagrun for dataset_s3_bucket_producer to None, run_after=None
[2025-03-12T21:04:20.404+0000] {processor.py:208} INFO - Processing /home/airflow/.local/lib/python3.12/site-packages/airflow/example_dags/example_dataset_alias.py took 0.636 seconds
[2025-03-12T21:04:50.658+0000] {processor.py:186} INFO - Started process (PID=2333) to work on /home/airflow/.local/lib/python3.12/site-packages/airflow/example_dags/example_dataset_alias.py
[2025-03-12T21:04:50.659+0000] {processor.py:914} INFO - Processing file /home/airflow/.local/lib/python3.12/site-packages/airflow/example_dags/example_dataset_alias.py for tasks to queue
[2025-03-12T21:04:50.660+0000] {logging_mixin.py:190} INFO - [2025-03-12T21:04:50.660+0000] {dagbag.py:588} INFO - Filling up the DagBag from /home/airflow/.local/lib/python3.12/site-packages/airflow/example_dags/example_dataset_alias.py
[2025-03-12T21:04:51.045+0000] {processor.py:925} INFO - DAG(s) 'dataset_s3_bucket_consumer', 'dataset_alias_example_alias_consumer', 'dataset_s3_bucket_producer', 'dataset_alias_example_alias_producer' retrieved from /home/airflow/.local/lib/python3.12/site-packages/airflow/example_dags/example_dataset_alias.py
[2025-03-12T21:04:51.066+0000] {logging_mixin.py:190} INFO - [2025-03-12T21:04:51.066+0000] {dag.py:3239} INFO - Sync 4 DAGs
[2025-03-12T21:04:51.089+0000] {logging_mixin.py:190} INFO - [2025-03-12T21:04:51.088+0000] {dag.py:4180} INFO - Setting next_dagrun for dataset_alias_example_alias_consumer to None, run_after=None
[2025-03-12T21:04:51.091+0000] {logging_mixin.py:190} INFO - [2025-03-12T21:04:51.091+0000] {dag.py:4180} INFO - Setting next_dagrun for dataset_alias_example_alias_producer to None, run_after=None
[2025-03-12T21:04:51.094+0000] {logging_mixin.py:190} INFO - [2025-03-12T21:04:51.093+0000] {dag.py:4180} INFO - Setting next_dagrun for dataset_s3_bucket_consumer to None, run_after=None
[2025-03-12T21:04:51.095+0000] {logging_mixin.py:190} INFO - [2025-03-12T21:04:51.095+0000] {dag.py:4180} INFO - Setting next_dagrun for dataset_s3_bucket_producer to None, run_after=None
[2025-03-12T21:04:51.114+0000] {processor.py:208} INFO - Processing /home/airflow/.local/lib/python3.12/site-packages/airflow/example_dags/example_dataset_alias.py took 0.462 seconds
[2025-03-12T21:05:21.233+0000] {processor.py:186} INFO - Started process (PID=2396) to work on /home/airflow/.local/lib/python3.12/site-packages/airflow/example_dags/example_dataset_alias.py
[2025-03-12T21:05:21.236+0000] {processor.py:914} INFO - Processing file /home/airflow/.local/lib/python3.12/site-packages/airflow/example_dags/example_dataset_alias.py for tasks to queue
[2025-03-12T21:05:21.237+0000] {logging_mixin.py:190} INFO - [2025-03-12T21:05:21.237+0000] {dagbag.py:588} INFO - Filling up the DagBag from /home/airflow/.local/lib/python3.12/site-packages/airflow/example_dags/example_dataset_alias.py
[2025-03-12T21:05:21.656+0000] {processor.py:925} INFO - DAG(s) 'dataset_alias_example_alias_producer', 'dataset_s3_bucket_consumer', 'dataset_alias_example_alias_consumer', 'dataset_s3_bucket_producer' retrieved from /home/airflow/.local/lib/python3.12/site-packages/airflow/example_dags/example_dataset_alias.py
[2025-03-12T21:05:21.678+0000] {logging_mixin.py:190} INFO - [2025-03-12T21:05:21.677+0000] {dag.py:3239} INFO - Sync 4 DAGs
[2025-03-12T21:05:21.703+0000] {logging_mixin.py:190} INFO - [2025-03-12T21:05:21.702+0000] {dag.py:4180} INFO - Setting next_dagrun for dataset_alias_example_alias_consumer to None, run_after=None
[2025-03-12T21:05:21.706+0000] {logging_mixin.py:190} INFO - [2025-03-12T21:05:21.706+0000] {dag.py:4180} INFO - Setting next_dagrun for dataset_alias_example_alias_producer to None, run_after=None
[2025-03-12T21:05:21.707+0000] {logging_mixin.py:190} INFO - [2025-03-12T21:05:21.707+0000] {dag.py:4180} INFO - Setting next_dagrun for dataset_s3_bucket_consumer to None, run_after=None
[2025-03-12T21:05:21.708+0000] {logging_mixin.py:190} INFO - [2025-03-12T21:05:21.708+0000] {dag.py:4180} INFO - Setting next_dagrun for dataset_s3_bucket_producer to None, run_after=None
[2025-03-12T21:05:21.727+0000] {processor.py:208} INFO - Processing /home/airflow/.local/lib/python3.12/site-packages/airflow/example_dags/example_dataset_alias.py took 0.499 seconds
[2025-03-12T21:05:51.845+0000] {processor.py:186} INFO - Started process (PID=2464) to work on /home/airflow/.local/lib/python3.12/site-packages/airflow/example_dags/example_dataset_alias.py
[2025-03-12T21:05:51.846+0000] {processor.py:914} INFO - Processing file /home/airflow/.local/lib/python3.12/site-packages/airflow/example_dags/example_dataset_alias.py for tasks to queue
[2025-03-12T21:05:51.847+0000] {logging_mixin.py:190} INFO - [2025-03-12T21:05:51.847+0000] {dagbag.py:588} INFO - Filling up the DagBag from /home/airflow/.local/lib/python3.12/site-packages/airflow/example_dags/example_dataset_alias.py
[2025-03-12T21:05:52.215+0000] {processor.py:925} INFO - DAG(s) 'dataset_s3_bucket_producer', 'dataset_alias_example_alias_producer', 'dataset_alias_example_alias_consumer', 'dataset_s3_bucket_consumer' retrieved from /home/airflow/.local/lib/python3.12/site-packages/airflow/example_dags/example_dataset_alias.py
[2025-03-12T21:05:52.235+0000] {logging_mixin.py:190} INFO - [2025-03-12T21:05:52.234+0000] {dag.py:3239} INFO - Sync 4 DAGs
[2025-03-12T21:05:52.251+0000] {logging_mixin.py:190} INFO - [2025-03-12T21:05:52.251+0000] {dag.py:4180} INFO - Setting next_dagrun for dataset_alias_example_alias_consumer to None, run_after=None
[2025-03-12T21:05:52.253+0000] {logging_mixin.py:190} INFO - [2025-03-12T21:05:52.253+0000] {dag.py:4180} INFO - Setting next_dagrun for dataset_alias_example_alias_producer to None, run_after=None
[2025-03-12T21:05:52.254+0000] {logging_mixin.py:190} INFO - [2025-03-12T21:05:52.254+0000] {dag.py:4180} INFO - Setting next_dagrun for dataset_s3_bucket_consumer to None, run_after=None
[2025-03-12T21:05:52.255+0000] {logging_mixin.py:190} INFO - [2025-03-12T21:05:52.255+0000] {dag.py:4180} INFO - Setting next_dagrun for dataset_s3_bucket_producer to None, run_after=None
[2025-03-12T21:05:52.272+0000] {processor.py:208} INFO - Processing /home/airflow/.local/lib/python3.12/site-packages/airflow/example_dags/example_dataset_alias.py took 0.431 seconds
[2025-03-12T21:06:22.424+0000] {processor.py:186} INFO - Started process (PID=2522) to work on /home/airflow/.local/lib/python3.12/site-packages/airflow/example_dags/example_dataset_alias.py
[2025-03-12T21:06:22.426+0000] {processor.py:914} INFO - Processing file /home/airflow/.local/lib/python3.12/site-packages/airflow/example_dags/example_dataset_alias.py for tasks to queue
[2025-03-12T21:06:22.427+0000] {logging_mixin.py:190} INFO - [2025-03-12T21:06:22.427+0000] {dagbag.py:588} INFO - Filling up the DagBag from /home/airflow/.local/lib/python3.12/site-packages/airflow/example_dags/example_dataset_alias.py
[2025-03-12T21:06:22.809+0000] {processor.py:925} INFO - DAG(s) 'dataset_s3_bucket_consumer', 'dataset_alias_example_alias_consumer', 'dataset_alias_example_alias_producer', 'dataset_s3_bucket_producer' retrieved from /home/airflow/.local/lib/python3.12/site-packages/airflow/example_dags/example_dataset_alias.py
[2025-03-12T21:06:22.830+0000] {logging_mixin.py:190} INFO - [2025-03-12T21:06:22.829+0000] {dag.py:3239} INFO - Sync 4 DAGs
[2025-03-12T21:06:22.856+0000] {logging_mixin.py:190} INFO - [2025-03-12T21:06:22.856+0000] {dag.py:4180} INFO - Setting next_dagrun for dataset_alias_example_alias_consumer to None, run_after=None
[2025-03-12T21:06:22.860+0000] {logging_mixin.py:190} INFO - [2025-03-12T21:06:22.859+0000] {dag.py:4180} INFO - Setting next_dagrun for dataset_alias_example_alias_producer to None, run_after=None
[2025-03-12T21:06:22.862+0000] {logging_mixin.py:190} INFO - [2025-03-12T21:06:22.862+0000] {dag.py:4180} INFO - Setting next_dagrun for dataset_s3_bucket_consumer to None, run_after=None
[2025-03-12T21:06:22.863+0000] {logging_mixin.py:190} INFO - [2025-03-12T21:06:22.863+0000] {dag.py:4180} INFO - Setting next_dagrun for dataset_s3_bucket_producer to None, run_after=None
[2025-03-12T21:06:22.885+0000] {processor.py:208} INFO - Processing /home/airflow/.local/lib/python3.12/site-packages/airflow/example_dags/example_dataset_alias.py took 0.465 seconds
[2025-03-12T21:06:53.091+0000] {processor.py:186} INFO - Started process (PID=2585) to work on /home/airflow/.local/lib/python3.12/site-packages/airflow/example_dags/example_dataset_alias.py
[2025-03-12T21:06:53.094+0000] {processor.py:914} INFO - Processing file /home/airflow/.local/lib/python3.12/site-packages/airflow/example_dags/example_dataset_alias.py for tasks to queue
[2025-03-12T21:06:53.095+0000] {logging_mixin.py:190} INFO - [2025-03-12T21:06:53.095+0000] {dagbag.py:588} INFO - Filling up the DagBag from /home/airflow/.local/lib/python3.12/site-packages/airflow/example_dags/example_dataset_alias.py
[2025-03-12T21:06:53.503+0000] {processor.py:925} INFO - DAG(s) 'dataset_alias_example_alias_producer', 'dataset_alias_example_alias_consumer', 'dataset_s3_bucket_producer', 'dataset_s3_bucket_consumer' retrieved from /home/airflow/.local/lib/python3.12/site-packages/airflow/example_dags/example_dataset_alias.py
[2025-03-12T21:06:53.524+0000] {logging_mixin.py:190} INFO - [2025-03-12T21:06:53.524+0000] {dag.py:3239} INFO - Sync 4 DAGs
[2025-03-12T21:06:53.547+0000] {logging_mixin.py:190} INFO - [2025-03-12T21:06:53.546+0000] {dag.py:4180} INFO - Setting next_dagrun for dataset_alias_example_alias_consumer to None, run_after=None
[2025-03-12T21:06:53.549+0000] {logging_mixin.py:190} INFO - [2025-03-12T21:06:53.549+0000] {dag.py:4180} INFO - Setting next_dagrun for dataset_alias_example_alias_producer to None, run_after=None
[2025-03-12T21:06:53.550+0000] {logging_mixin.py:190} INFO - [2025-03-12T21:06:53.550+0000] {dag.py:4180} INFO - Setting next_dagrun for dataset_s3_bucket_consumer to None, run_after=None
[2025-03-12T21:06:53.552+0000] {logging_mixin.py:190} INFO - [2025-03-12T21:06:53.551+0000] {dag.py:4180} INFO - Setting next_dagrun for dataset_s3_bucket_producer to None, run_after=None
[2025-03-12T21:06:53.578+0000] {processor.py:208} INFO - Processing /home/airflow/.local/lib/python3.12/site-packages/airflow/example_dags/example_dataset_alias.py took 0.491 seconds
[2025-03-12T21:07:24.295+0000] {processor.py:186} INFO - Started process (PID=2650) to work on /home/airflow/.local/lib/python3.12/site-packages/airflow/example_dags/example_dataset_alias.py
[2025-03-12T21:07:24.297+0000] {processor.py:914} INFO - Processing file /home/airflow/.local/lib/python3.12/site-packages/airflow/example_dags/example_dataset_alias.py for tasks to queue
[2025-03-12T21:07:24.299+0000] {logging_mixin.py:190} INFO - [2025-03-12T21:07:24.299+0000] {dagbag.py:588} INFO - Filling up the DagBag from /home/airflow/.local/lib/python3.12/site-packages/airflow/example_dags/example_dataset_alias.py
[2025-03-12T21:07:24.660+0000] {processor.py:925} INFO - DAG(s) 'dataset_s3_bucket_producer', 'dataset_s3_bucket_consumer', 'dataset_alias_example_alias_consumer', 'dataset_alias_example_alias_producer' retrieved from /home/airflow/.local/lib/python3.12/site-packages/airflow/example_dags/example_dataset_alias.py
[2025-03-12T21:07:24.686+0000] {logging_mixin.py:190} INFO - [2025-03-12T21:07:24.685+0000] {dag.py:3239} INFO - Sync 4 DAGs
[2025-03-12T21:07:24.713+0000] {logging_mixin.py:190} INFO - [2025-03-12T21:07:24.713+0000] {dag.py:4180} INFO - Setting next_dagrun for dataset_alias_example_alias_consumer to None, run_after=None
[2025-03-12T21:07:24.717+0000] {logging_mixin.py:190} INFO - [2025-03-12T21:07:24.717+0000] {dag.py:4180} INFO - Setting next_dagrun for dataset_alias_example_alias_producer to None, run_after=None
[2025-03-12T21:07:24.719+0000] {logging_mixin.py:190} INFO - [2025-03-12T21:07:24.718+0000] {dag.py:4180} INFO - Setting next_dagrun for dataset_s3_bucket_consumer to None, run_after=None
[2025-03-12T21:07:24.720+0000] {logging_mixin.py:190} INFO - [2025-03-12T21:07:24.720+0000] {dag.py:4180} INFO - Setting next_dagrun for dataset_s3_bucket_producer to None, run_after=None
[2025-03-12T21:07:24.739+0000] {processor.py:208} INFO - Processing /home/airflow/.local/lib/python3.12/site-packages/airflow/example_dags/example_dataset_alias.py took 0.447 seconds
[2025-03-12T21:07:54.872+0000] {processor.py:186} INFO - Started process (PID=2717) to work on /home/airflow/.local/lib/python3.12/site-packages/airflow/example_dags/example_dataset_alias.py
[2025-03-12T21:07:54.873+0000] {processor.py:914} INFO - Processing file /home/airflow/.local/lib/python3.12/site-packages/airflow/example_dags/example_dataset_alias.py for tasks to queue
[2025-03-12T21:07:54.874+0000] {logging_mixin.py:190} INFO - [2025-03-12T21:07:54.873+0000] {dagbag.py:588} INFO - Filling up the DagBag from /home/airflow/.local/lib/python3.12/site-packages/airflow/example_dags/example_dataset_alias.py
[2025-03-12T21:07:55.217+0000] {processor.py:925} INFO - DAG(s) 'dataset_alias_example_alias_consumer', 'dataset_alias_example_alias_producer', 'dataset_s3_bucket_producer', 'dataset_s3_bucket_consumer' retrieved from /home/airflow/.local/lib/python3.12/site-packages/airflow/example_dags/example_dataset_alias.py
[2025-03-12T21:07:55.238+0000] {logging_mixin.py:190} INFO - [2025-03-12T21:07:55.237+0000] {dag.py:3239} INFO - Sync 4 DAGs
[2025-03-12T21:07:55.255+0000] {logging_mixin.py:190} INFO - [2025-03-12T21:07:55.255+0000] {dag.py:4180} INFO - Setting next_dagrun for dataset_alias_example_alias_consumer to None, run_after=None
[2025-03-12T21:07:55.257+0000] {logging_mixin.py:190} INFO - [2025-03-12T21:07:55.257+0000] {dag.py:4180} INFO - Setting next_dagrun for dataset_alias_example_alias_producer to None, run_after=None
[2025-03-12T21:07:55.258+0000] {logging_mixin.py:190} INFO - [2025-03-12T21:07:55.258+0000] {dag.py:4180} INFO - Setting next_dagrun for dataset_s3_bucket_consumer to None, run_after=None
[2025-03-12T21:07:55.259+0000] {logging_mixin.py:190} INFO - [2025-03-12T21:07:55.259+0000] {dag.py:4180} INFO - Setting next_dagrun for dataset_s3_bucket_producer to None, run_after=None
[2025-03-12T21:07:55.276+0000] {processor.py:208} INFO - Processing /home/airflow/.local/lib/python3.12/site-packages/airflow/example_dags/example_dataset_alias.py took 0.408 seconds
[2025-03-12T21:08:25.318+0000] {processor.py:186} INFO - Started process (PID=2782) to work on /home/airflow/.local/lib/python3.12/site-packages/airflow/example_dags/example_dataset_alias.py
[2025-03-12T21:08:25.318+0000] {processor.py:914} INFO - Processing file /home/airflow/.local/lib/python3.12/site-packages/airflow/example_dags/example_dataset_alias.py for tasks to queue
[2025-03-12T21:08:25.320+0000] {logging_mixin.py:190} INFO - [2025-03-12T21:08:25.320+0000] {dagbag.py:588} INFO - Filling up the DagBag from /home/airflow/.local/lib/python3.12/site-packages/airflow/example_dags/example_dataset_alias.py
[2025-03-12T21:08:25.703+0000] {processor.py:925} INFO - DAG(s) 'dataset_alias_example_alias_producer', 'dataset_alias_example_alias_consumer', 'dataset_s3_bucket_consumer', 'dataset_s3_bucket_producer' retrieved from /home/airflow/.local/lib/python3.12/site-packages/airflow/example_dags/example_dataset_alias.py
[2025-03-12T21:08:25.723+0000] {logging_mixin.py:190} INFO - [2025-03-12T21:08:25.722+0000] {dag.py:3239} INFO - Sync 4 DAGs
[2025-03-12T21:08:25.742+0000] {logging_mixin.py:190} INFO - [2025-03-12T21:08:25.742+0000] {dag.py:4180} INFO - Setting next_dagrun for dataset_alias_example_alias_consumer to None, run_after=None
[2025-03-12T21:08:25.745+0000] {logging_mixin.py:190} INFO - [2025-03-12T21:08:25.744+0000] {dag.py:4180} INFO - Setting next_dagrun for dataset_alias_example_alias_producer to None, run_after=None
[2025-03-12T21:08:25.747+0000] {logging_mixin.py:190} INFO - [2025-03-12T21:08:25.747+0000] {dag.py:4180} INFO - Setting next_dagrun for dataset_s3_bucket_consumer to None, run_after=None
[2025-03-12T21:08:25.749+0000] {logging_mixin.py:190} INFO - [2025-03-12T21:08:25.749+0000] {dag.py:4180} INFO - Setting next_dagrun for dataset_s3_bucket_producer to None, run_after=None
[2025-03-12T21:08:25.771+0000] {processor.py:208} INFO - Processing /home/airflow/.local/lib/python3.12/site-packages/airflow/example_dags/example_dataset_alias.py took 0.460 seconds
