[2025-03-12T20:46:28.608+0000] {processor.py:186} INFO - Started process (PID=105) to work on /home/airflow/.local/lib/python3.12/site-packages/airflow/example_dags/example_sla_dag.py
[2025-03-12T20:46:28.609+0000] {processor.py:914} INFO - Processing file /home/airflow/.local/lib/python3.12/site-packages/airflow/example_dags/example_sla_dag.py for tasks to queue
[2025-03-12T20:46:28.611+0000] {logging_mixin.py:190} INFO - [2025-03-12T20:46:28.611+0000] {dagbag.py:588} INFO - Filling up the DagBag from /home/airflow/.local/lib/python3.12/site-packages/airflow/example_dags/example_sla_dag.py
[2025-03-12T20:46:28.620+0000] {processor.py:925} INFO - DAG(s) 'example_sla_dag' retrieved from /home/airflow/.local/lib/python3.12/site-packages/airflow/example_dags/example_sla_dag.py
[2025-03-12T20:46:28.712+0000] {logging_mixin.py:190} INFO - [2025-03-12T20:46:28.712+0000] {override.py:1912} INFO - Created Permission View: can edit on DAG:example_sla_dag
[2025-03-12T20:46:28.724+0000] {logging_mixin.py:190} INFO - [2025-03-12T20:46:28.724+0000] {override.py:1912} INFO - Created Permission View: can read on DAG:example_sla_dag
[2025-03-12T20:46:28.729+0000] {logging_mixin.py:190} INFO - [2025-03-12T20:46:28.729+0000] {override.py:1912} INFO - Created Permission View: can delete on DAG:example_sla_dag
[2025-03-12T20:46:28.735+0000] {logging_mixin.py:190} INFO - [2025-03-12T20:46:28.735+0000] {override.py:1912} INFO - Created Permission View: menu access on DAG Run:example_sla_dag
[2025-03-12T20:46:28.740+0000] {logging_mixin.py:190} INFO - [2025-03-12T20:46:28.740+0000] {override.py:1912} INFO - Created Permission View: can create on DAG Run:example_sla_dag
[2025-03-12T20:46:28.745+0000] {logging_mixin.py:190} INFO - [2025-03-12T20:46:28.745+0000] {override.py:1912} INFO - Created Permission View: can read on DAG Run:example_sla_dag
[2025-03-12T20:46:28.751+0000] {logging_mixin.py:190} INFO - [2025-03-12T20:46:28.750+0000] {override.py:1912} INFO - Created Permission View: can delete on DAG Run:example_sla_dag
[2025-03-12T20:46:28.751+0000] {logging_mixin.py:190} INFO - [2025-03-12T20:46:28.751+0000] {dag.py:3239} INFO - Sync 1 DAGs
[2025-03-12T20:46:28.763+0000] {logging_mixin.py:190} INFO - [2025-03-12T20:46:28.763+0000] {dag.py:3262} INFO - Creating ORM DAG for example_sla_dag
[2025-03-12T20:46:28.774+0000] {logging_mixin.py:190} INFO - [2025-03-12T20:46:28.774+0000] {dag.py:4180} INFO - Setting next_dagrun for example_sla_dag to 2025-03-12 20:44:00+00:00, run_after=2025-03-12 20:46:00+00:00
[2025-03-12T20:46:28.789+0000] {processor.py:208} INFO - Processing /home/airflow/.local/lib/python3.12/site-packages/airflow/example_dags/example_sla_dag.py took 0.185 seconds
[2025-03-12T20:46:59.127+0000] {processor.py:186} INFO - Started process (PID=167) to work on /home/airflow/.local/lib/python3.12/site-packages/airflow/example_dags/example_sla_dag.py
[2025-03-12T20:46:59.128+0000] {processor.py:914} INFO - Processing file /home/airflow/.local/lib/python3.12/site-packages/airflow/example_dags/example_sla_dag.py for tasks to queue
[2025-03-12T20:46:59.129+0000] {logging_mixin.py:190} INFO - [2025-03-12T20:46:59.129+0000] {dagbag.py:588} INFO - Filling up the DagBag from /home/airflow/.local/lib/python3.12/site-packages/airflow/example_dags/example_sla_dag.py
[2025-03-12T20:46:59.136+0000] {processor.py:925} INFO - DAG(s) 'example_sla_dag' retrieved from /home/airflow/.local/lib/python3.12/site-packages/airflow/example_dags/example_sla_dag.py
[2025-03-12T20:46:59.153+0000] {logging_mixin.py:190} INFO - [2025-03-12T20:46:59.153+0000] {dag.py:3239} INFO - Sync 1 DAGs
[2025-03-12T20:46:59.175+0000] {logging_mixin.py:190} INFO - [2025-03-12T20:46:59.175+0000] {dag.py:4180} INFO - Setting next_dagrun for example_sla_dag to 2025-03-12 20:44:00+00:00, run_after=2025-03-12 20:46:00+00:00
[2025-03-12T20:46:59.192+0000] {processor.py:208} INFO - Processing /home/airflow/.local/lib/python3.12/site-packages/airflow/example_dags/example_sla_dag.py took 0.069 seconds
[2025-03-12T20:47:29.642+0000] {processor.py:186} INFO - Started process (PID=229) to work on /home/airflow/.local/lib/python3.12/site-packages/airflow/example_dags/example_sla_dag.py
[2025-03-12T20:47:29.643+0000] {processor.py:914} INFO - Processing file /home/airflow/.local/lib/python3.12/site-packages/airflow/example_dags/example_sla_dag.py for tasks to queue
[2025-03-12T20:47:29.644+0000] {logging_mixin.py:190} INFO - [2025-03-12T20:47:29.644+0000] {dagbag.py:588} INFO - Filling up the DagBag from /home/airflow/.local/lib/python3.12/site-packages/airflow/example_dags/example_sla_dag.py
[2025-03-12T20:47:29.654+0000] {processor.py:925} INFO - DAG(s) 'example_sla_dag' retrieved from /home/airflow/.local/lib/python3.12/site-packages/airflow/example_dags/example_sla_dag.py
[2025-03-12T20:47:29.669+0000] {logging_mixin.py:190} INFO - [2025-03-12T20:47:29.669+0000] {dag.py:3239} INFO - Sync 1 DAGs
[2025-03-12T20:47:29.692+0000] {logging_mixin.py:190} INFO - [2025-03-12T20:47:29.691+0000] {dag.py:4180} INFO - Setting next_dagrun for example_sla_dag to 2025-03-12 20:44:00+00:00, run_after=2025-03-12 20:46:00+00:00
[2025-03-12T20:47:29.708+0000] {processor.py:208} INFO - Processing /home/airflow/.local/lib/python3.12/site-packages/airflow/example_dags/example_sla_dag.py took 0.072 seconds
[2025-03-12T20:48:00.799+0000] {processor.py:186} INFO - Started process (PID=294) to work on /home/airflow/.local/lib/python3.12/site-packages/airflow/example_dags/example_sla_dag.py
[2025-03-12T20:48:00.800+0000] {processor.py:914} INFO - Processing file /home/airflow/.local/lib/python3.12/site-packages/airflow/example_dags/example_sla_dag.py for tasks to queue
[2025-03-12T20:48:00.801+0000] {logging_mixin.py:190} INFO - [2025-03-12T20:48:00.801+0000] {dagbag.py:588} INFO - Filling up the DagBag from /home/airflow/.local/lib/python3.12/site-packages/airflow/example_dags/example_sla_dag.py
[2025-03-12T20:48:00.809+0000] {processor.py:925} INFO - DAG(s) 'example_sla_dag' retrieved from /home/airflow/.local/lib/python3.12/site-packages/airflow/example_dags/example_sla_dag.py
[2025-03-12T20:48:00.824+0000] {logging_mixin.py:190} INFO - [2025-03-12T20:48:00.824+0000] {dag.py:3239} INFO - Sync 1 DAGs
[2025-03-12T20:48:00.842+0000] {logging_mixin.py:190} INFO - [2025-03-12T20:48:00.841+0000] {dag.py:4180} INFO - Setting next_dagrun for example_sla_dag to 2025-03-12 20:46:00+00:00, run_after=2025-03-12 20:48:00+00:00
[2025-03-12T20:48:00.858+0000] {processor.py:208} INFO - Processing /home/airflow/.local/lib/python3.12/site-packages/airflow/example_dags/example_sla_dag.py took 0.063 seconds
[2025-03-12T20:48:31.693+0000] {processor.py:186} INFO - Started process (PID=357) to work on /home/airflow/.local/lib/python3.12/site-packages/airflow/example_dags/example_sla_dag.py
[2025-03-12T20:48:31.694+0000] {processor.py:914} INFO - Processing file /home/airflow/.local/lib/python3.12/site-packages/airflow/example_dags/example_sla_dag.py for tasks to queue
[2025-03-12T20:48:31.697+0000] {logging_mixin.py:190} INFO - [2025-03-12T20:48:31.697+0000] {dagbag.py:588} INFO - Filling up the DagBag from /home/airflow/.local/lib/python3.12/site-packages/airflow/example_dags/example_sla_dag.py
[2025-03-12T20:48:31.709+0000] {processor.py:925} INFO - DAG(s) 'example_sla_dag' retrieved from /home/airflow/.local/lib/python3.12/site-packages/airflow/example_dags/example_sla_dag.py
[2025-03-12T20:48:31.730+0000] {logging_mixin.py:190} INFO - [2025-03-12T20:48:31.730+0000] {dag.py:3239} INFO - Sync 1 DAGs
[2025-03-12T20:48:31.759+0000] {logging_mixin.py:190} INFO - [2025-03-12T20:48:31.759+0000] {dag.py:4180} INFO - Setting next_dagrun for example_sla_dag to 2025-03-12 20:46:00+00:00, run_after=2025-03-12 20:48:00+00:00
[2025-03-12T20:48:31.780+0000] {processor.py:208} INFO - Processing /home/airflow/.local/lib/python3.12/site-packages/airflow/example_dags/example_sla_dag.py took 0.094 seconds
[2025-03-12T20:49:02.120+0000] {processor.py:186} INFO - Started process (PID=420) to work on /home/airflow/.local/lib/python3.12/site-packages/airflow/example_dags/example_sla_dag.py
[2025-03-12T20:49:02.121+0000] {processor.py:914} INFO - Processing file /home/airflow/.local/lib/python3.12/site-packages/airflow/example_dags/example_sla_dag.py for tasks to queue
[2025-03-12T20:49:02.122+0000] {logging_mixin.py:190} INFO - [2025-03-12T20:49:02.122+0000] {dagbag.py:588} INFO - Filling up the DagBag from /home/airflow/.local/lib/python3.12/site-packages/airflow/example_dags/example_sla_dag.py
[2025-03-12T20:49:02.129+0000] {processor.py:925} INFO - DAG(s) 'example_sla_dag' retrieved from /home/airflow/.local/lib/python3.12/site-packages/airflow/example_dags/example_sla_dag.py
[2025-03-12T20:49:02.145+0000] {logging_mixin.py:190} INFO - [2025-03-12T20:49:02.145+0000] {dag.py:3239} INFO - Sync 1 DAGs
[2025-03-12T20:49:02.166+0000] {logging_mixin.py:190} INFO - [2025-03-12T20:49:02.166+0000] {dag.py:4180} INFO - Setting next_dagrun for example_sla_dag to 2025-03-12 20:46:00+00:00, run_after=2025-03-12 20:48:00+00:00
[2025-03-12T20:49:02.185+0000] {processor.py:208} INFO - Processing /home/airflow/.local/lib/python3.12/site-packages/airflow/example_dags/example_sla_dag.py took 0.069 seconds
[2025-03-12T20:49:32.951+0000] {processor.py:186} INFO - Started process (PID=483) to work on /home/airflow/.local/lib/python3.12/site-packages/airflow/example_dags/example_sla_dag.py
[2025-03-12T20:49:32.952+0000] {processor.py:914} INFO - Processing file /home/airflow/.local/lib/python3.12/site-packages/airflow/example_dags/example_sla_dag.py for tasks to queue
[2025-03-12T20:49:32.954+0000] {logging_mixin.py:190} INFO - [2025-03-12T20:49:32.953+0000] {dagbag.py:588} INFO - Filling up the DagBag from /home/airflow/.local/lib/python3.12/site-packages/airflow/example_dags/example_sla_dag.py
[2025-03-12T20:49:32.960+0000] {processor.py:925} INFO - DAG(s) 'example_sla_dag' retrieved from /home/airflow/.local/lib/python3.12/site-packages/airflow/example_dags/example_sla_dag.py
[2025-03-12T20:49:32.980+0000] {logging_mixin.py:190} INFO - [2025-03-12T20:49:32.979+0000] {dag.py:3239} INFO - Sync 1 DAGs
[2025-03-12T20:49:33.000+0000] {logging_mixin.py:190} INFO - [2025-03-12T20:49:33.000+0000] {dag.py:4180} INFO - Setting next_dagrun for example_sla_dag to 2025-03-12 20:46:00+00:00, run_after=2025-03-12 20:48:00+00:00
[2025-03-12T20:49:33.016+0000] {processor.py:208} INFO - Processing /home/airflow/.local/lib/python3.12/site-packages/airflow/example_dags/example_sla_dag.py took 0.069 seconds
[2025-03-12T20:50:03.262+0000] {processor.py:186} INFO - Started process (PID=546) to work on /home/airflow/.local/lib/python3.12/site-packages/airflow/example_dags/example_sla_dag.py
[2025-03-12T20:50:03.263+0000] {processor.py:914} INFO - Processing file /home/airflow/.local/lib/python3.12/site-packages/airflow/example_dags/example_sla_dag.py for tasks to queue
[2025-03-12T20:50:03.264+0000] {logging_mixin.py:190} INFO - [2025-03-12T20:50:03.264+0000] {dagbag.py:588} INFO - Filling up the DagBag from /home/airflow/.local/lib/python3.12/site-packages/airflow/example_dags/example_sla_dag.py
[2025-03-12T20:50:03.273+0000] {processor.py:925} INFO - DAG(s) 'example_sla_dag' retrieved from /home/airflow/.local/lib/python3.12/site-packages/airflow/example_dags/example_sla_dag.py
[2025-03-12T20:50:03.290+0000] {logging_mixin.py:190} INFO - [2025-03-12T20:50:03.289+0000] {dag.py:3239} INFO - Sync 1 DAGs
[2025-03-12T20:50:03.310+0000] {logging_mixin.py:190} INFO - [2025-03-12T20:50:03.310+0000] {dag.py:4180} INFO - Setting next_dagrun for example_sla_dag to 2025-03-12 20:48:00+00:00, run_after=2025-03-12 20:50:00+00:00
[2025-03-12T20:50:03.326+0000] {processor.py:208} INFO - Processing /home/airflow/.local/lib/python3.12/site-packages/airflow/example_dags/example_sla_dag.py took 0.068 seconds
[2025-03-12T20:50:33.927+0000] {processor.py:186} INFO - Started process (PID=609) to work on /home/airflow/.local/lib/python3.12/site-packages/airflow/example_dags/example_sla_dag.py
[2025-03-12T20:50:33.928+0000] {processor.py:914} INFO - Processing file /home/airflow/.local/lib/python3.12/site-packages/airflow/example_dags/example_sla_dag.py for tasks to queue
[2025-03-12T20:50:33.930+0000] {logging_mixin.py:190} INFO - [2025-03-12T20:50:33.929+0000] {dagbag.py:588} INFO - Filling up the DagBag from /home/airflow/.local/lib/python3.12/site-packages/airflow/example_dags/example_sla_dag.py
[2025-03-12T20:50:33.941+0000] {processor.py:925} INFO - DAG(s) 'example_sla_dag' retrieved from /home/airflow/.local/lib/python3.12/site-packages/airflow/example_dags/example_sla_dag.py
[2025-03-12T20:50:33.959+0000] {logging_mixin.py:190} INFO - [2025-03-12T20:50:33.959+0000] {dag.py:3239} INFO - Sync 1 DAGs
[2025-03-12T20:50:33.982+0000] {logging_mixin.py:190} INFO - [2025-03-12T20:50:33.982+0000] {dag.py:4180} INFO - Setting next_dagrun for example_sla_dag to 2025-03-12 20:48:00+00:00, run_after=2025-03-12 20:50:00+00:00
[2025-03-12T20:50:33.998+0000] {processor.py:208} INFO - Processing /home/airflow/.local/lib/python3.12/site-packages/airflow/example_dags/example_sla_dag.py took 0.077 seconds
[2025-03-12T20:51:04.286+0000] {processor.py:186} INFO - Started process (PID=672) to work on /home/airflow/.local/lib/python3.12/site-packages/airflow/example_dags/example_sla_dag.py
[2025-03-12T20:51:04.287+0000] {processor.py:914} INFO - Processing file /home/airflow/.local/lib/python3.12/site-packages/airflow/example_dags/example_sla_dag.py for tasks to queue
[2025-03-12T20:51:04.288+0000] {logging_mixin.py:190} INFO - [2025-03-12T20:51:04.288+0000] {dagbag.py:588} INFO - Filling up the DagBag from /home/airflow/.local/lib/python3.12/site-packages/airflow/example_dags/example_sla_dag.py
[2025-03-12T20:51:04.296+0000] {processor.py:925} INFO - DAG(s) 'example_sla_dag' retrieved from /home/airflow/.local/lib/python3.12/site-packages/airflow/example_dags/example_sla_dag.py
[2025-03-12T20:51:04.311+0000] {logging_mixin.py:190} INFO - [2025-03-12T20:51:04.311+0000] {dag.py:3239} INFO - Sync 1 DAGs
[2025-03-12T20:51:04.328+0000] {logging_mixin.py:190} INFO - [2025-03-12T20:51:04.328+0000] {dag.py:4180} INFO - Setting next_dagrun for example_sla_dag to 2025-03-12 20:48:00+00:00, run_after=2025-03-12 20:50:00+00:00
[2025-03-12T20:51:04.342+0000] {processor.py:208} INFO - Processing /home/airflow/.local/lib/python3.12/site-packages/airflow/example_dags/example_sla_dag.py took 0.060 seconds
[2025-03-12T20:51:34.618+0000] {processor.py:186} INFO - Started process (PID=734) to work on /home/airflow/.local/lib/python3.12/site-packages/airflow/example_dags/example_sla_dag.py
[2025-03-12T20:51:34.620+0000] {processor.py:914} INFO - Processing file /home/airflow/.local/lib/python3.12/site-packages/airflow/example_dags/example_sla_dag.py for tasks to queue
[2025-03-12T20:51:34.621+0000] {logging_mixin.py:190} INFO - [2025-03-12T20:51:34.621+0000] {dagbag.py:588} INFO - Filling up the DagBag from /home/airflow/.local/lib/python3.12/site-packages/airflow/example_dags/example_sla_dag.py
[2025-03-12T20:51:34.630+0000] {processor.py:925} INFO - DAG(s) 'example_sla_dag' retrieved from /home/airflow/.local/lib/python3.12/site-packages/airflow/example_dags/example_sla_dag.py
[2025-03-12T20:51:34.649+0000] {logging_mixin.py:190} INFO - [2025-03-12T20:51:34.648+0000] {dag.py:3239} INFO - Sync 1 DAGs
[2025-03-12T20:51:34.671+0000] {logging_mixin.py:190} INFO - [2025-03-12T20:51:34.671+0000] {dag.py:4180} INFO - Setting next_dagrun for example_sla_dag to 2025-03-12 20:48:00+00:00, run_after=2025-03-12 20:50:00+00:00
[2025-03-12T20:51:34.689+0000] {processor.py:208} INFO - Processing /home/airflow/.local/lib/python3.12/site-packages/airflow/example_dags/example_sla_dag.py took 0.076 seconds
[2025-03-12T20:52:05.815+0000] {processor.py:186} INFO - Started process (PID=798) to work on /home/airflow/.local/lib/python3.12/site-packages/airflow/example_dags/example_sla_dag.py
[2025-03-12T20:52:05.816+0000] {processor.py:914} INFO - Processing file /home/airflow/.local/lib/python3.12/site-packages/airflow/example_dags/example_sla_dag.py for tasks to queue
[2025-03-12T20:52:05.817+0000] {logging_mixin.py:190} INFO - [2025-03-12T20:52:05.817+0000] {dagbag.py:588} INFO - Filling up the DagBag from /home/airflow/.local/lib/python3.12/site-packages/airflow/example_dags/example_sla_dag.py
[2025-03-12T20:52:05.823+0000] {processor.py:925} INFO - DAG(s) 'example_sla_dag' retrieved from /home/airflow/.local/lib/python3.12/site-packages/airflow/example_dags/example_sla_dag.py
[2025-03-12T20:52:05.836+0000] {logging_mixin.py:190} INFO - [2025-03-12T20:52:05.836+0000] {dag.py:3239} INFO - Sync 1 DAGs
[2025-03-12T20:52:05.851+0000] {logging_mixin.py:190} INFO - [2025-03-12T20:52:05.851+0000] {dag.py:4180} INFO - Setting next_dagrun for example_sla_dag to 2025-03-12 20:50:00+00:00, run_after=2025-03-12 20:52:00+00:00
[2025-03-12T20:52:05.861+0000] {processor.py:208} INFO - Processing /home/airflow/.local/lib/python3.12/site-packages/airflow/example_dags/example_sla_dag.py took 0.050 seconds
[2025-03-12T20:52:36.529+0000] {processor.py:186} INFO - Started process (PID=861) to work on /home/airflow/.local/lib/python3.12/site-packages/airflow/example_dags/example_sla_dag.py
[2025-03-12T20:52:36.530+0000] {processor.py:914} INFO - Processing file /home/airflow/.local/lib/python3.12/site-packages/airflow/example_dags/example_sla_dag.py for tasks to queue
[2025-03-12T20:52:36.532+0000] {logging_mixin.py:190} INFO - [2025-03-12T20:52:36.532+0000] {dagbag.py:588} INFO - Filling up the DagBag from /home/airflow/.local/lib/python3.12/site-packages/airflow/example_dags/example_sla_dag.py
[2025-03-12T20:52:36.540+0000] {processor.py:925} INFO - DAG(s) 'example_sla_dag' retrieved from /home/airflow/.local/lib/python3.12/site-packages/airflow/example_dags/example_sla_dag.py
[2025-03-12T20:52:36.555+0000] {logging_mixin.py:190} INFO - [2025-03-12T20:52:36.555+0000] {dag.py:3239} INFO - Sync 1 DAGs
[2025-03-12T20:52:36.577+0000] {logging_mixin.py:190} INFO - [2025-03-12T20:52:36.577+0000] {dag.py:4180} INFO - Setting next_dagrun for example_sla_dag to 2025-03-12 20:50:00+00:00, run_after=2025-03-12 20:52:00+00:00
[2025-03-12T20:52:36.598+0000] {processor.py:208} INFO - Processing /home/airflow/.local/lib/python3.12/site-packages/airflow/example_dags/example_sla_dag.py took 0.074 seconds
[2025-03-12T20:53:07.283+0000] {processor.py:186} INFO - Started process (PID=924) to work on /home/airflow/.local/lib/python3.12/site-packages/airflow/example_dags/example_sla_dag.py
[2025-03-12T20:53:07.284+0000] {processor.py:914} INFO - Processing file /home/airflow/.local/lib/python3.12/site-packages/airflow/example_dags/example_sla_dag.py for tasks to queue
[2025-03-12T20:53:07.286+0000] {logging_mixin.py:190} INFO - [2025-03-12T20:53:07.286+0000] {dagbag.py:588} INFO - Filling up the DagBag from /home/airflow/.local/lib/python3.12/site-packages/airflow/example_dags/example_sla_dag.py
[2025-03-12T20:53:07.295+0000] {processor.py:925} INFO - DAG(s) 'example_sla_dag' retrieved from /home/airflow/.local/lib/python3.12/site-packages/airflow/example_dags/example_sla_dag.py
[2025-03-12T20:53:07.314+0000] {logging_mixin.py:190} INFO - [2025-03-12T20:53:07.314+0000] {dag.py:3239} INFO - Sync 1 DAGs
[2025-03-12T20:53:07.336+0000] {logging_mixin.py:190} INFO - [2025-03-12T20:53:07.336+0000] {dag.py:4180} INFO - Setting next_dagrun for example_sla_dag to 2025-03-12 20:50:00+00:00, run_after=2025-03-12 20:52:00+00:00
[2025-03-12T20:53:07.356+0000] {processor.py:208} INFO - Processing /home/airflow/.local/lib/python3.12/site-packages/airflow/example_dags/example_sla_dag.py took 0.078 seconds
[2025-03-12T20:53:38.076+0000] {processor.py:186} INFO - Started process (PID=987) to work on /home/airflow/.local/lib/python3.12/site-packages/airflow/example_dags/example_sla_dag.py
[2025-03-12T20:53:38.077+0000] {processor.py:914} INFO - Processing file /home/airflow/.local/lib/python3.12/site-packages/airflow/example_dags/example_sla_dag.py for tasks to queue
[2025-03-12T20:53:38.079+0000] {logging_mixin.py:190} INFO - [2025-03-12T20:53:38.079+0000] {dagbag.py:588} INFO - Filling up the DagBag from /home/airflow/.local/lib/python3.12/site-packages/airflow/example_dags/example_sla_dag.py
[2025-03-12T20:53:38.089+0000] {processor.py:925} INFO - DAG(s) 'example_sla_dag' retrieved from /home/airflow/.local/lib/python3.12/site-packages/airflow/example_dags/example_sla_dag.py
[2025-03-12T20:53:38.111+0000] {logging_mixin.py:190} INFO - [2025-03-12T20:53:38.110+0000] {dag.py:3239} INFO - Sync 1 DAGs
[2025-03-12T20:53:38.150+0000] {logging_mixin.py:190} INFO - [2025-03-12T20:53:38.150+0000] {dag.py:4180} INFO - Setting next_dagrun for example_sla_dag to 2025-03-12 20:50:00+00:00, run_after=2025-03-12 20:52:00+00:00
[2025-03-12T20:53:38.174+0000] {processor.py:208} INFO - Processing /home/airflow/.local/lib/python3.12/site-packages/airflow/example_dags/example_sla_dag.py took 0.104 seconds
[2025-03-12T20:54:08.261+0000] {processor.py:186} INFO - Started process (PID=1049) to work on /home/airflow/.local/lib/python3.12/site-packages/airflow/example_dags/example_sla_dag.py
[2025-03-12T20:54:08.262+0000] {processor.py:914} INFO - Processing file /home/airflow/.local/lib/python3.12/site-packages/airflow/example_dags/example_sla_dag.py for tasks to queue
[2025-03-12T20:54:08.264+0000] {logging_mixin.py:190} INFO - [2025-03-12T20:54:08.264+0000] {dagbag.py:588} INFO - Filling up the DagBag from /home/airflow/.local/lib/python3.12/site-packages/airflow/example_dags/example_sla_dag.py
[2025-03-12T20:54:08.271+0000] {processor.py:925} INFO - DAG(s) 'example_sla_dag' retrieved from /home/airflow/.local/lib/python3.12/site-packages/airflow/example_dags/example_sla_dag.py
[2025-03-12T20:54:08.289+0000] {logging_mixin.py:190} INFO - [2025-03-12T20:54:08.289+0000] {dag.py:3239} INFO - Sync 1 DAGs
[2025-03-12T20:54:08.312+0000] {logging_mixin.py:190} INFO - [2025-03-12T20:54:08.312+0000] {dag.py:4180} INFO - Setting next_dagrun for example_sla_dag to 2025-03-12 20:52:00+00:00, run_after=2025-03-12 20:54:00+00:00
[2025-03-12T20:54:08.330+0000] {processor.py:208} INFO - Processing /home/airflow/.local/lib/python3.12/site-packages/airflow/example_dags/example_sla_dag.py took 0.074 seconds
[2025-03-12T20:54:39.352+0000] {processor.py:186} INFO - Started process (PID=1113) to work on /home/airflow/.local/lib/python3.12/site-packages/airflow/example_dags/example_sla_dag.py
[2025-03-12T20:54:39.353+0000] {processor.py:914} INFO - Processing file /home/airflow/.local/lib/python3.12/site-packages/airflow/example_dags/example_sla_dag.py for tasks to queue
[2025-03-12T20:54:39.355+0000] {logging_mixin.py:190} INFO - [2025-03-12T20:54:39.355+0000] {dagbag.py:588} INFO - Filling up the DagBag from /home/airflow/.local/lib/python3.12/site-packages/airflow/example_dags/example_sla_dag.py
[2025-03-12T20:54:39.365+0000] {processor.py:925} INFO - DAG(s) 'example_sla_dag' retrieved from /home/airflow/.local/lib/python3.12/site-packages/airflow/example_dags/example_sla_dag.py
[2025-03-12T20:54:39.392+0000] {logging_mixin.py:190} INFO - [2025-03-12T20:54:39.391+0000] {dag.py:3239} INFO - Sync 1 DAGs
[2025-03-12T20:54:39.424+0000] {logging_mixin.py:190} INFO - [2025-03-12T20:54:39.424+0000] {dag.py:4180} INFO - Setting next_dagrun for example_sla_dag to 2025-03-12 20:52:00+00:00, run_after=2025-03-12 20:54:00+00:00
[2025-03-12T20:54:39.447+0000] {processor.py:208} INFO - Processing /home/airflow/.local/lib/python3.12/site-packages/airflow/example_dags/example_sla_dag.py took 0.100 seconds
[2025-03-12T20:55:10.081+0000] {processor.py:186} INFO - Started process (PID=1176) to work on /home/airflow/.local/lib/python3.12/site-packages/airflow/example_dags/example_sla_dag.py
[2025-03-12T20:55:10.082+0000] {processor.py:914} INFO - Processing file /home/airflow/.local/lib/python3.12/site-packages/airflow/example_dags/example_sla_dag.py for tasks to queue
[2025-03-12T20:55:10.083+0000] {logging_mixin.py:190} INFO - [2025-03-12T20:55:10.083+0000] {dagbag.py:588} INFO - Filling up the DagBag from /home/airflow/.local/lib/python3.12/site-packages/airflow/example_dags/example_sla_dag.py
[2025-03-12T20:55:10.089+0000] {processor.py:925} INFO - DAG(s) 'example_sla_dag' retrieved from /home/airflow/.local/lib/python3.12/site-packages/airflow/example_dags/example_sla_dag.py
[2025-03-12T20:55:10.107+0000] {logging_mixin.py:190} INFO - [2025-03-12T20:55:10.107+0000] {dag.py:3239} INFO - Sync 1 DAGs
[2025-03-12T20:55:10.129+0000] {logging_mixin.py:190} INFO - [2025-03-12T20:55:10.128+0000] {dag.py:4180} INFO - Setting next_dagrun for example_sla_dag to 2025-03-12 20:52:00+00:00, run_after=2025-03-12 20:54:00+00:00
[2025-03-12T20:55:10.145+0000] {processor.py:208} INFO - Processing /home/airflow/.local/lib/python3.12/site-packages/airflow/example_dags/example_sla_dag.py took 0.069 seconds
[2025-03-12T20:55:40.426+0000] {processor.py:186} INFO - Started process (PID=1238) to work on /home/airflow/.local/lib/python3.12/site-packages/airflow/example_dags/example_sla_dag.py
[2025-03-12T20:55:40.427+0000] {processor.py:914} INFO - Processing file /home/airflow/.local/lib/python3.12/site-packages/airflow/example_dags/example_sla_dag.py for tasks to queue
[2025-03-12T20:55:40.429+0000] {logging_mixin.py:190} INFO - [2025-03-12T20:55:40.428+0000] {dagbag.py:588} INFO - Filling up the DagBag from /home/airflow/.local/lib/python3.12/site-packages/airflow/example_dags/example_sla_dag.py
[2025-03-12T20:55:40.439+0000] {processor.py:925} INFO - DAG(s) 'example_sla_dag' retrieved from /home/airflow/.local/lib/python3.12/site-packages/airflow/example_dags/example_sla_dag.py
[2025-03-12T20:55:40.458+0000] {logging_mixin.py:190} INFO - [2025-03-12T20:55:40.457+0000] {dag.py:3239} INFO - Sync 1 DAGs
[2025-03-12T20:55:40.482+0000] {logging_mixin.py:190} INFO - [2025-03-12T20:55:40.482+0000] {dag.py:4180} INFO - Setting next_dagrun for example_sla_dag to 2025-03-12 20:52:00+00:00, run_after=2025-03-12 20:54:00+00:00
[2025-03-12T20:55:40.502+0000] {processor.py:208} INFO - Processing /home/airflow/.local/lib/python3.12/site-packages/airflow/example_dags/example_sla_dag.py took 0.082 seconds
[2025-03-12T20:56:10.754+0000] {processor.py:186} INFO - Started process (PID=1301) to work on /home/airflow/.local/lib/python3.12/site-packages/airflow/example_dags/example_sla_dag.py
[2025-03-12T20:56:10.755+0000] {processor.py:914} INFO - Processing file /home/airflow/.local/lib/python3.12/site-packages/airflow/example_dags/example_sla_dag.py for tasks to queue
[2025-03-12T20:56:10.756+0000] {logging_mixin.py:190} INFO - [2025-03-12T20:56:10.756+0000] {dagbag.py:588} INFO - Filling up the DagBag from /home/airflow/.local/lib/python3.12/site-packages/airflow/example_dags/example_sla_dag.py
[2025-03-12T20:56:10.762+0000] {processor.py:925} INFO - DAG(s) 'example_sla_dag' retrieved from /home/airflow/.local/lib/python3.12/site-packages/airflow/example_dags/example_sla_dag.py
[2025-03-12T20:56:10.779+0000] {logging_mixin.py:190} INFO - [2025-03-12T20:56:10.779+0000] {dag.py:3239} INFO - Sync 1 DAGs
[2025-03-12T20:56:10.801+0000] {logging_mixin.py:190} INFO - [2025-03-12T20:56:10.801+0000] {dag.py:4180} INFO - Setting next_dagrun for example_sla_dag to 2025-03-12 20:54:00+00:00, run_after=2025-03-12 20:56:00+00:00
[2025-03-12T20:56:10.817+0000] {processor.py:208} INFO - Processing /home/airflow/.local/lib/python3.12/site-packages/airflow/example_dags/example_sla_dag.py took 0.066 seconds
[2025-03-12T20:56:41.542+0000] {processor.py:186} INFO - Started process (PID=1363) to work on /home/airflow/.local/lib/python3.12/site-packages/airflow/example_dags/example_sla_dag.py
[2025-03-12T20:56:41.543+0000] {processor.py:914} INFO - Processing file /home/airflow/.local/lib/python3.12/site-packages/airflow/example_dags/example_sla_dag.py for tasks to queue
[2025-03-12T20:56:41.545+0000] {logging_mixin.py:190} INFO - [2025-03-12T20:56:41.544+0000] {dagbag.py:588} INFO - Filling up the DagBag from /home/airflow/.local/lib/python3.12/site-packages/airflow/example_dags/example_sla_dag.py
[2025-03-12T20:56:41.554+0000] {processor.py:925} INFO - DAG(s) 'example_sla_dag' retrieved from /home/airflow/.local/lib/python3.12/site-packages/airflow/example_dags/example_sla_dag.py
[2025-03-12T20:56:41.574+0000] {logging_mixin.py:190} INFO - [2025-03-12T20:56:41.574+0000] {dag.py:3239} INFO - Sync 1 DAGs
[2025-03-12T20:56:41.598+0000] {logging_mixin.py:190} INFO - [2025-03-12T20:56:41.597+0000] {dag.py:4180} INFO - Setting next_dagrun for example_sla_dag to 2025-03-12 20:54:00+00:00, run_after=2025-03-12 20:56:00+00:00
[2025-03-12T20:56:41.618+0000] {processor.py:208} INFO - Processing /home/airflow/.local/lib/python3.12/site-packages/airflow/example_dags/example_sla_dag.py took 0.081 seconds
[2025-03-12T20:57:12.193+0000] {processor.py:186} INFO - Started process (PID=1427) to work on /home/airflow/.local/lib/python3.12/site-packages/airflow/example_dags/example_sla_dag.py
[2025-03-12T20:57:12.194+0000] {processor.py:914} INFO - Processing file /home/airflow/.local/lib/python3.12/site-packages/airflow/example_dags/example_sla_dag.py for tasks to queue
[2025-03-12T20:57:12.195+0000] {logging_mixin.py:190} INFO - [2025-03-12T20:57:12.195+0000] {dagbag.py:588} INFO - Filling up the DagBag from /home/airflow/.local/lib/python3.12/site-packages/airflow/example_dags/example_sla_dag.py
[2025-03-12T20:57:12.200+0000] {processor.py:925} INFO - DAG(s) 'example_sla_dag' retrieved from /home/airflow/.local/lib/python3.12/site-packages/airflow/example_dags/example_sla_dag.py
[2025-03-12T20:57:12.216+0000] {logging_mixin.py:190} INFO - [2025-03-12T20:57:12.215+0000] {dag.py:3239} INFO - Sync 1 DAGs
[2025-03-12T20:57:12.235+0000] {logging_mixin.py:190} INFO - [2025-03-12T20:57:12.235+0000] {dag.py:4180} INFO - Setting next_dagrun for example_sla_dag to 2025-03-12 20:54:00+00:00, run_after=2025-03-12 20:56:00+00:00
[2025-03-12T20:57:12.249+0000] {processor.py:208} INFO - Processing /home/airflow/.local/lib/python3.12/site-packages/airflow/example_dags/example_sla_dag.py took 0.060 seconds
[2025-03-12T20:57:42.948+0000] {processor.py:186} INFO - Started process (PID=1490) to work on /home/airflow/.local/lib/python3.12/site-packages/airflow/example_dags/example_sla_dag.py
[2025-03-12T20:57:42.949+0000] {processor.py:914} INFO - Processing file /home/airflow/.local/lib/python3.12/site-packages/airflow/example_dags/example_sla_dag.py for tasks to queue
[2025-03-12T20:57:42.951+0000] {logging_mixin.py:190} INFO - [2025-03-12T20:57:42.950+0000] {dagbag.py:588} INFO - Filling up the DagBag from /home/airflow/.local/lib/python3.12/site-packages/airflow/example_dags/example_sla_dag.py
[2025-03-12T20:57:42.963+0000] {processor.py:925} INFO - DAG(s) 'example_sla_dag' retrieved from /home/airflow/.local/lib/python3.12/site-packages/airflow/example_dags/example_sla_dag.py
[2025-03-12T20:57:42.988+0000] {logging_mixin.py:190} INFO - [2025-03-12T20:57:42.988+0000] {dag.py:3239} INFO - Sync 1 DAGs
[2025-03-12T20:57:43.022+0000] {logging_mixin.py:190} INFO - [2025-03-12T20:57:43.022+0000] {dag.py:4180} INFO - Setting next_dagrun for example_sla_dag to 2025-03-12 20:54:00+00:00, run_after=2025-03-12 20:56:00+00:00
[2025-03-12T20:57:43.049+0000] {processor.py:208} INFO - Processing /home/airflow/.local/lib/python3.12/site-packages/airflow/example_dags/example_sla_dag.py took 0.108 seconds
[2025-03-12T20:58:14.345+0000] {processor.py:186} INFO - Started process (PID=1553) to work on /home/airflow/.local/lib/python3.12/site-packages/airflow/example_dags/example_sla_dag.py
[2025-03-12T20:58:14.346+0000] {processor.py:914} INFO - Processing file /home/airflow/.local/lib/python3.12/site-packages/airflow/example_dags/example_sla_dag.py for tasks to queue
[2025-03-12T20:58:14.347+0000] {logging_mixin.py:190} INFO - [2025-03-12T20:58:14.347+0000] {dagbag.py:588} INFO - Filling up the DagBag from /home/airflow/.local/lib/python3.12/site-packages/airflow/example_dags/example_sla_dag.py
[2025-03-12T20:58:14.353+0000] {processor.py:925} INFO - DAG(s) 'example_sla_dag' retrieved from /home/airflow/.local/lib/python3.12/site-packages/airflow/example_dags/example_sla_dag.py
[2025-03-12T20:58:14.368+0000] {logging_mixin.py:190} INFO - [2025-03-12T20:58:14.368+0000] {dag.py:3239} INFO - Sync 1 DAGs
[2025-03-12T20:58:14.393+0000] {logging_mixin.py:190} INFO - [2025-03-12T20:58:14.393+0000] {dag.py:4180} INFO - Setting next_dagrun for example_sla_dag to 2025-03-12 20:56:00+00:00, run_after=2025-03-12 20:58:00+00:00
[2025-03-12T20:58:14.410+0000] {processor.py:208} INFO - Processing /home/airflow/.local/lib/python3.12/site-packages/airflow/example_dags/example_sla_dag.py took 0.070 seconds
[2025-03-12T20:58:45.119+0000] {processor.py:186} INFO - Started process (PID=1616) to work on /home/airflow/.local/lib/python3.12/site-packages/airflow/example_dags/example_sla_dag.py
[2025-03-12T20:58:45.120+0000] {processor.py:914} INFO - Processing file /home/airflow/.local/lib/python3.12/site-packages/airflow/example_dags/example_sla_dag.py for tasks to queue
[2025-03-12T20:58:45.121+0000] {logging_mixin.py:190} INFO - [2025-03-12T20:58:45.121+0000] {dagbag.py:588} INFO - Filling up the DagBag from /home/airflow/.local/lib/python3.12/site-packages/airflow/example_dags/example_sla_dag.py
[2025-03-12T20:58:45.128+0000] {processor.py:925} INFO - DAG(s) 'example_sla_dag' retrieved from /home/airflow/.local/lib/python3.12/site-packages/airflow/example_dags/example_sla_dag.py
[2025-03-12T20:58:45.145+0000] {logging_mixin.py:190} INFO - [2025-03-12T20:58:45.145+0000] {dag.py:3239} INFO - Sync 1 DAGs
[2025-03-12T20:58:45.170+0000] {logging_mixin.py:190} INFO - [2025-03-12T20:58:45.169+0000] {dag.py:4180} INFO - Setting next_dagrun for example_sla_dag to 2025-03-12 20:56:00+00:00, run_after=2025-03-12 20:58:00+00:00
[2025-03-12T20:58:45.187+0000] {processor.py:208} INFO - Processing /home/airflow/.local/lib/python3.12/site-packages/airflow/example_dags/example_sla_dag.py took 0.072 seconds
[2025-03-12T20:59:16.049+0000] {processor.py:186} INFO - Started process (PID=1679) to work on /home/airflow/.local/lib/python3.12/site-packages/airflow/example_dags/example_sla_dag.py
[2025-03-12T20:59:16.050+0000] {processor.py:914} INFO - Processing file /home/airflow/.local/lib/python3.12/site-packages/airflow/example_dags/example_sla_dag.py for tasks to queue
[2025-03-12T20:59:16.051+0000] {logging_mixin.py:190} INFO - [2025-03-12T20:59:16.051+0000] {dagbag.py:588} INFO - Filling up the DagBag from /home/airflow/.local/lib/python3.12/site-packages/airflow/example_dags/example_sla_dag.py
[2025-03-12T20:59:16.058+0000] {processor.py:925} INFO - DAG(s) 'example_sla_dag' retrieved from /home/airflow/.local/lib/python3.12/site-packages/airflow/example_dags/example_sla_dag.py
[2025-03-12T20:59:16.077+0000] {logging_mixin.py:190} INFO - [2025-03-12T20:59:16.077+0000] {dag.py:3239} INFO - Sync 1 DAGs
[2025-03-12T20:59:16.099+0000] {logging_mixin.py:190} INFO - [2025-03-12T20:59:16.099+0000] {dag.py:4180} INFO - Setting next_dagrun for example_sla_dag to 2025-03-12 20:56:00+00:00, run_after=2025-03-12 20:58:00+00:00
[2025-03-12T20:59:16.115+0000] {processor.py:208} INFO - Processing /home/airflow/.local/lib/python3.12/site-packages/airflow/example_dags/example_sla_dag.py took 0.070 seconds
[2025-03-12T20:59:46.447+0000] {processor.py:186} INFO - Started process (PID=1742) to work on /home/airflow/.local/lib/python3.12/site-packages/airflow/example_dags/example_sla_dag.py
[2025-03-12T20:59:46.449+0000] {processor.py:914} INFO - Processing file /home/airflow/.local/lib/python3.12/site-packages/airflow/example_dags/example_sla_dag.py for tasks to queue
[2025-03-12T20:59:46.450+0000] {logging_mixin.py:190} INFO - [2025-03-12T20:59:46.450+0000] {dagbag.py:588} INFO - Filling up the DagBag from /home/airflow/.local/lib/python3.12/site-packages/airflow/example_dags/example_sla_dag.py
[2025-03-12T20:59:46.457+0000] {processor.py:925} INFO - DAG(s) 'example_sla_dag' retrieved from /home/airflow/.local/lib/python3.12/site-packages/airflow/example_dags/example_sla_dag.py
[2025-03-12T20:59:46.472+0000] {logging_mixin.py:190} INFO - [2025-03-12T20:59:46.471+0000] {dag.py:3239} INFO - Sync 1 DAGs
[2025-03-12T20:59:46.489+0000] {logging_mixin.py:190} INFO - [2025-03-12T20:59:46.489+0000] {dag.py:4180} INFO - Setting next_dagrun for example_sla_dag to 2025-03-12 20:56:00+00:00, run_after=2025-03-12 20:58:00+00:00
[2025-03-12T20:59:46.502+0000] {processor.py:208} INFO - Processing /home/airflow/.local/lib/python3.12/site-packages/airflow/example_dags/example_sla_dag.py took 0.059 seconds
[2025-03-12T21:00:17.220+0000] {processor.py:186} INFO - Started process (PID=1805) to work on /home/airflow/.local/lib/python3.12/site-packages/airflow/example_dags/example_sla_dag.py
[2025-03-12T21:00:17.220+0000] {processor.py:914} INFO - Processing file /home/airflow/.local/lib/python3.12/site-packages/airflow/example_dags/example_sla_dag.py for tasks to queue
[2025-03-12T21:00:17.222+0000] {logging_mixin.py:190} INFO - [2025-03-12T21:00:17.222+0000] {dagbag.py:588} INFO - Filling up the DagBag from /home/airflow/.local/lib/python3.12/site-packages/airflow/example_dags/example_sla_dag.py
[2025-03-12T21:00:17.229+0000] {processor.py:925} INFO - DAG(s) 'example_sla_dag' retrieved from /home/airflow/.local/lib/python3.12/site-packages/airflow/example_dags/example_sla_dag.py
[2025-03-12T21:00:17.247+0000] {logging_mixin.py:190} INFO - [2025-03-12T21:00:17.247+0000] {dag.py:3239} INFO - Sync 1 DAGs
[2025-03-12T21:00:17.272+0000] {logging_mixin.py:190} INFO - [2025-03-12T21:00:17.272+0000] {dag.py:4180} INFO - Setting next_dagrun for example_sla_dag to 2025-03-12 20:58:00+00:00, run_after=2025-03-12 21:00:00+00:00
[2025-03-12T21:00:17.296+0000] {processor.py:208} INFO - Processing /home/airflow/.local/lib/python3.12/site-packages/airflow/example_dags/example_sla_dag.py took 0.081 seconds
[2025-03-12T21:00:47.851+0000] {processor.py:186} INFO - Started process (PID=1868) to work on /home/airflow/.local/lib/python3.12/site-packages/airflow/example_dags/example_sla_dag.py
[2025-03-12T21:00:47.851+0000] {processor.py:914} INFO - Processing file /home/airflow/.local/lib/python3.12/site-packages/airflow/example_dags/example_sla_dag.py for tasks to queue
[2025-03-12T21:00:47.853+0000] {logging_mixin.py:190} INFO - [2025-03-12T21:00:47.852+0000] {dagbag.py:588} INFO - Filling up the DagBag from /home/airflow/.local/lib/python3.12/site-packages/airflow/example_dags/example_sla_dag.py
[2025-03-12T21:00:47.859+0000] {processor.py:925} INFO - DAG(s) 'example_sla_dag' retrieved from /home/airflow/.local/lib/python3.12/site-packages/airflow/example_dags/example_sla_dag.py
[2025-03-12T21:00:47.877+0000] {logging_mixin.py:190} INFO - [2025-03-12T21:00:47.876+0000] {dag.py:3239} INFO - Sync 1 DAGs
[2025-03-12T21:00:47.896+0000] {logging_mixin.py:190} INFO - [2025-03-12T21:00:47.895+0000] {dag.py:4180} INFO - Setting next_dagrun for example_sla_dag to 2025-03-12 20:58:00+00:00, run_after=2025-03-12 21:00:00+00:00
[2025-03-12T21:00:47.909+0000] {processor.py:208} INFO - Processing /home/airflow/.local/lib/python3.12/site-packages/airflow/example_dags/example_sla_dag.py took 0.062 seconds
[2025-03-12T21:01:18.820+0000] {processor.py:186} INFO - Started process (PID=1931) to work on /home/airflow/.local/lib/python3.12/site-packages/airflow/example_dags/example_sla_dag.py
[2025-03-12T21:01:18.821+0000] {processor.py:914} INFO - Processing file /home/airflow/.local/lib/python3.12/site-packages/airflow/example_dags/example_sla_dag.py for tasks to queue
[2025-03-12T21:01:18.822+0000] {logging_mixin.py:190} INFO - [2025-03-12T21:01:18.822+0000] {dagbag.py:588} INFO - Filling up the DagBag from /home/airflow/.local/lib/python3.12/site-packages/airflow/example_dags/example_sla_dag.py
[2025-03-12T21:01:18.829+0000] {processor.py:925} INFO - DAG(s) 'example_sla_dag' retrieved from /home/airflow/.local/lib/python3.12/site-packages/airflow/example_dags/example_sla_dag.py
[2025-03-12T21:01:18.849+0000] {logging_mixin.py:190} INFO - [2025-03-12T21:01:18.849+0000] {dag.py:3239} INFO - Sync 1 DAGs
[2025-03-12T21:01:18.879+0000] {logging_mixin.py:190} INFO - [2025-03-12T21:01:18.879+0000] {dag.py:4180} INFO - Setting next_dagrun for example_sla_dag to 2025-03-12 20:58:00+00:00, run_after=2025-03-12 21:00:00+00:00
[2025-03-12T21:01:18.900+0000] {processor.py:208} INFO - Processing /home/airflow/.local/lib/python3.12/site-packages/airflow/example_dags/example_sla_dag.py took 0.083 seconds
[2025-03-12T21:01:50.052+0000] {processor.py:186} INFO - Started process (PID=1994) to work on /home/airflow/.local/lib/python3.12/site-packages/airflow/example_dags/example_sla_dag.py
[2025-03-12T21:01:50.053+0000] {processor.py:914} INFO - Processing file /home/airflow/.local/lib/python3.12/site-packages/airflow/example_dags/example_sla_dag.py for tasks to queue
[2025-03-12T21:01:50.054+0000] {logging_mixin.py:190} INFO - [2025-03-12T21:01:50.054+0000] {dagbag.py:588} INFO - Filling up the DagBag from /home/airflow/.local/lib/python3.12/site-packages/airflow/example_dags/example_sla_dag.py
[2025-03-12T21:01:50.066+0000] {processor.py:925} INFO - DAG(s) 'example_sla_dag' retrieved from /home/airflow/.local/lib/python3.12/site-packages/airflow/example_dags/example_sla_dag.py
[2025-03-12T21:01:50.086+0000] {logging_mixin.py:190} INFO - [2025-03-12T21:01:50.086+0000] {dag.py:3239} INFO - Sync 1 DAGs
[2025-03-12T21:01:50.115+0000] {logging_mixin.py:190} INFO - [2025-03-12T21:01:50.114+0000] {dag.py:4180} INFO - Setting next_dagrun for example_sla_dag to 2025-03-12 20:58:00+00:00, run_after=2025-03-12 21:00:00+00:00
[2025-03-12T21:01:50.137+0000] {processor.py:208} INFO - Processing /home/airflow/.local/lib/python3.12/site-packages/airflow/example_dags/example_sla_dag.py took 0.091 seconds
[2025-03-12T21:02:20.888+0000] {processor.py:186} INFO - Started process (PID=2057) to work on /home/airflow/.local/lib/python3.12/site-packages/airflow/example_dags/example_sla_dag.py
[2025-03-12T21:02:20.889+0000] {processor.py:914} INFO - Processing file /home/airflow/.local/lib/python3.12/site-packages/airflow/example_dags/example_sla_dag.py for tasks to queue
[2025-03-12T21:02:20.891+0000] {logging_mixin.py:190} INFO - [2025-03-12T21:02:20.891+0000] {dagbag.py:588} INFO - Filling up the DagBag from /home/airflow/.local/lib/python3.12/site-packages/airflow/example_dags/example_sla_dag.py
[2025-03-12T21:02:20.900+0000] {processor.py:925} INFO - DAG(s) 'example_sla_dag' retrieved from /home/airflow/.local/lib/python3.12/site-packages/airflow/example_dags/example_sla_dag.py
[2025-03-12T21:02:20.918+0000] {logging_mixin.py:190} INFO - [2025-03-12T21:02:20.918+0000] {dag.py:3239} INFO - Sync 1 DAGs
[2025-03-12T21:02:20.941+0000] {logging_mixin.py:190} INFO - [2025-03-12T21:02:20.940+0000] {dag.py:4180} INFO - Setting next_dagrun for example_sla_dag to 2025-03-12 21:00:00+00:00, run_after=2025-03-12 21:02:00+00:00
[2025-03-12T21:02:20.960+0000] {processor.py:208} INFO - Processing /home/airflow/.local/lib/python3.12/site-packages/airflow/example_dags/example_sla_dag.py took 0.079 seconds
[2025-03-12T21:02:52.301+0000] {processor.py:186} INFO - Started process (PID=2120) to work on /home/airflow/.local/lib/python3.12/site-packages/airflow/example_dags/example_sla_dag.py
[2025-03-12T21:02:52.302+0000] {processor.py:914} INFO - Processing file /home/airflow/.local/lib/python3.12/site-packages/airflow/example_dags/example_sla_dag.py for tasks to queue
[2025-03-12T21:02:52.304+0000] {logging_mixin.py:190} INFO - [2025-03-12T21:02:52.304+0000] {dagbag.py:588} INFO - Filling up the DagBag from /home/airflow/.local/lib/python3.12/site-packages/airflow/example_dags/example_sla_dag.py
[2025-03-12T21:02:52.314+0000] {processor.py:925} INFO - DAG(s) 'example_sla_dag' retrieved from /home/airflow/.local/lib/python3.12/site-packages/airflow/example_dags/example_sla_dag.py
[2025-03-12T21:02:52.334+0000] {logging_mixin.py:190} INFO - [2025-03-12T21:02:52.334+0000] {dag.py:3239} INFO - Sync 1 DAGs
[2025-03-12T21:02:52.360+0000] {logging_mixin.py:190} INFO - [2025-03-12T21:02:52.359+0000] {dag.py:4180} INFO - Setting next_dagrun for example_sla_dag to 2025-03-12 21:00:00+00:00, run_after=2025-03-12 21:02:00+00:00
[2025-03-12T21:02:52.379+0000] {processor.py:208} INFO - Processing /home/airflow/.local/lib/python3.12/site-packages/airflow/example_dags/example_sla_dag.py took 0.086 seconds
[2025-03-12T21:03:22.699+0000] {processor.py:186} INFO - Started process (PID=2183) to work on /home/airflow/.local/lib/python3.12/site-packages/airflow/example_dags/example_sla_dag.py
[2025-03-12T21:03:22.701+0000] {processor.py:914} INFO - Processing file /home/airflow/.local/lib/python3.12/site-packages/airflow/example_dags/example_sla_dag.py for tasks to queue
[2025-03-12T21:03:22.702+0000] {logging_mixin.py:190} INFO - [2025-03-12T21:03:22.702+0000] {dagbag.py:588} INFO - Filling up the DagBag from /home/airflow/.local/lib/python3.12/site-packages/airflow/example_dags/example_sla_dag.py
[2025-03-12T21:03:22.709+0000] {processor.py:925} INFO - DAG(s) 'example_sla_dag' retrieved from /home/airflow/.local/lib/python3.12/site-packages/airflow/example_dags/example_sla_dag.py
[2025-03-12T21:03:22.724+0000] {logging_mixin.py:190} INFO - [2025-03-12T21:03:22.723+0000] {dag.py:3239} INFO - Sync 1 DAGs
[2025-03-12T21:03:22.748+0000] {logging_mixin.py:190} INFO - [2025-03-12T21:03:22.748+0000] {dag.py:4180} INFO - Setting next_dagrun for example_sla_dag to 2025-03-12 21:00:00+00:00, run_after=2025-03-12 21:02:00+00:00
[2025-03-12T21:03:22.765+0000] {processor.py:208} INFO - Processing /home/airflow/.local/lib/python3.12/site-packages/airflow/example_dags/example_sla_dag.py took 0.071 seconds
[2025-03-12T21:03:53.851+0000] {processor.py:186} INFO - Started process (PID=2246) to work on /home/airflow/.local/lib/python3.12/site-packages/airflow/example_dags/example_sla_dag.py
[2025-03-12T21:03:53.852+0000] {processor.py:914} INFO - Processing file /home/airflow/.local/lib/python3.12/site-packages/airflow/example_dags/example_sla_dag.py for tasks to queue
[2025-03-12T21:03:53.853+0000] {logging_mixin.py:190} INFO - [2025-03-12T21:03:53.853+0000] {dagbag.py:588} INFO - Filling up the DagBag from /home/airflow/.local/lib/python3.12/site-packages/airflow/example_dags/example_sla_dag.py
[2025-03-12T21:03:53.860+0000] {processor.py:925} INFO - DAG(s) 'example_sla_dag' retrieved from /home/airflow/.local/lib/python3.12/site-packages/airflow/example_dags/example_sla_dag.py
[2025-03-12T21:03:53.876+0000] {logging_mixin.py:190} INFO - [2025-03-12T21:03:53.876+0000] {dag.py:3239} INFO - Sync 1 DAGs
[2025-03-12T21:03:53.897+0000] {logging_mixin.py:190} INFO - [2025-03-12T21:03:53.897+0000] {dag.py:4180} INFO - Setting next_dagrun for example_sla_dag to 2025-03-12 21:00:00+00:00, run_after=2025-03-12 21:02:00+00:00
[2025-03-12T21:03:53.911+0000] {processor.py:208} INFO - Processing /home/airflow/.local/lib/python3.12/site-packages/airflow/example_dags/example_sla_dag.py took 0.065 seconds
[2025-03-12T21:04:24.448+0000] {processor.py:186} INFO - Started process (PID=2309) to work on /home/airflow/.local/lib/python3.12/site-packages/airflow/example_dags/example_sla_dag.py
[2025-03-12T21:04:24.448+0000] {processor.py:914} INFO - Processing file /home/airflow/.local/lib/python3.12/site-packages/airflow/example_dags/example_sla_dag.py for tasks to queue
[2025-03-12T21:04:24.450+0000] {logging_mixin.py:190} INFO - [2025-03-12T21:04:24.449+0000] {dagbag.py:588} INFO - Filling up the DagBag from /home/airflow/.local/lib/python3.12/site-packages/airflow/example_dags/example_sla_dag.py
[2025-03-12T21:04:24.456+0000] {processor.py:925} INFO - DAG(s) 'example_sla_dag' retrieved from /home/airflow/.local/lib/python3.12/site-packages/airflow/example_dags/example_sla_dag.py
[2025-03-12T21:04:24.473+0000] {logging_mixin.py:190} INFO - [2025-03-12T21:04:24.473+0000] {dag.py:3239} INFO - Sync 1 DAGs
[2025-03-12T21:04:24.490+0000] {logging_mixin.py:190} INFO - [2025-03-12T21:04:24.490+0000] {dag.py:4180} INFO - Setting next_dagrun for example_sla_dag to 2025-03-12 21:02:00+00:00, run_after=2025-03-12 21:04:00+00:00
[2025-03-12T21:04:24.508+0000] {processor.py:208} INFO - Processing /home/airflow/.local/lib/python3.12/site-packages/airflow/example_dags/example_sla_dag.py took 0.064 seconds
[2025-03-12T21:04:55.080+0000] {processor.py:186} INFO - Started process (PID=2372) to work on /home/airflow/.local/lib/python3.12/site-packages/airflow/example_dags/example_sla_dag.py
[2025-03-12T21:04:55.081+0000] {processor.py:914} INFO - Processing file /home/airflow/.local/lib/python3.12/site-packages/airflow/example_dags/example_sla_dag.py for tasks to queue
[2025-03-12T21:04:55.082+0000] {logging_mixin.py:190} INFO - [2025-03-12T21:04:55.082+0000] {dagbag.py:588} INFO - Filling up the DagBag from /home/airflow/.local/lib/python3.12/site-packages/airflow/example_dags/example_sla_dag.py
[2025-03-12T21:04:55.097+0000] {processor.py:925} INFO - DAG(s) 'example_sla_dag' retrieved from /home/airflow/.local/lib/python3.12/site-packages/airflow/example_dags/example_sla_dag.py
[2025-03-12T21:04:55.121+0000] {logging_mixin.py:190} INFO - [2025-03-12T21:04:55.121+0000] {dag.py:3239} INFO - Sync 1 DAGs
[2025-03-12T21:04:55.150+0000] {logging_mixin.py:190} INFO - [2025-03-12T21:04:55.149+0000] {dag.py:4180} INFO - Setting next_dagrun for example_sla_dag to 2025-03-12 21:02:00+00:00, run_after=2025-03-12 21:04:00+00:00
[2025-03-12T21:04:55.168+0000] {processor.py:208} INFO - Processing /home/airflow/.local/lib/python3.12/site-packages/airflow/example_dags/example_sla_dag.py took 0.093 seconds
[2025-03-12T21:05:25.849+0000] {processor.py:186} INFO - Started process (PID=2441) to work on /home/airflow/.local/lib/python3.12/site-packages/airflow/example_dags/example_sla_dag.py
[2025-03-12T21:05:25.850+0000] {processor.py:914} INFO - Processing file /home/airflow/.local/lib/python3.12/site-packages/airflow/example_dags/example_sla_dag.py for tasks to queue
[2025-03-12T21:05:25.852+0000] {logging_mixin.py:190} INFO - [2025-03-12T21:05:25.852+0000] {dagbag.py:588} INFO - Filling up the DagBag from /home/airflow/.local/lib/python3.12/site-packages/airflow/example_dags/example_sla_dag.py
[2025-03-12T21:05:25.861+0000] {processor.py:925} INFO - DAG(s) 'example_sla_dag' retrieved from /home/airflow/.local/lib/python3.12/site-packages/airflow/example_dags/example_sla_dag.py
[2025-03-12T21:05:25.881+0000] {logging_mixin.py:190} INFO - [2025-03-12T21:05:25.881+0000] {dag.py:3239} INFO - Sync 1 DAGs
[2025-03-12T21:05:25.908+0000] {logging_mixin.py:190} INFO - [2025-03-12T21:05:25.908+0000] {dag.py:4180} INFO - Setting next_dagrun for example_sla_dag to 2025-03-12 21:02:00+00:00, run_after=2025-03-12 21:04:00+00:00
[2025-03-12T21:05:25.927+0000] {processor.py:208} INFO - Processing /home/airflow/.local/lib/python3.12/site-packages/airflow/example_dags/example_sla_dag.py took 0.084 seconds
[2025-03-12T21:05:56.156+0000] {processor.py:186} INFO - Started process (PID=2504) to work on /home/airflow/.local/lib/python3.12/site-packages/airflow/example_dags/example_sla_dag.py
[2025-03-12T21:05:56.157+0000] {processor.py:914} INFO - Processing file /home/airflow/.local/lib/python3.12/site-packages/airflow/example_dags/example_sla_dag.py for tasks to queue
[2025-03-12T21:05:56.158+0000] {logging_mixin.py:190} INFO - [2025-03-12T21:05:56.158+0000] {dagbag.py:588} INFO - Filling up the DagBag from /home/airflow/.local/lib/python3.12/site-packages/airflow/example_dags/example_sla_dag.py
[2025-03-12T21:05:56.167+0000] {processor.py:925} INFO - DAG(s) 'example_sla_dag' retrieved from /home/airflow/.local/lib/python3.12/site-packages/airflow/example_dags/example_sla_dag.py
[2025-03-12T21:05:56.186+0000] {logging_mixin.py:190} INFO - [2025-03-12T21:05:56.186+0000] {dag.py:3239} INFO - Sync 1 DAGs
[2025-03-12T21:05:56.205+0000] {logging_mixin.py:190} INFO - [2025-03-12T21:05:56.205+0000] {dag.py:4180} INFO - Setting next_dagrun for example_sla_dag to 2025-03-12 21:02:00+00:00, run_after=2025-03-12 21:04:00+00:00
[2025-03-12T21:05:56.216+0000] {processor.py:208} INFO - Processing /home/airflow/.local/lib/python3.12/site-packages/airflow/example_dags/example_sla_dag.py took 0.066 seconds
[2025-03-12T21:06:26.752+0000] {processor.py:186} INFO - Started process (PID=2566) to work on /home/airflow/.local/lib/python3.12/site-packages/airflow/example_dags/example_sla_dag.py
[2025-03-12T21:06:26.753+0000] {processor.py:914} INFO - Processing file /home/airflow/.local/lib/python3.12/site-packages/airflow/example_dags/example_sla_dag.py for tasks to queue
[2025-03-12T21:06:26.754+0000] {logging_mixin.py:190} INFO - [2025-03-12T21:06:26.754+0000] {dagbag.py:588} INFO - Filling up the DagBag from /home/airflow/.local/lib/python3.12/site-packages/airflow/example_dags/example_sla_dag.py
[2025-03-12T21:06:26.760+0000] {processor.py:925} INFO - DAG(s) 'example_sla_dag' retrieved from /home/airflow/.local/lib/python3.12/site-packages/airflow/example_dags/example_sla_dag.py
[2025-03-12T21:06:26.776+0000] {logging_mixin.py:190} INFO - [2025-03-12T21:06:26.776+0000] {dag.py:3239} INFO - Sync 1 DAGs
[2025-03-12T21:06:26.798+0000] {logging_mixin.py:190} INFO - [2025-03-12T21:06:26.798+0000] {dag.py:4180} INFO - Setting next_dagrun for example_sla_dag to 2025-03-12 21:04:00+00:00, run_after=2025-03-12 21:06:00+00:00
[2025-03-12T21:06:26.813+0000] {processor.py:208} INFO - Processing /home/airflow/.local/lib/python3.12/site-packages/airflow/example_dags/example_sla_dag.py took 0.065 seconds
[2025-03-12T21:06:57.317+0000] {processor.py:186} INFO - Started process (PID=2629) to work on /home/airflow/.local/lib/python3.12/site-packages/airflow/example_dags/example_sla_dag.py
[2025-03-12T21:06:57.318+0000] {processor.py:914} INFO - Processing file /home/airflow/.local/lib/python3.12/site-packages/airflow/example_dags/example_sla_dag.py for tasks to queue
[2025-03-12T21:06:57.319+0000] {logging_mixin.py:190} INFO - [2025-03-12T21:06:57.319+0000] {dagbag.py:588} INFO - Filling up the DagBag from /home/airflow/.local/lib/python3.12/site-packages/airflow/example_dags/example_sla_dag.py
[2025-03-12T21:06:57.325+0000] {processor.py:925} INFO - DAG(s) 'example_sla_dag' retrieved from /home/airflow/.local/lib/python3.12/site-packages/airflow/example_dags/example_sla_dag.py
[2025-03-12T21:06:57.343+0000] {logging_mixin.py:190} INFO - [2025-03-12T21:06:57.343+0000] {dag.py:3239} INFO - Sync 1 DAGs
[2025-03-12T21:06:57.361+0000] {logging_mixin.py:190} INFO - [2025-03-12T21:06:57.361+0000] {dag.py:4180} INFO - Setting next_dagrun for example_sla_dag to 2025-03-12 21:04:00+00:00, run_after=2025-03-12 21:06:00+00:00
[2025-03-12T21:06:57.375+0000] {processor.py:208} INFO - Processing /home/airflow/.local/lib/python3.12/site-packages/airflow/example_dags/example_sla_dag.py took 0.062 seconds
[2025-03-12T21:07:28.504+0000] {processor.py:186} INFO - Started process (PID=2693) to work on /home/airflow/.local/lib/python3.12/site-packages/airflow/example_dags/example_sla_dag.py
[2025-03-12T21:07:28.505+0000] {processor.py:914} INFO - Processing file /home/airflow/.local/lib/python3.12/site-packages/airflow/example_dags/example_sla_dag.py for tasks to queue
[2025-03-12T21:07:28.506+0000] {logging_mixin.py:190} INFO - [2025-03-12T21:07:28.506+0000] {dagbag.py:588} INFO - Filling up the DagBag from /home/airflow/.local/lib/python3.12/site-packages/airflow/example_dags/example_sla_dag.py
[2025-03-12T21:07:28.512+0000] {processor.py:925} INFO - DAG(s) 'example_sla_dag' retrieved from /home/airflow/.local/lib/python3.12/site-packages/airflow/example_dags/example_sla_dag.py
[2025-03-12T21:07:28.526+0000] {logging_mixin.py:190} INFO - [2025-03-12T21:07:28.525+0000] {dag.py:3239} INFO - Sync 1 DAGs
[2025-03-12T21:07:28.541+0000] {logging_mixin.py:190} INFO - [2025-03-12T21:07:28.541+0000] {dag.py:4180} INFO - Setting next_dagrun for example_sla_dag to 2025-03-12 21:04:00+00:00, run_after=2025-03-12 21:06:00+00:00
[2025-03-12T21:07:28.554+0000] {processor.py:208} INFO - Processing /home/airflow/.local/lib/python3.12/site-packages/airflow/example_dags/example_sla_dag.py took 0.054 seconds
[2025-03-12T21:07:58.637+0000] {processor.py:186} INFO - Started process (PID=2755) to work on /home/airflow/.local/lib/python3.12/site-packages/airflow/example_dags/example_sla_dag.py
[2025-03-12T21:07:58.637+0000] {processor.py:914} INFO - Processing file /home/airflow/.local/lib/python3.12/site-packages/airflow/example_dags/example_sla_dag.py for tasks to queue
[2025-03-12T21:07:58.639+0000] {logging_mixin.py:190} INFO - [2025-03-12T21:07:58.638+0000] {dagbag.py:588} INFO - Filling up the DagBag from /home/airflow/.local/lib/python3.12/site-packages/airflow/example_dags/example_sla_dag.py
[2025-03-12T21:07:58.644+0000] {processor.py:925} INFO - DAG(s) 'example_sla_dag' retrieved from /home/airflow/.local/lib/python3.12/site-packages/airflow/example_dags/example_sla_dag.py
[2025-03-12T21:07:58.658+0000] {logging_mixin.py:190} INFO - [2025-03-12T21:07:58.658+0000] {dag.py:3239} INFO - Sync 1 DAGs
[2025-03-12T21:07:58.678+0000] {logging_mixin.py:190} INFO - [2025-03-12T21:07:58.678+0000] {dag.py:4180} INFO - Setting next_dagrun for example_sla_dag to 2025-03-12 21:04:00+00:00, run_after=2025-03-12 21:06:00+00:00
[2025-03-12T21:07:58.693+0000] {processor.py:208} INFO - Processing /home/airflow/.local/lib/python3.12/site-packages/airflow/example_dags/example_sla_dag.py took 0.059 seconds
[2025-03-12T21:08:29.074+0000] {processor.py:186} INFO - Started process (PID=2817) to work on /home/airflow/.local/lib/python3.12/site-packages/airflow/example_dags/example_sla_dag.py
[2025-03-12T21:08:29.074+0000] {processor.py:914} INFO - Processing file /home/airflow/.local/lib/python3.12/site-packages/airflow/example_dags/example_sla_dag.py for tasks to queue
[2025-03-12T21:08:29.076+0000] {logging_mixin.py:190} INFO - [2025-03-12T21:08:29.076+0000] {dagbag.py:588} INFO - Filling up the DagBag from /home/airflow/.local/lib/python3.12/site-packages/airflow/example_dags/example_sla_dag.py
[2025-03-12T21:08:29.083+0000] {processor.py:925} INFO - DAG(s) 'example_sla_dag' retrieved from /home/airflow/.local/lib/python3.12/site-packages/airflow/example_dags/example_sla_dag.py
[2025-03-12T21:08:29.102+0000] {logging_mixin.py:190} INFO - [2025-03-12T21:08:29.101+0000] {dag.py:3239} INFO - Sync 1 DAGs
[2025-03-12T21:08:29.128+0000] {logging_mixin.py:190} INFO - [2025-03-12T21:08:29.128+0000] {dag.py:4180} INFO - Setting next_dagrun for example_sla_dag to 2025-03-12 21:06:00+00:00, run_after=2025-03-12 21:08:00+00:00
[2025-03-12T21:08:29.149+0000] {processor.py:208} INFO - Processing /home/airflow/.local/lib/python3.12/site-packages/airflow/example_dags/example_sla_dag.py took 0.081 seconds
