[2025-03-12T20:46:28.817+0000] {processor.py:186} INFO - Started process (PID=106) to work on /home/airflow/.local/lib/python3.12/site-packages/airflow/example_dags/example_python_decorator.py
[2025-03-12T20:46:28.818+0000] {processor.py:914} INFO - Processing file /home/airflow/.local/lib/python3.12/site-packages/airflow/example_dags/example_python_decorator.py for tasks to queue
[2025-03-12T20:46:28.820+0000] {logging_mixin.py:190} INFO - [2025-03-12T20:46:28.819+0000] {dagbag.py:588} INFO - Filling up the DagBag from /home/airflow/.local/lib/python3.12/site-packages/airflow/example_dags/example_python_decorator.py
[2025-03-12T20:46:28.832+0000] {processor.py:925} INFO - DAG(s) 'example_python_decorator' retrieved from /home/airflow/.local/lib/python3.12/site-packages/airflow/example_dags/example_python_decorator.py
[2025-03-12T20:46:28.924+0000] {logging_mixin.py:190} INFO - [2025-03-12T20:46:28.924+0000] {override.py:1912} INFO - Created Permission View: can edit on DAG:example_python_decorator
[2025-03-12T20:46:28.933+0000] {logging_mixin.py:190} INFO - [2025-03-12T20:46:28.933+0000] {override.py:1912} INFO - Created Permission View: can read on DAG:example_python_decorator
[2025-03-12T20:46:28.939+0000] {logging_mixin.py:190} INFO - [2025-03-12T20:46:28.939+0000] {override.py:1912} INFO - Created Permission View: can delete on DAG:example_python_decorator
[2025-03-12T20:46:28.947+0000] {logging_mixin.py:190} INFO - [2025-03-12T20:46:28.946+0000] {override.py:1912} INFO - Created Permission View: menu access on DAG Run:example_python_decorator
[2025-03-12T20:46:28.953+0000] {logging_mixin.py:190} INFO - [2025-03-12T20:46:28.953+0000] {override.py:1912} INFO - Created Permission View: can create on DAG Run:example_python_decorator
[2025-03-12T20:46:28.958+0000] {logging_mixin.py:190} INFO - [2025-03-12T20:46:28.958+0000] {override.py:1912} INFO - Created Permission View: can read on DAG Run:example_python_decorator
[2025-03-12T20:46:28.963+0000] {logging_mixin.py:190} INFO - [2025-03-12T20:46:28.963+0000] {override.py:1912} INFO - Created Permission View: can delete on DAG Run:example_python_decorator
[2025-03-12T20:46:28.964+0000] {logging_mixin.py:190} INFO - [2025-03-12T20:46:28.964+0000] {dag.py:3239} INFO - Sync 1 DAGs
[2025-03-12T20:46:28.976+0000] {logging_mixin.py:190} INFO - [2025-03-12T20:46:28.976+0000] {dag.py:3262} INFO - Creating ORM DAG for example_python_decorator
[2025-03-12T20:46:28.976+0000] {logging_mixin.py:190} INFO - [2025-03-12T20:46:28.976+0000] {dag.py:4180} INFO - Setting next_dagrun for example_python_decorator to None, run_after=None
[2025-03-12T20:46:28.992+0000] {processor.py:208} INFO - Processing /home/airflow/.local/lib/python3.12/site-packages/airflow/example_dags/example_python_decorator.py took 0.179 seconds
[2025-03-12T20:46:59.422+0000] {processor.py:186} INFO - Started process (PID=169) to work on /home/airflow/.local/lib/python3.12/site-packages/airflow/example_dags/example_python_decorator.py
[2025-03-12T20:46:59.423+0000] {processor.py:914} INFO - Processing file /home/airflow/.local/lib/python3.12/site-packages/airflow/example_dags/example_python_decorator.py for tasks to queue
[2025-03-12T20:46:59.424+0000] {logging_mixin.py:190} INFO - [2025-03-12T20:46:59.424+0000] {dagbag.py:588} INFO - Filling up the DagBag from /home/airflow/.local/lib/python3.12/site-packages/airflow/example_dags/example_python_decorator.py
[2025-03-12T20:46:59.438+0000] {processor.py:925} INFO - DAG(s) 'example_python_decorator' retrieved from /home/airflow/.local/lib/python3.12/site-packages/airflow/example_dags/example_python_decorator.py
[2025-03-12T20:46:59.458+0000] {logging_mixin.py:190} INFO - [2025-03-12T20:46:59.458+0000] {dag.py:3239} INFO - Sync 1 DAGs
[2025-03-12T20:46:59.470+0000] {logging_mixin.py:190} INFO - [2025-03-12T20:46:59.470+0000] {dag.py:4180} INFO - Setting next_dagrun for example_python_decorator to None, run_after=None
[2025-03-12T20:46:59.484+0000] {processor.py:208} INFO - Processing /home/airflow/.local/lib/python3.12/site-packages/airflow/example_dags/example_python_decorator.py took 0.068 seconds
[2025-03-12T20:47:29.812+0000] {processor.py:186} INFO - Started process (PID=232) to work on /home/airflow/.local/lib/python3.12/site-packages/airflow/example_dags/example_python_decorator.py
[2025-03-12T20:47:29.813+0000] {processor.py:914} INFO - Processing file /home/airflow/.local/lib/python3.12/site-packages/airflow/example_dags/example_python_decorator.py for tasks to queue
[2025-03-12T20:47:29.814+0000] {logging_mixin.py:190} INFO - [2025-03-12T20:47:29.814+0000] {dagbag.py:588} INFO - Filling up the DagBag from /home/airflow/.local/lib/python3.12/site-packages/airflow/example_dags/example_python_decorator.py
[2025-03-12T20:47:29.823+0000] {processor.py:925} INFO - DAG(s) 'example_python_decorator' retrieved from /home/airflow/.local/lib/python3.12/site-packages/airflow/example_dags/example_python_decorator.py
[2025-03-12T20:47:29.839+0000] {logging_mixin.py:190} INFO - [2025-03-12T20:47:29.838+0000] {dag.py:3239} INFO - Sync 1 DAGs
[2025-03-12T20:47:29.850+0000] {logging_mixin.py:190} INFO - [2025-03-12T20:47:29.850+0000] {dag.py:4180} INFO - Setting next_dagrun for example_python_decorator to None, run_after=None
[2025-03-12T20:47:29.868+0000] {processor.py:208} INFO - Processing /home/airflow/.local/lib/python3.12/site-packages/airflow/example_dags/example_python_decorator.py took 0.060 seconds
[2025-03-12T20:48:00.890+0000] {processor.py:186} INFO - Started process (PID=295) to work on /home/airflow/.local/lib/python3.12/site-packages/airflow/example_dags/example_python_decorator.py
[2025-03-12T20:48:00.891+0000] {processor.py:914} INFO - Processing file /home/airflow/.local/lib/python3.12/site-packages/airflow/example_dags/example_python_decorator.py for tasks to queue
[2025-03-12T20:48:00.894+0000] {logging_mixin.py:190} INFO - [2025-03-12T20:48:00.893+0000] {dagbag.py:588} INFO - Filling up the DagBag from /home/airflow/.local/lib/python3.12/site-packages/airflow/example_dags/example_python_decorator.py
[2025-03-12T20:48:00.910+0000] {processor.py:925} INFO - DAG(s) 'example_python_decorator' retrieved from /home/airflow/.local/lib/python3.12/site-packages/airflow/example_dags/example_python_decorator.py
[2025-03-12T20:48:00.931+0000] {logging_mixin.py:190} INFO - [2025-03-12T20:48:00.931+0000] {dag.py:3239} INFO - Sync 1 DAGs
[2025-03-12T20:48:00.944+0000] {logging_mixin.py:190} INFO - [2025-03-12T20:48:00.944+0000] {dag.py:4180} INFO - Setting next_dagrun for example_python_decorator to None, run_after=None
[2025-03-12T20:48:00.968+0000] {processor.py:208} INFO - Processing /home/airflow/.local/lib/python3.12/site-packages/airflow/example_dags/example_python_decorator.py took 0.085 seconds
[2025-03-12T20:48:31.813+0000] {processor.py:186} INFO - Started process (PID=358) to work on /home/airflow/.local/lib/python3.12/site-packages/airflow/example_dags/example_python_decorator.py
[2025-03-12T20:48:31.814+0000] {processor.py:914} INFO - Processing file /home/airflow/.local/lib/python3.12/site-packages/airflow/example_dags/example_python_decorator.py for tasks to queue
[2025-03-12T20:48:31.816+0000] {logging_mixin.py:190} INFO - [2025-03-12T20:48:31.815+0000] {dagbag.py:588} INFO - Filling up the DagBag from /home/airflow/.local/lib/python3.12/site-packages/airflow/example_dags/example_python_decorator.py
[2025-03-12T20:48:31.829+0000] {processor.py:925} INFO - DAG(s) 'example_python_decorator' retrieved from /home/airflow/.local/lib/python3.12/site-packages/airflow/example_dags/example_python_decorator.py
[2025-03-12T20:48:31.853+0000] {logging_mixin.py:190} INFO - [2025-03-12T20:48:31.853+0000] {dag.py:3239} INFO - Sync 1 DAGs
[2025-03-12T20:48:31.870+0000] {logging_mixin.py:190} INFO - [2025-03-12T20:48:31.870+0000] {dag.py:4180} INFO - Setting next_dagrun for example_python_decorator to None, run_after=None
[2025-03-12T20:48:31.890+0000] {processor.py:208} INFO - Processing /home/airflow/.local/lib/python3.12/site-packages/airflow/example_dags/example_python_decorator.py took 0.084 seconds
[2025-03-12T20:49:02.216+0000] {processor.py:186} INFO - Started process (PID=421) to work on /home/airflow/.local/lib/python3.12/site-packages/airflow/example_dags/example_python_decorator.py
[2025-03-12T20:49:02.217+0000] {processor.py:914} INFO - Processing file /home/airflow/.local/lib/python3.12/site-packages/airflow/example_dags/example_python_decorator.py for tasks to queue
[2025-03-12T20:49:02.219+0000] {logging_mixin.py:190} INFO - [2025-03-12T20:49:02.218+0000] {dagbag.py:588} INFO - Filling up the DagBag from /home/airflow/.local/lib/python3.12/site-packages/airflow/example_dags/example_python_decorator.py
[2025-03-12T20:49:02.229+0000] {processor.py:925} INFO - DAG(s) 'example_python_decorator' retrieved from /home/airflow/.local/lib/python3.12/site-packages/airflow/example_dags/example_python_decorator.py
[2025-03-12T20:49:02.247+0000] {logging_mixin.py:190} INFO - [2025-03-12T20:49:02.247+0000] {dag.py:3239} INFO - Sync 1 DAGs
[2025-03-12T20:49:02.266+0000] {logging_mixin.py:190} INFO - [2025-03-12T20:49:02.265+0000] {dag.py:4180} INFO - Setting next_dagrun for example_python_decorator to None, run_after=None
[2025-03-12T20:49:02.286+0000] {processor.py:208} INFO - Processing /home/airflow/.local/lib/python3.12/site-packages/airflow/example_dags/example_python_decorator.py took 0.075 seconds
[2025-03-12T20:49:32.957+0000] {processor.py:186} INFO - Started process (PID=484) to work on /home/airflow/.local/lib/python3.12/site-packages/airflow/example_dags/example_python_decorator.py
[2025-03-12T20:49:32.957+0000] {processor.py:914} INFO - Processing file /home/airflow/.local/lib/python3.12/site-packages/airflow/example_dags/example_python_decorator.py for tasks to queue
[2025-03-12T20:49:32.959+0000] {logging_mixin.py:190} INFO - [2025-03-12T20:49:32.958+0000] {dagbag.py:588} INFO - Filling up the DagBag from /home/airflow/.local/lib/python3.12/site-packages/airflow/example_dags/example_python_decorator.py
[2025-03-12T20:49:32.967+0000] {processor.py:925} INFO - DAG(s) 'example_python_decorator' retrieved from /home/airflow/.local/lib/python3.12/site-packages/airflow/example_dags/example_python_decorator.py
[2025-03-12T20:49:32.984+0000] {logging_mixin.py:190} INFO - [2025-03-12T20:49:32.983+0000] {dag.py:3239} INFO - Sync 1 DAGs
[2025-03-12T20:49:32.996+0000] {logging_mixin.py:190} INFO - [2025-03-12T20:49:32.995+0000] {dag.py:4180} INFO - Setting next_dagrun for example_python_decorator to None, run_after=None
[2025-03-12T20:49:33.009+0000] {processor.py:208} INFO - Processing /home/airflow/.local/lib/python3.12/site-packages/airflow/example_dags/example_python_decorator.py took 0.056 seconds
[2025-03-12T20:50:03.353+0000] {processor.py:186} INFO - Started process (PID=547) to work on /home/airflow/.local/lib/python3.12/site-packages/airflow/example_dags/example_python_decorator.py
[2025-03-12T20:50:03.354+0000] {processor.py:914} INFO - Processing file /home/airflow/.local/lib/python3.12/site-packages/airflow/example_dags/example_python_decorator.py for tasks to queue
[2025-03-12T20:50:03.356+0000] {logging_mixin.py:190} INFO - [2025-03-12T20:50:03.356+0000] {dagbag.py:588} INFO - Filling up the DagBag from /home/airflow/.local/lib/python3.12/site-packages/airflow/example_dags/example_python_decorator.py
[2025-03-12T20:50:03.366+0000] {processor.py:925} INFO - DAG(s) 'example_python_decorator' retrieved from /home/airflow/.local/lib/python3.12/site-packages/airflow/example_dags/example_python_decorator.py
[2025-03-12T20:50:03.383+0000] {logging_mixin.py:190} INFO - [2025-03-12T20:50:03.383+0000] {dag.py:3239} INFO - Sync 1 DAGs
[2025-03-12T20:50:03.395+0000] {logging_mixin.py:190} INFO - [2025-03-12T20:50:03.395+0000] {dag.py:4180} INFO - Setting next_dagrun for example_python_decorator to None, run_after=None
[2025-03-12T20:50:03.411+0000] {processor.py:208} INFO - Processing /home/airflow/.local/lib/python3.12/site-packages/airflow/example_dags/example_python_decorator.py took 0.062 seconds
[2025-03-12T20:50:34.026+0000] {processor.py:186} INFO - Started process (PID=610) to work on /home/airflow/.local/lib/python3.12/site-packages/airflow/example_dags/example_python_decorator.py
[2025-03-12T20:50:34.027+0000] {processor.py:914} INFO - Processing file /home/airflow/.local/lib/python3.12/site-packages/airflow/example_dags/example_python_decorator.py for tasks to queue
[2025-03-12T20:50:34.029+0000] {logging_mixin.py:190} INFO - [2025-03-12T20:50:34.029+0000] {dagbag.py:588} INFO - Filling up the DagBag from /home/airflow/.local/lib/python3.12/site-packages/airflow/example_dags/example_python_decorator.py
[2025-03-12T20:50:34.042+0000] {processor.py:925} INFO - DAG(s) 'example_python_decorator' retrieved from /home/airflow/.local/lib/python3.12/site-packages/airflow/example_dags/example_python_decorator.py
[2025-03-12T20:50:34.059+0000] {logging_mixin.py:190} INFO - [2025-03-12T20:50:34.059+0000] {dag.py:3239} INFO - Sync 1 DAGs
[2025-03-12T20:50:34.071+0000] {logging_mixin.py:190} INFO - [2025-03-12T20:50:34.071+0000] {dag.py:4180} INFO - Setting next_dagrun for example_python_decorator to None, run_after=None
[2025-03-12T20:50:34.087+0000] {processor.py:208} INFO - Processing /home/airflow/.local/lib/python3.12/site-packages/airflow/example_dags/example_python_decorator.py took 0.066 seconds
[2025-03-12T20:51:04.361+0000] {processor.py:186} INFO - Started process (PID=673) to work on /home/airflow/.local/lib/python3.12/site-packages/airflow/example_dags/example_python_decorator.py
[2025-03-12T20:51:04.362+0000] {processor.py:914} INFO - Processing file /home/airflow/.local/lib/python3.12/site-packages/airflow/example_dags/example_python_decorator.py for tasks to queue
[2025-03-12T20:51:04.364+0000] {logging_mixin.py:190} INFO - [2025-03-12T20:51:04.363+0000] {dagbag.py:588} INFO - Filling up the DagBag from /home/airflow/.local/lib/python3.12/site-packages/airflow/example_dags/example_python_decorator.py
[2025-03-12T20:51:04.374+0000] {processor.py:925} INFO - DAG(s) 'example_python_decorator' retrieved from /home/airflow/.local/lib/python3.12/site-packages/airflow/example_dags/example_python_decorator.py
[2025-03-12T20:51:04.389+0000] {logging_mixin.py:190} INFO - [2025-03-12T20:51:04.389+0000] {dag.py:3239} INFO - Sync 1 DAGs
[2025-03-12T20:51:04.399+0000] {logging_mixin.py:190} INFO - [2025-03-12T20:51:04.399+0000] {dag.py:4180} INFO - Setting next_dagrun for example_python_decorator to None, run_after=None
[2025-03-12T20:51:04.411+0000] {processor.py:208} INFO - Processing /home/airflow/.local/lib/python3.12/site-packages/airflow/example_dags/example_python_decorator.py took 0.054 seconds
[2025-03-12T20:51:34.821+0000] {processor.py:186} INFO - Started process (PID=736) to work on /home/airflow/.local/lib/python3.12/site-packages/airflow/example_dags/example_python_decorator.py
[2025-03-12T20:51:34.822+0000] {processor.py:914} INFO - Processing file /home/airflow/.local/lib/python3.12/site-packages/airflow/example_dags/example_python_decorator.py for tasks to queue
[2025-03-12T20:51:34.823+0000] {logging_mixin.py:190} INFO - [2025-03-12T20:51:34.823+0000] {dagbag.py:588} INFO - Filling up the DagBag from /home/airflow/.local/lib/python3.12/site-packages/airflow/example_dags/example_python_decorator.py
[2025-03-12T20:51:34.832+0000] {processor.py:925} INFO - DAG(s) 'example_python_decorator' retrieved from /home/airflow/.local/lib/python3.12/site-packages/airflow/example_dags/example_python_decorator.py
[2025-03-12T20:51:34.849+0000] {logging_mixin.py:190} INFO - [2025-03-12T20:51:34.849+0000] {dag.py:3239} INFO - Sync 1 DAGs
[2025-03-12T20:51:34.860+0000] {logging_mixin.py:190} INFO - [2025-03-12T20:51:34.860+0000] {dag.py:4180} INFO - Setting next_dagrun for example_python_decorator to None, run_after=None
[2025-03-12T20:51:34.874+0000] {processor.py:208} INFO - Processing /home/airflow/.local/lib/python3.12/site-packages/airflow/example_dags/example_python_decorator.py took 0.057 seconds
[2025-03-12T20:52:05.890+0000] {processor.py:186} INFO - Started process (PID=799) to work on /home/airflow/.local/lib/python3.12/site-packages/airflow/example_dags/example_python_decorator.py
[2025-03-12T20:52:05.891+0000] {processor.py:914} INFO - Processing file /home/airflow/.local/lib/python3.12/site-packages/airflow/example_dags/example_python_decorator.py for tasks to queue
[2025-03-12T20:52:05.892+0000] {logging_mixin.py:190} INFO - [2025-03-12T20:52:05.892+0000] {dagbag.py:588} INFO - Filling up the DagBag from /home/airflow/.local/lib/python3.12/site-packages/airflow/example_dags/example_python_decorator.py
[2025-03-12T20:52:05.901+0000] {processor.py:925} INFO - DAG(s) 'example_python_decorator' retrieved from /home/airflow/.local/lib/python3.12/site-packages/airflow/example_dags/example_python_decorator.py
[2025-03-12T20:52:05.922+0000] {logging_mixin.py:190} INFO - [2025-03-12T20:52:05.921+0000] {dag.py:3239} INFO - Sync 1 DAGs
[2025-03-12T20:52:05.934+0000] {logging_mixin.py:190} INFO - [2025-03-12T20:52:05.934+0000] {dag.py:4180} INFO - Setting next_dagrun for example_python_decorator to None, run_after=None
[2025-03-12T20:52:05.949+0000] {processor.py:208} INFO - Processing /home/airflow/.local/lib/python3.12/site-packages/airflow/example_dags/example_python_decorator.py took 0.064 seconds
[2025-03-12T20:52:36.630+0000] {processor.py:186} INFO - Started process (PID=862) to work on /home/airflow/.local/lib/python3.12/site-packages/airflow/example_dags/example_python_decorator.py
[2025-03-12T20:52:36.631+0000] {processor.py:914} INFO - Processing file /home/airflow/.local/lib/python3.12/site-packages/airflow/example_dags/example_python_decorator.py for tasks to queue
[2025-03-12T20:52:36.633+0000] {logging_mixin.py:190} INFO - [2025-03-12T20:52:36.633+0000] {dagbag.py:588} INFO - Filling up the DagBag from /home/airflow/.local/lib/python3.12/site-packages/airflow/example_dags/example_python_decorator.py
[2025-03-12T20:52:36.647+0000] {processor.py:925} INFO - DAG(s) 'example_python_decorator' retrieved from /home/airflow/.local/lib/python3.12/site-packages/airflow/example_dags/example_python_decorator.py
[2025-03-12T20:52:36.672+0000] {logging_mixin.py:190} INFO - [2025-03-12T20:52:36.671+0000] {dag.py:3239} INFO - Sync 1 DAGs
[2025-03-12T20:52:36.690+0000] {logging_mixin.py:190} INFO - [2025-03-12T20:52:36.689+0000] {dag.py:4180} INFO - Setting next_dagrun for example_python_decorator to None, run_after=None
[2025-03-12T20:52:36.710+0000] {processor.py:208} INFO - Processing /home/airflow/.local/lib/python3.12/site-packages/airflow/example_dags/example_python_decorator.py took 0.085 seconds
[2025-03-12T20:53:07.385+0000] {processor.py:186} INFO - Started process (PID=925) to work on /home/airflow/.local/lib/python3.12/site-packages/airflow/example_dags/example_python_decorator.py
[2025-03-12T20:53:07.386+0000] {processor.py:914} INFO - Processing file /home/airflow/.local/lib/python3.12/site-packages/airflow/example_dags/example_python_decorator.py for tasks to queue
[2025-03-12T20:53:07.387+0000] {logging_mixin.py:190} INFO - [2025-03-12T20:53:07.387+0000] {dagbag.py:588} INFO - Filling up the DagBag from /home/airflow/.local/lib/python3.12/site-packages/airflow/example_dags/example_python_decorator.py
[2025-03-12T20:53:07.396+0000] {processor.py:925} INFO - DAG(s) 'example_python_decorator' retrieved from /home/airflow/.local/lib/python3.12/site-packages/airflow/example_dags/example_python_decorator.py
[2025-03-12T20:53:07.415+0000] {logging_mixin.py:190} INFO - [2025-03-12T20:53:07.415+0000] {dag.py:3239} INFO - Sync 1 DAGs
[2025-03-12T20:53:07.429+0000] {logging_mixin.py:190} INFO - [2025-03-12T20:53:07.429+0000] {dag.py:4180} INFO - Setting next_dagrun for example_python_decorator to None, run_after=None
[2025-03-12T20:53:07.447+0000] {processor.py:208} INFO - Processing /home/airflow/.local/lib/python3.12/site-packages/airflow/example_dags/example_python_decorator.py took 0.068 seconds
[2025-03-12T20:53:38.209+0000] {processor.py:186} INFO - Started process (PID=988) to work on /home/airflow/.local/lib/python3.12/site-packages/airflow/example_dags/example_python_decorator.py
[2025-03-12T20:53:38.210+0000] {processor.py:914} INFO - Processing file /home/airflow/.local/lib/python3.12/site-packages/airflow/example_dags/example_python_decorator.py for tasks to queue
[2025-03-12T20:53:38.213+0000] {logging_mixin.py:190} INFO - [2025-03-12T20:53:38.212+0000] {dagbag.py:588} INFO - Filling up the DagBag from /home/airflow/.local/lib/python3.12/site-packages/airflow/example_dags/example_python_decorator.py
[2025-03-12T20:53:38.227+0000] {processor.py:925} INFO - DAG(s) 'example_python_decorator' retrieved from /home/airflow/.local/lib/python3.12/site-packages/airflow/example_dags/example_python_decorator.py
[2025-03-12T20:53:38.252+0000] {logging_mixin.py:190} INFO - [2025-03-12T20:53:38.252+0000] {dag.py:3239} INFO - Sync 1 DAGs
[2025-03-12T20:53:38.268+0000] {logging_mixin.py:190} INFO - [2025-03-12T20:53:38.267+0000] {dag.py:4180} INFO - Setting next_dagrun for example_python_decorator to None, run_after=None
[2025-03-12T20:53:38.288+0000] {processor.py:208} INFO - Processing /home/airflow/.local/lib/python3.12/site-packages/airflow/example_dags/example_python_decorator.py took 0.083 seconds
[2025-03-12T20:54:08.356+0000] {processor.py:186} INFO - Started process (PID=1050) to work on /home/airflow/.local/lib/python3.12/site-packages/airflow/example_dags/example_python_decorator.py
[2025-03-12T20:54:08.357+0000] {processor.py:914} INFO - Processing file /home/airflow/.local/lib/python3.12/site-packages/airflow/example_dags/example_python_decorator.py for tasks to queue
[2025-03-12T20:54:08.359+0000] {logging_mixin.py:190} INFO - [2025-03-12T20:54:08.359+0000] {dagbag.py:588} INFO - Filling up the DagBag from /home/airflow/.local/lib/python3.12/site-packages/airflow/example_dags/example_python_decorator.py
[2025-03-12T20:54:08.371+0000] {processor.py:925} INFO - DAG(s) 'example_python_decorator' retrieved from /home/airflow/.local/lib/python3.12/site-packages/airflow/example_dags/example_python_decorator.py
[2025-03-12T20:54:08.392+0000] {logging_mixin.py:190} INFO - [2025-03-12T20:54:08.392+0000] {dag.py:3239} INFO - Sync 1 DAGs
[2025-03-12T20:54:08.406+0000] {logging_mixin.py:190} INFO - [2025-03-12T20:54:08.405+0000] {dag.py:4180} INFO - Setting next_dagrun for example_python_decorator to None, run_after=None
[2025-03-12T20:54:08.427+0000] {processor.py:208} INFO - Processing /home/airflow/.local/lib/python3.12/site-packages/airflow/example_dags/example_python_decorator.py took 0.075 seconds
[2025-03-12T20:54:39.480+0000] {processor.py:186} INFO - Started process (PID=1114) to work on /home/airflow/.local/lib/python3.12/site-packages/airflow/example_dags/example_python_decorator.py
[2025-03-12T20:54:39.481+0000] {processor.py:914} INFO - Processing file /home/airflow/.local/lib/python3.12/site-packages/airflow/example_dags/example_python_decorator.py for tasks to queue
[2025-03-12T20:54:39.484+0000] {logging_mixin.py:190} INFO - [2025-03-12T20:54:39.483+0000] {dagbag.py:588} INFO - Filling up the DagBag from /home/airflow/.local/lib/python3.12/site-packages/airflow/example_dags/example_python_decorator.py
[2025-03-12T20:54:39.495+0000] {processor.py:925} INFO - DAG(s) 'example_python_decorator' retrieved from /home/airflow/.local/lib/python3.12/site-packages/airflow/example_dags/example_python_decorator.py
[2025-03-12T20:54:39.519+0000] {logging_mixin.py:190} INFO - [2025-03-12T20:54:39.519+0000] {dag.py:3239} INFO - Sync 1 DAGs
[2025-03-12T20:54:39.536+0000] {logging_mixin.py:190} INFO - [2025-03-12T20:54:39.536+0000] {dag.py:4180} INFO - Setting next_dagrun for example_python_decorator to None, run_after=None
[2025-03-12T20:54:39.555+0000] {processor.py:208} INFO - Processing /home/airflow/.local/lib/python3.12/site-packages/airflow/example_dags/example_python_decorator.py took 0.081 seconds
[2025-03-12T20:55:10.176+0000] {processor.py:186} INFO - Started process (PID=1177) to work on /home/airflow/.local/lib/python3.12/site-packages/airflow/example_dags/example_python_decorator.py
[2025-03-12T20:55:10.177+0000] {processor.py:914} INFO - Processing file /home/airflow/.local/lib/python3.12/site-packages/airflow/example_dags/example_python_decorator.py for tasks to queue
[2025-03-12T20:55:10.178+0000] {logging_mixin.py:190} INFO - [2025-03-12T20:55:10.178+0000] {dagbag.py:588} INFO - Filling up the DagBag from /home/airflow/.local/lib/python3.12/site-packages/airflow/example_dags/example_python_decorator.py
[2025-03-12T20:55:10.186+0000] {processor.py:925} INFO - DAG(s) 'example_python_decorator' retrieved from /home/airflow/.local/lib/python3.12/site-packages/airflow/example_dags/example_python_decorator.py
[2025-03-12T20:55:10.202+0000] {logging_mixin.py:190} INFO - [2025-03-12T20:55:10.202+0000] {dag.py:3239} INFO - Sync 1 DAGs
[2025-03-12T20:55:10.213+0000] {logging_mixin.py:190} INFO - [2025-03-12T20:55:10.212+0000] {dag.py:4180} INFO - Setting next_dagrun for example_python_decorator to None, run_after=None
[2025-03-12T20:55:10.226+0000] {processor.py:208} INFO - Processing /home/airflow/.local/lib/python3.12/site-packages/airflow/example_dags/example_python_decorator.py took 0.054 seconds
[2025-03-12T20:55:40.546+0000] {processor.py:186} INFO - Started process (PID=1240) to work on /home/airflow/.local/lib/python3.12/site-packages/airflow/example_dags/example_python_decorator.py
[2025-03-12T20:55:40.547+0000] {processor.py:914} INFO - Processing file /home/airflow/.local/lib/python3.12/site-packages/airflow/example_dags/example_python_decorator.py for tasks to queue
[2025-03-12T20:55:40.549+0000] {logging_mixin.py:190} INFO - [2025-03-12T20:55:40.549+0000] {dagbag.py:588} INFO - Filling up the DagBag from /home/airflow/.local/lib/python3.12/site-packages/airflow/example_dags/example_python_decorator.py
[2025-03-12T20:55:40.564+0000] {processor.py:925} INFO - DAG(s) 'example_python_decorator' retrieved from /home/airflow/.local/lib/python3.12/site-packages/airflow/example_dags/example_python_decorator.py
[2025-03-12T20:55:40.589+0000] {logging_mixin.py:190} INFO - [2025-03-12T20:55:40.588+0000] {dag.py:3239} INFO - Sync 1 DAGs
[2025-03-12T20:55:40.606+0000] {logging_mixin.py:190} INFO - [2025-03-12T20:55:40.606+0000] {dag.py:4180} INFO - Setting next_dagrun for example_python_decorator to None, run_after=None
[2025-03-12T20:55:40.628+0000] {processor.py:208} INFO - Processing /home/airflow/.local/lib/python3.12/site-packages/airflow/example_dags/example_python_decorator.py took 0.088 seconds
[2025-03-12T20:56:10.840+0000] {processor.py:186} INFO - Started process (PID=1302) to work on /home/airflow/.local/lib/python3.12/site-packages/airflow/example_dags/example_python_decorator.py
[2025-03-12T20:56:10.841+0000] {processor.py:914} INFO - Processing file /home/airflow/.local/lib/python3.12/site-packages/airflow/example_dags/example_python_decorator.py for tasks to queue
[2025-03-12T20:56:10.842+0000] {logging_mixin.py:190} INFO - [2025-03-12T20:56:10.842+0000] {dagbag.py:588} INFO - Filling up the DagBag from /home/airflow/.local/lib/python3.12/site-packages/airflow/example_dags/example_python_decorator.py
[2025-03-12T20:56:10.851+0000] {processor.py:925} INFO - DAG(s) 'example_python_decorator' retrieved from /home/airflow/.local/lib/python3.12/site-packages/airflow/example_dags/example_python_decorator.py
[2025-03-12T20:56:10.872+0000] {logging_mixin.py:190} INFO - [2025-03-12T20:56:10.871+0000] {dag.py:3239} INFO - Sync 1 DAGs
[2025-03-12T20:56:10.886+0000] {logging_mixin.py:190} INFO - [2025-03-12T20:56:10.885+0000] {dag.py:4180} INFO - Setting next_dagrun for example_python_decorator to None, run_after=None
[2025-03-12T20:56:10.905+0000] {processor.py:208} INFO - Processing /home/airflow/.local/lib/python3.12/site-packages/airflow/example_dags/example_python_decorator.py took 0.069 seconds
[2025-03-12T20:56:41.647+0000] {processor.py:186} INFO - Started process (PID=1365) to work on /home/airflow/.local/lib/python3.12/site-packages/airflow/example_dags/example_python_decorator.py
[2025-03-12T20:56:41.648+0000] {processor.py:914} INFO - Processing file /home/airflow/.local/lib/python3.12/site-packages/airflow/example_dags/example_python_decorator.py for tasks to queue
[2025-03-12T20:56:41.650+0000] {logging_mixin.py:190} INFO - [2025-03-12T20:56:41.650+0000] {dagbag.py:588} INFO - Filling up the DagBag from /home/airflow/.local/lib/python3.12/site-packages/airflow/example_dags/example_python_decorator.py
[2025-03-12T20:56:41.664+0000] {processor.py:925} INFO - DAG(s) 'example_python_decorator' retrieved from /home/airflow/.local/lib/python3.12/site-packages/airflow/example_dags/example_python_decorator.py
[2025-03-12T20:56:41.684+0000] {logging_mixin.py:190} INFO - [2025-03-12T20:56:41.684+0000] {dag.py:3239} INFO - Sync 1 DAGs
[2025-03-12T20:56:41.695+0000] {logging_mixin.py:190} INFO - [2025-03-12T20:56:41.694+0000] {dag.py:4180} INFO - Setting next_dagrun for example_python_decorator to None, run_after=None
[2025-03-12T20:56:41.710+0000] {processor.py:208} INFO - Processing /home/airflow/.local/lib/python3.12/site-packages/airflow/example_dags/example_python_decorator.py took 0.068 seconds
[2025-03-12T20:57:12.274+0000] {processor.py:186} INFO - Started process (PID=1428) to work on /home/airflow/.local/lib/python3.12/site-packages/airflow/example_dags/example_python_decorator.py
[2025-03-12T20:57:12.275+0000] {processor.py:914} INFO - Processing file /home/airflow/.local/lib/python3.12/site-packages/airflow/example_dags/example_python_decorator.py for tasks to queue
[2025-03-12T20:57:12.277+0000] {logging_mixin.py:190} INFO - [2025-03-12T20:57:12.277+0000] {dagbag.py:588} INFO - Filling up the DagBag from /home/airflow/.local/lib/python3.12/site-packages/airflow/example_dags/example_python_decorator.py
[2025-03-12T20:57:12.287+0000] {processor.py:925} INFO - DAG(s) 'example_python_decorator' retrieved from /home/airflow/.local/lib/python3.12/site-packages/airflow/example_dags/example_python_decorator.py
[2025-03-12T20:57:12.305+0000] {logging_mixin.py:190} INFO - [2025-03-12T20:57:12.305+0000] {dag.py:3239} INFO - Sync 1 DAGs
[2025-03-12T20:57:12.317+0000] {logging_mixin.py:190} INFO - [2025-03-12T20:57:12.317+0000] {dag.py:4180} INFO - Setting next_dagrun for example_python_decorator to None, run_after=None
[2025-03-12T20:57:12.333+0000] {processor.py:208} INFO - Processing /home/airflow/.local/lib/python3.12/site-packages/airflow/example_dags/example_python_decorator.py took 0.064 seconds
[2025-03-12T20:57:43.090+0000] {processor.py:186} INFO - Started process (PID=1491) to work on /home/airflow/.local/lib/python3.12/site-packages/airflow/example_dags/example_python_decorator.py
[2025-03-12T20:57:43.091+0000] {processor.py:914} INFO - Processing file /home/airflow/.local/lib/python3.12/site-packages/airflow/example_dags/example_python_decorator.py for tasks to queue
[2025-03-12T20:57:43.094+0000] {logging_mixin.py:190} INFO - [2025-03-12T20:57:43.093+0000] {dagbag.py:588} INFO - Filling up the DagBag from /home/airflow/.local/lib/python3.12/site-packages/airflow/example_dags/example_python_decorator.py
[2025-03-12T20:57:43.112+0000] {processor.py:925} INFO - DAG(s) 'example_python_decorator' retrieved from /home/airflow/.local/lib/python3.12/site-packages/airflow/example_dags/example_python_decorator.py
[2025-03-12T20:57:43.138+0000] {logging_mixin.py:190} INFO - [2025-03-12T20:57:43.137+0000] {dag.py:3239} INFO - Sync 1 DAGs
[2025-03-12T20:57:43.155+0000] {logging_mixin.py:190} INFO - [2025-03-12T20:57:43.155+0000] {dag.py:4180} INFO - Setting next_dagrun for example_python_decorator to None, run_after=None
[2025-03-12T20:57:43.170+0000] {processor.py:208} INFO - Processing /home/airflow/.local/lib/python3.12/site-packages/airflow/example_dags/example_python_decorator.py took 0.087 seconds
[2025-03-12T20:58:14.352+0000] {processor.py:186} INFO - Started process (PID=1554) to work on /home/airflow/.local/lib/python3.12/site-packages/airflow/example_dags/example_python_decorator.py
[2025-03-12T20:58:14.353+0000] {processor.py:914} INFO - Processing file /home/airflow/.local/lib/python3.12/site-packages/airflow/example_dags/example_python_decorator.py for tasks to queue
[2025-03-12T20:58:14.354+0000] {logging_mixin.py:190} INFO - [2025-03-12T20:58:14.354+0000] {dagbag.py:588} INFO - Filling up the DagBag from /home/airflow/.local/lib/python3.12/site-packages/airflow/example_dags/example_python_decorator.py
[2025-03-12T20:58:14.365+0000] {processor.py:925} INFO - DAG(s) 'example_python_decorator' retrieved from /home/airflow/.local/lib/python3.12/site-packages/airflow/example_dags/example_python_decorator.py
[2025-03-12T20:58:14.384+0000] {logging_mixin.py:190} INFO - [2025-03-12T20:58:14.384+0000] {dag.py:3239} INFO - Sync 1 DAGs
[2025-03-12T20:58:14.400+0000] {logging_mixin.py:190} INFO - [2025-03-12T20:58:14.399+0000] {dag.py:4180} INFO - Setting next_dagrun for example_python_decorator to None, run_after=None
[2025-03-12T20:58:14.422+0000] {processor.py:208} INFO - Processing /home/airflow/.local/lib/python3.12/site-packages/airflow/example_dags/example_python_decorator.py took 0.074 seconds
[2025-03-12T20:58:45.217+0000] {processor.py:186} INFO - Started process (PID=1617) to work on /home/airflow/.local/lib/python3.12/site-packages/airflow/example_dags/example_python_decorator.py
[2025-03-12T20:58:45.218+0000] {processor.py:914} INFO - Processing file /home/airflow/.local/lib/python3.12/site-packages/airflow/example_dags/example_python_decorator.py for tasks to queue
[2025-03-12T20:58:45.220+0000] {logging_mixin.py:190} INFO - [2025-03-12T20:58:45.220+0000] {dagbag.py:588} INFO - Filling up the DagBag from /home/airflow/.local/lib/python3.12/site-packages/airflow/example_dags/example_python_decorator.py
[2025-03-12T20:58:45.231+0000] {processor.py:925} INFO - DAG(s) 'example_python_decorator' retrieved from /home/airflow/.local/lib/python3.12/site-packages/airflow/example_dags/example_python_decorator.py
[2025-03-12T20:58:45.250+0000] {logging_mixin.py:190} INFO - [2025-03-12T20:58:45.249+0000] {dag.py:3239} INFO - Sync 1 DAGs
[2025-03-12T20:58:45.262+0000] {logging_mixin.py:190} INFO - [2025-03-12T20:58:45.262+0000] {dag.py:4180} INFO - Setting next_dagrun for example_python_decorator to None, run_after=None
[2025-03-12T20:58:45.274+0000] {processor.py:208} INFO - Processing /home/airflow/.local/lib/python3.12/site-packages/airflow/example_dags/example_python_decorator.py took 0.062 seconds
[2025-03-12T20:59:16.062+0000] {processor.py:186} INFO - Started process (PID=1680) to work on /home/airflow/.local/lib/python3.12/site-packages/airflow/example_dags/example_python_decorator.py
[2025-03-12T20:59:16.063+0000] {processor.py:914} INFO - Processing file /home/airflow/.local/lib/python3.12/site-packages/airflow/example_dags/example_python_decorator.py for tasks to queue
[2025-03-12T20:59:16.064+0000] {logging_mixin.py:190} INFO - [2025-03-12T20:59:16.064+0000] {dagbag.py:588} INFO - Filling up the DagBag from /home/airflow/.local/lib/python3.12/site-packages/airflow/example_dags/example_python_decorator.py
[2025-03-12T20:59:16.073+0000] {processor.py:925} INFO - DAG(s) 'example_python_decorator' retrieved from /home/airflow/.local/lib/python3.12/site-packages/airflow/example_dags/example_python_decorator.py
[2025-03-12T20:59:16.090+0000] {logging_mixin.py:190} INFO - [2025-03-12T20:59:16.090+0000] {dag.py:3239} INFO - Sync 1 DAGs
[2025-03-12T20:59:16.099+0000] {logging_mixin.py:190} INFO - [2025-03-12T20:59:16.099+0000] {dag.py:4180} INFO - Setting next_dagrun for example_python_decorator to None, run_after=None
[2025-03-12T20:59:16.114+0000] {processor.py:208} INFO - Processing /home/airflow/.local/lib/python3.12/site-packages/airflow/example_dags/example_python_decorator.py took 0.057 seconds
[2025-03-12T20:59:46.531+0000] {processor.py:186} INFO - Started process (PID=1743) to work on /home/airflow/.local/lib/python3.12/site-packages/airflow/example_dags/example_python_decorator.py
[2025-03-12T20:59:46.532+0000] {processor.py:914} INFO - Processing file /home/airflow/.local/lib/python3.12/site-packages/airflow/example_dags/example_python_decorator.py for tasks to queue
[2025-03-12T20:59:46.534+0000] {logging_mixin.py:190} INFO - [2025-03-12T20:59:46.533+0000] {dagbag.py:588} INFO - Filling up the DagBag from /home/airflow/.local/lib/python3.12/site-packages/airflow/example_dags/example_python_decorator.py
[2025-03-12T20:59:46.546+0000] {processor.py:925} INFO - DAG(s) 'example_python_decorator' retrieved from /home/airflow/.local/lib/python3.12/site-packages/airflow/example_dags/example_python_decorator.py
[2025-03-12T20:59:46.564+0000] {logging_mixin.py:190} INFO - [2025-03-12T20:59:46.564+0000] {dag.py:3239} INFO - Sync 1 DAGs
[2025-03-12T20:59:46.578+0000] {logging_mixin.py:190} INFO - [2025-03-12T20:59:46.578+0000] {dag.py:4180} INFO - Setting next_dagrun for example_python_decorator to None, run_after=None
[2025-03-12T20:59:46.600+0000] {processor.py:208} INFO - Processing /home/airflow/.local/lib/python3.12/site-packages/airflow/example_dags/example_python_decorator.py took 0.073 seconds
[2025-03-12T21:00:17.338+0000] {processor.py:186} INFO - Started process (PID=1806) to work on /home/airflow/.local/lib/python3.12/site-packages/airflow/example_dags/example_python_decorator.py
[2025-03-12T21:00:17.339+0000] {processor.py:914} INFO - Processing file /home/airflow/.local/lib/python3.12/site-packages/airflow/example_dags/example_python_decorator.py for tasks to queue
[2025-03-12T21:00:17.341+0000] {logging_mixin.py:190} INFO - [2025-03-12T21:00:17.341+0000] {dagbag.py:588} INFO - Filling up the DagBag from /home/airflow/.local/lib/python3.12/site-packages/airflow/example_dags/example_python_decorator.py
[2025-03-12T21:00:17.351+0000] {processor.py:925} INFO - DAG(s) 'example_python_decorator' retrieved from /home/airflow/.local/lib/python3.12/site-packages/airflow/example_dags/example_python_decorator.py
[2025-03-12T21:00:17.369+0000] {logging_mixin.py:190} INFO - [2025-03-12T21:00:17.369+0000] {dag.py:3239} INFO - Sync 1 DAGs
[2025-03-12T21:00:17.380+0000] {logging_mixin.py:190} INFO - [2025-03-12T21:00:17.380+0000] {dag.py:4180} INFO - Setting next_dagrun for example_python_decorator to None, run_after=None
[2025-03-12T21:00:17.397+0000] {processor.py:208} INFO - Processing /home/airflow/.local/lib/python3.12/site-packages/airflow/example_dags/example_python_decorator.py took 0.067 seconds
[2025-03-12T21:00:47.928+0000] {processor.py:186} INFO - Started process (PID=1869) to work on /home/airflow/.local/lib/python3.12/site-packages/airflow/example_dags/example_python_decorator.py
[2025-03-12T21:00:47.929+0000] {processor.py:914} INFO - Processing file /home/airflow/.local/lib/python3.12/site-packages/airflow/example_dags/example_python_decorator.py for tasks to queue
[2025-03-12T21:00:47.930+0000] {logging_mixin.py:190} INFO - [2025-03-12T21:00:47.930+0000] {dagbag.py:588} INFO - Filling up the DagBag from /home/airflow/.local/lib/python3.12/site-packages/airflow/example_dags/example_python_decorator.py
[2025-03-12T21:00:47.937+0000] {processor.py:925} INFO - DAG(s) 'example_python_decorator' retrieved from /home/airflow/.local/lib/python3.12/site-packages/airflow/example_dags/example_python_decorator.py
[2025-03-12T21:00:47.955+0000] {logging_mixin.py:190} INFO - [2025-03-12T21:00:47.954+0000] {dag.py:3239} INFO - Sync 1 DAGs
[2025-03-12T21:00:47.966+0000] {logging_mixin.py:190} INFO - [2025-03-12T21:00:47.966+0000] {dag.py:4180} INFO - Setting next_dagrun for example_python_decorator to None, run_after=None
[2025-03-12T21:00:47.979+0000] {processor.py:208} INFO - Processing /home/airflow/.local/lib/python3.12/site-packages/airflow/example_dags/example_python_decorator.py took 0.053 seconds
[2025-03-12T21:01:18.933+0000] {processor.py:186} INFO - Started process (PID=1932) to work on /home/airflow/.local/lib/python3.12/site-packages/airflow/example_dags/example_python_decorator.py
[2025-03-12T21:01:18.934+0000] {processor.py:914} INFO - Processing file /home/airflow/.local/lib/python3.12/site-packages/airflow/example_dags/example_python_decorator.py for tasks to queue
[2025-03-12T21:01:18.936+0000] {logging_mixin.py:190} INFO - [2025-03-12T21:01:18.936+0000] {dagbag.py:588} INFO - Filling up the DagBag from /home/airflow/.local/lib/python3.12/site-packages/airflow/example_dags/example_python_decorator.py
[2025-03-12T21:01:18.951+0000] {processor.py:925} INFO - DAG(s) 'example_python_decorator' retrieved from /home/airflow/.local/lib/python3.12/site-packages/airflow/example_dags/example_python_decorator.py
[2025-03-12T21:01:18.973+0000] {logging_mixin.py:190} INFO - [2025-03-12T21:01:18.972+0000] {dag.py:3239} INFO - Sync 1 DAGs
[2025-03-12T21:01:18.988+0000] {logging_mixin.py:190} INFO - [2025-03-12T21:01:18.988+0000] {dag.py:4180} INFO - Setting next_dagrun for example_python_decorator to None, run_after=None
[2025-03-12T21:01:19.008+0000] {processor.py:208} INFO - Processing /home/airflow/.local/lib/python3.12/site-packages/airflow/example_dags/example_python_decorator.py took 0.081 seconds
[2025-03-12T21:01:50.227+0000] {processor.py:186} INFO - Started process (PID=1996) to work on /home/airflow/.local/lib/python3.12/site-packages/airflow/example_dags/example_python_decorator.py
[2025-03-12T21:01:50.228+0000] {processor.py:914} INFO - Processing file /home/airflow/.local/lib/python3.12/site-packages/airflow/example_dags/example_python_decorator.py for tasks to queue
[2025-03-12T21:01:50.230+0000] {logging_mixin.py:190} INFO - [2025-03-12T21:01:50.230+0000] {dagbag.py:588} INFO - Filling up the DagBag from /home/airflow/.local/lib/python3.12/site-packages/airflow/example_dags/example_python_decorator.py
[2025-03-12T21:01:50.244+0000] {processor.py:925} INFO - DAG(s) 'example_python_decorator' retrieved from /home/airflow/.local/lib/python3.12/site-packages/airflow/example_dags/example_python_decorator.py
[2025-03-12T21:01:50.264+0000] {logging_mixin.py:190} INFO - [2025-03-12T21:01:50.264+0000] {dag.py:3239} INFO - Sync 1 DAGs
[2025-03-12T21:01:50.278+0000] {logging_mixin.py:190} INFO - [2025-03-12T21:01:50.278+0000] {dag.py:4180} INFO - Setting next_dagrun for example_python_decorator to None, run_after=None
[2025-03-12T21:01:50.296+0000] {processor.py:208} INFO - Processing /home/airflow/.local/lib/python3.12/site-packages/airflow/example_dags/example_python_decorator.py took 0.074 seconds
[2025-03-12T21:02:21.000+0000] {processor.py:186} INFO - Started process (PID=2058) to work on /home/airflow/.local/lib/python3.12/site-packages/airflow/example_dags/example_python_decorator.py
[2025-03-12T21:02:21.001+0000] {processor.py:914} INFO - Processing file /home/airflow/.local/lib/python3.12/site-packages/airflow/example_dags/example_python_decorator.py for tasks to queue
[2025-03-12T21:02:21.004+0000] {logging_mixin.py:190} INFO - [2025-03-12T21:02:21.003+0000] {dagbag.py:588} INFO - Filling up the DagBag from /home/airflow/.local/lib/python3.12/site-packages/airflow/example_dags/example_python_decorator.py
[2025-03-12T21:02:21.023+0000] {processor.py:925} INFO - DAG(s) 'example_python_decorator' retrieved from /home/airflow/.local/lib/python3.12/site-packages/airflow/example_dags/example_python_decorator.py
[2025-03-12T21:02:21.049+0000] {logging_mixin.py:190} INFO - [2025-03-12T21:02:21.049+0000] {dag.py:3239} INFO - Sync 1 DAGs
[2025-03-12T21:02:21.064+0000] {logging_mixin.py:190} INFO - [2025-03-12T21:02:21.064+0000] {dag.py:4180} INFO - Setting next_dagrun for example_python_decorator to None, run_after=None
[2025-03-12T21:02:21.086+0000] {processor.py:208} INFO - Processing /home/airflow/.local/lib/python3.12/site-packages/airflow/example_dags/example_python_decorator.py took 0.094 seconds
[2025-03-12T21:02:52.306+0000] {processor.py:186} INFO - Started process (PID=2121) to work on /home/airflow/.local/lib/python3.12/site-packages/airflow/example_dags/example_python_decorator.py
[2025-03-12T21:02:52.306+0000] {processor.py:914} INFO - Processing file /home/airflow/.local/lib/python3.12/site-packages/airflow/example_dags/example_python_decorator.py for tasks to queue
[2025-03-12T21:02:52.308+0000] {logging_mixin.py:190} INFO - [2025-03-12T21:02:52.308+0000] {dagbag.py:588} INFO - Filling up the DagBag from /home/airflow/.local/lib/python3.12/site-packages/airflow/example_dags/example_python_decorator.py
[2025-03-12T21:02:52.317+0000] {processor.py:925} INFO - DAG(s) 'example_python_decorator' retrieved from /home/airflow/.local/lib/python3.12/site-packages/airflow/example_dags/example_python_decorator.py
[2025-03-12T21:02:52.335+0000] {logging_mixin.py:190} INFO - [2025-03-12T21:02:52.335+0000] {dag.py:3239} INFO - Sync 1 DAGs
[2025-03-12T21:02:52.346+0000] {logging_mixin.py:190} INFO - [2025-03-12T21:02:52.346+0000] {dag.py:4180} INFO - Setting next_dagrun for example_python_decorator to None, run_after=None
[2025-03-12T21:02:52.364+0000] {processor.py:208} INFO - Processing /home/airflow/.local/lib/python3.12/site-packages/airflow/example_dags/example_python_decorator.py took 0.061 seconds
[2025-03-12T21:03:22.791+0000] {processor.py:186} INFO - Started process (PID=2184) to work on /home/airflow/.local/lib/python3.12/site-packages/airflow/example_dags/example_python_decorator.py
[2025-03-12T21:03:22.792+0000] {processor.py:914} INFO - Processing file /home/airflow/.local/lib/python3.12/site-packages/airflow/example_dags/example_python_decorator.py for tasks to queue
[2025-03-12T21:03:22.794+0000] {logging_mixin.py:190} INFO - [2025-03-12T21:03:22.794+0000] {dagbag.py:588} INFO - Filling up the DagBag from /home/airflow/.local/lib/python3.12/site-packages/airflow/example_dags/example_python_decorator.py
[2025-03-12T21:03:22.809+0000] {processor.py:925} INFO - DAG(s) 'example_python_decorator' retrieved from /home/airflow/.local/lib/python3.12/site-packages/airflow/example_dags/example_python_decorator.py
[2025-03-12T21:03:22.829+0000] {logging_mixin.py:190} INFO - [2025-03-12T21:03:22.829+0000] {dag.py:3239} INFO - Sync 1 DAGs
[2025-03-12T21:03:22.841+0000] {logging_mixin.py:190} INFO - [2025-03-12T21:03:22.841+0000] {dag.py:4180} INFO - Setting next_dagrun for example_python_decorator to None, run_after=None
[2025-03-12T21:03:22.857+0000] {processor.py:208} INFO - Processing /home/airflow/.local/lib/python3.12/site-packages/airflow/example_dags/example_python_decorator.py took 0.072 seconds
[2025-03-12T21:03:53.869+0000] {processor.py:186} INFO - Started process (PID=2247) to work on /home/airflow/.local/lib/python3.12/site-packages/airflow/example_dags/example_python_decorator.py
[2025-03-12T21:03:53.870+0000] {processor.py:914} INFO - Processing file /home/airflow/.local/lib/python3.12/site-packages/airflow/example_dags/example_python_decorator.py for tasks to queue
[2025-03-12T21:03:53.871+0000] {logging_mixin.py:190} INFO - [2025-03-12T21:03:53.871+0000] {dagbag.py:588} INFO - Filling up the DagBag from /home/airflow/.local/lib/python3.12/site-packages/airflow/example_dags/example_python_decorator.py
[2025-03-12T21:03:53.879+0000] {processor.py:925} INFO - DAG(s) 'example_python_decorator' retrieved from /home/airflow/.local/lib/python3.12/site-packages/airflow/example_dags/example_python_decorator.py
[2025-03-12T21:03:53.898+0000] {logging_mixin.py:190} INFO - [2025-03-12T21:03:53.898+0000] {dag.py:3239} INFO - Sync 1 DAGs
[2025-03-12T21:03:53.909+0000] {logging_mixin.py:190} INFO - [2025-03-12T21:03:53.909+0000] {dag.py:4180} INFO - Setting next_dagrun for example_python_decorator to None, run_after=None
[2025-03-12T21:03:53.924+0000] {processor.py:208} INFO - Processing /home/airflow/.local/lib/python3.12/site-packages/airflow/example_dags/example_python_decorator.py took 0.060 seconds
[2025-03-12T21:04:24.538+0000] {processor.py:186} INFO - Started process (PID=2310) to work on /home/airflow/.local/lib/python3.12/site-packages/airflow/example_dags/example_python_decorator.py
[2025-03-12T21:04:24.539+0000] {processor.py:914} INFO - Processing file /home/airflow/.local/lib/python3.12/site-packages/airflow/example_dags/example_python_decorator.py for tasks to queue
[2025-03-12T21:04:24.540+0000] {logging_mixin.py:190} INFO - [2025-03-12T21:04:24.540+0000] {dagbag.py:588} INFO - Filling up the DagBag from /home/airflow/.local/lib/python3.12/site-packages/airflow/example_dags/example_python_decorator.py
[2025-03-12T21:04:24.549+0000] {processor.py:925} INFO - DAG(s) 'example_python_decorator' retrieved from /home/airflow/.local/lib/python3.12/site-packages/airflow/example_dags/example_python_decorator.py
[2025-03-12T21:04:24.566+0000] {logging_mixin.py:190} INFO - [2025-03-12T21:04:24.565+0000] {dag.py:3239} INFO - Sync 1 DAGs
[2025-03-12T21:04:24.578+0000] {logging_mixin.py:190} INFO - [2025-03-12T21:04:24.578+0000] {dag.py:4180} INFO - Setting next_dagrun for example_python_decorator to None, run_after=None
[2025-03-12T21:04:24.594+0000] {processor.py:208} INFO - Processing /home/airflow/.local/lib/python3.12/site-packages/airflow/example_dags/example_python_decorator.py took 0.059 seconds
[2025-03-12T21:04:55.108+0000] {processor.py:186} INFO - Started process (PID=2373) to work on /home/airflow/.local/lib/python3.12/site-packages/airflow/example_dags/example_python_decorator.py
[2025-03-12T21:04:55.109+0000] {processor.py:914} INFO - Processing file /home/airflow/.local/lib/python3.12/site-packages/airflow/example_dags/example_python_decorator.py for tasks to queue
[2025-03-12T21:04:55.113+0000] {logging_mixin.py:190} INFO - [2025-03-12T21:04:55.112+0000] {dagbag.py:588} INFO - Filling up the DagBag from /home/airflow/.local/lib/python3.12/site-packages/airflow/example_dags/example_python_decorator.py
[2025-03-12T21:04:55.131+0000] {processor.py:925} INFO - DAG(s) 'example_python_decorator' retrieved from /home/airflow/.local/lib/python3.12/site-packages/airflow/example_dags/example_python_decorator.py
[2025-03-12T21:04:55.156+0000] {logging_mixin.py:190} INFO - [2025-03-12T21:04:55.156+0000] {dag.py:3239} INFO - Sync 1 DAGs
[2025-03-12T21:04:55.173+0000] {logging_mixin.py:190} INFO - [2025-03-12T21:04:55.172+0000] {dag.py:4180} INFO - Setting next_dagrun for example_python_decorator to None, run_after=None
[2025-03-12T21:04:55.195+0000] {processor.py:208} INFO - Processing /home/airflow/.local/lib/python3.12/site-packages/airflow/example_dags/example_python_decorator.py took 0.093 seconds
[2025-03-12T21:05:25.882+0000] {processor.py:186} INFO - Started process (PID=2442) to work on /home/airflow/.local/lib/python3.12/site-packages/airflow/example_dags/example_python_decorator.py
[2025-03-12T21:05:25.883+0000] {processor.py:914} INFO - Processing file /home/airflow/.local/lib/python3.12/site-packages/airflow/example_dags/example_python_decorator.py for tasks to queue
[2025-03-12T21:05:25.884+0000] {logging_mixin.py:190} INFO - [2025-03-12T21:05:25.884+0000] {dagbag.py:588} INFO - Filling up the DagBag from /home/airflow/.local/lib/python3.12/site-packages/airflow/example_dags/example_python_decorator.py
[2025-03-12T21:05:25.892+0000] {processor.py:925} INFO - DAG(s) 'example_python_decorator' retrieved from /home/airflow/.local/lib/python3.12/site-packages/airflow/example_dags/example_python_decorator.py
[2025-03-12T21:05:25.914+0000] {logging_mixin.py:190} INFO - [2025-03-12T21:05:25.913+0000] {dag.py:3239} INFO - Sync 1 DAGs
[2025-03-12T21:05:25.925+0000] {logging_mixin.py:190} INFO - [2025-03-12T21:05:25.925+0000] {dag.py:4180} INFO - Setting next_dagrun for example_python_decorator to None, run_after=None
[2025-03-12T21:05:25.943+0000] {processor.py:208} INFO - Processing /home/airflow/.local/lib/python3.12/site-packages/airflow/example_dags/example_python_decorator.py took 0.066 seconds
[2025-03-12T21:05:56.245+0000] {processor.py:186} INFO - Started process (PID=2505) to work on /home/airflow/.local/lib/python3.12/site-packages/airflow/example_dags/example_python_decorator.py
[2025-03-12T21:05:56.246+0000] {processor.py:914} INFO - Processing file /home/airflow/.local/lib/python3.12/site-packages/airflow/example_dags/example_python_decorator.py for tasks to queue
[2025-03-12T21:05:56.247+0000] {logging_mixin.py:190} INFO - [2025-03-12T21:05:56.247+0000] {dagbag.py:588} INFO - Filling up the DagBag from /home/airflow/.local/lib/python3.12/site-packages/airflow/example_dags/example_python_decorator.py
[2025-03-12T21:05:56.257+0000] {processor.py:925} INFO - DAG(s) 'example_python_decorator' retrieved from /home/airflow/.local/lib/python3.12/site-packages/airflow/example_dags/example_python_decorator.py
[2025-03-12T21:05:56.277+0000] {logging_mixin.py:190} INFO - [2025-03-12T21:05:56.277+0000] {dag.py:3239} INFO - Sync 1 DAGs
[2025-03-12T21:05:56.290+0000] {logging_mixin.py:190} INFO - [2025-03-12T21:05:56.289+0000] {dag.py:4180} INFO - Setting next_dagrun for example_python_decorator to None, run_after=None
[2025-03-12T21:05:56.302+0000] {processor.py:208} INFO - Processing /home/airflow/.local/lib/python3.12/site-packages/airflow/example_dags/example_python_decorator.py took 0.061 seconds
[2025-03-12T21:06:26.761+0000] {processor.py:186} INFO - Started process (PID=2567) to work on /home/airflow/.local/lib/python3.12/site-packages/airflow/example_dags/example_python_decorator.py
[2025-03-12T21:06:26.761+0000] {processor.py:914} INFO - Processing file /home/airflow/.local/lib/python3.12/site-packages/airflow/example_dags/example_python_decorator.py for tasks to queue
[2025-03-12T21:06:26.764+0000] {logging_mixin.py:190} INFO - [2025-03-12T21:06:26.763+0000] {dagbag.py:588} INFO - Filling up the DagBag from /home/airflow/.local/lib/python3.12/site-packages/airflow/example_dags/example_python_decorator.py
[2025-03-12T21:06:26.776+0000] {processor.py:925} INFO - DAG(s) 'example_python_decorator' retrieved from /home/airflow/.local/lib/python3.12/site-packages/airflow/example_dags/example_python_decorator.py
[2025-03-12T21:06:26.797+0000] {logging_mixin.py:190} INFO - [2025-03-12T21:06:26.796+0000] {dag.py:3239} INFO - Sync 1 DAGs
[2025-03-12T21:06:26.810+0000] {logging_mixin.py:190} INFO - [2025-03-12T21:06:26.810+0000] {dag.py:4180} INFO - Setting next_dagrun for example_python_decorator to None, run_after=None
[2025-03-12T21:06:26.829+0000] {processor.py:208} INFO - Processing /home/airflow/.local/lib/python3.12/site-packages/airflow/example_dags/example_python_decorator.py took 0.074 seconds
[2025-03-12T21:06:57.402+0000] {processor.py:186} INFO - Started process (PID=2630) to work on /home/airflow/.local/lib/python3.12/site-packages/airflow/example_dags/example_python_decorator.py
[2025-03-12T21:06:57.404+0000] {processor.py:914} INFO - Processing file /home/airflow/.local/lib/python3.12/site-packages/airflow/example_dags/example_python_decorator.py for tasks to queue
[2025-03-12T21:06:57.405+0000] {logging_mixin.py:190} INFO - [2025-03-12T21:06:57.405+0000] {dagbag.py:588} INFO - Filling up the DagBag from /home/airflow/.local/lib/python3.12/site-packages/airflow/example_dags/example_python_decorator.py
[2025-03-12T21:06:57.418+0000] {processor.py:925} INFO - DAG(s) 'example_python_decorator' retrieved from /home/airflow/.local/lib/python3.12/site-packages/airflow/example_dags/example_python_decorator.py
[2025-03-12T21:06:57.438+0000] {logging_mixin.py:190} INFO - [2025-03-12T21:06:57.437+0000] {dag.py:3239} INFO - Sync 1 DAGs
[2025-03-12T21:06:57.452+0000] {logging_mixin.py:190} INFO - [2025-03-12T21:06:57.452+0000] {dag.py:4180} INFO - Setting next_dagrun for example_python_decorator to None, run_after=None
[2025-03-12T21:06:57.469+0000] {processor.py:208} INFO - Processing /home/airflow/.local/lib/python3.12/site-packages/airflow/example_dags/example_python_decorator.py took 0.072 seconds
[2025-03-12T21:07:28.580+0000] {processor.py:186} INFO - Started process (PID=2694) to work on /home/airflow/.local/lib/python3.12/site-packages/airflow/example_dags/example_python_decorator.py
[2025-03-12T21:07:28.581+0000] {processor.py:914} INFO - Processing file /home/airflow/.local/lib/python3.12/site-packages/airflow/example_dags/example_python_decorator.py for tasks to queue
[2025-03-12T21:07:28.582+0000] {logging_mixin.py:190} INFO - [2025-03-12T21:07:28.582+0000] {dagbag.py:588} INFO - Filling up the DagBag from /home/airflow/.local/lib/python3.12/site-packages/airflow/example_dags/example_python_decorator.py
[2025-03-12T21:07:28.592+0000] {processor.py:925} INFO - DAG(s) 'example_python_decorator' retrieved from /home/airflow/.local/lib/python3.12/site-packages/airflow/example_dags/example_python_decorator.py
[2025-03-12T21:07:28.610+0000] {logging_mixin.py:190} INFO - [2025-03-12T21:07:28.610+0000] {dag.py:3239} INFO - Sync 1 DAGs
[2025-03-12T21:07:28.623+0000] {logging_mixin.py:190} INFO - [2025-03-12T21:07:28.623+0000] {dag.py:4180} INFO - Setting next_dagrun for example_python_decorator to None, run_after=None
[2025-03-12T21:07:28.638+0000] {processor.py:208} INFO - Processing /home/airflow/.local/lib/python3.12/site-packages/airflow/example_dags/example_python_decorator.py took 0.063 seconds
[2025-03-12T21:07:58.915+0000] {processor.py:186} INFO - Started process (PID=2757) to work on /home/airflow/.local/lib/python3.12/site-packages/airflow/example_dags/example_python_decorator.py
[2025-03-12T21:07:58.915+0000] {processor.py:914} INFO - Processing file /home/airflow/.local/lib/python3.12/site-packages/airflow/example_dags/example_python_decorator.py for tasks to queue
[2025-03-12T21:07:58.917+0000] {logging_mixin.py:190} INFO - [2025-03-12T21:07:58.916+0000] {dagbag.py:588} INFO - Filling up the DagBag from /home/airflow/.local/lib/python3.12/site-packages/airflow/example_dags/example_python_decorator.py
[2025-03-12T21:07:58.925+0000] {processor.py:925} INFO - DAG(s) 'example_python_decorator' retrieved from /home/airflow/.local/lib/python3.12/site-packages/airflow/example_dags/example_python_decorator.py
[2025-03-12T21:07:58.943+0000] {logging_mixin.py:190} INFO - [2025-03-12T21:07:58.943+0000] {dag.py:3239} INFO - Sync 1 DAGs
[2025-03-12T21:07:58.957+0000] {logging_mixin.py:190} INFO - [2025-03-12T21:07:58.956+0000] {dag.py:4180} INFO - Setting next_dagrun for example_python_decorator to None, run_after=None
[2025-03-12T21:07:58.973+0000] {processor.py:208} INFO - Processing /home/airflow/.local/lib/python3.12/site-packages/airflow/example_dags/example_python_decorator.py took 0.061 seconds
[2025-03-12T21:08:29.666+0000] {processor.py:186} INFO - Started process (PID=2820) to work on /home/airflow/.local/lib/python3.12/site-packages/airflow/example_dags/example_python_decorator.py
[2025-03-12T21:08:29.667+0000] {processor.py:914} INFO - Processing file /home/airflow/.local/lib/python3.12/site-packages/airflow/example_dags/example_python_decorator.py for tasks to queue
[2025-03-12T21:08:29.669+0000] {logging_mixin.py:190} INFO - [2025-03-12T21:08:29.668+0000] {dagbag.py:588} INFO - Filling up the DagBag from /home/airflow/.local/lib/python3.12/site-packages/airflow/example_dags/example_python_decorator.py
[2025-03-12T21:08:29.685+0000] {processor.py:925} INFO - DAG(s) 'example_python_decorator' retrieved from /home/airflow/.local/lib/python3.12/site-packages/airflow/example_dags/example_python_decorator.py
[2025-03-12T21:08:29.705+0000] {logging_mixin.py:190} INFO - [2025-03-12T21:08:29.705+0000] {dag.py:3239} INFO - Sync 1 DAGs
[2025-03-12T21:08:29.718+0000] {logging_mixin.py:190} INFO - [2025-03-12T21:08:29.717+0000] {dag.py:4180} INFO - Setting next_dagrun for example_python_decorator to None, run_after=None
[2025-03-12T21:08:29.739+0000] {processor.py:208} INFO - Processing /home/airflow/.local/lib/python3.12/site-packages/airflow/example_dags/example_python_decorator.py took 0.079 seconds
