[2025-03-12T20:46:28.365+0000] {processor.py:186} INFO - Started process (PID=103) to work on /home/airflow/.local/lib/python3.12/site-packages/airflow/example_dags/example_bash_decorator.py
[2025-03-12T20:46:28.365+0000] {processor.py:914} INFO - Processing file /home/airflow/.local/lib/python3.12/site-packages/airflow/example_dags/example_bash_decorator.py for tasks to queue
[2025-03-12T20:46:28.367+0000] {logging_mixin.py:190} INFO - [2025-03-12T20:46:28.367+0000] {dagbag.py:588} INFO - Filling up the DagBag from /home/airflow/.local/lib/python3.12/site-packages/airflow/example_dags/example_bash_decorator.py
[2025-03-12T20:46:28.384+0000] {processor.py:925} INFO - DAG(s) 'example_bash_decorator' retrieved from /home/airflow/.local/lib/python3.12/site-packages/airflow/example_dags/example_bash_decorator.py
[2025-03-12T20:46:28.495+0000] {logging_mixin.py:190} INFO - [2025-03-12T20:46:28.495+0000] {override.py:1912} INFO - Created Permission View: can edit on DAG:example_bash_decorator
[2025-03-12T20:46:28.506+0000] {logging_mixin.py:190} INFO - [2025-03-12T20:46:28.505+0000] {override.py:1912} INFO - Created Permission View: can read on DAG:example_bash_decorator
[2025-03-12T20:46:28.512+0000] {logging_mixin.py:190} INFO - [2025-03-12T20:46:28.512+0000] {override.py:1912} INFO - Created Permission View: can delete on DAG:example_bash_decorator
[2025-03-12T20:46:28.519+0000] {logging_mixin.py:190} INFO - [2025-03-12T20:46:28.519+0000] {override.py:1912} INFO - Created Permission View: menu access on DAG Run:example_bash_decorator
[2025-03-12T20:46:28.526+0000] {logging_mixin.py:190} INFO - [2025-03-12T20:46:28.525+0000] {override.py:1912} INFO - Created Permission View: can create on DAG Run:example_bash_decorator
[2025-03-12T20:46:28.533+0000] {logging_mixin.py:190} INFO - [2025-03-12T20:46:28.532+0000] {override.py:1912} INFO - Created Permission View: can read on DAG Run:example_bash_decorator
[2025-03-12T20:46:28.540+0000] {logging_mixin.py:190} INFO - [2025-03-12T20:46:28.539+0000] {override.py:1912} INFO - Created Permission View: can delete on DAG Run:example_bash_decorator
[2025-03-12T20:46:28.540+0000] {logging_mixin.py:190} INFO - [2025-03-12T20:46:28.540+0000] {dag.py:3239} INFO - Sync 1 DAGs
[2025-03-12T20:46:28.554+0000] {logging_mixin.py:190} INFO - [2025-03-12T20:46:28.553+0000] {dag.py:3262} INFO - Creating ORM DAG for example_bash_decorator
[2025-03-12T20:46:28.554+0000] {logging_mixin.py:190} INFO - [2025-03-12T20:46:28.554+0000] {dag.py:4180} INFO - Setting next_dagrun for example_bash_decorator to None, run_after=None
[2025-03-12T20:46:28.577+0000] {processor.py:208} INFO - Processing /home/airflow/.local/lib/python3.12/site-packages/airflow/example_dags/example_bash_decorator.py took 0.216 seconds
[2025-03-12T20:46:59.119+0000] {processor.py:186} INFO - Started process (PID=166) to work on /home/airflow/.local/lib/python3.12/site-packages/airflow/example_dags/example_bash_decorator.py
[2025-03-12T20:46:59.120+0000] {processor.py:914} INFO - Processing file /home/airflow/.local/lib/python3.12/site-packages/airflow/example_dags/example_bash_decorator.py for tasks to queue
[2025-03-12T20:46:59.122+0000] {logging_mixin.py:190} INFO - [2025-03-12T20:46:59.122+0000] {dagbag.py:588} INFO - Filling up the DagBag from /home/airflow/.local/lib/python3.12/site-packages/airflow/example_dags/example_bash_decorator.py
[2025-03-12T20:46:59.132+0000] {processor.py:925} INFO - DAG(s) 'example_bash_decorator' retrieved from /home/airflow/.local/lib/python3.12/site-packages/airflow/example_dags/example_bash_decorator.py
[2025-03-12T20:46:59.156+0000] {logging_mixin.py:190} INFO - [2025-03-12T20:46:59.155+0000] {dag.py:3239} INFO - Sync 1 DAGs
[2025-03-12T20:46:59.171+0000] {logging_mixin.py:190} INFO - [2025-03-12T20:46:59.171+0000] {dag.py:4180} INFO - Setting next_dagrun for example_bash_decorator to None, run_after=None
[2025-03-12T20:46:59.193+0000] {processor.py:208} INFO - Processing /home/airflow/.local/lib/python3.12/site-packages/airflow/example_dags/example_bash_decorator.py took 0.079 seconds
[2025-03-12T20:47:29.724+0000] {processor.py:186} INFO - Started process (PID=230) to work on /home/airflow/.local/lib/python3.12/site-packages/airflow/example_dags/example_bash_decorator.py
[2025-03-12T20:47:29.725+0000] {processor.py:914} INFO - Processing file /home/airflow/.local/lib/python3.12/site-packages/airflow/example_dags/example_bash_decorator.py for tasks to queue
[2025-03-12T20:47:29.727+0000] {logging_mixin.py:190} INFO - [2025-03-12T20:47:29.727+0000] {dagbag.py:588} INFO - Filling up the DagBag from /home/airflow/.local/lib/python3.12/site-packages/airflow/example_dags/example_bash_decorator.py
[2025-03-12T20:47:29.742+0000] {processor.py:925} INFO - DAG(s) 'example_bash_decorator' retrieved from /home/airflow/.local/lib/python3.12/site-packages/airflow/example_dags/example_bash_decorator.py
[2025-03-12T20:47:29.761+0000] {logging_mixin.py:190} INFO - [2025-03-12T20:47:29.761+0000] {dag.py:3239} INFO - Sync 1 DAGs
[2025-03-12T20:47:29.773+0000] {logging_mixin.py:190} INFO - [2025-03-12T20:47:29.773+0000] {dag.py:4180} INFO - Setting next_dagrun for example_bash_decorator to None, run_after=None
[2025-03-12T20:47:29.787+0000] {processor.py:208} INFO - Processing /home/airflow/.local/lib/python3.12/site-packages/airflow/example_dags/example_bash_decorator.py took 0.068 seconds
[2025-03-12T20:48:00.697+0000] {processor.py:186} INFO - Started process (PID=292) to work on /home/airflow/.local/lib/python3.12/site-packages/airflow/example_dags/example_bash_decorator.py
[2025-03-12T20:48:00.698+0000] {processor.py:914} INFO - Processing file /home/airflow/.local/lib/python3.12/site-packages/airflow/example_dags/example_bash_decorator.py for tasks to queue
[2025-03-12T20:48:00.700+0000] {logging_mixin.py:190} INFO - [2025-03-12T20:48:00.700+0000] {dagbag.py:588} INFO - Filling up the DagBag from /home/airflow/.local/lib/python3.12/site-packages/airflow/example_dags/example_bash_decorator.py
[2025-03-12T20:48:00.712+0000] {processor.py:925} INFO - DAG(s) 'example_bash_decorator' retrieved from /home/airflow/.local/lib/python3.12/site-packages/airflow/example_dags/example_bash_decorator.py
[2025-03-12T20:48:00.735+0000] {logging_mixin.py:190} INFO - [2025-03-12T20:48:00.735+0000] {dag.py:3239} INFO - Sync 1 DAGs
[2025-03-12T20:48:00.750+0000] {logging_mixin.py:190} INFO - [2025-03-12T20:48:00.750+0000] {dag.py:4180} INFO - Setting next_dagrun for example_bash_decorator to None, run_after=None
[2025-03-12T20:48:00.773+0000] {processor.py:208} INFO - Processing /home/airflow/.local/lib/python3.12/site-packages/airflow/example_dags/example_bash_decorator.py took 0.080 seconds
[2025-03-12T20:48:31.580+0000] {processor.py:186} INFO - Started process (PID=355) to work on /home/airflow/.local/lib/python3.12/site-packages/airflow/example_dags/example_bash_decorator.py
[2025-03-12T20:48:31.581+0000] {processor.py:914} INFO - Processing file /home/airflow/.local/lib/python3.12/site-packages/airflow/example_dags/example_bash_decorator.py for tasks to queue
[2025-03-12T20:48:31.584+0000] {logging_mixin.py:190} INFO - [2025-03-12T20:48:31.583+0000] {dagbag.py:588} INFO - Filling up the DagBag from /home/airflow/.local/lib/python3.12/site-packages/airflow/example_dags/example_bash_decorator.py
[2025-03-12T20:48:31.599+0000] {processor.py:925} INFO - DAG(s) 'example_bash_decorator' retrieved from /home/airflow/.local/lib/python3.12/site-packages/airflow/example_dags/example_bash_decorator.py
[2025-03-12T20:48:31.623+0000] {logging_mixin.py:190} INFO - [2025-03-12T20:48:31.623+0000] {dag.py:3239} INFO - Sync 1 DAGs
[2025-03-12T20:48:31.639+0000] {logging_mixin.py:190} INFO - [2025-03-12T20:48:31.639+0000] {dag.py:4180} INFO - Setting next_dagrun for example_bash_decorator to None, run_after=None
[2025-03-12T20:48:31.659+0000] {processor.py:208} INFO - Processing /home/airflow/.local/lib/python3.12/site-packages/airflow/example_dags/example_bash_decorator.py took 0.085 seconds
[2025-03-12T20:49:02.028+0000] {processor.py:186} INFO - Started process (PID=418) to work on /home/airflow/.local/lib/python3.12/site-packages/airflow/example_dags/example_bash_decorator.py
[2025-03-12T20:49:02.029+0000] {processor.py:914} INFO - Processing file /home/airflow/.local/lib/python3.12/site-packages/airflow/example_dags/example_bash_decorator.py for tasks to queue
[2025-03-12T20:49:02.031+0000] {logging_mixin.py:190} INFO - [2025-03-12T20:49:02.030+0000] {dagbag.py:588} INFO - Filling up the DagBag from /home/airflow/.local/lib/python3.12/site-packages/airflow/example_dags/example_bash_decorator.py
[2025-03-12T20:49:02.043+0000] {processor.py:925} INFO - DAG(s) 'example_bash_decorator' retrieved from /home/airflow/.local/lib/python3.12/site-packages/airflow/example_dags/example_bash_decorator.py
[2025-03-12T20:49:02.066+0000] {logging_mixin.py:190} INFO - [2025-03-12T20:49:02.065+0000] {dag.py:3239} INFO - Sync 1 DAGs
[2025-03-12T20:49:02.077+0000] {logging_mixin.py:190} INFO - [2025-03-12T20:49:02.077+0000] {dag.py:4180} INFO - Setting next_dagrun for example_bash_decorator to None, run_after=None
[2025-03-12T20:49:02.094+0000] {processor.py:208} INFO - Processing /home/airflow/.local/lib/python3.12/site-packages/airflow/example_dags/example_bash_decorator.py took 0.072 seconds
[2025-03-12T20:49:32.689+0000] {processor.py:186} INFO - Started process (PID=481) to work on /home/airflow/.local/lib/python3.12/site-packages/airflow/example_dags/example_bash_decorator.py
[2025-03-12T20:49:32.690+0000] {processor.py:914} INFO - Processing file /home/airflow/.local/lib/python3.12/site-packages/airflow/example_dags/example_bash_decorator.py for tasks to queue
[2025-03-12T20:49:32.691+0000] {logging_mixin.py:190} INFO - [2025-03-12T20:49:32.691+0000] {dagbag.py:588} INFO - Filling up the DagBag from /home/airflow/.local/lib/python3.12/site-packages/airflow/example_dags/example_bash_decorator.py
[2025-03-12T20:49:32.699+0000] {processor.py:925} INFO - DAG(s) 'example_bash_decorator' retrieved from /home/airflow/.local/lib/python3.12/site-packages/airflow/example_dags/example_bash_decorator.py
[2025-03-12T20:49:32.718+0000] {logging_mixin.py:190} INFO - [2025-03-12T20:49:32.718+0000] {dag.py:3239} INFO - Sync 1 DAGs
[2025-03-12T20:49:32.729+0000] {logging_mixin.py:190} INFO - [2025-03-12T20:49:32.729+0000] {dag.py:4180} INFO - Setting next_dagrun for example_bash_decorator to None, run_after=None
[2025-03-12T20:49:32.748+0000] {processor.py:208} INFO - Processing /home/airflow/.local/lib/python3.12/site-packages/airflow/example_dags/example_bash_decorator.py took 0.063 seconds
[2025-03-12T20:50:03.178+0000] {processor.py:186} INFO - Started process (PID=544) to work on /home/airflow/.local/lib/python3.12/site-packages/airflow/example_dags/example_bash_decorator.py
[2025-03-12T20:50:03.179+0000] {processor.py:914} INFO - Processing file /home/airflow/.local/lib/python3.12/site-packages/airflow/example_dags/example_bash_decorator.py for tasks to queue
[2025-03-12T20:50:03.180+0000] {logging_mixin.py:190} INFO - [2025-03-12T20:50:03.180+0000] {dagbag.py:588} INFO - Filling up the DagBag from /home/airflow/.local/lib/python3.12/site-packages/airflow/example_dags/example_bash_decorator.py
[2025-03-12T20:50:03.189+0000] {processor.py:925} INFO - DAG(s) 'example_bash_decorator' retrieved from /home/airflow/.local/lib/python3.12/site-packages/airflow/example_dags/example_bash_decorator.py
[2025-03-12T20:50:03.206+0000] {logging_mixin.py:190} INFO - [2025-03-12T20:50:03.206+0000] {dag.py:3239} INFO - Sync 1 DAGs
[2025-03-12T20:50:03.218+0000] {logging_mixin.py:190} INFO - [2025-03-12T20:50:03.218+0000] {dag.py:4180} INFO - Setting next_dagrun for example_bash_decorator to None, run_after=None
[2025-03-12T20:50:03.233+0000] {processor.py:208} INFO - Processing /home/airflow/.local/lib/python3.12/site-packages/airflow/example_dags/example_bash_decorator.py took 0.060 seconds
[2025-03-12T20:50:33.827+0000] {processor.py:186} INFO - Started process (PID=607) to work on /home/airflow/.local/lib/python3.12/site-packages/airflow/example_dags/example_bash_decorator.py
[2025-03-12T20:50:33.828+0000] {processor.py:914} INFO - Processing file /home/airflow/.local/lib/python3.12/site-packages/airflow/example_dags/example_bash_decorator.py for tasks to queue
[2025-03-12T20:50:33.830+0000] {logging_mixin.py:190} INFO - [2025-03-12T20:50:33.830+0000] {dagbag.py:588} INFO - Filling up the DagBag from /home/airflow/.local/lib/python3.12/site-packages/airflow/example_dags/example_bash_decorator.py
[2025-03-12T20:50:33.843+0000] {processor.py:925} INFO - DAG(s) 'example_bash_decorator' retrieved from /home/airflow/.local/lib/python3.12/site-packages/airflow/example_dags/example_bash_decorator.py
[2025-03-12T20:50:33.864+0000] {logging_mixin.py:190} INFO - [2025-03-12T20:50:33.864+0000] {dag.py:3239} INFO - Sync 1 DAGs
[2025-03-12T20:50:33.878+0000] {logging_mixin.py:190} INFO - [2025-03-12T20:50:33.878+0000] {dag.py:4180} INFO - Setting next_dagrun for example_bash_decorator to None, run_after=None
[2025-03-12T20:50:33.898+0000] {processor.py:208} INFO - Processing /home/airflow/.local/lib/python3.12/site-packages/airflow/example_dags/example_bash_decorator.py took 0.076 seconds
[2025-03-12T20:51:04.177+0000] {processor.py:186} INFO - Started process (PID=670) to work on /home/airflow/.local/lib/python3.12/site-packages/airflow/example_dags/example_bash_decorator.py
[2025-03-12T20:51:04.178+0000] {processor.py:914} INFO - Processing file /home/airflow/.local/lib/python3.12/site-packages/airflow/example_dags/example_bash_decorator.py for tasks to queue
[2025-03-12T20:51:04.180+0000] {logging_mixin.py:190} INFO - [2025-03-12T20:51:04.180+0000] {dagbag.py:588} INFO - Filling up the DagBag from /home/airflow/.local/lib/python3.12/site-packages/airflow/example_dags/example_bash_decorator.py
[2025-03-12T20:51:04.191+0000] {processor.py:925} INFO - DAG(s) 'example_bash_decorator' retrieved from /home/airflow/.local/lib/python3.12/site-packages/airflow/example_dags/example_bash_decorator.py
[2025-03-12T20:51:04.210+0000] {logging_mixin.py:190} INFO - [2025-03-12T20:51:04.210+0000] {dag.py:3239} INFO - Sync 1 DAGs
[2025-03-12T20:51:04.218+0000] {logging_mixin.py:190} INFO - [2025-03-12T20:51:04.218+0000] {dag.py:4180} INFO - Setting next_dagrun for example_bash_decorator to None, run_after=None
[2025-03-12T20:51:04.230+0000] {processor.py:208} INFO - Processing /home/airflow/.local/lib/python3.12/site-packages/airflow/example_dags/example_bash_decorator.py took 0.058 seconds
[2025-03-12T20:51:34.530+0000] {processor.py:186} INFO - Started process (PID=733) to work on /home/airflow/.local/lib/python3.12/site-packages/airflow/example_dags/example_bash_decorator.py
[2025-03-12T20:51:34.531+0000] {processor.py:914} INFO - Processing file /home/airflow/.local/lib/python3.12/site-packages/airflow/example_dags/example_bash_decorator.py for tasks to queue
[2025-03-12T20:51:34.532+0000] {logging_mixin.py:190} INFO - [2025-03-12T20:51:34.532+0000] {dagbag.py:588} INFO - Filling up the DagBag from /home/airflow/.local/lib/python3.12/site-packages/airflow/example_dags/example_bash_decorator.py
[2025-03-12T20:51:34.543+0000] {processor.py:925} INFO - DAG(s) 'example_bash_decorator' retrieved from /home/airflow/.local/lib/python3.12/site-packages/airflow/example_dags/example_bash_decorator.py
[2025-03-12T20:51:34.562+0000] {logging_mixin.py:190} INFO - [2025-03-12T20:51:34.562+0000] {dag.py:3239} INFO - Sync 1 DAGs
[2025-03-12T20:51:34.573+0000] {logging_mixin.py:190} INFO - [2025-03-12T20:51:34.573+0000] {dag.py:4180} INFO - Setting next_dagrun for example_bash_decorator to None, run_after=None
[2025-03-12T20:51:34.589+0000] {processor.py:208} INFO - Processing /home/airflow/.local/lib/python3.12/site-packages/airflow/example_dags/example_bash_decorator.py took 0.064 seconds
[2025-03-12T20:52:04.625+0000] {processor.py:186} INFO - Started process (PID=795) to work on /home/airflow/.local/lib/python3.12/site-packages/airflow/example_dags/example_bash_decorator.py
[2025-03-12T20:52:04.626+0000] {processor.py:914} INFO - Processing file /home/airflow/.local/lib/python3.12/site-packages/airflow/example_dags/example_bash_decorator.py for tasks to queue
[2025-03-12T20:52:04.627+0000] {logging_mixin.py:190} INFO - [2025-03-12T20:52:04.627+0000] {dagbag.py:588} INFO - Filling up the DagBag from /home/airflow/.local/lib/python3.12/site-packages/airflow/example_dags/example_bash_decorator.py
[2025-03-12T20:52:04.635+0000] {processor.py:925} INFO - DAG(s) 'example_bash_decorator' retrieved from /home/airflow/.local/lib/python3.12/site-packages/airflow/example_dags/example_bash_decorator.py
[2025-03-12T20:52:04.651+0000] {logging_mixin.py:190} INFO - [2025-03-12T20:52:04.651+0000] {dag.py:3239} INFO - Sync 1 DAGs
[2025-03-12T20:52:04.658+0000] {logging_mixin.py:190} INFO - [2025-03-12T20:52:04.658+0000] {dag.py:4180} INFO - Setting next_dagrun for example_bash_decorator to None, run_after=None
[2025-03-12T20:52:04.669+0000] {processor.py:208} INFO - Processing /home/airflow/.local/lib/python3.12/site-packages/airflow/example_dags/example_bash_decorator.py took 0.049 seconds
[2025-03-12T20:52:35.264+0000] {processor.py:186} INFO - Started process (PID=858) to work on /home/airflow/.local/lib/python3.12/site-packages/airflow/example_dags/example_bash_decorator.py
[2025-03-12T20:52:35.265+0000] {processor.py:914} INFO - Processing file /home/airflow/.local/lib/python3.12/site-packages/airflow/example_dags/example_bash_decorator.py for tasks to queue
[2025-03-12T20:52:35.267+0000] {logging_mixin.py:190} INFO - [2025-03-12T20:52:35.267+0000] {dagbag.py:588} INFO - Filling up the DagBag from /home/airflow/.local/lib/python3.12/site-packages/airflow/example_dags/example_bash_decorator.py
[2025-03-12T20:52:35.279+0000] {processor.py:925} INFO - DAG(s) 'example_bash_decorator' retrieved from /home/airflow/.local/lib/python3.12/site-packages/airflow/example_dags/example_bash_decorator.py
[2025-03-12T20:52:35.296+0000] {logging_mixin.py:190} INFO - [2025-03-12T20:52:35.296+0000] {dag.py:3239} INFO - Sync 1 DAGs
[2025-03-12T20:52:35.304+0000] {logging_mixin.py:190} INFO - [2025-03-12T20:52:35.303+0000] {dag.py:4180} INFO - Setting next_dagrun for example_bash_decorator to None, run_after=None
[2025-03-12T20:52:35.313+0000] {processor.py:208} INFO - Processing /home/airflow/.local/lib/python3.12/site-packages/airflow/example_dags/example_bash_decorator.py took 0.053 seconds
[2025-03-12T20:53:06.050+0000] {processor.py:186} INFO - Started process (PID=921) to work on /home/airflow/.local/lib/python3.12/site-packages/airflow/example_dags/example_bash_decorator.py
[2025-03-12T20:53:06.050+0000] {processor.py:914} INFO - Processing file /home/airflow/.local/lib/python3.12/site-packages/airflow/example_dags/example_bash_decorator.py for tasks to queue
[2025-03-12T20:53:06.052+0000] {logging_mixin.py:190} INFO - [2025-03-12T20:53:06.051+0000] {dagbag.py:588} INFO - Filling up the DagBag from /home/airflow/.local/lib/python3.12/site-packages/airflow/example_dags/example_bash_decorator.py
[2025-03-12T20:53:06.060+0000] {processor.py:925} INFO - DAG(s) 'example_bash_decorator' retrieved from /home/airflow/.local/lib/python3.12/site-packages/airflow/example_dags/example_bash_decorator.py
[2025-03-12T20:53:06.079+0000] {logging_mixin.py:190} INFO - [2025-03-12T20:53:06.079+0000] {dag.py:3239} INFO - Sync 1 DAGs
[2025-03-12T20:53:06.092+0000] {logging_mixin.py:190} INFO - [2025-03-12T20:53:06.091+0000] {dag.py:4180} INFO - Setting next_dagrun for example_bash_decorator to None, run_after=None
[2025-03-12T20:53:06.105+0000] {processor.py:208} INFO - Processing /home/airflow/.local/lib/python3.12/site-packages/airflow/example_dags/example_bash_decorator.py took 0.060 seconds
[2025-03-12T20:53:36.849+0000] {processor.py:186} INFO - Started process (PID=984) to work on /home/airflow/.local/lib/python3.12/site-packages/airflow/example_dags/example_bash_decorator.py
[2025-03-12T20:53:36.850+0000] {processor.py:914} INFO - Processing file /home/airflow/.local/lib/python3.12/site-packages/airflow/example_dags/example_bash_decorator.py for tasks to queue
[2025-03-12T20:53:36.851+0000] {logging_mixin.py:190} INFO - [2025-03-12T20:53:36.851+0000] {dagbag.py:588} INFO - Filling up the DagBag from /home/airflow/.local/lib/python3.12/site-packages/airflow/example_dags/example_bash_decorator.py
[2025-03-12T20:53:36.863+0000] {processor.py:925} INFO - DAG(s) 'example_bash_decorator' retrieved from /home/airflow/.local/lib/python3.12/site-packages/airflow/example_dags/example_bash_decorator.py
[2025-03-12T20:53:36.882+0000] {logging_mixin.py:190} INFO - [2025-03-12T20:53:36.882+0000] {dag.py:3239} INFO - Sync 1 DAGs
[2025-03-12T20:53:36.893+0000] {logging_mixin.py:190} INFO - [2025-03-12T20:53:36.893+0000] {dag.py:4180} INFO - Setting next_dagrun for example_bash_decorator to None, run_after=None
[2025-03-12T20:53:36.905+0000] {processor.py:208} INFO - Processing /home/airflow/.local/lib/python3.12/site-packages/airflow/example_dags/example_bash_decorator.py took 0.060 seconds
[2025-03-12T20:54:07.176+0000] {processor.py:186} INFO - Started process (PID=1047) to work on /home/airflow/.local/lib/python3.12/site-packages/airflow/example_dags/example_bash_decorator.py
[2025-03-12T20:54:07.177+0000] {processor.py:914} INFO - Processing file /home/airflow/.local/lib/python3.12/site-packages/airflow/example_dags/example_bash_decorator.py for tasks to queue
[2025-03-12T20:54:07.179+0000] {logging_mixin.py:190} INFO - [2025-03-12T20:54:07.178+0000] {dagbag.py:588} INFO - Filling up the DagBag from /home/airflow/.local/lib/python3.12/site-packages/airflow/example_dags/example_bash_decorator.py
[2025-03-12T20:54:07.190+0000] {processor.py:925} INFO - DAG(s) 'example_bash_decorator' retrieved from /home/airflow/.local/lib/python3.12/site-packages/airflow/example_dags/example_bash_decorator.py
[2025-03-12T20:54:07.208+0000] {logging_mixin.py:190} INFO - [2025-03-12T20:54:07.208+0000] {dag.py:3239} INFO - Sync 1 DAGs
[2025-03-12T20:54:07.219+0000] {logging_mixin.py:190} INFO - [2025-03-12T20:54:07.219+0000] {dag.py:4180} INFO - Setting next_dagrun for example_bash_decorator to None, run_after=None
[2025-03-12T20:54:07.234+0000] {processor.py:208} INFO - Processing /home/airflow/.local/lib/python3.12/site-packages/airflow/example_dags/example_bash_decorator.py took 0.062 seconds
[2025-03-12T20:54:38.090+0000] {processor.py:186} INFO - Started process (PID=1110) to work on /home/airflow/.local/lib/python3.12/site-packages/airflow/example_dags/example_bash_decorator.py
[2025-03-12T20:54:38.091+0000] {processor.py:914} INFO - Processing file /home/airflow/.local/lib/python3.12/site-packages/airflow/example_dags/example_bash_decorator.py for tasks to queue
[2025-03-12T20:54:38.093+0000] {logging_mixin.py:190} INFO - [2025-03-12T20:54:38.093+0000] {dagbag.py:588} INFO - Filling up the DagBag from /home/airflow/.local/lib/python3.12/site-packages/airflow/example_dags/example_bash_decorator.py
[2025-03-12T20:54:38.108+0000] {processor.py:925} INFO - DAG(s) 'example_bash_decorator' retrieved from /home/airflow/.local/lib/python3.12/site-packages/airflow/example_dags/example_bash_decorator.py
[2025-03-12T20:54:38.125+0000] {logging_mixin.py:190} INFO - [2025-03-12T20:54:38.124+0000] {dag.py:3239} INFO - Sync 1 DAGs
[2025-03-12T20:54:38.138+0000] {logging_mixin.py:190} INFO - [2025-03-12T20:54:38.138+0000] {dag.py:4180} INFO - Setting next_dagrun for example_bash_decorator to None, run_after=None
[2025-03-12T20:54:38.151+0000] {processor.py:208} INFO - Processing /home/airflow/.local/lib/python3.12/site-packages/airflow/example_dags/example_bash_decorator.py took 0.067 seconds
[2025-03-12T20:55:08.894+0000] {processor.py:186} INFO - Started process (PID=1173) to work on /home/airflow/.local/lib/python3.12/site-packages/airflow/example_dags/example_bash_decorator.py
[2025-03-12T20:55:08.895+0000] {processor.py:914} INFO - Processing file /home/airflow/.local/lib/python3.12/site-packages/airflow/example_dags/example_bash_decorator.py for tasks to queue
[2025-03-12T20:55:08.896+0000] {logging_mixin.py:190} INFO - [2025-03-12T20:55:08.896+0000] {dagbag.py:588} INFO - Filling up the DagBag from /home/airflow/.local/lib/python3.12/site-packages/airflow/example_dags/example_bash_decorator.py
[2025-03-12T20:55:08.904+0000] {processor.py:925} INFO - DAG(s) 'example_bash_decorator' retrieved from /home/airflow/.local/lib/python3.12/site-packages/airflow/example_dags/example_bash_decorator.py
[2025-03-12T20:55:08.919+0000] {logging_mixin.py:190} INFO - [2025-03-12T20:55:08.919+0000] {dag.py:3239} INFO - Sync 1 DAGs
[2025-03-12T20:55:08.930+0000] {logging_mixin.py:190} INFO - [2025-03-12T20:55:08.930+0000] {dag.py:4180} INFO - Setting next_dagrun for example_bash_decorator to None, run_after=None
[2025-03-12T20:55:08.943+0000] {processor.py:208} INFO - Processing /home/airflow/.local/lib/python3.12/site-packages/airflow/example_dags/example_bash_decorator.py took 0.053 seconds
[2025-03-12T20:55:40.146+0000] {processor.py:186} INFO - Started process (PID=1236) to work on /home/airflow/.local/lib/python3.12/site-packages/airflow/example_dags/example_bash_decorator.py
[2025-03-12T20:55:40.146+0000] {processor.py:914} INFO - Processing file /home/airflow/.local/lib/python3.12/site-packages/airflow/example_dags/example_bash_decorator.py for tasks to queue
[2025-03-12T20:55:40.148+0000] {logging_mixin.py:190} INFO - [2025-03-12T20:55:40.147+0000] {dagbag.py:588} INFO - Filling up the DagBag from /home/airflow/.local/lib/python3.12/site-packages/airflow/example_dags/example_bash_decorator.py
[2025-03-12T20:55:40.158+0000] {processor.py:925} INFO - DAG(s) 'example_bash_decorator' retrieved from /home/airflow/.local/lib/python3.12/site-packages/airflow/example_dags/example_bash_decorator.py
[2025-03-12T20:55:40.178+0000] {logging_mixin.py:190} INFO - [2025-03-12T20:55:40.177+0000] {dag.py:3239} INFO - Sync 1 DAGs
[2025-03-12T20:55:40.191+0000] {logging_mixin.py:190} INFO - [2025-03-12T20:55:40.190+0000] {dag.py:4180} INFO - Setting next_dagrun for example_bash_decorator to None, run_after=None
[2025-03-12T20:55:40.207+0000] {processor.py:208} INFO - Processing /home/airflow/.local/lib/python3.12/site-packages/airflow/example_dags/example_bash_decorator.py took 0.066 seconds
[2025-03-12T20:56:10.670+0000] {processor.py:186} INFO - Started process (PID=1299) to work on /home/airflow/.local/lib/python3.12/site-packages/airflow/example_dags/example_bash_decorator.py
[2025-03-12T20:56:10.671+0000] {processor.py:914} INFO - Processing file /home/airflow/.local/lib/python3.12/site-packages/airflow/example_dags/example_bash_decorator.py for tasks to queue
[2025-03-12T20:56:10.672+0000] {logging_mixin.py:190} INFO - [2025-03-12T20:56:10.672+0000] {dagbag.py:588} INFO - Filling up the DagBag from /home/airflow/.local/lib/python3.12/site-packages/airflow/example_dags/example_bash_decorator.py
[2025-03-12T20:56:10.680+0000] {processor.py:925} INFO - DAG(s) 'example_bash_decorator' retrieved from /home/airflow/.local/lib/python3.12/site-packages/airflow/example_dags/example_bash_decorator.py
[2025-03-12T20:56:10.697+0000] {logging_mixin.py:190} INFO - [2025-03-12T20:56:10.696+0000] {dag.py:3239} INFO - Sync 1 DAGs
[2025-03-12T20:56:10.705+0000] {logging_mixin.py:190} INFO - [2025-03-12T20:56:10.705+0000] {dag.py:4180} INFO - Setting next_dagrun for example_bash_decorator to None, run_after=None
[2025-03-12T20:56:10.717+0000] {processor.py:208} INFO - Processing /home/airflow/.local/lib/python3.12/site-packages/airflow/example_dags/example_bash_decorator.py took 0.051 seconds
[2025-03-12T20:56:41.535+0000] {processor.py:186} INFO - Started process (PID=1362) to work on /home/airflow/.local/lib/python3.12/site-packages/airflow/example_dags/example_bash_decorator.py
[2025-03-12T20:56:41.536+0000] {processor.py:914} INFO - Processing file /home/airflow/.local/lib/python3.12/site-packages/airflow/example_dags/example_bash_decorator.py for tasks to queue
[2025-03-12T20:56:41.537+0000] {logging_mixin.py:190} INFO - [2025-03-12T20:56:41.537+0000] {dagbag.py:588} INFO - Filling up the DagBag from /home/airflow/.local/lib/python3.12/site-packages/airflow/example_dags/example_bash_decorator.py
[2025-03-12T20:56:41.547+0000] {processor.py:925} INFO - DAG(s) 'example_bash_decorator' retrieved from /home/airflow/.local/lib/python3.12/site-packages/airflow/example_dags/example_bash_decorator.py
[2025-03-12T20:56:41.567+0000] {logging_mixin.py:190} INFO - [2025-03-12T20:56:41.567+0000] {dag.py:3239} INFO - Sync 1 DAGs
[2025-03-12T20:56:41.579+0000] {logging_mixin.py:190} INFO - [2025-03-12T20:56:41.579+0000] {dag.py:4180} INFO - Setting next_dagrun for example_bash_decorator to None, run_after=None
[2025-03-12T20:56:41.594+0000] {processor.py:208} INFO - Processing /home/airflow/.local/lib/python3.12/site-packages/airflow/example_dags/example_bash_decorator.py took 0.063 seconds
[2025-03-12T20:57:12.111+0000] {processor.py:186} INFO - Started process (PID=1425) to work on /home/airflow/.local/lib/python3.12/site-packages/airflow/example_dags/example_bash_decorator.py
[2025-03-12T20:57:12.112+0000] {processor.py:914} INFO - Processing file /home/airflow/.local/lib/python3.12/site-packages/airflow/example_dags/example_bash_decorator.py for tasks to queue
[2025-03-12T20:57:12.114+0000] {logging_mixin.py:190} INFO - [2025-03-12T20:57:12.114+0000] {dagbag.py:588} INFO - Filling up the DagBag from /home/airflow/.local/lib/python3.12/site-packages/airflow/example_dags/example_bash_decorator.py
[2025-03-12T20:57:12.127+0000] {processor.py:925} INFO - DAG(s) 'example_bash_decorator' retrieved from /home/airflow/.local/lib/python3.12/site-packages/airflow/example_dags/example_bash_decorator.py
[2025-03-12T20:57:12.145+0000] {logging_mixin.py:190} INFO - [2025-03-12T20:57:12.145+0000] {dag.py:3239} INFO - Sync 1 DAGs
[2025-03-12T20:57:12.154+0000] {logging_mixin.py:190} INFO - [2025-03-12T20:57:12.154+0000] {dag.py:4180} INFO - Setting next_dagrun for example_bash_decorator to None, run_after=None
[2025-03-12T20:57:12.168+0000] {processor.py:208} INFO - Processing /home/airflow/.local/lib/python3.12/site-packages/airflow/example_dags/example_bash_decorator.py took 0.062 seconds
[2025-03-12T20:57:42.871+0000] {processor.py:186} INFO - Started process (PID=1488) to work on /home/airflow/.local/lib/python3.12/site-packages/airflow/example_dags/example_bash_decorator.py
[2025-03-12T20:57:42.872+0000] {processor.py:914} INFO - Processing file /home/airflow/.local/lib/python3.12/site-packages/airflow/example_dags/example_bash_decorator.py for tasks to queue
[2025-03-12T20:57:42.874+0000] {logging_mixin.py:190} INFO - [2025-03-12T20:57:42.873+0000] {dagbag.py:588} INFO - Filling up the DagBag from /home/airflow/.local/lib/python3.12/site-packages/airflow/example_dags/example_bash_decorator.py
[2025-03-12T20:57:42.881+0000] {processor.py:925} INFO - DAG(s) 'example_bash_decorator' retrieved from /home/airflow/.local/lib/python3.12/site-packages/airflow/example_dags/example_bash_decorator.py
[2025-03-12T20:57:42.895+0000] {logging_mixin.py:190} INFO - [2025-03-12T20:57:42.895+0000] {dag.py:3239} INFO - Sync 1 DAGs
[2025-03-12T20:57:42.903+0000] {logging_mixin.py:190} INFO - [2025-03-12T20:57:42.903+0000] {dag.py:4180} INFO - Setting next_dagrun for example_bash_decorator to None, run_after=None
[2025-03-12T20:57:42.915+0000] {processor.py:208} INFO - Processing /home/airflow/.local/lib/python3.12/site-packages/airflow/example_dags/example_bash_decorator.py took 0.047 seconds
[2025-03-12T20:58:14.152+0000] {processor.py:186} INFO - Started process (PID=1551) to work on /home/airflow/.local/lib/python3.12/site-packages/airflow/example_dags/example_bash_decorator.py
[2025-03-12T20:58:14.153+0000] {processor.py:914} INFO - Processing file /home/airflow/.local/lib/python3.12/site-packages/airflow/example_dags/example_bash_decorator.py for tasks to queue
[2025-03-12T20:58:14.154+0000] {logging_mixin.py:190} INFO - [2025-03-12T20:58:14.154+0000] {dagbag.py:588} INFO - Filling up the DagBag from /home/airflow/.local/lib/python3.12/site-packages/airflow/example_dags/example_bash_decorator.py
[2025-03-12T20:58:14.163+0000] {processor.py:925} INFO - DAG(s) 'example_bash_decorator' retrieved from /home/airflow/.local/lib/python3.12/site-packages/airflow/example_dags/example_bash_decorator.py
[2025-03-12T20:58:14.179+0000] {logging_mixin.py:190} INFO - [2025-03-12T20:58:14.179+0000] {dag.py:3239} INFO - Sync 1 DAGs
[2025-03-12T20:58:14.187+0000] {logging_mixin.py:190} INFO - [2025-03-12T20:58:14.186+0000] {dag.py:4180} INFO - Setting next_dagrun for example_bash_decorator to None, run_after=None
[2025-03-12T20:58:14.202+0000] {processor.py:208} INFO - Processing /home/airflow/.local/lib/python3.12/site-packages/airflow/example_dags/example_bash_decorator.py took 0.054 seconds
[2025-03-12T20:58:45.032+0000] {processor.py:186} INFO - Started process (PID=1614) to work on /home/airflow/.local/lib/python3.12/site-packages/airflow/example_dags/example_bash_decorator.py
[2025-03-12T20:58:45.033+0000] {processor.py:914} INFO - Processing file /home/airflow/.local/lib/python3.12/site-packages/airflow/example_dags/example_bash_decorator.py for tasks to queue
[2025-03-12T20:58:45.034+0000] {logging_mixin.py:190} INFO - [2025-03-12T20:58:45.034+0000] {dagbag.py:588} INFO - Filling up the DagBag from /home/airflow/.local/lib/python3.12/site-packages/airflow/example_dags/example_bash_decorator.py
[2025-03-12T20:58:45.043+0000] {processor.py:925} INFO - DAG(s) 'example_bash_decorator' retrieved from /home/airflow/.local/lib/python3.12/site-packages/airflow/example_dags/example_bash_decorator.py
[2025-03-12T20:58:45.061+0000] {logging_mixin.py:190} INFO - [2025-03-12T20:58:45.061+0000] {dag.py:3239} INFO - Sync 1 DAGs
[2025-03-12T20:58:45.074+0000] {logging_mixin.py:190} INFO - [2025-03-12T20:58:45.074+0000] {dag.py:4180} INFO - Setting next_dagrun for example_bash_decorator to None, run_after=None
[2025-03-12T20:58:45.091+0000] {processor.py:208} INFO - Processing /home/airflow/.local/lib/python3.12/site-packages/airflow/example_dags/example_bash_decorator.py took 0.063 seconds
[2025-03-12T20:59:15.758+0000] {processor.py:186} INFO - Started process (PID=1677) to work on /home/airflow/.local/lib/python3.12/site-packages/airflow/example_dags/example_bash_decorator.py
[2025-03-12T20:59:15.760+0000] {processor.py:914} INFO - Processing file /home/airflow/.local/lib/python3.12/site-packages/airflow/example_dags/example_bash_decorator.py for tasks to queue
[2025-03-12T20:59:15.761+0000] {logging_mixin.py:190} INFO - [2025-03-12T20:59:15.761+0000] {dagbag.py:588} INFO - Filling up the DagBag from /home/airflow/.local/lib/python3.12/site-packages/airflow/example_dags/example_bash_decorator.py
[2025-03-12T20:59:15.770+0000] {processor.py:925} INFO - DAG(s) 'example_bash_decorator' retrieved from /home/airflow/.local/lib/python3.12/site-packages/airflow/example_dags/example_bash_decorator.py
[2025-03-12T20:59:15.786+0000] {logging_mixin.py:190} INFO - [2025-03-12T20:59:15.786+0000] {dag.py:3239} INFO - Sync 1 DAGs
[2025-03-12T20:59:15.799+0000] {logging_mixin.py:190} INFO - [2025-03-12T20:59:15.799+0000] {dag.py:4180} INFO - Setting next_dagrun for example_bash_decorator to None, run_after=None
[2025-03-12T20:59:15.819+0000] {processor.py:208} INFO - Processing /home/airflow/.local/lib/python3.12/site-packages/airflow/example_dags/example_bash_decorator.py took 0.065 seconds
[2025-03-12T20:59:46.361+0000] {processor.py:186} INFO - Started process (PID=1740) to work on /home/airflow/.local/lib/python3.12/site-packages/airflow/example_dags/example_bash_decorator.py
[2025-03-12T20:59:46.362+0000] {processor.py:914} INFO - Processing file /home/airflow/.local/lib/python3.12/site-packages/airflow/example_dags/example_bash_decorator.py for tasks to queue
[2025-03-12T20:59:46.364+0000] {logging_mixin.py:190} INFO - [2025-03-12T20:59:46.363+0000] {dagbag.py:588} INFO - Filling up the DagBag from /home/airflow/.local/lib/python3.12/site-packages/airflow/example_dags/example_bash_decorator.py
[2025-03-12T20:59:46.374+0000] {processor.py:925} INFO - DAG(s) 'example_bash_decorator' retrieved from /home/airflow/.local/lib/python3.12/site-packages/airflow/example_dags/example_bash_decorator.py
[2025-03-12T20:59:46.393+0000] {logging_mixin.py:190} INFO - [2025-03-12T20:59:46.392+0000] {dag.py:3239} INFO - Sync 1 DAGs
[2025-03-12T20:59:46.406+0000] {logging_mixin.py:190} INFO - [2025-03-12T20:59:46.405+0000] {dag.py:4180} INFO - Setting next_dagrun for example_bash_decorator to None, run_after=None
[2025-03-12T20:59:46.420+0000] {processor.py:208} INFO - Processing /home/airflow/.local/lib/python3.12/site-packages/airflow/example_dags/example_bash_decorator.py took 0.062 seconds
[2025-03-12T21:00:17.122+0000] {processor.py:186} INFO - Started process (PID=1803) to work on /home/airflow/.local/lib/python3.12/site-packages/airflow/example_dags/example_bash_decorator.py
[2025-03-12T21:00:17.123+0000] {processor.py:914} INFO - Processing file /home/airflow/.local/lib/python3.12/site-packages/airflow/example_dags/example_bash_decorator.py for tasks to queue
[2025-03-12T21:00:17.125+0000] {logging_mixin.py:190} INFO - [2025-03-12T21:00:17.125+0000] {dagbag.py:588} INFO - Filling up the DagBag from /home/airflow/.local/lib/python3.12/site-packages/airflow/example_dags/example_bash_decorator.py
[2025-03-12T21:00:17.136+0000] {processor.py:925} INFO - DAG(s) 'example_bash_decorator' retrieved from /home/airflow/.local/lib/python3.12/site-packages/airflow/example_dags/example_bash_decorator.py
[2025-03-12T21:00:17.159+0000] {logging_mixin.py:190} INFO - [2025-03-12T21:00:17.158+0000] {dag.py:3239} INFO - Sync 1 DAGs
[2025-03-12T21:00:17.174+0000] {logging_mixin.py:190} INFO - [2025-03-12T21:00:17.174+0000] {dag.py:4180} INFO - Setting next_dagrun for example_bash_decorator to None, run_after=None
[2025-03-12T21:00:17.192+0000] {processor.py:208} INFO - Processing /home/airflow/.local/lib/python3.12/site-packages/airflow/example_dags/example_bash_decorator.py took 0.074 seconds
[2025-03-12T21:00:47.780+0000] {processor.py:186} INFO - Started process (PID=1866) to work on /home/airflow/.local/lib/python3.12/site-packages/airflow/example_dags/example_bash_decorator.py
[2025-03-12T21:00:47.781+0000] {processor.py:914} INFO - Processing file /home/airflow/.local/lib/python3.12/site-packages/airflow/example_dags/example_bash_decorator.py for tasks to queue
[2025-03-12T21:00:47.783+0000] {logging_mixin.py:190} INFO - [2025-03-12T21:00:47.782+0000] {dagbag.py:588} INFO - Filling up the DagBag from /home/airflow/.local/lib/python3.12/site-packages/airflow/example_dags/example_bash_decorator.py
[2025-03-12T21:00:47.791+0000] {processor.py:925} INFO - DAG(s) 'example_bash_decorator' retrieved from /home/airflow/.local/lib/python3.12/site-packages/airflow/example_dags/example_bash_decorator.py
[2025-03-12T21:00:47.806+0000] {logging_mixin.py:190} INFO - [2025-03-12T21:00:47.806+0000] {dag.py:3239} INFO - Sync 1 DAGs
[2025-03-12T21:00:47.814+0000] {logging_mixin.py:190} INFO - [2025-03-12T21:00:47.813+0000] {dag.py:4180} INFO - Setting next_dagrun for example_bash_decorator to None, run_after=None
[2025-03-12T21:00:47.825+0000] {processor.py:208} INFO - Processing /home/airflow/.local/lib/python3.12/site-packages/airflow/example_dags/example_bash_decorator.py took 0.049 seconds
[2025-03-12T21:01:18.729+0000] {processor.py:186} INFO - Started process (PID=1929) to work on /home/airflow/.local/lib/python3.12/site-packages/airflow/example_dags/example_bash_decorator.py
[2025-03-12T21:01:18.730+0000] {processor.py:914} INFO - Processing file /home/airflow/.local/lib/python3.12/site-packages/airflow/example_dags/example_bash_decorator.py for tasks to queue
[2025-03-12T21:01:18.732+0000] {logging_mixin.py:190} INFO - [2025-03-12T21:01:18.732+0000] {dagbag.py:588} INFO - Filling up the DagBag from /home/airflow/.local/lib/python3.12/site-packages/airflow/example_dags/example_bash_decorator.py
[2025-03-12T21:01:18.746+0000] {processor.py:925} INFO - DAG(s) 'example_bash_decorator' retrieved from /home/airflow/.local/lib/python3.12/site-packages/airflow/example_dags/example_bash_decorator.py
[2025-03-12T21:01:18.764+0000] {logging_mixin.py:190} INFO - [2025-03-12T21:01:18.764+0000] {dag.py:3239} INFO - Sync 1 DAGs
[2025-03-12T21:01:18.773+0000] {logging_mixin.py:190} INFO - [2025-03-12T21:01:18.773+0000] {dag.py:4180} INFO - Setting next_dagrun for example_bash_decorator to None, run_after=None
[2025-03-12T21:01:18.790+0000] {processor.py:208} INFO - Processing /home/airflow/.local/lib/python3.12/site-packages/airflow/example_dags/example_bash_decorator.py took 0.067 seconds
[2025-03-12T21:01:49.947+0000] {processor.py:186} INFO - Started process (PID=1992) to work on /home/airflow/.local/lib/python3.12/site-packages/airflow/example_dags/example_bash_decorator.py
[2025-03-12T21:01:49.948+0000] {processor.py:914} INFO - Processing file /home/airflow/.local/lib/python3.12/site-packages/airflow/example_dags/example_bash_decorator.py for tasks to queue
[2025-03-12T21:01:49.950+0000] {logging_mixin.py:190} INFO - [2025-03-12T21:01:49.949+0000] {dagbag.py:588} INFO - Filling up the DagBag from /home/airflow/.local/lib/python3.12/site-packages/airflow/example_dags/example_bash_decorator.py
[2025-03-12T21:01:49.960+0000] {processor.py:925} INFO - DAG(s) 'example_bash_decorator' retrieved from /home/airflow/.local/lib/python3.12/site-packages/airflow/example_dags/example_bash_decorator.py
[2025-03-12T21:01:49.984+0000] {logging_mixin.py:190} INFO - [2025-03-12T21:01:49.984+0000] {dag.py:3239} INFO - Sync 1 DAGs
[2025-03-12T21:01:50.001+0000] {logging_mixin.py:190} INFO - [2025-03-12T21:01:50.000+0000] {dag.py:4180} INFO - Setting next_dagrun for example_bash_decorator to None, run_after=None
[2025-03-12T21:01:50.021+0000] {processor.py:208} INFO - Processing /home/airflow/.local/lib/python3.12/site-packages/airflow/example_dags/example_bash_decorator.py took 0.078 seconds
[2025-03-12T21:02:20.784+0000] {processor.py:186} INFO - Started process (PID=2055) to work on /home/airflow/.local/lib/python3.12/site-packages/airflow/example_dags/example_bash_decorator.py
[2025-03-12T21:02:20.785+0000] {processor.py:914} INFO - Processing file /home/airflow/.local/lib/python3.12/site-packages/airflow/example_dags/example_bash_decorator.py for tasks to queue
[2025-03-12T21:02:20.786+0000] {logging_mixin.py:190} INFO - [2025-03-12T21:02:20.786+0000] {dagbag.py:588} INFO - Filling up the DagBag from /home/airflow/.local/lib/python3.12/site-packages/airflow/example_dags/example_bash_decorator.py
[2025-03-12T21:02:20.798+0000] {processor.py:925} INFO - DAG(s) 'example_bash_decorator' retrieved from /home/airflow/.local/lib/python3.12/site-packages/airflow/example_dags/example_bash_decorator.py
[2025-03-12T21:02:20.817+0000] {logging_mixin.py:190} INFO - [2025-03-12T21:02:20.817+0000] {dag.py:3239} INFO - Sync 1 DAGs
[2025-03-12T21:02:20.833+0000] {logging_mixin.py:190} INFO - [2025-03-12T21:02:20.833+0000] {dag.py:4180} INFO - Setting next_dagrun for example_bash_decorator to None, run_after=None
[2025-03-12T21:02:20.854+0000] {processor.py:208} INFO - Processing /home/airflow/.local/lib/python3.12/site-packages/airflow/example_dags/example_bash_decorator.py took 0.075 seconds
[2025-03-12T21:02:51.918+0000] {processor.py:186} INFO - Started process (PID=2118) to work on /home/airflow/.local/lib/python3.12/site-packages/airflow/example_dags/example_bash_decorator.py
[2025-03-12T21:02:51.919+0000] {processor.py:914} INFO - Processing file /home/airflow/.local/lib/python3.12/site-packages/airflow/example_dags/example_bash_decorator.py for tasks to queue
[2025-03-12T21:02:51.921+0000] {logging_mixin.py:190} INFO - [2025-03-12T21:02:51.920+0000] {dagbag.py:588} INFO - Filling up the DagBag from /home/airflow/.local/lib/python3.12/site-packages/airflow/example_dags/example_bash_decorator.py
[2025-03-12T21:02:51.936+0000] {processor.py:925} INFO - DAG(s) 'example_bash_decorator' retrieved from /home/airflow/.local/lib/python3.12/site-packages/airflow/example_dags/example_bash_decorator.py
[2025-03-12T21:02:51.959+0000] {logging_mixin.py:190} INFO - [2025-03-12T21:02:51.958+0000] {dag.py:3239} INFO - Sync 1 DAGs
[2025-03-12T21:02:51.973+0000] {logging_mixin.py:190} INFO - [2025-03-12T21:02:51.973+0000] {dag.py:4180} INFO - Setting next_dagrun for example_bash_decorator to None, run_after=None
[2025-03-12T21:02:51.995+0000] {processor.py:208} INFO - Processing /home/airflow/.local/lib/python3.12/site-packages/airflow/example_dags/example_bash_decorator.py took 0.083 seconds
[2025-03-12T21:03:22.611+0000] {processor.py:186} INFO - Started process (PID=2181) to work on /home/airflow/.local/lib/python3.12/site-packages/airflow/example_dags/example_bash_decorator.py
[2025-03-12T21:03:22.612+0000] {processor.py:914} INFO - Processing file /home/airflow/.local/lib/python3.12/site-packages/airflow/example_dags/example_bash_decorator.py for tasks to queue
[2025-03-12T21:03:22.613+0000] {logging_mixin.py:190} INFO - [2025-03-12T21:03:22.613+0000] {dagbag.py:588} INFO - Filling up the DagBag from /home/airflow/.local/lib/python3.12/site-packages/airflow/example_dags/example_bash_decorator.py
[2025-03-12T21:03:22.623+0000] {processor.py:925} INFO - DAG(s) 'example_bash_decorator' retrieved from /home/airflow/.local/lib/python3.12/site-packages/airflow/example_dags/example_bash_decorator.py
[2025-03-12T21:03:22.642+0000] {logging_mixin.py:190} INFO - [2025-03-12T21:03:22.642+0000] {dag.py:3239} INFO - Sync 1 DAGs
[2025-03-12T21:03:22.654+0000] {logging_mixin.py:190} INFO - [2025-03-12T21:03:22.654+0000] {dag.py:4180} INFO - Setting next_dagrun for example_bash_decorator to None, run_after=None
[2025-03-12T21:03:22.668+0000] {processor.py:208} INFO - Processing /home/airflow/.local/lib/python3.12/site-packages/airflow/example_dags/example_bash_decorator.py took 0.063 seconds
[2025-03-12T21:03:53.545+0000] {processor.py:186} INFO - Started process (PID=2244) to work on /home/airflow/.local/lib/python3.12/site-packages/airflow/example_dags/example_bash_decorator.py
[2025-03-12T21:03:53.546+0000] {processor.py:914} INFO - Processing file /home/airflow/.local/lib/python3.12/site-packages/airflow/example_dags/example_bash_decorator.py for tasks to queue
[2025-03-12T21:03:53.548+0000] {logging_mixin.py:190} INFO - [2025-03-12T21:03:53.548+0000] {dagbag.py:588} INFO - Filling up the DagBag from /home/airflow/.local/lib/python3.12/site-packages/airflow/example_dags/example_bash_decorator.py
[2025-03-12T21:03:53.559+0000] {processor.py:925} INFO - DAG(s) 'example_bash_decorator' retrieved from /home/airflow/.local/lib/python3.12/site-packages/airflow/example_dags/example_bash_decorator.py
[2025-03-12T21:03:53.580+0000] {logging_mixin.py:190} INFO - [2025-03-12T21:03:53.580+0000] {dag.py:3239} INFO - Sync 1 DAGs
[2025-03-12T21:03:53.593+0000] {logging_mixin.py:190} INFO - [2025-03-12T21:03:53.593+0000] {dag.py:4180} INFO - Setting next_dagrun for example_bash_decorator to None, run_after=None
[2025-03-12T21:03:53.611+0000] {processor.py:208} INFO - Processing /home/airflow/.local/lib/python3.12/site-packages/airflow/example_dags/example_bash_decorator.py took 0.072 seconds
[2025-03-12T21:04:24.232+0000] {processor.py:186} INFO - Started process (PID=2307) to work on /home/airflow/.local/lib/python3.12/site-packages/airflow/example_dags/example_bash_decorator.py
[2025-03-12T21:04:24.233+0000] {processor.py:914} INFO - Processing file /home/airflow/.local/lib/python3.12/site-packages/airflow/example_dags/example_bash_decorator.py for tasks to queue
[2025-03-12T21:04:24.234+0000] {logging_mixin.py:190} INFO - [2025-03-12T21:04:24.234+0000] {dagbag.py:588} INFO - Filling up the DagBag from /home/airflow/.local/lib/python3.12/site-packages/airflow/example_dags/example_bash_decorator.py
[2025-03-12T21:04:24.242+0000] {processor.py:925} INFO - DAG(s) 'example_bash_decorator' retrieved from /home/airflow/.local/lib/python3.12/site-packages/airflow/example_dags/example_bash_decorator.py
[2025-03-12T21:04:24.260+0000] {logging_mixin.py:190} INFO - [2025-03-12T21:04:24.260+0000] {dag.py:3239} INFO - Sync 1 DAGs
[2025-03-12T21:04:24.274+0000] {logging_mixin.py:190} INFO - [2025-03-12T21:04:24.274+0000] {dag.py:4180} INFO - Setting next_dagrun for example_bash_decorator to None, run_after=None
[2025-03-12T21:04:24.292+0000] {processor.py:208} INFO - Processing /home/airflow/.local/lib/python3.12/site-packages/airflow/example_dags/example_bash_decorator.py took 0.064 seconds
[2025-03-12T21:04:54.763+0000] {processor.py:186} INFO - Started process (PID=2370) to work on /home/airflow/.local/lib/python3.12/site-packages/airflow/example_dags/example_bash_decorator.py
[2025-03-12T21:04:54.765+0000] {processor.py:914} INFO - Processing file /home/airflow/.local/lib/python3.12/site-packages/airflow/example_dags/example_bash_decorator.py for tasks to queue
[2025-03-12T21:04:54.766+0000] {logging_mixin.py:190} INFO - [2025-03-12T21:04:54.766+0000] {dagbag.py:588} INFO - Filling up the DagBag from /home/airflow/.local/lib/python3.12/site-packages/airflow/example_dags/example_bash_decorator.py
[2025-03-12T21:04:54.775+0000] {processor.py:925} INFO - DAG(s) 'example_bash_decorator' retrieved from /home/airflow/.local/lib/python3.12/site-packages/airflow/example_dags/example_bash_decorator.py
[2025-03-12T21:04:54.797+0000] {logging_mixin.py:190} INFO - [2025-03-12T21:04:54.797+0000] {dag.py:3239} INFO - Sync 1 DAGs
[2025-03-12T21:04:54.810+0000] {logging_mixin.py:190} INFO - [2025-03-12T21:04:54.809+0000] {dag.py:4180} INFO - Setting next_dagrun for example_bash_decorator to None, run_after=None
[2025-03-12T21:04:54.825+0000] {processor.py:208} INFO - Processing /home/airflow/.local/lib/python3.12/site-packages/airflow/example_dags/example_bash_decorator.py took 0.066 seconds
[2025-03-12T21:05:25.588+0000] {processor.py:186} INFO - Started process (PID=2439) to work on /home/airflow/.local/lib/python3.12/site-packages/airflow/example_dags/example_bash_decorator.py
[2025-03-12T21:05:25.589+0000] {processor.py:914} INFO - Processing file /home/airflow/.local/lib/python3.12/site-packages/airflow/example_dags/example_bash_decorator.py for tasks to queue
[2025-03-12T21:05:25.590+0000] {logging_mixin.py:190} INFO - [2025-03-12T21:05:25.590+0000] {dagbag.py:588} INFO - Filling up the DagBag from /home/airflow/.local/lib/python3.12/site-packages/airflow/example_dags/example_bash_decorator.py
[2025-03-12T21:05:25.600+0000] {processor.py:925} INFO - DAG(s) 'example_bash_decorator' retrieved from /home/airflow/.local/lib/python3.12/site-packages/airflow/example_dags/example_bash_decorator.py
[2025-03-12T21:05:25.618+0000] {logging_mixin.py:190} INFO - [2025-03-12T21:05:25.618+0000] {dag.py:3239} INFO - Sync 1 DAGs
[2025-03-12T21:05:25.630+0000] {logging_mixin.py:190} INFO - [2025-03-12T21:05:25.630+0000] {dag.py:4180} INFO - Setting next_dagrun for example_bash_decorator to None, run_after=None
[2025-03-12T21:05:25.646+0000] {processor.py:208} INFO - Processing /home/airflow/.local/lib/python3.12/site-packages/airflow/example_dags/example_bash_decorator.py took 0.063 seconds
[2025-03-12T21:05:55.842+0000] {processor.py:186} INFO - Started process (PID=2501) to work on /home/airflow/.local/lib/python3.12/site-packages/airflow/example_dags/example_bash_decorator.py
[2025-03-12T21:05:55.843+0000] {processor.py:914} INFO - Processing file /home/airflow/.local/lib/python3.12/site-packages/airflow/example_dags/example_bash_decorator.py for tasks to queue
[2025-03-12T21:05:55.844+0000] {logging_mixin.py:190} INFO - [2025-03-12T21:05:55.844+0000] {dagbag.py:588} INFO - Filling up the DagBag from /home/airflow/.local/lib/python3.12/site-packages/airflow/example_dags/example_bash_decorator.py
[2025-03-12T21:05:55.852+0000] {processor.py:925} INFO - DAG(s) 'example_bash_decorator' retrieved from /home/airflow/.local/lib/python3.12/site-packages/airflow/example_dags/example_bash_decorator.py
[2025-03-12T21:05:55.871+0000] {logging_mixin.py:190} INFO - [2025-03-12T21:05:55.871+0000] {dag.py:3239} INFO - Sync 1 DAGs
[2025-03-12T21:05:55.881+0000] {logging_mixin.py:190} INFO - [2025-03-12T21:05:55.881+0000] {dag.py:4180} INFO - Setting next_dagrun for example_bash_decorator to None, run_after=None
[2025-03-12T21:05:55.896+0000] {processor.py:208} INFO - Processing /home/airflow/.local/lib/python3.12/site-packages/airflow/example_dags/example_bash_decorator.py took 0.058 seconds
[2025-03-12T21:06:26.505+0000] {processor.py:186} INFO - Started process (PID=2564) to work on /home/airflow/.local/lib/python3.12/site-packages/airflow/example_dags/example_bash_decorator.py
[2025-03-12T21:06:26.506+0000] {processor.py:914} INFO - Processing file /home/airflow/.local/lib/python3.12/site-packages/airflow/example_dags/example_bash_decorator.py for tasks to queue
[2025-03-12T21:06:26.508+0000] {logging_mixin.py:190} INFO - [2025-03-12T21:06:26.508+0000] {dagbag.py:588} INFO - Filling up the DagBag from /home/airflow/.local/lib/python3.12/site-packages/airflow/example_dags/example_bash_decorator.py
[2025-03-12T21:06:26.517+0000] {processor.py:925} INFO - DAG(s) 'example_bash_decorator' retrieved from /home/airflow/.local/lib/python3.12/site-packages/airflow/example_dags/example_bash_decorator.py
[2025-03-12T21:06:26.535+0000] {logging_mixin.py:190} INFO - [2025-03-12T21:06:26.534+0000] {dag.py:3239} INFO - Sync 1 DAGs
[2025-03-12T21:06:26.546+0000] {logging_mixin.py:190} INFO - [2025-03-12T21:06:26.546+0000] {dag.py:4180} INFO - Setting next_dagrun for example_bash_decorator to None, run_after=None
[2025-03-12T21:06:26.560+0000] {processor.py:208} INFO - Processing /home/airflow/.local/lib/python3.12/site-packages/airflow/example_dags/example_bash_decorator.py took 0.059 seconds
[2025-03-12T21:06:57.222+0000] {processor.py:186} INFO - Started process (PID=2627) to work on /home/airflow/.local/lib/python3.12/site-packages/airflow/example_dags/example_bash_decorator.py
[2025-03-12T21:06:57.223+0000] {processor.py:914} INFO - Processing file /home/airflow/.local/lib/python3.12/site-packages/airflow/example_dags/example_bash_decorator.py for tasks to queue
[2025-03-12T21:06:57.224+0000] {logging_mixin.py:190} INFO - [2025-03-12T21:06:57.224+0000] {dagbag.py:588} INFO - Filling up the DagBag from /home/airflow/.local/lib/python3.12/site-packages/airflow/example_dags/example_bash_decorator.py
[2025-03-12T21:06:57.234+0000] {processor.py:925} INFO - DAG(s) 'example_bash_decorator' retrieved from /home/airflow/.local/lib/python3.12/site-packages/airflow/example_dags/example_bash_decorator.py
[2025-03-12T21:06:57.257+0000] {logging_mixin.py:190} INFO - [2025-03-12T21:06:57.257+0000] {dag.py:3239} INFO - Sync 1 DAGs
[2025-03-12T21:06:57.272+0000] {logging_mixin.py:190} INFO - [2025-03-12T21:06:57.272+0000] {dag.py:4180} INFO - Setting next_dagrun for example_bash_decorator to None, run_after=None
[2025-03-12T21:06:57.288+0000] {processor.py:208} INFO - Processing /home/airflow/.local/lib/python3.12/site-packages/airflow/example_dags/example_bash_decorator.py took 0.070 seconds
[2025-03-12T21:07:28.329+0000] {processor.py:186} INFO - Started process (PID=2691) to work on /home/airflow/.local/lib/python3.12/site-packages/airflow/example_dags/example_bash_decorator.py
[2025-03-12T21:07:28.330+0000] {processor.py:914} INFO - Processing file /home/airflow/.local/lib/python3.12/site-packages/airflow/example_dags/example_bash_decorator.py for tasks to queue
[2025-03-12T21:07:28.332+0000] {logging_mixin.py:190} INFO - [2025-03-12T21:07:28.331+0000] {dagbag.py:588} INFO - Filling up the DagBag from /home/airflow/.local/lib/python3.12/site-packages/airflow/example_dags/example_bash_decorator.py
[2025-03-12T21:07:28.343+0000] {processor.py:925} INFO - DAG(s) 'example_bash_decorator' retrieved from /home/airflow/.local/lib/python3.12/site-packages/airflow/example_dags/example_bash_decorator.py
[2025-03-12T21:07:28.361+0000] {logging_mixin.py:190} INFO - [2025-03-12T21:07:28.361+0000] {dag.py:3239} INFO - Sync 1 DAGs
[2025-03-12T21:07:28.370+0000] {logging_mixin.py:190} INFO - [2025-03-12T21:07:28.370+0000] {dag.py:4180} INFO - Setting next_dagrun for example_bash_decorator to None, run_after=None
[2025-03-12T21:07:28.385+0000] {processor.py:208} INFO - Processing /home/airflow/.local/lib/python3.12/site-packages/airflow/example_dags/example_bash_decorator.py took 0.060 seconds
[2025-03-12T21:07:58.552+0000] {processor.py:186} INFO - Started process (PID=2753) to work on /home/airflow/.local/lib/python3.12/site-packages/airflow/example_dags/example_bash_decorator.py
[2025-03-12T21:07:58.553+0000] {processor.py:914} INFO - Processing file /home/airflow/.local/lib/python3.12/site-packages/airflow/example_dags/example_bash_decorator.py for tasks to queue
[2025-03-12T21:07:58.554+0000] {logging_mixin.py:190} INFO - [2025-03-12T21:07:58.554+0000] {dagbag.py:588} INFO - Filling up the DagBag from /home/airflow/.local/lib/python3.12/site-packages/airflow/example_dags/example_bash_decorator.py
[2025-03-12T21:07:58.566+0000] {processor.py:925} INFO - DAG(s) 'example_bash_decorator' retrieved from /home/airflow/.local/lib/python3.12/site-packages/airflow/example_dags/example_bash_decorator.py
[2025-03-12T21:07:58.582+0000] {logging_mixin.py:190} INFO - [2025-03-12T21:07:58.582+0000] {dag.py:3239} INFO - Sync 1 DAGs
[2025-03-12T21:07:58.594+0000] {logging_mixin.py:190} INFO - [2025-03-12T21:07:58.594+0000] {dag.py:4180} INFO - Setting next_dagrun for example_bash_decorator to None, run_after=None
[2025-03-12T21:07:58.611+0000] {processor.py:208} INFO - Processing /home/airflow/.local/lib/python3.12/site-packages/airflow/example_dags/example_bash_decorator.py took 0.062 seconds
[2025-03-12T21:08:29.065+0000] {processor.py:186} INFO - Started process (PID=2816) to work on /home/airflow/.local/lib/python3.12/site-packages/airflow/example_dags/example_bash_decorator.py
[2025-03-12T21:08:29.066+0000] {processor.py:914} INFO - Processing file /home/airflow/.local/lib/python3.12/site-packages/airflow/example_dags/example_bash_decorator.py for tasks to queue
[2025-03-12T21:08:29.068+0000] {logging_mixin.py:190} INFO - [2025-03-12T21:08:29.068+0000] {dagbag.py:588} INFO - Filling up the DagBag from /home/airflow/.local/lib/python3.12/site-packages/airflow/example_dags/example_bash_decorator.py
[2025-03-12T21:08:29.082+0000] {processor.py:925} INFO - DAG(s) 'example_bash_decorator' retrieved from /home/airflow/.local/lib/python3.12/site-packages/airflow/example_dags/example_bash_decorator.py
[2025-03-12T21:08:29.105+0000] {logging_mixin.py:190} INFO - [2025-03-12T21:08:29.105+0000] {dag.py:3239} INFO - Sync 1 DAGs
[2025-03-12T21:08:29.118+0000] {logging_mixin.py:190} INFO - [2025-03-12T21:08:29.117+0000] {dag.py:4180} INFO - Setting next_dagrun for example_bash_decorator to None, run_after=None
[2025-03-12T21:08:29.138+0000] {processor.py:208} INFO - Processing /home/airflow/.local/lib/python3.12/site-packages/airflow/example_dags/example_bash_decorator.py took 0.079 seconds
