[2025-03-12T20:46:26.759+0000] {processor.py:186} INFO - Started process (PID=89) to work on /home/airflow/.local/lib/python3.12/site-packages/airflow/example_dags/example_inlet_event_extra.py
[2025-03-12T20:46:26.760+0000] {processor.py:914} INFO - Processing file /home/airflow/.local/lib/python3.12/site-packages/airflow/example_dags/example_inlet_event_extra.py for tasks to queue
[2025-03-12T20:46:26.762+0000] {logging_mixin.py:190} INFO - [2025-03-12T20:46:26.761+0000] {dagbag.py:588} INFO - Filling up the DagBag from /home/airflow/.local/lib/python3.12/site-packages/airflow/example_dags/example_inlet_event_extra.py
[2025-03-12T20:46:27.202+0000] {processor.py:925} INFO - DAG(s) 'read_dataset_event_from_classic', 'read_dataset_event' retrieved from /home/airflow/.local/lib/python3.12/site-packages/airflow/example_dags/example_inlet_event_extra.py
[2025-03-12T20:46:27.271+0000] {logging_mixin.py:190} INFO - [2025-03-12T20:46:27.271+0000] {override.py:1912} INFO - Created Permission View: can edit on DAG:read_dataset_event_from_classic
[2025-03-12T20:46:27.280+0000] {logging_mixin.py:190} INFO - [2025-03-12T20:46:27.280+0000] {override.py:1912} INFO - Created Permission View: can read on DAG:read_dataset_event_from_classic
[2025-03-12T20:46:27.285+0000] {logging_mixin.py:190} INFO - [2025-03-12T20:46:27.285+0000] {override.py:1912} INFO - Created Permission View: can delete on DAG:read_dataset_event_from_classic
[2025-03-12T20:46:27.292+0000] {logging_mixin.py:190} INFO - [2025-03-12T20:46:27.291+0000] {override.py:1912} INFO - Created Permission View: menu access on DAG Run:read_dataset_event_from_classic
[2025-03-12T20:46:27.299+0000] {logging_mixin.py:190} INFO - [2025-03-12T20:46:27.298+0000] {override.py:1912} INFO - Created Permission View: can create on DAG Run:read_dataset_event_from_classic
[2025-03-12T20:46:27.306+0000] {logging_mixin.py:190} INFO - [2025-03-12T20:46:27.306+0000] {override.py:1912} INFO - Created Permission View: can read on DAG Run:read_dataset_event_from_classic
[2025-03-12T20:46:27.311+0000] {logging_mixin.py:190} INFO - [2025-03-12T20:46:27.311+0000] {override.py:1912} INFO - Created Permission View: can delete on DAG Run:read_dataset_event_from_classic
[2025-03-12T20:46:27.324+0000] {logging_mixin.py:190} INFO - [2025-03-12T20:46:27.323+0000] {override.py:1912} INFO - Created Permission View: can edit on DAG:read_dataset_event
[2025-03-12T20:46:27.332+0000] {logging_mixin.py:190} INFO - [2025-03-12T20:46:27.331+0000] {override.py:1912} INFO - Created Permission View: can read on DAG:read_dataset_event
[2025-03-12T20:46:27.338+0000] {logging_mixin.py:190} INFO - [2025-03-12T20:46:27.338+0000] {override.py:1912} INFO - Created Permission View: can delete on DAG:read_dataset_event
[2025-03-12T20:46:27.345+0000] {logging_mixin.py:190} INFO - [2025-03-12T20:46:27.345+0000] {override.py:1912} INFO - Created Permission View: menu access on DAG Run:read_dataset_event
[2025-03-12T20:46:27.352+0000] {logging_mixin.py:190} INFO - [2025-03-12T20:46:27.352+0000] {override.py:1912} INFO - Created Permission View: can create on DAG Run:read_dataset_event
[2025-03-12T20:46:27.358+0000] {logging_mixin.py:190} INFO - [2025-03-12T20:46:27.358+0000] {override.py:1912} INFO - Created Permission View: can read on DAG Run:read_dataset_event
[2025-03-12T20:46:27.364+0000] {logging_mixin.py:190} INFO - [2025-03-12T20:46:27.364+0000] {override.py:1912} INFO - Created Permission View: can delete on DAG Run:read_dataset_event
[2025-03-12T20:46:27.364+0000] {logging_mixin.py:190} INFO - [2025-03-12T20:46:27.364+0000] {dag.py:3239} INFO - Sync 2 DAGs
[2025-03-12T20:46:27.378+0000] {logging_mixin.py:190} INFO - [2025-03-12T20:46:27.378+0000] {dag.py:3262} INFO - Creating ORM DAG for read_dataset_event
[2025-03-12T20:46:27.379+0000] {logging_mixin.py:190} INFO - [2025-03-12T20:46:27.379+0000] {dag.py:3262} INFO - Creating ORM DAG for read_dataset_event_from_classic
[2025-03-12T20:46:27.388+0000] {logging_mixin.py:190} INFO - [2025-03-12T20:46:27.388+0000] {dag.py:4180} INFO - Setting next_dagrun for read_dataset_event to 2025-03-11 00:00:00+00:00, run_after=2025-03-12 00:00:00+00:00
[2025-03-12T20:46:27.390+0000] {logging_mixin.py:190} INFO - [2025-03-12T20:46:27.389+0000] {dag.py:4180} INFO - Setting next_dagrun for read_dataset_event_from_classic to 2025-03-11 00:00:00+00:00, run_after=2025-03-12 00:00:00+00:00
[2025-03-12T20:46:27.406+0000] {processor.py:208} INFO - Processing /home/airflow/.local/lib/python3.12/site-packages/airflow/example_dags/example_inlet_event_extra.py took 0.653 seconds
[2025-03-12T20:46:58.231+0000] {processor.py:186} INFO - Started process (PID=153) to work on /home/airflow/.local/lib/python3.12/site-packages/airflow/example_dags/example_inlet_event_extra.py
[2025-03-12T20:46:58.234+0000] {processor.py:914} INFO - Processing file /home/airflow/.local/lib/python3.12/site-packages/airflow/example_dags/example_inlet_event_extra.py for tasks to queue
[2025-03-12T20:46:58.236+0000] {logging_mixin.py:190} INFO - [2025-03-12T20:46:58.236+0000] {dagbag.py:588} INFO - Filling up the DagBag from /home/airflow/.local/lib/python3.12/site-packages/airflow/example_dags/example_inlet_event_extra.py
[2025-03-12T20:46:58.597+0000] {processor.py:925} INFO - DAG(s) 'read_dataset_event_from_classic', 'read_dataset_event' retrieved from /home/airflow/.local/lib/python3.12/site-packages/airflow/example_dags/example_inlet_event_extra.py
[2025-03-12T20:46:58.617+0000] {logging_mixin.py:190} INFO - [2025-03-12T20:46:58.616+0000] {dag.py:3239} INFO - Sync 2 DAGs
[2025-03-12T20:46:58.640+0000] {logging_mixin.py:190} INFO - [2025-03-12T20:46:58.639+0000] {dag.py:4180} INFO - Setting next_dagrun for read_dataset_event to 2025-03-11 00:00:00+00:00, run_after=2025-03-12 00:00:00+00:00
[2025-03-12T20:46:58.647+0000] {logging_mixin.py:190} INFO - [2025-03-12T20:46:58.647+0000] {dag.py:4180} INFO - Setting next_dagrun for read_dataset_event_from_classic to 2025-03-11 00:00:00+00:00, run_after=2025-03-12 00:00:00+00:00
[2025-03-12T20:46:58.662+0000] {processor.py:208} INFO - Processing /home/airflow/.local/lib/python3.12/site-packages/airflow/example_dags/example_inlet_event_extra.py took 0.435 seconds
[2025-03-12T20:47:28.848+0000] {processor.py:186} INFO - Started process (PID=220) to work on /home/airflow/.local/lib/python3.12/site-packages/airflow/example_dags/example_inlet_event_extra.py
[2025-03-12T20:47:28.849+0000] {processor.py:914} INFO - Processing file /home/airflow/.local/lib/python3.12/site-packages/airflow/example_dags/example_inlet_event_extra.py for tasks to queue
[2025-03-12T20:47:28.851+0000] {logging_mixin.py:190} INFO - [2025-03-12T20:47:28.851+0000] {dagbag.py:588} INFO - Filling up the DagBag from /home/airflow/.local/lib/python3.12/site-packages/airflow/example_dags/example_inlet_event_extra.py
[2025-03-12T20:47:29.450+0000] {processor.py:925} INFO - DAG(s) 'read_dataset_event', 'read_dataset_event_from_classic' retrieved from /home/airflow/.local/lib/python3.12/site-packages/airflow/example_dags/example_inlet_event_extra.py
[2025-03-12T20:47:29.473+0000] {logging_mixin.py:190} INFO - [2025-03-12T20:47:29.473+0000] {dag.py:3239} INFO - Sync 2 DAGs
[2025-03-12T20:47:29.502+0000] {logging_mixin.py:190} INFO - [2025-03-12T20:47:29.502+0000] {dag.py:4180} INFO - Setting next_dagrun for read_dataset_event to 2025-03-11 00:00:00+00:00, run_after=2025-03-12 00:00:00+00:00
[2025-03-12T20:47:29.508+0000] {logging_mixin.py:190} INFO - [2025-03-12T20:47:29.508+0000] {dag.py:4180} INFO - Setting next_dagrun for read_dataset_event_from_classic to 2025-03-11 00:00:00+00:00, run_after=2025-03-12 00:00:00+00:00
[2025-03-12T20:47:29.524+0000] {processor.py:208} INFO - Processing /home/airflow/.local/lib/python3.12/site-packages/airflow/example_dags/example_inlet_event_extra.py took 0.683 seconds
[2025-03-12T20:48:00.003+0000] {processor.py:186} INFO - Started process (PID=283) to work on /home/airflow/.local/lib/python3.12/site-packages/airflow/example_dags/example_inlet_event_extra.py
[2025-03-12T20:48:00.005+0000] {processor.py:914} INFO - Processing file /home/airflow/.local/lib/python3.12/site-packages/airflow/example_dags/example_inlet_event_extra.py for tasks to queue
[2025-03-12T20:48:00.007+0000] {logging_mixin.py:190} INFO - [2025-03-12T20:48:00.007+0000] {dagbag.py:588} INFO - Filling up the DagBag from /home/airflow/.local/lib/python3.12/site-packages/airflow/example_dags/example_inlet_event_extra.py
[2025-03-12T20:48:00.417+0000] {processor.py:925} INFO - DAG(s) 'read_dataset_event_from_classic', 'read_dataset_event' retrieved from /home/airflow/.local/lib/python3.12/site-packages/airflow/example_dags/example_inlet_event_extra.py
[2025-03-12T20:48:00.435+0000] {logging_mixin.py:190} INFO - [2025-03-12T20:48:00.435+0000] {dag.py:3239} INFO - Sync 2 DAGs
[2025-03-12T20:48:00.464+0000] {logging_mixin.py:190} INFO - [2025-03-12T20:48:00.464+0000] {dag.py:4180} INFO - Setting next_dagrun for read_dataset_event to 2025-03-11 00:00:00+00:00, run_after=2025-03-12 00:00:00+00:00
[2025-03-12T20:48:00.468+0000] {logging_mixin.py:190} INFO - [2025-03-12T20:48:00.468+0000] {dag.py:4180} INFO - Setting next_dagrun for read_dataset_event_from_classic to 2025-03-11 00:00:00+00:00, run_after=2025-03-12 00:00:00+00:00
[2025-03-12T20:48:00.486+0000] {processor.py:208} INFO - Processing /home/airflow/.local/lib/python3.12/site-packages/airflow/example_dags/example_inlet_event_extra.py took 0.487 seconds
[2025-03-12T20:48:30.792+0000] {processor.py:186} INFO - Started process (PID=346) to work on /home/airflow/.local/lib/python3.12/site-packages/airflow/example_dags/example_inlet_event_extra.py
[2025-03-12T20:48:30.795+0000] {processor.py:914} INFO - Processing file /home/airflow/.local/lib/python3.12/site-packages/airflow/example_dags/example_inlet_event_extra.py for tasks to queue
[2025-03-12T20:48:30.798+0000] {logging_mixin.py:190} INFO - [2025-03-12T20:48:30.797+0000] {dagbag.py:588} INFO - Filling up the DagBag from /home/airflow/.local/lib/python3.12/site-packages/airflow/example_dags/example_inlet_event_extra.py
[2025-03-12T20:48:31.259+0000] {processor.py:925} INFO - DAG(s) 'read_dataset_event_from_classic', 'read_dataset_event' retrieved from /home/airflow/.local/lib/python3.12/site-packages/airflow/example_dags/example_inlet_event_extra.py
[2025-03-12T20:48:31.279+0000] {logging_mixin.py:190} INFO - [2025-03-12T20:48:31.279+0000] {dag.py:3239} INFO - Sync 2 DAGs
[2025-03-12T20:48:31.303+0000] {logging_mixin.py:190} INFO - [2025-03-12T20:48:31.302+0000] {dag.py:4180} INFO - Setting next_dagrun for read_dataset_event to 2025-03-11 00:00:00+00:00, run_after=2025-03-12 00:00:00+00:00
[2025-03-12T20:48:31.308+0000] {logging_mixin.py:190} INFO - [2025-03-12T20:48:31.308+0000] {dag.py:4180} INFO - Setting next_dagrun for read_dataset_event_from_classic to 2025-03-11 00:00:00+00:00, run_after=2025-03-12 00:00:00+00:00
[2025-03-12T20:48:31.326+0000] {processor.py:208} INFO - Processing /home/airflow/.local/lib/python3.12/site-packages/airflow/example_dags/example_inlet_event_extra.py took 0.541 seconds
[2025-03-12T20:49:01.375+0000] {processor.py:186} INFO - Started process (PID=409) to work on /home/airflow/.local/lib/python3.12/site-packages/airflow/example_dags/example_inlet_event_extra.py
[2025-03-12T20:49:01.377+0000] {processor.py:914} INFO - Processing file /home/airflow/.local/lib/python3.12/site-packages/airflow/example_dags/example_inlet_event_extra.py for tasks to queue
[2025-03-12T20:49:01.380+0000] {logging_mixin.py:190} INFO - [2025-03-12T20:49:01.380+0000] {dagbag.py:588} INFO - Filling up the DagBag from /home/airflow/.local/lib/python3.12/site-packages/airflow/example_dags/example_inlet_event_extra.py
[2025-03-12T20:49:01.765+0000] {processor.py:925} INFO - DAG(s) 'read_dataset_event_from_classic', 'read_dataset_event' retrieved from /home/airflow/.local/lib/python3.12/site-packages/airflow/example_dags/example_inlet_event_extra.py
[2025-03-12T20:49:01.780+0000] {logging_mixin.py:190} INFO - [2025-03-12T20:49:01.780+0000] {dag.py:3239} INFO - Sync 2 DAGs
[2025-03-12T20:49:01.795+0000] {logging_mixin.py:190} INFO - [2025-03-12T20:49:01.795+0000] {dag.py:4180} INFO - Setting next_dagrun for read_dataset_event to 2025-03-11 00:00:00+00:00, run_after=2025-03-12 00:00:00+00:00
[2025-03-12T20:49:01.798+0000] {logging_mixin.py:190} INFO - [2025-03-12T20:49:01.798+0000] {dag.py:4180} INFO - Setting next_dagrun for read_dataset_event_from_classic to 2025-03-11 00:00:00+00:00, run_after=2025-03-12 00:00:00+00:00
[2025-03-12T20:49:01.808+0000] {processor.py:208} INFO - Processing /home/airflow/.local/lib/python3.12/site-packages/airflow/example_dags/example_inlet_event_extra.py took 0.439 seconds
[2025-03-12T20:49:32.145+0000] {processor.py:186} INFO - Started process (PID=472) to work on /home/airflow/.local/lib/python3.12/site-packages/airflow/example_dags/example_inlet_event_extra.py
[2025-03-12T20:49:32.147+0000] {processor.py:914} INFO - Processing file /home/airflow/.local/lib/python3.12/site-packages/airflow/example_dags/example_inlet_event_extra.py for tasks to queue
[2025-03-12T20:49:32.149+0000] {logging_mixin.py:190} INFO - [2025-03-12T20:49:32.149+0000] {dagbag.py:588} INFO - Filling up the DagBag from /home/airflow/.local/lib/python3.12/site-packages/airflow/example_dags/example_inlet_event_extra.py
[2025-03-12T20:49:32.513+0000] {processor.py:925} INFO - DAG(s) 'read_dataset_event_from_classic', 'read_dataset_event' retrieved from /home/airflow/.local/lib/python3.12/site-packages/airflow/example_dags/example_inlet_event_extra.py
[2025-03-12T20:49:32.532+0000] {logging_mixin.py:190} INFO - [2025-03-12T20:49:32.532+0000] {dag.py:3239} INFO - Sync 2 DAGs
[2025-03-12T20:49:32.552+0000] {logging_mixin.py:190} INFO - [2025-03-12T20:49:32.552+0000] {dag.py:4180} INFO - Setting next_dagrun for read_dataset_event to 2025-03-11 00:00:00+00:00, run_after=2025-03-12 00:00:00+00:00
[2025-03-12T20:49:32.556+0000] {logging_mixin.py:190} INFO - [2025-03-12T20:49:32.555+0000] {dag.py:4180} INFO - Setting next_dagrun for read_dataset_event_from_classic to 2025-03-11 00:00:00+00:00, run_after=2025-03-12 00:00:00+00:00
[2025-03-12T20:49:32.568+0000] {processor.py:208} INFO - Processing /home/airflow/.local/lib/python3.12/site-packages/airflow/example_dags/example_inlet_event_extra.py took 0.428 seconds
[2025-03-12T20:50:02.732+0000] {processor.py:186} INFO - Started process (PID=539) to work on /home/airflow/.local/lib/python3.12/site-packages/airflow/example_dags/example_inlet_event_extra.py
[2025-03-12T20:50:02.733+0000] {processor.py:914} INFO - Processing file /home/airflow/.local/lib/python3.12/site-packages/airflow/example_dags/example_inlet_event_extra.py for tasks to queue
[2025-03-12T20:50:02.736+0000] {logging_mixin.py:190} INFO - [2025-03-12T20:50:02.735+0000] {dagbag.py:588} INFO - Filling up the DagBag from /home/airflow/.local/lib/python3.12/site-packages/airflow/example_dags/example_inlet_event_extra.py
[2025-03-12T20:50:03.107+0000] {processor.py:925} INFO - DAG(s) 'read_dataset_event', 'read_dataset_event_from_classic' retrieved from /home/airflow/.local/lib/python3.12/site-packages/airflow/example_dags/example_inlet_event_extra.py
[2025-03-12T20:50:03.128+0000] {logging_mixin.py:190} INFO - [2025-03-12T20:50:03.128+0000] {dag.py:3239} INFO - Sync 2 DAGs
[2025-03-12T20:50:03.150+0000] {logging_mixin.py:190} INFO - [2025-03-12T20:50:03.150+0000] {dag.py:4180} INFO - Setting next_dagrun for read_dataset_event to 2025-03-11 00:00:00+00:00, run_after=2025-03-12 00:00:00+00:00
[2025-03-12T20:50:03.156+0000] {logging_mixin.py:190} INFO - [2025-03-12T20:50:03.156+0000] {dag.py:4180} INFO - Setting next_dagrun for read_dataset_event_from_classic to 2025-03-11 00:00:00+00:00, run_after=2025-03-12 00:00:00+00:00
[2025-03-12T20:50:03.171+0000] {processor.py:208} INFO - Processing /home/airflow/.local/lib/python3.12/site-packages/airflow/example_dags/example_inlet_event_extra.py took 0.444 seconds
[2025-03-12T20:50:33.239+0000] {processor.py:186} INFO - Started process (PID=598) to work on /home/airflow/.local/lib/python3.12/site-packages/airflow/example_dags/example_inlet_event_extra.py
[2025-03-12T20:50:33.240+0000] {processor.py:914} INFO - Processing file /home/airflow/.local/lib/python3.12/site-packages/airflow/example_dags/example_inlet_event_extra.py for tasks to queue
[2025-03-12T20:50:33.242+0000] {logging_mixin.py:190} INFO - [2025-03-12T20:50:33.242+0000] {dagbag.py:588} INFO - Filling up the DagBag from /home/airflow/.local/lib/python3.12/site-packages/airflow/example_dags/example_inlet_event_extra.py
[2025-03-12T20:50:33.576+0000] {processor.py:925} INFO - DAG(s) 'read_dataset_event', 'read_dataset_event_from_classic' retrieved from /home/airflow/.local/lib/python3.12/site-packages/airflow/example_dags/example_inlet_event_extra.py
[2025-03-12T20:50:33.594+0000] {logging_mixin.py:190} INFO - [2025-03-12T20:50:33.594+0000] {dag.py:3239} INFO - Sync 2 DAGs
[2025-03-12T20:50:33.617+0000] {logging_mixin.py:190} INFO - [2025-03-12T20:50:33.617+0000] {dag.py:4180} INFO - Setting next_dagrun for read_dataset_event to 2025-03-11 00:00:00+00:00, run_after=2025-03-12 00:00:00+00:00
[2025-03-12T20:50:33.621+0000] {logging_mixin.py:190} INFO - [2025-03-12T20:50:33.621+0000] {dag.py:4180} INFO - Setting next_dagrun for read_dataset_event_from_classic to 2025-03-11 00:00:00+00:00, run_after=2025-03-12 00:00:00+00:00
[2025-03-12T20:50:33.635+0000] {processor.py:208} INFO - Processing /home/airflow/.local/lib/python3.12/site-packages/airflow/example_dags/example_inlet_event_extra.py took 0.400 seconds
[2025-03-12T20:51:03.852+0000] {processor.py:186} INFO - Started process (PID=665) to work on /home/airflow/.local/lib/python3.12/site-packages/airflow/example_dags/example_inlet_event_extra.py
[2025-03-12T20:51:03.853+0000] {processor.py:914} INFO - Processing file /home/airflow/.local/lib/python3.12/site-packages/airflow/example_dags/example_inlet_event_extra.py for tasks to queue
[2025-03-12T20:51:03.854+0000] {logging_mixin.py:190} INFO - [2025-03-12T20:51:03.854+0000] {dagbag.py:588} INFO - Filling up the DagBag from /home/airflow/.local/lib/python3.12/site-packages/airflow/example_dags/example_inlet_event_extra.py
[2025-03-12T20:51:04.205+0000] {processor.py:925} INFO - DAG(s) 'read_dataset_event_from_classic', 'read_dataset_event' retrieved from /home/airflow/.local/lib/python3.12/site-packages/airflow/example_dags/example_inlet_event_extra.py
[2025-03-12T20:51:04.222+0000] {logging_mixin.py:190} INFO - [2025-03-12T20:51:04.222+0000] {dag.py:3239} INFO - Sync 2 DAGs
[2025-03-12T20:51:04.241+0000] {logging_mixin.py:190} INFO - [2025-03-12T20:51:04.241+0000] {dag.py:4180} INFO - Setting next_dagrun for read_dataset_event to 2025-03-11 00:00:00+00:00, run_after=2025-03-12 00:00:00+00:00
[2025-03-12T20:51:04.247+0000] {logging_mixin.py:190} INFO - [2025-03-12T20:51:04.246+0000] {dag.py:4180} INFO - Setting next_dagrun for read_dataset_event_from_classic to 2025-03-11 00:00:00+00:00, run_after=2025-03-12 00:00:00+00:00
[2025-03-12T20:51:04.260+0000] {processor.py:208} INFO - Processing /home/airflow/.local/lib/python3.12/site-packages/airflow/example_dags/example_inlet_event_extra.py took 0.413 seconds
[2025-03-12T20:51:34.393+0000] {processor.py:186} INFO - Started process (PID=731) to work on /home/airflow/.local/lib/python3.12/site-packages/airflow/example_dags/example_inlet_event_extra.py
[2025-03-12T20:51:34.393+0000] {processor.py:914} INFO - Processing file /home/airflow/.local/lib/python3.12/site-packages/airflow/example_dags/example_inlet_event_extra.py for tasks to queue
[2025-03-12T20:51:34.394+0000] {logging_mixin.py:190} INFO - [2025-03-12T20:51:34.394+0000] {dagbag.py:588} INFO - Filling up the DagBag from /home/airflow/.local/lib/python3.12/site-packages/airflow/example_dags/example_inlet_event_extra.py
[2025-03-12T20:51:34.731+0000] {processor.py:925} INFO - DAG(s) 'read_dataset_event', 'read_dataset_event_from_classic' retrieved from /home/airflow/.local/lib/python3.12/site-packages/airflow/example_dags/example_inlet_event_extra.py
[2025-03-12T20:51:34.750+0000] {logging_mixin.py:190} INFO - [2025-03-12T20:51:34.750+0000] {dag.py:3239} INFO - Sync 2 DAGs
[2025-03-12T20:51:34.770+0000] {logging_mixin.py:190} INFO - [2025-03-12T20:51:34.770+0000] {dag.py:4180} INFO - Setting next_dagrun for read_dataset_event to 2025-03-11 00:00:00+00:00, run_after=2025-03-12 00:00:00+00:00
[2025-03-12T20:51:34.775+0000] {logging_mixin.py:190} INFO - [2025-03-12T20:51:34.774+0000] {dag.py:4180} INFO - Setting next_dagrun for read_dataset_event_from_classic to 2025-03-11 00:00:00+00:00, run_after=2025-03-12 00:00:00+00:00
[2025-03-12T20:51:34.789+0000] {processor.py:208} INFO - Processing /home/airflow/.local/lib/python3.12/site-packages/airflow/example_dags/example_inlet_event_extra.py took 0.399 seconds
[2025-03-12T20:52:05.637+0000] {processor.py:186} INFO - Started process (PID=796) to work on /home/airflow/.local/lib/python3.12/site-packages/airflow/example_dags/example_inlet_event_extra.py
[2025-03-12T20:52:05.639+0000] {processor.py:914} INFO - Processing file /home/airflow/.local/lib/python3.12/site-packages/airflow/example_dags/example_inlet_event_extra.py for tasks to queue
[2025-03-12T20:52:05.640+0000] {logging_mixin.py:190} INFO - [2025-03-12T20:52:05.640+0000] {dagbag.py:588} INFO - Filling up the DagBag from /home/airflow/.local/lib/python3.12/site-packages/airflow/example_dags/example_inlet_event_extra.py
[2025-03-12T20:52:05.994+0000] {processor.py:925} INFO - DAG(s) 'read_dataset_event_from_classic', 'read_dataset_event' retrieved from /home/airflow/.local/lib/python3.12/site-packages/airflow/example_dags/example_inlet_event_extra.py
[2025-03-12T20:52:06.009+0000] {logging_mixin.py:190} INFO - [2025-03-12T20:52:06.009+0000] {dag.py:3239} INFO - Sync 2 DAGs
[2025-03-12T20:52:06.030+0000] {logging_mixin.py:190} INFO - [2025-03-12T20:52:06.029+0000] {dag.py:4180} INFO - Setting next_dagrun for read_dataset_event to 2025-03-11 00:00:00+00:00, run_after=2025-03-12 00:00:00+00:00
[2025-03-12T20:52:06.035+0000] {logging_mixin.py:190} INFO - [2025-03-12T20:52:06.034+0000] {dag.py:4180} INFO - Setting next_dagrun for read_dataset_event_from_classic to 2025-03-11 00:00:00+00:00, run_after=2025-03-12 00:00:00+00:00
[2025-03-12T20:52:06.049+0000] {processor.py:208} INFO - Processing /home/airflow/.local/lib/python3.12/site-packages/airflow/example_dags/example_inlet_event_extra.py took 0.416 seconds
[2025-03-12T20:52:36.284+0000] {processor.py:186} INFO - Started process (PID=859) to work on /home/airflow/.local/lib/python3.12/site-packages/airflow/example_dags/example_inlet_event_extra.py
[2025-03-12T20:52:36.285+0000] {processor.py:914} INFO - Processing file /home/airflow/.local/lib/python3.12/site-packages/airflow/example_dags/example_inlet_event_extra.py for tasks to queue
[2025-03-12T20:52:36.286+0000] {logging_mixin.py:190} INFO - [2025-03-12T20:52:36.286+0000] {dagbag.py:588} INFO - Filling up the DagBag from /home/airflow/.local/lib/python3.12/site-packages/airflow/example_dags/example_inlet_event_extra.py
[2025-03-12T20:52:36.786+0000] {processor.py:925} INFO - DAG(s) 'read_dataset_event', 'read_dataset_event_from_classic' retrieved from /home/airflow/.local/lib/python3.12/site-packages/airflow/example_dags/example_inlet_event_extra.py
[2025-03-12T20:52:36.808+0000] {logging_mixin.py:190} INFO - [2025-03-12T20:52:36.807+0000] {dag.py:3239} INFO - Sync 2 DAGs
[2025-03-12T20:52:36.835+0000] {logging_mixin.py:190} INFO - [2025-03-12T20:52:36.835+0000] {dag.py:4180} INFO - Setting next_dagrun for read_dataset_event to 2025-03-11 00:00:00+00:00, run_after=2025-03-12 00:00:00+00:00
[2025-03-12T20:52:36.839+0000] {logging_mixin.py:190} INFO - [2025-03-12T20:52:36.839+0000] {dag.py:4180} INFO - Setting next_dagrun for read_dataset_event_from_classic to 2025-03-11 00:00:00+00:00, run_after=2025-03-12 00:00:00+00:00
[2025-03-12T20:52:36.853+0000] {processor.py:208} INFO - Processing /home/airflow/.local/lib/python3.12/site-packages/airflow/example_dags/example_inlet_event_extra.py took 0.574 seconds
[2025-03-12T20:53:07.104+0000] {processor.py:186} INFO - Started process (PID=922) to work on /home/airflow/.local/lib/python3.12/site-packages/airflow/example_dags/example_inlet_event_extra.py
[2025-03-12T20:53:07.107+0000] {processor.py:914} INFO - Processing file /home/airflow/.local/lib/python3.12/site-packages/airflow/example_dags/example_inlet_event_extra.py for tasks to queue
[2025-03-12T20:53:07.109+0000] {logging_mixin.py:190} INFO - [2025-03-12T20:53:07.108+0000] {dagbag.py:588} INFO - Filling up the DagBag from /home/airflow/.local/lib/python3.12/site-packages/airflow/example_dags/example_inlet_event_extra.py
[2025-03-12T20:53:07.458+0000] {processor.py:925} INFO - DAG(s) 'read_dataset_event', 'read_dataset_event_from_classic' retrieved from /home/airflow/.local/lib/python3.12/site-packages/airflow/example_dags/example_inlet_event_extra.py
[2025-03-12T20:53:07.474+0000] {logging_mixin.py:190} INFO - [2025-03-12T20:53:07.474+0000] {dag.py:3239} INFO - Sync 2 DAGs
[2025-03-12T20:53:07.495+0000] {logging_mixin.py:190} INFO - [2025-03-12T20:53:07.495+0000] {dag.py:4180} INFO - Setting next_dagrun for read_dataset_event to 2025-03-11 00:00:00+00:00, run_after=2025-03-12 00:00:00+00:00
[2025-03-12T20:53:07.499+0000] {logging_mixin.py:190} INFO - [2025-03-12T20:53:07.499+0000] {dag.py:4180} INFO - Setting next_dagrun for read_dataset_event_from_classic to 2025-03-11 00:00:00+00:00, run_after=2025-03-12 00:00:00+00:00
[2025-03-12T20:53:07.512+0000] {processor.py:208} INFO - Processing /home/airflow/.local/lib/python3.12/site-packages/airflow/example_dags/example_inlet_event_extra.py took 0.412 seconds
[2025-03-12T20:53:37.860+0000] {processor.py:186} INFO - Started process (PID=985) to work on /home/airflow/.local/lib/python3.12/site-packages/airflow/example_dags/example_inlet_event_extra.py
[2025-03-12T20:53:37.862+0000] {processor.py:914} INFO - Processing file /home/airflow/.local/lib/python3.12/site-packages/airflow/example_dags/example_inlet_event_extra.py for tasks to queue
[2025-03-12T20:53:37.864+0000] {logging_mixin.py:190} INFO - [2025-03-12T20:53:37.864+0000] {dagbag.py:588} INFO - Filling up the DagBag from /home/airflow/.local/lib/python3.12/site-packages/airflow/example_dags/example_inlet_event_extra.py
[2025-03-12T20:53:38.278+0000] {processor.py:925} INFO - DAG(s) 'read_dataset_event', 'read_dataset_event_from_classic' retrieved from /home/airflow/.local/lib/python3.12/site-packages/airflow/example_dags/example_inlet_event_extra.py
[2025-03-12T20:53:38.299+0000] {logging_mixin.py:190} INFO - [2025-03-12T20:53:38.299+0000] {dag.py:3239} INFO - Sync 2 DAGs
[2025-03-12T20:53:38.324+0000] {logging_mixin.py:190} INFO - [2025-03-12T20:53:38.324+0000] {dag.py:4180} INFO - Setting next_dagrun for read_dataset_event to 2025-03-11 00:00:00+00:00, run_after=2025-03-12 00:00:00+00:00
[2025-03-12T20:53:38.329+0000] {logging_mixin.py:190} INFO - [2025-03-12T20:53:38.329+0000] {dag.py:4180} INFO - Setting next_dagrun for read_dataset_event_from_classic to 2025-03-11 00:00:00+00:00, run_after=2025-03-12 00:00:00+00:00
[2025-03-12T20:53:38.347+0000] {processor.py:208} INFO - Processing /home/airflow/.local/lib/python3.12/site-packages/airflow/example_dags/example_inlet_event_extra.py took 0.493 seconds
[2025-03-12T20:54:08.405+0000] {processor.py:186} INFO - Started process (PID=1051) to work on /home/airflow/.local/lib/python3.12/site-packages/airflow/example_dags/example_inlet_event_extra.py
[2025-03-12T20:54:08.407+0000] {processor.py:914} INFO - Processing file /home/airflow/.local/lib/python3.12/site-packages/airflow/example_dags/example_inlet_event_extra.py for tasks to queue
[2025-03-12T20:54:08.408+0000] {logging_mixin.py:190} INFO - [2025-03-12T20:54:08.408+0000] {dagbag.py:588} INFO - Filling up the DagBag from /home/airflow/.local/lib/python3.12/site-packages/airflow/example_dags/example_inlet_event_extra.py
[2025-03-12T20:54:08.801+0000] {processor.py:925} INFO - DAG(s) 'read_dataset_event_from_classic', 'read_dataset_event' retrieved from /home/airflow/.local/lib/python3.12/site-packages/airflow/example_dags/example_inlet_event_extra.py
[2025-03-12T20:54:08.818+0000] {logging_mixin.py:190} INFO - [2025-03-12T20:54:08.817+0000] {dag.py:3239} INFO - Sync 2 DAGs
[2025-03-12T20:54:08.839+0000] {logging_mixin.py:190} INFO - [2025-03-12T20:54:08.839+0000] {dag.py:4180} INFO - Setting next_dagrun for read_dataset_event to 2025-03-11 00:00:00+00:00, run_after=2025-03-12 00:00:00+00:00
[2025-03-12T20:54:08.844+0000] {logging_mixin.py:190} INFO - [2025-03-12T20:54:08.844+0000] {dag.py:4180} INFO - Setting next_dagrun for read_dataset_event_from_classic to 2025-03-11 00:00:00+00:00, run_after=2025-03-12 00:00:00+00:00
[2025-03-12T20:54:08.857+0000] {processor.py:208} INFO - Processing /home/airflow/.local/lib/python3.12/site-packages/airflow/example_dags/example_inlet_event_extra.py took 0.457 seconds
[2025-03-12T20:54:39.100+0000] {processor.py:186} INFO - Started process (PID=1111) to work on /home/airflow/.local/lib/python3.12/site-packages/airflow/example_dags/example_inlet_event_extra.py
[2025-03-12T20:54:39.101+0000] {processor.py:914} INFO - Processing file /home/airflow/.local/lib/python3.12/site-packages/airflow/example_dags/example_inlet_event_extra.py for tasks to queue
[2025-03-12T20:54:39.102+0000] {logging_mixin.py:190} INFO - [2025-03-12T20:54:39.102+0000] {dagbag.py:588} INFO - Filling up the DagBag from /home/airflow/.local/lib/python3.12/site-packages/airflow/example_dags/example_inlet_event_extra.py
[2025-03-12T20:54:39.563+0000] {processor.py:925} INFO - DAG(s) 'read_dataset_event', 'read_dataset_event_from_classic' retrieved from /home/airflow/.local/lib/python3.12/site-packages/airflow/example_dags/example_inlet_event_extra.py
[2025-03-12T20:54:39.589+0000] {logging_mixin.py:190} INFO - [2025-03-12T20:54:39.589+0000] {dag.py:3239} INFO - Sync 2 DAGs
[2025-03-12T20:54:39.618+0000] {logging_mixin.py:190} INFO - [2025-03-12T20:54:39.618+0000] {dag.py:4180} INFO - Setting next_dagrun for read_dataset_event to 2025-03-11 00:00:00+00:00, run_after=2025-03-12 00:00:00+00:00
[2025-03-12T20:54:39.624+0000] {logging_mixin.py:190} INFO - [2025-03-12T20:54:39.623+0000] {dag.py:4180} INFO - Setting next_dagrun for read_dataset_event_from_classic to 2025-03-11 00:00:00+00:00, run_after=2025-03-12 00:00:00+00:00
[2025-03-12T20:54:39.640+0000] {processor.py:208} INFO - Processing /home/airflow/.local/lib/python3.12/site-packages/airflow/example_dags/example_inlet_event_extra.py took 0.545 seconds
[2025-03-12T20:55:09.906+0000] {processor.py:186} INFO - Started process (PID=1174) to work on /home/airflow/.local/lib/python3.12/site-packages/airflow/example_dags/example_inlet_event_extra.py
[2025-03-12T20:55:09.909+0000] {processor.py:914} INFO - Processing file /home/airflow/.local/lib/python3.12/site-packages/airflow/example_dags/example_inlet_event_extra.py for tasks to queue
[2025-03-12T20:55:09.910+0000] {logging_mixin.py:190} INFO - [2025-03-12T20:55:09.910+0000] {dagbag.py:588} INFO - Filling up the DagBag from /home/airflow/.local/lib/python3.12/site-packages/airflow/example_dags/example_inlet_event_extra.py
[2025-03-12T20:55:10.248+0000] {processor.py:925} INFO - DAG(s) 'read_dataset_event', 'read_dataset_event_from_classic' retrieved from /home/airflow/.local/lib/python3.12/site-packages/airflow/example_dags/example_inlet_event_extra.py
[2025-03-12T20:55:10.264+0000] {logging_mixin.py:190} INFO - [2025-03-12T20:55:10.264+0000] {dag.py:3239} INFO - Sync 2 DAGs
[2025-03-12T20:55:10.281+0000] {logging_mixin.py:190} INFO - [2025-03-12T20:55:10.281+0000] {dag.py:4180} INFO - Setting next_dagrun for read_dataset_event to 2025-03-11 00:00:00+00:00, run_after=2025-03-12 00:00:00+00:00
[2025-03-12T20:55:10.285+0000] {logging_mixin.py:190} INFO - [2025-03-12T20:55:10.285+0000] {dag.py:4180} INFO - Setting next_dagrun for read_dataset_event_from_classic to 2025-03-11 00:00:00+00:00, run_after=2025-03-12 00:00:00+00:00
[2025-03-12T20:55:10.297+0000] {processor.py:208} INFO - Processing /home/airflow/.local/lib/python3.12/site-packages/airflow/example_dags/example_inlet_event_extra.py took 0.396 seconds
[2025-03-12T20:55:40.536+0000] {processor.py:186} INFO - Started process (PID=1239) to work on /home/airflow/.local/lib/python3.12/site-packages/airflow/example_dags/example_inlet_event_extra.py
[2025-03-12T20:55:40.537+0000] {processor.py:914} INFO - Processing file /home/airflow/.local/lib/python3.12/site-packages/airflow/example_dags/example_inlet_event_extra.py for tasks to queue
[2025-03-12T20:55:40.539+0000] {logging_mixin.py:190} INFO - [2025-03-12T20:55:40.539+0000] {dagbag.py:588} INFO - Filling up the DagBag from /home/airflow/.local/lib/python3.12/site-packages/airflow/example_dags/example_inlet_event_extra.py
[2025-03-12T20:55:41.054+0000] {processor.py:925} INFO - DAG(s) 'read_dataset_event_from_classic', 'read_dataset_event' retrieved from /home/airflow/.local/lib/python3.12/site-packages/airflow/example_dags/example_inlet_event_extra.py
[2025-03-12T20:55:41.080+0000] {logging_mixin.py:190} INFO - [2025-03-12T20:55:41.080+0000] {dag.py:3239} INFO - Sync 2 DAGs
[2025-03-12T20:55:41.111+0000] {logging_mixin.py:190} INFO - [2025-03-12T20:55:41.111+0000] {dag.py:4180} INFO - Setting next_dagrun for read_dataset_event to 2025-03-11 00:00:00+00:00, run_after=2025-03-12 00:00:00+00:00
[2025-03-12T20:55:41.118+0000] {logging_mixin.py:190} INFO - [2025-03-12T20:55:41.118+0000] {dag.py:4180} INFO - Setting next_dagrun for read_dataset_event_from_classic to 2025-03-11 00:00:00+00:00, run_after=2025-03-12 00:00:00+00:00
[2025-03-12T20:55:41.137+0000] {processor.py:208} INFO - Processing /home/airflow/.local/lib/python3.12/site-packages/airflow/example_dags/example_inlet_event_extra.py took 0.606 seconds
[2025-03-12T20:56:12.040+0000] {processor.py:186} INFO - Started process (PID=1306) to work on /home/airflow/.local/lib/python3.12/site-packages/airflow/example_dags/example_inlet_event_extra.py
[2025-03-12T20:56:12.043+0000] {processor.py:914} INFO - Processing file /home/airflow/.local/lib/python3.12/site-packages/airflow/example_dags/example_inlet_event_extra.py for tasks to queue
[2025-03-12T20:56:12.045+0000] {logging_mixin.py:190} INFO - [2025-03-12T20:56:12.044+0000] {dagbag.py:588} INFO - Filling up the DagBag from /home/airflow/.local/lib/python3.12/site-packages/airflow/example_dags/example_inlet_event_extra.py
[2025-03-12T20:56:12.422+0000] {processor.py:925} INFO - DAG(s) 'read_dataset_event', 'read_dataset_event_from_classic' retrieved from /home/airflow/.local/lib/python3.12/site-packages/airflow/example_dags/example_inlet_event_extra.py
[2025-03-12T20:56:12.440+0000] {logging_mixin.py:190} INFO - [2025-03-12T20:56:12.439+0000] {dag.py:3239} INFO - Sync 2 DAGs
[2025-03-12T20:56:12.464+0000] {logging_mixin.py:190} INFO - [2025-03-12T20:56:12.463+0000] {dag.py:4180} INFO - Setting next_dagrun for read_dataset_event to 2025-03-11 00:00:00+00:00, run_after=2025-03-12 00:00:00+00:00
[2025-03-12T20:56:12.469+0000] {logging_mixin.py:190} INFO - [2025-03-12T20:56:12.469+0000] {dag.py:4180} INFO - Setting next_dagrun for read_dataset_event_from_classic to 2025-03-11 00:00:00+00:00, run_after=2025-03-12 00:00:00+00:00
[2025-03-12T20:56:12.485+0000] {processor.py:208} INFO - Processing /home/airflow/.local/lib/python3.12/site-packages/airflow/example_dags/example_inlet_event_extra.py took 0.449 seconds
[2025-03-12T20:56:42.918+0000] {processor.py:186} INFO - Started process (PID=1369) to work on /home/airflow/.local/lib/python3.12/site-packages/airflow/example_dags/example_inlet_event_extra.py
[2025-03-12T20:56:42.921+0000] {processor.py:914} INFO - Processing file /home/airflow/.local/lib/python3.12/site-packages/airflow/example_dags/example_inlet_event_extra.py for tasks to queue
[2025-03-12T20:56:42.923+0000] {logging_mixin.py:190} INFO - [2025-03-12T20:56:42.923+0000] {dagbag.py:588} INFO - Filling up the DagBag from /home/airflow/.local/lib/python3.12/site-packages/airflow/example_dags/example_inlet_event_extra.py
[2025-03-12T20:56:43.498+0000] {processor.py:925} INFO - DAG(s) 'read_dataset_event_from_classic', 'read_dataset_event' retrieved from /home/airflow/.local/lib/python3.12/site-packages/airflow/example_dags/example_inlet_event_extra.py
[2025-03-12T20:56:43.526+0000] {logging_mixin.py:190} INFO - [2025-03-12T20:56:43.525+0000] {dag.py:3239} INFO - Sync 2 DAGs
[2025-03-12T20:56:43.559+0000] {logging_mixin.py:190} INFO - [2025-03-12T20:56:43.559+0000] {dag.py:4180} INFO - Setting next_dagrun for read_dataset_event to 2025-03-11 00:00:00+00:00, run_after=2025-03-12 00:00:00+00:00
[2025-03-12T20:56:43.566+0000] {logging_mixin.py:190} INFO - [2025-03-12T20:56:43.566+0000] {dag.py:4180} INFO - Setting next_dagrun for read_dataset_event_from_classic to 2025-03-11 00:00:00+00:00, run_after=2025-03-12 00:00:00+00:00
[2025-03-12T20:56:43.589+0000] {processor.py:208} INFO - Processing /home/airflow/.local/lib/python3.12/site-packages/airflow/example_dags/example_inlet_event_extra.py took 0.677 seconds
[2025-03-12T20:57:13.640+0000] {processor.py:186} INFO - Started process (PID=1437) to work on /home/airflow/.local/lib/python3.12/site-packages/airflow/example_dags/example_inlet_event_extra.py
[2025-03-12T20:57:13.641+0000] {processor.py:914} INFO - Processing file /home/airflow/.local/lib/python3.12/site-packages/airflow/example_dags/example_inlet_event_extra.py for tasks to queue
[2025-03-12T20:57:13.643+0000] {logging_mixin.py:190} INFO - [2025-03-12T20:57:13.642+0000] {dagbag.py:588} INFO - Filling up the DagBag from /home/airflow/.local/lib/python3.12/site-packages/airflow/example_dags/example_inlet_event_extra.py
[2025-03-12T20:57:13.975+0000] {processor.py:925} INFO - DAG(s) 'read_dataset_event_from_classic', 'read_dataset_event' retrieved from /home/airflow/.local/lib/python3.12/site-packages/airflow/example_dags/example_inlet_event_extra.py
[2025-03-12T20:57:13.990+0000] {logging_mixin.py:190} INFO - [2025-03-12T20:57:13.990+0000] {dag.py:3239} INFO - Sync 2 DAGs
[2025-03-12T20:57:14.010+0000] {logging_mixin.py:190} INFO - [2025-03-12T20:57:14.009+0000] {dag.py:4180} INFO - Setting next_dagrun for read_dataset_event to 2025-03-11 00:00:00+00:00, run_after=2025-03-12 00:00:00+00:00
[2025-03-12T20:57:14.014+0000] {logging_mixin.py:190} INFO - [2025-03-12T20:57:14.014+0000] {dag.py:4180} INFO - Setting next_dagrun for read_dataset_event_from_classic to 2025-03-11 00:00:00+00:00, run_after=2025-03-12 00:00:00+00:00
[2025-03-12T20:57:14.028+0000] {processor.py:208} INFO - Processing /home/airflow/.local/lib/python3.12/site-packages/airflow/example_dags/example_inlet_event_extra.py took 0.391 seconds
[2025-03-12T20:57:44.291+0000] {processor.py:186} INFO - Started process (PID=1495) to work on /home/airflow/.local/lib/python3.12/site-packages/airflow/example_dags/example_inlet_event_extra.py
[2025-03-12T20:57:44.294+0000] {processor.py:914} INFO - Processing file /home/airflow/.local/lib/python3.12/site-packages/airflow/example_dags/example_inlet_event_extra.py for tasks to queue
[2025-03-12T20:57:44.295+0000] {logging_mixin.py:190} INFO - [2025-03-12T20:57:44.295+0000] {dagbag.py:588} INFO - Filling up the DagBag from /home/airflow/.local/lib/python3.12/site-packages/airflow/example_dags/example_inlet_event_extra.py
[2025-03-12T20:57:44.629+0000] {processor.py:925} INFO - DAG(s) 'read_dataset_event_from_classic', 'read_dataset_event' retrieved from /home/airflow/.local/lib/python3.12/site-packages/airflow/example_dags/example_inlet_event_extra.py
[2025-03-12T20:57:44.644+0000] {logging_mixin.py:190} INFO - [2025-03-12T20:57:44.644+0000] {dag.py:3239} INFO - Sync 2 DAGs
[2025-03-12T20:57:44.660+0000] {logging_mixin.py:190} INFO - [2025-03-12T20:57:44.659+0000] {dag.py:4180} INFO - Setting next_dagrun for read_dataset_event to 2025-03-11 00:00:00+00:00, run_after=2025-03-12 00:00:00+00:00
[2025-03-12T20:57:44.663+0000] {logging_mixin.py:190} INFO - [2025-03-12T20:57:44.663+0000] {dag.py:4180} INFO - Setting next_dagrun for read_dataset_event_from_classic to 2025-03-11 00:00:00+00:00, run_after=2025-03-12 00:00:00+00:00
[2025-03-12T20:57:44.675+0000] {processor.py:208} INFO - Processing /home/airflow/.local/lib/python3.12/site-packages/airflow/example_dags/example_inlet_event_extra.py took 0.389 seconds
[2025-03-12T20:58:14.889+0000] {processor.py:186} INFO - Started process (PID=1562) to work on /home/airflow/.local/lib/python3.12/site-packages/airflow/example_dags/example_inlet_event_extra.py
[2025-03-12T20:58:14.890+0000] {processor.py:914} INFO - Processing file /home/airflow/.local/lib/python3.12/site-packages/airflow/example_dags/example_inlet_event_extra.py for tasks to queue
[2025-03-12T20:58:14.892+0000] {logging_mixin.py:190} INFO - [2025-03-12T20:58:14.892+0000] {dagbag.py:588} INFO - Filling up the DagBag from /home/airflow/.local/lib/python3.12/site-packages/airflow/example_dags/example_inlet_event_extra.py
[2025-03-12T20:58:15.300+0000] {processor.py:925} INFO - DAG(s) 'read_dataset_event_from_classic', 'read_dataset_event' retrieved from /home/airflow/.local/lib/python3.12/site-packages/airflow/example_dags/example_inlet_event_extra.py
[2025-03-12T20:58:15.316+0000] {logging_mixin.py:190} INFO - [2025-03-12T20:58:15.316+0000] {dag.py:3239} INFO - Sync 2 DAGs
[2025-03-12T20:58:15.334+0000] {logging_mixin.py:190} INFO - [2025-03-12T20:58:15.334+0000] {dag.py:4180} INFO - Setting next_dagrun for read_dataset_event to 2025-03-11 00:00:00+00:00, run_after=2025-03-12 00:00:00+00:00
[2025-03-12T20:58:15.338+0000] {logging_mixin.py:190} INFO - [2025-03-12T20:58:15.338+0000] {dag.py:4180} INFO - Setting next_dagrun for read_dataset_event_from_classic to 2025-03-11 00:00:00+00:00, run_after=2025-03-12 00:00:00+00:00
[2025-03-12T20:58:15.352+0000] {processor.py:208} INFO - Processing /home/airflow/.local/lib/python3.12/site-packages/airflow/example_dags/example_inlet_event_extra.py took 0.466 seconds
[2025-03-12T20:58:45.691+0000] {processor.py:186} INFO - Started process (PID=1630) to work on /home/airflow/.local/lib/python3.12/site-packages/airflow/example_dags/example_inlet_event_extra.py
[2025-03-12T20:58:45.692+0000] {processor.py:914} INFO - Processing file /home/airflow/.local/lib/python3.12/site-packages/airflow/example_dags/example_inlet_event_extra.py for tasks to queue
[2025-03-12T20:58:45.693+0000] {logging_mixin.py:190} INFO - [2025-03-12T20:58:45.693+0000] {dagbag.py:588} INFO - Filling up the DagBag from /home/airflow/.local/lib/python3.12/site-packages/airflow/example_dags/example_inlet_event_extra.py
[2025-03-12T20:58:46.020+0000] {processor.py:925} INFO - DAG(s) 'read_dataset_event_from_classic', 'read_dataset_event' retrieved from /home/airflow/.local/lib/python3.12/site-packages/airflow/example_dags/example_inlet_event_extra.py
[2025-03-12T20:58:46.038+0000] {logging_mixin.py:190} INFO - [2025-03-12T20:58:46.037+0000] {dag.py:3239} INFO - Sync 2 DAGs
[2025-03-12T20:58:46.058+0000] {logging_mixin.py:190} INFO - [2025-03-12T20:58:46.058+0000] {dag.py:4180} INFO - Setting next_dagrun for read_dataset_event to 2025-03-11 00:00:00+00:00, run_after=2025-03-12 00:00:00+00:00
[2025-03-12T20:58:46.063+0000] {logging_mixin.py:190} INFO - [2025-03-12T20:58:46.063+0000] {dag.py:4180} INFO - Setting next_dagrun for read_dataset_event_from_classic to 2025-03-11 00:00:00+00:00, run_after=2025-03-12 00:00:00+00:00
[2025-03-12T20:58:46.076+0000] {processor.py:208} INFO - Processing /home/airflow/.local/lib/python3.12/site-packages/airflow/example_dags/example_inlet_event_extra.py took 0.390 seconds
[2025-03-12T20:59:16.502+0000] {processor.py:186} INFO - Started process (PID=1690) to work on /home/airflow/.local/lib/python3.12/site-packages/airflow/example_dags/example_inlet_event_extra.py
[2025-03-12T20:59:16.504+0000] {processor.py:914} INFO - Processing file /home/airflow/.local/lib/python3.12/site-packages/airflow/example_dags/example_inlet_event_extra.py for tasks to queue
[2025-03-12T20:59:16.505+0000] {logging_mixin.py:190} INFO - [2025-03-12T20:59:16.505+0000] {dagbag.py:588} INFO - Filling up the DagBag from /home/airflow/.local/lib/python3.12/site-packages/airflow/example_dags/example_inlet_event_extra.py
[2025-03-12T20:59:16.824+0000] {processor.py:925} INFO - DAG(s) 'read_dataset_event', 'read_dataset_event_from_classic' retrieved from /home/airflow/.local/lib/python3.12/site-packages/airflow/example_dags/example_inlet_event_extra.py
[2025-03-12T20:59:16.839+0000] {logging_mixin.py:190} INFO - [2025-03-12T20:59:16.839+0000] {dag.py:3239} INFO - Sync 2 DAGs
[2025-03-12T20:59:16.853+0000] {logging_mixin.py:190} INFO - [2025-03-12T20:59:16.852+0000] {dag.py:4180} INFO - Setting next_dagrun for read_dataset_event to 2025-03-11 00:00:00+00:00, run_after=2025-03-12 00:00:00+00:00
[2025-03-12T20:59:16.855+0000] {logging_mixin.py:190} INFO - [2025-03-12T20:59:16.855+0000] {dag.py:4180} INFO - Setting next_dagrun for read_dataset_event_from_classic to 2025-03-11 00:00:00+00:00, run_after=2025-03-12 00:00:00+00:00
[2025-03-12T20:59:16.865+0000] {processor.py:208} INFO - Processing /home/airflow/.local/lib/python3.12/site-packages/airflow/example_dags/example_inlet_event_extra.py took 0.368 seconds
[2025-03-12T20:59:47.045+0000] {processor.py:186} INFO - Started process (PID=1756) to work on /home/airflow/.local/lib/python3.12/site-packages/airflow/example_dags/example_inlet_event_extra.py
[2025-03-12T20:59:47.045+0000] {processor.py:914} INFO - Processing file /home/airflow/.local/lib/python3.12/site-packages/airflow/example_dags/example_inlet_event_extra.py for tasks to queue
[2025-03-12T20:59:47.046+0000] {logging_mixin.py:190} INFO - [2025-03-12T20:59:47.046+0000] {dagbag.py:588} INFO - Filling up the DagBag from /home/airflow/.local/lib/python3.12/site-packages/airflow/example_dags/example_inlet_event_extra.py
[2025-03-12T20:59:47.349+0000] {processor.py:925} INFO - DAG(s) 'read_dataset_event_from_classic', 'read_dataset_event' retrieved from /home/airflow/.local/lib/python3.12/site-packages/airflow/example_dags/example_inlet_event_extra.py
[2025-03-12T20:59:47.368+0000] {logging_mixin.py:190} INFO - [2025-03-12T20:59:47.367+0000] {dag.py:3239} INFO - Sync 2 DAGs
[2025-03-12T20:59:47.390+0000] {logging_mixin.py:190} INFO - [2025-03-12T20:59:47.390+0000] {dag.py:4180} INFO - Setting next_dagrun for read_dataset_event to 2025-03-11 00:00:00+00:00, run_after=2025-03-12 00:00:00+00:00
[2025-03-12T20:59:47.395+0000] {logging_mixin.py:190} INFO - [2025-03-12T20:59:47.395+0000] {dag.py:4180} INFO - Setting next_dagrun for read_dataset_event_from_classic to 2025-03-11 00:00:00+00:00, run_after=2025-03-12 00:00:00+00:00
[2025-03-12T20:59:47.411+0000] {processor.py:208} INFO - Processing /home/airflow/.local/lib/python3.12/site-packages/airflow/example_dags/example_inlet_event_extra.py took 0.369 seconds
[2025-03-12T21:00:17.881+0000] {processor.py:186} INFO - Started process (PID=1819) to work on /home/airflow/.local/lib/python3.12/site-packages/airflow/example_dags/example_inlet_event_extra.py
[2025-03-12T21:00:17.882+0000] {processor.py:914} INFO - Processing file /home/airflow/.local/lib/python3.12/site-packages/airflow/example_dags/example_inlet_event_extra.py for tasks to queue
[2025-03-12T21:00:17.884+0000] {logging_mixin.py:190} INFO - [2025-03-12T21:00:17.884+0000] {dagbag.py:588} INFO - Filling up the DagBag from /home/airflow/.local/lib/python3.12/site-packages/airflow/example_dags/example_inlet_event_extra.py
[2025-03-12T21:00:18.202+0000] {processor.py:925} INFO - DAG(s) 'read_dataset_event', 'read_dataset_event_from_classic' retrieved from /home/airflow/.local/lib/python3.12/site-packages/airflow/example_dags/example_inlet_event_extra.py
[2025-03-12T21:00:18.218+0000] {logging_mixin.py:190} INFO - [2025-03-12T21:00:18.218+0000] {dag.py:3239} INFO - Sync 2 DAGs
[2025-03-12T21:00:18.240+0000] {logging_mixin.py:190} INFO - [2025-03-12T21:00:18.240+0000] {dag.py:4180} INFO - Setting next_dagrun for read_dataset_event to 2025-03-11 00:00:00+00:00, run_after=2025-03-12 00:00:00+00:00
[2025-03-12T21:00:18.247+0000] {logging_mixin.py:190} INFO - [2025-03-12T21:00:18.247+0000] {dag.py:4180} INFO - Setting next_dagrun for read_dataset_event_from_classic to 2025-03-11 00:00:00+00:00, run_after=2025-03-12 00:00:00+00:00
[2025-03-12T21:00:18.264+0000] {processor.py:208} INFO - Processing /home/airflow/.local/lib/python3.12/site-packages/airflow/example_dags/example_inlet_event_extra.py took 0.388 seconds
[2025-03-12T21:00:48.368+0000] {processor.py:186} INFO - Started process (PID=1882) to work on /home/airflow/.local/lib/python3.12/site-packages/airflow/example_dags/example_inlet_event_extra.py
[2025-03-12T21:00:48.369+0000] {processor.py:914} INFO - Processing file /home/airflow/.local/lib/python3.12/site-packages/airflow/example_dags/example_inlet_event_extra.py for tasks to queue
[2025-03-12T21:00:48.371+0000] {logging_mixin.py:190} INFO - [2025-03-12T21:00:48.370+0000] {dagbag.py:588} INFO - Filling up the DagBag from /home/airflow/.local/lib/python3.12/site-packages/airflow/example_dags/example_inlet_event_extra.py
[2025-03-12T21:00:48.679+0000] {processor.py:925} INFO - DAG(s) 'read_dataset_event_from_classic', 'read_dataset_event' retrieved from /home/airflow/.local/lib/python3.12/site-packages/airflow/example_dags/example_inlet_event_extra.py
[2025-03-12T21:00:48.691+0000] {logging_mixin.py:190} INFO - [2025-03-12T21:00:48.691+0000] {dag.py:3239} INFO - Sync 2 DAGs
[2025-03-12T21:00:48.704+0000] {logging_mixin.py:190} INFO - [2025-03-12T21:00:48.704+0000] {dag.py:4180} INFO - Setting next_dagrun for read_dataset_event to 2025-03-11 00:00:00+00:00, run_after=2025-03-12 00:00:00+00:00
[2025-03-12T21:00:48.707+0000] {logging_mixin.py:190} INFO - [2025-03-12T21:00:48.707+0000] {dag.py:4180} INFO - Setting next_dagrun for read_dataset_event_from_classic to 2025-03-11 00:00:00+00:00, run_after=2025-03-12 00:00:00+00:00
[2025-03-12T21:00:48.717+0000] {processor.py:208} INFO - Processing /home/airflow/.local/lib/python3.12/site-packages/airflow/example_dags/example_inlet_event_extra.py took 0.352 seconds
[2025-03-12T21:01:19.492+0000] {processor.py:186} INFO - Started process (PID=1945) to work on /home/airflow/.local/lib/python3.12/site-packages/airflow/example_dags/example_inlet_event_extra.py
[2025-03-12T21:01:19.493+0000] {processor.py:914} INFO - Processing file /home/airflow/.local/lib/python3.12/site-packages/airflow/example_dags/example_inlet_event_extra.py for tasks to queue
[2025-03-12T21:01:19.495+0000] {logging_mixin.py:190} INFO - [2025-03-12T21:01:19.495+0000] {dagbag.py:588} INFO - Filling up the DagBag from /home/airflow/.local/lib/python3.12/site-packages/airflow/example_dags/example_inlet_event_extra.py
[2025-03-12T21:01:19.852+0000] {processor.py:925} INFO - DAG(s) 'read_dataset_event_from_classic', 'read_dataset_event' retrieved from /home/airflow/.local/lib/python3.12/site-packages/airflow/example_dags/example_inlet_event_extra.py
[2025-03-12T21:01:19.867+0000] {logging_mixin.py:190} INFO - [2025-03-12T21:01:19.867+0000] {dag.py:3239} INFO - Sync 2 DAGs
[2025-03-12T21:01:19.887+0000] {logging_mixin.py:190} INFO - [2025-03-12T21:01:19.887+0000] {dag.py:4180} INFO - Setting next_dagrun for read_dataset_event to 2025-03-11 00:00:00+00:00, run_after=2025-03-12 00:00:00+00:00
[2025-03-12T21:01:19.892+0000] {logging_mixin.py:190} INFO - [2025-03-12T21:01:19.892+0000] {dag.py:4180} INFO - Setting next_dagrun for read_dataset_event_from_classic to 2025-03-11 00:00:00+00:00, run_after=2025-03-12 00:00:00+00:00
[2025-03-12T21:01:19.906+0000] {processor.py:208} INFO - Processing /home/airflow/.local/lib/python3.12/site-packages/airflow/example_dags/example_inlet_event_extra.py took 0.419 seconds
[2025-03-12T21:01:50.171+0000] {processor.py:186} INFO - Started process (PID=1995) to work on /home/airflow/.local/lib/python3.12/site-packages/airflow/example_dags/example_inlet_event_extra.py
[2025-03-12T21:01:50.172+0000] {processor.py:914} INFO - Processing file /home/airflow/.local/lib/python3.12/site-packages/airflow/example_dags/example_inlet_event_extra.py for tasks to queue
[2025-03-12T21:01:50.174+0000] {logging_mixin.py:190} INFO - [2025-03-12T21:01:50.173+0000] {dagbag.py:588} INFO - Filling up the DagBag from /home/airflow/.local/lib/python3.12/site-packages/airflow/example_dags/example_inlet_event_extra.py
[2025-03-12T21:01:50.725+0000] {processor.py:925} INFO - DAG(s) 'read_dataset_event_from_classic', 'read_dataset_event' retrieved from /home/airflow/.local/lib/python3.12/site-packages/airflow/example_dags/example_inlet_event_extra.py
[2025-03-12T21:01:50.744+0000] {logging_mixin.py:190} INFO - [2025-03-12T21:01:50.744+0000] {dag.py:3239} INFO - Sync 2 DAGs
[2025-03-12T21:01:50.764+0000] {logging_mixin.py:190} INFO - [2025-03-12T21:01:50.764+0000] {dag.py:4180} INFO - Setting next_dagrun for read_dataset_event to 2025-03-11 00:00:00+00:00, run_after=2025-03-12 00:00:00+00:00
[2025-03-12T21:01:50.769+0000] {logging_mixin.py:190} INFO - [2025-03-12T21:01:50.768+0000] {dag.py:4180} INFO - Setting next_dagrun for read_dataset_event_from_classic to 2025-03-11 00:00:00+00:00, run_after=2025-03-12 00:00:00+00:00
[2025-03-12T21:01:50.780+0000] {processor.py:208} INFO - Processing /home/airflow/.local/lib/python3.12/site-packages/airflow/example_dags/example_inlet_event_extra.py took 0.615 seconds
[2025-03-12T21:02:21.278+0000] {processor.py:186} INFO - Started process (PID=2062) to work on /home/airflow/.local/lib/python3.12/site-packages/airflow/example_dags/example_inlet_event_extra.py
[2025-03-12T21:02:21.280+0000] {processor.py:914} INFO - Processing file /home/airflow/.local/lib/python3.12/site-packages/airflow/example_dags/example_inlet_event_extra.py for tasks to queue
[2025-03-12T21:02:21.282+0000] {logging_mixin.py:190} INFO - [2025-03-12T21:02:21.282+0000] {dagbag.py:588} INFO - Filling up the DagBag from /home/airflow/.local/lib/python3.12/site-packages/airflow/example_dags/example_inlet_event_extra.py
[2025-03-12T21:02:21.928+0000] {processor.py:925} INFO - DAG(s) 'read_dataset_event_from_classic', 'read_dataset_event' retrieved from /home/airflow/.local/lib/python3.12/site-packages/airflow/example_dags/example_inlet_event_extra.py
[2025-03-12T21:02:21.951+0000] {logging_mixin.py:190} INFO - [2025-03-12T21:02:21.950+0000] {dag.py:3239} INFO - Sync 2 DAGs
[2025-03-12T21:02:21.975+0000] {logging_mixin.py:190} INFO - [2025-03-12T21:02:21.975+0000] {dag.py:4180} INFO - Setting next_dagrun for read_dataset_event to 2025-03-11 00:00:00+00:00, run_after=2025-03-12 00:00:00+00:00
[2025-03-12T21:02:21.982+0000] {logging_mixin.py:190} INFO - [2025-03-12T21:02:21.981+0000] {dag.py:4180} INFO - Setting next_dagrun for read_dataset_event_from_classic to 2025-03-11 00:00:00+00:00, run_after=2025-03-12 00:00:00+00:00
[2025-03-12T21:02:21.999+0000] {processor.py:208} INFO - Processing /home/airflow/.local/lib/python3.12/site-packages/airflow/example_dags/example_inlet_event_extra.py took 0.727 seconds
[2025-03-12T21:02:52.494+0000] {processor.py:186} INFO - Started process (PID=2124) to work on /home/airflow/.local/lib/python3.12/site-packages/airflow/example_dags/example_inlet_event_extra.py
[2025-03-12T21:02:52.494+0000] {processor.py:914} INFO - Processing file /home/airflow/.local/lib/python3.12/site-packages/airflow/example_dags/example_inlet_event_extra.py for tasks to queue
[2025-03-12T21:02:52.496+0000] {logging_mixin.py:190} INFO - [2025-03-12T21:02:52.496+0000] {dagbag.py:588} INFO - Filling up the DagBag from /home/airflow/.local/lib/python3.12/site-packages/airflow/example_dags/example_inlet_event_extra.py
[2025-03-12T21:02:52.878+0000] {processor.py:925} INFO - DAG(s) 'read_dataset_event_from_classic', 'read_dataset_event' retrieved from /home/airflow/.local/lib/python3.12/site-packages/airflow/example_dags/example_inlet_event_extra.py
[2025-03-12T21:02:52.897+0000] {logging_mixin.py:190} INFO - [2025-03-12T21:02:52.897+0000] {dag.py:3239} INFO - Sync 2 DAGs
[2025-03-12T21:02:52.923+0000] {logging_mixin.py:190} INFO - [2025-03-12T21:02:52.922+0000] {dag.py:4180} INFO - Setting next_dagrun for read_dataset_event to 2025-03-11 00:00:00+00:00, run_after=2025-03-12 00:00:00+00:00
[2025-03-12T21:02:52.928+0000] {logging_mixin.py:190} INFO - [2025-03-12T21:02:52.928+0000] {dag.py:4180} INFO - Setting next_dagrun for read_dataset_event_from_classic to 2025-03-11 00:00:00+00:00, run_after=2025-03-12 00:00:00+00:00
[2025-03-12T21:02:52.945+0000] {processor.py:208} INFO - Processing /home/airflow/.local/lib/python3.12/site-packages/airflow/example_dags/example_inlet_event_extra.py took 0.457 seconds
[2025-03-12T21:03:23.136+0000] {processor.py:186} INFO - Started process (PID=2190) to work on /home/airflow/.local/lib/python3.12/site-packages/airflow/example_dags/example_inlet_event_extra.py
[2025-03-12T21:03:23.137+0000] {processor.py:914} INFO - Processing file /home/airflow/.local/lib/python3.12/site-packages/airflow/example_dags/example_inlet_event_extra.py for tasks to queue
[2025-03-12T21:03:23.139+0000] {logging_mixin.py:190} INFO - [2025-03-12T21:03:23.138+0000] {dagbag.py:588} INFO - Filling up the DagBag from /home/airflow/.local/lib/python3.12/site-packages/airflow/example_dags/example_inlet_event_extra.py
[2025-03-12T21:03:23.504+0000] {processor.py:925} INFO - DAG(s) 'read_dataset_event', 'read_dataset_event_from_classic' retrieved from /home/airflow/.local/lib/python3.12/site-packages/airflow/example_dags/example_inlet_event_extra.py
[2025-03-12T21:03:23.524+0000] {logging_mixin.py:190} INFO - [2025-03-12T21:03:23.524+0000] {dag.py:3239} INFO - Sync 2 DAGs
[2025-03-12T21:03:23.542+0000] {logging_mixin.py:190} INFO - [2025-03-12T21:03:23.541+0000] {dag.py:4180} INFO - Setting next_dagrun for read_dataset_event to 2025-03-11 00:00:00+00:00, run_after=2025-03-12 00:00:00+00:00
[2025-03-12T21:03:23.547+0000] {logging_mixin.py:190} INFO - [2025-03-12T21:03:23.546+0000] {dag.py:4180} INFO - Setting next_dagrun for read_dataset_event_from_classic to 2025-03-11 00:00:00+00:00, run_after=2025-03-12 00:00:00+00:00
[2025-03-12T21:03:23.566+0000] {processor.py:208} INFO - Processing /home/airflow/.local/lib/python3.12/site-packages/airflow/example_dags/example_inlet_event_extra.py took 0.435 seconds
[2025-03-12T21:03:54.327+0000] {processor.py:186} INFO - Started process (PID=2254) to work on /home/airflow/.local/lib/python3.12/site-packages/airflow/example_dags/example_inlet_event_extra.py
[2025-03-12T21:03:54.328+0000] {processor.py:914} INFO - Processing file /home/airflow/.local/lib/python3.12/site-packages/airflow/example_dags/example_inlet_event_extra.py for tasks to queue
[2025-03-12T21:03:54.330+0000] {logging_mixin.py:190} INFO - [2025-03-12T21:03:54.330+0000] {dagbag.py:588} INFO - Filling up the DagBag from /home/airflow/.local/lib/python3.12/site-packages/airflow/example_dags/example_inlet_event_extra.py
[2025-03-12T21:03:54.730+0000] {processor.py:925} INFO - DAG(s) 'read_dataset_event', 'read_dataset_event_from_classic' retrieved from /home/airflow/.local/lib/python3.12/site-packages/airflow/example_dags/example_inlet_event_extra.py
[2025-03-12T21:03:54.748+0000] {logging_mixin.py:190} INFO - [2025-03-12T21:03:54.748+0000] {dag.py:3239} INFO - Sync 2 DAGs
[2025-03-12T21:03:54.772+0000] {logging_mixin.py:190} INFO - [2025-03-12T21:03:54.771+0000] {dag.py:4180} INFO - Setting next_dagrun for read_dataset_event to 2025-03-11 00:00:00+00:00, run_after=2025-03-12 00:00:00+00:00
[2025-03-12T21:03:54.777+0000] {logging_mixin.py:190} INFO - [2025-03-12T21:03:54.777+0000] {dag.py:4180} INFO - Setting next_dagrun for read_dataset_event_from_classic to 2025-03-11 00:00:00+00:00, run_after=2025-03-12 00:00:00+00:00
[2025-03-12T21:03:54.795+0000] {processor.py:208} INFO - Processing /home/airflow/.local/lib/python3.12/site-packages/airflow/example_dags/example_inlet_event_extra.py took 0.474 seconds
[2025-03-12T21:04:24.994+0000] {processor.py:186} INFO - Started process (PID=2320) to work on /home/airflow/.local/lib/python3.12/site-packages/airflow/example_dags/example_inlet_event_extra.py
[2025-03-12T21:04:24.995+0000] {processor.py:914} INFO - Processing file /home/airflow/.local/lib/python3.12/site-packages/airflow/example_dags/example_inlet_event_extra.py for tasks to queue
[2025-03-12T21:04:24.996+0000] {logging_mixin.py:190} INFO - [2025-03-12T21:04:24.996+0000] {dagbag.py:588} INFO - Filling up the DagBag from /home/airflow/.local/lib/python3.12/site-packages/airflow/example_dags/example_inlet_event_extra.py
[2025-03-12T21:04:25.373+0000] {processor.py:925} INFO - DAG(s) 'read_dataset_event_from_classic', 'read_dataset_event' retrieved from /home/airflow/.local/lib/python3.12/site-packages/airflow/example_dags/example_inlet_event_extra.py
[2025-03-12T21:04:25.390+0000] {logging_mixin.py:190} INFO - [2025-03-12T21:04:25.389+0000] {dag.py:3239} INFO - Sync 2 DAGs
[2025-03-12T21:04:25.407+0000] {logging_mixin.py:190} INFO - [2025-03-12T21:04:25.407+0000] {dag.py:4180} INFO - Setting next_dagrun for read_dataset_event to 2025-03-11 00:00:00+00:00, run_after=2025-03-12 00:00:00+00:00
[2025-03-12T21:04:25.411+0000] {logging_mixin.py:190} INFO - [2025-03-12T21:04:25.410+0000] {dag.py:4180} INFO - Setting next_dagrun for read_dataset_event_from_classic to 2025-03-11 00:00:00+00:00, run_after=2025-03-12 00:00:00+00:00
[2025-03-12T21:04:25.424+0000] {processor.py:208} INFO - Processing /home/airflow/.local/lib/python3.12/site-packages/airflow/example_dags/example_inlet_event_extra.py took 0.433 seconds
[2025-03-12T21:04:55.674+0000] {processor.py:186} INFO - Started process (PID=2392) to work on /home/airflow/.local/lib/python3.12/site-packages/airflow/example_dags/example_inlet_event_extra.py
[2025-03-12T21:04:55.675+0000] {processor.py:914} INFO - Processing file /home/airflow/.local/lib/python3.12/site-packages/airflow/example_dags/example_inlet_event_extra.py for tasks to queue
[2025-03-12T21:04:55.677+0000] {logging_mixin.py:190} INFO - [2025-03-12T21:04:55.676+0000] {dagbag.py:588} INFO - Filling up the DagBag from /home/airflow/.local/lib/python3.12/site-packages/airflow/example_dags/example_inlet_event_extra.py
[2025-03-12T21:04:56.015+0000] {processor.py:925} INFO - DAG(s) 'read_dataset_event', 'read_dataset_event_from_classic' retrieved from /home/airflow/.local/lib/python3.12/site-packages/airflow/example_dags/example_inlet_event_extra.py
[2025-03-12T21:04:56.032+0000] {logging_mixin.py:190} INFO - [2025-03-12T21:04:56.032+0000] {dag.py:3239} INFO - Sync 2 DAGs
[2025-03-12T21:04:56.053+0000] {logging_mixin.py:190} INFO - [2025-03-12T21:04:56.053+0000] {dag.py:4180} INFO - Setting next_dagrun for read_dataset_event to 2025-03-11 00:00:00+00:00, run_after=2025-03-12 00:00:00+00:00
[2025-03-12T21:04:56.058+0000] {logging_mixin.py:190} INFO - [2025-03-12T21:04:56.058+0000] {dag.py:4180} INFO - Setting next_dagrun for read_dataset_event_from_classic to 2025-03-11 00:00:00+00:00, run_after=2025-03-12 00:00:00+00:00
[2025-03-12T21:04:56.073+0000] {processor.py:208} INFO - Processing /home/airflow/.local/lib/python3.12/site-packages/airflow/example_dags/example_inlet_event_extra.py took 0.404 seconds
[2025-03-12T21:05:26.395+0000] {processor.py:186} INFO - Started process (PID=2455) to work on /home/airflow/.local/lib/python3.12/site-packages/airflow/example_dags/example_inlet_event_extra.py
[2025-03-12T21:05:26.396+0000] {processor.py:914} INFO - Processing file /home/airflow/.local/lib/python3.12/site-packages/airflow/example_dags/example_inlet_event_extra.py for tasks to queue
[2025-03-12T21:05:26.398+0000] {logging_mixin.py:190} INFO - [2025-03-12T21:05:26.398+0000] {dagbag.py:588} INFO - Filling up the DagBag from /home/airflow/.local/lib/python3.12/site-packages/airflow/example_dags/example_inlet_event_extra.py
[2025-03-12T21:05:26.753+0000] {processor.py:925} INFO - DAG(s) 'read_dataset_event', 'read_dataset_event_from_classic' retrieved from /home/airflow/.local/lib/python3.12/site-packages/airflow/example_dags/example_inlet_event_extra.py
[2025-03-12T21:05:26.770+0000] {logging_mixin.py:190} INFO - [2025-03-12T21:05:26.770+0000] {dag.py:3239} INFO - Sync 2 DAGs
[2025-03-12T21:05:26.790+0000] {logging_mixin.py:190} INFO - [2025-03-12T21:05:26.790+0000] {dag.py:4180} INFO - Setting next_dagrun for read_dataset_event to 2025-03-11 00:00:00+00:00, run_after=2025-03-12 00:00:00+00:00
[2025-03-12T21:05:26.794+0000] {logging_mixin.py:190} INFO - [2025-03-12T21:05:26.794+0000] {dag.py:4180} INFO - Setting next_dagrun for read_dataset_event_from_classic to 2025-03-11 00:00:00+00:00, run_after=2025-03-12 00:00:00+00:00
[2025-03-12T21:05:26.807+0000] {processor.py:208} INFO - Processing /home/airflow/.local/lib/python3.12/site-packages/airflow/example_dags/example_inlet_event_extra.py took 0.416 seconds
[2025-03-12T21:05:56.858+0000] {processor.py:186} INFO - Started process (PID=2518) to work on /home/airflow/.local/lib/python3.12/site-packages/airflow/example_dags/example_inlet_event_extra.py
[2025-03-12T21:05:56.860+0000] {processor.py:914} INFO - Processing file /home/airflow/.local/lib/python3.12/site-packages/airflow/example_dags/example_inlet_event_extra.py for tasks to queue
[2025-03-12T21:05:56.862+0000] {logging_mixin.py:190} INFO - [2025-03-12T21:05:56.861+0000] {dagbag.py:588} INFO - Filling up the DagBag from /home/airflow/.local/lib/python3.12/site-packages/airflow/example_dags/example_inlet_event_extra.py
[2025-03-12T21:05:57.205+0000] {processor.py:925} INFO - DAG(s) 'read_dataset_event_from_classic', 'read_dataset_event' retrieved from /home/airflow/.local/lib/python3.12/site-packages/airflow/example_dags/example_inlet_event_extra.py
[2025-03-12T21:05:57.219+0000] {logging_mixin.py:190} INFO - [2025-03-12T21:05:57.219+0000] {dag.py:3239} INFO - Sync 2 DAGs
[2025-03-12T21:05:57.235+0000] {logging_mixin.py:190} INFO - [2025-03-12T21:05:57.235+0000] {dag.py:4180} INFO - Setting next_dagrun for read_dataset_event to 2025-03-11 00:00:00+00:00, run_after=2025-03-12 00:00:00+00:00
[2025-03-12T21:05:57.239+0000] {logging_mixin.py:190} INFO - [2025-03-12T21:05:57.239+0000] {dag.py:4180} INFO - Setting next_dagrun for read_dataset_event_from_classic to 2025-03-11 00:00:00+00:00, run_after=2025-03-12 00:00:00+00:00
[2025-03-12T21:05:57.254+0000] {processor.py:208} INFO - Processing /home/airflow/.local/lib/python3.12/site-packages/airflow/example_dags/example_inlet_event_extra.py took 0.401 seconds
[2025-03-12T21:06:27.468+0000] {processor.py:186} INFO - Started process (PID=2579) to work on /home/airflow/.local/lib/python3.12/site-packages/airflow/example_dags/example_inlet_event_extra.py
[2025-03-12T21:06:27.469+0000] {processor.py:914} INFO - Processing file /home/airflow/.local/lib/python3.12/site-packages/airflow/example_dags/example_inlet_event_extra.py for tasks to queue
[2025-03-12T21:06:27.470+0000] {logging_mixin.py:190} INFO - [2025-03-12T21:06:27.470+0000] {dagbag.py:588} INFO - Filling up the DagBag from /home/airflow/.local/lib/python3.12/site-packages/airflow/example_dags/example_inlet_event_extra.py
[2025-03-12T21:06:27.805+0000] {processor.py:925} INFO - DAG(s) 'read_dataset_event_from_classic', 'read_dataset_event' retrieved from /home/airflow/.local/lib/python3.12/site-packages/airflow/example_dags/example_inlet_event_extra.py
[2025-03-12T21:06:27.820+0000] {logging_mixin.py:190} INFO - [2025-03-12T21:06:27.820+0000] {dag.py:3239} INFO - Sync 2 DAGs
[2025-03-12T21:06:27.841+0000] {logging_mixin.py:190} INFO - [2025-03-12T21:06:27.841+0000] {dag.py:4180} INFO - Setting next_dagrun for read_dataset_event to 2025-03-11 00:00:00+00:00, run_after=2025-03-12 00:00:00+00:00
[2025-03-12T21:06:27.845+0000] {logging_mixin.py:190} INFO - [2025-03-12T21:06:27.845+0000] {dag.py:4180} INFO - Setting next_dagrun for read_dataset_event_from_classic to 2025-03-11 00:00:00+00:00, run_after=2025-03-12 00:00:00+00:00
[2025-03-12T21:06:27.857+0000] {processor.py:208} INFO - Processing /home/airflow/.local/lib/python3.12/site-packages/airflow/example_dags/example_inlet_event_extra.py took 0.392 seconds
[2025-03-12T21:06:58.441+0000] {processor.py:186} INFO - Started process (PID=2641) to work on /home/airflow/.local/lib/python3.12/site-packages/airflow/example_dags/example_inlet_event_extra.py
[2025-03-12T21:06:58.442+0000] {processor.py:914} INFO - Processing file /home/airflow/.local/lib/python3.12/site-packages/airflow/example_dags/example_inlet_event_extra.py for tasks to queue
[2025-03-12T21:06:58.443+0000] {logging_mixin.py:190} INFO - [2025-03-12T21:06:58.443+0000] {dagbag.py:588} INFO - Filling up the DagBag from /home/airflow/.local/lib/python3.12/site-packages/airflow/example_dags/example_inlet_event_extra.py
[2025-03-12T21:06:58.862+0000] {processor.py:925} INFO - DAG(s) 'read_dataset_event', 'read_dataset_event_from_classic' retrieved from /home/airflow/.local/lib/python3.12/site-packages/airflow/example_dags/example_inlet_event_extra.py
[2025-03-12T21:06:58.881+0000] {logging_mixin.py:190} INFO - [2025-03-12T21:06:58.880+0000] {dag.py:3239} INFO - Sync 2 DAGs
[2025-03-12T21:06:58.901+0000] {logging_mixin.py:190} INFO - [2025-03-12T21:06:58.901+0000] {dag.py:4180} INFO - Setting next_dagrun for read_dataset_event to 2025-03-11 00:00:00+00:00, run_after=2025-03-12 00:00:00+00:00
[2025-03-12T21:06:58.904+0000] {logging_mixin.py:190} INFO - [2025-03-12T21:06:58.904+0000] {dag.py:4180} INFO - Setting next_dagrun for read_dataset_event_from_classic to 2025-03-11 00:00:00+00:00, run_after=2025-03-12 00:00:00+00:00
[2025-03-12T21:06:58.917+0000] {processor.py:208} INFO - Processing /home/airflow/.local/lib/python3.12/site-packages/airflow/example_dags/example_inlet_event_extra.py took 0.483 seconds
[2025-03-12T21:07:29.067+0000] {processor.py:186} INFO - Started process (PID=2707) to work on /home/airflow/.local/lib/python3.12/site-packages/airflow/example_dags/example_inlet_event_extra.py
[2025-03-12T21:07:29.068+0000] {processor.py:914} INFO - Processing file /home/airflow/.local/lib/python3.12/site-packages/airflow/example_dags/example_inlet_event_extra.py for tasks to queue
[2025-03-12T21:07:29.069+0000] {logging_mixin.py:190} INFO - [2025-03-12T21:07:29.069+0000] {dagbag.py:588} INFO - Filling up the DagBag from /home/airflow/.local/lib/python3.12/site-packages/airflow/example_dags/example_inlet_event_extra.py
[2025-03-12T21:07:29.362+0000] {processor.py:925} INFO - DAG(s) 'read_dataset_event_from_classic', 'read_dataset_event' retrieved from /home/airflow/.local/lib/python3.12/site-packages/airflow/example_dags/example_inlet_event_extra.py
[2025-03-12T21:07:29.377+0000] {logging_mixin.py:190} INFO - [2025-03-12T21:07:29.376+0000] {dag.py:3239} INFO - Sync 2 DAGs
[2025-03-12T21:07:29.393+0000] {logging_mixin.py:190} INFO - [2025-03-12T21:07:29.393+0000] {dag.py:4180} INFO - Setting next_dagrun for read_dataset_event to 2025-03-11 00:00:00+00:00, run_after=2025-03-12 00:00:00+00:00
[2025-03-12T21:07:29.398+0000] {logging_mixin.py:190} INFO - [2025-03-12T21:07:29.398+0000] {dag.py:4180} INFO - Setting next_dagrun for read_dataset_event_from_classic to 2025-03-11 00:00:00+00:00, run_after=2025-03-12 00:00:00+00:00
[2025-03-12T21:07:29.411+0000] {processor.py:208} INFO - Processing /home/airflow/.local/lib/python3.12/site-packages/airflow/example_dags/example_inlet_event_extra.py took 0.349 seconds
[2025-03-12T21:07:59.450+0000] {processor.py:186} INFO - Started process (PID=2769) to work on /home/airflow/.local/lib/python3.12/site-packages/airflow/example_dags/example_inlet_event_extra.py
[2025-03-12T21:07:59.451+0000] {processor.py:914} INFO - Processing file /home/airflow/.local/lib/python3.12/site-packages/airflow/example_dags/example_inlet_event_extra.py for tasks to queue
[2025-03-12T21:07:59.453+0000] {logging_mixin.py:190} INFO - [2025-03-12T21:07:59.453+0000] {dagbag.py:588} INFO - Filling up the DagBag from /home/airflow/.local/lib/python3.12/site-packages/airflow/example_dags/example_inlet_event_extra.py
[2025-03-12T21:07:59.756+0000] {processor.py:925} INFO - DAG(s) 'read_dataset_event', 'read_dataset_event_from_classic' retrieved from /home/airflow/.local/lib/python3.12/site-packages/airflow/example_dags/example_inlet_event_extra.py
[2025-03-12T21:07:59.773+0000] {logging_mixin.py:190} INFO - [2025-03-12T21:07:59.773+0000] {dag.py:3239} INFO - Sync 2 DAGs
[2025-03-12T21:07:59.793+0000] {logging_mixin.py:190} INFO - [2025-03-12T21:07:59.793+0000] {dag.py:4180} INFO - Setting next_dagrun for read_dataset_event to 2025-03-11 00:00:00+00:00, run_after=2025-03-12 00:00:00+00:00
[2025-03-12T21:07:59.798+0000] {logging_mixin.py:190} INFO - [2025-03-12T21:07:59.798+0000] {dag.py:4180} INFO - Setting next_dagrun for read_dataset_event_from_classic to 2025-03-11 00:00:00+00:00, run_after=2025-03-12 00:00:00+00:00
[2025-03-12T21:07:59.813+0000] {processor.py:208} INFO - Processing /home/airflow/.local/lib/python3.12/site-packages/airflow/example_dags/example_inlet_event_extra.py took 0.367 seconds
[2025-03-12T21:08:29.945+0000] {processor.py:186} INFO - Started process (PID=2824) to work on /home/airflow/.local/lib/python3.12/site-packages/airflow/example_dags/example_inlet_event_extra.py
[2025-03-12T21:08:29.946+0000] {processor.py:914} INFO - Processing file /home/airflow/.local/lib/python3.12/site-packages/airflow/example_dags/example_inlet_event_extra.py for tasks to queue
[2025-03-12T21:08:29.947+0000] {logging_mixin.py:190} INFO - [2025-03-12T21:08:29.947+0000] {dagbag.py:588} INFO - Filling up the DagBag from /home/airflow/.local/lib/python3.12/site-packages/airflow/example_dags/example_inlet_event_extra.py
[2025-03-12T21:08:30.309+0000] {processor.py:925} INFO - DAG(s) 'read_dataset_event', 'read_dataset_event_from_classic' retrieved from /home/airflow/.local/lib/python3.12/site-packages/airflow/example_dags/example_inlet_event_extra.py
[2025-03-12T21:08:30.327+0000] {logging_mixin.py:190} INFO - [2025-03-12T21:08:30.327+0000] {dag.py:3239} INFO - Sync 2 DAGs
[2025-03-12T21:08:30.348+0000] {logging_mixin.py:190} INFO - [2025-03-12T21:08:30.348+0000] {dag.py:4180} INFO - Setting next_dagrun for read_dataset_event to 2025-03-11 00:00:00+00:00, run_after=2025-03-12 00:00:00+00:00
[2025-03-12T21:08:30.353+0000] {logging_mixin.py:190} INFO - [2025-03-12T21:08:30.353+0000] {dag.py:4180} INFO - Setting next_dagrun for read_dataset_event_from_classic to 2025-03-11 00:00:00+00:00, run_after=2025-03-12 00:00:00+00:00
[2025-03-12T21:08:30.369+0000] {processor.py:208} INFO - Processing /home/airflow/.local/lib/python3.12/site-packages/airflow/example_dags/example_inlet_event_extra.py took 0.427 seconds
