[2025-03-12T20:46:25.730+0000] {processor.py:186} INFO - Started process (PID=79) to work on /home/airflow/.local/lib/python3.12/site-packages/airflow/example_dags/example_bash_operator.py
[2025-03-12T20:46:25.731+0000] {processor.py:914} INFO - Processing file /home/airflow/.local/lib/python3.12/site-packages/airflow/example_dags/example_bash_operator.py for tasks to queue
[2025-03-12T20:46:25.732+0000] {logging_mixin.py:190} INFO - [2025-03-12T20:46:25.732+0000] {dagbag.py:588} INFO - Filling up the DagBag from /home/airflow/.local/lib/python3.12/site-packages/airflow/example_dags/example_bash_operator.py
[2025-03-12T20:46:25.745+0000] {processor.py:925} INFO - DAG(s) 'example_bash_operator' retrieved from /home/airflow/.local/lib/python3.12/site-packages/airflow/example_dags/example_bash_operator.py
[2025-03-12T20:46:25.847+0000] {logging_mixin.py:190} INFO - [2025-03-12T20:46:25.847+0000] {override.py:1912} INFO - Created Permission View: can edit on DAG:example_bash_operator
[2025-03-12T20:46:25.855+0000] {logging_mixin.py:190} INFO - [2025-03-12T20:46:25.855+0000] {override.py:1912} INFO - Created Permission View: can read on DAG:example_bash_operator
[2025-03-12T20:46:25.860+0000] {logging_mixin.py:190} INFO - [2025-03-12T20:46:25.860+0000] {override.py:1912} INFO - Created Permission View: can delete on DAG:example_bash_operator
[2025-03-12T20:46:25.866+0000] {logging_mixin.py:190} INFO - [2025-03-12T20:46:25.865+0000] {override.py:1912} INFO - Created Permission View: menu access on DAG Run:example_bash_operator
[2025-03-12T20:46:25.870+0000] {logging_mixin.py:190} INFO - [2025-03-12T20:46:25.870+0000] {override.py:1912} INFO - Created Permission View: can create on DAG Run:example_bash_operator
[2025-03-12T20:46:25.875+0000] {logging_mixin.py:190} INFO - [2025-03-12T20:46:25.875+0000] {override.py:1912} INFO - Created Permission View: can read on DAG Run:example_bash_operator
[2025-03-12T20:46:25.880+0000] {logging_mixin.py:190} INFO - [2025-03-12T20:46:25.880+0000] {override.py:1912} INFO - Created Permission View: can delete on DAG Run:example_bash_operator
[2025-03-12T20:46:25.880+0000] {logging_mixin.py:190} INFO - [2025-03-12T20:46:25.880+0000] {dag.py:3239} INFO - Sync 1 DAGs
[2025-03-12T20:46:25.893+0000] {logging_mixin.py:190} INFO - [2025-03-12T20:46:25.892+0000] {dag.py:3262} INFO - Creating ORM DAG for example_bash_operator
[2025-03-12T20:46:25.901+0000] {logging_mixin.py:190} INFO - [2025-03-12T20:46:25.901+0000] {dag.py:4180} INFO - Setting next_dagrun for example_bash_operator to 2025-03-11 00:00:00+00:00, run_after=2025-03-12 00:00:00+00:00
[2025-03-12T20:46:25.915+0000] {processor.py:208} INFO - Processing /home/airflow/.local/lib/python3.12/site-packages/airflow/example_dags/example_bash_operator.py took 0.190 seconds
[2025-03-12T20:46:56.734+0000] {processor.py:186} INFO - Started process (PID=142) to work on /home/airflow/.local/lib/python3.12/site-packages/airflow/example_dags/example_bash_operator.py
[2025-03-12T20:46:56.736+0000] {processor.py:914} INFO - Processing file /home/airflow/.local/lib/python3.12/site-packages/airflow/example_dags/example_bash_operator.py for tasks to queue
[2025-03-12T20:46:56.738+0000] {logging_mixin.py:190} INFO - [2025-03-12T20:46:56.738+0000] {dagbag.py:588} INFO - Filling up the DagBag from /home/airflow/.local/lib/python3.12/site-packages/airflow/example_dags/example_bash_operator.py
[2025-03-12T20:46:56.753+0000] {processor.py:925} INFO - DAG(s) 'example_bash_operator' retrieved from /home/airflow/.local/lib/python3.12/site-packages/airflow/example_dags/example_bash_operator.py
[2025-03-12T20:46:56.777+0000] {logging_mixin.py:190} INFO - [2025-03-12T20:46:56.776+0000] {dag.py:3239} INFO - Sync 1 DAGs
[2025-03-12T20:46:56.802+0000] {logging_mixin.py:190} INFO - [2025-03-12T20:46:56.801+0000] {dag.py:4180} INFO - Setting next_dagrun for example_bash_operator to 2025-03-11 00:00:00+00:00, run_after=2025-03-12 00:00:00+00:00
[2025-03-12T20:46:56.821+0000] {processor.py:208} INFO - Processing /home/airflow/.local/lib/python3.12/site-packages/airflow/example_dags/example_bash_operator.py took 0.092 seconds
[2025-03-12T20:47:26.952+0000] {processor.py:186} INFO - Started process (PID=205) to work on /home/airflow/.local/lib/python3.12/site-packages/airflow/example_dags/example_bash_operator.py
[2025-03-12T20:47:26.954+0000] {processor.py:914} INFO - Processing file /home/airflow/.local/lib/python3.12/site-packages/airflow/example_dags/example_bash_operator.py for tasks to queue
[2025-03-12T20:47:26.956+0000] {logging_mixin.py:190} INFO - [2025-03-12T20:47:26.956+0000] {dagbag.py:588} INFO - Filling up the DagBag from /home/airflow/.local/lib/python3.12/site-packages/airflow/example_dags/example_bash_operator.py
[2025-03-12T20:47:26.974+0000] {processor.py:925} INFO - DAG(s) 'example_bash_operator' retrieved from /home/airflow/.local/lib/python3.12/site-packages/airflow/example_dags/example_bash_operator.py
[2025-03-12T20:47:27.013+0000] {logging_mixin.py:190} INFO - [2025-03-12T20:47:27.012+0000] {dag.py:3239} INFO - Sync 1 DAGs
[2025-03-12T20:47:27.046+0000] {logging_mixin.py:190} INFO - [2025-03-12T20:47:27.046+0000] {dag.py:4180} INFO - Setting next_dagrun for example_bash_operator to 2025-03-11 00:00:00+00:00, run_after=2025-03-12 00:00:00+00:00
[2025-03-12T20:47:27.074+0000] {processor.py:208} INFO - Processing /home/airflow/.local/lib/python3.12/site-packages/airflow/example_dags/example_bash_operator.py took 0.128 seconds
[2025-03-12T20:47:57.167+0000] {processor.py:186} INFO - Started process (PID=268) to work on /home/airflow/.local/lib/python3.12/site-packages/airflow/example_dags/example_bash_operator.py
[2025-03-12T20:47:57.168+0000] {processor.py:914} INFO - Processing file /home/airflow/.local/lib/python3.12/site-packages/airflow/example_dags/example_bash_operator.py for tasks to queue
[2025-03-12T20:47:57.169+0000] {logging_mixin.py:190} INFO - [2025-03-12T20:47:57.169+0000] {dagbag.py:588} INFO - Filling up the DagBag from /home/airflow/.local/lib/python3.12/site-packages/airflow/example_dags/example_bash_operator.py
[2025-03-12T20:47:57.180+0000] {processor.py:925} INFO - DAG(s) 'example_bash_operator' retrieved from /home/airflow/.local/lib/python3.12/site-packages/airflow/example_dags/example_bash_operator.py
[2025-03-12T20:47:57.204+0000] {logging_mixin.py:190} INFO - [2025-03-12T20:47:57.204+0000] {dag.py:3239} INFO - Sync 1 DAGs
[2025-03-12T20:47:57.227+0000] {logging_mixin.py:190} INFO - [2025-03-12T20:47:57.227+0000] {dag.py:4180} INFO - Setting next_dagrun for example_bash_operator to 2025-03-11 00:00:00+00:00, run_after=2025-03-12 00:00:00+00:00
[2025-03-12T20:47:57.249+0000] {processor.py:208} INFO - Processing /home/airflow/.local/lib/python3.12/site-packages/airflow/example_dags/example_bash_operator.py took 0.088 seconds
[2025-03-12T20:48:28.092+0000] {processor.py:186} INFO - Started process (PID=331) to work on /home/airflow/.local/lib/python3.12/site-packages/airflow/example_dags/example_bash_operator.py
[2025-03-12T20:48:28.092+0000] {processor.py:914} INFO - Processing file /home/airflow/.local/lib/python3.12/site-packages/airflow/example_dags/example_bash_operator.py for tasks to queue
[2025-03-12T20:48:28.093+0000] {logging_mixin.py:190} INFO - [2025-03-12T20:48:28.093+0000] {dagbag.py:588} INFO - Filling up the DagBag from /home/airflow/.local/lib/python3.12/site-packages/airflow/example_dags/example_bash_operator.py
[2025-03-12T20:48:28.101+0000] {processor.py:925} INFO - DAG(s) 'example_bash_operator' retrieved from /home/airflow/.local/lib/python3.12/site-packages/airflow/example_dags/example_bash_operator.py
[2025-03-12T20:48:28.127+0000] {logging_mixin.py:190} INFO - [2025-03-12T20:48:28.126+0000] {dag.py:3239} INFO - Sync 1 DAGs
[2025-03-12T20:48:28.146+0000] {logging_mixin.py:190} INFO - [2025-03-12T20:48:28.146+0000] {dag.py:4180} INFO - Setting next_dagrun for example_bash_operator to 2025-03-11 00:00:00+00:00, run_after=2025-03-12 00:00:00+00:00
[2025-03-12T20:48:28.163+0000] {processor.py:208} INFO - Processing /home/airflow/.local/lib/python3.12/site-packages/airflow/example_dags/example_bash_operator.py took 0.075 seconds
[2025-03-12T20:48:59.499+0000] {processor.py:186} INFO - Started process (PID=394) to work on /home/airflow/.local/lib/python3.12/site-packages/airflow/example_dags/example_bash_operator.py
[2025-03-12T20:48:59.501+0000] {processor.py:914} INFO - Processing file /home/airflow/.local/lib/python3.12/site-packages/airflow/example_dags/example_bash_operator.py for tasks to queue
[2025-03-12T20:48:59.504+0000] {logging_mixin.py:190} INFO - [2025-03-12T20:48:59.503+0000] {dagbag.py:588} INFO - Filling up the DagBag from /home/airflow/.local/lib/python3.12/site-packages/airflow/example_dags/example_bash_operator.py
[2025-03-12T20:48:59.515+0000] {processor.py:925} INFO - DAG(s) 'example_bash_operator' retrieved from /home/airflow/.local/lib/python3.12/site-packages/airflow/example_dags/example_bash_operator.py
[2025-03-12T20:48:59.543+0000] {logging_mixin.py:190} INFO - [2025-03-12T20:48:59.543+0000] {dag.py:3239} INFO - Sync 1 DAGs
[2025-03-12T20:48:59.567+0000] {logging_mixin.py:190} INFO - [2025-03-12T20:48:59.567+0000] {dag.py:4180} INFO - Setting next_dagrun for example_bash_operator to 2025-03-11 00:00:00+00:00, run_after=2025-03-12 00:00:00+00:00
[2025-03-12T20:48:59.586+0000] {processor.py:208} INFO - Processing /home/airflow/.local/lib/python3.12/site-packages/airflow/example_dags/example_bash_operator.py took 0.094 seconds
[2025-03-12T20:49:30.352+0000] {processor.py:186} INFO - Started process (PID=457) to work on /home/airflow/.local/lib/python3.12/site-packages/airflow/example_dags/example_bash_operator.py
[2025-03-12T20:49:30.353+0000] {processor.py:914} INFO - Processing file /home/airflow/.local/lib/python3.12/site-packages/airflow/example_dags/example_bash_operator.py for tasks to queue
[2025-03-12T20:49:30.355+0000] {logging_mixin.py:190} INFO - [2025-03-12T20:49:30.355+0000] {dagbag.py:588} INFO - Filling up the DagBag from /home/airflow/.local/lib/python3.12/site-packages/airflow/example_dags/example_bash_operator.py
[2025-03-12T20:49:30.367+0000] {processor.py:925} INFO - DAG(s) 'example_bash_operator' retrieved from /home/airflow/.local/lib/python3.12/site-packages/airflow/example_dags/example_bash_operator.py
[2025-03-12T20:49:30.394+0000] {logging_mixin.py:190} INFO - [2025-03-12T20:49:30.393+0000] {dag.py:3239} INFO - Sync 1 DAGs
[2025-03-12T20:49:30.419+0000] {logging_mixin.py:190} INFO - [2025-03-12T20:49:30.419+0000] {dag.py:4180} INFO - Setting next_dagrun for example_bash_operator to 2025-03-11 00:00:00+00:00, run_after=2025-03-12 00:00:00+00:00
[2025-03-12T20:49:30.439+0000] {processor.py:208} INFO - Processing /home/airflow/.local/lib/python3.12/site-packages/airflow/example_dags/example_bash_operator.py took 0.093 seconds
[2025-03-12T20:50:00.732+0000] {processor.py:186} INFO - Started process (PID=520) to work on /home/airflow/.local/lib/python3.12/site-packages/airflow/example_dags/example_bash_operator.py
[2025-03-12T20:50:00.733+0000] {processor.py:914} INFO - Processing file /home/airflow/.local/lib/python3.12/site-packages/airflow/example_dags/example_bash_operator.py for tasks to queue
[2025-03-12T20:50:00.735+0000] {logging_mixin.py:190} INFO - [2025-03-12T20:50:00.734+0000] {dagbag.py:588} INFO - Filling up the DagBag from /home/airflow/.local/lib/python3.12/site-packages/airflow/example_dags/example_bash_operator.py
[2025-03-12T20:50:00.745+0000] {processor.py:925} INFO - DAG(s) 'example_bash_operator' retrieved from /home/airflow/.local/lib/python3.12/site-packages/airflow/example_dags/example_bash_operator.py
[2025-03-12T20:50:00.771+0000] {logging_mixin.py:190} INFO - [2025-03-12T20:50:00.771+0000] {dag.py:3239} INFO - Sync 1 DAGs
[2025-03-12T20:50:00.795+0000] {logging_mixin.py:190} INFO - [2025-03-12T20:50:00.795+0000] {dag.py:4180} INFO - Setting next_dagrun for example_bash_operator to 2025-03-11 00:00:00+00:00, run_after=2025-03-12 00:00:00+00:00
[2025-03-12T20:50:00.815+0000] {processor.py:208} INFO - Processing /home/airflow/.local/lib/python3.12/site-packages/airflow/example_dags/example_bash_operator.py took 0.088 seconds
[2025-03-12T20:50:31.354+0000] {processor.py:186} INFO - Started process (PID=582) to work on /home/airflow/.local/lib/python3.12/site-packages/airflow/example_dags/example_bash_operator.py
[2025-03-12T20:50:31.355+0000] {processor.py:914} INFO - Processing file /home/airflow/.local/lib/python3.12/site-packages/airflow/example_dags/example_bash_operator.py for tasks to queue
[2025-03-12T20:50:31.356+0000] {logging_mixin.py:190} INFO - [2025-03-12T20:50:31.356+0000] {dagbag.py:588} INFO - Filling up the DagBag from /home/airflow/.local/lib/python3.12/site-packages/airflow/example_dags/example_bash_operator.py
[2025-03-12T20:50:31.365+0000] {processor.py:925} INFO - DAG(s) 'example_bash_operator' retrieved from /home/airflow/.local/lib/python3.12/site-packages/airflow/example_dags/example_bash_operator.py
[2025-03-12T20:50:31.383+0000] {logging_mixin.py:190} INFO - [2025-03-12T20:50:31.382+0000] {dag.py:3239} INFO - Sync 1 DAGs
[2025-03-12T20:50:31.403+0000] {logging_mixin.py:190} INFO - [2025-03-12T20:50:31.403+0000] {dag.py:4180} INFO - Setting next_dagrun for example_bash_operator to 2025-03-11 00:00:00+00:00, run_after=2025-03-12 00:00:00+00:00
[2025-03-12T20:50:31.417+0000] {processor.py:208} INFO - Processing /home/airflow/.local/lib/python3.12/site-packages/airflow/example_dags/example_bash_operator.py took 0.068 seconds
[2025-03-12T20:51:01.719+0000] {processor.py:186} INFO - Started process (PID=645) to work on /home/airflow/.local/lib/python3.12/site-packages/airflow/example_dags/example_bash_operator.py
[2025-03-12T20:51:01.720+0000] {processor.py:914} INFO - Processing file /home/airflow/.local/lib/python3.12/site-packages/airflow/example_dags/example_bash_operator.py for tasks to queue
[2025-03-12T20:51:01.721+0000] {logging_mixin.py:190} INFO - [2025-03-12T20:51:01.721+0000] {dagbag.py:588} INFO - Filling up the DagBag from /home/airflow/.local/lib/python3.12/site-packages/airflow/example_dags/example_bash_operator.py
[2025-03-12T20:51:01.728+0000] {processor.py:925} INFO - DAG(s) 'example_bash_operator' retrieved from /home/airflow/.local/lib/python3.12/site-packages/airflow/example_dags/example_bash_operator.py
[2025-03-12T20:51:01.751+0000] {logging_mixin.py:190} INFO - [2025-03-12T20:51:01.751+0000] {dag.py:3239} INFO - Sync 1 DAGs
[2025-03-12T20:51:01.770+0000] {logging_mixin.py:190} INFO - [2025-03-12T20:51:01.769+0000] {dag.py:4180} INFO - Setting next_dagrun for example_bash_operator to 2025-03-11 00:00:00+00:00, run_after=2025-03-12 00:00:00+00:00
[2025-03-12T20:51:01.784+0000] {processor.py:208} INFO - Processing /home/airflow/.local/lib/python3.12/site-packages/airflow/example_dags/example_bash_operator.py took 0.068 seconds
[2025-03-12T20:51:32.275+0000] {processor.py:186} INFO - Started process (PID=708) to work on /home/airflow/.local/lib/python3.12/site-packages/airflow/example_dags/example_bash_operator.py
[2025-03-12T20:51:32.276+0000] {processor.py:914} INFO - Processing file /home/airflow/.local/lib/python3.12/site-packages/airflow/example_dags/example_bash_operator.py for tasks to queue
[2025-03-12T20:51:32.277+0000] {logging_mixin.py:190} INFO - [2025-03-12T20:51:32.277+0000] {dagbag.py:588} INFO - Filling up the DagBag from /home/airflow/.local/lib/python3.12/site-packages/airflow/example_dags/example_bash_operator.py
[2025-03-12T20:51:32.284+0000] {processor.py:925} INFO - DAG(s) 'example_bash_operator' retrieved from /home/airflow/.local/lib/python3.12/site-packages/airflow/example_dags/example_bash_operator.py
[2025-03-12T20:51:32.307+0000] {logging_mixin.py:190} INFO - [2025-03-12T20:51:32.306+0000] {dag.py:3239} INFO - Sync 1 DAGs
[2025-03-12T20:51:32.325+0000] {logging_mixin.py:190} INFO - [2025-03-12T20:51:32.325+0000] {dag.py:4180} INFO - Setting next_dagrun for example_bash_operator to 2025-03-11 00:00:00+00:00, run_after=2025-03-12 00:00:00+00:00
[2025-03-12T20:51:32.339+0000] {processor.py:208} INFO - Processing /home/airflow/.local/lib/python3.12/site-packages/airflow/example_dags/example_bash_operator.py took 0.068 seconds
[2025-03-12T20:52:03.403+0000] {processor.py:186} INFO - Started process (PID=771) to work on /home/airflow/.local/lib/python3.12/site-packages/airflow/example_dags/example_bash_operator.py
[2025-03-12T20:52:03.404+0000] {processor.py:914} INFO - Processing file /home/airflow/.local/lib/python3.12/site-packages/airflow/example_dags/example_bash_operator.py for tasks to queue
[2025-03-12T20:52:03.405+0000] {logging_mixin.py:190} INFO - [2025-03-12T20:52:03.405+0000] {dagbag.py:588} INFO - Filling up the DagBag from /home/airflow/.local/lib/python3.12/site-packages/airflow/example_dags/example_bash_operator.py
[2025-03-12T20:52:03.412+0000] {processor.py:925} INFO - DAG(s) 'example_bash_operator' retrieved from /home/airflow/.local/lib/python3.12/site-packages/airflow/example_dags/example_bash_operator.py
[2025-03-12T20:52:03.432+0000] {logging_mixin.py:190} INFO - [2025-03-12T20:52:03.432+0000] {dag.py:3239} INFO - Sync 1 DAGs
[2025-03-12T20:52:03.452+0000] {logging_mixin.py:190} INFO - [2025-03-12T20:52:03.451+0000] {dag.py:4180} INFO - Setting next_dagrun for example_bash_operator to 2025-03-11 00:00:00+00:00, run_after=2025-03-12 00:00:00+00:00
[2025-03-12T20:52:03.465+0000] {processor.py:208} INFO - Processing /home/airflow/.local/lib/python3.12/site-packages/airflow/example_dags/example_bash_operator.py took 0.066 seconds
[2025-03-12T20:52:33.902+0000] {processor.py:186} INFO - Started process (PID=834) to work on /home/airflow/.local/lib/python3.12/site-packages/airflow/example_dags/example_bash_operator.py
[2025-03-12T20:52:33.903+0000] {processor.py:914} INFO - Processing file /home/airflow/.local/lib/python3.12/site-packages/airflow/example_dags/example_bash_operator.py for tasks to queue
[2025-03-12T20:52:33.904+0000] {logging_mixin.py:190} INFO - [2025-03-12T20:52:33.904+0000] {dagbag.py:588} INFO - Filling up the DagBag from /home/airflow/.local/lib/python3.12/site-packages/airflow/example_dags/example_bash_operator.py
[2025-03-12T20:52:33.916+0000] {processor.py:925} INFO - DAG(s) 'example_bash_operator' retrieved from /home/airflow/.local/lib/python3.12/site-packages/airflow/example_dags/example_bash_operator.py
[2025-03-12T20:52:33.937+0000] {logging_mixin.py:190} INFO - [2025-03-12T20:52:33.937+0000] {dag.py:3239} INFO - Sync 1 DAGs
[2025-03-12T20:52:33.960+0000] {logging_mixin.py:190} INFO - [2025-03-12T20:52:33.960+0000] {dag.py:4180} INFO - Setting next_dagrun for example_bash_operator to 2025-03-11 00:00:00+00:00, run_after=2025-03-12 00:00:00+00:00
[2025-03-12T20:52:33.977+0000] {processor.py:208} INFO - Processing /home/airflow/.local/lib/python3.12/site-packages/airflow/example_dags/example_bash_operator.py took 0.080 seconds
[2025-03-12T20:53:05.068+0000] {processor.py:186} INFO - Started process (PID=898) to work on /home/airflow/.local/lib/python3.12/site-packages/airflow/example_dags/example_bash_operator.py
[2025-03-12T20:53:05.068+0000] {processor.py:914} INFO - Processing file /home/airflow/.local/lib/python3.12/site-packages/airflow/example_dags/example_bash_operator.py for tasks to queue
[2025-03-12T20:53:05.069+0000] {logging_mixin.py:190} INFO - [2025-03-12T20:53:05.069+0000] {dagbag.py:588} INFO - Filling up the DagBag from /home/airflow/.local/lib/python3.12/site-packages/airflow/example_dags/example_bash_operator.py
[2025-03-12T20:53:05.076+0000] {processor.py:925} INFO - DAG(s) 'example_bash_operator' retrieved from /home/airflow/.local/lib/python3.12/site-packages/airflow/example_dags/example_bash_operator.py
[2025-03-12T20:53:05.092+0000] {logging_mixin.py:190} INFO - [2025-03-12T20:53:05.092+0000] {dag.py:3239} INFO - Sync 1 DAGs
[2025-03-12T20:53:05.107+0000] {logging_mixin.py:190} INFO - [2025-03-12T20:53:05.106+0000] {dag.py:4180} INFO - Setting next_dagrun for example_bash_operator to 2025-03-11 00:00:00+00:00, run_after=2025-03-12 00:00:00+00:00
[2025-03-12T20:53:05.123+0000] {processor.py:208} INFO - Processing /home/airflow/.local/lib/python3.12/site-packages/airflow/example_dags/example_bash_operator.py took 0.058 seconds
[2025-03-12T20:53:35.546+0000] {processor.py:186} INFO - Started process (PID=961) to work on /home/airflow/.local/lib/python3.12/site-packages/airflow/example_dags/example_bash_operator.py
[2025-03-12T20:53:35.546+0000] {processor.py:914} INFO - Processing file /home/airflow/.local/lib/python3.12/site-packages/airflow/example_dags/example_bash_operator.py for tasks to queue
[2025-03-12T20:53:35.548+0000] {logging_mixin.py:190} INFO - [2025-03-12T20:53:35.547+0000] {dagbag.py:588} INFO - Filling up the DagBag from /home/airflow/.local/lib/python3.12/site-packages/airflow/example_dags/example_bash_operator.py
[2025-03-12T20:53:35.555+0000] {processor.py:925} INFO - DAG(s) 'example_bash_operator' retrieved from /home/airflow/.local/lib/python3.12/site-packages/airflow/example_dags/example_bash_operator.py
[2025-03-12T20:53:35.575+0000] {logging_mixin.py:190} INFO - [2025-03-12T20:53:35.574+0000] {dag.py:3239} INFO - Sync 1 DAGs
[2025-03-12T20:53:35.597+0000] {logging_mixin.py:190} INFO - [2025-03-12T20:53:35.597+0000] {dag.py:4180} INFO - Setting next_dagrun for example_bash_operator to 2025-03-11 00:00:00+00:00, run_after=2025-03-12 00:00:00+00:00
[2025-03-12T20:53:35.614+0000] {processor.py:208} INFO - Processing /home/airflow/.local/lib/python3.12/site-packages/airflow/example_dags/example_bash_operator.py took 0.073 seconds
[2025-03-12T20:54:05.913+0000] {processor.py:186} INFO - Started process (PID=1023) to work on /home/airflow/.local/lib/python3.12/site-packages/airflow/example_dags/example_bash_operator.py
[2025-03-12T20:54:05.914+0000] {processor.py:914} INFO - Processing file /home/airflow/.local/lib/python3.12/site-packages/airflow/example_dags/example_bash_operator.py for tasks to queue
[2025-03-12T20:54:05.915+0000] {logging_mixin.py:190} INFO - [2025-03-12T20:54:05.915+0000] {dagbag.py:588} INFO - Filling up the DagBag from /home/airflow/.local/lib/python3.12/site-packages/airflow/example_dags/example_bash_operator.py
[2025-03-12T20:54:05.922+0000] {processor.py:925} INFO - DAG(s) 'example_bash_operator' retrieved from /home/airflow/.local/lib/python3.12/site-packages/airflow/example_dags/example_bash_operator.py
[2025-03-12T20:54:05.941+0000] {logging_mixin.py:190} INFO - [2025-03-12T20:54:05.941+0000] {dag.py:3239} INFO - Sync 1 DAGs
[2025-03-12T20:54:05.960+0000] {logging_mixin.py:190} INFO - [2025-03-12T20:54:05.960+0000] {dag.py:4180} INFO - Setting next_dagrun for example_bash_operator to 2025-03-11 00:00:00+00:00, run_after=2025-03-12 00:00:00+00:00
[2025-03-12T20:54:05.976+0000] {processor.py:208} INFO - Processing /home/airflow/.local/lib/python3.12/site-packages/airflow/example_dags/example_bash_operator.py took 0.066 seconds
[2025-03-12T20:54:36.762+0000] {processor.py:186} INFO - Started process (PID=1086) to work on /home/airflow/.local/lib/python3.12/site-packages/airflow/example_dags/example_bash_operator.py
[2025-03-12T20:54:36.762+0000] {processor.py:914} INFO - Processing file /home/airflow/.local/lib/python3.12/site-packages/airflow/example_dags/example_bash_operator.py for tasks to queue
[2025-03-12T20:54:36.764+0000] {logging_mixin.py:190} INFO - [2025-03-12T20:54:36.764+0000] {dagbag.py:588} INFO - Filling up the DagBag from /home/airflow/.local/lib/python3.12/site-packages/airflow/example_dags/example_bash_operator.py
[2025-03-12T20:54:36.776+0000] {processor.py:925} INFO - DAG(s) 'example_bash_operator' retrieved from /home/airflow/.local/lib/python3.12/site-packages/airflow/example_dags/example_bash_operator.py
[2025-03-12T20:54:36.801+0000] {logging_mixin.py:190} INFO - [2025-03-12T20:54:36.801+0000] {dag.py:3239} INFO - Sync 1 DAGs
[2025-03-12T20:54:36.820+0000] {logging_mixin.py:190} INFO - [2025-03-12T20:54:36.820+0000] {dag.py:4180} INFO - Setting next_dagrun for example_bash_operator to 2025-03-11 00:00:00+00:00, run_after=2025-03-12 00:00:00+00:00
[2025-03-12T20:54:36.838+0000] {processor.py:208} INFO - Processing /home/airflow/.local/lib/python3.12/site-packages/airflow/example_dags/example_bash_operator.py took 0.081 seconds
[2025-03-12T20:55:07.487+0000] {processor.py:186} INFO - Started process (PID=1149) to work on /home/airflow/.local/lib/python3.12/site-packages/airflow/example_dags/example_bash_operator.py
[2025-03-12T20:55:07.488+0000] {processor.py:914} INFO - Processing file /home/airflow/.local/lib/python3.12/site-packages/airflow/example_dags/example_bash_operator.py for tasks to queue
[2025-03-12T20:55:07.490+0000] {logging_mixin.py:190} INFO - [2025-03-12T20:55:07.489+0000] {dagbag.py:588} INFO - Filling up the DagBag from /home/airflow/.local/lib/python3.12/site-packages/airflow/example_dags/example_bash_operator.py
[2025-03-12T20:55:07.499+0000] {processor.py:925} INFO - DAG(s) 'example_bash_operator' retrieved from /home/airflow/.local/lib/python3.12/site-packages/airflow/example_dags/example_bash_operator.py
[2025-03-12T20:55:07.519+0000] {logging_mixin.py:190} INFO - [2025-03-12T20:55:07.518+0000] {dag.py:3239} INFO - Sync 1 DAGs
[2025-03-12T20:55:07.531+0000] {logging_mixin.py:190} INFO - [2025-03-12T20:55:07.531+0000] {dag.py:4180} INFO - Setting next_dagrun for example_bash_operator to 2025-03-11 00:00:00+00:00, run_after=2025-03-12 00:00:00+00:00
[2025-03-12T20:55:07.543+0000] {processor.py:208} INFO - Processing /home/airflow/.local/lib/python3.12/site-packages/airflow/example_dags/example_bash_operator.py took 0.062 seconds
[2025-03-12T20:55:38.730+0000] {processor.py:186} INFO - Started process (PID=1213) to work on /home/airflow/.local/lib/python3.12/site-packages/airflow/example_dags/example_bash_operator.py
[2025-03-12T20:55:38.731+0000] {processor.py:914} INFO - Processing file /home/airflow/.local/lib/python3.12/site-packages/airflow/example_dags/example_bash_operator.py for tasks to queue
[2025-03-12T20:55:38.734+0000] {logging_mixin.py:190} INFO - [2025-03-12T20:55:38.733+0000] {dagbag.py:588} INFO - Filling up the DagBag from /home/airflow/.local/lib/python3.12/site-packages/airflow/example_dags/example_bash_operator.py
[2025-03-12T20:55:38.744+0000] {processor.py:925} INFO - DAG(s) 'example_bash_operator' retrieved from /home/airflow/.local/lib/python3.12/site-packages/airflow/example_dags/example_bash_operator.py
[2025-03-12T20:55:38.771+0000] {logging_mixin.py:190} INFO - [2025-03-12T20:55:38.771+0000] {dag.py:3239} INFO - Sync 1 DAGs
[2025-03-12T20:55:38.802+0000] {logging_mixin.py:190} INFO - [2025-03-12T20:55:38.802+0000] {dag.py:4180} INFO - Setting next_dagrun for example_bash_operator to 2025-03-11 00:00:00+00:00, run_after=2025-03-12 00:00:00+00:00
[2025-03-12T20:55:38.829+0000] {processor.py:208} INFO - Processing /home/airflow/.local/lib/python3.12/site-packages/airflow/example_dags/example_bash_operator.py took 0.105 seconds
[2025-03-12T20:56:09.706+0000] {processor.py:186} INFO - Started process (PID=1276) to work on /home/airflow/.local/lib/python3.12/site-packages/airflow/example_dags/example_bash_operator.py
[2025-03-12T20:56:09.707+0000] {processor.py:914} INFO - Processing file /home/airflow/.local/lib/python3.12/site-packages/airflow/example_dags/example_bash_operator.py for tasks to queue
[2025-03-12T20:56:09.708+0000] {logging_mixin.py:190} INFO - [2025-03-12T20:56:09.708+0000] {dagbag.py:588} INFO - Filling up the DagBag from /home/airflow/.local/lib/python3.12/site-packages/airflow/example_dags/example_bash_operator.py
[2025-03-12T20:56:09.715+0000] {processor.py:925} INFO - DAG(s) 'example_bash_operator' retrieved from /home/airflow/.local/lib/python3.12/site-packages/airflow/example_dags/example_bash_operator.py
[2025-03-12T20:56:09.738+0000] {logging_mixin.py:190} INFO - [2025-03-12T20:56:09.738+0000] {dag.py:3239} INFO - Sync 1 DAGs
[2025-03-12T20:56:09.757+0000] {logging_mixin.py:190} INFO - [2025-03-12T20:56:09.756+0000] {dag.py:4180} INFO - Setting next_dagrun for example_bash_operator to 2025-03-11 00:00:00+00:00, run_after=2025-03-12 00:00:00+00:00
[2025-03-12T20:56:09.772+0000] {processor.py:208} INFO - Processing /home/airflow/.local/lib/python3.12/site-packages/airflow/example_dags/example_bash_operator.py took 0.069 seconds
[2025-03-12T20:56:40.272+0000] {processor.py:186} INFO - Started process (PID=1339) to work on /home/airflow/.local/lib/python3.12/site-packages/airflow/example_dags/example_bash_operator.py
[2025-03-12T20:56:40.273+0000] {processor.py:914} INFO - Processing file /home/airflow/.local/lib/python3.12/site-packages/airflow/example_dags/example_bash_operator.py for tasks to queue
[2025-03-12T20:56:40.274+0000] {logging_mixin.py:190} INFO - [2025-03-12T20:56:40.274+0000] {dagbag.py:588} INFO - Filling up the DagBag from /home/airflow/.local/lib/python3.12/site-packages/airflow/example_dags/example_bash_operator.py
[2025-03-12T20:56:40.284+0000] {processor.py:925} INFO - DAG(s) 'example_bash_operator' retrieved from /home/airflow/.local/lib/python3.12/site-packages/airflow/example_dags/example_bash_operator.py
[2025-03-12T20:56:40.307+0000] {logging_mixin.py:190} INFO - [2025-03-12T20:56:40.307+0000] {dag.py:3239} INFO - Sync 1 DAGs
[2025-03-12T20:56:40.324+0000] {logging_mixin.py:190} INFO - [2025-03-12T20:56:40.324+0000] {dag.py:4180} INFO - Setting next_dagrun for example_bash_operator to 2025-03-11 00:00:00+00:00, run_after=2025-03-12 00:00:00+00:00
[2025-03-12T20:56:40.339+0000] {processor.py:208} INFO - Processing /home/airflow/.local/lib/python3.12/site-packages/airflow/example_dags/example_bash_operator.py took 0.072 seconds
[2025-03-12T20:57:10.805+0000] {processor.py:186} INFO - Started process (PID=1402) to work on /home/airflow/.local/lib/python3.12/site-packages/airflow/example_dags/example_bash_operator.py
[2025-03-12T20:57:10.806+0000] {processor.py:914} INFO - Processing file /home/airflow/.local/lib/python3.12/site-packages/airflow/example_dags/example_bash_operator.py for tasks to queue
[2025-03-12T20:57:10.807+0000] {logging_mixin.py:190} INFO - [2025-03-12T20:57:10.807+0000] {dagbag.py:588} INFO - Filling up the DagBag from /home/airflow/.local/lib/python3.12/site-packages/airflow/example_dags/example_bash_operator.py
[2025-03-12T20:57:10.814+0000] {processor.py:925} INFO - DAG(s) 'example_bash_operator' retrieved from /home/airflow/.local/lib/python3.12/site-packages/airflow/example_dags/example_bash_operator.py
[2025-03-12T20:57:10.838+0000] {logging_mixin.py:190} INFO - [2025-03-12T20:57:10.837+0000] {dag.py:3239} INFO - Sync 1 DAGs
[2025-03-12T20:57:10.858+0000] {logging_mixin.py:190} INFO - [2025-03-12T20:57:10.857+0000] {dag.py:4180} INFO - Setting next_dagrun for example_bash_operator to 2025-03-11 00:00:00+00:00, run_after=2025-03-12 00:00:00+00:00
[2025-03-12T20:57:10.875+0000] {processor.py:208} INFO - Processing /home/airflow/.local/lib/python3.12/site-packages/airflow/example_dags/example_bash_operator.py took 0.073 seconds
[2025-03-12T20:57:41.861+0000] {processor.py:186} INFO - Started process (PID=1465) to work on /home/airflow/.local/lib/python3.12/site-packages/airflow/example_dags/example_bash_operator.py
[2025-03-12T20:57:41.861+0000] {processor.py:914} INFO - Processing file /home/airflow/.local/lib/python3.12/site-packages/airflow/example_dags/example_bash_operator.py for tasks to queue
[2025-03-12T20:57:41.863+0000] {logging_mixin.py:190} INFO - [2025-03-12T20:57:41.862+0000] {dagbag.py:588} INFO - Filling up the DagBag from /home/airflow/.local/lib/python3.12/site-packages/airflow/example_dags/example_bash_operator.py
[2025-03-12T20:57:41.870+0000] {processor.py:925} INFO - DAG(s) 'example_bash_operator' retrieved from /home/airflow/.local/lib/python3.12/site-packages/airflow/example_dags/example_bash_operator.py
[2025-03-12T20:57:41.887+0000] {logging_mixin.py:190} INFO - [2025-03-12T20:57:41.887+0000] {dag.py:3239} INFO - Sync 1 DAGs
[2025-03-12T20:57:41.904+0000] {logging_mixin.py:190} INFO - [2025-03-12T20:57:41.904+0000] {dag.py:4180} INFO - Setting next_dagrun for example_bash_operator to 2025-03-11 00:00:00+00:00, run_after=2025-03-12 00:00:00+00:00
[2025-03-12T20:57:41.920+0000] {processor.py:208} INFO - Processing /home/airflow/.local/lib/python3.12/site-packages/airflow/example_dags/example_bash_operator.py took 0.063 seconds
[2025-03-12T20:58:12.846+0000] {processor.py:186} INFO - Started process (PID=1528) to work on /home/airflow/.local/lib/python3.12/site-packages/airflow/example_dags/example_bash_operator.py
[2025-03-12T20:58:12.847+0000] {processor.py:914} INFO - Processing file /home/airflow/.local/lib/python3.12/site-packages/airflow/example_dags/example_bash_operator.py for tasks to queue
[2025-03-12T20:58:12.849+0000] {logging_mixin.py:190} INFO - [2025-03-12T20:58:12.848+0000] {dagbag.py:588} INFO - Filling up the DagBag from /home/airflow/.local/lib/python3.12/site-packages/airflow/example_dags/example_bash_operator.py
[2025-03-12T20:58:12.863+0000] {processor.py:925} INFO - DAG(s) 'example_bash_operator' retrieved from /home/airflow/.local/lib/python3.12/site-packages/airflow/example_dags/example_bash_operator.py
[2025-03-12T20:58:12.887+0000] {logging_mixin.py:190} INFO - [2025-03-12T20:58:12.887+0000] {dag.py:3239} INFO - Sync 1 DAGs
[2025-03-12T20:58:12.911+0000] {logging_mixin.py:190} INFO - [2025-03-12T20:58:12.911+0000] {dag.py:4180} INFO - Setting next_dagrun for example_bash_operator to 2025-03-11 00:00:00+00:00, run_after=2025-03-12 00:00:00+00:00
[2025-03-12T20:58:12.930+0000] {processor.py:208} INFO - Processing /home/airflow/.local/lib/python3.12/site-packages/airflow/example_dags/example_bash_operator.py took 0.088 seconds
[2025-03-12T20:58:44.003+0000] {processor.py:186} INFO - Started process (PID=1591) to work on /home/airflow/.local/lib/python3.12/site-packages/airflow/example_dags/example_bash_operator.py
[2025-03-12T20:58:44.004+0000] {processor.py:914} INFO - Processing file /home/airflow/.local/lib/python3.12/site-packages/airflow/example_dags/example_bash_operator.py for tasks to queue
[2025-03-12T20:58:44.005+0000] {logging_mixin.py:190} INFO - [2025-03-12T20:58:44.005+0000] {dagbag.py:588} INFO - Filling up the DagBag from /home/airflow/.local/lib/python3.12/site-packages/airflow/example_dags/example_bash_operator.py
[2025-03-12T20:58:44.013+0000] {processor.py:925} INFO - DAG(s) 'example_bash_operator' retrieved from /home/airflow/.local/lib/python3.12/site-packages/airflow/example_dags/example_bash_operator.py
[2025-03-12T20:58:44.033+0000] {logging_mixin.py:190} INFO - [2025-03-12T20:58:44.033+0000] {dag.py:3239} INFO - Sync 1 DAGs
[2025-03-12T20:58:44.056+0000] {logging_mixin.py:190} INFO - [2025-03-12T20:58:44.055+0000] {dag.py:4180} INFO - Setting next_dagrun for example_bash_operator to 2025-03-11 00:00:00+00:00, run_after=2025-03-12 00:00:00+00:00
[2025-03-12T20:58:44.073+0000] {processor.py:208} INFO - Processing /home/airflow/.local/lib/python3.12/site-packages/airflow/example_dags/example_bash_operator.py took 0.074 seconds
[2025-03-12T20:59:14.532+0000] {processor.py:186} INFO - Started process (PID=1654) to work on /home/airflow/.local/lib/python3.12/site-packages/airflow/example_dags/example_bash_operator.py
[2025-03-12T20:59:14.533+0000] {processor.py:914} INFO - Processing file /home/airflow/.local/lib/python3.12/site-packages/airflow/example_dags/example_bash_operator.py for tasks to queue
[2025-03-12T20:59:14.535+0000] {logging_mixin.py:190} INFO - [2025-03-12T20:59:14.535+0000] {dagbag.py:588} INFO - Filling up the DagBag from /home/airflow/.local/lib/python3.12/site-packages/airflow/example_dags/example_bash_operator.py
[2025-03-12T20:59:14.543+0000] {processor.py:925} INFO - DAG(s) 'example_bash_operator' retrieved from /home/airflow/.local/lib/python3.12/site-packages/airflow/example_dags/example_bash_operator.py
[2025-03-12T20:59:14.564+0000] {logging_mixin.py:190} INFO - [2025-03-12T20:59:14.564+0000] {dag.py:3239} INFO - Sync 1 DAGs
[2025-03-12T20:59:14.586+0000] {logging_mixin.py:190} INFO - [2025-03-12T20:59:14.586+0000] {dag.py:4180} INFO - Setting next_dagrun for example_bash_operator to 2025-03-11 00:00:00+00:00, run_after=2025-03-12 00:00:00+00:00
[2025-03-12T20:59:14.607+0000] {processor.py:208} INFO - Processing /home/airflow/.local/lib/python3.12/site-packages/airflow/example_dags/example_bash_operator.py took 0.079 seconds
[2025-03-12T20:59:45.083+0000] {processor.py:186} INFO - Started process (PID=1716) to work on /home/airflow/.local/lib/python3.12/site-packages/airflow/example_dags/example_bash_operator.py
[2025-03-12T20:59:45.084+0000] {processor.py:914} INFO - Processing file /home/airflow/.local/lib/python3.12/site-packages/airflow/example_dags/example_bash_operator.py for tasks to queue
[2025-03-12T20:59:45.086+0000] {logging_mixin.py:190} INFO - [2025-03-12T20:59:45.086+0000] {dagbag.py:588} INFO - Filling up the DagBag from /home/airflow/.local/lib/python3.12/site-packages/airflow/example_dags/example_bash_operator.py
[2025-03-12T20:59:45.095+0000] {processor.py:925} INFO - DAG(s) 'example_bash_operator' retrieved from /home/airflow/.local/lib/python3.12/site-packages/airflow/example_dags/example_bash_operator.py
[2025-03-12T20:59:45.113+0000] {logging_mixin.py:190} INFO - [2025-03-12T20:59:45.113+0000] {dag.py:3239} INFO - Sync 1 DAGs
[2025-03-12T20:59:45.130+0000] {logging_mixin.py:190} INFO - [2025-03-12T20:59:45.130+0000] {dag.py:4180} INFO - Setting next_dagrun for example_bash_operator to 2025-03-11 00:00:00+00:00, run_after=2025-03-12 00:00:00+00:00
[2025-03-12T20:59:45.143+0000] {processor.py:208} INFO - Processing /home/airflow/.local/lib/python3.12/site-packages/airflow/example_dags/example_bash_operator.py took 0.065 seconds
[2025-03-12T21:00:15.672+0000] {processor.py:186} INFO - Started process (PID=1779) to work on /home/airflow/.local/lib/python3.12/site-packages/airflow/example_dags/example_bash_operator.py
[2025-03-12T21:00:15.673+0000] {processor.py:914} INFO - Processing file /home/airflow/.local/lib/python3.12/site-packages/airflow/example_dags/example_bash_operator.py for tasks to queue
[2025-03-12T21:00:15.674+0000] {logging_mixin.py:190} INFO - [2025-03-12T21:00:15.674+0000] {dagbag.py:588} INFO - Filling up the DagBag from /home/airflow/.local/lib/python3.12/site-packages/airflow/example_dags/example_bash_operator.py
[2025-03-12T21:00:15.683+0000] {processor.py:925} INFO - DAG(s) 'example_bash_operator' retrieved from /home/airflow/.local/lib/python3.12/site-packages/airflow/example_dags/example_bash_operator.py
[2025-03-12T21:00:15.709+0000] {logging_mixin.py:190} INFO - [2025-03-12T21:00:15.708+0000] {dag.py:3239} INFO - Sync 1 DAGs
[2025-03-12T21:00:15.731+0000] {logging_mixin.py:190} INFO - [2025-03-12T21:00:15.731+0000] {dag.py:4180} INFO - Setting next_dagrun for example_bash_operator to 2025-03-11 00:00:00+00:00, run_after=2025-03-12 00:00:00+00:00
[2025-03-12T21:00:15.752+0000] {processor.py:208} INFO - Processing /home/airflow/.local/lib/python3.12/site-packages/airflow/example_dags/example_bash_operator.py took 0.084 seconds
[2025-03-12T21:00:46.573+0000] {processor.py:186} INFO - Started process (PID=1842) to work on /home/airflow/.local/lib/python3.12/site-packages/airflow/example_dags/example_bash_operator.py
[2025-03-12T21:00:46.574+0000] {processor.py:914} INFO - Processing file /home/airflow/.local/lib/python3.12/site-packages/airflow/example_dags/example_bash_operator.py for tasks to queue
[2025-03-12T21:00:46.575+0000] {logging_mixin.py:190} INFO - [2025-03-12T21:00:46.575+0000] {dagbag.py:588} INFO - Filling up the DagBag from /home/airflow/.local/lib/python3.12/site-packages/airflow/example_dags/example_bash_operator.py
[2025-03-12T21:00:46.586+0000] {processor.py:925} INFO - DAG(s) 'example_bash_operator' retrieved from /home/airflow/.local/lib/python3.12/site-packages/airflow/example_dags/example_bash_operator.py
[2025-03-12T21:00:46.611+0000] {logging_mixin.py:190} INFO - [2025-03-12T21:00:46.611+0000] {dag.py:3239} INFO - Sync 1 DAGs
[2025-03-12T21:00:46.632+0000] {logging_mixin.py:190} INFO - [2025-03-12T21:00:46.631+0000] {dag.py:4180} INFO - Setting next_dagrun for example_bash_operator to 2025-03-11 00:00:00+00:00, run_after=2025-03-12 00:00:00+00:00
[2025-03-12T21:00:46.648+0000] {processor.py:208} INFO - Processing /home/airflow/.local/lib/python3.12/site-packages/airflow/example_dags/example_bash_operator.py took 0.080 seconds
[2025-03-12T21:01:17.264+0000] {processor.py:186} INFO - Started process (PID=1905) to work on /home/airflow/.local/lib/python3.12/site-packages/airflow/example_dags/example_bash_operator.py
[2025-03-12T21:01:17.265+0000] {processor.py:914} INFO - Processing file /home/airflow/.local/lib/python3.12/site-packages/airflow/example_dags/example_bash_operator.py for tasks to queue
[2025-03-12T21:01:17.267+0000] {logging_mixin.py:190} INFO - [2025-03-12T21:01:17.267+0000] {dagbag.py:588} INFO - Filling up the DagBag from /home/airflow/.local/lib/python3.12/site-packages/airflow/example_dags/example_bash_operator.py
[2025-03-12T21:01:17.282+0000] {processor.py:925} INFO - DAG(s) 'example_bash_operator' retrieved from /home/airflow/.local/lib/python3.12/site-packages/airflow/example_dags/example_bash_operator.py
[2025-03-12T21:01:17.316+0000] {logging_mixin.py:190} INFO - [2025-03-12T21:01:17.316+0000] {dag.py:3239} INFO - Sync 1 DAGs
[2025-03-12T21:01:17.346+0000] {logging_mixin.py:190} INFO - [2025-03-12T21:01:17.345+0000] {dag.py:4180} INFO - Setting next_dagrun for example_bash_operator to 2025-03-11 00:00:00+00:00, run_after=2025-03-12 00:00:00+00:00
[2025-03-12T21:01:17.365+0000] {processor.py:208} INFO - Processing /home/airflow/.local/lib/python3.12/site-packages/airflow/example_dags/example_bash_operator.py took 0.107 seconds
[2025-03-12T21:01:48.433+0000] {processor.py:186} INFO - Started process (PID=1968) to work on /home/airflow/.local/lib/python3.12/site-packages/airflow/example_dags/example_bash_operator.py
[2025-03-12T21:01:48.434+0000] {processor.py:914} INFO - Processing file /home/airflow/.local/lib/python3.12/site-packages/airflow/example_dags/example_bash_operator.py for tasks to queue
[2025-03-12T21:01:48.437+0000] {logging_mixin.py:190} INFO - [2025-03-12T21:01:48.436+0000] {dagbag.py:588} INFO - Filling up the DagBag from /home/airflow/.local/lib/python3.12/site-packages/airflow/example_dags/example_bash_operator.py
[2025-03-12T21:01:48.452+0000] {processor.py:925} INFO - DAG(s) 'example_bash_operator' retrieved from /home/airflow/.local/lib/python3.12/site-packages/airflow/example_dags/example_bash_operator.py
[2025-03-12T21:01:48.487+0000] {logging_mixin.py:190} INFO - [2025-03-12T21:01:48.486+0000] {dag.py:3239} INFO - Sync 1 DAGs
[2025-03-12T21:01:48.515+0000] {logging_mixin.py:190} INFO - [2025-03-12T21:01:48.515+0000] {dag.py:4180} INFO - Setting next_dagrun for example_bash_operator to 2025-03-11 00:00:00+00:00, run_after=2025-03-12 00:00:00+00:00
[2025-03-12T21:01:48.535+0000] {processor.py:208} INFO - Processing /home/airflow/.local/lib/python3.12/site-packages/airflow/example_dags/example_bash_operator.py took 0.108 seconds
[2025-03-12T21:02:19.110+0000] {processor.py:186} INFO - Started process (PID=2031) to work on /home/airflow/.local/lib/python3.12/site-packages/airflow/example_dags/example_bash_operator.py
[2025-03-12T21:02:19.111+0000] {processor.py:914} INFO - Processing file /home/airflow/.local/lib/python3.12/site-packages/airflow/example_dags/example_bash_operator.py for tasks to queue
[2025-03-12T21:02:19.113+0000] {logging_mixin.py:190} INFO - [2025-03-12T21:02:19.113+0000] {dagbag.py:588} INFO - Filling up the DagBag from /home/airflow/.local/lib/python3.12/site-packages/airflow/example_dags/example_bash_operator.py
[2025-03-12T21:02:19.127+0000] {processor.py:925} INFO - DAG(s) 'example_bash_operator' retrieved from /home/airflow/.local/lib/python3.12/site-packages/airflow/example_dags/example_bash_operator.py
[2025-03-12T21:02:19.153+0000] {logging_mixin.py:190} INFO - [2025-03-12T21:02:19.152+0000] {dag.py:3239} INFO - Sync 1 DAGs
[2025-03-12T21:02:19.177+0000] {logging_mixin.py:190} INFO - [2025-03-12T21:02:19.177+0000] {dag.py:4180} INFO - Setting next_dagrun for example_bash_operator to 2025-03-11 00:00:00+00:00, run_after=2025-03-12 00:00:00+00:00
[2025-03-12T21:02:19.199+0000] {processor.py:208} INFO - Processing /home/airflow/.local/lib/python3.12/site-packages/airflow/example_dags/example_bash_operator.py took 0.095 seconds
[2025-03-12T21:02:49.534+0000] {processor.py:186} INFO - Started process (PID=2094) to work on /home/airflow/.local/lib/python3.12/site-packages/airflow/example_dags/example_bash_operator.py
[2025-03-12T21:02:49.535+0000] {processor.py:914} INFO - Processing file /home/airflow/.local/lib/python3.12/site-packages/airflow/example_dags/example_bash_operator.py for tasks to queue
[2025-03-12T21:02:49.536+0000] {logging_mixin.py:190} INFO - [2025-03-12T21:02:49.536+0000] {dagbag.py:588} INFO - Filling up the DagBag from /home/airflow/.local/lib/python3.12/site-packages/airflow/example_dags/example_bash_operator.py
[2025-03-12T21:02:49.545+0000] {processor.py:925} INFO - DAG(s) 'example_bash_operator' retrieved from /home/airflow/.local/lib/python3.12/site-packages/airflow/example_dags/example_bash_operator.py
[2025-03-12T21:02:49.571+0000] {logging_mixin.py:190} INFO - [2025-03-12T21:02:49.570+0000] {dag.py:3239} INFO - Sync 1 DAGs
[2025-03-12T21:02:49.594+0000] {logging_mixin.py:190} INFO - [2025-03-12T21:02:49.593+0000] {dag.py:4180} INFO - Setting next_dagrun for example_bash_operator to 2025-03-11 00:00:00+00:00, run_after=2025-03-12 00:00:00+00:00
[2025-03-12T21:02:49.609+0000] {processor.py:208} INFO - Processing /home/airflow/.local/lib/python3.12/site-packages/airflow/example_dags/example_bash_operator.py took 0.079 seconds
[2025-03-12T21:03:19.960+0000] {processor.py:186} INFO - Started process (PID=2157) to work on /home/airflow/.local/lib/python3.12/site-packages/airflow/example_dags/example_bash_operator.py
[2025-03-12T21:03:19.961+0000] {processor.py:914} INFO - Processing file /home/airflow/.local/lib/python3.12/site-packages/airflow/example_dags/example_bash_operator.py for tasks to queue
[2025-03-12T21:03:19.963+0000] {logging_mixin.py:190} INFO - [2025-03-12T21:03:19.963+0000] {dagbag.py:588} INFO - Filling up the DagBag from /home/airflow/.local/lib/python3.12/site-packages/airflow/example_dags/example_bash_operator.py
[2025-03-12T21:03:19.975+0000] {processor.py:925} INFO - DAG(s) 'example_bash_operator' retrieved from /home/airflow/.local/lib/python3.12/site-packages/airflow/example_dags/example_bash_operator.py
[2025-03-12T21:03:20.000+0000] {logging_mixin.py:190} INFO - [2025-03-12T21:03:20.000+0000] {dag.py:3239} INFO - Sync 1 DAGs
[2025-03-12T21:03:20.019+0000] {logging_mixin.py:190} INFO - [2025-03-12T21:03:20.019+0000] {dag.py:4180} INFO - Setting next_dagrun for example_bash_operator to 2025-03-11 00:00:00+00:00, run_after=2025-03-12 00:00:00+00:00
[2025-03-12T21:03:20.038+0000] {processor.py:208} INFO - Processing /home/airflow/.local/lib/python3.12/site-packages/airflow/example_dags/example_bash_operator.py took 0.083 seconds
[2025-03-12T21:03:50.200+0000] {processor.py:186} INFO - Started process (PID=2220) to work on /home/airflow/.local/lib/python3.12/site-packages/airflow/example_dags/example_bash_operator.py
[2025-03-12T21:03:50.201+0000] {processor.py:914} INFO - Processing file /home/airflow/.local/lib/python3.12/site-packages/airflow/example_dags/example_bash_operator.py for tasks to queue
[2025-03-12T21:03:50.203+0000] {logging_mixin.py:190} INFO - [2025-03-12T21:03:50.203+0000] {dagbag.py:588} INFO - Filling up the DagBag from /home/airflow/.local/lib/python3.12/site-packages/airflow/example_dags/example_bash_operator.py
[2025-03-12T21:03:50.211+0000] {processor.py:925} INFO - DAG(s) 'example_bash_operator' retrieved from /home/airflow/.local/lib/python3.12/site-packages/airflow/example_dags/example_bash_operator.py
[2025-03-12T21:03:50.231+0000] {logging_mixin.py:190} INFO - [2025-03-12T21:03:50.231+0000] {dag.py:3239} INFO - Sync 1 DAGs
[2025-03-12T21:03:50.251+0000] {logging_mixin.py:190} INFO - [2025-03-12T21:03:50.251+0000] {dag.py:4180} INFO - Setting next_dagrun for example_bash_operator to 2025-03-11 00:00:00+00:00, run_after=2025-03-12 00:00:00+00:00
[2025-03-12T21:03:50.268+0000] {processor.py:208} INFO - Processing /home/airflow/.local/lib/python3.12/site-packages/airflow/example_dags/example_bash_operator.py took 0.072 seconds
[2025-03-12T21:04:20.738+0000] {processor.py:186} INFO - Started process (PID=2283) to work on /home/airflow/.local/lib/python3.12/site-packages/airflow/example_dags/example_bash_operator.py
[2025-03-12T21:04:20.739+0000] {processor.py:914} INFO - Processing file /home/airflow/.local/lib/python3.12/site-packages/airflow/example_dags/example_bash_operator.py for tasks to queue
[2025-03-12T21:04:20.743+0000] {logging_mixin.py:190} INFO - [2025-03-12T21:04:20.742+0000] {dagbag.py:588} INFO - Filling up the DagBag from /home/airflow/.local/lib/python3.12/site-packages/airflow/example_dags/example_bash_operator.py
[2025-03-12T21:04:20.759+0000] {processor.py:925} INFO - DAG(s) 'example_bash_operator' retrieved from /home/airflow/.local/lib/python3.12/site-packages/airflow/example_dags/example_bash_operator.py
[2025-03-12T21:04:20.787+0000] {logging_mixin.py:190} INFO - [2025-03-12T21:04:20.787+0000] {dag.py:3239} INFO - Sync 1 DAGs
[2025-03-12T21:04:20.812+0000] {logging_mixin.py:190} INFO - [2025-03-12T21:04:20.812+0000] {dag.py:4180} INFO - Setting next_dagrun for example_bash_operator to 2025-03-11 00:00:00+00:00, run_after=2025-03-12 00:00:00+00:00
[2025-03-12T21:04:20.832+0000] {processor.py:208} INFO - Processing /home/airflow/.local/lib/python3.12/site-packages/airflow/example_dags/example_bash_operator.py took 0.099 seconds
[2025-03-12T21:04:51.421+0000] {processor.py:186} INFO - Started process (PID=2346) to work on /home/airflow/.local/lib/python3.12/site-packages/airflow/example_dags/example_bash_operator.py
[2025-03-12T21:04:51.422+0000] {processor.py:914} INFO - Processing file /home/airflow/.local/lib/python3.12/site-packages/airflow/example_dags/example_bash_operator.py for tasks to queue
[2025-03-12T21:04:51.424+0000] {logging_mixin.py:190} INFO - [2025-03-12T21:04:51.424+0000] {dagbag.py:588} INFO - Filling up the DagBag from /home/airflow/.local/lib/python3.12/site-packages/airflow/example_dags/example_bash_operator.py
[2025-03-12T21:04:51.437+0000] {processor.py:925} INFO - DAG(s) 'example_bash_operator' retrieved from /home/airflow/.local/lib/python3.12/site-packages/airflow/example_dags/example_bash_operator.py
[2025-03-12T21:04:51.463+0000] {logging_mixin.py:190} INFO - [2025-03-12T21:04:51.463+0000] {dag.py:3239} INFO - Sync 1 DAGs
[2025-03-12T21:04:51.485+0000] {logging_mixin.py:190} INFO - [2025-03-12T21:04:51.485+0000] {dag.py:4180} INFO - Setting next_dagrun for example_bash_operator to 2025-03-11 00:00:00+00:00, run_after=2025-03-12 00:00:00+00:00
[2025-03-12T21:04:51.504+0000] {processor.py:208} INFO - Processing /home/airflow/.local/lib/python3.12/site-packages/airflow/example_dags/example_bash_operator.py took 0.089 seconds
[2025-03-12T21:05:22.261+0000] {processor.py:186} INFO - Started process (PID=2409) to work on /home/airflow/.local/lib/python3.12/site-packages/airflow/example_dags/example_bash_operator.py
[2025-03-12T21:05:22.263+0000] {processor.py:914} INFO - Processing file /home/airflow/.local/lib/python3.12/site-packages/airflow/example_dags/example_bash_operator.py for tasks to queue
[2025-03-12T21:05:22.265+0000] {logging_mixin.py:190} INFO - [2025-03-12T21:05:22.264+0000] {dagbag.py:588} INFO - Filling up the DagBag from /home/airflow/.local/lib/python3.12/site-packages/airflow/example_dags/example_bash_operator.py
[2025-03-12T21:05:22.276+0000] {processor.py:925} INFO - DAG(s) 'example_bash_operator' retrieved from /home/airflow/.local/lib/python3.12/site-packages/airflow/example_dags/example_bash_operator.py
[2025-03-12T21:05:22.298+0000] {logging_mixin.py:190} INFO - [2025-03-12T21:05:22.297+0000] {dag.py:3239} INFO - Sync 1 DAGs
[2025-03-12T21:05:22.321+0000] {logging_mixin.py:190} INFO - [2025-03-12T21:05:22.321+0000] {dag.py:4180} INFO - Setting next_dagrun for example_bash_operator to 2025-03-11 00:00:00+00:00, run_after=2025-03-12 00:00:00+00:00
[2025-03-12T21:05:22.340+0000] {processor.py:208} INFO - Processing /home/airflow/.local/lib/python3.12/site-packages/airflow/example_dags/example_bash_operator.py took 0.085 seconds
[2025-03-12T21:05:52.402+0000] {processor.py:186} INFO - Started process (PID=2472) to work on /home/airflow/.local/lib/python3.12/site-packages/airflow/example_dags/example_bash_operator.py
[2025-03-12T21:05:52.403+0000] {processor.py:914} INFO - Processing file /home/airflow/.local/lib/python3.12/site-packages/airflow/example_dags/example_bash_operator.py for tasks to queue
[2025-03-12T21:05:52.404+0000] {logging_mixin.py:190} INFO - [2025-03-12T21:05:52.404+0000] {dagbag.py:588} INFO - Filling up the DagBag from /home/airflow/.local/lib/python3.12/site-packages/airflow/example_dags/example_bash_operator.py
[2025-03-12T21:05:52.412+0000] {processor.py:925} INFO - DAG(s) 'example_bash_operator' retrieved from /home/airflow/.local/lib/python3.12/site-packages/airflow/example_dags/example_bash_operator.py
[2025-03-12T21:05:52.433+0000] {logging_mixin.py:190} INFO - [2025-03-12T21:05:52.433+0000] {dag.py:3239} INFO - Sync 1 DAGs
[2025-03-12T21:05:52.455+0000] {logging_mixin.py:190} INFO - [2025-03-12T21:05:52.455+0000] {dag.py:4180} INFO - Setting next_dagrun for example_bash_operator to 2025-03-11 00:00:00+00:00, run_after=2025-03-12 00:00:00+00:00
[2025-03-12T21:05:52.471+0000] {processor.py:208} INFO - Processing /home/airflow/.local/lib/python3.12/site-packages/airflow/example_dags/example_bash_operator.py took 0.073 seconds
[2025-03-12T21:06:23.299+0000] {processor.py:186} INFO - Started process (PID=2535) to work on /home/airflow/.local/lib/python3.12/site-packages/airflow/example_dags/example_bash_operator.py
[2025-03-12T21:06:23.300+0000] {processor.py:914} INFO - Processing file /home/airflow/.local/lib/python3.12/site-packages/airflow/example_dags/example_bash_operator.py for tasks to queue
[2025-03-12T21:06:23.301+0000] {logging_mixin.py:190} INFO - [2025-03-12T21:06:23.301+0000] {dagbag.py:588} INFO - Filling up the DagBag from /home/airflow/.local/lib/python3.12/site-packages/airflow/example_dags/example_bash_operator.py
[2025-03-12T21:06:23.309+0000] {processor.py:925} INFO - DAG(s) 'example_bash_operator' retrieved from /home/airflow/.local/lib/python3.12/site-packages/airflow/example_dags/example_bash_operator.py
[2025-03-12T21:06:23.332+0000] {logging_mixin.py:190} INFO - [2025-03-12T21:06:23.332+0000] {dag.py:3239} INFO - Sync 1 DAGs
[2025-03-12T21:06:23.356+0000] {logging_mixin.py:190} INFO - [2025-03-12T21:06:23.355+0000] {dag.py:4180} INFO - Setting next_dagrun for example_bash_operator to 2025-03-11 00:00:00+00:00, run_after=2025-03-12 00:00:00+00:00
[2025-03-12T21:06:23.376+0000] {processor.py:208} INFO - Processing /home/airflow/.local/lib/python3.12/site-packages/airflow/example_dags/example_bash_operator.py took 0.082 seconds
[2025-03-12T21:06:53.849+0000] {processor.py:186} INFO - Started process (PID=2597) to work on /home/airflow/.local/lib/python3.12/site-packages/airflow/example_dags/example_bash_operator.py
[2025-03-12T21:06:53.850+0000] {processor.py:914} INFO - Processing file /home/airflow/.local/lib/python3.12/site-packages/airflow/example_dags/example_bash_operator.py for tasks to queue
[2025-03-12T21:06:53.851+0000] {logging_mixin.py:190} INFO - [2025-03-12T21:06:53.851+0000] {dagbag.py:588} INFO - Filling up the DagBag from /home/airflow/.local/lib/python3.12/site-packages/airflow/example_dags/example_bash_operator.py
[2025-03-12T21:06:53.860+0000] {processor.py:925} INFO - DAG(s) 'example_bash_operator' retrieved from /home/airflow/.local/lib/python3.12/site-packages/airflow/example_dags/example_bash_operator.py
[2025-03-12T21:06:53.886+0000] {logging_mixin.py:190} INFO - [2025-03-12T21:06:53.886+0000] {dag.py:3239} INFO - Sync 1 DAGs
[2025-03-12T21:06:53.909+0000] {logging_mixin.py:190} INFO - [2025-03-12T21:06:53.909+0000] {dag.py:4180} INFO - Setting next_dagrun for example_bash_operator to 2025-03-11 00:00:00+00:00, run_after=2025-03-12 00:00:00+00:00
[2025-03-12T21:06:53.928+0000] {processor.py:208} INFO - Processing /home/airflow/.local/lib/python3.12/site-packages/airflow/example_dags/example_bash_operator.py took 0.084 seconds
[2025-03-12T21:07:24.919+0000] {processor.py:186} INFO - Started process (PID=2660) to work on /home/airflow/.local/lib/python3.12/site-packages/airflow/example_dags/example_bash_operator.py
[2025-03-12T21:07:24.920+0000] {processor.py:914} INFO - Processing file /home/airflow/.local/lib/python3.12/site-packages/airflow/example_dags/example_bash_operator.py for tasks to queue
[2025-03-12T21:07:24.922+0000] {logging_mixin.py:190} INFO - [2025-03-12T21:07:24.922+0000] {dagbag.py:588} INFO - Filling up the DagBag from /home/airflow/.local/lib/python3.12/site-packages/airflow/example_dags/example_bash_operator.py
[2025-03-12T21:07:24.930+0000] {processor.py:925} INFO - DAG(s) 'example_bash_operator' retrieved from /home/airflow/.local/lib/python3.12/site-packages/airflow/example_dags/example_bash_operator.py
[2025-03-12T21:07:24.952+0000] {logging_mixin.py:190} INFO - [2025-03-12T21:07:24.952+0000] {dag.py:3239} INFO - Sync 1 DAGs
[2025-03-12T21:07:24.971+0000] {logging_mixin.py:190} INFO - [2025-03-12T21:07:24.971+0000] {dag.py:4180} INFO - Setting next_dagrun for example_bash_operator to 2025-03-11 00:00:00+00:00, run_after=2025-03-12 00:00:00+00:00
[2025-03-12T21:07:24.985+0000] {processor.py:208} INFO - Processing /home/airflow/.local/lib/python3.12/site-packages/airflow/example_dags/example_bash_operator.py took 0.070 seconds
[2025-03-12T21:07:55.300+0000] {processor.py:186} INFO - Started process (PID=2723) to work on /home/airflow/.local/lib/python3.12/site-packages/airflow/example_dags/example_bash_operator.py
[2025-03-12T21:07:55.301+0000] {processor.py:914} INFO - Processing file /home/airflow/.local/lib/python3.12/site-packages/airflow/example_dags/example_bash_operator.py for tasks to queue
[2025-03-12T21:07:55.302+0000] {logging_mixin.py:190} INFO - [2025-03-12T21:07:55.302+0000] {dagbag.py:588} INFO - Filling up the DagBag from /home/airflow/.local/lib/python3.12/site-packages/airflow/example_dags/example_bash_operator.py
[2025-03-12T21:07:55.309+0000] {processor.py:925} INFO - DAG(s) 'example_bash_operator' retrieved from /home/airflow/.local/lib/python3.12/site-packages/airflow/example_dags/example_bash_operator.py
[2025-03-12T21:07:55.326+0000] {logging_mixin.py:190} INFO - [2025-03-12T21:07:55.326+0000] {dag.py:3239} INFO - Sync 1 DAGs
[2025-03-12T21:07:55.342+0000] {logging_mixin.py:190} INFO - [2025-03-12T21:07:55.342+0000] {dag.py:4180} INFO - Setting next_dagrun for example_bash_operator to 2025-03-11 00:00:00+00:00, run_after=2025-03-12 00:00:00+00:00
[2025-03-12T21:07:55.355+0000] {processor.py:208} INFO - Processing /home/airflow/.local/lib/python3.12/site-packages/airflow/example_dags/example_bash_operator.py took 0.059 seconds
[2025-03-12T21:08:25.647+0000] {processor.py:186} INFO - Started process (PID=2786) to work on /home/airflow/.local/lib/python3.12/site-packages/airflow/example_dags/example_bash_operator.py
[2025-03-12T21:08:25.648+0000] {processor.py:914} INFO - Processing file /home/airflow/.local/lib/python3.12/site-packages/airflow/example_dags/example_bash_operator.py for tasks to queue
[2025-03-12T21:08:25.650+0000] {logging_mixin.py:190} INFO - [2025-03-12T21:08:25.650+0000] {dagbag.py:588} INFO - Filling up the DagBag from /home/airflow/.local/lib/python3.12/site-packages/airflow/example_dags/example_bash_operator.py
[2025-03-12T21:08:25.664+0000] {processor.py:925} INFO - DAG(s) 'example_bash_operator' retrieved from /home/airflow/.local/lib/python3.12/site-packages/airflow/example_dags/example_bash_operator.py
[2025-03-12T21:08:25.690+0000] {logging_mixin.py:190} INFO - [2025-03-12T21:08:25.689+0000] {dag.py:3239} INFO - Sync 1 DAGs
[2025-03-12T21:08:25.712+0000] {logging_mixin.py:190} INFO - [2025-03-12T21:08:25.711+0000] {dag.py:4180} INFO - Setting next_dagrun for example_bash_operator to 2025-03-11 00:00:00+00:00, run_after=2025-03-12 00:00:00+00:00
[2025-03-12T21:08:25.725+0000] {processor.py:208} INFO - Processing /home/airflow/.local/lib/python3.12/site-packages/airflow/example_dags/example_bash_operator.py took 0.085 seconds
