[2025-03-12T20:46:24.119+0000] {processor.py:186} INFO - Started process (PID=67) to work on /home/airflow/.local/lib/python3.12/site-packages/airflow/example_dags/tutorial.py
[2025-03-12T20:46:24.120+0000] {processor.py:914} INFO - Processing file /home/airflow/.local/lib/python3.12/site-packages/airflow/example_dags/tutorial.py for tasks to queue
[2025-03-12T20:46:24.122+0000] {logging_mixin.py:190} INFO - [2025-03-12T20:46:24.121+0000] {dagbag.py:588} INFO - Filling up the DagBag from /home/airflow/.local/lib/python3.12/site-packages/airflow/example_dags/tutorial.py
[2025-03-12T20:46:24.130+0000] {processor.py:925} INFO - DAG(s) 'tutorial' retrieved from /home/airflow/.local/lib/python3.12/site-packages/airflow/example_dags/tutorial.py
[2025-03-12T20:46:24.224+0000] {logging_mixin.py:190} INFO - [2025-03-12T20:46:24.224+0000] {override.py:1912} INFO - Created Permission View: can edit on DAG:tutorial
[2025-03-12T20:46:24.232+0000] {logging_mixin.py:190} INFO - [2025-03-12T20:46:24.232+0000] {override.py:1912} INFO - Created Permission View: can read on DAG:tutorial
[2025-03-12T20:46:24.238+0000] {logging_mixin.py:190} INFO - [2025-03-12T20:46:24.238+0000] {override.py:1912} INFO - Created Permission View: can delete on DAG:tutorial
[2025-03-12T20:46:24.244+0000] {logging_mixin.py:190} INFO - [2025-03-12T20:46:24.244+0000] {override.py:1912} INFO - Created Permission View: menu access on DAG Run:tutorial
[2025-03-12T20:46:24.249+0000] {logging_mixin.py:190} INFO - [2025-03-12T20:46:24.249+0000] {override.py:1912} INFO - Created Permission View: can create on DAG Run:tutorial
[2025-03-12T20:46:24.254+0000] {logging_mixin.py:190} INFO - [2025-03-12T20:46:24.254+0000] {override.py:1912} INFO - Created Permission View: can read on DAG Run:tutorial
[2025-03-12T20:46:24.259+0000] {logging_mixin.py:190} INFO - [2025-03-12T20:46:24.259+0000] {override.py:1912} INFO - Created Permission View: can delete on DAG Run:tutorial
[2025-03-12T20:46:24.260+0000] {logging_mixin.py:190} INFO - [2025-03-12T20:46:24.260+0000] {dag.py:3239} INFO - Sync 1 DAGs
[2025-03-12T20:46:24.272+0000] {logging_mixin.py:190} INFO - [2025-03-12T20:46:24.272+0000] {dag.py:3262} INFO - Creating ORM DAG for tutorial
[2025-03-12T20:46:24.284+0000] {logging_mixin.py:190} INFO - [2025-03-12T20:46:24.283+0000] {dag.py:4180} INFO - Setting next_dagrun for tutorial to 2025-03-11 00:00:00+00:00, run_after=2025-03-12 00:00:00+00:00
[2025-03-12T20:46:24.300+0000] {processor.py:208} INFO - Processing /home/airflow/.local/lib/python3.12/site-packages/airflow/example_dags/tutorial.py took 0.185 seconds
[2025-03-12T20:46:54.870+0000] {processor.py:186} INFO - Started process (PID=129) to work on /home/airflow/.local/lib/python3.12/site-packages/airflow/example_dags/tutorial.py
[2025-03-12T20:46:54.871+0000] {processor.py:914} INFO - Processing file /home/airflow/.local/lib/python3.12/site-packages/airflow/example_dags/tutorial.py for tasks to queue
[2025-03-12T20:46:54.873+0000] {logging_mixin.py:190} INFO - [2025-03-12T20:46:54.873+0000] {dagbag.py:588} INFO - Filling up the DagBag from /home/airflow/.local/lib/python3.12/site-packages/airflow/example_dags/tutorial.py
[2025-03-12T20:46:54.881+0000] {processor.py:925} INFO - DAG(s) 'tutorial' retrieved from /home/airflow/.local/lib/python3.12/site-packages/airflow/example_dags/tutorial.py
[2025-03-12T20:46:54.898+0000] {logging_mixin.py:190} INFO - [2025-03-12T20:46:54.898+0000] {dag.py:3239} INFO - Sync 1 DAGs
[2025-03-12T20:46:54.922+0000] {logging_mixin.py:190} INFO - [2025-03-12T20:46:54.922+0000] {dag.py:4180} INFO - Setting next_dagrun for tutorial to 2025-03-11 00:00:00+00:00, run_after=2025-03-12 00:00:00+00:00
[2025-03-12T20:46:54.944+0000] {processor.py:208} INFO - Processing /home/airflow/.local/lib/python3.12/site-packages/airflow/example_dags/tutorial.py took 0.079 seconds
[2025-03-12T20:47:25.812+0000] {processor.py:186} INFO - Started process (PID=192) to work on /home/airflow/.local/lib/python3.12/site-packages/airflow/example_dags/tutorial.py
[2025-03-12T20:47:25.813+0000] {processor.py:914} INFO - Processing file /home/airflow/.local/lib/python3.12/site-packages/airflow/example_dags/tutorial.py for tasks to queue
[2025-03-12T20:47:25.814+0000] {logging_mixin.py:190} INFO - [2025-03-12T20:47:25.814+0000] {dagbag.py:588} INFO - Filling up the DagBag from /home/airflow/.local/lib/python3.12/site-packages/airflow/example_dags/tutorial.py
[2025-03-12T20:47:25.819+0000] {processor.py:925} INFO - DAG(s) 'tutorial' retrieved from /home/airflow/.local/lib/python3.12/site-packages/airflow/example_dags/tutorial.py
[2025-03-12T20:47:25.842+0000] {logging_mixin.py:190} INFO - [2025-03-12T20:47:25.842+0000] {dag.py:3239} INFO - Sync 1 DAGs
[2025-03-12T20:47:25.871+0000] {logging_mixin.py:190} INFO - [2025-03-12T20:47:25.871+0000] {dag.py:4180} INFO - Setting next_dagrun for tutorial to 2025-03-11 00:00:00+00:00, run_after=2025-03-12 00:00:00+00:00
[2025-03-12T20:47:25.890+0000] {processor.py:208} INFO - Processing /home/airflow/.local/lib/python3.12/site-packages/airflow/example_dags/tutorial.py took 0.082 seconds
[2025-03-12T20:47:56.483+0000] {processor.py:186} INFO - Started process (PID=255) to work on /home/airflow/.local/lib/python3.12/site-packages/airflow/example_dags/tutorial.py
[2025-03-12T20:47:56.484+0000] {processor.py:914} INFO - Processing file /home/airflow/.local/lib/python3.12/site-packages/airflow/example_dags/tutorial.py for tasks to queue
[2025-03-12T20:47:56.485+0000] {logging_mixin.py:190} INFO - [2025-03-12T20:47:56.485+0000] {dagbag.py:588} INFO - Filling up the DagBag from /home/airflow/.local/lib/python3.12/site-packages/airflow/example_dags/tutorial.py
[2025-03-12T20:47:56.491+0000] {processor.py:925} INFO - DAG(s) 'tutorial' retrieved from /home/airflow/.local/lib/python3.12/site-packages/airflow/example_dags/tutorial.py
[2025-03-12T20:47:56.507+0000] {logging_mixin.py:190} INFO - [2025-03-12T20:47:56.507+0000] {dag.py:3239} INFO - Sync 1 DAGs
[2025-03-12T20:47:56.529+0000] {logging_mixin.py:190} INFO - [2025-03-12T20:47:56.529+0000] {dag.py:4180} INFO - Setting next_dagrun for tutorial to 2025-03-11 00:00:00+00:00, run_after=2025-03-12 00:00:00+00:00
[2025-03-12T20:47:56.547+0000] {processor.py:208} INFO - Processing /home/airflow/.local/lib/python3.12/site-packages/airflow/example_dags/tutorial.py took 0.068 seconds
[2025-03-12T20:48:27.344+0000] {processor.py:186} INFO - Started process (PID=318) to work on /home/airflow/.local/lib/python3.12/site-packages/airflow/example_dags/tutorial.py
[2025-03-12T20:48:27.345+0000] {processor.py:914} INFO - Processing file /home/airflow/.local/lib/python3.12/site-packages/airflow/example_dags/tutorial.py for tasks to queue
[2025-03-12T20:48:27.347+0000] {logging_mixin.py:190} INFO - [2025-03-12T20:48:27.347+0000] {dagbag.py:588} INFO - Filling up the DagBag from /home/airflow/.local/lib/python3.12/site-packages/airflow/example_dags/tutorial.py
[2025-03-12T20:48:27.352+0000] {processor.py:925} INFO - DAG(s) 'tutorial' retrieved from /home/airflow/.local/lib/python3.12/site-packages/airflow/example_dags/tutorial.py
[2025-03-12T20:48:27.371+0000] {logging_mixin.py:190} INFO - [2025-03-12T20:48:27.371+0000] {dag.py:3239} INFO - Sync 1 DAGs
[2025-03-12T20:48:27.390+0000] {logging_mixin.py:190} INFO - [2025-03-12T20:48:27.390+0000] {dag.py:4180} INFO - Setting next_dagrun for tutorial to 2025-03-11 00:00:00+00:00, run_after=2025-03-12 00:00:00+00:00
[2025-03-12T20:48:27.405+0000] {processor.py:208} INFO - Processing /home/airflow/.local/lib/python3.12/site-packages/airflow/example_dags/tutorial.py took 0.065 seconds
[2025-03-12T20:48:58.551+0000] {processor.py:186} INFO - Started process (PID=381) to work on /home/airflow/.local/lib/python3.12/site-packages/airflow/example_dags/tutorial.py
[2025-03-12T20:48:58.552+0000] {processor.py:914} INFO - Processing file /home/airflow/.local/lib/python3.12/site-packages/airflow/example_dags/tutorial.py for tasks to queue
[2025-03-12T20:48:58.553+0000] {logging_mixin.py:190} INFO - [2025-03-12T20:48:58.553+0000] {dagbag.py:588} INFO - Filling up the DagBag from /home/airflow/.local/lib/python3.12/site-packages/airflow/example_dags/tutorial.py
[2025-03-12T20:48:58.558+0000] {processor.py:925} INFO - DAG(s) 'tutorial' retrieved from /home/airflow/.local/lib/python3.12/site-packages/airflow/example_dags/tutorial.py
[2025-03-12T20:48:58.579+0000] {logging_mixin.py:190} INFO - [2025-03-12T20:48:58.579+0000] {dag.py:3239} INFO - Sync 1 DAGs
[2025-03-12T20:48:58.604+0000] {logging_mixin.py:190} INFO - [2025-03-12T20:48:58.603+0000] {dag.py:4180} INFO - Setting next_dagrun for tutorial to 2025-03-11 00:00:00+00:00, run_after=2025-03-12 00:00:00+00:00
[2025-03-12T20:48:58.617+0000] {processor.py:208} INFO - Processing /home/airflow/.local/lib/python3.12/site-packages/airflow/example_dags/tutorial.py took 0.071 seconds
[2025-03-12T20:49:29.527+0000] {processor.py:186} INFO - Started process (PID=444) to work on /home/airflow/.local/lib/python3.12/site-packages/airflow/example_dags/tutorial.py
[2025-03-12T20:49:29.528+0000] {processor.py:914} INFO - Processing file /home/airflow/.local/lib/python3.12/site-packages/airflow/example_dags/tutorial.py for tasks to queue
[2025-03-12T20:49:29.529+0000] {logging_mixin.py:190} INFO - [2025-03-12T20:49:29.529+0000] {dagbag.py:588} INFO - Filling up the DagBag from /home/airflow/.local/lib/python3.12/site-packages/airflow/example_dags/tutorial.py
[2025-03-12T20:49:29.534+0000] {processor.py:925} INFO - DAG(s) 'tutorial' retrieved from /home/airflow/.local/lib/python3.12/site-packages/airflow/example_dags/tutorial.py
[2025-03-12T20:49:29.550+0000] {logging_mixin.py:190} INFO - [2025-03-12T20:49:29.550+0000] {dag.py:3239} INFO - Sync 1 DAGs
[2025-03-12T20:49:29.567+0000] {logging_mixin.py:190} INFO - [2025-03-12T20:49:29.567+0000] {dag.py:4180} INFO - Setting next_dagrun for tutorial to 2025-03-11 00:00:00+00:00, run_after=2025-03-12 00:00:00+00:00
[2025-03-12T20:49:29.581+0000] {processor.py:208} INFO - Processing /home/airflow/.local/lib/python3.12/site-packages/airflow/example_dags/tutorial.py took 0.059 seconds
[2025-03-12T20:50:00.151+0000] {processor.py:186} INFO - Started process (PID=507) to work on /home/airflow/.local/lib/python3.12/site-packages/airflow/example_dags/tutorial.py
[2025-03-12T20:50:00.152+0000] {processor.py:914} INFO - Processing file /home/airflow/.local/lib/python3.12/site-packages/airflow/example_dags/tutorial.py for tasks to queue
[2025-03-12T20:50:00.154+0000] {logging_mixin.py:190} INFO - [2025-03-12T20:50:00.153+0000] {dagbag.py:588} INFO - Filling up the DagBag from /home/airflow/.local/lib/python3.12/site-packages/airflow/example_dags/tutorial.py
[2025-03-12T20:50:00.158+0000] {processor.py:925} INFO - DAG(s) 'tutorial' retrieved from /home/airflow/.local/lib/python3.12/site-packages/airflow/example_dags/tutorial.py
[2025-03-12T20:50:00.173+0000] {logging_mixin.py:190} INFO - [2025-03-12T20:50:00.173+0000] {dag.py:3239} INFO - Sync 1 DAGs
[2025-03-12T20:50:00.186+0000] {logging_mixin.py:190} INFO - [2025-03-12T20:50:00.186+0000] {dag.py:4180} INFO - Setting next_dagrun for tutorial to 2025-03-11 00:00:00+00:00, run_after=2025-03-12 00:00:00+00:00
[2025-03-12T20:50:00.199+0000] {processor.py:208} INFO - Processing /home/airflow/.local/lib/python3.12/site-packages/airflow/example_dags/tutorial.py took 0.052 seconds
[2025-03-12T20:50:30.784+0000] {processor.py:186} INFO - Started process (PID=570) to work on /home/airflow/.local/lib/python3.12/site-packages/airflow/example_dags/tutorial.py
[2025-03-12T20:50:30.785+0000] {processor.py:914} INFO - Processing file /home/airflow/.local/lib/python3.12/site-packages/airflow/example_dags/tutorial.py for tasks to queue
[2025-03-12T20:50:30.786+0000] {logging_mixin.py:190} INFO - [2025-03-12T20:50:30.786+0000] {dagbag.py:588} INFO - Filling up the DagBag from /home/airflow/.local/lib/python3.12/site-packages/airflow/example_dags/tutorial.py
[2025-03-12T20:50:30.790+0000] {processor.py:925} INFO - DAG(s) 'tutorial' retrieved from /home/airflow/.local/lib/python3.12/site-packages/airflow/example_dags/tutorial.py
[2025-03-12T20:50:30.807+0000] {logging_mixin.py:190} INFO - [2025-03-12T20:50:30.806+0000] {dag.py:3239} INFO - Sync 1 DAGs
[2025-03-12T20:50:30.827+0000] {logging_mixin.py:190} INFO - [2025-03-12T20:50:30.827+0000] {dag.py:4180} INFO - Setting next_dagrun for tutorial to 2025-03-11 00:00:00+00:00, run_after=2025-03-12 00:00:00+00:00
[2025-03-12T20:50:30.842+0000] {processor.py:208} INFO - Processing /home/airflow/.local/lib/python3.12/site-packages/airflow/example_dags/tutorial.py took 0.061 seconds
[2025-03-12T20:51:01.252+0000] {processor.py:186} INFO - Started process (PID=633) to work on /home/airflow/.local/lib/python3.12/site-packages/airflow/example_dags/tutorial.py
[2025-03-12T20:51:01.252+0000] {processor.py:914} INFO - Processing file /home/airflow/.local/lib/python3.12/site-packages/airflow/example_dags/tutorial.py for tasks to queue
[2025-03-12T20:51:01.254+0000] {logging_mixin.py:190} INFO - [2025-03-12T20:51:01.253+0000] {dagbag.py:588} INFO - Filling up the DagBag from /home/airflow/.local/lib/python3.12/site-packages/airflow/example_dags/tutorial.py
[2025-03-12T20:51:01.258+0000] {processor.py:925} INFO - DAG(s) 'tutorial' retrieved from /home/airflow/.local/lib/python3.12/site-packages/airflow/example_dags/tutorial.py
[2025-03-12T20:51:01.273+0000] {logging_mixin.py:190} INFO - [2025-03-12T20:51:01.272+0000] {dag.py:3239} INFO - Sync 1 DAGs
[2025-03-12T20:51:01.289+0000] {logging_mixin.py:190} INFO - [2025-03-12T20:51:01.288+0000] {dag.py:4180} INFO - Setting next_dagrun for tutorial to 2025-03-11 00:00:00+00:00, run_after=2025-03-12 00:00:00+00:00
[2025-03-12T20:51:01.302+0000] {processor.py:208} INFO - Processing /home/airflow/.local/lib/python3.12/site-packages/airflow/example_dags/tutorial.py took 0.055 seconds
[2025-03-12T20:51:31.805+0000] {processor.py:186} INFO - Started process (PID=696) to work on /home/airflow/.local/lib/python3.12/site-packages/airflow/example_dags/tutorial.py
[2025-03-12T20:51:31.807+0000] {processor.py:914} INFO - Processing file /home/airflow/.local/lib/python3.12/site-packages/airflow/example_dags/tutorial.py for tasks to queue
[2025-03-12T20:51:31.808+0000] {logging_mixin.py:190} INFO - [2025-03-12T20:51:31.808+0000] {dagbag.py:588} INFO - Filling up the DagBag from /home/airflow/.local/lib/python3.12/site-packages/airflow/example_dags/tutorial.py
[2025-03-12T20:51:31.815+0000] {processor.py:925} INFO - DAG(s) 'tutorial' retrieved from /home/airflow/.local/lib/python3.12/site-packages/airflow/example_dags/tutorial.py
[2025-03-12T20:51:31.832+0000] {logging_mixin.py:190} INFO - [2025-03-12T20:51:31.832+0000] {dag.py:3239} INFO - Sync 1 DAGs
[2025-03-12T20:51:31.845+0000] {logging_mixin.py:190} INFO - [2025-03-12T20:51:31.845+0000] {dag.py:4180} INFO - Setting next_dagrun for tutorial to 2025-03-11 00:00:00+00:00, run_after=2025-03-12 00:00:00+00:00
[2025-03-12T20:51:31.858+0000] {processor.py:208} INFO - Processing /home/airflow/.local/lib/python3.12/site-packages/airflow/example_dags/tutorial.py took 0.057 seconds
[2025-03-12T20:52:02.889+0000] {processor.py:186} INFO - Started process (PID=759) to work on /home/airflow/.local/lib/python3.12/site-packages/airflow/example_dags/tutorial.py
[2025-03-12T20:52:02.890+0000] {processor.py:914} INFO - Processing file /home/airflow/.local/lib/python3.12/site-packages/airflow/example_dags/tutorial.py for tasks to queue
[2025-03-12T20:52:02.892+0000] {logging_mixin.py:190} INFO - [2025-03-12T20:52:02.892+0000] {dagbag.py:588} INFO - Filling up the DagBag from /home/airflow/.local/lib/python3.12/site-packages/airflow/example_dags/tutorial.py
[2025-03-12T20:52:02.897+0000] {processor.py:925} INFO - DAG(s) 'tutorial' retrieved from /home/airflow/.local/lib/python3.12/site-packages/airflow/example_dags/tutorial.py
[2025-03-12T20:52:02.914+0000] {logging_mixin.py:190} INFO - [2025-03-12T20:52:02.914+0000] {dag.py:3239} INFO - Sync 1 DAGs
[2025-03-12T20:52:02.933+0000] {logging_mixin.py:190} INFO - [2025-03-12T20:52:02.933+0000] {dag.py:4180} INFO - Setting next_dagrun for tutorial to 2025-03-11 00:00:00+00:00, run_after=2025-03-12 00:00:00+00:00
[2025-03-12T20:52:02.949+0000] {processor.py:208} INFO - Processing /home/airflow/.local/lib/python3.12/site-packages/airflow/example_dags/tutorial.py took 0.065 seconds
[2025-03-12T20:52:33.374+0000] {processor.py:186} INFO - Started process (PID=822) to work on /home/airflow/.local/lib/python3.12/site-packages/airflow/example_dags/tutorial.py
[2025-03-12T20:52:33.375+0000] {processor.py:914} INFO - Processing file /home/airflow/.local/lib/python3.12/site-packages/airflow/example_dags/tutorial.py for tasks to queue
[2025-03-12T20:52:33.376+0000] {logging_mixin.py:190} INFO - [2025-03-12T20:52:33.376+0000] {dagbag.py:588} INFO - Filling up the DagBag from /home/airflow/.local/lib/python3.12/site-packages/airflow/example_dags/tutorial.py
[2025-03-12T20:52:33.383+0000] {processor.py:925} INFO - DAG(s) 'tutorial' retrieved from /home/airflow/.local/lib/python3.12/site-packages/airflow/example_dags/tutorial.py
[2025-03-12T20:52:33.400+0000] {logging_mixin.py:190} INFO - [2025-03-12T20:52:33.399+0000] {dag.py:3239} INFO - Sync 1 DAGs
[2025-03-12T20:52:33.418+0000] {logging_mixin.py:190} INFO - [2025-03-12T20:52:33.418+0000] {dag.py:4180} INFO - Setting next_dagrun for tutorial to 2025-03-11 00:00:00+00:00, run_after=2025-03-12 00:00:00+00:00
[2025-03-12T20:52:33.435+0000] {processor.py:208} INFO - Processing /home/airflow/.local/lib/python3.12/site-packages/airflow/example_dags/tutorial.py took 0.065 seconds
[2025-03-12T20:53:04.229+0000] {processor.py:186} INFO - Started process (PID=885) to work on /home/airflow/.local/lib/python3.12/site-packages/airflow/example_dags/tutorial.py
[2025-03-12T20:53:04.230+0000] {processor.py:914} INFO - Processing file /home/airflow/.local/lib/python3.12/site-packages/airflow/example_dags/tutorial.py for tasks to queue
[2025-03-12T20:53:04.231+0000] {logging_mixin.py:190} INFO - [2025-03-12T20:53:04.231+0000] {dagbag.py:588} INFO - Filling up the DagBag from /home/airflow/.local/lib/python3.12/site-packages/airflow/example_dags/tutorial.py
[2025-03-12T20:53:04.237+0000] {processor.py:925} INFO - DAG(s) 'tutorial' retrieved from /home/airflow/.local/lib/python3.12/site-packages/airflow/example_dags/tutorial.py
[2025-03-12T20:53:04.253+0000] {logging_mixin.py:190} INFO - [2025-03-12T20:53:04.253+0000] {dag.py:3239} INFO - Sync 1 DAGs
[2025-03-12T20:53:04.272+0000] {logging_mixin.py:190} INFO - [2025-03-12T20:53:04.272+0000] {dag.py:4180} INFO - Setting next_dagrun for tutorial to 2025-03-11 00:00:00+00:00, run_after=2025-03-12 00:00:00+00:00
[2025-03-12T20:53:04.289+0000] {processor.py:208} INFO - Processing /home/airflow/.local/lib/python3.12/site-packages/airflow/example_dags/tutorial.py took 0.065 seconds
[2025-03-12T20:53:34.971+0000] {processor.py:186} INFO - Started process (PID=948) to work on /home/airflow/.local/lib/python3.12/site-packages/airflow/example_dags/tutorial.py
[2025-03-12T20:53:34.972+0000] {processor.py:914} INFO - Processing file /home/airflow/.local/lib/python3.12/site-packages/airflow/example_dags/tutorial.py for tasks to queue
[2025-03-12T20:53:34.974+0000] {logging_mixin.py:190} INFO - [2025-03-12T20:53:34.974+0000] {dagbag.py:588} INFO - Filling up the DagBag from /home/airflow/.local/lib/python3.12/site-packages/airflow/example_dags/tutorial.py
[2025-03-12T20:53:34.981+0000] {processor.py:925} INFO - DAG(s) 'tutorial' retrieved from /home/airflow/.local/lib/python3.12/site-packages/airflow/example_dags/tutorial.py
[2025-03-12T20:53:35.002+0000] {logging_mixin.py:190} INFO - [2025-03-12T20:53:35.001+0000] {dag.py:3239} INFO - Sync 1 DAGs
[2025-03-12T20:53:35.020+0000] {logging_mixin.py:190} INFO - [2025-03-12T20:53:35.019+0000] {dag.py:4180} INFO - Setting next_dagrun for tutorial to 2025-03-11 00:00:00+00:00, run_after=2025-03-12 00:00:00+00:00
[2025-03-12T20:53:35.035+0000] {processor.py:208} INFO - Processing /home/airflow/.local/lib/python3.12/site-packages/airflow/example_dags/tutorial.py took 0.070 seconds
[2025-03-12T20:54:05.442+0000] {processor.py:186} INFO - Started process (PID=1011) to work on /home/airflow/.local/lib/python3.12/site-packages/airflow/example_dags/tutorial.py
[2025-03-12T20:54:05.443+0000] {processor.py:914} INFO - Processing file /home/airflow/.local/lib/python3.12/site-packages/airflow/example_dags/tutorial.py for tasks to queue
[2025-03-12T20:54:05.445+0000] {logging_mixin.py:190} INFO - [2025-03-12T20:54:05.445+0000] {dagbag.py:588} INFO - Filling up the DagBag from /home/airflow/.local/lib/python3.12/site-packages/airflow/example_dags/tutorial.py
[2025-03-12T20:54:05.452+0000] {processor.py:925} INFO - DAG(s) 'tutorial' retrieved from /home/airflow/.local/lib/python3.12/site-packages/airflow/example_dags/tutorial.py
[2025-03-12T20:54:05.468+0000] {logging_mixin.py:190} INFO - [2025-03-12T20:54:05.468+0000] {dag.py:3239} INFO - Sync 1 DAGs
[2025-03-12T20:54:05.484+0000] {logging_mixin.py:190} INFO - [2025-03-12T20:54:05.483+0000] {dag.py:4180} INFO - Setting next_dagrun for tutorial to 2025-03-11 00:00:00+00:00, run_after=2025-03-12 00:00:00+00:00
[2025-03-12T20:54:05.499+0000] {processor.py:208} INFO - Processing /home/airflow/.local/lib/python3.12/site-packages/airflow/example_dags/tutorial.py took 0.061 seconds
[2025-03-12T20:54:36.211+0000] {processor.py:186} INFO - Started process (PID=1074) to work on /home/airflow/.local/lib/python3.12/site-packages/airflow/example_dags/tutorial.py
[2025-03-12T20:54:36.212+0000] {processor.py:914} INFO - Processing file /home/airflow/.local/lib/python3.12/site-packages/airflow/example_dags/tutorial.py for tasks to queue
[2025-03-12T20:54:36.214+0000] {logging_mixin.py:190} INFO - [2025-03-12T20:54:36.213+0000] {dagbag.py:588} INFO - Filling up the DagBag from /home/airflow/.local/lib/python3.12/site-packages/airflow/example_dags/tutorial.py
[2025-03-12T20:54:36.220+0000] {processor.py:925} INFO - DAG(s) 'tutorial' retrieved from /home/airflow/.local/lib/python3.12/site-packages/airflow/example_dags/tutorial.py
[2025-03-12T20:54:36.237+0000] {logging_mixin.py:190} INFO - [2025-03-12T20:54:36.237+0000] {dag.py:3239} INFO - Sync 1 DAGs
[2025-03-12T20:54:36.260+0000] {logging_mixin.py:190} INFO - [2025-03-12T20:54:36.260+0000] {dag.py:4180} INFO - Setting next_dagrun for tutorial to 2025-03-11 00:00:00+00:00, run_after=2025-03-12 00:00:00+00:00
[2025-03-12T20:54:36.277+0000] {processor.py:208} INFO - Processing /home/airflow/.local/lib/python3.12/site-packages/airflow/example_dags/tutorial.py took 0.069 seconds
[2025-03-12T20:55:06.991+0000] {processor.py:186} INFO - Started process (PID=1137) to work on /home/airflow/.local/lib/python3.12/site-packages/airflow/example_dags/tutorial.py
[2025-03-12T20:55:06.992+0000] {processor.py:914} INFO - Processing file /home/airflow/.local/lib/python3.12/site-packages/airflow/example_dags/tutorial.py for tasks to queue
[2025-03-12T20:55:06.994+0000] {logging_mixin.py:190} INFO - [2025-03-12T20:55:06.994+0000] {dagbag.py:588} INFO - Filling up the DagBag from /home/airflow/.local/lib/python3.12/site-packages/airflow/example_dags/tutorial.py
[2025-03-12T20:55:07.000+0000] {processor.py:925} INFO - DAG(s) 'tutorial' retrieved from /home/airflow/.local/lib/python3.12/site-packages/airflow/example_dags/tutorial.py
[2025-03-12T20:55:07.014+0000] {logging_mixin.py:190} INFO - [2025-03-12T20:55:07.014+0000] {dag.py:3239} INFO - Sync 1 DAGs
[2025-03-12T20:55:07.033+0000] {logging_mixin.py:190} INFO - [2025-03-12T20:55:07.033+0000] {dag.py:4180} INFO - Setting next_dagrun for tutorial to 2025-03-11 00:00:00+00:00, run_after=2025-03-12 00:00:00+00:00
[2025-03-12T20:55:07.048+0000] {processor.py:208} INFO - Processing /home/airflow/.local/lib/python3.12/site-packages/airflow/example_dags/tutorial.py took 0.061 seconds
[2025-03-12T20:55:38.034+0000] {processor.py:186} INFO - Started process (PID=1200) to work on /home/airflow/.local/lib/python3.12/site-packages/airflow/example_dags/tutorial.py
[2025-03-12T20:55:38.035+0000] {processor.py:914} INFO - Processing file /home/airflow/.local/lib/python3.12/site-packages/airflow/example_dags/tutorial.py for tasks to queue
[2025-03-12T20:55:38.036+0000] {logging_mixin.py:190} INFO - [2025-03-12T20:55:38.036+0000] {dagbag.py:588} INFO - Filling up the DagBag from /home/airflow/.local/lib/python3.12/site-packages/airflow/example_dags/tutorial.py
[2025-03-12T20:55:38.041+0000] {processor.py:925} INFO - DAG(s) 'tutorial' retrieved from /home/airflow/.local/lib/python3.12/site-packages/airflow/example_dags/tutorial.py
[2025-03-12T20:55:38.054+0000] {logging_mixin.py:190} INFO - [2025-03-12T20:55:38.053+0000] {dag.py:3239} INFO - Sync 1 DAGs
[2025-03-12T20:55:38.071+0000] {logging_mixin.py:190} INFO - [2025-03-12T20:55:38.071+0000] {dag.py:4180} INFO - Setting next_dagrun for tutorial to 2025-03-11 00:00:00+00:00, run_after=2025-03-12 00:00:00+00:00
[2025-03-12T20:55:38.086+0000] {processor.py:208} INFO - Processing /home/airflow/.local/lib/python3.12/site-packages/airflow/example_dags/tutorial.py took 0.056 seconds
[2025-03-12T20:56:08.960+0000] {processor.py:186} INFO - Started process (PID=1263) to work on /home/airflow/.local/lib/python3.12/site-packages/airflow/example_dags/tutorial.py
[2025-03-12T20:56:08.960+0000] {processor.py:914} INFO - Processing file /home/airflow/.local/lib/python3.12/site-packages/airflow/example_dags/tutorial.py for tasks to queue
[2025-03-12T20:56:08.962+0000] {logging_mixin.py:190} INFO - [2025-03-12T20:56:08.962+0000] {dagbag.py:588} INFO - Filling up the DagBag from /home/airflow/.local/lib/python3.12/site-packages/airflow/example_dags/tutorial.py
[2025-03-12T20:56:08.969+0000] {processor.py:925} INFO - DAG(s) 'tutorial' retrieved from /home/airflow/.local/lib/python3.12/site-packages/airflow/example_dags/tutorial.py
[2025-03-12T20:56:08.985+0000] {logging_mixin.py:190} INFO - [2025-03-12T20:56:08.985+0000] {dag.py:3239} INFO - Sync 1 DAGs
[2025-03-12T20:56:09.005+0000] {logging_mixin.py:190} INFO - [2025-03-12T20:56:09.005+0000] {dag.py:4180} INFO - Setting next_dagrun for tutorial to 2025-03-11 00:00:00+00:00, run_after=2025-03-12 00:00:00+00:00
[2025-03-12T20:56:09.020+0000] {processor.py:208} INFO - Processing /home/airflow/.local/lib/python3.12/site-packages/airflow/example_dags/tutorial.py took 0.065 seconds
[2025-03-12T20:56:39.650+0000] {processor.py:186} INFO - Started process (PID=1326) to work on /home/airflow/.local/lib/python3.12/site-packages/airflow/example_dags/tutorial.py
[2025-03-12T20:56:39.651+0000] {processor.py:914} INFO - Processing file /home/airflow/.local/lib/python3.12/site-packages/airflow/example_dags/tutorial.py for tasks to queue
[2025-03-12T20:56:39.653+0000] {logging_mixin.py:190} INFO - [2025-03-12T20:56:39.652+0000] {dagbag.py:588} INFO - Filling up the DagBag from /home/airflow/.local/lib/python3.12/site-packages/airflow/example_dags/tutorial.py
[2025-03-12T20:56:39.659+0000] {processor.py:925} INFO - DAG(s) 'tutorial' retrieved from /home/airflow/.local/lib/python3.12/site-packages/airflow/example_dags/tutorial.py
[2025-03-12T20:56:39.673+0000] {logging_mixin.py:190} INFO - [2025-03-12T20:56:39.672+0000] {dag.py:3239} INFO - Sync 1 DAGs
[2025-03-12T20:56:39.687+0000] {logging_mixin.py:190} INFO - [2025-03-12T20:56:39.686+0000] {dag.py:4180} INFO - Setting next_dagrun for tutorial to 2025-03-11 00:00:00+00:00, run_after=2025-03-12 00:00:00+00:00
[2025-03-12T20:56:39.698+0000] {processor.py:208} INFO - Processing /home/airflow/.local/lib/python3.12/site-packages/airflow/example_dags/tutorial.py took 0.053 seconds
[2025-03-12T20:57:10.232+0000] {processor.py:186} INFO - Started process (PID=1389) to work on /home/airflow/.local/lib/python3.12/site-packages/airflow/example_dags/tutorial.py
[2025-03-12T20:57:10.232+0000] {processor.py:914} INFO - Processing file /home/airflow/.local/lib/python3.12/site-packages/airflow/example_dags/tutorial.py for tasks to queue
[2025-03-12T20:57:10.234+0000] {logging_mixin.py:190} INFO - [2025-03-12T20:57:10.234+0000] {dagbag.py:588} INFO - Filling up the DagBag from /home/airflow/.local/lib/python3.12/site-packages/airflow/example_dags/tutorial.py
[2025-03-12T20:57:10.242+0000] {processor.py:925} INFO - DAG(s) 'tutorial' retrieved from /home/airflow/.local/lib/python3.12/site-packages/airflow/example_dags/tutorial.py
[2025-03-12T20:57:10.256+0000] {logging_mixin.py:190} INFO - [2025-03-12T20:57:10.256+0000] {dag.py:3239} INFO - Sync 1 DAGs
[2025-03-12T20:57:10.270+0000] {logging_mixin.py:190} INFO - [2025-03-12T20:57:10.270+0000] {dag.py:4180} INFO - Setting next_dagrun for tutorial to 2025-03-11 00:00:00+00:00, run_after=2025-03-12 00:00:00+00:00
[2025-03-12T20:57:10.283+0000] {processor.py:208} INFO - Processing /home/airflow/.local/lib/python3.12/site-packages/airflow/example_dags/tutorial.py took 0.056 seconds
[2025-03-12T20:57:41.029+0000] {processor.py:186} INFO - Started process (PID=1452) to work on /home/airflow/.local/lib/python3.12/site-packages/airflow/example_dags/tutorial.py
[2025-03-12T20:57:41.030+0000] {processor.py:914} INFO - Processing file /home/airflow/.local/lib/python3.12/site-packages/airflow/example_dags/tutorial.py for tasks to queue
[2025-03-12T20:57:41.032+0000] {logging_mixin.py:190} INFO - [2025-03-12T20:57:41.031+0000] {dagbag.py:588} INFO - Filling up the DagBag from /home/airflow/.local/lib/python3.12/site-packages/airflow/example_dags/tutorial.py
[2025-03-12T20:57:41.037+0000] {processor.py:925} INFO - DAG(s) 'tutorial' retrieved from /home/airflow/.local/lib/python3.12/site-packages/airflow/example_dags/tutorial.py
[2025-03-12T20:57:41.051+0000] {logging_mixin.py:190} INFO - [2025-03-12T20:57:41.051+0000] {dag.py:3239} INFO - Sync 1 DAGs
[2025-03-12T20:57:41.067+0000] {logging_mixin.py:190} INFO - [2025-03-12T20:57:41.067+0000] {dag.py:4180} INFO - Setting next_dagrun for tutorial to 2025-03-11 00:00:00+00:00, run_after=2025-03-12 00:00:00+00:00
[2025-03-12T20:57:41.082+0000] {processor.py:208} INFO - Processing /home/airflow/.local/lib/python3.12/site-packages/airflow/example_dags/tutorial.py took 0.058 seconds
[2025-03-12T20:58:11.934+0000] {processor.py:186} INFO - Started process (PID=1515) to work on /home/airflow/.local/lib/python3.12/site-packages/airflow/example_dags/tutorial.py
[2025-03-12T20:58:11.935+0000] {processor.py:914} INFO - Processing file /home/airflow/.local/lib/python3.12/site-packages/airflow/example_dags/tutorial.py for tasks to queue
[2025-03-12T20:58:11.937+0000] {logging_mixin.py:190} INFO - [2025-03-12T20:58:11.937+0000] {dagbag.py:588} INFO - Filling up the DagBag from /home/airflow/.local/lib/python3.12/site-packages/airflow/example_dags/tutorial.py
[2025-03-12T20:58:11.945+0000] {processor.py:925} INFO - DAG(s) 'tutorial' retrieved from /home/airflow/.local/lib/python3.12/site-packages/airflow/example_dags/tutorial.py
[2025-03-12T20:58:11.964+0000] {logging_mixin.py:190} INFO - [2025-03-12T20:58:11.963+0000] {dag.py:3239} INFO - Sync 1 DAGs
[2025-03-12T20:58:11.981+0000] {logging_mixin.py:190} INFO - [2025-03-12T20:58:11.981+0000] {dag.py:4180} INFO - Setting next_dagrun for tutorial to 2025-03-11 00:00:00+00:00, run_after=2025-03-12 00:00:00+00:00
[2025-03-12T20:58:11.994+0000] {processor.py:208} INFO - Processing /home/airflow/.local/lib/python3.12/site-packages/airflow/example_dags/tutorial.py took 0.065 seconds
[2025-03-12T20:58:43.078+0000] {processor.py:186} INFO - Started process (PID=1578) to work on /home/airflow/.local/lib/python3.12/site-packages/airflow/example_dags/tutorial.py
[2025-03-12T20:58:43.079+0000] {processor.py:914} INFO - Processing file /home/airflow/.local/lib/python3.12/site-packages/airflow/example_dags/tutorial.py for tasks to queue
[2025-03-12T20:58:43.081+0000] {logging_mixin.py:190} INFO - [2025-03-12T20:58:43.080+0000] {dagbag.py:588} INFO - Filling up the DagBag from /home/airflow/.local/lib/python3.12/site-packages/airflow/example_dags/tutorial.py
[2025-03-12T20:58:43.086+0000] {processor.py:925} INFO - DAG(s) 'tutorial' retrieved from /home/airflow/.local/lib/python3.12/site-packages/airflow/example_dags/tutorial.py
[2025-03-12T20:58:43.104+0000] {logging_mixin.py:190} INFO - [2025-03-12T20:58:43.104+0000] {dag.py:3239} INFO - Sync 1 DAGs
[2025-03-12T20:58:43.127+0000] {logging_mixin.py:190} INFO - [2025-03-12T20:58:43.126+0000] {dag.py:4180} INFO - Setting next_dagrun for tutorial to 2025-03-11 00:00:00+00:00, run_after=2025-03-12 00:00:00+00:00
[2025-03-12T20:58:43.143+0000] {processor.py:208} INFO - Processing /home/airflow/.local/lib/python3.12/site-packages/airflow/example_dags/tutorial.py took 0.068 seconds
[2025-03-12T20:59:13.749+0000] {processor.py:186} INFO - Started process (PID=1641) to work on /home/airflow/.local/lib/python3.12/site-packages/airflow/example_dags/tutorial.py
[2025-03-12T20:59:13.750+0000] {processor.py:914} INFO - Processing file /home/airflow/.local/lib/python3.12/site-packages/airflow/example_dags/tutorial.py for tasks to queue
[2025-03-12T20:59:13.752+0000] {logging_mixin.py:190} INFO - [2025-03-12T20:59:13.752+0000] {dagbag.py:588} INFO - Filling up the DagBag from /home/airflow/.local/lib/python3.12/site-packages/airflow/example_dags/tutorial.py
[2025-03-12T20:59:13.759+0000] {processor.py:925} INFO - DAG(s) 'tutorial' retrieved from /home/airflow/.local/lib/python3.12/site-packages/airflow/example_dags/tutorial.py
[2025-03-12T20:59:13.780+0000] {logging_mixin.py:190} INFO - [2025-03-12T20:59:13.779+0000] {dag.py:3239} INFO - Sync 1 DAGs
[2025-03-12T20:59:13.804+0000] {logging_mixin.py:190} INFO - [2025-03-12T20:59:13.804+0000] {dag.py:4180} INFO - Setting next_dagrun for tutorial to 2025-03-11 00:00:00+00:00, run_after=2025-03-12 00:00:00+00:00
[2025-03-12T20:59:13.821+0000] {processor.py:208} INFO - Processing /home/airflow/.local/lib/python3.12/site-packages/airflow/example_dags/tutorial.py took 0.077 seconds
[2025-03-12T20:59:44.509+0000] {processor.py:186} INFO - Started process (PID=1704) to work on /home/airflow/.local/lib/python3.12/site-packages/airflow/example_dags/tutorial.py
[2025-03-12T20:59:44.510+0000] {processor.py:914} INFO - Processing file /home/airflow/.local/lib/python3.12/site-packages/airflow/example_dags/tutorial.py for tasks to queue
[2025-03-12T20:59:44.512+0000] {logging_mixin.py:190} INFO - [2025-03-12T20:59:44.512+0000] {dagbag.py:588} INFO - Filling up the DagBag from /home/airflow/.local/lib/python3.12/site-packages/airflow/example_dags/tutorial.py
[2025-03-12T20:59:44.519+0000] {processor.py:925} INFO - DAG(s) 'tutorial' retrieved from /home/airflow/.local/lib/python3.12/site-packages/airflow/example_dags/tutorial.py
[2025-03-12T20:59:44.538+0000] {logging_mixin.py:190} INFO - [2025-03-12T20:59:44.538+0000] {dag.py:3239} INFO - Sync 1 DAGs
[2025-03-12T20:59:44.563+0000] {logging_mixin.py:190} INFO - [2025-03-12T20:59:44.563+0000] {dag.py:4180} INFO - Setting next_dagrun for tutorial to 2025-03-11 00:00:00+00:00, run_after=2025-03-12 00:00:00+00:00
[2025-03-12T20:59:44.582+0000] {processor.py:208} INFO - Processing /home/airflow/.local/lib/python3.12/site-packages/airflow/example_dags/tutorial.py took 0.079 seconds
[2025-03-12T21:00:15.095+0000] {processor.py:186} INFO - Started process (PID=1767) to work on /home/airflow/.local/lib/python3.12/site-packages/airflow/example_dags/tutorial.py
[2025-03-12T21:00:15.095+0000] {processor.py:914} INFO - Processing file /home/airflow/.local/lib/python3.12/site-packages/airflow/example_dags/tutorial.py for tasks to queue
[2025-03-12T21:00:15.097+0000] {logging_mixin.py:190} INFO - [2025-03-12T21:00:15.097+0000] {dagbag.py:588} INFO - Filling up the DagBag from /home/airflow/.local/lib/python3.12/site-packages/airflow/example_dags/tutorial.py
[2025-03-12T21:00:15.103+0000] {processor.py:925} INFO - DAG(s) 'tutorial' retrieved from /home/airflow/.local/lib/python3.12/site-packages/airflow/example_dags/tutorial.py
[2025-03-12T21:00:15.122+0000] {logging_mixin.py:190} INFO - [2025-03-12T21:00:15.122+0000] {dag.py:3239} INFO - Sync 1 DAGs
[2025-03-12T21:00:15.144+0000] {logging_mixin.py:190} INFO - [2025-03-12T21:00:15.143+0000] {dag.py:4180} INFO - Setting next_dagrun for tutorial to 2025-03-11 00:00:00+00:00, run_after=2025-03-12 00:00:00+00:00
[2025-03-12T21:00:15.160+0000] {processor.py:208} INFO - Processing /home/airflow/.local/lib/python3.12/site-packages/airflow/example_dags/tutorial.py took 0.071 seconds
[2025-03-12T21:00:45.950+0000] {processor.py:186} INFO - Started process (PID=1830) to work on /home/airflow/.local/lib/python3.12/site-packages/airflow/example_dags/tutorial.py
[2025-03-12T21:00:45.951+0000] {processor.py:914} INFO - Processing file /home/airflow/.local/lib/python3.12/site-packages/airflow/example_dags/tutorial.py for tasks to queue
[2025-03-12T21:00:45.952+0000] {logging_mixin.py:190} INFO - [2025-03-12T21:00:45.952+0000] {dagbag.py:588} INFO - Filling up the DagBag from /home/airflow/.local/lib/python3.12/site-packages/airflow/example_dags/tutorial.py
[2025-03-12T21:00:45.958+0000] {processor.py:925} INFO - DAG(s) 'tutorial' retrieved from /home/airflow/.local/lib/python3.12/site-packages/airflow/example_dags/tutorial.py
[2025-03-12T21:00:45.975+0000] {logging_mixin.py:190} INFO - [2025-03-12T21:00:45.975+0000] {dag.py:3239} INFO - Sync 1 DAGs
[2025-03-12T21:00:45.994+0000] {logging_mixin.py:190} INFO - [2025-03-12T21:00:45.994+0000] {dag.py:4180} INFO - Setting next_dagrun for tutorial to 2025-03-11 00:00:00+00:00, run_after=2025-03-12 00:00:00+00:00
[2025-03-12T21:00:46.009+0000] {processor.py:208} INFO - Processing /home/airflow/.local/lib/python3.12/site-packages/airflow/example_dags/tutorial.py took 0.064 seconds
[2025-03-12T21:01:16.621+0000] {processor.py:186} INFO - Started process (PID=1893) to work on /home/airflow/.local/lib/python3.12/site-packages/airflow/example_dags/tutorial.py
[2025-03-12T21:01:16.622+0000] {processor.py:914} INFO - Processing file /home/airflow/.local/lib/python3.12/site-packages/airflow/example_dags/tutorial.py for tasks to queue
[2025-03-12T21:01:16.623+0000] {logging_mixin.py:190} INFO - [2025-03-12T21:01:16.623+0000] {dagbag.py:588} INFO - Filling up the DagBag from /home/airflow/.local/lib/python3.12/site-packages/airflow/example_dags/tutorial.py
[2025-03-12T21:01:16.630+0000] {processor.py:925} INFO - DAG(s) 'tutorial' retrieved from /home/airflow/.local/lib/python3.12/site-packages/airflow/example_dags/tutorial.py
[2025-03-12T21:01:16.651+0000] {logging_mixin.py:190} INFO - [2025-03-12T21:01:16.651+0000] {dag.py:3239} INFO - Sync 1 DAGs
[2025-03-12T21:01:16.678+0000] {logging_mixin.py:190} INFO - [2025-03-12T21:01:16.678+0000] {dag.py:4180} INFO - Setting next_dagrun for tutorial to 2025-03-11 00:00:00+00:00, run_after=2025-03-12 00:00:00+00:00
[2025-03-12T21:01:16.699+0000] {processor.py:208} INFO - Processing /home/airflow/.local/lib/python3.12/site-packages/airflow/example_dags/tutorial.py took 0.084 seconds
[2025-03-12T21:01:47.678+0000] {processor.py:186} INFO - Started process (PID=1956) to work on /home/airflow/.local/lib/python3.12/site-packages/airflow/example_dags/tutorial.py
[2025-03-12T21:01:47.679+0000] {processor.py:914} INFO - Processing file /home/airflow/.local/lib/python3.12/site-packages/airflow/example_dags/tutorial.py for tasks to queue
[2025-03-12T21:01:47.681+0000] {logging_mixin.py:190} INFO - [2025-03-12T21:01:47.680+0000] {dagbag.py:588} INFO - Filling up the DagBag from /home/airflow/.local/lib/python3.12/site-packages/airflow/example_dags/tutorial.py
[2025-03-12T21:01:47.689+0000] {processor.py:925} INFO - DAG(s) 'tutorial' retrieved from /home/airflow/.local/lib/python3.12/site-packages/airflow/example_dags/tutorial.py
[2025-03-12T21:01:47.710+0000] {logging_mixin.py:190} INFO - [2025-03-12T21:01:47.710+0000] {dag.py:3239} INFO - Sync 1 DAGs
[2025-03-12T21:01:47.746+0000] {logging_mixin.py:190} INFO - [2025-03-12T21:01:47.746+0000] {dag.py:4180} INFO - Setting next_dagrun for tutorial to 2025-03-11 00:00:00+00:00, run_after=2025-03-12 00:00:00+00:00
[2025-03-12T21:01:47.772+0000] {processor.py:208} INFO - Processing /home/airflow/.local/lib/python3.12/site-packages/airflow/example_dags/tutorial.py took 0.103 seconds
[2025-03-12T21:02:18.227+0000] {processor.py:186} INFO - Started process (PID=2019) to work on /home/airflow/.local/lib/python3.12/site-packages/airflow/example_dags/tutorial.py
[2025-03-12T21:02:18.229+0000] {processor.py:914} INFO - Processing file /home/airflow/.local/lib/python3.12/site-packages/airflow/example_dags/tutorial.py for tasks to queue
[2025-03-12T21:02:18.232+0000] {logging_mixin.py:190} INFO - [2025-03-12T21:02:18.232+0000] {dagbag.py:588} INFO - Filling up the DagBag from /home/airflow/.local/lib/python3.12/site-packages/airflow/example_dags/tutorial.py
[2025-03-12T21:02:18.239+0000] {processor.py:925} INFO - DAG(s) 'tutorial' retrieved from /home/airflow/.local/lib/python3.12/site-packages/airflow/example_dags/tutorial.py
[2025-03-12T21:02:18.260+0000] {logging_mixin.py:190} INFO - [2025-03-12T21:02:18.260+0000] {dag.py:3239} INFO - Sync 1 DAGs
[2025-03-12T21:02:18.287+0000] {logging_mixin.py:190} INFO - [2025-03-12T21:02:18.287+0000] {dag.py:4180} INFO - Setting next_dagrun for tutorial to 2025-03-11 00:00:00+00:00, run_after=2025-03-12 00:00:00+00:00
[2025-03-12T21:02:18.309+0000] {processor.py:208} INFO - Processing /home/airflow/.local/lib/python3.12/site-packages/airflow/example_dags/tutorial.py took 0.087 seconds
[2025-03-12T21:02:48.619+0000] {processor.py:186} INFO - Started process (PID=2081) to work on /home/airflow/.local/lib/python3.12/site-packages/airflow/example_dags/tutorial.py
[2025-03-12T21:02:48.620+0000] {processor.py:914} INFO - Processing file /home/airflow/.local/lib/python3.12/site-packages/airflow/example_dags/tutorial.py for tasks to queue
[2025-03-12T21:02:48.621+0000] {logging_mixin.py:190} INFO - [2025-03-12T21:02:48.621+0000] {dagbag.py:588} INFO - Filling up the DagBag from /home/airflow/.local/lib/python3.12/site-packages/airflow/example_dags/tutorial.py
[2025-03-12T21:02:48.626+0000] {processor.py:925} INFO - DAG(s) 'tutorial' retrieved from /home/airflow/.local/lib/python3.12/site-packages/airflow/example_dags/tutorial.py
[2025-03-12T21:02:48.641+0000] {logging_mixin.py:190} INFO - [2025-03-12T21:02:48.641+0000] {dag.py:3239} INFO - Sync 1 DAGs
[2025-03-12T21:02:48.658+0000] {logging_mixin.py:190} INFO - [2025-03-12T21:02:48.658+0000] {dag.py:4180} INFO - Setting next_dagrun for tutorial to 2025-03-11 00:00:00+00:00, run_after=2025-03-12 00:00:00+00:00
[2025-03-12T21:02:48.673+0000] {processor.py:208} INFO - Processing /home/airflow/.local/lib/python3.12/site-packages/airflow/example_dags/tutorial.py took 0.057 seconds
[2025-03-12T21:03:19.134+0000] {processor.py:186} INFO - Started process (PID=2144) to work on /home/airflow/.local/lib/python3.12/site-packages/airflow/example_dags/tutorial.py
[2025-03-12T21:03:19.135+0000] {processor.py:914} INFO - Processing file /home/airflow/.local/lib/python3.12/site-packages/airflow/example_dags/tutorial.py for tasks to queue
[2025-03-12T21:03:19.137+0000] {logging_mixin.py:190} INFO - [2025-03-12T21:03:19.137+0000] {dagbag.py:588} INFO - Filling up the DagBag from /home/airflow/.local/lib/python3.12/site-packages/airflow/example_dags/tutorial.py
[2025-03-12T21:03:19.144+0000] {processor.py:925} INFO - DAG(s) 'tutorial' retrieved from /home/airflow/.local/lib/python3.12/site-packages/airflow/example_dags/tutorial.py
[2025-03-12T21:03:19.159+0000] {logging_mixin.py:190} INFO - [2025-03-12T21:03:19.159+0000] {dag.py:3239} INFO - Sync 1 DAGs
[2025-03-12T21:03:19.177+0000] {logging_mixin.py:190} INFO - [2025-03-12T21:03:19.177+0000] {dag.py:4180} INFO - Setting next_dagrun for tutorial to 2025-03-11 00:00:00+00:00, run_after=2025-03-12 00:00:00+00:00
[2025-03-12T21:03:19.191+0000] {processor.py:208} INFO - Processing /home/airflow/.local/lib/python3.12/site-packages/airflow/example_dags/tutorial.py took 0.061 seconds
[2025-03-12T21:03:49.348+0000] {processor.py:186} INFO - Started process (PID=2207) to work on /home/airflow/.local/lib/python3.12/site-packages/airflow/example_dags/tutorial.py
[2025-03-12T21:03:49.349+0000] {processor.py:914} INFO - Processing file /home/airflow/.local/lib/python3.12/site-packages/airflow/example_dags/tutorial.py for tasks to queue
[2025-03-12T21:03:49.350+0000] {logging_mixin.py:190} INFO - [2025-03-12T21:03:49.350+0000] {dagbag.py:588} INFO - Filling up the DagBag from /home/airflow/.local/lib/python3.12/site-packages/airflow/example_dags/tutorial.py
[2025-03-12T21:03:49.355+0000] {processor.py:925} INFO - DAG(s) 'tutorial' retrieved from /home/airflow/.local/lib/python3.12/site-packages/airflow/example_dags/tutorial.py
[2025-03-12T21:03:49.372+0000] {logging_mixin.py:190} INFO - [2025-03-12T21:03:49.372+0000] {dag.py:3239} INFO - Sync 1 DAGs
[2025-03-12T21:03:49.391+0000] {logging_mixin.py:190} INFO - [2025-03-12T21:03:49.391+0000] {dag.py:4180} INFO - Setting next_dagrun for tutorial to 2025-03-11 00:00:00+00:00, run_after=2025-03-12 00:00:00+00:00
[2025-03-12T21:03:49.406+0000] {processor.py:208} INFO - Processing /home/airflow/.local/lib/python3.12/site-packages/airflow/example_dags/tutorial.py took 0.063 seconds
[2025-03-12T21:04:19.462+0000] {processor.py:186} INFO - Started process (PID=2269) to work on /home/airflow/.local/lib/python3.12/site-packages/airflow/example_dags/tutorial.py
[2025-03-12T21:04:19.463+0000] {processor.py:914} INFO - Processing file /home/airflow/.local/lib/python3.12/site-packages/airflow/example_dags/tutorial.py for tasks to queue
[2025-03-12T21:04:19.465+0000] {logging_mixin.py:190} INFO - [2025-03-12T21:04:19.465+0000] {dagbag.py:588} INFO - Filling up the DagBag from /home/airflow/.local/lib/python3.12/site-packages/airflow/example_dags/tutorial.py
[2025-03-12T21:04:19.473+0000] {processor.py:925} INFO - DAG(s) 'tutorial' retrieved from /home/airflow/.local/lib/python3.12/site-packages/airflow/example_dags/tutorial.py
[2025-03-12T21:04:19.494+0000] {logging_mixin.py:190} INFO - [2025-03-12T21:04:19.493+0000] {dag.py:3239} INFO - Sync 1 DAGs
[2025-03-12T21:04:19.514+0000] {logging_mixin.py:190} INFO - [2025-03-12T21:04:19.514+0000] {dag.py:4180} INFO - Setting next_dagrun for tutorial to 2025-03-11 00:00:00+00:00, run_after=2025-03-12 00:00:00+00:00
[2025-03-12T21:04:19.541+0000] {processor.py:208} INFO - Processing /home/airflow/.local/lib/python3.12/site-packages/airflow/example_dags/tutorial.py took 0.085 seconds
[2025-03-12T21:04:49.579+0000] {processor.py:186} INFO - Started process (PID=2332) to work on /home/airflow/.local/lib/python3.12/site-packages/airflow/example_dags/tutorial.py
[2025-03-12T21:04:49.579+0000] {processor.py:914} INFO - Processing file /home/airflow/.local/lib/python3.12/site-packages/airflow/example_dags/tutorial.py for tasks to queue
[2025-03-12T21:04:49.581+0000] {logging_mixin.py:190} INFO - [2025-03-12T21:04:49.581+0000] {dagbag.py:588} INFO - Filling up the DagBag from /home/airflow/.local/lib/python3.12/site-packages/airflow/example_dags/tutorial.py
[2025-03-12T21:04:49.588+0000] {processor.py:925} INFO - DAG(s) 'tutorial' retrieved from /home/airflow/.local/lib/python3.12/site-packages/airflow/example_dags/tutorial.py
[2025-03-12T21:04:49.606+0000] {logging_mixin.py:190} INFO - [2025-03-12T21:04:49.605+0000] {dag.py:3239} INFO - Sync 1 DAGs
[2025-03-12T21:04:49.626+0000] {logging_mixin.py:190} INFO - [2025-03-12T21:04:49.626+0000] {dag.py:4180} INFO - Setting next_dagrun for tutorial to 2025-03-11 00:00:00+00:00, run_after=2025-03-12 00:00:00+00:00
[2025-03-12T21:04:49.642+0000] {processor.py:208} INFO - Processing /home/airflow/.local/lib/python3.12/site-packages/airflow/example_dags/tutorial.py took 0.068 seconds
[2025-03-12T21:05:20.220+0000] {processor.py:186} INFO - Started process (PID=2395) to work on /home/airflow/.local/lib/python3.12/site-packages/airflow/example_dags/tutorial.py
[2025-03-12T21:05:20.221+0000] {processor.py:914} INFO - Processing file /home/airflow/.local/lib/python3.12/site-packages/airflow/example_dags/tutorial.py for tasks to queue
[2025-03-12T21:05:20.223+0000] {logging_mixin.py:190} INFO - [2025-03-12T21:05:20.222+0000] {dagbag.py:588} INFO - Filling up the DagBag from /home/airflow/.local/lib/python3.12/site-packages/airflow/example_dags/tutorial.py
[2025-03-12T21:05:20.227+0000] {processor.py:925} INFO - DAG(s) 'tutorial' retrieved from /home/airflow/.local/lib/python3.12/site-packages/airflow/example_dags/tutorial.py
[2025-03-12T21:05:20.242+0000] {logging_mixin.py:190} INFO - [2025-03-12T21:05:20.242+0000] {dag.py:3239} INFO - Sync 1 DAGs
[2025-03-12T21:05:20.262+0000] {logging_mixin.py:190} INFO - [2025-03-12T21:05:20.261+0000] {dag.py:4180} INFO - Setting next_dagrun for tutorial to 2025-03-11 00:00:00+00:00, run_after=2025-03-12 00:00:00+00:00
[2025-03-12T21:05:20.276+0000] {processor.py:208} INFO - Processing /home/airflow/.local/lib/python3.12/site-packages/airflow/example_dags/tutorial.py took 0.060 seconds
[2025-03-12T21:05:50.432+0000] {processor.py:186} INFO - Started process (PID=2458) to work on /home/airflow/.local/lib/python3.12/site-packages/airflow/example_dags/tutorial.py
[2025-03-12T21:05:50.433+0000] {processor.py:914} INFO - Processing file /home/airflow/.local/lib/python3.12/site-packages/airflow/example_dags/tutorial.py for tasks to queue
[2025-03-12T21:05:50.435+0000] {logging_mixin.py:190} INFO - [2025-03-12T21:05:50.435+0000] {dagbag.py:588} INFO - Filling up the DagBag from /home/airflow/.local/lib/python3.12/site-packages/airflow/example_dags/tutorial.py
[2025-03-12T21:05:50.442+0000] {processor.py:925} INFO - DAG(s) 'tutorial' retrieved from /home/airflow/.local/lib/python3.12/site-packages/airflow/example_dags/tutorial.py
[2025-03-12T21:05:50.460+0000] {logging_mixin.py:190} INFO - [2025-03-12T21:05:50.460+0000] {dag.py:3239} INFO - Sync 1 DAGs
[2025-03-12T21:05:50.479+0000] {logging_mixin.py:190} INFO - [2025-03-12T21:05:50.479+0000] {dag.py:4180} INFO - Setting next_dagrun for tutorial to 2025-03-11 00:00:00+00:00, run_after=2025-03-12 00:00:00+00:00
[2025-03-12T21:05:50.496+0000] {processor.py:208} INFO - Processing /home/airflow/.local/lib/python3.12/site-packages/airflow/example_dags/tutorial.py took 0.070 seconds
[2025-03-12T21:06:21.407+0000] {processor.py:186} INFO - Started process (PID=2521) to work on /home/airflow/.local/lib/python3.12/site-packages/airflow/example_dags/tutorial.py
[2025-03-12T21:06:21.408+0000] {processor.py:914} INFO - Processing file /home/airflow/.local/lib/python3.12/site-packages/airflow/example_dags/tutorial.py for tasks to queue
[2025-03-12T21:06:21.410+0000] {logging_mixin.py:190} INFO - [2025-03-12T21:06:21.409+0000] {dagbag.py:588} INFO - Filling up the DagBag from /home/airflow/.local/lib/python3.12/site-packages/airflow/example_dags/tutorial.py
[2025-03-12T21:06:21.417+0000] {processor.py:925} INFO - DAG(s) 'tutorial' retrieved from /home/airflow/.local/lib/python3.12/site-packages/airflow/example_dags/tutorial.py
[2025-03-12T21:06:21.432+0000] {logging_mixin.py:190} INFO - [2025-03-12T21:06:21.432+0000] {dag.py:3239} INFO - Sync 1 DAGs
[2025-03-12T21:06:21.447+0000] {logging_mixin.py:190} INFO - [2025-03-12T21:06:21.447+0000] {dag.py:4180} INFO - Setting next_dagrun for tutorial to 2025-03-11 00:00:00+00:00, run_after=2025-03-12 00:00:00+00:00
[2025-03-12T21:06:21.462+0000] {processor.py:208} INFO - Processing /home/airflow/.local/lib/python3.12/site-packages/airflow/example_dags/tutorial.py took 0.060 seconds
[2025-03-12T21:06:52.022+0000] {processor.py:186} INFO - Started process (PID=2584) to work on /home/airflow/.local/lib/python3.12/site-packages/airflow/example_dags/tutorial.py
[2025-03-12T21:06:52.022+0000] {processor.py:914} INFO - Processing file /home/airflow/.local/lib/python3.12/site-packages/airflow/example_dags/tutorial.py for tasks to queue
[2025-03-12T21:06:52.024+0000] {logging_mixin.py:190} INFO - [2025-03-12T21:06:52.024+0000] {dagbag.py:588} INFO - Filling up the DagBag from /home/airflow/.local/lib/python3.12/site-packages/airflow/example_dags/tutorial.py
[2025-03-12T21:06:52.030+0000] {processor.py:925} INFO - DAG(s) 'tutorial' retrieved from /home/airflow/.local/lib/python3.12/site-packages/airflow/example_dags/tutorial.py
[2025-03-12T21:06:52.046+0000] {logging_mixin.py:190} INFO - [2025-03-12T21:06:52.046+0000] {dag.py:3239} INFO - Sync 1 DAGs
[2025-03-12T21:06:52.063+0000] {logging_mixin.py:190} INFO - [2025-03-12T21:06:52.063+0000] {dag.py:4180} INFO - Setting next_dagrun for tutorial to 2025-03-11 00:00:00+00:00, run_after=2025-03-12 00:00:00+00:00
[2025-03-12T21:06:52.077+0000] {processor.py:208} INFO - Processing /home/airflow/.local/lib/python3.12/site-packages/airflow/example_dags/tutorial.py took 0.060 seconds
[2025-03-12T21:07:22.127+0000] {processor.py:186} INFO - Started process (PID=2647) to work on /home/airflow/.local/lib/python3.12/site-packages/airflow/example_dags/tutorial.py
[2025-03-12T21:07:22.128+0000] {processor.py:914} INFO - Processing file /home/airflow/.local/lib/python3.12/site-packages/airflow/example_dags/tutorial.py for tasks to queue
[2025-03-12T21:07:22.129+0000] {logging_mixin.py:190} INFO - [2025-03-12T21:07:22.129+0000] {dagbag.py:588} INFO - Filling up the DagBag from /home/airflow/.local/lib/python3.12/site-packages/airflow/example_dags/tutorial.py
[2025-03-12T21:07:22.135+0000] {processor.py:925} INFO - DAG(s) 'tutorial' retrieved from /home/airflow/.local/lib/python3.12/site-packages/airflow/example_dags/tutorial.py
[2025-03-12T21:07:22.149+0000] {logging_mixin.py:190} INFO - [2025-03-12T21:07:22.149+0000] {dag.py:3239} INFO - Sync 1 DAGs
[2025-03-12T21:07:22.166+0000] {logging_mixin.py:190} INFO - [2025-03-12T21:07:22.166+0000] {dag.py:4180} INFO - Setting next_dagrun for tutorial to 2025-03-11 00:00:00+00:00, run_after=2025-03-12 00:00:00+00:00
[2025-03-12T21:07:22.181+0000] {processor.py:208} INFO - Processing /home/airflow/.local/lib/python3.12/site-packages/airflow/example_dags/tutorial.py took 0.058 seconds
[2025-03-12T21:07:52.556+0000] {processor.py:186} INFO - Started process (PID=2710) to work on /home/airflow/.local/lib/python3.12/site-packages/airflow/example_dags/tutorial.py
[2025-03-12T21:07:52.557+0000] {processor.py:914} INFO - Processing file /home/airflow/.local/lib/python3.12/site-packages/airflow/example_dags/tutorial.py for tasks to queue
[2025-03-12T21:07:52.558+0000] {logging_mixin.py:190} INFO - [2025-03-12T21:07:52.558+0000] {dagbag.py:588} INFO - Filling up the DagBag from /home/airflow/.local/lib/python3.12/site-packages/airflow/example_dags/tutorial.py
[2025-03-12T21:07:52.563+0000] {processor.py:925} INFO - DAG(s) 'tutorial' retrieved from /home/airflow/.local/lib/python3.12/site-packages/airflow/example_dags/tutorial.py
[2025-03-12T21:07:52.578+0000] {logging_mixin.py:190} INFO - [2025-03-12T21:07:52.578+0000] {dag.py:3239} INFO - Sync 1 DAGs
[2025-03-12T21:07:52.598+0000] {logging_mixin.py:190} INFO - [2025-03-12T21:07:52.598+0000] {dag.py:4180} INFO - Setting next_dagrun for tutorial to 2025-03-11 00:00:00+00:00, run_after=2025-03-12 00:00:00+00:00
[2025-03-12T21:07:52.615+0000] {processor.py:208} INFO - Processing /home/airflow/.local/lib/python3.12/site-packages/airflow/example_dags/tutorial.py took 0.064 seconds
[2025-03-12T21:08:22.967+0000] {processor.py:186} INFO - Started process (PID=2773) to work on /home/airflow/.local/lib/python3.12/site-packages/airflow/example_dags/tutorial.py
[2025-03-12T21:08:22.968+0000] {processor.py:914} INFO - Processing file /home/airflow/.local/lib/python3.12/site-packages/airflow/example_dags/tutorial.py for tasks to queue
[2025-03-12T21:08:22.969+0000] {logging_mixin.py:190} INFO - [2025-03-12T21:08:22.969+0000] {dagbag.py:588} INFO - Filling up the DagBag from /home/airflow/.local/lib/python3.12/site-packages/airflow/example_dags/tutorial.py
[2025-03-12T21:08:22.974+0000] {processor.py:925} INFO - DAG(s) 'tutorial' retrieved from /home/airflow/.local/lib/python3.12/site-packages/airflow/example_dags/tutorial.py
[2025-03-12T21:08:22.992+0000] {logging_mixin.py:190} INFO - [2025-03-12T21:08:22.992+0000] {dag.py:3239} INFO - Sync 1 DAGs
[2025-03-12T21:08:23.013+0000] {logging_mixin.py:190} INFO - [2025-03-12T21:08:23.013+0000] {dag.py:4180} INFO - Setting next_dagrun for tutorial to 2025-03-11 00:00:00+00:00, run_after=2025-03-12 00:00:00+00:00
[2025-03-12T21:08:23.028+0000] {processor.py:208} INFO - Processing /home/airflow/.local/lib/python3.12/site-packages/airflow/example_dags/tutorial.py took 0.064 seconds
