[2025-03-12T20:46:25.200+0000] {processor.py:186} INFO - Started process (PID=74) to work on /home/airflow/.local/lib/python3.12/site-packages/airflow/example_dags/tutorial_dag.py
[2025-03-12T20:46:25.200+0000] {processor.py:914} INFO - Processing file /home/airflow/.local/lib/python3.12/site-packages/airflow/example_dags/tutorial_dag.py for tasks to queue
[2025-03-12T20:46:25.202+0000] {logging_mixin.py:190} INFO - [2025-03-12T20:46:25.202+0000] {dagbag.py:588} INFO - Filling up the DagBag from /home/airflow/.local/lib/python3.12/site-packages/airflow/example_dags/tutorial_dag.py
[2025-03-12T20:46:25.210+0000] {processor.py:925} INFO - DAG(s) 'tutorial_dag' retrieved from /home/airflow/.local/lib/python3.12/site-packages/airflow/example_dags/tutorial_dag.py
[2025-03-12T20:46:25.292+0000] {logging_mixin.py:190} INFO - [2025-03-12T20:46:25.291+0000] {override.py:1912} INFO - Created Permission View: can edit on DAG:tutorial_dag
[2025-03-12T20:46:25.303+0000] {logging_mixin.py:190} INFO - [2025-03-12T20:46:25.303+0000] {override.py:1912} INFO - Created Permission View: can read on DAG:tutorial_dag
[2025-03-12T20:46:25.310+0000] {logging_mixin.py:190} INFO - [2025-03-12T20:46:25.310+0000] {override.py:1912} INFO - Created Permission View: can delete on DAG:tutorial_dag
[2025-03-12T20:46:25.319+0000] {logging_mixin.py:190} INFO - [2025-03-12T20:46:25.319+0000] {override.py:1912} INFO - Created Permission View: menu access on DAG Run:tutorial_dag
[2025-03-12T20:46:25.327+0000] {logging_mixin.py:190} INFO - [2025-03-12T20:46:25.327+0000] {override.py:1912} INFO - Created Permission View: can create on DAG Run:tutorial_dag
[2025-03-12T20:46:25.334+0000] {logging_mixin.py:190} INFO - [2025-03-12T20:46:25.334+0000] {override.py:1912} INFO - Created Permission View: can read on DAG Run:tutorial_dag
[2025-03-12T20:46:25.342+0000] {logging_mixin.py:190} INFO - [2025-03-12T20:46:25.342+0000] {override.py:1912} INFO - Created Permission View: can delete on DAG Run:tutorial_dag
[2025-03-12T20:46:25.342+0000] {logging_mixin.py:190} INFO - [2025-03-12T20:46:25.342+0000] {dag.py:3239} INFO - Sync 1 DAGs
[2025-03-12T20:46:25.355+0000] {logging_mixin.py:190} INFO - [2025-03-12T20:46:25.355+0000] {dag.py:3262} INFO - Creating ORM DAG for tutorial_dag
[2025-03-12T20:46:25.356+0000] {logging_mixin.py:190} INFO - [2025-03-12T20:46:25.355+0000] {dag.py:4180} INFO - Setting next_dagrun for tutorial_dag to None, run_after=None
[2025-03-12T20:46:25.372+0000] {processor.py:208} INFO - Processing /home/airflow/.local/lib/python3.12/site-packages/airflow/example_dags/tutorial_dag.py took 0.177 seconds
[2025-03-12T20:46:55.516+0000] {processor.py:186} INFO - Started process (PID=137) to work on /home/airflow/.local/lib/python3.12/site-packages/airflow/example_dags/tutorial_dag.py
[2025-03-12T20:46:55.517+0000] {processor.py:914} INFO - Processing file /home/airflow/.local/lib/python3.12/site-packages/airflow/example_dags/tutorial_dag.py for tasks to queue
[2025-03-12T20:46:55.519+0000] {logging_mixin.py:190} INFO - [2025-03-12T20:46:55.518+0000] {dagbag.py:588} INFO - Filling up the DagBag from /home/airflow/.local/lib/python3.12/site-packages/airflow/example_dags/tutorial_dag.py
[2025-03-12T20:46:55.523+0000] {processor.py:925} INFO - DAG(s) 'tutorial_dag' retrieved from /home/airflow/.local/lib/python3.12/site-packages/airflow/example_dags/tutorial_dag.py
[2025-03-12T20:46:55.539+0000] {logging_mixin.py:190} INFO - [2025-03-12T20:46:55.539+0000] {dag.py:3239} INFO - Sync 1 DAGs
[2025-03-12T20:46:55.552+0000] {logging_mixin.py:190} INFO - [2025-03-12T20:46:55.552+0000] {dag.py:4180} INFO - Setting next_dagrun for tutorial_dag to None, run_after=None
[2025-03-12T20:46:55.569+0000] {processor.py:208} INFO - Processing /home/airflow/.local/lib/python3.12/site-packages/airflow/example_dags/tutorial_dag.py took 0.057 seconds
[2025-03-12T20:47:26.375+0000] {processor.py:186} INFO - Started process (PID=200) to work on /home/airflow/.local/lib/python3.12/site-packages/airflow/example_dags/tutorial_dag.py
[2025-03-12T20:47:26.376+0000] {processor.py:914} INFO - Processing file /home/airflow/.local/lib/python3.12/site-packages/airflow/example_dags/tutorial_dag.py for tasks to queue
[2025-03-12T20:47:26.378+0000] {logging_mixin.py:190} INFO - [2025-03-12T20:47:26.378+0000] {dagbag.py:588} INFO - Filling up the DagBag from /home/airflow/.local/lib/python3.12/site-packages/airflow/example_dags/tutorial_dag.py
[2025-03-12T20:47:26.386+0000] {processor.py:925} INFO - DAG(s) 'tutorial_dag' retrieved from /home/airflow/.local/lib/python3.12/site-packages/airflow/example_dags/tutorial_dag.py
[2025-03-12T20:47:26.405+0000] {logging_mixin.py:190} INFO - [2025-03-12T20:47:26.405+0000] {dag.py:3239} INFO - Sync 1 DAGs
[2025-03-12T20:47:26.419+0000] {logging_mixin.py:190} INFO - [2025-03-12T20:47:26.418+0000] {dag.py:4180} INFO - Setting next_dagrun for tutorial_dag to None, run_after=None
[2025-03-12T20:47:26.443+0000] {processor.py:208} INFO - Processing /home/airflow/.local/lib/python3.12/site-packages/airflow/example_dags/tutorial_dag.py took 0.073 seconds
[2025-03-12T20:47:56.790+0000] {processor.py:186} INFO - Started process (PID=262) to work on /home/airflow/.local/lib/python3.12/site-packages/airflow/example_dags/tutorial_dag.py
[2025-03-12T20:47:56.791+0000] {processor.py:914} INFO - Processing file /home/airflow/.local/lib/python3.12/site-packages/airflow/example_dags/tutorial_dag.py for tasks to queue
[2025-03-12T20:47:56.792+0000] {logging_mixin.py:190} INFO - [2025-03-12T20:47:56.792+0000] {dagbag.py:588} INFO - Filling up the DagBag from /home/airflow/.local/lib/python3.12/site-packages/airflow/example_dags/tutorial_dag.py
[2025-03-12T20:47:56.796+0000] {processor.py:925} INFO - DAG(s) 'tutorial_dag' retrieved from /home/airflow/.local/lib/python3.12/site-packages/airflow/example_dags/tutorial_dag.py
[2025-03-12T20:47:56.810+0000] {logging_mixin.py:190} INFO - [2025-03-12T20:47:56.810+0000] {dag.py:3239} INFO - Sync 1 DAGs
[2025-03-12T20:47:56.821+0000] {logging_mixin.py:190} INFO - [2025-03-12T20:47:56.821+0000] {dag.py:4180} INFO - Setting next_dagrun for tutorial_dag to None, run_after=None
[2025-03-12T20:47:56.836+0000] {processor.py:208} INFO - Processing /home/airflow/.local/lib/python3.12/site-packages/airflow/example_dags/tutorial_dag.py took 0.050 seconds
[2025-03-12T20:48:27.784+0000] {processor.py:186} INFO - Started process (PID=326) to work on /home/airflow/.local/lib/python3.12/site-packages/airflow/example_dags/tutorial_dag.py
[2025-03-12T20:48:27.785+0000] {processor.py:914} INFO - Processing file /home/airflow/.local/lib/python3.12/site-packages/airflow/example_dags/tutorial_dag.py for tasks to queue
[2025-03-12T20:48:27.787+0000] {logging_mixin.py:190} INFO - [2025-03-12T20:48:27.786+0000] {dagbag.py:588} INFO - Filling up the DagBag from /home/airflow/.local/lib/python3.12/site-packages/airflow/example_dags/tutorial_dag.py
[2025-03-12T20:48:27.792+0000] {processor.py:925} INFO - DAG(s) 'tutorial_dag' retrieved from /home/airflow/.local/lib/python3.12/site-packages/airflow/example_dags/tutorial_dag.py
[2025-03-12T20:48:27.808+0000] {logging_mixin.py:190} INFO - [2025-03-12T20:48:27.808+0000] {dag.py:3239} INFO - Sync 1 DAGs
[2025-03-12T20:48:27.820+0000] {logging_mixin.py:190} INFO - [2025-03-12T20:48:27.820+0000] {dag.py:4180} INFO - Setting next_dagrun for tutorial_dag to None, run_after=None
[2025-03-12T20:48:27.835+0000] {processor.py:208} INFO - Processing /home/airflow/.local/lib/python3.12/site-packages/airflow/example_dags/tutorial_dag.py took 0.054 seconds
[2025-03-12T20:48:59.052+0000] {processor.py:186} INFO - Started process (PID=389) to work on /home/airflow/.local/lib/python3.12/site-packages/airflow/example_dags/tutorial_dag.py
[2025-03-12T20:48:59.052+0000] {processor.py:914} INFO - Processing file /home/airflow/.local/lib/python3.12/site-packages/airflow/example_dags/tutorial_dag.py for tasks to queue
[2025-03-12T20:48:59.054+0000] {logging_mixin.py:190} INFO - [2025-03-12T20:48:59.054+0000] {dagbag.py:588} INFO - Filling up the DagBag from /home/airflow/.local/lib/python3.12/site-packages/airflow/example_dags/tutorial_dag.py
[2025-03-12T20:48:59.058+0000] {processor.py:925} INFO - DAG(s) 'tutorial_dag' retrieved from /home/airflow/.local/lib/python3.12/site-packages/airflow/example_dags/tutorial_dag.py
[2025-03-12T20:48:59.077+0000] {logging_mixin.py:190} INFO - [2025-03-12T20:48:59.077+0000] {dag.py:3239} INFO - Sync 1 DAGs
[2025-03-12T20:48:59.088+0000] {logging_mixin.py:190} INFO - [2025-03-12T20:48:59.088+0000] {dag.py:4180} INFO - Setting next_dagrun for tutorial_dag to None, run_after=None
[2025-03-12T20:48:59.106+0000] {processor.py:208} INFO - Processing /home/airflow/.local/lib/python3.12/site-packages/airflow/example_dags/tutorial_dag.py took 0.059 seconds
[2025-03-12T20:49:29.928+0000] {processor.py:186} INFO - Started process (PID=452) to work on /home/airflow/.local/lib/python3.12/site-packages/airflow/example_dags/tutorial_dag.py
[2025-03-12T20:49:29.929+0000] {processor.py:914} INFO - Processing file /home/airflow/.local/lib/python3.12/site-packages/airflow/example_dags/tutorial_dag.py for tasks to queue
[2025-03-12T20:49:29.931+0000] {logging_mixin.py:190} INFO - [2025-03-12T20:49:29.931+0000] {dagbag.py:588} INFO - Filling up the DagBag from /home/airflow/.local/lib/python3.12/site-packages/airflow/example_dags/tutorial_dag.py
[2025-03-12T20:49:29.938+0000] {processor.py:925} INFO - DAG(s) 'tutorial_dag' retrieved from /home/airflow/.local/lib/python3.12/site-packages/airflow/example_dags/tutorial_dag.py
[2025-03-12T20:49:29.955+0000] {logging_mixin.py:190} INFO - [2025-03-12T20:49:29.954+0000] {dag.py:3239} INFO - Sync 1 DAGs
[2025-03-12T20:49:29.967+0000] {logging_mixin.py:190} INFO - [2025-03-12T20:49:29.967+0000] {dag.py:4180} INFO - Setting next_dagrun for tutorial_dag to None, run_after=None
[2025-03-12T20:49:29.983+0000] {processor.py:208} INFO - Processing /home/airflow/.local/lib/python3.12/site-packages/airflow/example_dags/tutorial_dag.py took 0.061 seconds
[2025-03-12T20:50:00.423+0000] {processor.py:186} INFO - Started process (PID=514) to work on /home/airflow/.local/lib/python3.12/site-packages/airflow/example_dags/tutorial_dag.py
[2025-03-12T20:50:00.424+0000] {processor.py:914} INFO - Processing file /home/airflow/.local/lib/python3.12/site-packages/airflow/example_dags/tutorial_dag.py for tasks to queue
[2025-03-12T20:50:00.425+0000] {logging_mixin.py:190} INFO - [2025-03-12T20:50:00.425+0000] {dagbag.py:588} INFO - Filling up the DagBag from /home/airflow/.local/lib/python3.12/site-packages/airflow/example_dags/tutorial_dag.py
[2025-03-12T20:50:00.431+0000] {processor.py:925} INFO - DAG(s) 'tutorial_dag' retrieved from /home/airflow/.local/lib/python3.12/site-packages/airflow/example_dags/tutorial_dag.py
[2025-03-12T20:50:00.446+0000] {logging_mixin.py:190} INFO - [2025-03-12T20:50:00.446+0000] {dag.py:3239} INFO - Sync 1 DAGs
[2025-03-12T20:50:00.457+0000] {logging_mixin.py:190} INFO - [2025-03-12T20:50:00.456+0000] {dag.py:4180} INFO - Setting next_dagrun for tutorial_dag to None, run_after=None
[2025-03-12T20:50:00.471+0000] {processor.py:208} INFO - Processing /home/airflow/.local/lib/python3.12/site-packages/airflow/example_dags/tutorial_dag.py took 0.053 seconds
[2025-03-12T20:50:31.154+0000] {processor.py:186} INFO - Started process (PID=577) to work on /home/airflow/.local/lib/python3.12/site-packages/airflow/example_dags/tutorial_dag.py
[2025-03-12T20:50:31.155+0000] {processor.py:914} INFO - Processing file /home/airflow/.local/lib/python3.12/site-packages/airflow/example_dags/tutorial_dag.py for tasks to queue
[2025-03-12T20:50:31.157+0000] {logging_mixin.py:190} INFO - [2025-03-12T20:50:31.156+0000] {dagbag.py:588} INFO - Filling up the DagBag from /home/airflow/.local/lib/python3.12/site-packages/airflow/example_dags/tutorial_dag.py
[2025-03-12T20:50:31.162+0000] {processor.py:925} INFO - DAG(s) 'tutorial_dag' retrieved from /home/airflow/.local/lib/python3.12/site-packages/airflow/example_dags/tutorial_dag.py
[2025-03-12T20:50:31.177+0000] {logging_mixin.py:190} INFO - [2025-03-12T20:50:31.177+0000] {dag.py:3239} INFO - Sync 1 DAGs
[2025-03-12T20:50:31.185+0000] {logging_mixin.py:190} INFO - [2025-03-12T20:50:31.185+0000] {dag.py:4180} INFO - Setting next_dagrun for tutorial_dag to None, run_after=None
[2025-03-12T20:50:31.200+0000] {processor.py:208} INFO - Processing /home/airflow/.local/lib/python3.12/site-packages/airflow/example_dags/tutorial_dag.py took 0.051 seconds
[2025-03-12T20:51:01.501+0000] {processor.py:186} INFO - Started process (PID=640) to work on /home/airflow/.local/lib/python3.12/site-packages/airflow/example_dags/tutorial_dag.py
[2025-03-12T20:51:01.502+0000] {processor.py:914} INFO - Processing file /home/airflow/.local/lib/python3.12/site-packages/airflow/example_dags/tutorial_dag.py for tasks to queue
[2025-03-12T20:51:01.503+0000] {logging_mixin.py:190} INFO - [2025-03-12T20:51:01.503+0000] {dagbag.py:588} INFO - Filling up the DagBag from /home/airflow/.local/lib/python3.12/site-packages/airflow/example_dags/tutorial_dag.py
[2025-03-12T20:51:01.507+0000] {processor.py:925} INFO - DAG(s) 'tutorial_dag' retrieved from /home/airflow/.local/lib/python3.12/site-packages/airflow/example_dags/tutorial_dag.py
[2025-03-12T20:51:01.522+0000] {logging_mixin.py:190} INFO - [2025-03-12T20:51:01.522+0000] {dag.py:3239} INFO - Sync 1 DAGs
[2025-03-12T20:51:01.531+0000] {logging_mixin.py:190} INFO - [2025-03-12T20:51:01.530+0000] {dag.py:4180} INFO - Setting next_dagrun for tutorial_dag to None, run_after=None
[2025-03-12T20:51:01.545+0000] {processor.py:208} INFO - Processing /home/airflow/.local/lib/python3.12/site-packages/airflow/example_dags/tutorial_dag.py took 0.048 seconds
[2025-03-12T20:51:32.102+0000] {processor.py:186} INFO - Started process (PID=703) to work on /home/airflow/.local/lib/python3.12/site-packages/airflow/example_dags/tutorial_dag.py
[2025-03-12T20:51:32.103+0000] {processor.py:914} INFO - Processing file /home/airflow/.local/lib/python3.12/site-packages/airflow/example_dags/tutorial_dag.py for tasks to queue
[2025-03-12T20:51:32.104+0000] {logging_mixin.py:190} INFO - [2025-03-12T20:51:32.104+0000] {dagbag.py:588} INFO - Filling up the DagBag from /home/airflow/.local/lib/python3.12/site-packages/airflow/example_dags/tutorial_dag.py
[2025-03-12T20:51:32.109+0000] {processor.py:925} INFO - DAG(s) 'tutorial_dag' retrieved from /home/airflow/.local/lib/python3.12/site-packages/airflow/example_dags/tutorial_dag.py
[2025-03-12T20:51:32.125+0000] {logging_mixin.py:190} INFO - [2025-03-12T20:51:32.125+0000] {dag.py:3239} INFO - Sync 1 DAGs
[2025-03-12T20:51:32.138+0000] {logging_mixin.py:190} INFO - [2025-03-12T20:51:32.137+0000] {dag.py:4180} INFO - Setting next_dagrun for tutorial_dag to None, run_after=None
[2025-03-12T20:51:32.153+0000] {processor.py:208} INFO - Processing /home/airflow/.local/lib/python3.12/site-packages/airflow/example_dags/tutorial_dag.py took 0.055 seconds
[2025-03-12T20:52:03.190+0000] {processor.py:186} INFO - Started process (PID=766) to work on /home/airflow/.local/lib/python3.12/site-packages/airflow/example_dags/tutorial_dag.py
[2025-03-12T20:52:03.190+0000] {processor.py:914} INFO - Processing file /home/airflow/.local/lib/python3.12/site-packages/airflow/example_dags/tutorial_dag.py for tasks to queue
[2025-03-12T20:52:03.191+0000] {logging_mixin.py:190} INFO - [2025-03-12T20:52:03.191+0000] {dagbag.py:588} INFO - Filling up the DagBag from /home/airflow/.local/lib/python3.12/site-packages/airflow/example_dags/tutorial_dag.py
[2025-03-12T20:52:03.195+0000] {processor.py:925} INFO - DAG(s) 'tutorial_dag' retrieved from /home/airflow/.local/lib/python3.12/site-packages/airflow/example_dags/tutorial_dag.py
[2025-03-12T20:52:03.206+0000] {logging_mixin.py:190} INFO - [2025-03-12T20:52:03.206+0000] {dag.py:3239} INFO - Sync 1 DAGs
[2025-03-12T20:52:03.216+0000] {logging_mixin.py:190} INFO - [2025-03-12T20:52:03.216+0000] {dag.py:4180} INFO - Setting next_dagrun for tutorial_dag to None, run_after=None
[2025-03-12T20:52:03.231+0000] {processor.py:208} INFO - Processing /home/airflow/.local/lib/python3.12/site-packages/airflow/example_dags/tutorial_dag.py took 0.045 seconds
[2025-03-12T20:52:33.700+0000] {processor.py:186} INFO - Started process (PID=829) to work on /home/airflow/.local/lib/python3.12/site-packages/airflow/example_dags/tutorial_dag.py
[2025-03-12T20:52:33.701+0000] {processor.py:914} INFO - Processing file /home/airflow/.local/lib/python3.12/site-packages/airflow/example_dags/tutorial_dag.py for tasks to queue
[2025-03-12T20:52:33.702+0000] {logging_mixin.py:190} INFO - [2025-03-12T20:52:33.702+0000] {dagbag.py:588} INFO - Filling up the DagBag from /home/airflow/.local/lib/python3.12/site-packages/airflow/example_dags/tutorial_dag.py
[2025-03-12T20:52:33.707+0000] {processor.py:925} INFO - DAG(s) 'tutorial_dag' retrieved from /home/airflow/.local/lib/python3.12/site-packages/airflow/example_dags/tutorial_dag.py
[2025-03-12T20:52:33.723+0000] {logging_mixin.py:190} INFO - [2025-03-12T20:52:33.723+0000] {dag.py:3239} INFO - Sync 1 DAGs
[2025-03-12T20:52:33.735+0000] {logging_mixin.py:190} INFO - [2025-03-12T20:52:33.735+0000] {dag.py:4180} INFO - Setting next_dagrun for tutorial_dag to None, run_after=None
[2025-03-12T20:52:33.752+0000] {processor.py:208} INFO - Processing /home/airflow/.local/lib/python3.12/site-packages/airflow/example_dags/tutorial_dag.py took 0.056 seconds
[2025-03-12T20:53:04.656+0000] {processor.py:186} INFO - Started process (PID=893) to work on /home/airflow/.local/lib/python3.12/site-packages/airflow/example_dags/tutorial_dag.py
[2025-03-12T20:53:04.656+0000] {processor.py:914} INFO - Processing file /home/airflow/.local/lib/python3.12/site-packages/airflow/example_dags/tutorial_dag.py for tasks to queue
[2025-03-12T20:53:04.658+0000] {logging_mixin.py:190} INFO - [2025-03-12T20:53:04.658+0000] {dagbag.py:588} INFO - Filling up the DagBag from /home/airflow/.local/lib/python3.12/site-packages/airflow/example_dags/tutorial_dag.py
[2025-03-12T20:53:04.662+0000] {processor.py:925} INFO - DAG(s) 'tutorial_dag' retrieved from /home/airflow/.local/lib/python3.12/site-packages/airflow/example_dags/tutorial_dag.py
[2025-03-12T20:53:04.678+0000] {logging_mixin.py:190} INFO - [2025-03-12T20:53:04.678+0000] {dag.py:3239} INFO - Sync 1 DAGs
[2025-03-12T20:53:04.690+0000] {logging_mixin.py:190} INFO - [2025-03-12T20:53:04.690+0000] {dag.py:4180} INFO - Setting next_dagrun for tutorial_dag to None, run_after=None
[2025-03-12T20:53:04.707+0000] {processor.py:208} INFO - Processing /home/airflow/.local/lib/python3.12/site-packages/airflow/example_dags/tutorial_dag.py took 0.055 seconds
[2025-03-12T20:53:35.296+0000] {processor.py:186} INFO - Started process (PID=955) to work on /home/airflow/.local/lib/python3.12/site-packages/airflow/example_dags/tutorial_dag.py
[2025-03-12T20:53:35.297+0000] {processor.py:914} INFO - Processing file /home/airflow/.local/lib/python3.12/site-packages/airflow/example_dags/tutorial_dag.py for tasks to queue
[2025-03-12T20:53:35.298+0000] {logging_mixin.py:190} INFO - [2025-03-12T20:53:35.298+0000] {dagbag.py:588} INFO - Filling up the DagBag from /home/airflow/.local/lib/python3.12/site-packages/airflow/example_dags/tutorial_dag.py
[2025-03-12T20:53:35.304+0000] {processor.py:925} INFO - DAG(s) 'tutorial_dag' retrieved from /home/airflow/.local/lib/python3.12/site-packages/airflow/example_dags/tutorial_dag.py
[2025-03-12T20:53:35.320+0000] {logging_mixin.py:190} INFO - [2025-03-12T20:53:35.319+0000] {dag.py:3239} INFO - Sync 1 DAGs
[2025-03-12T20:53:35.331+0000] {logging_mixin.py:190} INFO - [2025-03-12T20:53:35.331+0000] {dag.py:4180} INFO - Setting next_dagrun for tutorial_dag to None, run_after=None
[2025-03-12T20:53:35.346+0000] {processor.py:208} INFO - Processing /home/airflow/.local/lib/python3.12/site-packages/airflow/example_dags/tutorial_dag.py took 0.054 seconds
[2025-03-12T20:54:05.729+0000] {processor.py:186} INFO - Started process (PID=1018) to work on /home/airflow/.local/lib/python3.12/site-packages/airflow/example_dags/tutorial_dag.py
[2025-03-12T20:54:05.730+0000] {processor.py:914} INFO - Processing file /home/airflow/.local/lib/python3.12/site-packages/airflow/example_dags/tutorial_dag.py for tasks to queue
[2025-03-12T20:54:05.731+0000] {logging_mixin.py:190} INFO - [2025-03-12T20:54:05.731+0000] {dagbag.py:588} INFO - Filling up the DagBag from /home/airflow/.local/lib/python3.12/site-packages/airflow/example_dags/tutorial_dag.py
[2025-03-12T20:54:05.735+0000] {processor.py:925} INFO - DAG(s) 'tutorial_dag' retrieved from /home/airflow/.local/lib/python3.12/site-packages/airflow/example_dags/tutorial_dag.py
[2025-03-12T20:54:05.750+0000] {logging_mixin.py:190} INFO - [2025-03-12T20:54:05.750+0000] {dag.py:3239} INFO - Sync 1 DAGs
[2025-03-12T20:54:05.761+0000] {logging_mixin.py:190} INFO - [2025-03-12T20:54:05.761+0000] {dag.py:4180} INFO - Setting next_dagrun for tutorial_dag to None, run_after=None
[2025-03-12T20:54:05.776+0000] {processor.py:208} INFO - Processing /home/airflow/.local/lib/python3.12/site-packages/airflow/example_dags/tutorial_dag.py took 0.050 seconds
[2025-03-12T20:54:36.522+0000] {processor.py:186} INFO - Started process (PID=1081) to work on /home/airflow/.local/lib/python3.12/site-packages/airflow/example_dags/tutorial_dag.py
[2025-03-12T20:54:36.523+0000] {processor.py:914} INFO - Processing file /home/airflow/.local/lib/python3.12/site-packages/airflow/example_dags/tutorial_dag.py for tasks to queue
[2025-03-12T20:54:36.524+0000] {logging_mixin.py:190} INFO - [2025-03-12T20:54:36.524+0000] {dagbag.py:588} INFO - Filling up the DagBag from /home/airflow/.local/lib/python3.12/site-packages/airflow/example_dags/tutorial_dag.py
[2025-03-12T20:54:36.528+0000] {processor.py:925} INFO - DAG(s) 'tutorial_dag' retrieved from /home/airflow/.local/lib/python3.12/site-packages/airflow/example_dags/tutorial_dag.py
[2025-03-12T20:54:36.542+0000] {logging_mixin.py:190} INFO - [2025-03-12T20:54:36.542+0000] {dag.py:3239} INFO - Sync 1 DAGs
[2025-03-12T20:54:36.551+0000] {logging_mixin.py:190} INFO - [2025-03-12T20:54:36.551+0000] {dag.py:4180} INFO - Setting next_dagrun for tutorial_dag to None, run_after=None
[2025-03-12T20:54:36.565+0000] {processor.py:208} INFO - Processing /home/airflow/.local/lib/python3.12/site-packages/airflow/example_dags/tutorial_dag.py took 0.047 seconds
[2025-03-12T20:55:07.285+0000] {processor.py:186} INFO - Started process (PID=1144) to work on /home/airflow/.local/lib/python3.12/site-packages/airflow/example_dags/tutorial_dag.py
[2025-03-12T20:55:07.286+0000] {processor.py:914} INFO - Processing file /home/airflow/.local/lib/python3.12/site-packages/airflow/example_dags/tutorial_dag.py for tasks to queue
[2025-03-12T20:55:07.288+0000] {logging_mixin.py:190} INFO - [2025-03-12T20:55:07.288+0000] {dagbag.py:588} INFO - Filling up the DagBag from /home/airflow/.local/lib/python3.12/site-packages/airflow/example_dags/tutorial_dag.py
[2025-03-12T20:55:07.294+0000] {processor.py:925} INFO - DAG(s) 'tutorial_dag' retrieved from /home/airflow/.local/lib/python3.12/site-packages/airflow/example_dags/tutorial_dag.py
[2025-03-12T20:55:07.309+0000] {logging_mixin.py:190} INFO - [2025-03-12T20:55:07.309+0000] {dag.py:3239} INFO - Sync 1 DAGs
[2025-03-12T20:55:07.321+0000] {logging_mixin.py:190} INFO - [2025-03-12T20:55:07.321+0000] {dag.py:4180} INFO - Setting next_dagrun for tutorial_dag to None, run_after=None
[2025-03-12T20:55:07.334+0000] {processor.py:208} INFO - Processing /home/airflow/.local/lib/python3.12/site-packages/airflow/example_dags/tutorial_dag.py took 0.054 seconds
[2025-03-12T20:55:38.383+0000] {processor.py:186} INFO - Started process (PID=1207) to work on /home/airflow/.local/lib/python3.12/site-packages/airflow/example_dags/tutorial_dag.py
[2025-03-12T20:55:38.384+0000] {processor.py:914} INFO - Processing file /home/airflow/.local/lib/python3.12/site-packages/airflow/example_dags/tutorial_dag.py for tasks to queue
[2025-03-12T20:55:38.386+0000] {logging_mixin.py:190} INFO - [2025-03-12T20:55:38.385+0000] {dagbag.py:588} INFO - Filling up the DagBag from /home/airflow/.local/lib/python3.12/site-packages/airflow/example_dags/tutorial_dag.py
[2025-03-12T20:55:38.392+0000] {processor.py:925} INFO - DAG(s) 'tutorial_dag' retrieved from /home/airflow/.local/lib/python3.12/site-packages/airflow/example_dags/tutorial_dag.py
[2025-03-12T20:55:38.408+0000] {logging_mixin.py:190} INFO - [2025-03-12T20:55:38.408+0000] {dag.py:3239} INFO - Sync 1 DAGs
[2025-03-12T20:55:38.419+0000] {logging_mixin.py:190} INFO - [2025-03-12T20:55:38.419+0000] {dag.py:4180} INFO - Setting next_dagrun for tutorial_dag to None, run_after=None
[2025-03-12T20:55:38.434+0000] {processor.py:208} INFO - Processing /home/airflow/.local/lib/python3.12/site-packages/airflow/example_dags/tutorial_dag.py took 0.055 seconds
[2025-03-12T20:56:09.307+0000] {processor.py:186} INFO - Started process (PID=1270) to work on /home/airflow/.local/lib/python3.12/site-packages/airflow/example_dags/tutorial_dag.py
[2025-03-12T20:56:09.308+0000] {processor.py:914} INFO - Processing file /home/airflow/.local/lib/python3.12/site-packages/airflow/example_dags/tutorial_dag.py for tasks to queue
[2025-03-12T20:56:09.310+0000] {logging_mixin.py:190} INFO - [2025-03-12T20:56:09.309+0000] {dagbag.py:588} INFO - Filling up the DagBag from /home/airflow/.local/lib/python3.12/site-packages/airflow/example_dags/tutorial_dag.py
[2025-03-12T20:56:09.316+0000] {processor.py:925} INFO - DAG(s) 'tutorial_dag' retrieved from /home/airflow/.local/lib/python3.12/site-packages/airflow/example_dags/tutorial_dag.py
[2025-03-12T20:56:09.331+0000] {logging_mixin.py:190} INFO - [2025-03-12T20:56:09.330+0000] {dag.py:3239} INFO - Sync 1 DAGs
[2025-03-12T20:56:09.343+0000] {logging_mixin.py:190} INFO - [2025-03-12T20:56:09.343+0000] {dag.py:4180} INFO - Setting next_dagrun for tutorial_dag to None, run_after=None
[2025-03-12T20:56:09.359+0000] {processor.py:208} INFO - Processing /home/airflow/.local/lib/python3.12/site-packages/airflow/example_dags/tutorial_dag.py took 0.057 seconds
[2025-03-12T20:56:39.981+0000] {processor.py:186} INFO - Started process (PID=1333) to work on /home/airflow/.local/lib/python3.12/site-packages/airflow/example_dags/tutorial_dag.py
[2025-03-12T20:56:39.982+0000] {processor.py:914} INFO - Processing file /home/airflow/.local/lib/python3.12/site-packages/airflow/example_dags/tutorial_dag.py for tasks to queue
[2025-03-12T20:56:39.983+0000] {logging_mixin.py:190} INFO - [2025-03-12T20:56:39.983+0000] {dagbag.py:588} INFO - Filling up the DagBag from /home/airflow/.local/lib/python3.12/site-packages/airflow/example_dags/tutorial_dag.py
[2025-03-12T20:56:39.988+0000] {processor.py:925} INFO - DAG(s) 'tutorial_dag' retrieved from /home/airflow/.local/lib/python3.12/site-packages/airflow/example_dags/tutorial_dag.py
[2025-03-12T20:56:40.003+0000] {logging_mixin.py:190} INFO - [2025-03-12T20:56:40.003+0000] {dag.py:3239} INFO - Sync 1 DAGs
[2025-03-12T20:56:40.013+0000] {logging_mixin.py:190} INFO - [2025-03-12T20:56:40.012+0000] {dag.py:4180} INFO - Setting next_dagrun for tutorial_dag to None, run_after=None
[2025-03-12T20:56:40.027+0000] {processor.py:208} INFO - Processing /home/airflow/.local/lib/python3.12/site-packages/airflow/example_dags/tutorial_dag.py took 0.049 seconds
[2025-03-12T20:57:10.559+0000] {processor.py:186} INFO - Started process (PID=1396) to work on /home/airflow/.local/lib/python3.12/site-packages/airflow/example_dags/tutorial_dag.py
[2025-03-12T20:57:10.560+0000] {processor.py:914} INFO - Processing file /home/airflow/.local/lib/python3.12/site-packages/airflow/example_dags/tutorial_dag.py for tasks to queue
[2025-03-12T20:57:10.561+0000] {logging_mixin.py:190} INFO - [2025-03-12T20:57:10.561+0000] {dagbag.py:588} INFO - Filling up the DagBag from /home/airflow/.local/lib/python3.12/site-packages/airflow/example_dags/tutorial_dag.py
[2025-03-12T20:57:10.566+0000] {processor.py:925} INFO - DAG(s) 'tutorial_dag' retrieved from /home/airflow/.local/lib/python3.12/site-packages/airflow/example_dags/tutorial_dag.py
[2025-03-12T20:57:10.584+0000] {logging_mixin.py:190} INFO - [2025-03-12T20:57:10.583+0000] {dag.py:3239} INFO - Sync 1 DAGs
[2025-03-12T20:57:10.595+0000] {logging_mixin.py:190} INFO - [2025-03-12T20:57:10.595+0000] {dag.py:4180} INFO - Setting next_dagrun for tutorial_dag to None, run_after=None
[2025-03-12T20:57:10.611+0000] {processor.py:208} INFO - Processing /home/airflow/.local/lib/python3.12/site-packages/airflow/example_dags/tutorial_dag.py took 0.056 seconds
[2025-03-12T20:57:41.551+0000] {processor.py:186} INFO - Started process (PID=1460) to work on /home/airflow/.local/lib/python3.12/site-packages/airflow/example_dags/tutorial_dag.py
[2025-03-12T20:57:41.552+0000] {processor.py:914} INFO - Processing file /home/airflow/.local/lib/python3.12/site-packages/airflow/example_dags/tutorial_dag.py for tasks to queue
[2025-03-12T20:57:41.553+0000] {logging_mixin.py:190} INFO - [2025-03-12T20:57:41.553+0000] {dagbag.py:588} INFO - Filling up the DagBag from /home/airflow/.local/lib/python3.12/site-packages/airflow/example_dags/tutorial_dag.py
[2025-03-12T20:57:41.558+0000] {processor.py:925} INFO - DAG(s) 'tutorial_dag' retrieved from /home/airflow/.local/lib/python3.12/site-packages/airflow/example_dags/tutorial_dag.py
[2025-03-12T20:57:41.578+0000] {logging_mixin.py:190} INFO - [2025-03-12T20:57:41.578+0000] {dag.py:3239} INFO - Sync 1 DAGs
[2025-03-12T20:57:41.590+0000] {logging_mixin.py:190} INFO - [2025-03-12T20:57:41.590+0000] {dag.py:4180} INFO - Setting next_dagrun for tutorial_dag to None, run_after=None
[2025-03-12T20:57:41.607+0000] {processor.py:208} INFO - Processing /home/airflow/.local/lib/python3.12/site-packages/airflow/example_dags/tutorial_dag.py took 0.061 seconds
[2025-03-12T20:58:12.541+0000] {processor.py:186} INFO - Started process (PID=1523) to work on /home/airflow/.local/lib/python3.12/site-packages/airflow/example_dags/tutorial_dag.py
[2025-03-12T20:58:12.543+0000] {processor.py:914} INFO - Processing file /home/airflow/.local/lib/python3.12/site-packages/airflow/example_dags/tutorial_dag.py for tasks to queue
[2025-03-12T20:58:12.544+0000] {logging_mixin.py:190} INFO - [2025-03-12T20:58:12.544+0000] {dagbag.py:588} INFO - Filling up the DagBag from /home/airflow/.local/lib/python3.12/site-packages/airflow/example_dags/tutorial_dag.py
[2025-03-12T20:58:12.551+0000] {processor.py:925} INFO - DAG(s) 'tutorial_dag' retrieved from /home/airflow/.local/lib/python3.12/site-packages/airflow/example_dags/tutorial_dag.py
[2025-03-12T20:58:12.574+0000] {logging_mixin.py:190} INFO - [2025-03-12T20:58:12.574+0000] {dag.py:3239} INFO - Sync 1 DAGs
[2025-03-12T20:58:12.591+0000] {logging_mixin.py:190} INFO - [2025-03-12T20:58:12.591+0000] {dag.py:4180} INFO - Setting next_dagrun for tutorial_dag to None, run_after=None
[2025-03-12T20:58:12.615+0000] {processor.py:208} INFO - Processing /home/airflow/.local/lib/python3.12/site-packages/airflow/example_dags/tutorial_dag.py took 0.080 seconds
[2025-03-12T20:58:43.566+0000] {processor.py:186} INFO - Started process (PID=1586) to work on /home/airflow/.local/lib/python3.12/site-packages/airflow/example_dags/tutorial_dag.py
[2025-03-12T20:58:43.567+0000] {processor.py:914} INFO - Processing file /home/airflow/.local/lib/python3.12/site-packages/airflow/example_dags/tutorial_dag.py for tasks to queue
[2025-03-12T20:58:43.570+0000] {logging_mixin.py:190} INFO - [2025-03-12T20:58:43.569+0000] {dagbag.py:588} INFO - Filling up the DagBag from /home/airflow/.local/lib/python3.12/site-packages/airflow/example_dags/tutorial_dag.py
[2025-03-12T20:58:43.580+0000] {processor.py:925} INFO - DAG(s) 'tutorial_dag' retrieved from /home/airflow/.local/lib/python3.12/site-packages/airflow/example_dags/tutorial_dag.py
[2025-03-12T20:58:43.604+0000] {logging_mixin.py:190} INFO - [2025-03-12T20:58:43.604+0000] {dag.py:3239} INFO - Sync 1 DAGs
[2025-03-12T20:58:43.616+0000] {logging_mixin.py:190} INFO - [2025-03-12T20:58:43.616+0000] {dag.py:4180} INFO - Setting next_dagrun for tutorial_dag to None, run_after=None
[2025-03-12T20:58:43.630+0000] {processor.py:208} INFO - Processing /home/airflow/.local/lib/python3.12/site-packages/airflow/example_dags/tutorial_dag.py took 0.071 seconds
[2025-03-12T20:59:14.195+0000] {processor.py:186} INFO - Started process (PID=1648) to work on /home/airflow/.local/lib/python3.12/site-packages/airflow/example_dags/tutorial_dag.py
[2025-03-12T20:59:14.196+0000] {processor.py:914} INFO - Processing file /home/airflow/.local/lib/python3.12/site-packages/airflow/example_dags/tutorial_dag.py for tasks to queue
[2025-03-12T20:59:14.198+0000] {logging_mixin.py:190} INFO - [2025-03-12T20:59:14.198+0000] {dagbag.py:588} INFO - Filling up the DagBag from /home/airflow/.local/lib/python3.12/site-packages/airflow/example_dags/tutorial_dag.py
[2025-03-12T20:59:14.204+0000] {processor.py:925} INFO - DAG(s) 'tutorial_dag' retrieved from /home/airflow/.local/lib/python3.12/site-packages/airflow/example_dags/tutorial_dag.py
[2025-03-12T20:59:14.222+0000] {logging_mixin.py:190} INFO - [2025-03-12T20:59:14.222+0000] {dag.py:3239} INFO - Sync 1 DAGs
[2025-03-12T20:59:14.232+0000] {logging_mixin.py:190} INFO - [2025-03-12T20:59:14.232+0000] {dag.py:4180} INFO - Setting next_dagrun for tutorial_dag to None, run_after=None
[2025-03-12T20:59:14.247+0000] {processor.py:208} INFO - Processing /home/airflow/.local/lib/python3.12/site-packages/airflow/example_dags/tutorial_dag.py took 0.058 seconds
[2025-03-12T20:59:44.838+0000] {processor.py:186} INFO - Started process (PID=1711) to work on /home/airflow/.local/lib/python3.12/site-packages/airflow/example_dags/tutorial_dag.py
[2025-03-12T20:59:44.839+0000] {processor.py:914} INFO - Processing file /home/airflow/.local/lib/python3.12/site-packages/airflow/example_dags/tutorial_dag.py for tasks to queue
[2025-03-12T20:59:44.841+0000] {logging_mixin.py:190} INFO - [2025-03-12T20:59:44.841+0000] {dagbag.py:588} INFO - Filling up the DagBag from /home/airflow/.local/lib/python3.12/site-packages/airflow/example_dags/tutorial_dag.py
[2025-03-12T20:59:44.846+0000] {processor.py:925} INFO - DAG(s) 'tutorial_dag' retrieved from /home/airflow/.local/lib/python3.12/site-packages/airflow/example_dags/tutorial_dag.py
[2025-03-12T20:59:44.863+0000] {logging_mixin.py:190} INFO - [2025-03-12T20:59:44.863+0000] {dag.py:3239} INFO - Sync 1 DAGs
[2025-03-12T20:59:44.875+0000] {logging_mixin.py:190} INFO - [2025-03-12T20:59:44.875+0000] {dag.py:4180} INFO - Setting next_dagrun for tutorial_dag to None, run_after=None
[2025-03-12T20:59:44.892+0000] {processor.py:208} INFO - Processing /home/airflow/.local/lib/python3.12/site-packages/airflow/example_dags/tutorial_dag.py took 0.057 seconds
[2025-03-12T21:00:15.408+0000] {processor.py:186} INFO - Started process (PID=1774) to work on /home/airflow/.local/lib/python3.12/site-packages/airflow/example_dags/tutorial_dag.py
[2025-03-12T21:00:15.409+0000] {processor.py:914} INFO - Processing file /home/airflow/.local/lib/python3.12/site-packages/airflow/example_dags/tutorial_dag.py for tasks to queue
[2025-03-12T21:00:15.410+0000] {logging_mixin.py:190} INFO - [2025-03-12T21:00:15.410+0000] {dagbag.py:588} INFO - Filling up the DagBag from /home/airflow/.local/lib/python3.12/site-packages/airflow/example_dags/tutorial_dag.py
[2025-03-12T21:00:15.414+0000] {processor.py:925} INFO - DAG(s) 'tutorial_dag' retrieved from /home/airflow/.local/lib/python3.12/site-packages/airflow/example_dags/tutorial_dag.py
[2025-03-12T21:00:15.428+0000] {logging_mixin.py:190} INFO - [2025-03-12T21:00:15.428+0000] {dag.py:3239} INFO - Sync 1 DAGs
[2025-03-12T21:00:15.437+0000] {logging_mixin.py:190} INFO - [2025-03-12T21:00:15.437+0000] {dag.py:4180} INFO - Setting next_dagrun for tutorial_dag to None, run_after=None
[2025-03-12T21:00:15.453+0000] {processor.py:208} INFO - Processing /home/airflow/.local/lib/python3.12/site-packages/airflow/example_dags/tutorial_dag.py took 0.048 seconds
[2025-03-12T21:00:46.271+0000] {processor.py:186} INFO - Started process (PID=1837) to work on /home/airflow/.local/lib/python3.12/site-packages/airflow/example_dags/tutorial_dag.py
[2025-03-12T21:00:46.272+0000] {processor.py:914} INFO - Processing file /home/airflow/.local/lib/python3.12/site-packages/airflow/example_dags/tutorial_dag.py for tasks to queue
[2025-03-12T21:00:46.273+0000] {logging_mixin.py:190} INFO - [2025-03-12T21:00:46.273+0000] {dagbag.py:588} INFO - Filling up the DagBag from /home/airflow/.local/lib/python3.12/site-packages/airflow/example_dags/tutorial_dag.py
[2025-03-12T21:00:46.278+0000] {processor.py:925} INFO - DAG(s) 'tutorial_dag' retrieved from /home/airflow/.local/lib/python3.12/site-packages/airflow/example_dags/tutorial_dag.py
[2025-03-12T21:00:46.294+0000] {logging_mixin.py:190} INFO - [2025-03-12T21:00:46.293+0000] {dag.py:3239} INFO - Sync 1 DAGs
[2025-03-12T21:00:46.306+0000] {logging_mixin.py:190} INFO - [2025-03-12T21:00:46.306+0000] {dag.py:4180} INFO - Setting next_dagrun for tutorial_dag to None, run_after=None
[2025-03-12T21:00:46.321+0000] {processor.py:208} INFO - Processing /home/airflow/.local/lib/python3.12/site-packages/airflow/example_dags/tutorial_dag.py took 0.055 seconds
[2025-03-12T21:01:16.995+0000] {processor.py:186} INFO - Started process (PID=1900) to work on /home/airflow/.local/lib/python3.12/site-packages/airflow/example_dags/tutorial_dag.py
[2025-03-12T21:01:16.996+0000] {processor.py:914} INFO - Processing file /home/airflow/.local/lib/python3.12/site-packages/airflow/example_dags/tutorial_dag.py for tasks to queue
[2025-03-12T21:01:16.998+0000] {logging_mixin.py:190} INFO - [2025-03-12T21:01:16.997+0000] {dagbag.py:588} INFO - Filling up the DagBag from /home/airflow/.local/lib/python3.12/site-packages/airflow/example_dags/tutorial_dag.py
[2025-03-12T21:01:17.005+0000] {processor.py:925} INFO - DAG(s) 'tutorial_dag' retrieved from /home/airflow/.local/lib/python3.12/site-packages/airflow/example_dags/tutorial_dag.py
[2025-03-12T21:01:17.026+0000] {logging_mixin.py:190} INFO - [2025-03-12T21:01:17.025+0000] {dag.py:3239} INFO - Sync 1 DAGs
[2025-03-12T21:01:17.041+0000] {logging_mixin.py:190} INFO - [2025-03-12T21:01:17.041+0000] {dag.py:4180} INFO - Setting next_dagrun for tutorial_dag to None, run_after=None
[2025-03-12T21:01:17.064+0000] {processor.py:208} INFO - Processing /home/airflow/.local/lib/python3.12/site-packages/airflow/example_dags/tutorial_dag.py took 0.074 seconds
[2025-03-12T21:01:48.140+0000] {processor.py:186} INFO - Started process (PID=1963) to work on /home/airflow/.local/lib/python3.12/site-packages/airflow/example_dags/tutorial_dag.py
[2025-03-12T21:01:48.141+0000] {processor.py:914} INFO - Processing file /home/airflow/.local/lib/python3.12/site-packages/airflow/example_dags/tutorial_dag.py for tasks to queue
[2025-03-12T21:01:48.142+0000] {logging_mixin.py:190} INFO - [2025-03-12T21:01:48.142+0000] {dagbag.py:588} INFO - Filling up the DagBag from /home/airflow/.local/lib/python3.12/site-packages/airflow/example_dags/tutorial_dag.py
[2025-03-12T21:01:48.151+0000] {processor.py:925} INFO - DAG(s) 'tutorial_dag' retrieved from /home/airflow/.local/lib/python3.12/site-packages/airflow/example_dags/tutorial_dag.py
[2025-03-12T21:01:48.170+0000] {logging_mixin.py:190} INFO - [2025-03-12T21:01:48.170+0000] {dag.py:3239} INFO - Sync 1 DAGs
[2025-03-12T21:01:48.190+0000] {logging_mixin.py:190} INFO - [2025-03-12T21:01:48.189+0000] {dag.py:4180} INFO - Setting next_dagrun for tutorial_dag to None, run_after=None
[2025-03-12T21:01:48.215+0000] {processor.py:208} INFO - Processing /home/airflow/.local/lib/python3.12/site-packages/airflow/example_dags/tutorial_dag.py took 0.083 seconds
[2025-03-12T21:02:18.869+0000] {processor.py:186} INFO - Started process (PID=2026) to work on /home/airflow/.local/lib/python3.12/site-packages/airflow/example_dags/tutorial_dag.py
[2025-03-12T21:02:18.871+0000] {processor.py:914} INFO - Processing file /home/airflow/.local/lib/python3.12/site-packages/airflow/example_dags/tutorial_dag.py for tasks to queue
[2025-03-12T21:02:18.872+0000] {logging_mixin.py:190} INFO - [2025-03-12T21:02:18.872+0000] {dagbag.py:588} INFO - Filling up the DagBag from /home/airflow/.local/lib/python3.12/site-packages/airflow/example_dags/tutorial_dag.py
[2025-03-12T21:02:18.879+0000] {processor.py:925} INFO - DAG(s) 'tutorial_dag' retrieved from /home/airflow/.local/lib/python3.12/site-packages/airflow/example_dags/tutorial_dag.py
[2025-03-12T21:02:18.898+0000] {logging_mixin.py:190} INFO - [2025-03-12T21:02:18.898+0000] {dag.py:3239} INFO - Sync 1 DAGs
[2025-03-12T21:02:18.914+0000] {logging_mixin.py:190} INFO - [2025-03-12T21:02:18.914+0000] {dag.py:4180} INFO - Setting next_dagrun for tutorial_dag to None, run_after=None
[2025-03-12T21:02:18.934+0000] {processor.py:208} INFO - Processing /home/airflow/.local/lib/python3.12/site-packages/airflow/example_dags/tutorial_dag.py took 0.070 seconds
[2025-03-12T21:02:49.288+0000] {processor.py:186} INFO - Started process (PID=2089) to work on /home/airflow/.local/lib/python3.12/site-packages/airflow/example_dags/tutorial_dag.py
[2025-03-12T21:02:49.289+0000] {processor.py:914} INFO - Processing file /home/airflow/.local/lib/python3.12/site-packages/airflow/example_dags/tutorial_dag.py for tasks to queue
[2025-03-12T21:02:49.291+0000] {logging_mixin.py:190} INFO - [2025-03-12T21:02:49.291+0000] {dagbag.py:588} INFO - Filling up the DagBag from /home/airflow/.local/lib/python3.12/site-packages/airflow/example_dags/tutorial_dag.py
[2025-03-12T21:02:49.297+0000] {processor.py:925} INFO - DAG(s) 'tutorial_dag' retrieved from /home/airflow/.local/lib/python3.12/site-packages/airflow/example_dags/tutorial_dag.py
[2025-03-12T21:02:49.315+0000] {logging_mixin.py:190} INFO - [2025-03-12T21:02:49.315+0000] {dag.py:3239} INFO - Sync 1 DAGs
[2025-03-12T21:02:49.324+0000] {logging_mixin.py:190} INFO - [2025-03-12T21:02:49.324+0000] {dag.py:4180} INFO - Setting next_dagrun for tutorial_dag to None, run_after=None
[2025-03-12T21:02:49.341+0000] {processor.py:208} INFO - Processing /home/airflow/.local/lib/python3.12/site-packages/airflow/example_dags/tutorial_dag.py took 0.058 seconds
[2025-03-12T21:03:19.621+0000] {processor.py:186} INFO - Started process (PID=2152) to work on /home/airflow/.local/lib/python3.12/site-packages/airflow/example_dags/tutorial_dag.py
[2025-03-12T21:03:19.622+0000] {processor.py:914} INFO - Processing file /home/airflow/.local/lib/python3.12/site-packages/airflow/example_dags/tutorial_dag.py for tasks to queue
[2025-03-12T21:03:19.623+0000] {logging_mixin.py:190} INFO - [2025-03-12T21:03:19.623+0000] {dagbag.py:588} INFO - Filling up the DagBag from /home/airflow/.local/lib/python3.12/site-packages/airflow/example_dags/tutorial_dag.py
[2025-03-12T21:03:19.628+0000] {processor.py:925} INFO - DAG(s) 'tutorial_dag' retrieved from /home/airflow/.local/lib/python3.12/site-packages/airflow/example_dags/tutorial_dag.py
[2025-03-12T21:03:19.644+0000] {logging_mixin.py:190} INFO - [2025-03-12T21:03:19.644+0000] {dag.py:3239} INFO - Sync 1 DAGs
[2025-03-12T21:03:19.657+0000] {logging_mixin.py:190} INFO - [2025-03-12T21:03:19.656+0000] {dag.py:4180} INFO - Setting next_dagrun for tutorial_dag to None, run_after=None
[2025-03-12T21:03:19.671+0000] {processor.py:208} INFO - Processing /home/airflow/.local/lib/python3.12/site-packages/airflow/example_dags/tutorial_dag.py took 0.053 seconds
[2025-03-12T21:03:49.832+0000] {processor.py:186} INFO - Started process (PID=2214) to work on /home/airflow/.local/lib/python3.12/site-packages/airflow/example_dags/tutorial_dag.py
[2025-03-12T21:03:49.833+0000] {processor.py:914} INFO - Processing file /home/airflow/.local/lib/python3.12/site-packages/airflow/example_dags/tutorial_dag.py for tasks to queue
[2025-03-12T21:03:49.835+0000] {logging_mixin.py:190} INFO - [2025-03-12T21:03:49.835+0000] {dagbag.py:588} INFO - Filling up the DagBag from /home/airflow/.local/lib/python3.12/site-packages/airflow/example_dags/tutorial_dag.py
[2025-03-12T21:03:49.841+0000] {processor.py:925} INFO - DAG(s) 'tutorial_dag' retrieved from /home/airflow/.local/lib/python3.12/site-packages/airflow/example_dags/tutorial_dag.py
[2025-03-12T21:03:49.857+0000] {logging_mixin.py:190} INFO - [2025-03-12T21:03:49.856+0000] {dag.py:3239} INFO - Sync 1 DAGs
[2025-03-12T21:03:49.868+0000] {logging_mixin.py:190} INFO - [2025-03-12T21:03:49.868+0000] {dag.py:4180} INFO - Setting next_dagrun for tutorial_dag to None, run_after=None
[2025-03-12T21:03:49.885+0000] {processor.py:208} INFO - Processing /home/airflow/.local/lib/python3.12/site-packages/airflow/example_dags/tutorial_dag.py took 0.057 seconds
[2025-03-12T21:04:20.245+0000] {processor.py:186} INFO - Started process (PID=2277) to work on /home/airflow/.local/lib/python3.12/site-packages/airflow/example_dags/tutorial_dag.py
[2025-03-12T21:04:20.245+0000] {processor.py:914} INFO - Processing file /home/airflow/.local/lib/python3.12/site-packages/airflow/example_dags/tutorial_dag.py for tasks to queue
[2025-03-12T21:04:20.248+0000] {logging_mixin.py:190} INFO - [2025-03-12T21:04:20.247+0000] {dagbag.py:588} INFO - Filling up the DagBag from /home/airflow/.local/lib/python3.12/site-packages/airflow/example_dags/tutorial_dag.py
[2025-03-12T21:04:20.254+0000] {processor.py:925} INFO - DAG(s) 'tutorial_dag' retrieved from /home/airflow/.local/lib/python3.12/site-packages/airflow/example_dags/tutorial_dag.py
[2025-03-12T21:04:20.271+0000] {logging_mixin.py:190} INFO - [2025-03-12T21:04:20.271+0000] {dag.py:3239} INFO - Sync 1 DAGs
[2025-03-12T21:04:20.285+0000] {logging_mixin.py:190} INFO - [2025-03-12T21:04:20.285+0000] {dag.py:4180} INFO - Setting next_dagrun for tutorial_dag to None, run_after=None
[2025-03-12T21:04:20.303+0000] {processor.py:208} INFO - Processing /home/airflow/.local/lib/python3.12/site-packages/airflow/example_dags/tutorial_dag.py took 0.064 seconds
[2025-03-12T21:04:51.146+0000] {processor.py:186} INFO - Started process (PID=2340) to work on /home/airflow/.local/lib/python3.12/site-packages/airflow/example_dags/tutorial_dag.py
[2025-03-12T21:04:51.147+0000] {processor.py:914} INFO - Processing file /home/airflow/.local/lib/python3.12/site-packages/airflow/example_dags/tutorial_dag.py for tasks to queue
[2025-03-12T21:04:51.149+0000] {logging_mixin.py:190} INFO - [2025-03-12T21:04:51.149+0000] {dagbag.py:588} INFO - Filling up the DagBag from /home/airflow/.local/lib/python3.12/site-packages/airflow/example_dags/tutorial_dag.py
[2025-03-12T21:04:51.155+0000] {processor.py:925} INFO - DAG(s) 'tutorial_dag' retrieved from /home/airflow/.local/lib/python3.12/site-packages/airflow/example_dags/tutorial_dag.py
[2025-03-12T21:04:51.171+0000] {logging_mixin.py:190} INFO - [2025-03-12T21:04:51.171+0000] {dag.py:3239} INFO - Sync 1 DAGs
[2025-03-12T21:04:51.184+0000] {logging_mixin.py:190} INFO - [2025-03-12T21:04:51.184+0000] {dag.py:4180} INFO - Setting next_dagrun for tutorial_dag to None, run_after=None
[2025-03-12T21:04:51.200+0000] {processor.py:208} INFO - Processing /home/airflow/.local/lib/python3.12/site-packages/airflow/example_dags/tutorial_dag.py took 0.059 seconds
[2025-03-12T21:05:21.767+0000] {processor.py:186} INFO - Started process (PID=2403) to work on /home/airflow/.local/lib/python3.12/site-packages/airflow/example_dags/tutorial_dag.py
[2025-03-12T21:05:21.769+0000] {processor.py:914} INFO - Processing file /home/airflow/.local/lib/python3.12/site-packages/airflow/example_dags/tutorial_dag.py for tasks to queue
[2025-03-12T21:05:21.770+0000] {logging_mixin.py:190} INFO - [2025-03-12T21:05:21.770+0000] {dagbag.py:588} INFO - Filling up the DagBag from /home/airflow/.local/lib/python3.12/site-packages/airflow/example_dags/tutorial_dag.py
[2025-03-12T21:05:21.777+0000] {processor.py:925} INFO - DAG(s) 'tutorial_dag' retrieved from /home/airflow/.local/lib/python3.12/site-packages/airflow/example_dags/tutorial_dag.py
[2025-03-12T21:05:21.797+0000] {logging_mixin.py:190} INFO - [2025-03-12T21:05:21.796+0000] {dag.py:3239} INFO - Sync 1 DAGs
[2025-03-12T21:05:21.816+0000] {logging_mixin.py:190} INFO - [2025-03-12T21:05:21.816+0000] {dag.py:4180} INFO - Setting next_dagrun for tutorial_dag to None, run_after=None
[2025-03-12T21:05:21.837+0000] {processor.py:208} INFO - Processing /home/airflow/.local/lib/python3.12/site-packages/airflow/example_dags/tutorial_dag.py took 0.075 seconds
[2025-03-12T21:05:51.957+0000] {processor.py:186} INFO - Started process (PID=2466) to work on /home/airflow/.local/lib/python3.12/site-packages/airflow/example_dags/tutorial_dag.py
[2025-03-12T21:05:51.958+0000] {processor.py:914} INFO - Processing file /home/airflow/.local/lib/python3.12/site-packages/airflow/example_dags/tutorial_dag.py for tasks to queue
[2025-03-12T21:05:51.960+0000] {logging_mixin.py:190} INFO - [2025-03-12T21:05:51.959+0000] {dagbag.py:588} INFO - Filling up the DagBag from /home/airflow/.local/lib/python3.12/site-packages/airflow/example_dags/tutorial_dag.py
[2025-03-12T21:05:51.965+0000] {processor.py:925} INFO - DAG(s) 'tutorial_dag' retrieved from /home/airflow/.local/lib/python3.12/site-packages/airflow/example_dags/tutorial_dag.py
[2025-03-12T21:05:51.983+0000] {logging_mixin.py:190} INFO - [2025-03-12T21:05:51.983+0000] {dag.py:3239} INFO - Sync 1 DAGs
[2025-03-12T21:05:51.995+0000] {logging_mixin.py:190} INFO - [2025-03-12T21:05:51.995+0000] {dag.py:4180} INFO - Setting next_dagrun for tutorial_dag to None, run_after=None
[2025-03-12T21:05:52.013+0000] {processor.py:208} INFO - Processing /home/airflow/.local/lib/python3.12/site-packages/airflow/example_dags/tutorial_dag.py took 0.060 seconds
[2025-03-12T21:06:22.925+0000] {processor.py:186} INFO - Started process (PID=2529) to work on /home/airflow/.local/lib/python3.12/site-packages/airflow/example_dags/tutorial_dag.py
[2025-03-12T21:06:22.927+0000] {processor.py:914} INFO - Processing file /home/airflow/.local/lib/python3.12/site-packages/airflow/example_dags/tutorial_dag.py for tasks to queue
[2025-03-12T21:06:22.929+0000] {logging_mixin.py:190} INFO - [2025-03-12T21:06:22.928+0000] {dagbag.py:588} INFO - Filling up the DagBag from /home/airflow/.local/lib/python3.12/site-packages/airflow/example_dags/tutorial_dag.py
[2025-03-12T21:06:22.937+0000] {processor.py:925} INFO - DAG(s) 'tutorial_dag' retrieved from /home/airflow/.local/lib/python3.12/site-packages/airflow/example_dags/tutorial_dag.py
[2025-03-12T21:06:22.953+0000] {logging_mixin.py:190} INFO - [2025-03-12T21:06:22.953+0000] {dag.py:3239} INFO - Sync 1 DAGs
[2025-03-12T21:06:22.964+0000] {logging_mixin.py:190} INFO - [2025-03-12T21:06:22.964+0000] {dag.py:4180} INFO - Setting next_dagrun for tutorial_dag to None, run_after=None
[2025-03-12T21:06:22.979+0000] {processor.py:208} INFO - Processing /home/airflow/.local/lib/python3.12/site-packages/airflow/example_dags/tutorial_dag.py took 0.061 seconds
[2025-03-12T21:06:53.618+0000] {processor.py:186} INFO - Started process (PID=2592) to work on /home/airflow/.local/lib/python3.12/site-packages/airflow/example_dags/tutorial_dag.py
[2025-03-12T21:06:53.619+0000] {processor.py:914} INFO - Processing file /home/airflow/.local/lib/python3.12/site-packages/airflow/example_dags/tutorial_dag.py for tasks to queue
[2025-03-12T21:06:53.621+0000] {logging_mixin.py:190} INFO - [2025-03-12T21:06:53.621+0000] {dagbag.py:588} INFO - Filling up the DagBag from /home/airflow/.local/lib/python3.12/site-packages/airflow/example_dags/tutorial_dag.py
[2025-03-12T21:06:53.626+0000] {processor.py:925} INFO - DAG(s) 'tutorial_dag' retrieved from /home/airflow/.local/lib/python3.12/site-packages/airflow/example_dags/tutorial_dag.py
[2025-03-12T21:06:53.644+0000] {logging_mixin.py:190} INFO - [2025-03-12T21:06:53.644+0000] {dag.py:3239} INFO - Sync 1 DAGs
[2025-03-12T21:06:53.659+0000] {logging_mixin.py:190} INFO - [2025-03-12T21:06:53.659+0000] {dag.py:4180} INFO - Setting next_dagrun for tutorial_dag to None, run_after=None
[2025-03-12T21:06:53.678+0000] {processor.py:208} INFO - Processing /home/airflow/.local/lib/python3.12/site-packages/airflow/example_dags/tutorial_dag.py took 0.065 seconds
[2025-03-12T21:07:24.690+0000] {processor.py:186} INFO - Started process (PID=2655) to work on /home/airflow/.local/lib/python3.12/site-packages/airflow/example_dags/tutorial_dag.py
[2025-03-12T21:07:24.691+0000] {processor.py:914} INFO - Processing file /home/airflow/.local/lib/python3.12/site-packages/airflow/example_dags/tutorial_dag.py for tasks to queue
[2025-03-12T21:07:24.693+0000] {logging_mixin.py:190} INFO - [2025-03-12T21:07:24.693+0000] {dagbag.py:588} INFO - Filling up the DagBag from /home/airflow/.local/lib/python3.12/site-packages/airflow/example_dags/tutorial_dag.py
[2025-03-12T21:07:24.701+0000] {processor.py:925} INFO - DAG(s) 'tutorial_dag' retrieved from /home/airflow/.local/lib/python3.12/site-packages/airflow/example_dags/tutorial_dag.py
[2025-03-12T21:07:24.719+0000] {logging_mixin.py:190} INFO - [2025-03-12T21:07:24.719+0000] {dag.py:3239} INFO - Sync 1 DAGs
[2025-03-12T21:07:24.731+0000] {logging_mixin.py:190} INFO - [2025-03-12T21:07:24.731+0000] {dag.py:4180} INFO - Setting next_dagrun for tutorial_dag to None, run_after=None
[2025-03-12T21:07:24.745+0000] {processor.py:208} INFO - Processing /home/airflow/.local/lib/python3.12/site-packages/airflow/example_dags/tutorial_dag.py took 0.060 seconds
[2025-03-12T21:07:54.908+0000] {processor.py:186} INFO - Started process (PID=2718) to work on /home/airflow/.local/lib/python3.12/site-packages/airflow/example_dags/tutorial_dag.py
[2025-03-12T21:07:54.909+0000] {processor.py:914} INFO - Processing file /home/airflow/.local/lib/python3.12/site-packages/airflow/example_dags/tutorial_dag.py for tasks to queue
[2025-03-12T21:07:54.910+0000] {logging_mixin.py:190} INFO - [2025-03-12T21:07:54.910+0000] {dagbag.py:588} INFO - Filling up the DagBag from /home/airflow/.local/lib/python3.12/site-packages/airflow/example_dags/tutorial_dag.py
[2025-03-12T21:07:54.914+0000] {processor.py:925} INFO - DAG(s) 'tutorial_dag' retrieved from /home/airflow/.local/lib/python3.12/site-packages/airflow/example_dags/tutorial_dag.py
[2025-03-12T21:07:54.929+0000] {logging_mixin.py:190} INFO - [2025-03-12T21:07:54.929+0000] {dag.py:3239} INFO - Sync 1 DAGs
[2025-03-12T21:07:54.940+0000] {logging_mixin.py:190} INFO - [2025-03-12T21:07:54.940+0000] {dag.py:4180} INFO - Setting next_dagrun for tutorial_dag to None, run_after=None
[2025-03-12T21:07:54.956+0000] {processor.py:208} INFO - Processing /home/airflow/.local/lib/python3.12/site-packages/airflow/example_dags/tutorial_dag.py took 0.052 seconds
[2025-03-12T21:08:25.236+0000] {processor.py:186} INFO - Started process (PID=2780) to work on /home/airflow/.local/lib/python3.12/site-packages/airflow/example_dags/tutorial_dag.py
[2025-03-12T21:08:25.237+0000] {processor.py:914} INFO - Processing file /home/airflow/.local/lib/python3.12/site-packages/airflow/example_dags/tutorial_dag.py for tasks to queue
[2025-03-12T21:08:25.238+0000] {logging_mixin.py:190} INFO - [2025-03-12T21:08:25.238+0000] {dagbag.py:588} INFO - Filling up the DagBag from /home/airflow/.local/lib/python3.12/site-packages/airflow/example_dags/tutorial_dag.py
[2025-03-12T21:08:25.243+0000] {processor.py:925} INFO - DAG(s) 'tutorial_dag' retrieved from /home/airflow/.local/lib/python3.12/site-packages/airflow/example_dags/tutorial_dag.py
[2025-03-12T21:08:25.259+0000] {logging_mixin.py:190} INFO - [2025-03-12T21:08:25.259+0000] {dag.py:3239} INFO - Sync 1 DAGs
[2025-03-12T21:08:25.272+0000] {logging_mixin.py:190} INFO - [2025-03-12T21:08:25.272+0000] {dag.py:4180} INFO - Setting next_dagrun for tutorial_dag to None, run_after=None
[2025-03-12T21:08:25.288+0000] {processor.py:208} INFO - Processing /home/airflow/.local/lib/python3.12/site-packages/airflow/example_dags/tutorial_dag.py took 0.056 seconds
