[2025-03-14T19:07:01.273+0000] {local_task_job_runner.py:123} INFO - ::group::Pre task execution logs
[2025-03-14T19:07:01.286+0000] {taskinstance.py:2614} INFO - Dependencies all met for dep_context=non-requeueable deps ti=<TaskInstance: mtrix_produtos_edi.ingest_produtos_mtrix manual__2025-03-14T19:06:59.856217+00:00 [queued]>
[2025-03-14T19:07:01.292+0000] {taskinstance.py:2614} INFO - Dependencies all met for dep_context=requeueable deps ti=<TaskInstance: mtrix_produtos_edi.ingest_produtos_mtrix manual__2025-03-14T19:06:59.856217+00:00 [queued]>
[2025-03-14T19:07:01.292+0000] {taskinstance.py:2867} INFO - Starting attempt 1 of 2
[2025-03-14T19:07:01.306+0000] {taskinstance.py:2890} INFO - Executing <Task(PythonOperator): ingest_produtos_mtrix> on 2025-03-14 19:06:59.856217+00:00
[2025-03-14T19:07:01.314+0000] {warnings.py:112} WARNING - /home/***/.local/lib/python3.12/site-packages/***/task/task_runner/standard_task_runner.py:70: DeprecationWarning: This process (pid=71) is multi-threaded, use of fork() may lead to deadlocks in the child.
  pid = os.fork()

[2025-03-14T19:07:01.315+0000] {standard_task_runner.py:72} INFO - Started process 73 to run task
[2025-03-14T19:07:01.315+0000] {standard_task_runner.py:104} INFO - Running: ['***', 'tasks', 'run', 'mtrix_produtos_edi', 'ingest_produtos_mtrix', 'manual__2025-03-14T19:06:59.856217+00:00', '--job-id', '78', '--raw', '--subdir', 'DAGS_FOLDER/mtrix_produtos_edi.py', '--cfg-path', '/tmp/tmp9akwyz9d']
[2025-03-14T19:07:01.316+0000] {standard_task_runner.py:105} INFO - Job 78: Subtask ingest_produtos_mtrix
[2025-03-14T19:07:01.350+0000] {task_command.py:467} INFO - Running <TaskInstance: mtrix_produtos_edi.ingest_produtos_mtrix manual__2025-03-14T19:06:59.856217+00:00 [running]> on host 0e3fba95cc8e
[2025-03-14T19:07:01.405+0000] {taskinstance.py:3134} INFO - Exporting env vars: AIRFLOW_CTX_DAG_OWNER='***' AIRFLOW_CTX_DAG_ID='mtrix_produtos_edi' AIRFLOW_CTX_TASK_ID='ingest_produtos_mtrix' AIRFLOW_CTX_EXECUTION_DATE='2025-03-14T19:06:59.856217+00:00' AIRFLOW_CTX_TRY_NUMBER='1' AIRFLOW_CTX_DAG_RUN_ID='manual__2025-03-14T19:06:59.856217+00:00'
[2025-03-14T19:07:01.405+0000] {taskinstance.py:732} INFO - ::endgroup::
[2025-03-14T19:07:01.625+0000] {logging_mixin.py:190} INFO - Arquivo 'PRODUTOSUN12032025140133.txt' processado com sucesso.
[2025-03-14T19:07:01.625+0000] {python.py:240} INFO - Done. Returned value was: None
[2025-03-14T19:07:01.633+0000] {taskinstance.py:341} INFO - ::group::Post task execution logs
[2025-03-14T19:07:01.634+0000] {taskinstance.py:353} INFO - Marking task as SUCCESS. dag_id=mtrix_produtos_edi, task_id=ingest_produtos_mtrix, run_id=manual__2025-03-14T19:06:59.856217+00:00, execution_date=20250314T190659, start_date=20250314T190701, end_date=20250314T190701
[2025-03-14T19:07:01.689+0000] {local_task_job_runner.py:266} INFO - Task exited with return code 0
[2025-03-14T19:07:01.701+0000] {taskinstance.py:3901} INFO - 0 downstream tasks scheduled from follow-on schedule check
[2025-03-14T19:07:01.704+0000] {local_task_job_runner.py:245} INFO - ::endgroup::
