[2025-03-12T20:52:19.558+0000] {local_task_job_runner.py:123} INFO - ::group::Pre task execution logs
[2025-03-12T20:52:19.578+0000] {taskinstance.py:2614} INFO - Dependencies all met for dep_context=non-requeueable deps ti=<TaskInstance: conditional_dataset_and_time_based_timetable.conditional_dataset_and_time_based_timetable manual__2025-03-12T20:52:17.271330+00:00 [queued]>
[2025-03-12T20:52:19.587+0000] {taskinstance.py:2614} INFO - Dependencies all met for dep_context=requeueable deps ti=<TaskInstance: conditional_dataset_and_time_based_timetable.conditional_dataset_and_time_based_timetable manual__2025-03-12T20:52:17.271330+00:00 [queued]>
[2025-03-12T20:52:19.587+0000] {taskinstance.py:2867} INFO - Starting attempt 1 of 1
[2025-03-12T20:52:19.717+0000] {taskinstance.py:2890} INFO - Executing <Task(BashOperator): conditional_dataset_and_time_based_timetable> on 2025-03-12 20:52:17.271330+00:00
[2025-03-12T20:52:19.728+0000] {warnings.py:112} WARNING - /home/***/.local/lib/python3.12/site-packages/***/task/task_runner/standard_task_runner.py:70: DeprecationWarning: This process (pid=150) is multi-threaded, use of fork() may lead to deadlocks in the child.
  pid = os.fork()

[2025-03-12T20:52:19.729+0000] {standard_task_runner.py:72} INFO - Started process 155 to run task
[2025-03-12T20:52:19.729+0000] {standard_task_runner.py:104} INFO - Running: ['***', 'tasks', 'run', 'conditional_dataset_and_time_based_timetable', 'conditional_dataset_and_time_based_timetable', 'manual__2025-03-12T20:52:17.271330+00:00', '--job-id', '4', '--raw', '--subdir', '/home/***/.local/lib/python3.12/site-packages/***/example_dags/example_datasets.py', '--cfg-path', '/tmp/tmp6d4a7lz0']
[2025-03-12T20:52:19.730+0000] {standard_task_runner.py:105} INFO - Job 4: Subtask conditional_dataset_and_time_based_timetable
[2025-03-12T20:52:19.774+0000] {task_command.py:467} INFO - Running <TaskInstance: conditional_dataset_and_time_based_timetable.conditional_dataset_and_time_based_timetable manual__2025-03-12T20:52:17.271330+00:00 [running]> on host ef4eed7c0d22
[2025-03-12T20:52:19.837+0000] {taskinstance.py:3134} INFO - Exporting env vars: AIRFLOW_CTX_DAG_OWNER='***' AIRFLOW_CTX_DAG_ID='conditional_dataset_and_time_based_timetable' AIRFLOW_CTX_TASK_ID='conditional_dataset_and_time_based_timetable' AIRFLOW_CTX_EXECUTION_DATE='2025-03-12T20:52:17.271330+00:00' AIRFLOW_CTX_TRY_NUMBER='1' AIRFLOW_CTX_DAG_RUN_ID='manual__2025-03-12T20:52:17.271330+00:00'
[2025-03-12T20:52:19.838+0000] {logging_mixin.py:190} INFO - Task instance is in running state
[2025-03-12T20:52:19.838+0000] {logging_mixin.py:190} INFO -  Previous state of the Task instance: queued
[2025-03-12T20:52:19.839+0000] {logging_mixin.py:190} INFO - Current task name:conditional_dataset_and_time_based_timetable state:running start_date:2025-03-12 20:52:19.579012+00:00
[2025-03-12T20:52:19.839+0000] {logging_mixin.py:190} INFO - Dag name:conditional_dataset_and_time_based_timetable and current dag run status:running
[2025-03-12T20:52:19.839+0000] {taskinstance.py:732} INFO - ::endgroup::
[2025-03-12T20:52:19.840+0000] {subprocess.py:78} INFO - Tmp dir root location: /tmp
[2025-03-12T20:52:19.840+0000] {subprocess.py:88} INFO - Running command: ['/usr/bin/bash', '-c', 'sleep 5']
[2025-03-12T20:52:19.861+0000] {subprocess.py:99} INFO - Output:
[2025-03-12T20:52:24.865+0000] {subprocess.py:110} INFO - Command exited with return code 0
[2025-03-12T20:52:24.904+0000] {taskinstance.py:341} INFO - ::group::Post task execution logs
[2025-03-12T20:52:24.904+0000] {taskinstance.py:353} INFO - Marking task as SUCCESS. dag_id=conditional_dataset_and_time_based_timetable, task_id=conditional_dataset_and_time_based_timetable, run_id=manual__2025-03-12T20:52:17.271330+00:00, execution_date=20250312T205217, start_date=20250312T205219, end_date=20250312T205224
[2025-03-12T20:52:24.945+0000] {logging_mixin.py:190} INFO - Task instance in success state
[2025-03-12T20:52:24.945+0000] {logging_mixin.py:190} INFO -  Previous state of the Task instance: running
[2025-03-12T20:52:24.945+0000] {logging_mixin.py:190} INFO - Dag name:conditional_dataset_and_time_based_timetable queued_at:2025-03-12 20:52:17.290090+00:00
[2025-03-12T20:52:24.946+0000] {logging_mixin.py:190} INFO - Task hostname:ef4eed7c0d22 operator:BashOperator
[2025-03-12T20:52:24.958+0000] {local_task_job_runner.py:266} INFO - Task exited with return code 0
[2025-03-12T20:52:24.972+0000] {taskinstance.py:3901} INFO - 0 downstream tasks scheduled from follow-on schedule check
[2025-03-12T20:52:24.974+0000] {local_task_job_runner.py:245} INFO - ::endgroup::
