[2025-03-13T12:08:06.133+0000] {local_task_job_runner.py:123} INFO - ::group::Pre task execution logs
[2025-03-13T12:08:06.148+0000] {taskinstance.py:2614} INFO - Dependencies all met for dep_context=non-requeueable deps ti=<TaskInstance: pipeline_edi.process_txt_to_postgres manual__2025-03-13T12:08:03.924341+00:00 [queued]>
[2025-03-13T12:08:06.157+0000] {taskinstance.py:2614} INFO - Dependencies all met for dep_context=requeueable deps ti=<TaskInstance: pipeline_edi.process_txt_to_postgres manual__2025-03-13T12:08:03.924341+00:00 [queued]>
[2025-03-13T12:08:06.157+0000] {taskinstance.py:2867} INFO - Starting attempt 1 of 1
[2025-03-13T12:08:06.301+0000] {taskinstance.py:2890} INFO - Executing <Task(PythonOperator): process_txt_to_postgres> on 2025-03-13 12:08:03.924341+00:00
[2025-03-13T12:08:06.310+0000] {warnings.py:112} WARNING - /home/***/.local/lib/python3.12/site-packages/***/task/task_runner/standard_task_runner.py:70: DeprecationWarning: This process (pid=71) is multi-threaded, use of fork() may lead to deadlocks in the child.
  pid = os.fork()

[2025-03-13T12:08:06.311+0000] {standard_task_runner.py:72} INFO - Started process 73 to run task
[2025-03-13T12:08:06.312+0000] {standard_task_runner.py:104} INFO - Running: ['***', 'tasks', 'run', 'pipeline_edi', 'process_txt_to_postgres', 'manual__2025-03-13T12:08:03.924341+00:00', '--job-id', '22', '--raw', '--subdir', 'DAGS_FOLDER/pipeline_edi.py', '--cfg-path', '/tmp/tmpl0h0yv1w']
[2025-03-13T12:08:06.313+0000] {standard_task_runner.py:105} INFO - Job 22: Subtask process_txt_to_postgres
[2025-03-13T12:08:06.361+0000] {task_command.py:467} INFO - Running <TaskInstance: pipeline_edi.process_txt_to_postgres manual__2025-03-13T12:08:03.924341+00:00 [running]> on host ef4eed7c0d22
[2025-03-13T12:08:06.452+0000] {taskinstance.py:3134} INFO - Exporting env vars: AIRFLOW_CTX_DAG_OWNER='user' AIRFLOW_CTX_DAG_ID='pipeline_edi' AIRFLOW_CTX_TASK_ID='process_txt_to_postgres' AIRFLOW_CTX_EXECUTION_DATE='2025-03-13T12:08:03.924341+00:00' AIRFLOW_CTX_TRY_NUMBER='1' AIRFLOW_CTX_DAG_RUN_ID='manual__2025-03-13T12:08:03.924341+00:00'
[2025-03-13T12:08:06.453+0000] {logging_mixin.py:190} INFO - Task instance is in running state
[2025-03-13T12:08:06.453+0000] {logging_mixin.py:190} INFO -  Previous state of the Task instance: queued
[2025-03-13T12:08:06.454+0000] {logging_mixin.py:190} INFO - Current task name:process_txt_to_postgres state:running start_date:2025-03-13 12:08:06.148780+00:00
[2025-03-13T12:08:06.454+0000] {logging_mixin.py:190} INFO - Dag name:pipeline_edi and current dag run status:running
[2025-03-13T12:08:06.454+0000] {taskinstance.py:732} INFO - ::endgroup::
[2025-03-13T12:08:06.454+0000] {logging_mixin.py:190} INFO - 🚀 Iniciando processamento do arquivo: /opt/***/dags/VENDASUN12032025140133.txt
[2025-03-13T12:08:06.463+0000] {logging_mixin.py:190} INFO - 📄 Arquivo lido com sucesso! Exemplo de dados:
[2025-03-13T12:08:06.480+0000] {logging_mixin.py:190} INFO -   tipo_registro cnpj_agente_distribuicao  ... cep_cliente tipo_documento
0             D           23637077001730  ...           1     N08740-270
1             D           23637077001730  ...           1     N07263-000
2             D           23637077001730  ...           1     N08557-505
3             D           23637077001730  ...           1     N07041-030
4             D           23637077001730  ...           1     N08740-270

[5 rows x 10 columns]
[2025-03-13T12:08:06.491+0000] {logging_mixin.py:190} INFO - 🔍 Dados após transformação:
[2025-03-13T12:08:06.492+0000] {logging_mixin.py:190} INFO - Empty DataFrame
Columns: [tipo_registro, cnpj_agente_distribuicao, identificacao_cliente, data_transacao, numero_documento, codigo_produto, quantidade, preco_venda, cep_cliente, tipo_documento]
Index: []
[2025-03-13T12:08:06.492+0000] {logging_mixin.py:190} INFO - ⚠️ Nenhum dado válido encontrado após transformação! Verifique o arquivo.
[2025-03-13T12:08:06.492+0000] {python.py:240} INFO - Done. Returned value was: None
[2025-03-13T12:08:06.503+0000] {taskinstance.py:341} INFO - ::group::Post task execution logs
[2025-03-13T12:08:06.504+0000] {taskinstance.py:353} INFO - Marking task as SUCCESS. dag_id=pipeline_edi, task_id=process_txt_to_postgres, run_id=manual__2025-03-13T12:08:03.924341+00:00, execution_date=20250313T120803, start_date=20250313T120806, end_date=20250313T120806
[2025-03-13T12:08:06.528+0000] {logging_mixin.py:190} INFO - Task instance in success state
[2025-03-13T12:08:06.529+0000] {logging_mixin.py:190} INFO -  Previous state of the Task instance: running
[2025-03-13T12:08:06.529+0000] {logging_mixin.py:190} INFO - Dag name:pipeline_edi queued_at:2025-03-13 12:08:03.955896+00:00
[2025-03-13T12:08:06.529+0000] {logging_mixin.py:190} INFO - Task hostname:ef4eed7c0d22 operator:PythonOperator
[2025-03-13T12:08:06.565+0000] {local_task_job_runner.py:266} INFO - Task exited with return code 0
[2025-03-13T12:08:06.582+0000] {taskinstance.py:3901} INFO - 0 downstream tasks scheduled from follow-on schedule check
[2025-03-13T12:08:06.584+0000] {local_task_job_runner.py:245} INFO - ::endgroup::
